[2024-09-28T16:02:43.082+0000] {local_task_job_runner.py:120} INFO - ::group::Pre task execution logs
[2024-09-28T16:02:43.576+0000] {taskinstance.py:2076} INFO - Dependencies all met for dep_context=non-requeueable deps ti=<TaskInstance: process_employees.create_employees_temp_table manual__2024-09-28T16:02:38.986865+00:00 [queued]>
[2024-09-28T16:02:43.637+0000] {taskinstance.py:2076} INFO - Dependencies all met for dep_context=requeueable deps ti=<TaskInstance: process_employees.create_employees_temp_table manual__2024-09-28T16:02:38.986865+00:00 [queued]>
[2024-09-28T16:02:43.651+0000] {taskinstance.py:2306} INFO - Starting attempt 1 of 1
[2024-09-28T16:02:43.918+0000] {taskinstance.py:2330} INFO - Executing <Task(PostgresOperator): create_employees_temp_table> on 2024-09-28 16:02:38.986865+00:00
[2024-09-28T16:02:44.058+0000] {standard_task_runner.py:90} INFO - Running: ['***', 'tasks', 'run', 'process_employees', 'create_employees_temp_table', 'manual__2024-09-28T16:02:38.986865+00:00', '--job-id', '140', '--raw', '--subdir', 'DAGS_FOLDER/etl_prueba.py', '--cfg-path', '/tmp/tmpx5x74kis']
[2024-09-28T16:02:44.082+0000] {standard_task_runner.py:91} INFO - Job 140: Subtask create_employees_temp_table
[2024-09-28T16:02:44.209+0000] {logging_mixin.py:188} WARNING - /home/***/.local/lib/python3.12/site-packages/***/task/task_runner/standard_task_runner.py:61 DeprecationWarning: This process (pid=877) is multi-threaded, use of fork() may lead to deadlocks in the child.
[2024-09-28T16:02:44.212+0000] {standard_task_runner.py:63} INFO - Started process 880 to run task
[2024-09-28T16:02:44.603+0000] {task_command.py:426} INFO - Running <TaskInstance: process_employees.create_employees_temp_table manual__2024-09-28T16:02:38.986865+00:00 [running]> on host 5e909a8df6c4
[2024-09-28T16:02:46.207+0000] {taskinstance.py:2648} INFO - Exporting env vars: AIRFLOW_CTX_DAG_OWNER='***' AIRFLOW_CTX_DAG_ID='process_employees' AIRFLOW_CTX_TASK_ID='create_employees_temp_table' AIRFLOW_CTX_EXECUTION_DATE='2024-09-28T16:02:38.986865+00:00' AIRFLOW_CTX_TRY_NUMBER='1' AIRFLOW_CTX_DAG_RUN_ID='manual__2024-09-28T16:02:38.986865+00:00'
[2024-09-28T16:02:46.235+0000] {taskinstance.py:430} INFO - ::endgroup::
[2024-09-28T16:02:46.236+0000] {sql.py:276} INFO - Executing: 
            DROP TABLE IF EXISTS employees_temp;
            CREATE TABLE employees_temp (
                "Serial Number" NUMERIC PRIMARY KEY,
                "Company Name" TEXT,
                "Employee Markme" TEXT,
                "Description" TEXT,
                "Leave" INTEGER
            );
[2024-09-28T16:02:46.323+0000] {base.py:84} INFO - Using connection ID 'postgres' for task execution.
[2024-09-28T16:02:46.454+0000] {base.py:84} INFO - Using connection ID 'postgres' for task execution.
[2024-09-28T16:02:46.522+0000] {sql.py:470} INFO - Running statement: 
            DROP TABLE IF EXISTS employees_temp;
            CREATE TABLE employees_temp (
                "Serial Number" NUMERIC PRIMARY KEY,
                "Company Name" TEXT,
                "Employee Markme" TEXT,
                "Description" TEXT,
                "Leave" INTEGER
            );, parameters: None
[2024-09-28T16:02:47.081+0000] {taskinstance.py:441} INFO - ::group::Post task execution logs
[2024-09-28T16:02:47.119+0000] {taskinstance.py:1206} INFO - Marking task as SUCCESS. dag_id=process_employees, task_id=create_employees_temp_table, run_id=manual__2024-09-28T16:02:38.986865+00:00, execution_date=20240928T160238, start_date=20240928T160243, end_date=20240928T160247
[2024-09-28T16:02:47.227+0000] {local_task_job_runner.py:240} INFO - Task exited with return code 0
[2024-09-28T16:02:47.284+0000] {local_task_job_runner.py:222} INFO - ::endgroup::
