[2024-12-02T00:00:02.303+0000] {local_task_job_runner.py:120} INFO - ::group::Pre task execution logs
[2024-12-02T00:00:02.473+0000] {taskinstance.py:2076} INFO - Dependencies all met for dep_context=non-requeueable deps ti=<TaskInstance: process_variables_financieras.create_reservas_temp_table scheduled__2024-12-01T00:00:00+00:00 [queued]>
[2024-12-02T00:00:03.103+0000] {taskinstance.py:2076} INFO - Dependencies all met for dep_context=requeueable deps ti=<TaskInstance: process_variables_financieras.create_reservas_temp_table scheduled__2024-12-01T00:00:00+00:00 [queued]>
[2024-12-02T00:00:03.103+0000] {taskinstance.py:2306} INFO - Starting attempt 1 of 1
[2024-12-02T00:00:03.163+0000] {taskinstance.py:2330} INFO - Executing <Task(PostgresOperator): create_reservas_temp_table> on 2024-12-01 00:00:00+00:00
[2024-12-02T00:00:03.192+0000] {standard_task_runner.py:90} INFO - Running: ['***', 'tasks', 'run', 'process_variables_financieras', 'create_reservas_temp_table', 'scheduled__2024-12-01T00:00:00+00:00', '--job-id', '393', '--raw', '--subdir', 'DAGS_FOLDER/etl_prueba.py', '--cfg-path', '/tmp/tmprdgpm1tc']
[2024-12-02T00:00:03.211+0000] {standard_task_runner.py:91} INFO - Job 393: Subtask create_reservas_temp_table
[2024-12-02T00:00:03.211+0000] {logging_mixin.py:188} WARNING - /home/***/.local/lib/python3.12/site-packages/***/task/task_runner/standard_task_runner.py:61 DeprecationWarning: This process (pid=52004) is multi-threaded, use of fork() may lead to deadlocks in the child.
[2024-12-02T00:00:03.217+0000] {standard_task_runner.py:63} INFO - Started process 52008 to run task
[2024-12-02T00:00:03.360+0000] {task_command.py:426} INFO - Running <TaskInstance: process_variables_financieras.create_reservas_temp_table scheduled__2024-12-01T00:00:00+00:00 [running]> on host 5e909a8df6c4
[2024-12-02T00:00:03.703+0000] {taskinstance.py:2648} INFO - Exporting env vars: AIRFLOW_CTX_DAG_OWNER='***' AIRFLOW_CTX_DAG_ID='process_variables_financieras' AIRFLOW_CTX_TASK_ID='create_reservas_temp_table' AIRFLOW_CTX_EXECUTION_DATE='2024-12-01T00:00:00+00:00' AIRFLOW_CTX_TRY_NUMBER='1' AIRFLOW_CTX_DAG_RUN_ID='scheduled__2024-12-01T00:00:00+00:00'
[2024-12-02T00:00:03.709+0000] {taskinstance.py:430} INFO - ::endgroup::
[2024-12-02T00:00:03.710+0000] {sql.py:276} INFO - Executing: 
            DROP TABLE IF EXISTS "STG".var1_reservas_usd;
            CREATE TABLE "STG".var1_reservas_usd (
                "idVariable" NUMERIC,
                "fecha" Date,
                "valor" float
            );
[2024-12-02T00:00:03.737+0000] {base.py:84} INFO - Using connection ID 'postgres' for task execution.
[2024-12-02T00:00:03.757+0000] {base.py:84} INFO - Using connection ID 'postgres' for task execution.
[2024-12-02T00:00:03.793+0000] {sql.py:470} INFO - Running statement: 
            DROP TABLE IF EXISTS "STG".var1_reservas_usd;
            CREATE TABLE "STG".var1_reservas_usd (
                "idVariable" NUMERIC,
                "fecha" Date,
                "valor" float
            );, parameters: None
[2024-12-02T00:00:03.860+0000] {taskinstance.py:441} INFO - ::group::Post task execution logs
[2024-12-02T00:00:03.877+0000] {taskinstance.py:1206} INFO - Marking task as SUCCESS. dag_id=process_variables_financieras, task_id=create_reservas_temp_table, run_id=scheduled__2024-12-01T00:00:00+00:00, execution_date=20241201T000000, start_date=20241202T000002, end_date=20241202T000003
[2024-12-02T00:00:03.956+0000] {local_task_job_runner.py:240} INFO - Task exited with return code 0
[2024-12-02T00:00:03.987+0000] {local_task_job_runner.py:222} INFO - ::endgroup::
