[2024-12-03T23:34:00.717+0000] {local_task_job_runner.py:120} INFO - ::group::Pre task execution logs
[2024-12-03T23:34:01.320+0000] {taskinstance.py:2076} INFO - Dependencies all met for dep_context=non-requeueable deps ti=<TaskInstance: process_variables_financieras.create_cambio_minorista_temp_table manual__2024-12-03T23:33:45.589489+00:00 [queued]>
[2024-12-03T23:34:03.989+0000] {taskinstance.py:2076} INFO - Dependencies all met for dep_context=requeueable deps ti=<TaskInstance: process_variables_financieras.create_cambio_minorista_temp_table manual__2024-12-03T23:33:45.589489+00:00 [queued]>
[2024-12-03T23:34:04.002+0000] {taskinstance.py:2306} INFO - Starting attempt 1 of 1
[2024-12-03T23:34:04.233+0000] {taskinstance.py:2330} INFO - Executing <Task(PostgresOperator): create_cambio_minorista_temp_table> on 2024-12-03 23:33:45.589489+00:00
[2024-12-03T23:34:04.474+0000] {standard_task_runner.py:90} INFO - Running: ['***', 'tasks', 'run', 'process_variables_financieras', 'create_cambio_minorista_temp_table', 'manual__2024-12-03T23:33:45.589489+00:00', '--job-id', '424', '--raw', '--subdir', 'DAGS_FOLDER/etl_prueba.py', '--cfg-path', '/tmp/tmpqakvdt6f']
[2024-12-03T23:34:04.566+0000] {standard_task_runner.py:91} INFO - Job 424: Subtask create_cambio_minorista_temp_table
[2024-12-03T23:34:04.585+0000] {logging_mixin.py:188} WARNING - /home/***/.local/lib/python3.12/site-packages/***/task/task_runner/standard_task_runner.py:61 DeprecationWarning: This process (pid=1245) is multi-threaded, use of fork() may lead to deadlocks in the child.
[2024-12-03T23:34:04.613+0000] {standard_task_runner.py:63} INFO - Started process 1254 to run task
[2024-12-03T23:34:05.246+0000] {task_command.py:426} INFO - Running <TaskInstance: process_variables_financieras.create_cambio_minorista_temp_table manual__2024-12-03T23:33:45.589489+00:00 [running]> on host 5e909a8df6c4
[2024-12-03T23:34:07.273+0000] {taskinstance.py:2648} INFO - Exporting env vars: AIRFLOW_CTX_DAG_OWNER='***' AIRFLOW_CTX_DAG_ID='process_variables_financieras' AIRFLOW_CTX_TASK_ID='create_cambio_minorista_temp_table' AIRFLOW_CTX_EXECUTION_DATE='2024-12-03T23:33:45.589489+00:00' AIRFLOW_CTX_TRY_NUMBER='1' AIRFLOW_CTX_DAG_RUN_ID='manual__2024-12-03T23:33:45.589489+00:00'
[2024-12-03T23:34:07.380+0000] {taskinstance.py:430} INFO - ::endgroup::
[2024-12-03T23:34:07.428+0000] {sql.py:276} INFO - Executing: 
            DROP TABLE IF EXISTS "STG".var4_cambio_minorista_pesos;
            CREATE TABLE "STG".var4_cambio_minorista_pesos (
                "idVariable" NUMERIC,
                "fecha" Date,
                "valor" float
            );
[2024-12-03T23:34:07.539+0000] {base.py:84} INFO - Using connection ID 'postgres' for task execution.
[2024-12-03T23:34:07.592+0000] {base.py:84} INFO - Using connection ID 'postgres' for task execution.
[2024-12-03T23:34:07.735+0000] {sql.py:470} INFO - Running statement: 
            DROP TABLE IF EXISTS "STG".var4_cambio_minorista_pesos;
            CREATE TABLE "STG".var4_cambio_minorista_pesos (
                "idVariable" NUMERIC,
                "fecha" Date,
                "valor" float
            );, parameters: None
[2024-12-03T23:34:07.904+0000] {taskinstance.py:441} INFO - ::group::Post task execution logs
[2024-12-03T23:34:07.978+0000] {taskinstance.py:1206} INFO - Marking task as SUCCESS. dag_id=process_variables_financieras, task_id=create_cambio_minorista_temp_table, run_id=manual__2024-12-03T23:33:45.589489+00:00, execution_date=20241203T233345, start_date=20241203T233401, end_date=20241203T233407
[2024-12-03T23:34:08.194+0000] {local_task_job_runner.py:240} INFO - Task exited with return code 0
[2024-12-03T23:34:08.259+0000] {logging_mixin.py:188} WARNING - /home/***/.local/lib/python3.12/site-packages/***/models/baseoperator.py:1296 AirflowProviderDeprecationWarning: Call to deprecated class PostgresOperator. (Please use `***.providers.common.sql.operators.sql.SQLExecuteQueryOperator`.Also, you can provide `hook_params={'schema': <database>}`.)
[2024-12-03T23:34:08.412+0000] {taskinstance.py:3498} INFO - 1 downstream tasks scheduled from follow-on schedule check
[2024-12-03T23:34:08.431+0000] {local_task_job_runner.py:222} INFO - ::endgroup::
