[2024-11-30T22:00:01.920+0000] {local_task_job_runner.py:120} INFO - ::group::Pre task execution logs
[2024-11-30T22:00:02.231+0000] {taskinstance.py:2076} INFO - Dependencies all met for dep_context=non-requeueable deps ti=<TaskInstance: process_variables_financieras.create_reservas_temp_table scheduled__2024-10-13T00:00:00+00:00 [queued]>
[2024-11-30T22:00:02.306+0000] {taskinstance.py:2076} INFO - Dependencies all met for dep_context=requeueable deps ti=<TaskInstance: process_variables_financieras.create_reservas_temp_table scheduled__2024-10-13T00:00:00+00:00 [queued]>
[2024-11-30T22:00:02.306+0000] {taskinstance.py:2306} INFO - Starting attempt 1 of 1
[2024-11-30T22:00:03.318+0000] {taskinstance.py:2330} INFO - Executing <Task(PostgresOperator): create_reservas_temp_table> on 2024-10-13 00:00:00+00:00
[2024-11-30T22:00:03.399+0000] {standard_task_runner.py:90} INFO - Running: ['***', 'tasks', 'run', 'process_variables_financieras', 'create_reservas_temp_table', 'scheduled__2024-10-13T00:00:00+00:00', '--job-id', '360', '--raw', '--subdir', 'DAGS_FOLDER/etl_prueba.py', '--cfg-path', '/tmp/tmpvw5udzd3']
[2024-11-30T22:00:03.419+0000] {standard_task_runner.py:91} INFO - Job 360: Subtask create_reservas_temp_table
[2024-11-30T22:00:03.430+0000] {logging_mixin.py:188} WARNING - /home/***/.local/lib/python3.12/site-packages/***/task/task_runner/standard_task_runner.py:61 DeprecationWarning: This process (pid=175) is multi-threaded, use of fork() may lead to deadlocks in the child.
[2024-11-30T22:00:03.434+0000] {standard_task_runner.py:63} INFO - Started process 191 to run task
[2024-11-30T22:00:03.666+0000] {task_command.py:426} INFO - Running <TaskInstance: process_variables_financieras.create_reservas_temp_table scheduled__2024-10-13T00:00:00+00:00 [running]> on host 5e909a8df6c4
[2024-11-30T22:00:04.105+0000] {taskinstance.py:2648} INFO - Exporting env vars: AIRFLOW_CTX_DAG_OWNER='***' AIRFLOW_CTX_DAG_ID='process_variables_financieras' AIRFLOW_CTX_TASK_ID='create_reservas_temp_table' AIRFLOW_CTX_EXECUTION_DATE='2024-10-13T00:00:00+00:00' AIRFLOW_CTX_TRY_NUMBER='1' AIRFLOW_CTX_DAG_RUN_ID='scheduled__2024-10-13T00:00:00+00:00'
[2024-11-30T22:00:04.107+0000] {taskinstance.py:430} INFO - ::endgroup::
[2024-11-30T22:00:04.107+0000] {sql.py:276} INFO - Executing: 
            DROP TABLE IF EXISTS "STG".var_1_reservas_usd;
            CREATE TABLE "STG".var_1_reservas_usd (
                "idVariable" NUMERIC,
                "fecha" Date,
                "valor" float
            );
[2024-11-30T22:00:04.192+0000] {base.py:84} INFO - Using connection ID 'postgres' for task execution.
[2024-11-30T22:00:04.257+0000] {base.py:84} INFO - Using connection ID 'postgres' for task execution.
[2024-11-30T22:00:04.786+0000] {sql.py:470} INFO - Running statement: 
            DROP TABLE IF EXISTS "STG".var_1_reservas_usd;
            CREATE TABLE "STG".var_1_reservas_usd (
                "idVariable" NUMERIC,
                "fecha" Date,
                "valor" float
            );, parameters: None
[2024-11-30T22:00:05.631+0000] {taskinstance.py:441} INFO - ::group::Post task execution logs
[2024-11-30T22:00:05.734+0000] {taskinstance.py:1206} INFO - Marking task as SUCCESS. dag_id=process_variables_financieras, task_id=create_reservas_temp_table, run_id=scheduled__2024-10-13T00:00:00+00:00, execution_date=20241013T000000, start_date=20241130T220002, end_date=20241130T220005
[2024-11-30T22:00:05.837+0000] {local_task_job_runner.py:240} INFO - Task exited with return code 0
[2024-11-30T22:00:05.899+0000] {local_task_job_runner.py:222} INFO - ::endgroup::
