[2024-10-12T00:25:07.683+0000] {local_task_job_runner.py:120} INFO - ::group::Pre task execution logs
[2024-10-12T00:25:08.399+0000] {taskinstance.py:2076} INFO - Dependencies all met for dep_context=non-requeueable deps ti=<TaskInstance: process_variables_financieras.create_reservas_table scheduled__2024-10-11T00:00:00+00:00 [queued]>
[2024-10-12T00:25:08.599+0000] {taskinstance.py:2076} INFO - Dependencies all met for dep_context=requeueable deps ti=<TaskInstance: process_variables_financieras.create_reservas_table scheduled__2024-10-11T00:00:00+00:00 [queued]>
[2024-10-12T00:25:08.604+0000] {taskinstance.py:2306} INFO - Starting attempt 1 of 1
[2024-10-12T00:25:11.669+0000] {taskinstance.py:2330} INFO - Executing <Task(PostgresOperator): create_reservas_table> on 2024-10-11 00:00:00+00:00
[2024-10-12T00:25:11.736+0000] {standard_task_runner.py:90} INFO - Running: ['***', 'tasks', 'run', 'process_variables_financieras', 'create_reservas_table', 'scheduled__2024-10-11T00:00:00+00:00', '--job-id', '299', '--raw', '--subdir', 'DAGS_FOLDER/etl_prueba.py', '--cfg-path', '/tmp/tmpa0arytnq']
[2024-10-12T00:25:11.803+0000] {standard_task_runner.py:91} INFO - Job 299: Subtask create_reservas_table
[2024-10-12T00:25:11.827+0000] {logging_mixin.py:188} WARNING - /home/***/.local/lib/python3.12/site-packages/***/task/task_runner/standard_task_runner.py:61 DeprecationWarning: This process (pid=3408) is multi-threaded, use of fork() may lead to deadlocks in the child.
[2024-10-12T00:25:11.828+0000] {standard_task_runner.py:63} INFO - Started process 3420 to run task
[2024-10-12T00:25:12.368+0000] {task_command.py:426} INFO - Running <TaskInstance: process_variables_financieras.create_reservas_table scheduled__2024-10-11T00:00:00+00:00 [running]> on host 5e909a8df6c4
[2024-10-12T00:25:14.172+0000] {taskinstance.py:2648} INFO - Exporting env vars: AIRFLOW_CTX_DAG_OWNER='***' AIRFLOW_CTX_DAG_ID='process_variables_financieras' AIRFLOW_CTX_TASK_ID='create_reservas_table' AIRFLOW_CTX_EXECUTION_DATE='2024-10-11T00:00:00+00:00' AIRFLOW_CTX_TRY_NUMBER='1' AIRFLOW_CTX_DAG_RUN_ID='scheduled__2024-10-11T00:00:00+00:00'
[2024-10-12T00:25:14.215+0000] {taskinstance.py:430} INFO - ::endgroup::
[2024-10-12T00:25:14.216+0000] {sql.py:276} INFO - Executing: 
            DROP TABLE IF EXISTS reservas;
            CREATE TABLE IF NOT EXISTS reservas (
                "idVariable" NUMERIC,
                "fecha" Date,
                "valor" float
            );
[2024-10-12T00:25:14.291+0000] {base.py:84} INFO - Using connection ID 'postgres' for task execution.
[2024-10-12T00:25:14.389+0000] {base.py:84} INFO - Using connection ID 'postgres' for task execution.
[2024-10-12T00:25:14.463+0000] {sql.py:470} INFO - Running statement: 
            DROP TABLE IF EXISTS reservas;
            CREATE TABLE IF NOT EXISTS reservas (
                "idVariable" NUMERIC,
                "fecha" Date,
                "valor" float
            );, parameters: None
[2024-10-12T00:25:14.636+0000] {taskinstance.py:441} INFO - ::group::Post task execution logs
[2024-10-12T00:25:14.697+0000] {taskinstance.py:1206} INFO - Marking task as SUCCESS. dag_id=process_variables_financieras, task_id=create_reservas_table, run_id=scheduled__2024-10-11T00:00:00+00:00, execution_date=20241011T000000, start_date=20241012T002508, end_date=20241012T002514
[2024-10-12T00:25:15.052+0000] {local_task_job_runner.py:240} INFO - Task exited with return code 0
[2024-10-12T00:25:15.131+0000] {local_task_job_runner.py:222} INFO - ::endgroup::
