[2024-09-28T16:02:42.918+0000] {local_task_job_runner.py:120} INFO - ::group::Pre task execution logs
[2024-09-28T16:02:43.465+0000] {taskinstance.py:2076} INFO - Dependencies all met for dep_context=non-requeueable deps ti=<TaskInstance: process_employees.create_employees_table manual__2024-09-28T16:02:38.986865+00:00 [queued]>
[2024-09-28T16:02:43.551+0000] {taskinstance.py:2076} INFO - Dependencies all met for dep_context=requeueable deps ti=<TaskInstance: process_employees.create_employees_table manual__2024-09-28T16:02:38.986865+00:00 [queued]>
[2024-09-28T16:02:43.552+0000] {taskinstance.py:2306} INFO - Starting attempt 1 of 1
[2024-09-28T16:02:43.729+0000] {taskinstance.py:2330} INFO - Executing <Task(PostgresOperator): create_employees_table> on 2024-09-28 16:02:38.986865+00:00
[2024-09-28T16:02:43.878+0000] {logging_mixin.py:188} WARNING - /home/***/.local/lib/python3.12/site-packages/***/task/task_runner/standard_task_runner.py:61 DeprecationWarning: This process (pid=878) is multi-threaded, use of fork() may lead to deadlocks in the child.
[2024-09-28T16:02:43.880+0000] {standard_task_runner.py:63} INFO - Started process 879 to run task
[2024-09-28T16:02:43.912+0000] {standard_task_runner.py:90} INFO - Running: ['***', 'tasks', 'run', 'process_employees', 'create_employees_table', 'manual__2024-09-28T16:02:38.986865+00:00', '--job-id', '139', '--raw', '--subdir', 'DAGS_FOLDER/etl_prueba.py', '--cfg-path', '/tmp/tmpoxbj48dg']
[2024-09-28T16:02:43.954+0000] {standard_task_runner.py:91} INFO - Job 139: Subtask create_employees_table
[2024-09-28T16:02:44.553+0000] {task_command.py:426} INFO - Running <TaskInstance: process_employees.create_employees_table manual__2024-09-28T16:02:38.986865+00:00 [running]> on host 5e909a8df6c4
[2024-09-28T16:02:46.145+0000] {taskinstance.py:2648} INFO - Exporting env vars: AIRFLOW_CTX_DAG_OWNER='***' AIRFLOW_CTX_DAG_ID='process_employees' AIRFLOW_CTX_TASK_ID='create_employees_table' AIRFLOW_CTX_EXECUTION_DATE='2024-09-28T16:02:38.986865+00:00' AIRFLOW_CTX_TRY_NUMBER='1' AIRFLOW_CTX_DAG_RUN_ID='manual__2024-09-28T16:02:38.986865+00:00'
[2024-09-28T16:02:46.147+0000] {taskinstance.py:430} INFO - ::endgroup::
[2024-09-28T16:02:46.148+0000] {sql.py:276} INFO - Executing: 
            CREATE TABLE IF NOT EXISTS employees (
                "Serial Number" NUMERIC PRIMARY KEY,
                "Company Name" TEXT,
                "Employee Markme" TEXT,
                "Description" TEXT,
                "Leave" INTEGER
            );
[2024-09-28T16:02:46.319+0000] {base.py:84} INFO - Using connection ID 'postgres' for task execution.
[2024-09-28T16:02:46.375+0000] {base.py:84} INFO - Using connection ID 'postgres' for task execution.
[2024-09-28T16:02:46.509+0000] {sql.py:470} INFO - Running statement: 
            CREATE TABLE IF NOT EXISTS employees (
                "Serial Number" NUMERIC PRIMARY KEY,
                "Company Name" TEXT,
                "Employee Markme" TEXT,
                "Description" TEXT,
                "Leave" INTEGER
            );, parameters: None
[2024-09-28T16:02:47.071+0000] {taskinstance.py:441} INFO - ::group::Post task execution logs
[2024-09-28T16:02:47.105+0000] {taskinstance.py:1206} INFO - Marking task as SUCCESS. dag_id=process_employees, task_id=create_employees_table, run_id=manual__2024-09-28T16:02:38.986865+00:00, execution_date=20240928T160238, start_date=20240928T160243, end_date=20240928T160247
[2024-09-28T16:02:47.188+0000] {local_task_job_runner.py:240} INFO - Task exited with return code 0
[2024-09-28T16:02:47.220+0000] {logging_mixin.py:188} WARNING - /home/***/.local/lib/python3.12/site-packages/***/models/baseoperator.py:1296 AirflowProviderDeprecationWarning: Call to deprecated class PostgresOperator. (Please use `***.providers.common.sql.operators.sql.SQLExecuteQueryOperator`.Also, you can provide `hook_params={'schema': <database>}`.)
[2024-09-28T16:02:47.393+0000] {taskinstance.py:3498} INFO - 1 downstream tasks scheduled from follow-on schedule check
[2024-09-28T16:02:47.402+0000] {local_task_job_runner.py:222} INFO - ::endgroup::
