[2024-10-12T00:00:02.662+0000] {local_task_job_runner.py:120} INFO - ::group::Pre task execution logs
[2024-10-12T00:00:02.777+0000] {taskinstance.py:2076} INFO - Dependencies all met for dep_context=non-requeueable deps ti=<TaskInstance: process_employees.create_reservas_temp_table scheduled__2024-10-11T00:00:00+00:00 [queued]>
[2024-10-12T00:00:02.807+0000] {taskinstance.py:2076} INFO - Dependencies all met for dep_context=requeueable deps ti=<TaskInstance: process_employees.create_reservas_temp_table scheduled__2024-10-11T00:00:00+00:00 [queued]>
[2024-10-12T00:00:02.808+0000] {taskinstance.py:2306} INFO - Starting attempt 1 of 1
[2024-10-12T00:00:03.386+0000] {taskinstance.py:2330} INFO - Executing <Task(PostgresOperator): create_reservas_temp_table> on 2024-10-11 00:00:00+00:00
[2024-10-12T00:00:03.415+0000] {standard_task_runner.py:90} INFO - Running: ['***', 'tasks', 'run', 'process_employees', 'create_reservas_temp_table', 'scheduled__2024-10-11T00:00:00+00:00', '--job-id', '295', '--raw', '--subdir', 'DAGS_FOLDER/etl_prueba.py', '--cfg-path', '/tmp/tmpa12f_u9v']
[2024-10-12T00:00:03.439+0000] {standard_task_runner.py:91} INFO - Job 295: Subtask create_reservas_temp_table
[2024-10-12T00:00:03.449+0000] {logging_mixin.py:188} WARNING - /home/***/.local/lib/python3.12/site-packages/***/task/task_runner/standard_task_runner.py:61 DeprecationWarning: This process (pid=2820) is multi-threaded, use of fork() may lead to deadlocks in the child.
[2024-10-12T00:00:03.454+0000] {standard_task_runner.py:63} INFO - Started process 2827 to run task
[2024-10-12T00:00:03.614+0000] {task_command.py:426} INFO - Running <TaskInstance: process_employees.create_reservas_temp_table scheduled__2024-10-11T00:00:00+00:00 [running]> on host 5e909a8df6c4
[2024-10-12T00:00:04.077+0000] {taskinstance.py:2648} INFO - Exporting env vars: AIRFLOW_CTX_DAG_OWNER='***' AIRFLOW_CTX_DAG_ID='process_employees' AIRFLOW_CTX_TASK_ID='create_reservas_temp_table' AIRFLOW_CTX_EXECUTION_DATE='2024-10-11T00:00:00+00:00' AIRFLOW_CTX_TRY_NUMBER='1' AIRFLOW_CTX_DAG_RUN_ID='scheduled__2024-10-11T00:00:00+00:00'
[2024-10-12T00:00:04.079+0000] {taskinstance.py:430} INFO - ::endgroup::
[2024-10-12T00:00:04.081+0000] {sql.py:276} INFO - Executing: 
            DROP TABLE IF EXISTS "STG".var_1_reservas_usd;
            CREATE TABLE "STG".var_1_reservas_usd (
                "idVariable" NUMERIC,
                "fecha" Date,
                "valor" float
            );
[2024-10-12T00:00:04.111+0000] {base.py:84} INFO - Using connection ID 'postgres' for task execution.
[2024-10-12T00:00:04.139+0000] {base.py:84} INFO - Using connection ID 'postgres' for task execution.
[2024-10-12T00:00:04.163+0000] {sql.py:470} INFO - Running statement: 
            DROP TABLE IF EXISTS "STG".var_1_reservas_usd;
            CREATE TABLE "STG".var_1_reservas_usd (
                "idVariable" NUMERIC,
                "fecha" Date,
                "valor" float
            );, parameters: None
[2024-10-12T00:00:04.257+0000] {taskinstance.py:441} INFO - ::group::Post task execution logs
[2024-10-12T00:00:04.307+0000] {taskinstance.py:1206} INFO - Marking task as SUCCESS. dag_id=process_employees, task_id=create_reservas_temp_table, run_id=scheduled__2024-10-11T00:00:00+00:00, execution_date=20241011T000000, start_date=20241012T000002, end_date=20241012T000004
[2024-10-12T00:00:04.393+0000] {local_task_job_runner.py:240} INFO - Task exited with return code 0
[2024-10-12T00:00:04.443+0000] {logging_mixin.py:188} WARNING - /home/***/.local/lib/python3.12/site-packages/***/models/baseoperator.py:1296 AirflowProviderDeprecationWarning: Call to deprecated class PostgresOperator. (Please use `***.providers.common.sql.operators.sql.SQLExecuteQueryOperator`.Also, you can provide `hook_params={'schema': <database>}`.)
[2024-10-12T00:00:04.507+0000] {taskinstance.py:3498} INFO - 0 downstream tasks scheduled from follow-on schedule check
[2024-10-12T00:00:04.523+0000] {local_task_job_runner.py:222} INFO - ::endgroup::
