[2024-12-01T00:00:11.691+0000] {processor.py:161} INFO - Started process (PID=2338) to work on /opt/airflow/dags/include/functions.py
[2024-12-01T00:00:11.693+0000] {processor.py:830} INFO - Processing file /opt/airflow/dags/include/functions.py for tasks to queue
[2024-12-01T00:00:11.699+0000] {logging_mixin.py:188} INFO - [2024-12-01T00:00:11.698+0000] {dagbag.py:545} INFO - Filling up the DagBag from /opt/airflow/dags/include/functions.py
[2024-12-01T00:00:14.525+0000] {processor.py:842} WARNING - No viable dags retrieved from /opt/airflow/dags/include/functions.py
[2024-12-01T00:00:14.592+0000] {processor.py:183} INFO - Processing /opt/airflow/dags/include/functions.py took 2.923 seconds
[2024-12-01T00:00:44.850+0000] {processor.py:161} INFO - Started process (PID=2362) to work on /opt/airflow/dags/include/functions.py
[2024-12-01T00:00:44.858+0000] {processor.py:830} INFO - Processing file /opt/airflow/dags/include/functions.py for tasks to queue
[2024-12-01T00:00:44.864+0000] {logging_mixin.py:188} INFO - [2024-12-01T00:00:44.862+0000] {dagbag.py:545} INFO - Filling up the DagBag from /opt/airflow/dags/include/functions.py
[2024-12-01T00:00:46.170+0000] {processor.py:842} WARNING - No viable dags retrieved from /opt/airflow/dags/include/functions.py
[2024-12-01T00:00:46.194+0000] {processor.py:183} INFO - Processing /opt/airflow/dags/include/functions.py took 1.362 seconds
[2024-12-01T00:01:16.513+0000] {processor.py:161} INFO - Started process (PID=2379) to work on /opt/airflow/dags/include/functions.py
[2024-12-01T00:01:16.524+0000] {processor.py:830} INFO - Processing file /opt/airflow/dags/include/functions.py for tasks to queue
[2024-12-01T00:01:16.526+0000] {logging_mixin.py:188} INFO - [2024-12-01T00:01:16.526+0000] {dagbag.py:545} INFO - Filling up the DagBag from /opt/airflow/dags/include/functions.py
[2024-12-01T00:01:17.827+0000] {processor.py:842} WARNING - No viable dags retrieved from /opt/airflow/dags/include/functions.py
[2024-12-01T00:01:17.854+0000] {processor.py:183} INFO - Processing /opt/airflow/dags/include/functions.py took 1.368 seconds
[2024-12-01T00:01:48.027+0000] {processor.py:161} INFO - Started process (PID=2396) to work on /opt/airflow/dags/include/functions.py
[2024-12-01T00:01:48.030+0000] {processor.py:830} INFO - Processing file /opt/airflow/dags/include/functions.py for tasks to queue
[2024-12-01T00:01:48.032+0000] {logging_mixin.py:188} INFO - [2024-12-01T00:01:48.031+0000] {dagbag.py:545} INFO - Filling up the DagBag from /opt/airflow/dags/include/functions.py
[2024-12-01T00:01:49.465+0000] {processor.py:842} WARNING - No viable dags retrieved from /opt/airflow/dags/include/functions.py
[2024-12-01T00:01:49.502+0000] {processor.py:183} INFO - Processing /opt/airflow/dags/include/functions.py took 1.509 seconds
[2024-12-01T00:02:19.962+0000] {processor.py:161} INFO - Started process (PID=2411) to work on /opt/airflow/dags/include/functions.py
[2024-12-01T00:02:19.984+0000] {processor.py:830} INFO - Processing file /opt/airflow/dags/include/functions.py for tasks to queue
[2024-12-01T00:02:19.990+0000] {logging_mixin.py:188} INFO - [2024-12-01T00:02:19.985+0000] {dagbag.py:545} INFO - Filling up the DagBag from /opt/airflow/dags/include/functions.py
[2024-12-01T00:02:23.420+0000] {processor.py:842} WARNING - No viable dags retrieved from /opt/airflow/dags/include/functions.py
[2024-12-01T00:02:23.452+0000] {processor.py:183} INFO - Processing /opt/airflow/dags/include/functions.py took 3.559 seconds
[2024-12-01T00:02:53.898+0000] {processor.py:161} INFO - Started process (PID=2430) to work on /opt/airflow/dags/include/functions.py
[2024-12-01T00:02:53.915+0000] {processor.py:830} INFO - Processing file /opt/airflow/dags/include/functions.py for tasks to queue
[2024-12-01T00:02:53.922+0000] {logging_mixin.py:188} INFO - [2024-12-01T00:02:53.917+0000] {dagbag.py:545} INFO - Filling up the DagBag from /opt/airflow/dags/include/functions.py
[2024-12-01T00:02:56.672+0000] {processor.py:842} WARNING - No viable dags retrieved from /opt/airflow/dags/include/functions.py
[2024-12-01T00:02:56.706+0000] {processor.py:183} INFO - Processing /opt/airflow/dags/include/functions.py took 2.908 seconds
[2024-12-01T00:03:27.233+0000] {processor.py:161} INFO - Started process (PID=2450) to work on /opt/airflow/dags/include/functions.py
[2024-12-01T00:03:27.250+0000] {processor.py:830} INFO - Processing file /opt/airflow/dags/include/functions.py for tasks to queue
[2024-12-01T00:03:27.252+0000] {logging_mixin.py:188} INFO - [2024-12-01T00:03:27.252+0000] {dagbag.py:545} INFO - Filling up the DagBag from /opt/airflow/dags/include/functions.py
[2024-12-01T00:03:28.575+0000] {processor.py:842} WARNING - No viable dags retrieved from /opt/airflow/dags/include/functions.py
[2024-12-01T00:03:28.595+0000] {processor.py:183} INFO - Processing /opt/airflow/dags/include/functions.py took 1.376 seconds
[2024-12-01T00:03:59.493+0000] {processor.py:161} INFO - Started process (PID=2467) to work on /opt/airflow/dags/include/functions.py
[2024-12-01T00:03:59.508+0000] {processor.py:830} INFO - Processing file /opt/airflow/dags/include/functions.py for tasks to queue
[2024-12-01T00:03:59.510+0000] {logging_mixin.py:188} INFO - [2024-12-01T00:03:59.509+0000] {dagbag.py:545} INFO - Filling up the DagBag from /opt/airflow/dags/include/functions.py
[2024-12-01T00:04:01.023+0000] {processor.py:842} WARNING - No viable dags retrieved from /opt/airflow/dags/include/functions.py
[2024-12-01T00:04:01.062+0000] {processor.py:183} INFO - Processing /opt/airflow/dags/include/functions.py took 1.583 seconds
[2024-12-01T00:04:31.382+0000] {processor.py:161} INFO - Started process (PID=2491) to work on /opt/airflow/dags/include/functions.py
[2024-12-01T00:04:31.399+0000] {processor.py:830} INFO - Processing file /opt/airflow/dags/include/functions.py for tasks to queue
[2024-12-01T00:04:31.401+0000] {logging_mixin.py:188} INFO - [2024-12-01T00:04:31.400+0000] {dagbag.py:545} INFO - Filling up the DagBag from /opt/airflow/dags/include/functions.py
[2024-12-01T00:04:32.753+0000] {processor.py:842} WARNING - No viable dags retrieved from /opt/airflow/dags/include/functions.py
[2024-12-01T00:04:32.803+0000] {processor.py:183} INFO - Processing /opt/airflow/dags/include/functions.py took 1.434 seconds
[2024-12-01T00:05:03.072+0000] {processor.py:161} INFO - Started process (PID=2508) to work on /opt/airflow/dags/include/functions.py
[2024-12-01T00:05:03.085+0000] {processor.py:830} INFO - Processing file /opt/airflow/dags/include/functions.py for tasks to queue
[2024-12-01T00:05:03.088+0000] {logging_mixin.py:188} INFO - [2024-12-01T00:05:03.087+0000] {dagbag.py:545} INFO - Filling up the DagBag from /opt/airflow/dags/include/functions.py
[2024-12-01T00:05:05.278+0000] {processor.py:842} WARNING - No viable dags retrieved from /opt/airflow/dags/include/functions.py
[2024-12-01T00:05:05.317+0000] {processor.py:183} INFO - Processing /opt/airflow/dags/include/functions.py took 2.280 seconds
[2024-12-01T00:05:35.761+0000] {processor.py:161} INFO - Started process (PID=2525) to work on /opt/airflow/dags/include/functions.py
[2024-12-01T00:05:35.781+0000] {processor.py:830} INFO - Processing file /opt/airflow/dags/include/functions.py for tasks to queue
[2024-12-01T00:05:35.798+0000] {logging_mixin.py:188} INFO - [2024-12-01T00:05:35.783+0000] {dagbag.py:545} INFO - Filling up the DagBag from /opt/airflow/dags/include/functions.py
[2024-12-01T00:05:38.803+0000] {processor.py:842} WARNING - No viable dags retrieved from /opt/airflow/dags/include/functions.py
[2024-12-01T00:05:38.876+0000] {processor.py:183} INFO - Processing /opt/airflow/dags/include/functions.py took 3.175 seconds
[2024-12-01T00:06:09.294+0000] {processor.py:161} INFO - Started process (PID=2544) to work on /opt/airflow/dags/include/functions.py
[2024-12-01T00:06:09.316+0000] {processor.py:830} INFO - Processing file /opt/airflow/dags/include/functions.py for tasks to queue
[2024-12-01T00:06:09.321+0000] {logging_mixin.py:188} INFO - [2024-12-01T00:06:09.318+0000] {dagbag.py:545} INFO - Filling up the DagBag from /opt/airflow/dags/include/functions.py
[2024-12-01T00:06:11.108+0000] {processor.py:842} WARNING - No viable dags retrieved from /opt/airflow/dags/include/functions.py
[2024-12-01T00:06:11.139+0000] {processor.py:183} INFO - Processing /opt/airflow/dags/include/functions.py took 1.893 seconds
[2024-12-01T00:06:41.558+0000] {processor.py:161} INFO - Started process (PID=2562) to work on /opt/airflow/dags/include/functions.py
[2024-12-01T00:06:41.587+0000] {processor.py:830} INFO - Processing file /opt/airflow/dags/include/functions.py for tasks to queue
[2024-12-01T00:06:41.588+0000] {logging_mixin.py:188} INFO - [2024-12-01T00:06:41.588+0000] {dagbag.py:545} INFO - Filling up the DagBag from /opt/airflow/dags/include/functions.py
[2024-12-01T00:06:43.286+0000] {processor.py:842} WARNING - No viable dags retrieved from /opt/airflow/dags/include/functions.py
[2024-12-01T00:06:43.320+0000] {processor.py:183} INFO - Processing /opt/airflow/dags/include/functions.py took 1.827 seconds
[2024-12-01T00:07:13.669+0000] {processor.py:161} INFO - Started process (PID=2579) to work on /opt/airflow/dags/include/functions.py
[2024-12-01T00:07:13.671+0000] {processor.py:830} INFO - Processing file /opt/airflow/dags/include/functions.py for tasks to queue
[2024-12-01T00:07:13.673+0000] {logging_mixin.py:188} INFO - [2024-12-01T00:07:13.673+0000] {dagbag.py:545} INFO - Filling up the DagBag from /opt/airflow/dags/include/functions.py
[2024-12-01T00:07:15.600+0000] {processor.py:842} WARNING - No viable dags retrieved from /opt/airflow/dags/include/functions.py
[2024-12-01T00:07:15.634+0000] {processor.py:183} INFO - Processing /opt/airflow/dags/include/functions.py took 1.986 seconds
[2024-12-01T00:07:46.192+0000] {processor.py:161} INFO - Started process (PID=2597) to work on /opt/airflow/dags/include/functions.py
[2024-12-01T00:07:46.196+0000] {processor.py:830} INFO - Processing file /opt/airflow/dags/include/functions.py for tasks to queue
[2024-12-01T00:07:46.201+0000] {logging_mixin.py:188} INFO - [2024-12-01T00:07:46.201+0000] {dagbag.py:545} INFO - Filling up the DagBag from /opt/airflow/dags/include/functions.py
[2024-12-01T00:07:48.045+0000] {processor.py:842} WARNING - No viable dags retrieved from /opt/airflow/dags/include/functions.py
[2024-12-01T00:07:48.078+0000] {processor.py:183} INFO - Processing /opt/airflow/dags/include/functions.py took 1.936 seconds
[2024-12-01T00:08:18.595+0000] {processor.py:161} INFO - Started process (PID=2615) to work on /opt/airflow/dags/include/functions.py
[2024-12-01T00:08:18.597+0000] {processor.py:830} INFO - Processing file /opt/airflow/dags/include/functions.py for tasks to queue
[2024-12-01T00:08:18.608+0000] {logging_mixin.py:188} INFO - [2024-12-01T00:08:18.607+0000] {dagbag.py:545} INFO - Filling up the DagBag from /opt/airflow/dags/include/functions.py
[2024-12-01T00:08:21.836+0000] {processor.py:842} WARNING - No viable dags retrieved from /opt/airflow/dags/include/functions.py
[2024-12-01T00:08:21.882+0000] {processor.py:183} INFO - Processing /opt/airflow/dags/include/functions.py took 3.434 seconds
[2024-12-01T00:08:52.234+0000] {processor.py:161} INFO - Started process (PID=2633) to work on /opt/airflow/dags/include/functions.py
[2024-12-01T00:08:52.236+0000] {processor.py:830} INFO - Processing file /opt/airflow/dags/include/functions.py for tasks to queue
[2024-12-01T00:08:52.237+0000] {logging_mixin.py:188} INFO - [2024-12-01T00:08:52.237+0000] {dagbag.py:545} INFO - Filling up the DagBag from /opt/airflow/dags/include/functions.py
[2024-12-01T00:08:54.341+0000] {processor.py:842} WARNING - No viable dags retrieved from /opt/airflow/dags/include/functions.py
[2024-12-01T00:08:54.381+0000] {processor.py:183} INFO - Processing /opt/airflow/dags/include/functions.py took 2.167 seconds
[2024-12-01T00:09:24.595+0000] {processor.py:161} INFO - Started process (PID=2649) to work on /opt/airflow/dags/include/functions.py
[2024-12-01T00:09:24.607+0000] {processor.py:830} INFO - Processing file /opt/airflow/dags/include/functions.py for tasks to queue
[2024-12-01T00:09:24.609+0000] {logging_mixin.py:188} INFO - [2024-12-01T00:09:24.609+0000] {dagbag.py:545} INFO - Filling up the DagBag from /opt/airflow/dags/include/functions.py
[2024-12-01T00:09:26.777+0000] {processor.py:842} WARNING - No viable dags retrieved from /opt/airflow/dags/include/functions.py
[2024-12-01T00:09:26.829+0000] {processor.py:183} INFO - Processing /opt/airflow/dags/include/functions.py took 2.254 seconds
[2024-12-01T00:09:57.256+0000] {processor.py:161} INFO - Started process (PID=2667) to work on /opt/airflow/dags/include/functions.py
[2024-12-01T00:09:57.259+0000] {processor.py:830} INFO - Processing file /opt/airflow/dags/include/functions.py for tasks to queue
[2024-12-01T00:09:57.261+0000] {logging_mixin.py:188} INFO - [2024-12-01T00:09:57.260+0000] {dagbag.py:545} INFO - Filling up the DagBag from /opt/airflow/dags/include/functions.py
[2024-12-01T00:09:59.727+0000] {processor.py:842} WARNING - No viable dags retrieved from /opt/airflow/dags/include/functions.py
[2024-12-01T00:09:59.758+0000] {processor.py:183} INFO - Processing /opt/airflow/dags/include/functions.py took 2.517 seconds
[2024-12-01T00:10:30.122+0000] {processor.py:161} INFO - Started process (PID=2685) to work on /opt/airflow/dags/include/functions.py
[2024-12-01T00:10:30.127+0000] {processor.py:830} INFO - Processing file /opt/airflow/dags/include/functions.py for tasks to queue
[2024-12-01T00:10:30.129+0000] {logging_mixin.py:188} INFO - [2024-12-01T00:10:30.128+0000] {dagbag.py:545} INFO - Filling up the DagBag from /opt/airflow/dags/include/functions.py
[2024-12-01T00:10:32.192+0000] {processor.py:842} WARNING - No viable dags retrieved from /opt/airflow/dags/include/functions.py
[2024-12-01T00:10:32.234+0000] {processor.py:183} INFO - Processing /opt/airflow/dags/include/functions.py took 2.137 seconds
[2024-12-01T00:11:02.559+0000] {processor.py:161} INFO - Started process (PID=2701) to work on /opt/airflow/dags/include/functions.py
[2024-12-01T00:11:02.575+0000] {processor.py:830} INFO - Processing file /opt/airflow/dags/include/functions.py for tasks to queue
[2024-12-01T00:11:02.585+0000] {logging_mixin.py:188} INFO - [2024-12-01T00:11:02.581+0000] {dagbag.py:545} INFO - Filling up the DagBag from /opt/airflow/dags/include/functions.py
[2024-12-01T00:11:06.640+0000] {processor.py:842} WARNING - No viable dags retrieved from /opt/airflow/dags/include/functions.py
[2024-12-01T00:11:06.714+0000] {processor.py:183} INFO - Processing /opt/airflow/dags/include/functions.py took 4.171 seconds
[2024-12-01T00:11:37.205+0000] {processor.py:161} INFO - Started process (PID=2725) to work on /opt/airflow/dags/include/functions.py
[2024-12-01T00:11:37.217+0000] {processor.py:830} INFO - Processing file /opt/airflow/dags/include/functions.py for tasks to queue
[2024-12-01T00:11:37.221+0000] {logging_mixin.py:188} INFO - [2024-12-01T00:11:37.220+0000] {dagbag.py:545} INFO - Filling up the DagBag from /opt/airflow/dags/include/functions.py
[2024-12-01T00:11:40.990+0000] {processor.py:842} WARNING - No viable dags retrieved from /opt/airflow/dags/include/functions.py
[2024-12-01T00:11:41.052+0000] {processor.py:183} INFO - Processing /opt/airflow/dags/include/functions.py took 3.889 seconds
[2024-12-01T00:12:11.885+0000] {processor.py:161} INFO - Started process (PID=2746) to work on /opt/airflow/dags/include/functions.py
[2024-12-01T00:12:11.890+0000] {processor.py:830} INFO - Processing file /opt/airflow/dags/include/functions.py for tasks to queue
[2024-12-01T00:12:11.892+0000] {logging_mixin.py:188} INFO - [2024-12-01T00:12:11.891+0000] {dagbag.py:545} INFO - Filling up the DagBag from /opt/airflow/dags/include/functions.py
[2024-12-01T00:12:13.564+0000] {processor.py:842} WARNING - No viable dags retrieved from /opt/airflow/dags/include/functions.py
[2024-12-01T00:12:13.587+0000] {processor.py:183} INFO - Processing /opt/airflow/dags/include/functions.py took 1.728 seconds
[2024-12-01T00:12:43.903+0000] {processor.py:161} INFO - Started process (PID=2764) to work on /opt/airflow/dags/include/functions.py
[2024-12-01T00:12:43.906+0000] {processor.py:830} INFO - Processing file /opt/airflow/dags/include/functions.py for tasks to queue
[2024-12-01T00:12:43.908+0000] {logging_mixin.py:188} INFO - [2024-12-01T00:12:43.908+0000] {dagbag.py:545} INFO - Filling up the DagBag from /opt/airflow/dags/include/functions.py
[2024-12-01T00:12:45.539+0000] {processor.py:842} WARNING - No viable dags retrieved from /opt/airflow/dags/include/functions.py
[2024-12-01T00:12:45.566+0000] {processor.py:183} INFO - Processing /opt/airflow/dags/include/functions.py took 1.679 seconds
[2024-12-01T00:13:15.937+0000] {processor.py:161} INFO - Started process (PID=2782) to work on /opt/airflow/dags/include/functions.py
[2024-12-01T00:13:15.942+0000] {processor.py:830} INFO - Processing file /opt/airflow/dags/include/functions.py for tasks to queue
[2024-12-01T00:13:15.945+0000] {logging_mixin.py:188} INFO - [2024-12-01T00:13:15.944+0000] {dagbag.py:545} INFO - Filling up the DagBag from /opt/airflow/dags/include/functions.py
[2024-12-01T00:13:17.321+0000] {processor.py:842} WARNING - No viable dags retrieved from /opt/airflow/dags/include/functions.py
[2024-12-01T00:13:17.344+0000] {processor.py:183} INFO - Processing /opt/airflow/dags/include/functions.py took 1.421 seconds
[2024-12-01T00:13:47.613+0000] {processor.py:161} INFO - Started process (PID=2798) to work on /opt/airflow/dags/include/functions.py
[2024-12-01T00:13:47.619+0000] {processor.py:830} INFO - Processing file /opt/airflow/dags/include/functions.py for tasks to queue
[2024-12-01T00:13:47.624+0000] {logging_mixin.py:188} INFO - [2024-12-01T00:13:47.621+0000] {dagbag.py:545} INFO - Filling up the DagBag from /opt/airflow/dags/include/functions.py
[2024-12-01T00:13:49.124+0000] {processor.py:842} WARNING - No viable dags retrieved from /opt/airflow/dags/include/functions.py
[2024-12-01T00:13:49.157+0000] {processor.py:183} INFO - Processing /opt/airflow/dags/include/functions.py took 1.560 seconds
[2024-12-01T00:14:19.494+0000] {processor.py:161} INFO - Started process (PID=2815) to work on /opt/airflow/dags/include/functions.py
[2024-12-01T00:14:19.507+0000] {processor.py:830} INFO - Processing file /opt/airflow/dags/include/functions.py for tasks to queue
[2024-12-01T00:14:19.509+0000] {logging_mixin.py:188} INFO - [2024-12-01T00:14:19.508+0000] {dagbag.py:545} INFO - Filling up the DagBag from /opt/airflow/dags/include/functions.py
[2024-12-01T00:14:20.837+0000] {processor.py:842} WARNING - No viable dags retrieved from /opt/airflow/dags/include/functions.py
[2024-12-01T00:14:20.881+0000] {processor.py:183} INFO - Processing /opt/airflow/dags/include/functions.py took 1.402 seconds
[2024-12-01T00:14:51.172+0000] {processor.py:161} INFO - Started process (PID=2833) to work on /opt/airflow/dags/include/functions.py
[2024-12-01T00:14:51.189+0000] {processor.py:830} INFO - Processing file /opt/airflow/dags/include/functions.py for tasks to queue
[2024-12-01T00:14:51.192+0000] {logging_mixin.py:188} INFO - [2024-12-01T00:14:51.191+0000] {dagbag.py:545} INFO - Filling up the DagBag from /opt/airflow/dags/include/functions.py
[2024-12-01T00:14:52.409+0000] {processor.py:842} WARNING - No viable dags retrieved from /opt/airflow/dags/include/functions.py
[2024-12-01T00:14:52.443+0000] {processor.py:183} INFO - Processing /opt/airflow/dags/include/functions.py took 1.286 seconds
[2024-12-01T00:15:22.723+0000] {processor.py:161} INFO - Started process (PID=2851) to work on /opt/airflow/dags/include/functions.py
[2024-12-01T00:15:22.739+0000] {processor.py:830} INFO - Processing file /opt/airflow/dags/include/functions.py for tasks to queue
[2024-12-01T00:15:22.740+0000] {logging_mixin.py:188} INFO - [2024-12-01T00:15:22.740+0000] {dagbag.py:545} INFO - Filling up the DagBag from /opt/airflow/dags/include/functions.py
[2024-12-01T00:15:25.042+0000] {processor.py:842} WARNING - No viable dags retrieved from /opt/airflow/dags/include/functions.py
[2024-12-01T00:15:25.084+0000] {processor.py:183} INFO - Processing /opt/airflow/dags/include/functions.py took 2.381 seconds
[2024-12-01T00:15:56.003+0000] {processor.py:161} INFO - Started process (PID=2871) to work on /opt/airflow/dags/include/functions.py
[2024-12-01T00:15:56.022+0000] {processor.py:830} INFO - Processing file /opt/airflow/dags/include/functions.py for tasks to queue
[2024-12-01T00:15:56.024+0000] {logging_mixin.py:188} INFO - [2024-12-01T00:15:56.023+0000] {dagbag.py:545} INFO - Filling up the DagBag from /opt/airflow/dags/include/functions.py
[2024-12-01T00:15:57.561+0000] {processor.py:842} WARNING - No viable dags retrieved from /opt/airflow/dags/include/functions.py
[2024-12-01T00:15:57.602+0000] {processor.py:183} INFO - Processing /opt/airflow/dags/include/functions.py took 1.613 seconds
[2024-12-01T00:16:27.920+0000] {processor.py:161} INFO - Started process (PID=2889) to work on /opt/airflow/dags/include/functions.py
[2024-12-01T00:16:27.933+0000] {processor.py:830} INFO - Processing file /opt/airflow/dags/include/functions.py for tasks to queue
[2024-12-01T00:16:27.936+0000] {logging_mixin.py:188} INFO - [2024-12-01T00:16:27.935+0000] {dagbag.py:545} INFO - Filling up the DagBag from /opt/airflow/dags/include/functions.py
[2024-12-01T00:16:29.502+0000] {processor.py:842} WARNING - No viable dags retrieved from /opt/airflow/dags/include/functions.py
[2024-12-01T00:16:29.538+0000] {processor.py:183} INFO - Processing /opt/airflow/dags/include/functions.py took 1.634 seconds
[2024-12-01T00:16:59.846+0000] {processor.py:161} INFO - Started process (PID=2906) to work on /opt/airflow/dags/include/functions.py
[2024-12-01T00:16:59.858+0000] {processor.py:830} INFO - Processing file /opt/airflow/dags/include/functions.py for tasks to queue
[2024-12-01T00:16:59.859+0000] {logging_mixin.py:188} INFO - [2024-12-01T00:16:59.859+0000] {dagbag.py:545} INFO - Filling up the DagBag from /opt/airflow/dags/include/functions.py
[2024-12-01T00:17:01.307+0000] {processor.py:842} WARNING - No viable dags retrieved from /opt/airflow/dags/include/functions.py
[2024-12-01T00:17:01.336+0000] {processor.py:183} INFO - Processing /opt/airflow/dags/include/functions.py took 1.510 seconds
[2024-12-01T00:17:31.660+0000] {processor.py:161} INFO - Started process (PID=2920) to work on /opt/airflow/dags/include/functions.py
[2024-12-01T00:17:31.674+0000] {processor.py:830} INFO - Processing file /opt/airflow/dags/include/functions.py for tasks to queue
[2024-12-01T00:17:31.676+0000] {logging_mixin.py:188} INFO - [2024-12-01T00:17:31.675+0000] {dagbag.py:545} INFO - Filling up the DagBag from /opt/airflow/dags/include/functions.py
[2024-12-01T00:17:33.206+0000] {processor.py:842} WARNING - No viable dags retrieved from /opt/airflow/dags/include/functions.py
[2024-12-01T00:17:33.262+0000] {processor.py:183} INFO - Processing /opt/airflow/dags/include/functions.py took 1.615 seconds
[2024-12-01T00:18:03.577+0000] {processor.py:161} INFO - Started process (PID=2938) to work on /opt/airflow/dags/include/functions.py
[2024-12-01T00:18:03.590+0000] {processor.py:830} INFO - Processing file /opt/airflow/dags/include/functions.py for tasks to queue
[2024-12-01T00:18:03.592+0000] {logging_mixin.py:188} INFO - [2024-12-01T00:18:03.591+0000] {dagbag.py:545} INFO - Filling up the DagBag from /opt/airflow/dags/include/functions.py
[2024-12-01T00:18:05.129+0000] {processor.py:842} WARNING - No viable dags retrieved from /opt/airflow/dags/include/functions.py
[2024-12-01T00:18:05.161+0000] {processor.py:183} INFO - Processing /opt/airflow/dags/include/functions.py took 1.596 seconds
[2024-12-01T00:18:35.513+0000] {processor.py:161} INFO - Started process (PID=2956) to work on /opt/airflow/dags/include/functions.py
[2024-12-01T00:18:35.524+0000] {processor.py:830} INFO - Processing file /opt/airflow/dags/include/functions.py for tasks to queue
[2024-12-01T00:18:35.526+0000] {logging_mixin.py:188} INFO - [2024-12-01T00:18:35.525+0000] {dagbag.py:545} INFO - Filling up the DagBag from /opt/airflow/dags/include/functions.py
[2024-12-01T00:18:36.992+0000] {processor.py:842} WARNING - No viable dags retrieved from /opt/airflow/dags/include/functions.py
[2024-12-01T00:18:37.023+0000] {processor.py:183} INFO - Processing /opt/airflow/dags/include/functions.py took 1.547 seconds
[2024-12-01T00:19:07.337+0000] {processor.py:161} INFO - Started process (PID=2974) to work on /opt/airflow/dags/include/functions.py
[2024-12-01T00:19:07.348+0000] {processor.py:830} INFO - Processing file /opt/airflow/dags/include/functions.py for tasks to queue
[2024-12-01T00:19:07.352+0000] {logging_mixin.py:188} INFO - [2024-12-01T00:19:07.351+0000] {dagbag.py:545} INFO - Filling up the DagBag from /opt/airflow/dags/include/functions.py
[2024-12-01T00:19:09.678+0000] {processor.py:842} WARNING - No viable dags retrieved from /opt/airflow/dags/include/functions.py
[2024-12-01T00:19:09.728+0000] {processor.py:183} INFO - Processing /opt/airflow/dags/include/functions.py took 2.405 seconds
[2024-12-01T00:19:40.091+0000] {processor.py:161} INFO - Started process (PID=2992) to work on /opt/airflow/dags/include/functions.py
[2024-12-01T00:19:40.099+0000] {processor.py:830} INFO - Processing file /opt/airflow/dags/include/functions.py for tasks to queue
[2024-12-01T00:19:40.102+0000] {logging_mixin.py:188} INFO - [2024-12-01T00:19:40.101+0000] {dagbag.py:545} INFO - Filling up the DagBag from /opt/airflow/dags/include/functions.py
[2024-12-01T00:19:41.537+0000] {processor.py:842} WARNING - No viable dags retrieved from /opt/airflow/dags/include/functions.py
[2024-12-01T00:19:41.562+0000] {processor.py:183} INFO - Processing /opt/airflow/dags/include/functions.py took 1.486 seconds
[2024-12-01T00:20:12.388+0000] {processor.py:161} INFO - Started process (PID=3019) to work on /opt/airflow/dags/include/functions.py
[2024-12-01T00:20:12.393+0000] {processor.py:830} INFO - Processing file /opt/airflow/dags/include/functions.py for tasks to queue
[2024-12-01T00:20:12.395+0000] {logging_mixin.py:188} INFO - [2024-12-01T00:20:12.395+0000] {dagbag.py:545} INFO - Filling up the DagBag from /opt/airflow/dags/include/functions.py
[2024-12-01T00:20:13.897+0000] {processor.py:842} WARNING - No viable dags retrieved from /opt/airflow/dags/include/functions.py
[2024-12-01T00:20:13.940+0000] {processor.py:183} INFO - Processing /opt/airflow/dags/include/functions.py took 1.600 seconds
[2024-12-01T00:20:44.274+0000] {processor.py:161} INFO - Started process (PID=3036) to work on /opt/airflow/dags/include/functions.py
[2024-12-01T00:20:44.275+0000] {processor.py:830} INFO - Processing file /opt/airflow/dags/include/functions.py for tasks to queue
[2024-12-01T00:20:44.277+0000] {logging_mixin.py:188} INFO - [2024-12-01T00:20:44.277+0000] {dagbag.py:545} INFO - Filling up the DagBag from /opt/airflow/dags/include/functions.py
[2024-12-01T00:20:45.868+0000] {processor.py:842} WARNING - No viable dags retrieved from /opt/airflow/dags/include/functions.py
[2024-12-01T00:20:45.896+0000] {processor.py:183} INFO - Processing /opt/airflow/dags/include/functions.py took 1.639 seconds
[2024-12-01T00:21:16.237+0000] {processor.py:161} INFO - Started process (PID=3054) to work on /opt/airflow/dags/include/functions.py
[2024-12-01T00:21:16.259+0000] {processor.py:830} INFO - Processing file /opt/airflow/dags/include/functions.py for tasks to queue
[2024-12-01T00:21:16.261+0000] {logging_mixin.py:188} INFO - [2024-12-01T00:21:16.260+0000] {dagbag.py:545} INFO - Filling up the DagBag from /opt/airflow/dags/include/functions.py
[2024-12-01T00:21:17.834+0000] {processor.py:842} WARNING - No viable dags retrieved from /opt/airflow/dags/include/functions.py
[2024-12-01T00:21:17.868+0000] {processor.py:183} INFO - Processing /opt/airflow/dags/include/functions.py took 1.646 seconds
[2024-12-01T00:21:48.195+0000] {processor.py:161} INFO - Started process (PID=3072) to work on /opt/airflow/dags/include/functions.py
[2024-12-01T00:21:48.197+0000] {processor.py:830} INFO - Processing file /opt/airflow/dags/include/functions.py for tasks to queue
[2024-12-01T00:21:48.203+0000] {logging_mixin.py:188} INFO - [2024-12-01T00:21:48.200+0000] {dagbag.py:545} INFO - Filling up the DagBag from /opt/airflow/dags/include/functions.py
[2024-12-01T00:21:49.723+0000] {processor.py:842} WARNING - No viable dags retrieved from /opt/airflow/dags/include/functions.py
[2024-12-01T00:21:49.759+0000] {processor.py:183} INFO - Processing /opt/airflow/dags/include/functions.py took 1.579 seconds
[2024-12-01T00:22:20.092+0000] {processor.py:161} INFO - Started process (PID=3090) to work on /opt/airflow/dags/include/functions.py
[2024-12-01T00:22:20.107+0000] {processor.py:830} INFO - Processing file /opt/airflow/dags/include/functions.py for tasks to queue
[2024-12-01T00:22:20.109+0000] {logging_mixin.py:188} INFO - [2024-12-01T00:22:20.108+0000] {dagbag.py:545} INFO - Filling up the DagBag from /opt/airflow/dags/include/functions.py
[2024-12-01T00:22:21.646+0000] {processor.py:842} WARNING - No viable dags retrieved from /opt/airflow/dags/include/functions.py
[2024-12-01T00:22:21.670+0000] {processor.py:183} INFO - Processing /opt/airflow/dags/include/functions.py took 1.594 seconds
[2024-12-01T00:22:52.043+0000] {processor.py:161} INFO - Started process (PID=3107) to work on /opt/airflow/dags/include/functions.py
[2024-12-01T00:22:52.075+0000] {processor.py:830} INFO - Processing file /opt/airflow/dags/include/functions.py for tasks to queue
[2024-12-01T00:22:52.077+0000] {logging_mixin.py:188} INFO - [2024-12-01T00:22:52.076+0000] {dagbag.py:545} INFO - Filling up the DagBag from /opt/airflow/dags/include/functions.py
[2024-12-01T00:22:54.824+0000] {processor.py:842} WARNING - No viable dags retrieved from /opt/airflow/dags/include/functions.py
[2024-12-01T00:22:54.872+0000] {processor.py:183} INFO - Processing /opt/airflow/dags/include/functions.py took 2.840 seconds
[2024-12-01T00:23:25.326+0000] {processor.py:161} INFO - Started process (PID=3126) to work on /opt/airflow/dags/include/functions.py
[2024-12-01T00:23:25.331+0000] {processor.py:830} INFO - Processing file /opt/airflow/dags/include/functions.py for tasks to queue
[2024-12-01T00:23:25.334+0000] {logging_mixin.py:188} INFO - [2024-12-01T00:23:25.332+0000] {dagbag.py:545} INFO - Filling up the DagBag from /opt/airflow/dags/include/functions.py
[2024-12-01T00:23:26.845+0000] {processor.py:842} WARNING - No viable dags retrieved from /opt/airflow/dags/include/functions.py
[2024-12-01T00:23:26.871+0000] {processor.py:183} INFO - Processing /opt/airflow/dags/include/functions.py took 1.562 seconds
[2024-12-01T00:23:57.209+0000] {processor.py:161} INFO - Started process (PID=3143) to work on /opt/airflow/dags/include/functions.py
[2024-12-01T00:23:57.223+0000] {processor.py:830} INFO - Processing file /opt/airflow/dags/include/functions.py for tasks to queue
[2024-12-01T00:23:57.225+0000] {logging_mixin.py:188} INFO - [2024-12-01T00:23:57.224+0000] {dagbag.py:545} INFO - Filling up the DagBag from /opt/airflow/dags/include/functions.py
[2024-12-01T00:23:58.993+0000] {processor.py:842} WARNING - No viable dags retrieved from /opt/airflow/dags/include/functions.py
[2024-12-01T00:23:59.018+0000] {processor.py:183} INFO - Processing /opt/airflow/dags/include/functions.py took 1.830 seconds
[2024-12-01T00:24:29.377+0000] {processor.py:161} INFO - Started process (PID=3163) to work on /opt/airflow/dags/include/functions.py
[2024-12-01T00:24:29.379+0000] {processor.py:830} INFO - Processing file /opt/airflow/dags/include/functions.py for tasks to queue
[2024-12-01T00:24:29.381+0000] {logging_mixin.py:188} INFO - [2024-12-01T00:24:29.380+0000] {dagbag.py:545} INFO - Filling up the DagBag from /opt/airflow/dags/include/functions.py
[2024-12-01T00:24:30.774+0000] {processor.py:842} WARNING - No viable dags retrieved from /opt/airflow/dags/include/functions.py
[2024-12-01T00:24:30.799+0000] {processor.py:183} INFO - Processing /opt/airflow/dags/include/functions.py took 1.437 seconds
[2024-12-01T00:25:01.140+0000] {processor.py:161} INFO - Started process (PID=3179) to work on /opt/airflow/dags/include/functions.py
[2024-12-01T00:25:01.156+0000] {processor.py:830} INFO - Processing file /opt/airflow/dags/include/functions.py for tasks to queue
[2024-12-01T00:25:01.158+0000] {logging_mixin.py:188} INFO - [2024-12-01T00:25:01.157+0000] {dagbag.py:545} INFO - Filling up the DagBag from /opt/airflow/dags/include/functions.py
[2024-12-01T00:25:02.630+0000] {processor.py:842} WARNING - No viable dags retrieved from /opt/airflow/dags/include/functions.py
[2024-12-01T00:25:02.656+0000] {processor.py:183} INFO - Processing /opt/airflow/dags/include/functions.py took 1.551 seconds
[2024-12-01T00:25:32.971+0000] {processor.py:161} INFO - Started process (PID=3198) to work on /opt/airflow/dags/include/functions.py
[2024-12-01T00:25:32.972+0000] {processor.py:830} INFO - Processing file /opt/airflow/dags/include/functions.py for tasks to queue
[2024-12-01T00:25:32.974+0000] {logging_mixin.py:188} INFO - [2024-12-01T00:25:32.973+0000] {dagbag.py:545} INFO - Filling up the DagBag from /opt/airflow/dags/include/functions.py
[2024-12-01T00:25:34.463+0000] {processor.py:842} WARNING - No viable dags retrieved from /opt/airflow/dags/include/functions.py
[2024-12-01T00:25:34.488+0000] {processor.py:183} INFO - Processing /opt/airflow/dags/include/functions.py took 1.533 seconds
[2024-12-01T00:26:04.807+0000] {processor.py:161} INFO - Started process (PID=3216) to work on /opt/airflow/dags/include/functions.py
[2024-12-01T00:26:04.822+0000] {processor.py:830} INFO - Processing file /opt/airflow/dags/include/functions.py for tasks to queue
[2024-12-01T00:26:04.824+0000] {logging_mixin.py:188} INFO - [2024-12-01T00:26:04.823+0000] {dagbag.py:545} INFO - Filling up the DagBag from /opt/airflow/dags/include/functions.py
[2024-12-01T00:26:06.340+0000] {processor.py:842} WARNING - No viable dags retrieved from /opt/airflow/dags/include/functions.py
[2024-12-01T00:26:06.365+0000] {processor.py:183} INFO - Processing /opt/airflow/dags/include/functions.py took 1.574 seconds
[2024-12-01T00:26:36.725+0000] {processor.py:161} INFO - Started process (PID=3233) to work on /opt/airflow/dags/include/functions.py
[2024-12-01T00:26:36.733+0000] {processor.py:830} INFO - Processing file /opt/airflow/dags/include/functions.py for tasks to queue
[2024-12-01T00:26:36.738+0000] {logging_mixin.py:188} INFO - [2024-12-01T00:26:36.737+0000] {dagbag.py:545} INFO - Filling up the DagBag from /opt/airflow/dags/include/functions.py
[2024-12-01T00:26:39.426+0000] {processor.py:842} WARNING - No viable dags retrieved from /opt/airflow/dags/include/functions.py
[2024-12-01T00:26:39.482+0000] {processor.py:183} INFO - Processing /opt/airflow/dags/include/functions.py took 2.803 seconds
[2024-12-01T00:27:10.025+0000] {processor.py:161} INFO - Started process (PID=3251) to work on /opt/airflow/dags/include/functions.py
[2024-12-01T00:27:10.038+0000] {processor.py:830} INFO - Processing file /opt/airflow/dags/include/functions.py for tasks to queue
[2024-12-01T00:27:10.040+0000] {logging_mixin.py:188} INFO - [2024-12-01T00:27:10.039+0000] {dagbag.py:545} INFO - Filling up the DagBag from /opt/airflow/dags/include/functions.py
[2024-12-01T00:27:11.767+0000] {processor.py:842} WARNING - No viable dags retrieved from /opt/airflow/dags/include/functions.py
[2024-12-01T00:27:11.821+0000] {processor.py:183} INFO - Processing /opt/airflow/dags/include/functions.py took 1.814 seconds
[2024-12-01T00:27:42.526+0000] {processor.py:161} INFO - Started process (PID=3270) to work on /opt/airflow/dags/include/functions.py
[2024-12-01T00:27:42.540+0000] {processor.py:830} INFO - Processing file /opt/airflow/dags/include/functions.py for tasks to queue
[2024-12-01T00:27:42.553+0000] {logging_mixin.py:188} INFO - [2024-12-01T00:27:42.544+0000] {dagbag.py:545} INFO - Filling up the DagBag from /opt/airflow/dags/include/functions.py
[2024-12-01T00:27:43.945+0000] {processor.py:842} WARNING - No viable dags retrieved from /opt/airflow/dags/include/functions.py
[2024-12-01T00:27:43.976+0000] {processor.py:183} INFO - Processing /opt/airflow/dags/include/functions.py took 1.501 seconds
[2024-12-01T00:28:14.387+0000] {processor.py:161} INFO - Started process (PID=3288) to work on /opt/airflow/dags/include/functions.py
[2024-12-01T00:28:14.388+0000] {processor.py:830} INFO - Processing file /opt/airflow/dags/include/functions.py for tasks to queue
[2024-12-01T00:28:14.391+0000] {logging_mixin.py:188} INFO - [2024-12-01T00:28:14.389+0000] {dagbag.py:545} INFO - Filling up the DagBag from /opt/airflow/dags/include/functions.py
[2024-12-01T00:28:15.825+0000] {processor.py:842} WARNING - No viable dags retrieved from /opt/airflow/dags/include/functions.py
[2024-12-01T00:28:15.850+0000] {processor.py:183} INFO - Processing /opt/airflow/dags/include/functions.py took 1.481 seconds
[2024-12-01T00:28:46.256+0000] {processor.py:161} INFO - Started process (PID=3306) to work on /opt/airflow/dags/include/functions.py
[2024-12-01T00:28:46.263+0000] {processor.py:830} INFO - Processing file /opt/airflow/dags/include/functions.py for tasks to queue
[2024-12-01T00:28:46.268+0000] {logging_mixin.py:188} INFO - [2024-12-01T00:28:46.265+0000] {dagbag.py:545} INFO - Filling up the DagBag from /opt/airflow/dags/include/functions.py
[2024-12-01T00:28:48.089+0000] {processor.py:842} WARNING - No viable dags retrieved from /opt/airflow/dags/include/functions.py
[2024-12-01T00:28:48.139+0000] {processor.py:183} INFO - Processing /opt/airflow/dags/include/functions.py took 1.946 seconds
[2024-12-01T00:29:18.636+0000] {processor.py:161} INFO - Started process (PID=3330) to work on /opt/airflow/dags/include/functions.py
[2024-12-01T00:29:18.643+0000] {processor.py:830} INFO - Processing file /opt/airflow/dags/include/functions.py for tasks to queue
[2024-12-01T00:29:18.657+0000] {logging_mixin.py:188} INFO - [2024-12-01T00:29:18.656+0000] {dagbag.py:545} INFO - Filling up the DagBag from /opt/airflow/dags/include/functions.py
[2024-12-01T00:29:20.022+0000] {processor.py:842} WARNING - No viable dags retrieved from /opt/airflow/dags/include/functions.py
[2024-12-01T00:29:20.058+0000] {processor.py:183} INFO - Processing /opt/airflow/dags/include/functions.py took 1.471 seconds
[2024-12-01T00:29:50.436+0000] {processor.py:161} INFO - Started process (PID=3348) to work on /opt/airflow/dags/include/functions.py
[2024-12-01T00:29:50.440+0000] {processor.py:830} INFO - Processing file /opt/airflow/dags/include/functions.py for tasks to queue
[2024-12-01T00:29:50.442+0000] {logging_mixin.py:188} INFO - [2024-12-01T00:29:50.441+0000] {dagbag.py:545} INFO - Filling up the DagBag from /opt/airflow/dags/include/functions.py
[2024-12-01T00:29:51.931+0000] {processor.py:842} WARNING - No viable dags retrieved from /opt/airflow/dags/include/functions.py
[2024-12-01T00:29:51.958+0000] {processor.py:183} INFO - Processing /opt/airflow/dags/include/functions.py took 1.555 seconds
[2024-12-01T00:30:22.337+0000] {processor.py:161} INFO - Started process (PID=3365) to work on /opt/airflow/dags/include/functions.py
[2024-12-01T00:30:22.341+0000] {processor.py:830} INFO - Processing file /opt/airflow/dags/include/functions.py for tasks to queue
[2024-12-01T00:30:22.344+0000] {logging_mixin.py:188} INFO - [2024-12-01T00:30:22.343+0000] {dagbag.py:545} INFO - Filling up the DagBag from /opt/airflow/dags/include/functions.py
[2024-12-01T00:30:25.022+0000] {processor.py:842} WARNING - No viable dags retrieved from /opt/airflow/dags/include/functions.py
[2024-12-01T00:30:25.090+0000] {processor.py:183} INFO - Processing /opt/airflow/dags/include/functions.py took 2.795 seconds
[2024-12-01T00:30:55.497+0000] {processor.py:161} INFO - Started process (PID=3383) to work on /opt/airflow/dags/include/functions.py
[2024-12-01T00:30:55.520+0000] {processor.py:830} INFO - Processing file /opt/airflow/dags/include/functions.py for tasks to queue
[2024-12-01T00:30:55.522+0000] {logging_mixin.py:188} INFO - [2024-12-01T00:30:55.521+0000] {dagbag.py:545} INFO - Filling up the DagBag from /opt/airflow/dags/include/functions.py
[2024-12-01T00:30:58.372+0000] {processor.py:842} WARNING - No viable dags retrieved from /opt/airflow/dags/include/functions.py
[2024-12-01T00:30:58.441+0000] {processor.py:183} INFO - Processing /opt/airflow/dags/include/functions.py took 2.976 seconds
[2024-12-01T00:31:28.752+0000] {processor.py:161} INFO - Started process (PID=3403) to work on /opt/airflow/dags/include/functions.py
[2024-12-01T00:31:28.769+0000] {processor.py:830} INFO - Processing file /opt/airflow/dags/include/functions.py for tasks to queue
[2024-12-01T00:31:28.771+0000] {logging_mixin.py:188} INFO - [2024-12-01T00:31:28.771+0000] {dagbag.py:545} INFO - Filling up the DagBag from /opt/airflow/dags/include/functions.py
[2024-12-01T00:31:30.462+0000] {processor.py:842} WARNING - No viable dags retrieved from /opt/airflow/dags/include/functions.py
[2024-12-01T00:31:30.479+0000] {processor.py:183} INFO - Processing /opt/airflow/dags/include/functions.py took 1.747 seconds
[2024-12-01T00:32:00.630+0000] {processor.py:161} INFO - Started process (PID=3420) to work on /opt/airflow/dags/include/functions.py
[2024-12-01T00:32:00.638+0000] {processor.py:830} INFO - Processing file /opt/airflow/dags/include/functions.py for tasks to queue
[2024-12-01T00:32:00.640+0000] {logging_mixin.py:188} INFO - [2024-12-01T00:32:00.639+0000] {dagbag.py:545} INFO - Filling up the DagBag from /opt/airflow/dags/include/functions.py
[2024-12-01T00:32:02.117+0000] {processor.py:842} WARNING - No viable dags retrieved from /opt/airflow/dags/include/functions.py
[2024-12-01T00:32:02.142+0000] {processor.py:183} INFO - Processing /opt/airflow/dags/include/functions.py took 1.525 seconds
[2024-12-01T00:32:32.454+0000] {processor.py:161} INFO - Started process (PID=3438) to work on /opt/airflow/dags/include/functions.py
[2024-12-01T00:32:32.457+0000] {processor.py:830} INFO - Processing file /opt/airflow/dags/include/functions.py for tasks to queue
[2024-12-01T00:32:32.459+0000] {logging_mixin.py:188} INFO - [2024-12-01T00:32:32.458+0000] {dagbag.py:545} INFO - Filling up the DagBag from /opt/airflow/dags/include/functions.py
[2024-12-01T00:32:33.896+0000] {processor.py:842} WARNING - No viable dags retrieved from /opt/airflow/dags/include/functions.py
[2024-12-01T00:32:33.940+0000] {processor.py:183} INFO - Processing /opt/airflow/dags/include/functions.py took 1.500 seconds
[2024-12-01T00:33:04.333+0000] {processor.py:161} INFO - Started process (PID=3456) to work on /opt/airflow/dags/include/functions.py
[2024-12-01T00:33:04.336+0000] {processor.py:830} INFO - Processing file /opt/airflow/dags/include/functions.py for tasks to queue
[2024-12-01T00:33:04.339+0000] {logging_mixin.py:188} INFO - [2024-12-01T00:33:04.338+0000] {dagbag.py:545} INFO - Filling up the DagBag from /opt/airflow/dags/include/functions.py
[2024-12-01T00:33:05.757+0000] {processor.py:842} WARNING - No viable dags retrieved from /opt/airflow/dags/include/functions.py
[2024-12-01T00:33:05.789+0000] {processor.py:183} INFO - Processing /opt/airflow/dags/include/functions.py took 1.470 seconds
[2024-12-01T00:33:36.097+0000] {processor.py:161} INFO - Started process (PID=3474) to work on /opt/airflow/dags/include/functions.py
[2024-12-01T00:33:36.101+0000] {processor.py:830} INFO - Processing file /opt/airflow/dags/include/functions.py for tasks to queue
[2024-12-01T00:33:36.103+0000] {logging_mixin.py:188} INFO - [2024-12-01T00:33:36.103+0000] {dagbag.py:545} INFO - Filling up the DagBag from /opt/airflow/dags/include/functions.py
[2024-12-01T00:33:37.713+0000] {processor.py:842} WARNING - No viable dags retrieved from /opt/airflow/dags/include/functions.py
[2024-12-01T00:33:37.760+0000] {processor.py:183} INFO - Processing /opt/airflow/dags/include/functions.py took 1.680 seconds
[2024-12-01T00:34:08.120+0000] {processor.py:161} INFO - Started process (PID=3492) to work on /opt/airflow/dags/include/functions.py
[2024-12-01T00:34:08.129+0000] {processor.py:830} INFO - Processing file /opt/airflow/dags/include/functions.py for tasks to queue
[2024-12-01T00:34:08.134+0000] {logging_mixin.py:188} INFO - [2024-12-01T00:34:08.130+0000] {dagbag.py:545} INFO - Filling up the DagBag from /opt/airflow/dags/include/functions.py
[2024-12-01T00:34:10.474+0000] {processor.py:842} WARNING - No viable dags retrieved from /opt/airflow/dags/include/functions.py
[2024-12-01T00:34:10.517+0000] {processor.py:183} INFO - Processing /opt/airflow/dags/include/functions.py took 2.411 seconds
[2024-12-01T00:34:40.862+0000] {processor.py:161} INFO - Started process (PID=3507) to work on /opt/airflow/dags/include/functions.py
[2024-12-01T00:34:40.872+0000] {processor.py:830} INFO - Processing file /opt/airflow/dags/include/functions.py for tasks to queue
[2024-12-01T00:34:40.874+0000] {logging_mixin.py:188} INFO - [2024-12-01T00:34:40.873+0000] {dagbag.py:545} INFO - Filling up the DagBag from /opt/airflow/dags/include/functions.py
[2024-12-01T00:34:43.414+0000] {processor.py:842} WARNING - No viable dags retrieved from /opt/airflow/dags/include/functions.py
[2024-12-01T00:34:43.476+0000] {processor.py:183} INFO - Processing /opt/airflow/dags/include/functions.py took 2.637 seconds
[2024-12-01T00:35:13.813+0000] {processor.py:161} INFO - Started process (PID=3525) to work on /opt/airflow/dags/include/functions.py
[2024-12-01T00:35:13.830+0000] {processor.py:830} INFO - Processing file /opt/airflow/dags/include/functions.py for tasks to queue
[2024-12-01T00:35:13.833+0000] {logging_mixin.py:188} INFO - [2024-12-01T00:35:13.831+0000] {dagbag.py:545} INFO - Filling up the DagBag from /opt/airflow/dags/include/functions.py
[2024-12-01T00:35:15.206+0000] {processor.py:842} WARNING - No viable dags retrieved from /opt/airflow/dags/include/functions.py
[2024-12-01T00:35:15.237+0000] {processor.py:183} INFO - Processing /opt/airflow/dags/include/functions.py took 1.435 seconds
[2024-12-01T00:35:45.558+0000] {processor.py:161} INFO - Started process (PID=3543) to work on /opt/airflow/dags/include/functions.py
[2024-12-01T00:35:45.560+0000] {processor.py:830} INFO - Processing file /opt/airflow/dags/include/functions.py for tasks to queue
[2024-12-01T00:35:45.561+0000] {logging_mixin.py:188} INFO - [2024-12-01T00:35:45.561+0000] {dagbag.py:545} INFO - Filling up the DagBag from /opt/airflow/dags/include/functions.py
[2024-12-01T00:35:46.983+0000] {processor.py:842} WARNING - No viable dags retrieved from /opt/airflow/dags/include/functions.py
[2024-12-01T00:35:47.010+0000] {processor.py:183} INFO - Processing /opt/airflow/dags/include/functions.py took 1.465 seconds
[2024-12-01T00:36:17.387+0000] {processor.py:161} INFO - Started process (PID=3561) to work on /opt/airflow/dags/include/functions.py
[2024-12-01T00:36:17.404+0000] {processor.py:830} INFO - Processing file /opt/airflow/dags/include/functions.py for tasks to queue
[2024-12-01T00:36:17.406+0000] {logging_mixin.py:188} INFO - [2024-12-01T00:36:17.405+0000] {dagbag.py:545} INFO - Filling up the DagBag from /opt/airflow/dags/include/functions.py
[2024-12-01T00:36:18.894+0000] {processor.py:842} WARNING - No viable dags retrieved from /opt/airflow/dags/include/functions.py
[2024-12-01T00:36:18.940+0000] {processor.py:183} INFO - Processing /opt/airflow/dags/include/functions.py took 1.567 seconds
[2024-12-01T00:36:49.222+0000] {processor.py:161} INFO - Started process (PID=3580) to work on /opt/airflow/dags/include/functions.py
[2024-12-01T00:36:49.228+0000] {processor.py:830} INFO - Processing file /opt/airflow/dags/include/functions.py for tasks to queue
[2024-12-01T00:36:49.230+0000] {logging_mixin.py:188} INFO - [2024-12-01T00:36:49.230+0000] {dagbag.py:545} INFO - Filling up the DagBag from /opt/airflow/dags/include/functions.py
[2024-12-01T00:36:50.455+0000] {processor.py:842} WARNING - No viable dags retrieved from /opt/airflow/dags/include/functions.py
[2024-12-01T00:36:50.480+0000] {processor.py:183} INFO - Processing /opt/airflow/dags/include/functions.py took 1.271 seconds
[2024-12-01T00:37:20.728+0000] {processor.py:161} INFO - Started process (PID=3597) to work on /opt/airflow/dags/include/functions.py
[2024-12-01T00:37:20.737+0000] {processor.py:830} INFO - Processing file /opt/airflow/dags/include/functions.py for tasks to queue
[2024-12-01T00:37:20.741+0000] {logging_mixin.py:188} INFO - [2024-12-01T00:37:20.738+0000] {dagbag.py:545} INFO - Filling up the DagBag from /opt/airflow/dags/include/functions.py
[2024-12-01T00:37:21.834+0000] {processor.py:842} WARNING - No viable dags retrieved from /opt/airflow/dags/include/functions.py
[2024-12-01T00:37:21.863+0000] {processor.py:183} INFO - Processing /opt/airflow/dags/include/functions.py took 1.149 seconds
[2024-12-01T00:37:52.120+0000] {processor.py:161} INFO - Started process (PID=3615) to work on /opt/airflow/dags/include/functions.py
[2024-12-01T00:37:52.136+0000] {processor.py:830} INFO - Processing file /opt/airflow/dags/include/functions.py for tasks to queue
[2024-12-01T00:37:52.137+0000] {logging_mixin.py:188} INFO - [2024-12-01T00:37:52.137+0000] {dagbag.py:545} INFO - Filling up the DagBag from /opt/airflow/dags/include/functions.py
[2024-12-01T00:37:53.705+0000] {processor.py:842} WARNING - No viable dags retrieved from /opt/airflow/dags/include/functions.py
[2024-12-01T00:37:53.823+0000] {processor.py:183} INFO - Processing /opt/airflow/dags/include/functions.py took 1.734 seconds
[2024-12-01T00:38:24.457+0000] {processor.py:161} INFO - Started process (PID=3638) to work on /opt/airflow/dags/include/functions.py
[2024-12-01T00:38:24.472+0000] {processor.py:830} INFO - Processing file /opt/airflow/dags/include/functions.py for tasks to queue
[2024-12-01T00:38:24.474+0000] {logging_mixin.py:188} INFO - [2024-12-01T00:38:24.474+0000] {dagbag.py:545} INFO - Filling up the DagBag from /opt/airflow/dags/include/functions.py
[2024-12-01T00:38:25.427+0000] {processor.py:842} WARNING - No viable dags retrieved from /opt/airflow/dags/include/functions.py
[2024-12-01T00:38:25.460+0000] {processor.py:183} INFO - Processing /opt/airflow/dags/include/functions.py took 1.024 seconds
[2024-12-01T00:38:55.791+0000] {processor.py:161} INFO - Started process (PID=3656) to work on /opt/airflow/dags/include/functions.py
[2024-12-01T00:38:55.805+0000] {processor.py:830} INFO - Processing file /opt/airflow/dags/include/functions.py for tasks to queue
[2024-12-01T00:38:55.807+0000] {logging_mixin.py:188} INFO - [2024-12-01T00:38:55.807+0000] {dagbag.py:545} INFO - Filling up the DagBag from /opt/airflow/dags/include/functions.py
[2024-12-01T00:38:56.842+0000] {processor.py:842} WARNING - No viable dags retrieved from /opt/airflow/dags/include/functions.py
[2024-12-01T00:38:56.872+0000] {processor.py:183} INFO - Processing /opt/airflow/dags/include/functions.py took 1.094 seconds
[2024-12-01T00:39:27.177+0000] {processor.py:161} INFO - Started process (PID=3674) to work on /opt/airflow/dags/include/functions.py
[2024-12-01T00:39:27.197+0000] {processor.py:830} INFO - Processing file /opt/airflow/dags/include/functions.py for tasks to queue
[2024-12-01T00:39:27.201+0000] {logging_mixin.py:188} INFO - [2024-12-01T00:39:27.200+0000] {dagbag.py:545} INFO - Filling up the DagBag from /opt/airflow/dags/include/functions.py
[2024-12-01T00:39:28.248+0000] {processor.py:842} WARNING - No viable dags retrieved from /opt/airflow/dags/include/functions.py
[2024-12-01T00:39:28.265+0000] {processor.py:183} INFO - Processing /opt/airflow/dags/include/functions.py took 1.104 seconds
[2024-12-01T00:39:58.547+0000] {processor.py:161} INFO - Started process (PID=3692) to work on /opt/airflow/dags/include/functions.py
[2024-12-01T00:39:58.571+0000] {processor.py:830} INFO - Processing file /opt/airflow/dags/include/functions.py for tasks to queue
[2024-12-01T00:39:58.573+0000] {logging_mixin.py:188} INFO - [2024-12-01T00:39:58.572+0000] {dagbag.py:545} INFO - Filling up the DagBag from /opt/airflow/dags/include/functions.py
[2024-12-01T00:39:59.599+0000] {processor.py:842} WARNING - No viable dags retrieved from /opt/airflow/dags/include/functions.py
[2024-12-01T00:39:59.627+0000] {processor.py:183} INFO - Processing /opt/airflow/dags/include/functions.py took 1.100 seconds
[2024-12-01T00:40:29.913+0000] {processor.py:161} INFO - Started process (PID=3711) to work on /opt/airflow/dags/include/functions.py
[2024-12-01T00:40:29.929+0000] {processor.py:830} INFO - Processing file /opt/airflow/dags/include/functions.py for tasks to queue
[2024-12-01T00:40:29.933+0000] {logging_mixin.py:188} INFO - [2024-12-01T00:40:29.932+0000] {dagbag.py:545} INFO - Filling up the DagBag from /opt/airflow/dags/include/functions.py
[2024-12-01T00:40:30.977+0000] {processor.py:842} WARNING - No viable dags retrieved from /opt/airflow/dags/include/functions.py
[2024-12-01T00:40:30.994+0000] {processor.py:183} INFO - Processing /opt/airflow/dags/include/functions.py took 1.092 seconds
[2024-12-01T00:41:01.339+0000] {processor.py:161} INFO - Started process (PID=3728) to work on /opt/airflow/dags/include/functions.py
[2024-12-01T00:41:01.355+0000] {processor.py:830} INFO - Processing file /opt/airflow/dags/include/functions.py for tasks to queue
[2024-12-01T00:41:01.357+0000] {logging_mixin.py:188} INFO - [2024-12-01T00:41:01.357+0000] {dagbag.py:545} INFO - Filling up the DagBag from /opt/airflow/dags/include/functions.py
[2024-12-01T00:41:02.678+0000] {processor.py:842} WARNING - No viable dags retrieved from /opt/airflow/dags/include/functions.py
[2024-12-01T00:41:02.703+0000] {processor.py:183} INFO - Processing /opt/airflow/dags/include/functions.py took 1.382 seconds
[2024-12-01T00:41:33.034+0000] {processor.py:161} INFO - Started process (PID=3745) to work on /opt/airflow/dags/include/functions.py
[2024-12-01T00:41:33.055+0000] {processor.py:830} INFO - Processing file /opt/airflow/dags/include/functions.py for tasks to queue
[2024-12-01T00:41:33.057+0000] {logging_mixin.py:188} INFO - [2024-12-01T00:41:33.056+0000] {dagbag.py:545} INFO - Filling up the DagBag from /opt/airflow/dags/include/functions.py
[2024-12-01T00:41:34.560+0000] {processor.py:842} WARNING - No viable dags retrieved from /opt/airflow/dags/include/functions.py
[2024-12-01T00:41:34.590+0000] {processor.py:183} INFO - Processing /opt/airflow/dags/include/functions.py took 1.591 seconds
[2024-12-01T00:42:04.887+0000] {processor.py:161} INFO - Started process (PID=3763) to work on /opt/airflow/dags/include/functions.py
[2024-12-01T00:42:04.889+0000] {processor.py:830} INFO - Processing file /opt/airflow/dags/include/functions.py for tasks to queue
[2024-12-01T00:42:04.891+0000] {logging_mixin.py:188} INFO - [2024-12-01T00:42:04.891+0000] {dagbag.py:545} INFO - Filling up the DagBag from /opt/airflow/dags/include/functions.py
[2024-12-01T00:42:05.942+0000] {processor.py:842} WARNING - No viable dags retrieved from /opt/airflow/dags/include/functions.py
[2024-12-01T00:42:05.960+0000] {processor.py:183} INFO - Processing /opt/airflow/dags/include/functions.py took 1.087 seconds
[2024-12-01T00:42:36.271+0000] {processor.py:161} INFO - Started process (PID=3781) to work on /opt/airflow/dags/include/functions.py
[2024-12-01T00:42:36.287+0000] {processor.py:830} INFO - Processing file /opt/airflow/dags/include/functions.py for tasks to queue
[2024-12-01T00:42:36.291+0000] {logging_mixin.py:188} INFO - [2024-12-01T00:42:36.290+0000] {dagbag.py:545} INFO - Filling up the DagBag from /opt/airflow/dags/include/functions.py
[2024-12-01T00:42:37.306+0000] {processor.py:842} WARNING - No viable dags retrieved from /opt/airflow/dags/include/functions.py
[2024-12-01T00:42:37.323+0000] {processor.py:183} INFO - Processing /opt/airflow/dags/include/functions.py took 1.066 seconds
[2024-12-01T00:43:07.708+0000] {processor.py:161} INFO - Started process (PID=3799) to work on /opt/airflow/dags/include/functions.py
[2024-12-01T00:43:07.726+0000] {processor.py:830} INFO - Processing file /opt/airflow/dags/include/functions.py for tasks to queue
[2024-12-01T00:43:07.728+0000] {logging_mixin.py:188} INFO - [2024-12-01T00:43:07.727+0000] {dagbag.py:545} INFO - Filling up the DagBag from /opt/airflow/dags/include/functions.py
[2024-12-01T00:43:08.855+0000] {processor.py:842} WARNING - No viable dags retrieved from /opt/airflow/dags/include/functions.py
[2024-12-01T00:43:08.890+0000] {processor.py:183} INFO - Processing /opt/airflow/dags/include/functions.py took 1.194 seconds
[2024-12-01T00:43:39.191+0000] {processor.py:161} INFO - Started process (PID=3816) to work on /opt/airflow/dags/include/functions.py
[2024-12-01T00:43:39.208+0000] {processor.py:830} INFO - Processing file /opt/airflow/dags/include/functions.py for tasks to queue
[2024-12-01T00:43:39.210+0000] {logging_mixin.py:188} INFO - [2024-12-01T00:43:39.209+0000] {dagbag.py:545} INFO - Filling up the DagBag from /opt/airflow/dags/include/functions.py
[2024-12-01T00:43:40.215+0000] {processor.py:842} WARNING - No viable dags retrieved from /opt/airflow/dags/include/functions.py
[2024-12-01T00:43:40.233+0000] {processor.py:183} INFO - Processing /opt/airflow/dags/include/functions.py took 1.055 seconds
[2024-12-01T00:44:10.564+0000] {processor.py:161} INFO - Started process (PID=3833) to work on /opt/airflow/dags/include/functions.py
[2024-12-01T00:44:10.581+0000] {processor.py:830} INFO - Processing file /opt/airflow/dags/include/functions.py for tasks to queue
[2024-12-01T00:44:10.585+0000] {logging_mixin.py:188} INFO - [2024-12-01T00:44:10.584+0000] {dagbag.py:545} INFO - Filling up the DagBag from /opt/airflow/dags/include/functions.py
[2024-12-01T00:44:11.613+0000] {processor.py:842} WARNING - No viable dags retrieved from /opt/airflow/dags/include/functions.py
[2024-12-01T00:44:11.635+0000] {processor.py:183} INFO - Processing /opt/airflow/dags/include/functions.py took 1.083 seconds
[2024-12-01T00:44:41.929+0000] {processor.py:161} INFO - Started process (PID=3851) to work on /opt/airflow/dags/include/functions.py
[2024-12-01T00:44:41.950+0000] {processor.py:830} INFO - Processing file /opt/airflow/dags/include/functions.py for tasks to queue
[2024-12-01T00:44:41.952+0000] {logging_mixin.py:188} INFO - [2024-12-01T00:44:41.951+0000] {dagbag.py:545} INFO - Filling up the DagBag from /opt/airflow/dags/include/functions.py
[2024-12-01T00:44:43.406+0000] {processor.py:842} WARNING - No viable dags retrieved from /opt/airflow/dags/include/functions.py
[2024-12-01T00:44:43.473+0000] {processor.py:183} INFO - Processing /opt/airflow/dags/include/functions.py took 1.556 seconds
[2024-12-01T00:45:13.782+0000] {processor.py:161} INFO - Started process (PID=3868) to work on /opt/airflow/dags/include/functions.py
[2024-12-01T00:45:13.801+0000] {processor.py:830} INFO - Processing file /opt/airflow/dags/include/functions.py for tasks to queue
[2024-12-01T00:45:13.804+0000] {logging_mixin.py:188} INFO - [2024-12-01T00:45:13.803+0000] {dagbag.py:545} INFO - Filling up the DagBag from /opt/airflow/dags/include/functions.py
[2024-12-01T00:45:14.934+0000] {processor.py:842} WARNING - No viable dags retrieved from /opt/airflow/dags/include/functions.py
[2024-12-01T00:45:15.002+0000] {processor.py:183} INFO - Processing /opt/airflow/dags/include/functions.py took 1.236 seconds
[2024-12-01T00:45:45.289+0000] {processor.py:161} INFO - Started process (PID=3886) to work on /opt/airflow/dags/include/functions.py
[2024-12-01T00:45:45.309+0000] {processor.py:830} INFO - Processing file /opt/airflow/dags/include/functions.py for tasks to queue
[2024-12-01T00:45:45.312+0000] {logging_mixin.py:188} INFO - [2024-12-01T00:45:45.312+0000] {dagbag.py:545} INFO - Filling up the DagBag from /opt/airflow/dags/include/functions.py
[2024-12-01T00:45:46.518+0000] {processor.py:842} WARNING - No viable dags retrieved from /opt/airflow/dags/include/functions.py
[2024-12-01T00:45:46.538+0000] {processor.py:183} INFO - Processing /opt/airflow/dags/include/functions.py took 1.262 seconds
[2024-12-01T00:46:16.794+0000] {processor.py:161} INFO - Started process (PID=3904) to work on /opt/airflow/dags/include/functions.py
[2024-12-01T00:46:16.809+0000] {processor.py:830} INFO - Processing file /opt/airflow/dags/include/functions.py for tasks to queue
[2024-12-01T00:46:16.811+0000] {logging_mixin.py:188} INFO - [2024-12-01T00:46:16.811+0000] {dagbag.py:545} INFO - Filling up the DagBag from /opt/airflow/dags/include/functions.py
[2024-12-01T00:46:17.789+0000] {processor.py:842} WARNING - No viable dags retrieved from /opt/airflow/dags/include/functions.py
[2024-12-01T00:46:17.809+0000] {processor.py:183} INFO - Processing /opt/airflow/dags/include/functions.py took 1.032 seconds
[2024-12-01T00:46:48.087+0000] {processor.py:161} INFO - Started process (PID=3922) to work on /opt/airflow/dags/include/functions.py
[2024-12-01T00:46:48.099+0000] {processor.py:830} INFO - Processing file /opt/airflow/dags/include/functions.py for tasks to queue
[2024-12-01T00:46:48.101+0000] {logging_mixin.py:188} INFO - [2024-12-01T00:46:48.101+0000] {dagbag.py:545} INFO - Filling up the DagBag from /opt/airflow/dags/include/functions.py
[2024-12-01T00:46:49.182+0000] {processor.py:842} WARNING - No viable dags retrieved from /opt/airflow/dags/include/functions.py
[2024-12-01T00:46:49.221+0000] {processor.py:183} INFO - Processing /opt/airflow/dags/include/functions.py took 1.149 seconds
[2024-12-01T00:47:19.573+0000] {processor.py:161} INFO - Started process (PID=3940) to work on /opt/airflow/dags/include/functions.py
[2024-12-01T00:47:19.575+0000] {processor.py:830} INFO - Processing file /opt/airflow/dags/include/functions.py for tasks to queue
[2024-12-01T00:47:19.576+0000] {logging_mixin.py:188} INFO - [2024-12-01T00:47:19.576+0000] {dagbag.py:545} INFO - Filling up the DagBag from /opt/airflow/dags/include/functions.py
[2024-12-01T00:47:20.637+0000] {processor.py:842} WARNING - No viable dags retrieved from /opt/airflow/dags/include/functions.py
[2024-12-01T00:47:20.656+0000] {processor.py:183} INFO - Processing /opt/airflow/dags/include/functions.py took 1.098 seconds
[2024-12-01T00:47:51.038+0000] {processor.py:161} INFO - Started process (PID=3958) to work on /opt/airflow/dags/include/functions.py
[2024-12-01T00:47:51.054+0000] {processor.py:830} INFO - Processing file /opt/airflow/dags/include/functions.py for tasks to queue
[2024-12-01T00:47:51.056+0000] {logging_mixin.py:188} INFO - [2024-12-01T00:47:51.055+0000] {dagbag.py:545} INFO - Filling up the DagBag from /opt/airflow/dags/include/functions.py
[2024-12-01T00:47:52.438+0000] {processor.py:842} WARNING - No viable dags retrieved from /opt/airflow/dags/include/functions.py
[2024-12-01T00:47:52.481+0000] {processor.py:183} INFO - Processing /opt/airflow/dags/include/functions.py took 1.462 seconds
[2024-12-01T00:48:22.729+0000] {processor.py:161} INFO - Started process (PID=3976) to work on /opt/airflow/dags/include/functions.py
[2024-12-01T00:48:22.730+0000] {processor.py:830} INFO - Processing file /opt/airflow/dags/include/functions.py for tasks to queue
[2024-12-01T00:48:22.732+0000] {logging_mixin.py:188} INFO - [2024-12-01T00:48:22.732+0000] {dagbag.py:545} INFO - Filling up the DagBag from /opt/airflow/dags/include/functions.py
[2024-12-01T00:48:23.799+0000] {processor.py:842} WARNING - No viable dags retrieved from /opt/airflow/dags/include/functions.py
[2024-12-01T00:48:23.834+0000] {processor.py:183} INFO - Processing /opt/airflow/dags/include/functions.py took 1.121 seconds
[2024-12-01T00:48:54.173+0000] {processor.py:161} INFO - Started process (PID=3994) to work on /opt/airflow/dags/include/functions.py
[2024-12-01T00:48:54.187+0000] {processor.py:830} INFO - Processing file /opt/airflow/dags/include/functions.py for tasks to queue
[2024-12-01T00:48:54.193+0000] {logging_mixin.py:188} INFO - [2024-12-01T00:48:54.190+0000] {dagbag.py:545} INFO - Filling up the DagBag from /opt/airflow/dags/include/functions.py
[2024-12-01T00:48:55.263+0000] {processor.py:842} WARNING - No viable dags retrieved from /opt/airflow/dags/include/functions.py
[2024-12-01T00:48:55.292+0000] {processor.py:183} INFO - Processing /opt/airflow/dags/include/functions.py took 1.136 seconds
[2024-12-01T00:49:25.618+0000] {processor.py:161} INFO - Started process (PID=4012) to work on /opt/airflow/dags/include/functions.py
[2024-12-01T00:49:25.636+0000] {processor.py:830} INFO - Processing file /opt/airflow/dags/include/functions.py for tasks to queue
[2024-12-01T00:49:25.638+0000] {logging_mixin.py:188} INFO - [2024-12-01T00:49:25.637+0000] {dagbag.py:545} INFO - Filling up the DagBag from /opt/airflow/dags/include/functions.py
[2024-12-01T00:49:26.683+0000] {processor.py:842} WARNING - No viable dags retrieved from /opt/airflow/dags/include/functions.py
[2024-12-01T00:49:26.700+0000] {processor.py:183} INFO - Processing /opt/airflow/dags/include/functions.py took 1.095 seconds
[2024-12-01T00:49:56.991+0000] {processor.py:161} INFO - Started process (PID=4030) to work on /opt/airflow/dags/include/functions.py
[2024-12-01T00:49:56.992+0000] {processor.py:830} INFO - Processing file /opt/airflow/dags/include/functions.py for tasks to queue
[2024-12-01T00:49:56.994+0000] {logging_mixin.py:188} INFO - [2024-12-01T00:49:56.993+0000] {dagbag.py:545} INFO - Filling up the DagBag from /opt/airflow/dags/include/functions.py
[2024-12-01T00:49:58.066+0000] {processor.py:842} WARNING - No viable dags retrieved from /opt/airflow/dags/include/functions.py
[2024-12-01T00:49:58.089+0000] {processor.py:183} INFO - Processing /opt/airflow/dags/include/functions.py took 1.110 seconds
[2024-12-01T00:50:28.421+0000] {processor.py:161} INFO - Started process (PID=4048) to work on /opt/airflow/dags/include/functions.py
[2024-12-01T00:50:28.424+0000] {processor.py:830} INFO - Processing file /opt/airflow/dags/include/functions.py for tasks to queue
[2024-12-01T00:50:28.426+0000] {logging_mixin.py:188} INFO - [2024-12-01T00:50:28.425+0000] {dagbag.py:545} INFO - Filling up the DagBag from /opt/airflow/dags/include/functions.py
[2024-12-01T00:50:29.549+0000] {processor.py:842} WARNING - No viable dags retrieved from /opt/airflow/dags/include/functions.py
[2024-12-01T00:50:29.574+0000] {processor.py:183} INFO - Processing /opt/airflow/dags/include/functions.py took 1.174 seconds
[2024-12-01T00:50:59.925+0000] {processor.py:161} INFO - Started process (PID=4066) to work on /opt/airflow/dags/include/functions.py
[2024-12-01T00:50:59.940+0000] {processor.py:830} INFO - Processing file /opt/airflow/dags/include/functions.py for tasks to queue
[2024-12-01T00:50:59.942+0000] {logging_mixin.py:188} INFO - [2024-12-01T00:50:59.941+0000] {dagbag.py:545} INFO - Filling up the DagBag from /opt/airflow/dags/include/functions.py
[2024-12-01T00:51:00.962+0000] {processor.py:842} WARNING - No viable dags retrieved from /opt/airflow/dags/include/functions.py
[2024-12-01T00:51:00.979+0000] {processor.py:183} INFO - Processing /opt/airflow/dags/include/functions.py took 1.092 seconds
[2024-12-01T00:51:31.304+0000] {processor.py:161} INFO - Started process (PID=4083) to work on /opt/airflow/dags/include/functions.py
[2024-12-01T00:51:31.308+0000] {processor.py:830} INFO - Processing file /opt/airflow/dags/include/functions.py for tasks to queue
[2024-12-01T00:51:31.311+0000] {logging_mixin.py:188} INFO - [2024-12-01T00:51:31.310+0000] {dagbag.py:545} INFO - Filling up the DagBag from /opt/airflow/dags/include/functions.py
[2024-12-01T00:51:32.827+0000] {processor.py:842} WARNING - No viable dags retrieved from /opt/airflow/dags/include/functions.py
[2024-12-01T00:51:32.864+0000] {processor.py:183} INFO - Processing /opt/airflow/dags/include/functions.py took 1.573 seconds
[2024-12-01T00:52:03.177+0000] {processor.py:161} INFO - Started process (PID=4100) to work on /opt/airflow/dags/include/functions.py
[2024-12-01T00:52:03.255+0000] {processor.py:830} INFO - Processing file /opt/airflow/dags/include/functions.py for tasks to queue
[2024-12-01T00:52:03.257+0000] {logging_mixin.py:188} INFO - [2024-12-01T00:52:03.257+0000] {dagbag.py:545} INFO - Filling up the DagBag from /opt/airflow/dags/include/functions.py
[2024-12-01T00:52:04.505+0000] {processor.py:842} WARNING - No viable dags retrieved from /opt/airflow/dags/include/functions.py
[2024-12-01T00:52:04.525+0000] {processor.py:183} INFO - Processing /opt/airflow/dags/include/functions.py took 1.365 seconds
[2024-12-01T00:52:34.838+0000] {processor.py:161} INFO - Started process (PID=4122) to work on /opt/airflow/dags/include/functions.py
[2024-12-01T00:52:34.855+0000] {processor.py:830} INFO - Processing file /opt/airflow/dags/include/functions.py for tasks to queue
[2024-12-01T00:52:34.857+0000] {logging_mixin.py:188} INFO - [2024-12-01T00:52:34.857+0000] {dagbag.py:545} INFO - Filling up the DagBag from /opt/airflow/dags/include/functions.py
[2024-12-01T00:52:35.892+0000] {processor.py:842} WARNING - No viable dags retrieved from /opt/airflow/dags/include/functions.py
[2024-12-01T00:52:35.909+0000] {processor.py:183} INFO - Processing /opt/airflow/dags/include/functions.py took 1.086 seconds
[2024-12-01T00:53:06.252+0000] {processor.py:161} INFO - Started process (PID=4140) to work on /opt/airflow/dags/include/functions.py
[2024-12-01T00:53:06.264+0000] {processor.py:830} INFO - Processing file /opt/airflow/dags/include/functions.py for tasks to queue
[2024-12-01T00:53:06.266+0000] {logging_mixin.py:188} INFO - [2024-12-01T00:53:06.265+0000] {dagbag.py:545} INFO - Filling up the DagBag from /opt/airflow/dags/include/functions.py
[2024-12-01T00:53:07.296+0000] {processor.py:842} WARNING - No viable dags retrieved from /opt/airflow/dags/include/functions.py
[2024-12-01T00:53:07.312+0000] {processor.py:183} INFO - Processing /opt/airflow/dags/include/functions.py took 1.074 seconds
[2024-12-01T00:53:37.624+0000] {processor.py:161} INFO - Started process (PID=4158) to work on /opt/airflow/dags/include/functions.py
[2024-12-01T00:53:37.639+0000] {processor.py:830} INFO - Processing file /opt/airflow/dags/include/functions.py for tasks to queue
[2024-12-01T00:53:37.641+0000] {logging_mixin.py:188} INFO - [2024-12-01T00:53:37.640+0000] {dagbag.py:545} INFO - Filling up the DagBag from /opt/airflow/dags/include/functions.py
[2024-12-01T00:53:38.734+0000] {processor.py:842} WARNING - No viable dags retrieved from /opt/airflow/dags/include/functions.py
[2024-12-01T00:53:38.754+0000] {processor.py:183} INFO - Processing /opt/airflow/dags/include/functions.py took 1.142 seconds
[2024-12-01T00:54:09.051+0000] {processor.py:161} INFO - Started process (PID=4175) to work on /opt/airflow/dags/include/functions.py
[2024-12-01T00:54:09.064+0000] {processor.py:830} INFO - Processing file /opt/airflow/dags/include/functions.py for tasks to queue
[2024-12-01T00:54:09.067+0000] {logging_mixin.py:188} INFO - [2024-12-01T00:54:09.065+0000] {dagbag.py:545} INFO - Filling up the DagBag from /opt/airflow/dags/include/functions.py
[2024-12-01T00:54:10.115+0000] {processor.py:842} WARNING - No viable dags retrieved from /opt/airflow/dags/include/functions.py
[2024-12-01T00:54:10.132+0000] {processor.py:183} INFO - Processing /opt/airflow/dags/include/functions.py took 1.094 seconds
[2024-12-01T00:54:40.437+0000] {processor.py:161} INFO - Started process (PID=4194) to work on /opt/airflow/dags/include/functions.py
[2024-12-01T00:54:40.455+0000] {processor.py:830} INFO - Processing file /opt/airflow/dags/include/functions.py for tasks to queue
[2024-12-01T00:54:40.457+0000] {logging_mixin.py:188} INFO - [2024-12-01T00:54:40.456+0000] {dagbag.py:545} INFO - Filling up the DagBag from /opt/airflow/dags/include/functions.py
[2024-12-01T00:54:41.823+0000] {processor.py:842} WARNING - No viable dags retrieved from /opt/airflow/dags/include/functions.py
[2024-12-01T00:54:41.851+0000] {processor.py:183} INFO - Processing /opt/airflow/dags/include/functions.py took 1.434 seconds
[2024-12-01T00:55:12.134+0000] {processor.py:161} INFO - Started process (PID=4212) to work on /opt/airflow/dags/include/functions.py
[2024-12-01T00:55:12.146+0000] {processor.py:830} INFO - Processing file /opt/airflow/dags/include/functions.py for tasks to queue
[2024-12-01T00:55:12.148+0000] {logging_mixin.py:188} INFO - [2024-12-01T00:55:12.147+0000] {dagbag.py:545} INFO - Filling up the DagBag from /opt/airflow/dags/include/functions.py
[2024-12-01T00:55:13.339+0000] {processor.py:842} WARNING - No viable dags retrieved from /opt/airflow/dags/include/functions.py
[2024-12-01T00:55:13.359+0000] {processor.py:183} INFO - Processing /opt/airflow/dags/include/functions.py took 1.238 seconds
[2024-12-01T00:55:43.661+0000] {processor.py:161} INFO - Started process (PID=4230) to work on /opt/airflow/dags/include/functions.py
[2024-12-01T00:55:43.678+0000] {processor.py:830} INFO - Processing file /opt/airflow/dags/include/functions.py for tasks to queue
[2024-12-01T00:55:43.680+0000] {logging_mixin.py:188} INFO - [2024-12-01T00:55:43.679+0000] {dagbag.py:545} INFO - Filling up the DagBag from /opt/airflow/dags/include/functions.py
[2024-12-01T00:55:44.856+0000] {processor.py:842} WARNING - No viable dags retrieved from /opt/airflow/dags/include/functions.py
[2024-12-01T00:55:44.877+0000] {processor.py:183} INFO - Processing /opt/airflow/dags/include/functions.py took 1.230 seconds
[2024-12-01T00:56:15.166+0000] {processor.py:161} INFO - Started process (PID=4248) to work on /opt/airflow/dags/include/functions.py
[2024-12-01T00:56:15.185+0000] {processor.py:830} INFO - Processing file /opt/airflow/dags/include/functions.py for tasks to queue
[2024-12-01T00:56:15.187+0000] {logging_mixin.py:188} INFO - [2024-12-01T00:56:15.186+0000] {dagbag.py:545} INFO - Filling up the DagBag from /opt/airflow/dags/include/functions.py
[2024-12-01T00:56:16.259+0000] {processor.py:842} WARNING - No viable dags retrieved from /opt/airflow/dags/include/functions.py
[2024-12-01T00:56:16.287+0000] {processor.py:183} INFO - Processing /opt/airflow/dags/include/functions.py took 1.141 seconds
[2024-12-01T00:56:46.580+0000] {processor.py:161} INFO - Started process (PID=4266) to work on /opt/airflow/dags/include/functions.py
[2024-12-01T00:56:46.589+0000] {processor.py:830} INFO - Processing file /opt/airflow/dags/include/functions.py for tasks to queue
[2024-12-01T00:56:46.591+0000] {logging_mixin.py:188} INFO - [2024-12-01T00:56:46.590+0000] {dagbag.py:545} INFO - Filling up the DagBag from /opt/airflow/dags/include/functions.py
[2024-12-01T00:56:47.604+0000] {processor.py:842} WARNING - No viable dags retrieved from /opt/airflow/dags/include/functions.py
[2024-12-01T00:56:47.624+0000] {processor.py:183} INFO - Processing /opt/airflow/dags/include/functions.py took 1.057 seconds
[2024-12-01T00:57:17.937+0000] {processor.py:161} INFO - Started process (PID=4284) to work on /opt/airflow/dags/include/functions.py
[2024-12-01T00:57:17.954+0000] {processor.py:830} INFO - Processing file /opt/airflow/dags/include/functions.py for tasks to queue
[2024-12-01T00:57:17.956+0000] {logging_mixin.py:188} INFO - [2024-12-01T00:57:17.956+0000] {dagbag.py:545} INFO - Filling up the DagBag from /opt/airflow/dags/include/functions.py
[2024-12-01T00:57:19.009+0000] {processor.py:842} WARNING - No viable dags retrieved from /opt/airflow/dags/include/functions.py
[2024-12-01T00:57:19.028+0000] {processor.py:183} INFO - Processing /opt/airflow/dags/include/functions.py took 1.104 seconds
[2024-12-01T00:57:49.467+0000] {processor.py:161} INFO - Started process (PID=4302) to work on /opt/airflow/dags/include/functions.py
[2024-12-01T00:57:49.478+0000] {processor.py:830} INFO - Processing file /opt/airflow/dags/include/functions.py for tasks to queue
[2024-12-01T00:57:49.480+0000] {logging_mixin.py:188} INFO - [2024-12-01T00:57:49.479+0000] {dagbag.py:545} INFO - Filling up the DagBag from /opt/airflow/dags/include/functions.py
[2024-12-01T00:57:51.005+0000] {processor.py:842} WARNING - No viable dags retrieved from /opt/airflow/dags/include/functions.py
[2024-12-01T00:57:51.027+0000] {processor.py:183} INFO - Processing /opt/airflow/dags/include/functions.py took 1.587 seconds
[2024-12-01T00:58:21.199+0000] {processor.py:161} INFO - Started process (PID=4319) to work on /opt/airflow/dags/include/functions.py
[2024-12-01T00:58:21.218+0000] {processor.py:830} INFO - Processing file /opt/airflow/dags/include/functions.py for tasks to queue
[2024-12-01T00:58:21.221+0000] {logging_mixin.py:188} INFO - [2024-12-01T00:58:21.220+0000] {dagbag.py:545} INFO - Filling up the DagBag from /opt/airflow/dags/include/functions.py
[2024-12-01T00:58:22.272+0000] {processor.py:842} WARNING - No viable dags retrieved from /opt/airflow/dags/include/functions.py
[2024-12-01T00:58:22.315+0000] {processor.py:183} INFO - Processing /opt/airflow/dags/include/functions.py took 1.133 seconds
[2024-12-01T00:58:52.699+0000] {processor.py:161} INFO - Started process (PID=4337) to work on /opt/airflow/dags/include/functions.py
[2024-12-01T00:58:52.701+0000] {processor.py:830} INFO - Processing file /opt/airflow/dags/include/functions.py for tasks to queue
[2024-12-01T00:58:52.703+0000] {logging_mixin.py:188} INFO - [2024-12-01T00:58:52.703+0000] {dagbag.py:545} INFO - Filling up the DagBag from /opt/airflow/dags/include/functions.py
[2024-12-01T00:58:53.812+0000] {processor.py:842} WARNING - No viable dags retrieved from /opt/airflow/dags/include/functions.py
[2024-12-01T00:58:53.845+0000] {processor.py:183} INFO - Processing /opt/airflow/dags/include/functions.py took 1.161 seconds
[2024-12-01T00:59:24.121+0000] {processor.py:161} INFO - Started process (PID=4355) to work on /opt/airflow/dags/include/functions.py
[2024-12-01T00:59:24.122+0000] {processor.py:830} INFO - Processing file /opt/airflow/dags/include/functions.py for tasks to queue
[2024-12-01T00:59:24.124+0000] {logging_mixin.py:188} INFO - [2024-12-01T00:59:24.123+0000] {dagbag.py:545} INFO - Filling up the DagBag from /opt/airflow/dags/include/functions.py
[2024-12-01T00:59:25.161+0000] {processor.py:842} WARNING - No viable dags retrieved from /opt/airflow/dags/include/functions.py
[2024-12-01T00:59:25.177+0000] {processor.py:183} INFO - Processing /opt/airflow/dags/include/functions.py took 1.072 seconds
[2024-12-01T00:59:55.480+0000] {processor.py:161} INFO - Started process (PID=4373) to work on /opt/airflow/dags/include/functions.py
[2024-12-01T00:59:55.485+0000] {processor.py:830} INFO - Processing file /opt/airflow/dags/include/functions.py for tasks to queue
[2024-12-01T00:59:55.487+0000] {logging_mixin.py:188} INFO - [2024-12-01T00:59:55.486+0000] {dagbag.py:545} INFO - Filling up the DagBag from /opt/airflow/dags/include/functions.py
[2024-12-01T00:59:56.524+0000] {processor.py:842} WARNING - No viable dags retrieved from /opt/airflow/dags/include/functions.py
[2024-12-01T00:59:56.541+0000] {processor.py:183} INFO - Processing /opt/airflow/dags/include/functions.py took 1.079 seconds
[2024-12-01T01:00:26.866+0000] {processor.py:161} INFO - Started process (PID=4391) to work on /opt/airflow/dags/include/functions.py
[2024-12-01T01:00:26.868+0000] {processor.py:830} INFO - Processing file /opt/airflow/dags/include/functions.py for tasks to queue
[2024-12-01T01:00:26.870+0000] {logging_mixin.py:188} INFO - [2024-12-01T01:00:26.869+0000] {dagbag.py:545} INFO - Filling up the DagBag from /opt/airflow/dags/include/functions.py
[2024-12-01T01:00:27.878+0000] {processor.py:842} WARNING - No viable dags retrieved from /opt/airflow/dags/include/functions.py
[2024-12-01T01:00:27.900+0000] {processor.py:183} INFO - Processing /opt/airflow/dags/include/functions.py took 1.049 seconds
[2024-12-01T01:00:58.156+0000] {processor.py:161} INFO - Started process (PID=4410) to work on /opt/airflow/dags/include/functions.py
[2024-12-01T01:00:58.172+0000] {processor.py:830} INFO - Processing file /opt/airflow/dags/include/functions.py for tasks to queue
[2024-12-01T01:00:58.174+0000] {logging_mixin.py:188} INFO - [2024-12-01T01:00:58.173+0000] {dagbag.py:545} INFO - Filling up the DagBag from /opt/airflow/dags/include/functions.py
[2024-12-01T01:00:59.815+0000] {processor.py:842} WARNING - No viable dags retrieved from /opt/airflow/dags/include/functions.py
[2024-12-01T01:00:59.870+0000] {processor.py:183} INFO - Processing /opt/airflow/dags/include/functions.py took 1.727 seconds
[2024-12-01T01:01:30.677+0000] {processor.py:161} INFO - Started process (PID=4428) to work on /opt/airflow/dags/include/functions.py
[2024-12-01T01:01:30.700+0000] {processor.py:830} INFO - Processing file /opt/airflow/dags/include/functions.py for tasks to queue
[2024-12-01T01:01:30.702+0000] {logging_mixin.py:188} INFO - [2024-12-01T01:01:30.701+0000] {dagbag.py:545} INFO - Filling up the DagBag from /opt/airflow/dags/include/functions.py
[2024-12-01T01:01:32.167+0000] {processor.py:842} WARNING - No viable dags retrieved from /opt/airflow/dags/include/functions.py
[2024-12-01T01:01:32.198+0000] {processor.py:183} INFO - Processing /opt/airflow/dags/include/functions.py took 1.535 seconds
[2024-12-01T01:02:02.558+0000] {processor.py:161} INFO - Started process (PID=4445) to work on /opt/airflow/dags/include/functions.py
[2024-12-01T01:02:02.598+0000] {processor.py:830} INFO - Processing file /opt/airflow/dags/include/functions.py for tasks to queue
[2024-12-01T01:02:02.600+0000] {logging_mixin.py:188} INFO - [2024-12-01T01:02:02.599+0000] {dagbag.py:545} INFO - Filling up the DagBag from /opt/airflow/dags/include/functions.py
[2024-12-01T01:02:03.901+0000] {processor.py:842} WARNING - No viable dags retrieved from /opt/airflow/dags/include/functions.py
[2024-12-01T01:02:03.922+0000] {processor.py:183} INFO - Processing /opt/airflow/dags/include/functions.py took 1.389 seconds
[2024-12-01T01:02:34.233+0000] {processor.py:161} INFO - Started process (PID=4462) to work on /opt/airflow/dags/include/functions.py
[2024-12-01T01:02:34.256+0000] {processor.py:830} INFO - Processing file /opt/airflow/dags/include/functions.py for tasks to queue
[2024-12-01T01:02:34.258+0000] {logging_mixin.py:188} INFO - [2024-12-01T01:02:34.257+0000] {dagbag.py:545} INFO - Filling up the DagBag from /opt/airflow/dags/include/functions.py
[2024-12-01T01:02:35.182+0000] {processor.py:842} WARNING - No viable dags retrieved from /opt/airflow/dags/include/functions.py
[2024-12-01T01:02:35.199+0000] {processor.py:183} INFO - Processing /opt/airflow/dags/include/functions.py took 0.981 seconds
[2024-12-01T01:03:05.527+0000] {processor.py:161} INFO - Started process (PID=4480) to work on /opt/airflow/dags/include/functions.py
[2024-12-01T01:03:05.540+0000] {processor.py:830} INFO - Processing file /opt/airflow/dags/include/functions.py for tasks to queue
[2024-12-01T01:03:05.542+0000] {logging_mixin.py:188} INFO - [2024-12-01T01:03:05.541+0000] {dagbag.py:545} INFO - Filling up the DagBag from /opt/airflow/dags/include/functions.py
[2024-12-01T01:03:06.456+0000] {processor.py:842} WARNING - No viable dags retrieved from /opt/airflow/dags/include/functions.py
[2024-12-01T01:03:06.471+0000] {processor.py:183} INFO - Processing /opt/airflow/dags/include/functions.py took 0.956 seconds
[2024-12-01T01:03:36.844+0000] {processor.py:161} INFO - Started process (PID=4498) to work on /opt/airflow/dags/include/functions.py
[2024-12-01T01:03:36.856+0000] {processor.py:830} INFO - Processing file /opt/airflow/dags/include/functions.py for tasks to queue
[2024-12-01T01:03:36.858+0000] {logging_mixin.py:188} INFO - [2024-12-01T01:03:36.858+0000] {dagbag.py:545} INFO - Filling up the DagBag from /opt/airflow/dags/include/functions.py
[2024-12-01T01:03:37.798+0000] {processor.py:842} WARNING - No viable dags retrieved from /opt/airflow/dags/include/functions.py
[2024-12-01T01:03:37.820+0000] {processor.py:183} INFO - Processing /opt/airflow/dags/include/functions.py took 0.989 seconds
[2024-12-01T01:04:08.097+0000] {processor.py:161} INFO - Started process (PID=4516) to work on /opt/airflow/dags/include/functions.py
[2024-12-01T01:04:08.115+0000] {processor.py:830} INFO - Processing file /opt/airflow/dags/include/functions.py for tasks to queue
[2024-12-01T01:04:08.116+0000] {logging_mixin.py:188} INFO - [2024-12-01T01:04:08.116+0000] {dagbag.py:545} INFO - Filling up the DagBag from /opt/airflow/dags/include/functions.py
[2024-12-01T01:04:09.090+0000] {processor.py:842} WARNING - No viable dags retrieved from /opt/airflow/dags/include/functions.py
[2024-12-01T01:04:09.107+0000] {processor.py:183} INFO - Processing /opt/airflow/dags/include/functions.py took 1.023 seconds
[2024-12-01T01:04:39.367+0000] {processor.py:161} INFO - Started process (PID=4534) to work on /opt/airflow/dags/include/functions.py
[2024-12-01T01:04:39.381+0000] {processor.py:830} INFO - Processing file /opt/airflow/dags/include/functions.py for tasks to queue
[2024-12-01T01:04:39.383+0000] {logging_mixin.py:188} INFO - [2024-12-01T01:04:39.383+0000] {dagbag.py:545} INFO - Filling up the DagBag from /opt/airflow/dags/include/functions.py
[2024-12-01T01:04:40.682+0000] {processor.py:842} WARNING - No viable dags retrieved from /opt/airflow/dags/include/functions.py
[2024-12-01T01:04:40.705+0000] {processor.py:183} INFO - Processing /opt/airflow/dags/include/functions.py took 1.350 seconds
[2024-12-01T01:05:10.912+0000] {processor.py:161} INFO - Started process (PID=4551) to work on /opt/airflow/dags/include/functions.py
[2024-12-01T01:05:10.931+0000] {processor.py:830} INFO - Processing file /opt/airflow/dags/include/functions.py for tasks to queue
[2024-12-01T01:05:10.933+0000] {logging_mixin.py:188} INFO - [2024-12-01T01:05:10.932+0000] {dagbag.py:545} INFO - Filling up the DagBag from /opt/airflow/dags/include/functions.py
[2024-12-01T01:05:12.495+0000] {processor.py:842} WARNING - No viable dags retrieved from /opt/airflow/dags/include/functions.py
[2024-12-01T01:05:12.529+0000] {processor.py:183} INFO - Processing /opt/airflow/dags/include/functions.py took 1.628 seconds
[2024-12-01T01:05:43.170+0000] {processor.py:161} INFO - Started process (PID=4575) to work on /opt/airflow/dags/include/functions.py
[2024-12-01T01:05:43.182+0000] {processor.py:830} INFO - Processing file /opt/airflow/dags/include/functions.py for tasks to queue
[2024-12-01T01:05:43.184+0000] {logging_mixin.py:188} INFO - [2024-12-01T01:05:43.183+0000] {dagbag.py:545} INFO - Filling up the DagBag from /opt/airflow/dags/include/functions.py
[2024-12-01T01:05:44.194+0000] {processor.py:842} WARNING - No viable dags retrieved from /opt/airflow/dags/include/functions.py
[2024-12-01T01:05:44.212+0000] {processor.py:183} INFO - Processing /opt/airflow/dags/include/functions.py took 1.059 seconds
[2024-12-01T01:06:14.462+0000] {processor.py:161} INFO - Started process (PID=4593) to work on /opt/airflow/dags/include/functions.py
[2024-12-01T01:06:14.464+0000] {processor.py:830} INFO - Processing file /opt/airflow/dags/include/functions.py for tasks to queue
[2024-12-01T01:06:14.466+0000] {logging_mixin.py:188} INFO - [2024-12-01T01:06:14.465+0000] {dagbag.py:545} INFO - Filling up the DagBag from /opt/airflow/dags/include/functions.py
[2024-12-01T01:06:15.495+0000] {processor.py:842} WARNING - No viable dags retrieved from /opt/airflow/dags/include/functions.py
[2024-12-01T01:06:15.511+0000] {processor.py:183} INFO - Processing /opt/airflow/dags/include/functions.py took 1.060 seconds
[2024-12-01T01:06:45.778+0000] {processor.py:161} INFO - Started process (PID=4611) to work on /opt/airflow/dags/include/functions.py
[2024-12-01T01:06:45.789+0000] {processor.py:830} INFO - Processing file /opt/airflow/dags/include/functions.py for tasks to queue
[2024-12-01T01:06:45.791+0000] {logging_mixin.py:188} INFO - [2024-12-01T01:06:45.790+0000] {dagbag.py:545} INFO - Filling up the DagBag from /opt/airflow/dags/include/functions.py
[2024-12-01T01:06:46.673+0000] {processor.py:842} WARNING - No viable dags retrieved from /opt/airflow/dags/include/functions.py
[2024-12-01T01:06:46.691+0000] {processor.py:183} INFO - Processing /opt/airflow/dags/include/functions.py took 0.928 seconds
[2024-12-01T01:07:17.005+0000] {processor.py:161} INFO - Started process (PID=4630) to work on /opt/airflow/dags/include/functions.py
[2024-12-01T01:07:17.022+0000] {processor.py:830} INFO - Processing file /opt/airflow/dags/include/functions.py for tasks to queue
[2024-12-01T01:07:17.023+0000] {logging_mixin.py:188} INFO - [2024-12-01T01:07:17.023+0000] {dagbag.py:545} INFO - Filling up the DagBag from /opt/airflow/dags/include/functions.py
[2024-12-01T01:07:17.959+0000] {processor.py:842} WARNING - No viable dags retrieved from /opt/airflow/dags/include/functions.py
[2024-12-01T01:07:17.995+0000] {processor.py:183} INFO - Processing /opt/airflow/dags/include/functions.py took 1.002 seconds
[2024-12-01T01:07:48.255+0000] {processor.py:161} INFO - Started process (PID=4648) to work on /opt/airflow/dags/include/functions.py
[2024-12-01T01:07:48.271+0000] {processor.py:830} INFO - Processing file /opt/airflow/dags/include/functions.py for tasks to queue
[2024-12-01T01:07:48.272+0000] {logging_mixin.py:188} INFO - [2024-12-01T01:07:48.272+0000] {dagbag.py:545} INFO - Filling up the DagBag from /opt/airflow/dags/include/functions.py
[2024-12-01T01:07:49.258+0000] {processor.py:842} WARNING - No viable dags retrieved from /opt/airflow/dags/include/functions.py
[2024-12-01T01:07:49.282+0000] {processor.py:183} INFO - Processing /opt/airflow/dags/include/functions.py took 1.040 seconds
[2024-12-01T01:08:19.555+0000] {processor.py:161} INFO - Started process (PID=4666) to work on /opt/airflow/dags/include/functions.py
[2024-12-01T01:08:19.570+0000] {processor.py:830} INFO - Processing file /opt/airflow/dags/include/functions.py for tasks to queue
[2024-12-01T01:08:19.572+0000] {logging_mixin.py:188} INFO - [2024-12-01T01:08:19.571+0000] {dagbag.py:545} INFO - Filling up the DagBag from /opt/airflow/dags/include/functions.py
[2024-12-01T01:08:20.827+0000] {processor.py:842} WARNING - No viable dags retrieved from /opt/airflow/dags/include/functions.py
[2024-12-01T01:08:20.850+0000] {processor.py:183} INFO - Processing /opt/airflow/dags/include/functions.py took 1.307 seconds
[2024-12-01T01:08:51.172+0000] {processor.py:161} INFO - Started process (PID=4684) to work on /opt/airflow/dags/include/functions.py
[2024-12-01T01:08:51.185+0000] {processor.py:830} INFO - Processing file /opt/airflow/dags/include/functions.py for tasks to queue
[2024-12-01T01:08:51.187+0000] {logging_mixin.py:188} INFO - [2024-12-01T01:08:51.186+0000] {dagbag.py:545} INFO - Filling up the DagBag from /opt/airflow/dags/include/functions.py
[2024-12-01T01:08:52.200+0000] {processor.py:842} WARNING - No viable dags retrieved from /opt/airflow/dags/include/functions.py
[2024-12-01T01:08:52.218+0000] {processor.py:183} INFO - Processing /opt/airflow/dags/include/functions.py took 1.059 seconds
[2024-12-01T01:09:22.501+0000] {processor.py:161} INFO - Started process (PID=4703) to work on /opt/airflow/dags/include/functions.py
[2024-12-01T01:09:22.518+0000] {processor.py:830} INFO - Processing file /opt/airflow/dags/include/functions.py for tasks to queue
[2024-12-01T01:09:22.521+0000] {logging_mixin.py:188} INFO - [2024-12-01T01:09:22.519+0000] {dagbag.py:545} INFO - Filling up the DagBag from /opt/airflow/dags/include/functions.py
[2024-12-01T01:09:23.644+0000] {processor.py:842} WARNING - No viable dags retrieved from /opt/airflow/dags/include/functions.py
[2024-12-01T01:09:23.674+0000] {processor.py:183} INFO - Processing /opt/airflow/dags/include/functions.py took 1.191 seconds
[2024-12-01T01:09:53.866+0000] {processor.py:161} INFO - Started process (PID=4721) to work on /opt/airflow/dags/include/functions.py
[2024-12-01T01:09:53.884+0000] {processor.py:830} INFO - Processing file /opt/airflow/dags/include/functions.py for tasks to queue
[2024-12-01T01:09:53.887+0000] {logging_mixin.py:188} INFO - [2024-12-01T01:09:53.886+0000] {dagbag.py:545} INFO - Filling up the DagBag from /opt/airflow/dags/include/functions.py
[2024-12-01T01:09:55.115+0000] {processor.py:842} WARNING - No viable dags retrieved from /opt/airflow/dags/include/functions.py
[2024-12-01T01:09:55.136+0000] {processor.py:183} INFO - Processing /opt/airflow/dags/include/functions.py took 1.286 seconds
[2024-12-01T01:10:25.509+0000] {processor.py:161} INFO - Started process (PID=4739) to work on /opt/airflow/dags/include/functions.py
[2024-12-01T01:10:25.523+0000] {processor.py:830} INFO - Processing file /opt/airflow/dags/include/functions.py for tasks to queue
[2024-12-01T01:10:25.526+0000] {logging_mixin.py:188} INFO - [2024-12-01T01:10:25.525+0000] {dagbag.py:545} INFO - Filling up the DagBag from /opt/airflow/dags/include/functions.py
[2024-12-01T01:10:26.630+0000] {processor.py:842} WARNING - No viable dags retrieved from /opt/airflow/dags/include/functions.py
[2024-12-01T01:10:26.664+0000] {processor.py:183} INFO - Processing /opt/airflow/dags/include/functions.py took 1.171 seconds
[2024-12-01T01:10:56.941+0000] {processor.py:161} INFO - Started process (PID=4757) to work on /opt/airflow/dags/include/functions.py
[2024-12-01T01:10:56.948+0000] {processor.py:830} INFO - Processing file /opt/airflow/dags/include/functions.py for tasks to queue
[2024-12-01T01:10:56.951+0000] {logging_mixin.py:188} INFO - [2024-12-01T01:10:56.949+0000] {dagbag.py:545} INFO - Filling up the DagBag from /opt/airflow/dags/include/functions.py
[2024-12-01T01:10:58.038+0000] {processor.py:842} WARNING - No viable dags retrieved from /opt/airflow/dags/include/functions.py
[2024-12-01T01:10:58.068+0000] {processor.py:183} INFO - Processing /opt/airflow/dags/include/functions.py took 1.141 seconds
[2024-12-01T01:11:28.451+0000] {processor.py:161} INFO - Started process (PID=4775) to work on /opt/airflow/dags/include/functions.py
[2024-12-01T01:11:28.455+0000] {processor.py:830} INFO - Processing file /opt/airflow/dags/include/functions.py for tasks to queue
[2024-12-01T01:11:28.457+0000] {logging_mixin.py:188} INFO - [2024-12-01T01:11:28.456+0000] {dagbag.py:545} INFO - Filling up the DagBag from /opt/airflow/dags/include/functions.py
[2024-12-01T01:11:30.723+0000] {processor.py:842} WARNING - No viable dags retrieved from /opt/airflow/dags/include/functions.py
[2024-12-01T01:11:30.763+0000] {processor.py:183} INFO - Processing /opt/airflow/dags/include/functions.py took 2.369 seconds
[2024-12-01T01:12:01.644+0000] {processor.py:161} INFO - Started process (PID=4793) to work on /opt/airflow/dags/include/functions.py
[2024-12-01T01:12:01.646+0000] {processor.py:830} INFO - Processing file /opt/airflow/dags/include/functions.py for tasks to queue
[2024-12-01T01:12:01.651+0000] {logging_mixin.py:188} INFO - [2024-12-01T01:12:01.649+0000] {dagbag.py:545} INFO - Filling up the DagBag from /opt/airflow/dags/include/functions.py
[2024-12-01T01:12:03.028+0000] {processor.py:842} WARNING - No viable dags retrieved from /opt/airflow/dags/include/functions.py
[2024-12-01T01:12:03.093+0000] {processor.py:183} INFO - Processing /opt/airflow/dags/include/functions.py took 1.463 seconds
[2024-12-01T01:12:33.660+0000] {processor.py:161} INFO - Started process (PID=4811) to work on /opt/airflow/dags/include/functions.py
[2024-12-01T01:12:33.662+0000] {processor.py:830} INFO - Processing file /opt/airflow/dags/include/functions.py for tasks to queue
[2024-12-01T01:12:33.670+0000] {logging_mixin.py:188} INFO - [2024-12-01T01:12:33.669+0000] {dagbag.py:545} INFO - Filling up the DagBag from /opt/airflow/dags/include/functions.py
[2024-12-01T01:12:35.393+0000] {processor.py:842} WARNING - No viable dags retrieved from /opt/airflow/dags/include/functions.py
[2024-12-01T01:12:35.422+0000] {processor.py:183} INFO - Processing /opt/airflow/dags/include/functions.py took 1.805 seconds
[2024-12-01T01:13:05.894+0000] {processor.py:161} INFO - Started process (PID=4829) to work on /opt/airflow/dags/include/functions.py
[2024-12-01T01:13:05.895+0000] {processor.py:830} INFO - Processing file /opt/airflow/dags/include/functions.py for tasks to queue
[2024-12-01T01:13:05.898+0000] {logging_mixin.py:188} INFO - [2024-12-01T01:13:05.897+0000] {dagbag.py:545} INFO - Filling up the DagBag from /opt/airflow/dags/include/functions.py
[2024-12-01T01:13:07.788+0000] {processor.py:842} WARNING - No viable dags retrieved from /opt/airflow/dags/include/functions.py
[2024-12-01T01:13:07.817+0000] {processor.py:183} INFO - Processing /opt/airflow/dags/include/functions.py took 1.938 seconds
[2024-12-01T01:13:33.284+0000] {processor.py:161} INFO - Started process (PID=4846) to work on /opt/airflow/dags/include/functions.py
[2024-12-01T01:13:33.299+0000] {processor.py:830} INFO - Processing file /opt/airflow/dags/include/functions.py for tasks to queue
[2024-12-01T01:13:33.300+0000] {logging_mixin.py:188} INFO - [2024-12-01T01:13:33.300+0000] {dagbag.py:545} INFO - Filling up the DagBag from /opt/airflow/dags/include/functions.py
[2024-12-01T01:13:37.611+0000] {processor.py:842} WARNING - No viable dags retrieved from /opt/airflow/dags/include/functions.py
[2024-12-01T01:13:37.691+0000] {processor.py:183} INFO - Processing /opt/airflow/dags/include/functions.py took 4.445 seconds
