[2024-11-30T23:49:14.842+0000] {local_task_job_runner.py:120} INFO - ::group::Pre task execution logs
[2024-11-30T23:49:14.964+0000] {taskinstance.py:2076} INFO - Dependencies all met for dep_context=non-requeueable deps ti=<TaskInstance: process_variables_financieras.get_data_var1 manual__2024-11-30T23:48:53.574330+00:00 [queued]>
[2024-11-30T23:49:15.335+0000] {taskinstance.py:2076} INFO - Dependencies all met for dep_context=requeueable deps ti=<TaskInstance: process_variables_financieras.get_data_var1 manual__2024-11-30T23:48:53.574330+00:00 [queued]>
[2024-11-30T23:49:15.336+0000] {taskinstance.py:2306} INFO - Starting attempt 1 of 1
[2024-11-30T23:49:15.375+0000] {taskinstance.py:2330} INFO - Executing <Task(_PythonDecoratedOperator): get_data_var1> on 2024-11-30 23:48:53.574330+00:00
[2024-11-30T23:49:15.396+0000] {standard_task_runner.py:90} INFO - Running: ['***', 'tasks', 'run', 'process_variables_financieras', 'get_data_var1', 'manual__2024-11-30T23:48:53.574330+00:00', '--job-id', '372', '--raw', '--subdir', 'DAGS_FOLDER/etl_prueba.py', '--cfg-path', '/tmp/tmpy0xxrmd6']
[2024-11-30T23:49:15.406+0000] {standard_task_runner.py:91} INFO - Job 372: Subtask get_data_var1
[2024-11-30T23:49:15.413+0000] {logging_mixin.py:188} WARNING - /home/***/.local/lib/python3.12/site-packages/***/task/task_runner/standard_task_runner.py:61 DeprecationWarning: This process (pid=1940) is multi-threaded, use of fork() may lead to deadlocks in the child.
[2024-11-30T23:49:15.416+0000] {standard_task_runner.py:63} INFO - Started process 1944 to run task
[2024-11-30T23:49:15.642+0000] {task_command.py:426} INFO - Running <TaskInstance: process_variables_financieras.get_data_var1 manual__2024-11-30T23:48:53.574330+00:00 [running]> on host 5e909a8df6c4
[2024-11-30T23:49:16.524+0000] {taskinstance.py:2648} INFO - Exporting env vars: AIRFLOW_CTX_DAG_OWNER='***' AIRFLOW_CTX_DAG_ID='process_variables_financieras' AIRFLOW_CTX_TASK_ID='get_data_var1' AIRFLOW_CTX_EXECUTION_DATE='2024-11-30T23:48:53.574330+00:00' AIRFLOW_CTX_TRY_NUMBER='1' AIRFLOW_CTX_DAG_RUN_ID='manual__2024-11-30T23:48:53.574330+00:00'
[2024-11-30T23:49:16.529+0000] {taskinstance.py:430} INFO - ::endgroup::
[2024-11-30T23:49:16.537+0000] {taskinstance.py:441} INFO - ::group::Post task execution logs
[2024-11-30T23:49:16.539+0000] {taskinstance.py:2905} ERROR - Task failed with exception
Traceback (most recent call last):
  File "/home/airflow/.local/lib/python3.12/site-packages/airflow/models/taskinstance.py", line 465, in _execute_task
    result = _execute_callable(context=context, **execute_callable_kwargs)
             ^^^^^^^^^^^^^^^^^^^^^^^^^^^^^^^^^^^^^^^^^^^^^^^^^^^^^^^^^^^^^
  File "/home/airflow/.local/lib/python3.12/site-packages/airflow/models/taskinstance.py", line 432, in _execute_callable
    return execute_callable(context=context, **execute_callable_kwargs)
           ^^^^^^^^^^^^^^^^^^^^^^^^^^^^^^^^^^^^^^^^^^^^^^^^^^^^^^^^^^^^
  File "/home/airflow/.local/lib/python3.12/site-packages/airflow/models/baseoperator.py", line 400, in wrapper
    return func(self, *args, **kwargs)
           ^^^^^^^^^^^^^^^^^^^^^^^^^^^
  File "/home/airflow/.local/lib/python3.12/site-packages/airflow/decorators/base.py", line 265, in execute
    return_value = super().execute(context)
                   ^^^^^^^^^^^^^^^^^^^^^^^^
  File "/home/airflow/.local/lib/python3.12/site-packages/airflow/models/baseoperator.py", line 400, in wrapper
    return func(self, *args, **kwargs)
           ^^^^^^^^^^^^^^^^^^^^^^^^^^^
  File "/home/airflow/.local/lib/python3.12/site-packages/airflow/operators/python.py", line 235, in execute
    return_value = self.execute_callable()
                   ^^^^^^^^^^^^^^^^^^^^^^^
  File "/home/airflow/.local/lib/python3.12/site-packages/airflow/operators/python.py", line 252, in execute_callable
    return self.python_callable(*self.op_args, **self.op_kwargs)
           ^^^^^^^^^^^^^^^^^^^^^^^^^^^^^^^^^^^^^^^^^^^^^^^^^^^^^
  File "/opt/airflow/dags/etl_prueba.py", line 46, in get_data_var1
    ExtraerInfo('1','reservas')
  File "/opt/airflow/dags/include/functions.py", line 27, in ExtraerInfo
    URL_VAR= URL_BASE+numero+"/"+inicio_str+"/"+final_str
                      ^^^^^^
NameError: name 'numero' is not defined
[2024-11-30T23:49:16.589+0000] {taskinstance.py:1206} INFO - Marking task as FAILED. dag_id=process_variables_financieras, task_id=get_data_var1, run_id=manual__2024-11-30T23:48:53.574330+00:00, execution_date=20241130T234853, start_date=20241130T234914, end_date=20241130T234916
[2024-11-30T23:49:16.667+0000] {standard_task_runner.py:110} ERROR - Failed to execute job 372 for task get_data_var1 (name 'numero' is not defined; 1944)
[2024-11-30T23:49:16.698+0000] {local_task_job_runner.py:240} INFO - Task exited with return code 1
[2024-11-30T23:49:16.832+0000] {taskinstance.py:3498} INFO - 0 downstream tasks scheduled from follow-on schedule check
[2024-11-30T23:49:16.857+0000] {local_task_job_runner.py:222} INFO - ::endgroup::
