[2024-10-04T00:02:48.086+0000] {local_task_job_runner.py:120} INFO - ::group::Pre task execution logs
[2024-10-04T00:02:48.177+0000] {taskinstance.py:2076} INFO - Dependencies all met for dep_context=non-requeueable deps ti=<TaskInstance: process_employees.create_reservas_temp_table manual__2024-10-03T23:56:21.453135+00:00 [queued]>
[2024-10-04T00:02:48.211+0000] {taskinstance.py:2076} INFO - Dependencies all met for dep_context=requeueable deps ti=<TaskInstance: process_employees.create_reservas_temp_table manual__2024-10-03T23:56:21.453135+00:00 [queued]>
[2024-10-04T00:02:48.212+0000] {taskinstance.py:2306} INFO - Starting attempt 3 of 3
[2024-10-04T00:02:48.743+0000] {taskinstance.py:2330} INFO - Executing <Task(PostgresOperator): create_reservas_temp_table> on 2024-10-03 23:56:21.453135+00:00
[2024-10-04T00:02:48.791+0000] {standard_task_runner.py:90} INFO - Running: ['***', 'tasks', 'run', 'process_employees', 'create_reservas_temp_table', 'manual__2024-10-03T23:56:21.453135+00:00', '--job-id', '231', '--raw', '--subdir', 'DAGS_FOLDER/etl_prueba.py', '--cfg-path', '/tmp/tmpytxbyj7j']
[2024-10-04T00:02:48.808+0000] {standard_task_runner.py:91} INFO - Job 231: Subtask create_reservas_temp_table
[2024-10-04T00:02:48.831+0000] {logging_mixin.py:188} WARNING - /home/***/.local/lib/python3.12/site-packages/***/task/task_runner/standard_task_runner.py:61 DeprecationWarning: This process (pid=32099) is multi-threaded, use of fork() may lead to deadlocks in the child.
[2024-10-04T00:02:48.839+0000] {standard_task_runner.py:63} INFO - Started process 32101 to run task
[2024-10-04T00:02:49.001+0000] {task_command.py:426} INFO - Running <TaskInstance: process_employees.create_reservas_temp_table manual__2024-10-03T23:56:21.453135+00:00 [running]> on host 5e909a8df6c4
[2024-10-04T00:02:49.652+0000] {taskinstance.py:2648} INFO - Exporting env vars: AIRFLOW_CTX_DAG_OWNER='***' AIRFLOW_CTX_DAG_ID='process_employees' AIRFLOW_CTX_TASK_ID='create_reservas_temp_table' AIRFLOW_CTX_EXECUTION_DATE='2024-10-03T23:56:21.453135+00:00' AIRFLOW_CTX_TRY_NUMBER='3' AIRFLOW_CTX_DAG_RUN_ID='manual__2024-10-03T23:56:21.453135+00:00'
[2024-10-04T00:02:49.656+0000] {taskinstance.py:430} INFO - ::endgroup::
[2024-10-04T00:02:49.657+0000] {sql.py:276} INFO - Executing: 
            DROP TABLE IF EXISTS reservas_temp;
            CREATE TABLE reservas_temp (
                "idVariable" NUMERIC PRIMARY KEY,
                "fecha" Date,
                "valor" float
            );
[2024-10-04T00:02:49.688+0000] {base.py:84} INFO - Using connection ID 'postgres' for task execution.
[2024-10-04T00:02:49.709+0000] {base.py:84} INFO - Using connection ID 'postgres' for task execution.
[2024-10-04T00:02:49.732+0000] {sql.py:470} INFO - Running statement: 
            DROP TABLE IF EXISTS reservas_temp;
            CREATE TABLE reservas_temp (
                "idVariable" NUMERIC PRIMARY KEY,
                "fecha" Date,
                "valor" float
            );, parameters: None
[2024-10-04T00:02:49.841+0000] {taskinstance.py:441} INFO - ::group::Post task execution logs
[2024-10-04T00:02:49.876+0000] {taskinstance.py:1206} INFO - Marking task as SUCCESS. dag_id=process_employees, task_id=create_reservas_temp_table, run_id=manual__2024-10-03T23:56:21.453135+00:00, execution_date=20241003T235621, start_date=20241004T000248, end_date=20241004T000249
[2024-10-04T00:02:49.964+0000] {local_task_job_runner.py:240} INFO - Task exited with return code 0
[2024-10-04T00:02:49.988+0000] {logging_mixin.py:188} WARNING - /home/***/.local/lib/python3.12/site-packages/***/models/baseoperator.py:1296 AirflowProviderDeprecationWarning: Call to deprecated class PostgresOperator. (Please use `***.providers.common.sql.operators.sql.SQLExecuteQueryOperator`.Also, you can provide `hook_params={'schema': <database>}`.)
[2024-10-04T00:02:50.029+0000] {taskinstance.py:3498} INFO - 1 downstream tasks scheduled from follow-on schedule check
[2024-10-04T00:02:50.044+0000] {local_task_job_runner.py:222} INFO - ::endgroup::
