[2024-10-04T00:00:43.680+0000] {local_task_job_runner.py:120} INFO - ::group::Pre task execution logs
[2024-10-04T00:00:43.895+0000] {taskinstance.py:2076} INFO - Dependencies all met for dep_context=non-requeueable deps ti=<TaskInstance: process_employees.create_reservas_temp_table manual__2024-10-03T23:56:21.453135+00:00 [queued]>
[2024-10-04T00:00:43.932+0000] {taskinstance.py:2076} INFO - Dependencies all met for dep_context=requeueable deps ti=<TaskInstance: process_employees.create_reservas_temp_table manual__2024-10-03T23:56:21.453135+00:00 [queued]>
[2024-10-04T00:00:43.934+0000] {taskinstance.py:2306} INFO - Starting attempt 2 of 2
[2024-10-04T00:00:44.307+0000] {taskinstance.py:2330} INFO - Executing <Task(PostgresOperator): create_reservas_temp_table> on 2024-10-03 23:56:21.453135+00:00
[2024-10-04T00:00:44.343+0000] {logging_mixin.py:188} WARNING - /home/***/.local/lib/python3.12/site-packages/***/task/task_runner/standard_task_runner.py:61 DeprecationWarning: This process (pid=32049) is multi-threaded, use of fork() may lead to deadlocks in the child.
[2024-10-04T00:00:44.344+0000] {standard_task_runner.py:63} INFO - Started process 32051 to run task
[2024-10-04T00:00:44.333+0000] {standard_task_runner.py:90} INFO - Running: ['***', 'tasks', 'run', 'process_employees', 'create_reservas_temp_table', 'manual__2024-10-03T23:56:21.453135+00:00', '--job-id', '230', '--raw', '--subdir', 'DAGS_FOLDER/etl_prueba.py', '--cfg-path', '/tmp/tmpi7ne4wbh']
[2024-10-04T00:00:44.345+0000] {standard_task_runner.py:91} INFO - Job 230: Subtask create_reservas_temp_table
[2024-10-04T00:00:44.505+0000] {task_command.py:426} INFO - Running <TaskInstance: process_employees.create_reservas_temp_table manual__2024-10-03T23:56:21.453135+00:00 [running]> on host 5e909a8df6c4
[2024-10-04T00:00:44.748+0000] {taskinstance.py:2648} INFO - Exporting env vars: AIRFLOW_CTX_DAG_OWNER='***' AIRFLOW_CTX_DAG_ID='process_employees' AIRFLOW_CTX_TASK_ID='create_reservas_temp_table' AIRFLOW_CTX_EXECUTION_DATE='2024-10-03T23:56:21.453135+00:00' AIRFLOW_CTX_TRY_NUMBER='2' AIRFLOW_CTX_DAG_RUN_ID='manual__2024-10-03T23:56:21.453135+00:00'
[2024-10-04T00:00:44.751+0000] {taskinstance.py:430} INFO - ::endgroup::
[2024-10-04T00:00:44.752+0000] {sql.py:276} INFO - Executing: 
            DROP TABLE IF EXISTS reservas_temp;
            CREATE TABLE employees_temp (
                "idVariable" NUMERIC PRIMARY KEY,
                "fecha" Date,
                "valor" float
            );
[2024-10-04T00:00:44.843+0000] {base.py:84} INFO - Using connection ID 'postgres' for task execution.
[2024-10-04T00:00:44.911+0000] {base.py:84} INFO - Using connection ID 'postgres' for task execution.
[2024-10-04T00:00:44.944+0000] {sql.py:470} INFO - Running statement: 
            DROP TABLE IF EXISTS reservas_temp;
            CREATE TABLE employees_temp (
                "idVariable" NUMERIC PRIMARY KEY,
                "fecha" Date,
                "valor" float
            );, parameters: None
[2024-10-04T00:00:44.956+0000] {taskinstance.py:441} INFO - ::group::Post task execution logs
[2024-10-04T00:00:44.961+0000] {taskinstance.py:2905} ERROR - Task failed with exception
Traceback (most recent call last):
  File "/home/airflow/.local/lib/python3.12/site-packages/airflow/models/taskinstance.py", line 465, in _execute_task
    result = _execute_callable(context=context, **execute_callable_kwargs)
             ^^^^^^^^^^^^^^^^^^^^^^^^^^^^^^^^^^^^^^^^^^^^^^^^^^^^^^^^^^^^^
  File "/home/airflow/.local/lib/python3.12/site-packages/airflow/models/taskinstance.py", line 432, in _execute_callable
    return execute_callable(context=context, **execute_callable_kwargs)
           ^^^^^^^^^^^^^^^^^^^^^^^^^^^^^^^^^^^^^^^^^^^^^^^^^^^^^^^^^^^^
  File "/home/airflow/.local/lib/python3.12/site-packages/airflow/models/baseoperator.py", line 400, in wrapper
    return func(self, *args, **kwargs)
           ^^^^^^^^^^^^^^^^^^^^^^^^^^^
  File "/home/airflow/.local/lib/python3.12/site-packages/airflow/providers/common/sql/operators/sql.py", line 282, in execute
    output = hook.run(
             ^^^^^^^^^
  File "/home/airflow/.local/lib/python3.12/site-packages/airflow/providers/common/sql/hooks/sql.py", line 418, in run
    self._run_command(cur, sql_statement, parameters)
  File "/home/airflow/.local/lib/python3.12/site-packages/airflow/providers/common/sql/hooks/sql.py", line 475, in _run_command
    cur.execute(sql_statement)
psycopg2.errors.DuplicateTable: relation "employees_temp" already exists

[2024-10-04T00:00:45.026+0000] {taskinstance.py:1206} INFO - Marking task as FAILED. dag_id=process_employees, task_id=create_reservas_temp_table, run_id=manual__2024-10-03T23:56:21.453135+00:00, execution_date=20241003T235621, start_date=20241004T000043, end_date=20241004T000045
[2024-10-04T00:00:45.161+0000] {standard_task_runner.py:110} ERROR - Failed to execute job 230 for task create_reservas_temp_table (relation "employees_temp" already exists
; 32051)
[2024-10-04T00:00:45.236+0000] {local_task_job_runner.py:240} INFO - Task exited with return code 1
[2024-10-04T00:00:45.272+0000] {logging_mixin.py:188} WARNING - /home/***/.local/lib/python3.12/site-packages/***/models/baseoperator.py:1296 AirflowProviderDeprecationWarning: Call to deprecated class PostgresOperator. (Please use `***.providers.common.sql.operators.sql.SQLExecuteQueryOperator`.Also, you can provide `hook_params={'schema': <database>}`.)
[2024-10-04T00:00:45.312+0000] {taskinstance.py:3498} INFO - 0 downstream tasks scheduled from follow-on schedule check
[2024-10-04T00:00:45.329+0000] {local_task_job_runner.py:222} INFO - ::endgroup::
