[2024-10-02T23:15:00.922+0000] {local_task_job_runner.py:120} INFO - ::group::Pre task execution logs
[2024-10-02T23:15:01.127+0000] {taskinstance.py:2076} INFO - Dependencies all met for dep_context=non-requeueable deps ti=<TaskInstance: process_employees.create_employees_table scheduled__2024-09-29T00:00:00+00:00 [queued]>
[2024-10-02T23:15:01.180+0000] {taskinstance.py:2076} INFO - Dependencies all met for dep_context=requeueable deps ti=<TaskInstance: process_employees.create_employees_table scheduled__2024-09-29T00:00:00+00:00 [queued]>
[2024-10-02T23:15:01.181+0000] {taskinstance.py:2306} INFO - Starting attempt 1 of 1
[2024-10-02T23:15:01.250+0000] {taskinstance.py:2330} INFO - Executing <Task(PostgresOperator): create_employees_table> on 2024-09-29 00:00:00+00:00
[2024-10-02T23:15:01.284+0000] {standard_task_runner.py:90} INFO - Running: ['***', 'tasks', 'run', 'process_employees', 'create_employees_table', 'scheduled__2024-09-29T00:00:00+00:00', '--job-id', '216', '--raw', '--subdir', 'DAGS_FOLDER/etl_prueba.py', '--cfg-path', '/tmp/tmpinlgkfac']
[2024-10-02T23:15:01.316+0000] {standard_task_runner.py:91} INFO - Job 216: Subtask create_employees_table
[2024-10-02T23:15:01.477+0000] {logging_mixin.py:188} WARNING - /home/***/.local/lib/python3.12/site-packages/***/task/task_runner/standard_task_runner.py:61 DeprecationWarning: This process (pid=174) is multi-threaded, use of fork() may lead to deadlocks in the child.
[2024-10-02T23:15:01.478+0000] {standard_task_runner.py:63} INFO - Started process 180 to run task
[2024-10-02T23:15:01.946+0000] {task_command.py:426} INFO - Running <TaskInstance: process_employees.create_employees_table scheduled__2024-09-29T00:00:00+00:00 [running]> on host 5e909a8df6c4
[2024-10-02T23:15:03.204+0000] {taskinstance.py:2648} INFO - Exporting env vars: AIRFLOW_CTX_DAG_OWNER='***' AIRFLOW_CTX_DAG_ID='process_employees' AIRFLOW_CTX_TASK_ID='create_employees_table' AIRFLOW_CTX_EXECUTION_DATE='2024-09-29T00:00:00+00:00' AIRFLOW_CTX_TRY_NUMBER='1' AIRFLOW_CTX_DAG_RUN_ID='scheduled__2024-09-29T00:00:00+00:00'
[2024-10-02T23:15:03.221+0000] {taskinstance.py:430} INFO - ::endgroup::
[2024-10-02T23:15:03.222+0000] {sql.py:276} INFO - Executing: 
            CREATE TABLE IF NOT EXISTS employees (
                "Serial Number" NUMERIC PRIMARY KEY,
                "Company Name" TEXT,
                "Employee Markme" TEXT,
                "Description" TEXT,
                "Leave" INTEGER
            );
[2024-10-02T23:15:03.345+0000] {base.py:84} INFO - Using connection ID 'postgres' for task execution.
[2024-10-02T23:15:03.468+0000] {base.py:84} INFO - Using connection ID 'postgres' for task execution.
[2024-10-02T23:15:03.795+0000] {sql.py:470} INFO - Running statement: 
            CREATE TABLE IF NOT EXISTS employees (
                "Serial Number" NUMERIC PRIMARY KEY,
                "Company Name" TEXT,
                "Employee Markme" TEXT,
                "Description" TEXT,
                "Leave" INTEGER
            );, parameters: None
[2024-10-02T23:15:03.861+0000] {taskinstance.py:441} INFO - ::group::Post task execution logs
[2024-10-02T23:15:03.900+0000] {taskinstance.py:1206} INFO - Marking task as SUCCESS. dag_id=process_employees, task_id=create_employees_table, run_id=scheduled__2024-09-29T00:00:00+00:00, execution_date=20240929T000000, start_date=20241002T231501, end_date=20241002T231503
[2024-10-02T23:15:04.004+0000] {local_task_job_runner.py:240} INFO - Task exited with return code 0
[2024-10-02T23:15:04.056+0000] {logging_mixin.py:188} WARNING - /home/***/.local/lib/python3.12/site-packages/***/models/baseoperator.py:1296 AirflowProviderDeprecationWarning: Call to deprecated class PostgresOperator. (Please use `***.providers.common.sql.operators.sql.SQLExecuteQueryOperator`.Also, you can provide `hook_params={'schema': <database>}`.)
[2024-10-02T23:15:04.128+0000] {taskinstance.py:3498} INFO - 0 downstream tasks scheduled from follow-on schedule check
[2024-10-02T23:15:04.151+0000] {local_task_job_runner.py:222} INFO - ::endgroup::
