[2024-10-13T00:00:02.538+0000] {local_task_job_runner.py:120} INFO - ::group::Pre task execution logs
[2024-10-13T00:00:02.645+0000] {taskinstance.py:2076} INFO - Dependencies all met for dep_context=non-requeueable deps ti=<TaskInstance: process_variables_financieras.create_reservas_table scheduled__2024-10-12T00:00:00+00:00 [queued]>
[2024-10-13T00:00:02.671+0000] {taskinstance.py:2076} INFO - Dependencies all met for dep_context=requeueable deps ti=<TaskInstance: process_variables_financieras.create_reservas_table scheduled__2024-10-12T00:00:00+00:00 [queued]>
[2024-10-13T00:00:02.675+0000] {taskinstance.py:2306} INFO - Starting attempt 1 of 1
[2024-10-13T00:00:03.232+0000] {taskinstance.py:2330} INFO - Executing <Task(PostgresOperator): create_reservas_table> on 2024-10-12 00:00:00+00:00
[2024-10-13T00:00:03.275+0000] {standard_task_runner.py:90} INFO - Running: ['***', 'tasks', 'run', 'process_variables_financieras', 'create_reservas_table', 'scheduled__2024-10-12T00:00:00+00:00', '--job-id', '350', '--raw', '--subdir', 'DAGS_FOLDER/etl_prueba.py', '--cfg-path', '/tmp/tmpsxdul6fx']
[2024-10-13T00:00:03.294+0000] {standard_task_runner.py:91} INFO - Job 350: Subtask create_reservas_table
[2024-10-13T00:00:03.292+0000] {logging_mixin.py:188} WARNING - /home/***/.local/lib/python3.12/site-packages/***/task/task_runner/standard_task_runner.py:61 DeprecationWarning: This process (pid=14565) is multi-threaded, use of fork() may lead to deadlocks in the child.
[2024-10-13T00:00:03.298+0000] {standard_task_runner.py:63} INFO - Started process 14570 to run task
[2024-10-13T00:00:03.464+0000] {task_command.py:426} INFO - Running <TaskInstance: process_variables_financieras.create_reservas_table scheduled__2024-10-12T00:00:00+00:00 [running]> on host 5e909a8df6c4
[2024-10-13T00:00:03.841+0000] {taskinstance.py:2648} INFO - Exporting env vars: AIRFLOW_CTX_DAG_OWNER='***' AIRFLOW_CTX_DAG_ID='process_variables_financieras' AIRFLOW_CTX_TASK_ID='create_reservas_table' AIRFLOW_CTX_EXECUTION_DATE='2024-10-12T00:00:00+00:00' AIRFLOW_CTX_TRY_NUMBER='1' AIRFLOW_CTX_DAG_RUN_ID='scheduled__2024-10-12T00:00:00+00:00'
[2024-10-13T00:00:03.843+0000] {taskinstance.py:430} INFO - ::endgroup::
[2024-10-13T00:00:03.844+0000] {sql.py:276} INFO - Executing: 
            DROP TABLE IF EXISTS reservas;
            CREATE TABLE IF NOT EXISTS reservas (
                "idVariable" NUMERIC,
                "fecha" Date,
                "valor" float
            );
[2024-10-13T00:00:03.900+0000] {base.py:84} INFO - Using connection ID 'postgres' for task execution.
[2024-10-13T00:00:03.912+0000] {base.py:84} INFO - Using connection ID 'postgres' for task execution.
[2024-10-13T00:00:03.940+0000] {sql.py:470} INFO - Running statement: 
            DROP TABLE IF EXISTS reservas;
            CREATE TABLE IF NOT EXISTS reservas (
                "idVariable" NUMERIC,
                "fecha" Date,
                "valor" float
            );, parameters: None
[2024-10-13T00:00:04.010+0000] {taskinstance.py:441} INFO - ::group::Post task execution logs
[2024-10-13T00:00:04.036+0000] {taskinstance.py:1206} INFO - Marking task as SUCCESS. dag_id=process_variables_financieras, task_id=create_reservas_table, run_id=scheduled__2024-10-12T00:00:00+00:00, execution_date=20241012T000000, start_date=20241013T000002, end_date=20241013T000004
[2024-10-13T00:00:04.174+0000] {local_task_job_runner.py:240} INFO - Task exited with return code 0
[2024-10-13T00:00:04.209+0000] {local_task_job_runner.py:222} INFO - ::endgroup::
