[2024-10-11T12:34:11.151+0000] {local_task_job_runner.py:120} INFO - ::group::Pre task execution logs
[2024-10-11T12:34:11.790+0000] {taskinstance.py:2076} INFO - Dependencies all met for dep_context=non-requeueable deps ti=<TaskInstance: process_employees.create_reservas_table scheduled__2024-10-10T00:00:00+00:00 [queued]>
[2024-10-11T12:34:11.973+0000] {taskinstance.py:2076} INFO - Dependencies all met for dep_context=requeueable deps ti=<TaskInstance: process_employees.create_reservas_table scheduled__2024-10-10T00:00:00+00:00 [queued]>
[2024-10-11T12:34:11.974+0000] {taskinstance.py:2306} INFO - Starting attempt 1 of 1
[2024-10-11T12:34:14.777+0000] {taskinstance.py:2330} INFO - Executing <Task(PostgresOperator): create_reservas_table> on 2024-10-10 00:00:00+00:00
[2024-10-11T12:34:14.949+0000] {standard_task_runner.py:90} INFO - Running: ['***', 'tasks', 'run', 'process_employees', 'create_reservas_table', 'scheduled__2024-10-10T00:00:00+00:00', '--job-id', '283', '--raw', '--subdir', 'DAGS_FOLDER/etl_prueba.py', '--cfg-path', '/tmp/tmpri744rvn']
[2024-10-11T12:34:15.009+0000] {standard_task_runner.py:91} INFO - Job 283: Subtask create_reservas_table
[2024-10-11T12:34:15.103+0000] {logging_mixin.py:188} WARNING - /home/***/.local/lib/python3.12/site-packages/***/task/task_runner/standard_task_runner.py:61 DeprecationWarning: This process (pid=184) is multi-threaded, use of fork() may lead to deadlocks in the child.
[2024-10-11T12:34:15.116+0000] {standard_task_runner.py:63} INFO - Started process 192 to run task
[2024-10-11T12:34:15.804+0000] {task_command.py:426} INFO - Running <TaskInstance: process_employees.create_reservas_table scheduled__2024-10-10T00:00:00+00:00 [running]> on host 5e909a8df6c4
[2024-10-11T12:34:17.784+0000] {taskinstance.py:2648} INFO - Exporting env vars: AIRFLOW_CTX_DAG_OWNER='***' AIRFLOW_CTX_DAG_ID='process_employees' AIRFLOW_CTX_TASK_ID='create_reservas_table' AIRFLOW_CTX_EXECUTION_DATE='2024-10-10T00:00:00+00:00' AIRFLOW_CTX_TRY_NUMBER='1' AIRFLOW_CTX_DAG_RUN_ID='scheduled__2024-10-10T00:00:00+00:00'
[2024-10-11T12:34:17.792+0000] {taskinstance.py:430} INFO - ::endgroup::
[2024-10-11T12:34:17.801+0000] {sql.py:276} INFO - Executing: 
            DROP TABLE IF EXISTS reservas;
            CREATE TABLE IF NOT EXISTS reservas (
                "idVariable" NUMERIC,
                "fecha" Date,
                "valor" float
            );
[2024-10-11T12:34:17.955+0000] {base.py:84} INFO - Using connection ID 'postgres' for task execution.
[2024-10-11T12:34:18.176+0000] {base.py:84} INFO - Using connection ID 'postgres' for task execution.
[2024-10-11T12:34:18.817+0000] {sql.py:470} INFO - Running statement: 
            DROP TABLE IF EXISTS reservas;
            CREATE TABLE IF NOT EXISTS reservas (
                "idVariable" NUMERIC,
                "fecha" Date,
                "valor" float
            );, parameters: None
[2024-10-11T12:34:19.686+0000] {taskinstance.py:441} INFO - ::group::Post task execution logs
[2024-10-11T12:34:19.845+0000] {taskinstance.py:1206} INFO - Marking task as SUCCESS. dag_id=process_employees, task_id=create_reservas_table, run_id=scheduled__2024-10-10T00:00:00+00:00, execution_date=20241010T000000, start_date=20241011T123411, end_date=20241011T123419
[2024-10-11T12:34:20.594+0000] {local_task_job_runner.py:240} INFO - Task exited with return code 0
[2024-10-11T12:34:20.786+0000] {logging_mixin.py:188} WARNING - /home/***/.local/lib/python3.12/site-packages/***/models/baseoperator.py:1296 AirflowProviderDeprecationWarning: Call to deprecated class PostgresOperator. (Please use `***.providers.common.sql.operators.sql.SQLExecuteQueryOperator`.Also, you can provide `hook_params={'schema': <database>}`.)
[2024-10-11T12:34:21.139+0000] {taskinstance.py:3498} INFO - 0 downstream tasks scheduled from follow-on schedule check
[2024-10-11T12:34:21.198+0000] {local_task_job_runner.py:222} INFO - ::endgroup::
