[2024-06-04T23:44:02.068+0000] {processor.py:161} INFO - Started process (PID=169582) to work on /home/airflow/.local/lib/python3.12/site-packages/airflow/example_dags/example_python_operator.py
[2024-06-04T23:44:02.069+0000] {processor.py:830} INFO - Processing file /home/airflow/.local/lib/python3.12/site-packages/airflow/example_dags/example_python_operator.py for tasks to queue
[2024-06-04T23:44:02.073+0000] {logging_mixin.py:188} INFO - [2024-06-04T23:44:02.072+0000] {dagbag.py:545} INFO - Filling up the DagBag from /home/airflow/.local/lib/python3.12/site-packages/airflow/example_dags/example_python_operator.py
[2024-06-04T23:44:02.093+0000] {processor.py:840} INFO - DAG(s) 'example_python_operator' retrieved from /home/airflow/.local/lib/python3.12/site-packages/airflow/example_dags/example_python_operator.py
[2024-06-04T23:44:02.141+0000] {logging_mixin.py:188} INFO - [2024-06-04T23:44:02.141+0000] {dag.py:3096} INFO - Sync 1 DAGs
[2024-06-04T23:44:02.172+0000] {logging_mixin.py:188} INFO - [2024-06-04T23:44:02.172+0000] {dag.py:3954} INFO - Setting next_dagrun for example_python_operator to None, run_after=None
[2024-06-04T23:44:02.834+0000] {processor.py:183} INFO - Processing /home/airflow/.local/lib/python3.12/site-packages/airflow/example_dags/example_python_operator.py took 0.779 seconds
[2024-06-04T23:44:33.240+0000] {processor.py:161} INFO - Started process (PID=169844) to work on /home/airflow/.local/lib/python3.12/site-packages/airflow/example_dags/example_python_operator.py
[2024-06-04T23:44:33.247+0000] {processor.py:830} INFO - Processing file /home/airflow/.local/lib/python3.12/site-packages/airflow/example_dags/example_python_operator.py for tasks to queue
[2024-06-04T23:44:33.250+0000] {logging_mixin.py:188} INFO - [2024-06-04T23:44:33.250+0000] {dagbag.py:545} INFO - Filling up the DagBag from /home/airflow/.local/lib/python3.12/site-packages/airflow/example_dags/example_python_operator.py
[2024-06-04T23:44:33.335+0000] {processor.py:840} INFO - DAG(s) 'example_python_operator' retrieved from /home/airflow/.local/lib/python3.12/site-packages/airflow/example_dags/example_python_operator.py
[2024-06-04T23:44:33.428+0000] {logging_mixin.py:188} INFO - [2024-06-04T23:44:33.427+0000] {dag.py:3096} INFO - Sync 1 DAGs
[2024-06-04T23:44:33.501+0000] {logging_mixin.py:188} INFO - [2024-06-04T23:44:33.500+0000] {dag.py:3954} INFO - Setting next_dagrun for example_python_operator to None, run_after=None
[2024-06-04T23:44:33.745+0000] {processor.py:183} INFO - Processing /home/airflow/.local/lib/python3.12/site-packages/airflow/example_dags/example_python_operator.py took 0.552 seconds
[2024-06-04T23:45:04.331+0000] {processor.py:161} INFO - Started process (PID=170106) to work on /home/airflow/.local/lib/python3.12/site-packages/airflow/example_dags/example_python_operator.py
[2024-06-04T23:45:04.345+0000] {processor.py:830} INFO - Processing file /home/airflow/.local/lib/python3.12/site-packages/airflow/example_dags/example_python_operator.py for tasks to queue
[2024-06-04T23:45:04.350+0000] {logging_mixin.py:188} INFO - [2024-06-04T23:45:04.350+0000] {dagbag.py:545} INFO - Filling up the DagBag from /home/airflow/.local/lib/python3.12/site-packages/airflow/example_dags/example_python_operator.py
[2024-06-04T23:45:04.376+0000] {processor.py:840} INFO - DAG(s) 'example_python_operator' retrieved from /home/airflow/.local/lib/python3.12/site-packages/airflow/example_dags/example_python_operator.py
[2024-06-04T23:45:04.434+0000] {logging_mixin.py:188} INFO - [2024-06-04T23:45:04.433+0000] {dag.py:3096} INFO - Sync 1 DAGs
[2024-06-04T23:45:04.469+0000] {logging_mixin.py:188} INFO - [2024-06-04T23:45:04.469+0000] {dag.py:3954} INFO - Setting next_dagrun for example_python_operator to None, run_after=None
[2024-06-04T23:45:04.537+0000] {processor.py:183} INFO - Processing /home/airflow/.local/lib/python3.12/site-packages/airflow/example_dags/example_python_operator.py took 0.225 seconds
[2024-06-04T23:45:35.066+0000] {processor.py:161} INFO - Started process (PID=170368) to work on /home/airflow/.local/lib/python3.12/site-packages/airflow/example_dags/example_python_operator.py
[2024-06-04T23:45:35.073+0000] {processor.py:830} INFO - Processing file /home/airflow/.local/lib/python3.12/site-packages/airflow/example_dags/example_python_operator.py for tasks to queue
[2024-06-04T23:45:35.079+0000] {logging_mixin.py:188} INFO - [2024-06-04T23:45:35.078+0000] {dagbag.py:545} INFO - Filling up the DagBag from /home/airflow/.local/lib/python3.12/site-packages/airflow/example_dags/example_python_operator.py
[2024-06-04T23:45:35.107+0000] {processor.py:840} INFO - DAG(s) 'example_python_operator' retrieved from /home/airflow/.local/lib/python3.12/site-packages/airflow/example_dags/example_python_operator.py
[2024-06-04T23:45:35.185+0000] {logging_mixin.py:188} INFO - [2024-06-04T23:45:35.185+0000] {dag.py:3096} INFO - Sync 1 DAGs
[2024-06-04T23:45:35.223+0000] {logging_mixin.py:188} INFO - [2024-06-04T23:45:35.223+0000] {dag.py:3954} INFO - Setting next_dagrun for example_python_operator to None, run_after=None
[2024-06-04T23:45:35.362+0000] {processor.py:183} INFO - Processing /home/airflow/.local/lib/python3.12/site-packages/airflow/example_dags/example_python_operator.py took 0.312 seconds
[2024-06-04T23:46:08.625+0000] {processor.py:161} INFO - Started process (PID=170630) to work on /home/airflow/.local/lib/python3.12/site-packages/airflow/example_dags/example_python_operator.py
[2024-06-04T23:46:08.640+0000] {processor.py:830} INFO - Processing file /home/airflow/.local/lib/python3.12/site-packages/airflow/example_dags/example_python_operator.py for tasks to queue
[2024-06-04T23:46:08.651+0000] {logging_mixin.py:188} INFO - [2024-06-04T23:46:08.651+0000] {dagbag.py:545} INFO - Filling up the DagBag from /home/airflow/.local/lib/python3.12/site-packages/airflow/example_dags/example_python_operator.py
[2024-06-04T23:46:08.742+0000] {processor.py:840} INFO - DAG(s) 'example_python_operator' retrieved from /home/airflow/.local/lib/python3.12/site-packages/airflow/example_dags/example_python_operator.py
[2024-06-04T23:46:08.924+0000] {logging_mixin.py:188} INFO - [2024-06-04T23:46:08.924+0000] {dag.py:3096} INFO - Sync 1 DAGs
[2024-06-04T23:46:09.066+0000] {logging_mixin.py:188} INFO - [2024-06-04T23:46:09.066+0000] {dag.py:3954} INFO - Setting next_dagrun for example_python_operator to None, run_after=None
[2024-06-04T23:46:09.240+0000] {processor.py:183} INFO - Processing /home/airflow/.local/lib/python3.12/site-packages/airflow/example_dags/example_python_operator.py took 0.670 seconds
[2024-06-04T23:46:40.003+0000] {processor.py:161} INFO - Started process (PID=170894) to work on /home/airflow/.local/lib/python3.12/site-packages/airflow/example_dags/example_python_operator.py
[2024-06-04T23:46:40.006+0000] {processor.py:830} INFO - Processing file /home/airflow/.local/lib/python3.12/site-packages/airflow/example_dags/example_python_operator.py for tasks to queue
[2024-06-04T23:46:40.010+0000] {logging_mixin.py:188} INFO - [2024-06-04T23:46:40.009+0000] {dagbag.py:545} INFO - Filling up the DagBag from /home/airflow/.local/lib/python3.12/site-packages/airflow/example_dags/example_python_operator.py
[2024-06-04T23:46:40.068+0000] {processor.py:840} INFO - DAG(s) 'example_python_operator' retrieved from /home/airflow/.local/lib/python3.12/site-packages/airflow/example_dags/example_python_operator.py
[2024-06-04T23:46:40.231+0000] {logging_mixin.py:188} INFO - [2024-06-04T23:46:40.231+0000] {dag.py:3096} INFO - Sync 1 DAGs
[2024-06-04T23:46:40.293+0000] {logging_mixin.py:188} INFO - [2024-06-04T23:46:40.292+0000] {dag.py:3954} INFO - Setting next_dagrun for example_python_operator to None, run_after=None
[2024-06-04T23:46:40.376+0000] {processor.py:183} INFO - Processing /home/airflow/.local/lib/python3.12/site-packages/airflow/example_dags/example_python_operator.py took 0.386 seconds
[2024-06-04T23:47:11.387+0000] {processor.py:161} INFO - Started process (PID=171155) to work on /home/airflow/.local/lib/python3.12/site-packages/airflow/example_dags/example_python_operator.py
[2024-06-04T23:47:11.389+0000] {processor.py:830} INFO - Processing file /home/airflow/.local/lib/python3.12/site-packages/airflow/example_dags/example_python_operator.py for tasks to queue
[2024-06-04T23:47:11.395+0000] {logging_mixin.py:188} INFO - [2024-06-04T23:47:11.394+0000] {dagbag.py:545} INFO - Filling up the DagBag from /home/airflow/.local/lib/python3.12/site-packages/airflow/example_dags/example_python_operator.py
[2024-06-04T23:47:11.431+0000] {processor.py:840} INFO - DAG(s) 'example_python_operator' retrieved from /home/airflow/.local/lib/python3.12/site-packages/airflow/example_dags/example_python_operator.py
[2024-06-04T23:47:11.491+0000] {logging_mixin.py:188} INFO - [2024-06-04T23:47:11.491+0000] {dag.py:3096} INFO - Sync 1 DAGs
[2024-06-04T23:47:11.525+0000] {logging_mixin.py:188} INFO - [2024-06-04T23:47:11.525+0000] {dag.py:3954} INFO - Setting next_dagrun for example_python_operator to None, run_after=None
[2024-06-04T23:47:11.617+0000] {processor.py:183} INFO - Processing /home/airflow/.local/lib/python3.12/site-packages/airflow/example_dags/example_python_operator.py took 0.252 seconds
[2024-06-04T23:47:41.797+0000] {processor.py:161} INFO - Started process (PID=171416) to work on /home/airflow/.local/lib/python3.12/site-packages/airflow/example_dags/example_python_operator.py
[2024-06-04T23:47:41.799+0000] {processor.py:830} INFO - Processing file /home/airflow/.local/lib/python3.12/site-packages/airflow/example_dags/example_python_operator.py for tasks to queue
[2024-06-04T23:47:41.803+0000] {logging_mixin.py:188} INFO - [2024-06-04T23:47:41.802+0000] {dagbag.py:545} INFO - Filling up the DagBag from /home/airflow/.local/lib/python3.12/site-packages/airflow/example_dags/example_python_operator.py
[2024-06-04T23:47:41.831+0000] {processor.py:840} INFO - DAG(s) 'example_python_operator' retrieved from /home/airflow/.local/lib/python3.12/site-packages/airflow/example_dags/example_python_operator.py
[2024-06-04T23:47:41.894+0000] {logging_mixin.py:188} INFO - [2024-06-04T23:47:41.893+0000] {dag.py:3096} INFO - Sync 1 DAGs
[2024-06-04T23:47:41.928+0000] {logging_mixin.py:188} INFO - [2024-06-04T23:47:41.928+0000] {dag.py:3954} INFO - Setting next_dagrun for example_python_operator to None, run_after=None
[2024-06-04T23:47:41.980+0000] {processor.py:183} INFO - Processing /home/airflow/.local/lib/python3.12/site-packages/airflow/example_dags/example_python_operator.py took 0.197 seconds
[2024-06-04T23:48:12.833+0000] {processor.py:161} INFO - Started process (PID=171678) to work on /home/airflow/.local/lib/python3.12/site-packages/airflow/example_dags/example_python_operator.py
[2024-06-04T23:48:12.835+0000] {processor.py:830} INFO - Processing file /home/airflow/.local/lib/python3.12/site-packages/airflow/example_dags/example_python_operator.py for tasks to queue
[2024-06-04T23:48:12.839+0000] {logging_mixin.py:188} INFO - [2024-06-04T23:48:12.838+0000] {dagbag.py:545} INFO - Filling up the DagBag from /home/airflow/.local/lib/python3.12/site-packages/airflow/example_dags/example_python_operator.py
[2024-06-04T23:48:12.865+0000] {processor.py:840} INFO - DAG(s) 'example_python_operator' retrieved from /home/airflow/.local/lib/python3.12/site-packages/airflow/example_dags/example_python_operator.py
[2024-06-04T23:48:12.926+0000] {logging_mixin.py:188} INFO - [2024-06-04T23:48:12.925+0000] {dag.py:3096} INFO - Sync 1 DAGs
[2024-06-04T23:48:12.958+0000] {logging_mixin.py:188} INFO - [2024-06-04T23:48:12.958+0000] {dag.py:3954} INFO - Setting next_dagrun for example_python_operator to None, run_after=None
[2024-06-04T23:48:13.022+0000] {processor.py:183} INFO - Processing /home/airflow/.local/lib/python3.12/site-packages/airflow/example_dags/example_python_operator.py took 0.204 seconds
[2024-06-04T23:48:43.923+0000] {processor.py:161} INFO - Started process (PID=171940) to work on /home/airflow/.local/lib/python3.12/site-packages/airflow/example_dags/example_python_operator.py
[2024-06-04T23:48:43.925+0000] {processor.py:830} INFO - Processing file /home/airflow/.local/lib/python3.12/site-packages/airflow/example_dags/example_python_operator.py for tasks to queue
[2024-06-04T23:48:43.934+0000] {logging_mixin.py:188} INFO - [2024-06-04T23:48:43.928+0000] {dagbag.py:545} INFO - Filling up the DagBag from /home/airflow/.local/lib/python3.12/site-packages/airflow/example_dags/example_python_operator.py
[2024-06-04T23:48:43.974+0000] {processor.py:840} INFO - DAG(s) 'example_python_operator' retrieved from /home/airflow/.local/lib/python3.12/site-packages/airflow/example_dags/example_python_operator.py
[2024-06-04T23:48:44.092+0000] {logging_mixin.py:188} INFO - [2024-06-04T23:48:44.092+0000] {dag.py:3096} INFO - Sync 1 DAGs
[2024-06-04T23:48:44.139+0000] {logging_mixin.py:188} INFO - [2024-06-04T23:48:44.138+0000] {dag.py:3954} INFO - Setting next_dagrun for example_python_operator to None, run_after=None
[2024-06-04T23:48:44.190+0000] {processor.py:183} INFO - Processing /home/airflow/.local/lib/python3.12/site-packages/airflow/example_dags/example_python_operator.py took 0.284 seconds
[2024-06-04T23:49:14.699+0000] {processor.py:161} INFO - Started process (PID=172202) to work on /home/airflow/.local/lib/python3.12/site-packages/airflow/example_dags/example_python_operator.py
[2024-06-04T23:49:14.702+0000] {processor.py:830} INFO - Processing file /home/airflow/.local/lib/python3.12/site-packages/airflow/example_dags/example_python_operator.py for tasks to queue
[2024-06-04T23:49:14.706+0000] {logging_mixin.py:188} INFO - [2024-06-04T23:49:14.705+0000] {dagbag.py:545} INFO - Filling up the DagBag from /home/airflow/.local/lib/python3.12/site-packages/airflow/example_dags/example_python_operator.py
[2024-06-04T23:49:14.734+0000] {processor.py:840} INFO - DAG(s) 'example_python_operator' retrieved from /home/airflow/.local/lib/python3.12/site-packages/airflow/example_dags/example_python_operator.py
[2024-06-04T23:49:14.821+0000] {logging_mixin.py:188} INFO - [2024-06-04T23:49:14.820+0000] {dag.py:3096} INFO - Sync 1 DAGs
[2024-06-04T23:49:14.876+0000] {logging_mixin.py:188} INFO - [2024-06-04T23:49:14.875+0000] {dag.py:3954} INFO - Setting next_dagrun for example_python_operator to None, run_after=None
[2024-06-04T23:49:14.963+0000] {processor.py:183} INFO - Processing /home/airflow/.local/lib/python3.12/site-packages/airflow/example_dags/example_python_operator.py took 0.281 seconds
[2024-06-04T23:49:45.340+0000] {processor.py:161} INFO - Started process (PID=172463) to work on /home/airflow/.local/lib/python3.12/site-packages/airflow/example_dags/example_python_operator.py
[2024-06-04T23:49:45.356+0000] {processor.py:830} INFO - Processing file /home/airflow/.local/lib/python3.12/site-packages/airflow/example_dags/example_python_operator.py for tasks to queue
[2024-06-04T23:49:45.360+0000] {logging_mixin.py:188} INFO - [2024-06-04T23:49:45.359+0000] {dagbag.py:545} INFO - Filling up the DagBag from /home/airflow/.local/lib/python3.12/site-packages/airflow/example_dags/example_python_operator.py
[2024-06-04T23:49:45.402+0000] {processor.py:840} INFO - DAG(s) 'example_python_operator' retrieved from /home/airflow/.local/lib/python3.12/site-packages/airflow/example_dags/example_python_operator.py
[2024-06-04T23:49:45.501+0000] {logging_mixin.py:188} INFO - [2024-06-04T23:49:45.500+0000] {dag.py:3096} INFO - Sync 1 DAGs
[2024-06-04T23:49:45.592+0000] {logging_mixin.py:188} INFO - [2024-06-04T23:49:45.591+0000] {dag.py:3954} INFO - Setting next_dagrun for example_python_operator to None, run_after=None
[2024-06-04T23:49:45.705+0000] {processor.py:183} INFO - Processing /home/airflow/.local/lib/python3.12/site-packages/airflow/example_dags/example_python_operator.py took 0.379 seconds
[2024-06-04T23:50:15.796+0000] {processor.py:161} INFO - Started process (PID=172725) to work on /home/airflow/.local/lib/python3.12/site-packages/airflow/example_dags/example_python_operator.py
[2024-06-04T23:50:15.798+0000] {processor.py:830} INFO - Processing file /home/airflow/.local/lib/python3.12/site-packages/airflow/example_dags/example_python_operator.py for tasks to queue
[2024-06-04T23:50:15.801+0000] {logging_mixin.py:188} INFO - [2024-06-04T23:50:15.800+0000] {dagbag.py:545} INFO - Filling up the DagBag from /home/airflow/.local/lib/python3.12/site-packages/airflow/example_dags/example_python_operator.py
[2024-06-04T23:50:15.823+0000] {processor.py:840} INFO - DAG(s) 'example_python_operator' retrieved from /home/airflow/.local/lib/python3.12/site-packages/airflow/example_dags/example_python_operator.py
[2024-06-04T23:50:15.870+0000] {logging_mixin.py:188} INFO - [2024-06-04T23:50:15.870+0000] {dag.py:3096} INFO - Sync 1 DAGs
[2024-06-04T23:50:15.900+0000] {logging_mixin.py:188} INFO - [2024-06-04T23:50:15.899+0000] {dag.py:3954} INFO - Setting next_dagrun for example_python_operator to None, run_after=None
[2024-06-04T23:50:15.944+0000] {processor.py:183} INFO - Processing /home/airflow/.local/lib/python3.12/site-packages/airflow/example_dags/example_python_operator.py took 0.160 seconds
[2024-06-04T23:50:46.458+0000] {processor.py:161} INFO - Started process (PID=172987) to work on /home/airflow/.local/lib/python3.12/site-packages/airflow/example_dags/example_python_operator.py
[2024-06-04T23:50:46.461+0000] {processor.py:830} INFO - Processing file /home/airflow/.local/lib/python3.12/site-packages/airflow/example_dags/example_python_operator.py for tasks to queue
[2024-06-04T23:50:46.465+0000] {logging_mixin.py:188} INFO - [2024-06-04T23:50:46.465+0000] {dagbag.py:545} INFO - Filling up the DagBag from /home/airflow/.local/lib/python3.12/site-packages/airflow/example_dags/example_python_operator.py
[2024-06-04T23:50:46.496+0000] {processor.py:840} INFO - DAG(s) 'example_python_operator' retrieved from /home/airflow/.local/lib/python3.12/site-packages/airflow/example_dags/example_python_operator.py
[2024-06-04T23:50:46.561+0000] {logging_mixin.py:188} INFO - [2024-06-04T23:50:46.560+0000] {dag.py:3096} INFO - Sync 1 DAGs
[2024-06-04T23:50:46.592+0000] {logging_mixin.py:188} INFO - [2024-06-04T23:50:46.592+0000] {dag.py:3954} INFO - Setting next_dagrun for example_python_operator to None, run_after=None
[2024-06-04T23:50:46.654+0000] {processor.py:183} INFO - Processing /home/airflow/.local/lib/python3.12/site-packages/airflow/example_dags/example_python_operator.py took 0.212 seconds
[2024-06-04T23:51:17.421+0000] {processor.py:161} INFO - Started process (PID=173249) to work on /home/airflow/.local/lib/python3.12/site-packages/airflow/example_dags/example_python_operator.py
[2024-06-04T23:51:17.423+0000] {processor.py:830} INFO - Processing file /home/airflow/.local/lib/python3.12/site-packages/airflow/example_dags/example_python_operator.py for tasks to queue
[2024-06-04T23:51:17.427+0000] {logging_mixin.py:188} INFO - [2024-06-04T23:51:17.426+0000] {dagbag.py:545} INFO - Filling up the DagBag from /home/airflow/.local/lib/python3.12/site-packages/airflow/example_dags/example_python_operator.py
[2024-06-04T23:51:17.473+0000] {processor.py:840} INFO - DAG(s) 'example_python_operator' retrieved from /home/airflow/.local/lib/python3.12/site-packages/airflow/example_dags/example_python_operator.py
[2024-06-04T23:51:17.550+0000] {logging_mixin.py:188} INFO - [2024-06-04T23:51:17.549+0000] {dag.py:3096} INFO - Sync 1 DAGs
[2024-06-04T23:51:17.586+0000] {logging_mixin.py:188} INFO - [2024-06-04T23:51:17.585+0000] {dag.py:3954} INFO - Setting next_dagrun for example_python_operator to None, run_after=None
[2024-06-04T23:51:17.642+0000] {processor.py:183} INFO - Processing /home/airflow/.local/lib/python3.12/site-packages/airflow/example_dags/example_python_operator.py took 0.236 seconds
[2024-06-04T23:51:47.903+0000] {processor.py:161} INFO - Started process (PID=173512) to work on /home/airflow/.local/lib/python3.12/site-packages/airflow/example_dags/example_python_operator.py
[2024-06-04T23:51:47.920+0000] {processor.py:830} INFO - Processing file /home/airflow/.local/lib/python3.12/site-packages/airflow/example_dags/example_python_operator.py for tasks to queue
[2024-06-04T23:51:47.923+0000] {logging_mixin.py:188} INFO - [2024-06-04T23:51:47.923+0000] {dagbag.py:545} INFO - Filling up the DagBag from /home/airflow/.local/lib/python3.12/site-packages/airflow/example_dags/example_python_operator.py
[2024-06-04T23:51:47.947+0000] {processor.py:840} INFO - DAG(s) 'example_python_operator' retrieved from /home/airflow/.local/lib/python3.12/site-packages/airflow/example_dags/example_python_operator.py
[2024-06-04T23:51:48.012+0000] {logging_mixin.py:188} INFO - [2024-06-04T23:51:48.011+0000] {dag.py:3096} INFO - Sync 1 DAGs
[2024-06-04T23:51:48.078+0000] {logging_mixin.py:188} INFO - [2024-06-04T23:51:48.070+0000] {dag.py:3954} INFO - Setting next_dagrun for example_python_operator to None, run_after=None
[2024-06-04T23:51:48.192+0000] {processor.py:183} INFO - Processing /home/airflow/.local/lib/python3.12/site-packages/airflow/example_dags/example_python_operator.py took 0.306 seconds
[2024-06-04T23:52:18.664+0000] {processor.py:161} INFO - Started process (PID=173773) to work on /home/airflow/.local/lib/python3.12/site-packages/airflow/example_dags/example_python_operator.py
[2024-06-04T23:52:18.667+0000] {processor.py:830} INFO - Processing file /home/airflow/.local/lib/python3.12/site-packages/airflow/example_dags/example_python_operator.py for tasks to queue
[2024-06-04T23:52:18.671+0000] {logging_mixin.py:188} INFO - [2024-06-04T23:52:18.670+0000] {dagbag.py:545} INFO - Filling up the DagBag from /home/airflow/.local/lib/python3.12/site-packages/airflow/example_dags/example_python_operator.py
[2024-06-04T23:52:18.699+0000] {processor.py:840} INFO - DAG(s) 'example_python_operator' retrieved from /home/airflow/.local/lib/python3.12/site-packages/airflow/example_dags/example_python_operator.py
[2024-06-04T23:52:18.776+0000] {logging_mixin.py:188} INFO - [2024-06-04T23:52:18.776+0000] {dag.py:3096} INFO - Sync 1 DAGs
[2024-06-04T23:52:18.838+0000] {logging_mixin.py:188} INFO - [2024-06-04T23:52:18.837+0000] {dag.py:3954} INFO - Setting next_dagrun for example_python_operator to None, run_after=None
[2024-06-04T23:52:18.964+0000] {processor.py:183} INFO - Processing /home/airflow/.local/lib/python3.12/site-packages/airflow/example_dags/example_python_operator.py took 0.317 seconds
[2024-06-04T23:52:49.099+0000] {processor.py:161} INFO - Started process (PID=174033) to work on /home/airflow/.local/lib/python3.12/site-packages/airflow/example_dags/example_python_operator.py
[2024-06-04T23:52:49.101+0000] {processor.py:830} INFO - Processing file /home/airflow/.local/lib/python3.12/site-packages/airflow/example_dags/example_python_operator.py for tasks to queue
[2024-06-04T23:52:49.107+0000] {logging_mixin.py:188} INFO - [2024-06-04T23:52:49.107+0000] {dagbag.py:545} INFO - Filling up the DagBag from /home/airflow/.local/lib/python3.12/site-packages/airflow/example_dags/example_python_operator.py
[2024-06-04T23:52:49.153+0000] {processor.py:840} INFO - DAG(s) 'example_python_operator' retrieved from /home/airflow/.local/lib/python3.12/site-packages/airflow/example_dags/example_python_operator.py
[2024-06-04T23:52:49.245+0000] {logging_mixin.py:188} INFO - [2024-06-04T23:52:49.244+0000] {dag.py:3096} INFO - Sync 1 DAGs
[2024-06-04T23:52:49.303+0000] {logging_mixin.py:188} INFO - [2024-06-04T23:52:49.302+0000] {dag.py:3954} INFO - Setting next_dagrun for example_python_operator to None, run_after=None
[2024-06-04T23:52:49.389+0000] {processor.py:183} INFO - Processing /home/airflow/.local/lib/python3.12/site-packages/airflow/example_dags/example_python_operator.py took 0.314 seconds
[2024-06-04T23:53:20.116+0000] {processor.py:161} INFO - Started process (PID=174295) to work on /home/airflow/.local/lib/python3.12/site-packages/airflow/example_dags/example_python_operator.py
[2024-06-04T23:53:20.117+0000] {processor.py:830} INFO - Processing file /home/airflow/.local/lib/python3.12/site-packages/airflow/example_dags/example_python_operator.py for tasks to queue
[2024-06-04T23:53:20.121+0000] {logging_mixin.py:188} INFO - [2024-06-04T23:53:20.120+0000] {dagbag.py:545} INFO - Filling up the DagBag from /home/airflow/.local/lib/python3.12/site-packages/airflow/example_dags/example_python_operator.py
[2024-06-04T23:53:20.142+0000] {processor.py:840} INFO - DAG(s) 'example_python_operator' retrieved from /home/airflow/.local/lib/python3.12/site-packages/airflow/example_dags/example_python_operator.py
[2024-06-04T23:53:20.188+0000] {logging_mixin.py:188} INFO - [2024-06-04T23:53:20.188+0000] {dag.py:3096} INFO - Sync 1 DAGs
[2024-06-04T23:53:20.219+0000] {logging_mixin.py:188} INFO - [2024-06-04T23:53:20.218+0000] {dag.py:3954} INFO - Setting next_dagrun for example_python_operator to None, run_after=None
[2024-06-04T23:53:20.269+0000] {processor.py:183} INFO - Processing /home/airflow/.local/lib/python3.12/site-packages/airflow/example_dags/example_python_operator.py took 0.165 seconds
[2024-06-04T23:53:50.756+0000] {processor.py:161} INFO - Started process (PID=174554) to work on /home/airflow/.local/lib/python3.12/site-packages/airflow/example_dags/example_python_operator.py
[2024-06-04T23:53:50.856+0000] {processor.py:830} INFO - Processing file /home/airflow/.local/lib/python3.12/site-packages/airflow/example_dags/example_python_operator.py for tasks to queue
[2024-06-04T23:53:50.863+0000] {logging_mixin.py:188} INFO - [2024-06-04T23:53:50.862+0000] {dagbag.py:545} INFO - Filling up the DagBag from /home/airflow/.local/lib/python3.12/site-packages/airflow/example_dags/example_python_operator.py
[2024-06-04T23:53:50.908+0000] {processor.py:840} INFO - DAG(s) 'example_python_operator' retrieved from /home/airflow/.local/lib/python3.12/site-packages/airflow/example_dags/example_python_operator.py
[2024-06-04T23:53:50.967+0000] {logging_mixin.py:188} INFO - [2024-06-04T23:53:50.966+0000] {dag.py:3096} INFO - Sync 1 DAGs
[2024-06-04T23:53:51.025+0000] {logging_mixin.py:188} INFO - [2024-06-04T23:53:51.024+0000] {dag.py:3954} INFO - Setting next_dagrun for example_python_operator to None, run_after=None
[2024-06-04T23:53:51.367+0000] {processor.py:183} INFO - Processing /home/airflow/.local/lib/python3.12/site-packages/airflow/example_dags/example_python_operator.py took 0.626 seconds
[2024-06-04T23:54:21.563+0000] {processor.py:161} INFO - Started process (PID=174820) to work on /home/airflow/.local/lib/python3.12/site-packages/airflow/example_dags/example_python_operator.py
[2024-06-04T23:54:21.565+0000] {processor.py:830} INFO - Processing file /home/airflow/.local/lib/python3.12/site-packages/airflow/example_dags/example_python_operator.py for tasks to queue
[2024-06-04T23:54:21.567+0000] {logging_mixin.py:188} INFO - [2024-06-04T23:54:21.567+0000] {dagbag.py:545} INFO - Filling up the DagBag from /home/airflow/.local/lib/python3.12/site-packages/airflow/example_dags/example_python_operator.py
[2024-06-04T23:54:21.585+0000] {processor.py:840} INFO - DAG(s) 'example_python_operator' retrieved from /home/airflow/.local/lib/python3.12/site-packages/airflow/example_dags/example_python_operator.py
[2024-06-04T23:54:21.624+0000] {logging_mixin.py:188} INFO - [2024-06-04T23:54:21.623+0000] {dag.py:3096} INFO - Sync 1 DAGs
[2024-06-04T23:54:21.647+0000] {logging_mixin.py:188} INFO - [2024-06-04T23:54:21.647+0000] {dag.py:3954} INFO - Setting next_dagrun for example_python_operator to None, run_after=None
[2024-06-04T23:54:21.689+0000] {processor.py:183} INFO - Processing /home/airflow/.local/lib/python3.12/site-packages/airflow/example_dags/example_python_operator.py took 0.136 seconds
[2024-06-04T23:54:51.832+0000] {processor.py:161} INFO - Started process (PID=175075) to work on /home/airflow/.local/lib/python3.12/site-packages/airflow/example_dags/example_python_operator.py
[2024-06-04T23:54:51.834+0000] {processor.py:830} INFO - Processing file /home/airflow/.local/lib/python3.12/site-packages/airflow/example_dags/example_python_operator.py for tasks to queue
[2024-06-04T23:54:51.837+0000] {logging_mixin.py:188} INFO - [2024-06-04T23:54:51.837+0000] {dagbag.py:545} INFO - Filling up the DagBag from /home/airflow/.local/lib/python3.12/site-packages/airflow/example_dags/example_python_operator.py
[2024-06-04T23:54:51.861+0000] {processor.py:840} INFO - DAG(s) 'example_python_operator' retrieved from /home/airflow/.local/lib/python3.12/site-packages/airflow/example_dags/example_python_operator.py
[2024-06-04T23:54:51.922+0000] {logging_mixin.py:188} INFO - [2024-06-04T23:54:51.922+0000] {dag.py:3096} INFO - Sync 1 DAGs
[2024-06-04T23:54:51.955+0000] {logging_mixin.py:188} INFO - [2024-06-04T23:54:51.955+0000] {dag.py:3954} INFO - Setting next_dagrun for example_python_operator to None, run_after=None
[2024-06-04T23:54:52.078+0000] {processor.py:183} INFO - Processing /home/airflow/.local/lib/python3.12/site-packages/airflow/example_dags/example_python_operator.py took 0.260 seconds
[2024-06-04T23:55:22.655+0000] {processor.py:161} INFO - Started process (PID=175335) to work on /home/airflow/.local/lib/python3.12/site-packages/airflow/example_dags/example_python_operator.py
[2024-06-04T23:55:22.669+0000] {processor.py:830} INFO - Processing file /home/airflow/.local/lib/python3.12/site-packages/airflow/example_dags/example_python_operator.py for tasks to queue
[2024-06-04T23:55:22.672+0000] {logging_mixin.py:188} INFO - [2024-06-04T23:55:22.672+0000] {dagbag.py:545} INFO - Filling up the DagBag from /home/airflow/.local/lib/python3.12/site-packages/airflow/example_dags/example_python_operator.py
[2024-06-04T23:55:22.753+0000] {processor.py:840} INFO - DAG(s) 'example_python_operator' retrieved from /home/airflow/.local/lib/python3.12/site-packages/airflow/example_dags/example_python_operator.py
[2024-06-04T23:55:22.910+0000] {logging_mixin.py:188} INFO - [2024-06-04T23:55:22.909+0000] {dag.py:3096} INFO - Sync 1 DAGs
[2024-06-04T23:55:23.020+0000] {logging_mixin.py:188} INFO - [2024-06-04T23:55:23.019+0000] {dag.py:3954} INFO - Setting next_dagrun for example_python_operator to None, run_after=None
[2024-06-04T23:55:23.123+0000] {processor.py:183} INFO - Processing /home/airflow/.local/lib/python3.12/site-packages/airflow/example_dags/example_python_operator.py took 0.501 seconds
[2024-06-04T23:55:53.796+0000] {processor.py:161} INFO - Started process (PID=175606) to work on /home/airflow/.local/lib/python3.12/site-packages/airflow/example_dags/example_python_operator.py
[2024-06-04T23:55:53.798+0000] {processor.py:830} INFO - Processing file /home/airflow/.local/lib/python3.12/site-packages/airflow/example_dags/example_python_operator.py for tasks to queue
[2024-06-04T23:55:53.803+0000] {logging_mixin.py:188} INFO - [2024-06-04T23:55:53.802+0000] {dagbag.py:545} INFO - Filling up the DagBag from /home/airflow/.local/lib/python3.12/site-packages/airflow/example_dags/example_python_operator.py
[2024-06-04T23:55:53.835+0000] {processor.py:840} INFO - DAG(s) 'example_python_operator' retrieved from /home/airflow/.local/lib/python3.12/site-packages/airflow/example_dags/example_python_operator.py
[2024-06-04T23:55:53.908+0000] {logging_mixin.py:188} INFO - [2024-06-04T23:55:53.908+0000] {dag.py:3096} INFO - Sync 1 DAGs
[2024-06-04T23:55:53.966+0000] {logging_mixin.py:188} INFO - [2024-06-04T23:55:53.966+0000] {dag.py:3954} INFO - Setting next_dagrun for example_python_operator to None, run_after=None
[2024-06-04T23:55:54.046+0000] {processor.py:183} INFO - Processing /home/airflow/.local/lib/python3.12/site-packages/airflow/example_dags/example_python_operator.py took 0.263 seconds
[2024-06-04T23:56:24.813+0000] {processor.py:161} INFO - Started process (PID=175868) to work on /home/airflow/.local/lib/python3.12/site-packages/airflow/example_dags/example_python_operator.py
[2024-06-04T23:56:24.818+0000] {processor.py:830} INFO - Processing file /home/airflow/.local/lib/python3.12/site-packages/airflow/example_dags/example_python_operator.py for tasks to queue
[2024-06-04T23:56:24.827+0000] {logging_mixin.py:188} INFO - [2024-06-04T23:56:24.826+0000] {dagbag.py:545} INFO - Filling up the DagBag from /home/airflow/.local/lib/python3.12/site-packages/airflow/example_dags/example_python_operator.py
[2024-06-04T23:56:24.862+0000] {processor.py:840} INFO - DAG(s) 'example_python_operator' retrieved from /home/airflow/.local/lib/python3.12/site-packages/airflow/example_dags/example_python_operator.py
[2024-06-04T23:56:24.958+0000] {logging_mixin.py:188} INFO - [2024-06-04T23:56:24.957+0000] {dag.py:3096} INFO - Sync 1 DAGs
[2024-06-04T23:56:25.007+0000] {logging_mixin.py:188} INFO - [2024-06-04T23:56:25.006+0000] {dag.py:3954} INFO - Setting next_dagrun for example_python_operator to None, run_after=None
[2024-06-04T23:56:25.062+0000] {processor.py:183} INFO - Processing /home/airflow/.local/lib/python3.12/site-packages/airflow/example_dags/example_python_operator.py took 0.264 seconds
[2024-06-04T23:56:55.272+0000] {processor.py:161} INFO - Started process (PID=176126) to work on /home/airflow/.local/lib/python3.12/site-packages/airflow/example_dags/example_python_operator.py
[2024-06-04T23:56:55.273+0000] {processor.py:830} INFO - Processing file /home/airflow/.local/lib/python3.12/site-packages/airflow/example_dags/example_python_operator.py for tasks to queue
[2024-06-04T23:56:55.277+0000] {logging_mixin.py:188} INFO - [2024-06-04T23:56:55.276+0000] {dagbag.py:545} INFO - Filling up the DagBag from /home/airflow/.local/lib/python3.12/site-packages/airflow/example_dags/example_python_operator.py
[2024-06-04T23:56:55.315+0000] {processor.py:840} INFO - DAG(s) 'example_python_operator' retrieved from /home/airflow/.local/lib/python3.12/site-packages/airflow/example_dags/example_python_operator.py
[2024-06-04T23:56:55.381+0000] {logging_mixin.py:188} INFO - [2024-06-04T23:56:55.380+0000] {dag.py:3096} INFO - Sync 1 DAGs
[2024-06-04T23:56:55.409+0000] {logging_mixin.py:188} INFO - [2024-06-04T23:56:55.408+0000] {dag.py:3954} INFO - Setting next_dagrun for example_python_operator to None, run_after=None
[2024-06-04T23:56:55.463+0000] {processor.py:183} INFO - Processing /home/airflow/.local/lib/python3.12/site-packages/airflow/example_dags/example_python_operator.py took 0.206 seconds
[2024-06-04T23:57:25.721+0000] {processor.py:161} INFO - Started process (PID=176388) to work on /home/airflow/.local/lib/python3.12/site-packages/airflow/example_dags/example_python_operator.py
[2024-06-04T23:57:25.723+0000] {processor.py:830} INFO - Processing file /home/airflow/.local/lib/python3.12/site-packages/airflow/example_dags/example_python_operator.py for tasks to queue
[2024-06-04T23:57:25.727+0000] {logging_mixin.py:188} INFO - [2024-06-04T23:57:25.727+0000] {dagbag.py:545} INFO - Filling up the DagBag from /home/airflow/.local/lib/python3.12/site-packages/airflow/example_dags/example_python_operator.py
[2024-06-04T23:57:25.752+0000] {processor.py:840} INFO - DAG(s) 'example_python_operator' retrieved from /home/airflow/.local/lib/python3.12/site-packages/airflow/example_dags/example_python_operator.py
[2024-06-04T23:57:25.806+0000] {logging_mixin.py:188} INFO - [2024-06-04T23:57:25.806+0000] {dag.py:3096} INFO - Sync 1 DAGs
[2024-06-04T23:57:25.835+0000] {logging_mixin.py:188} INFO - [2024-06-04T23:57:25.835+0000] {dag.py:3954} INFO - Setting next_dagrun for example_python_operator to None, run_after=None
[2024-06-04T23:57:25.884+0000] {processor.py:183} INFO - Processing /home/airflow/.local/lib/python3.12/site-packages/airflow/example_dags/example_python_operator.py took 0.178 seconds
[2024-06-04T23:57:56.098+0000] {processor.py:161} INFO - Started process (PID=176650) to work on /home/airflow/.local/lib/python3.12/site-packages/airflow/example_dags/example_python_operator.py
[2024-06-04T23:57:56.099+0000] {processor.py:830} INFO - Processing file /home/airflow/.local/lib/python3.12/site-packages/airflow/example_dags/example_python_operator.py for tasks to queue
[2024-06-04T23:57:56.103+0000] {logging_mixin.py:188} INFO - [2024-06-04T23:57:56.103+0000] {dagbag.py:545} INFO - Filling up the DagBag from /home/airflow/.local/lib/python3.12/site-packages/airflow/example_dags/example_python_operator.py
[2024-06-04T23:57:56.129+0000] {processor.py:840} INFO - DAG(s) 'example_python_operator' retrieved from /home/airflow/.local/lib/python3.12/site-packages/airflow/example_dags/example_python_operator.py
[2024-06-04T23:57:56.188+0000] {logging_mixin.py:188} INFO - [2024-06-04T23:57:56.188+0000] {dag.py:3096} INFO - Sync 1 DAGs
[2024-06-04T23:57:56.221+0000] {logging_mixin.py:188} INFO - [2024-06-04T23:57:56.220+0000] {dag.py:3954} INFO - Setting next_dagrun for example_python_operator to None, run_after=None
[2024-06-04T23:57:56.267+0000] {processor.py:183} INFO - Processing /home/airflow/.local/lib/python3.12/site-packages/airflow/example_dags/example_python_operator.py took 0.183 seconds
[2024-06-04T23:58:26.363+0000] {processor.py:161} INFO - Started process (PID=176909) to work on /home/airflow/.local/lib/python3.12/site-packages/airflow/example_dags/example_python_operator.py
[2024-06-04T23:58:26.365+0000] {processor.py:830} INFO - Processing file /home/airflow/.local/lib/python3.12/site-packages/airflow/example_dags/example_python_operator.py for tasks to queue
[2024-06-04T23:58:26.369+0000] {logging_mixin.py:188} INFO - [2024-06-04T23:58:26.367+0000] {dagbag.py:545} INFO - Filling up the DagBag from /home/airflow/.local/lib/python3.12/site-packages/airflow/example_dags/example_python_operator.py
[2024-06-04T23:58:26.403+0000] {processor.py:840} INFO - DAG(s) 'example_python_operator' retrieved from /home/airflow/.local/lib/python3.12/site-packages/airflow/example_dags/example_python_operator.py
[2024-06-04T23:58:26.458+0000] {logging_mixin.py:188} INFO - [2024-06-04T23:58:26.458+0000] {dag.py:3096} INFO - Sync 1 DAGs
[2024-06-04T23:58:26.487+0000] {logging_mixin.py:188} INFO - [2024-06-04T23:58:26.486+0000] {dag.py:3954} INFO - Setting next_dagrun for example_python_operator to None, run_after=None
[2024-06-04T23:58:26.534+0000] {processor.py:183} INFO - Processing /home/airflow/.local/lib/python3.12/site-packages/airflow/example_dags/example_python_operator.py took 0.190 seconds
[2024-06-04T23:58:56.661+0000] {processor.py:161} INFO - Started process (PID=177170) to work on /home/airflow/.local/lib/python3.12/site-packages/airflow/example_dags/example_python_operator.py
[2024-06-04T23:58:56.663+0000] {processor.py:830} INFO - Processing file /home/airflow/.local/lib/python3.12/site-packages/airflow/example_dags/example_python_operator.py for tasks to queue
[2024-06-04T23:58:56.668+0000] {logging_mixin.py:188} INFO - [2024-06-04T23:58:56.666+0000] {dagbag.py:545} INFO - Filling up the DagBag from /home/airflow/.local/lib/python3.12/site-packages/airflow/example_dags/example_python_operator.py
[2024-06-04T23:58:56.696+0000] {processor.py:840} INFO - DAG(s) 'example_python_operator' retrieved from /home/airflow/.local/lib/python3.12/site-packages/airflow/example_dags/example_python_operator.py
[2024-06-04T23:58:56.754+0000] {logging_mixin.py:188} INFO - [2024-06-04T23:58:56.754+0000] {dag.py:3096} INFO - Sync 1 DAGs
[2024-06-04T23:58:56.782+0000] {logging_mixin.py:188} INFO - [2024-06-04T23:58:56.781+0000] {dag.py:3954} INFO - Setting next_dagrun for example_python_operator to None, run_after=None
[2024-06-04T23:58:56.839+0000] {processor.py:183} INFO - Processing /home/airflow/.local/lib/python3.12/site-packages/airflow/example_dags/example_python_operator.py took 0.195 seconds
[2024-06-04T23:59:27.336+0000] {processor.py:161} INFO - Started process (PID=177432) to work on /home/airflow/.local/lib/python3.12/site-packages/airflow/example_dags/example_python_operator.py
[2024-06-04T23:59:27.337+0000] {processor.py:830} INFO - Processing file /home/airflow/.local/lib/python3.12/site-packages/airflow/example_dags/example_python_operator.py for tasks to queue
[2024-06-04T23:59:27.341+0000] {logging_mixin.py:188} INFO - [2024-06-04T23:59:27.340+0000] {dagbag.py:545} INFO - Filling up the DagBag from /home/airflow/.local/lib/python3.12/site-packages/airflow/example_dags/example_python_operator.py
[2024-06-04T23:59:27.364+0000] {processor.py:840} INFO - DAG(s) 'example_python_operator' retrieved from /home/airflow/.local/lib/python3.12/site-packages/airflow/example_dags/example_python_operator.py
[2024-06-04T23:59:27.416+0000] {logging_mixin.py:188} INFO - [2024-06-04T23:59:27.415+0000] {dag.py:3096} INFO - Sync 1 DAGs
[2024-06-04T23:59:27.449+0000] {logging_mixin.py:188} INFO - [2024-06-04T23:59:27.448+0000] {dag.py:3954} INFO - Setting next_dagrun for example_python_operator to None, run_after=None
[2024-06-04T23:59:27.539+0000] {processor.py:183} INFO - Processing /home/airflow/.local/lib/python3.12/site-packages/airflow/example_dags/example_python_operator.py took 0.223 seconds
[2024-06-04T23:59:58.554+0000] {processor.py:161} INFO - Started process (PID=177693) to work on /home/airflow/.local/lib/python3.12/site-packages/airflow/example_dags/example_python_operator.py
[2024-06-04T23:59:58.559+0000] {processor.py:830} INFO - Processing file /home/airflow/.local/lib/python3.12/site-packages/airflow/example_dags/example_python_operator.py for tasks to queue
[2024-06-04T23:59:58.570+0000] {logging_mixin.py:188} INFO - [2024-06-04T23:59:58.569+0000] {dagbag.py:545} INFO - Filling up the DagBag from /home/airflow/.local/lib/python3.12/site-packages/airflow/example_dags/example_python_operator.py
[2024-06-04T23:59:58.594+0000] {processor.py:840} INFO - DAG(s) 'example_python_operator' retrieved from /home/airflow/.local/lib/python3.12/site-packages/airflow/example_dags/example_python_operator.py
[2024-06-04T23:59:58.663+0000] {logging_mixin.py:188} INFO - [2024-06-04T23:59:58.662+0000] {dag.py:3096} INFO - Sync 1 DAGs
[2024-06-04T23:59:58.693+0000] {logging_mixin.py:188} INFO - [2024-06-04T23:59:58.692+0000] {dag.py:3954} INFO - Setting next_dagrun for example_python_operator to None, run_after=None
[2024-06-04T23:59:58.745+0000] {processor.py:183} INFO - Processing /home/airflow/.local/lib/python3.12/site-packages/airflow/example_dags/example_python_operator.py took 0.214 seconds
