[2024-06-04T23:44:01.428+0000] {processor.py:161} INFO - Started process (PID=169572) to work on /home/airflow/.local/lib/python3.12/site-packages/airflow/example_dags/example_short_circuit_decorator.py
[2024-06-04T23:44:01.430+0000] {processor.py:830} INFO - Processing file /home/airflow/.local/lib/python3.12/site-packages/airflow/example_dags/example_short_circuit_decorator.py for tasks to queue
[2024-06-04T23:44:01.433+0000] {logging_mixin.py:188} INFO - [2024-06-04T23:44:01.433+0000] {dagbag.py:545} INFO - Filling up the DagBag from /home/airflow/.local/lib/python3.12/site-packages/airflow/example_dags/example_short_circuit_decorator.py
[2024-06-04T23:44:01.465+0000] {processor.py:840} INFO - DAG(s) 'example_short_circuit_decorator' retrieved from /home/airflow/.local/lib/python3.12/site-packages/airflow/example_dags/example_short_circuit_decorator.py
[2024-06-04T23:44:01.595+0000] {logging_mixin.py:188} INFO - [2024-06-04T23:44:01.594+0000] {dag.py:3096} INFO - Sync 1 DAGs
[2024-06-04T23:44:01.655+0000] {logging_mixin.py:188} INFO - [2024-06-04T23:44:01.655+0000] {dag.py:3954} INFO - Setting next_dagrun for example_short_circuit_decorator to 2024-06-03 00:00:00+00:00, run_after=2024-06-04 00:00:00+00:00
[2024-06-04T23:44:01.777+0000] {processor.py:183} INFO - Processing /home/airflow/.local/lib/python3.12/site-packages/airflow/example_dags/example_short_circuit_decorator.py took 0.361 seconds
[2024-06-04T23:44:32.149+0000] {processor.py:161} INFO - Started process (PID=169836) to work on /home/airflow/.local/lib/python3.12/site-packages/airflow/example_dags/example_short_circuit_decorator.py
[2024-06-04T23:44:32.151+0000] {processor.py:830} INFO - Processing file /home/airflow/.local/lib/python3.12/site-packages/airflow/example_dags/example_short_circuit_decorator.py for tasks to queue
[2024-06-04T23:44:32.154+0000] {logging_mixin.py:188} INFO - [2024-06-04T23:44:32.153+0000] {dagbag.py:545} INFO - Filling up the DagBag from /home/airflow/.local/lib/python3.12/site-packages/airflow/example_dags/example_short_circuit_decorator.py
[2024-06-04T23:44:32.173+0000] {processor.py:840} INFO - DAG(s) 'example_short_circuit_decorator' retrieved from /home/airflow/.local/lib/python3.12/site-packages/airflow/example_dags/example_short_circuit_decorator.py
[2024-06-04T23:44:32.226+0000] {logging_mixin.py:188} INFO - [2024-06-04T23:44:32.226+0000] {dag.py:3096} INFO - Sync 1 DAGs
[2024-06-04T23:44:32.316+0000] {logging_mixin.py:188} INFO - [2024-06-04T23:44:32.308+0000] {dag.py:3954} INFO - Setting next_dagrun for example_short_circuit_decorator to 2024-06-03 00:00:00+00:00, run_after=2024-06-04 00:00:00+00:00
[2024-06-04T23:44:32.444+0000] {processor.py:183} INFO - Processing /home/airflow/.local/lib/python3.12/site-packages/airflow/example_dags/example_short_circuit_decorator.py took 0.306 seconds
[2024-06-04T23:45:03.065+0000] {processor.py:161} INFO - Started process (PID=170096) to work on /home/airflow/.local/lib/python3.12/site-packages/airflow/example_dags/example_short_circuit_decorator.py
[2024-06-04T23:45:03.066+0000] {processor.py:830} INFO - Processing file /home/airflow/.local/lib/python3.12/site-packages/airflow/example_dags/example_short_circuit_decorator.py for tasks to queue
[2024-06-04T23:45:03.078+0000] {logging_mixin.py:188} INFO - [2024-06-04T23:45:03.077+0000] {dagbag.py:545} INFO - Filling up the DagBag from /home/airflow/.local/lib/python3.12/site-packages/airflow/example_dags/example_short_circuit_decorator.py
[2024-06-04T23:45:03.109+0000] {processor.py:840} INFO - DAG(s) 'example_short_circuit_decorator' retrieved from /home/airflow/.local/lib/python3.12/site-packages/airflow/example_dags/example_short_circuit_decorator.py
[2024-06-04T23:45:03.164+0000] {logging_mixin.py:188} INFO - [2024-06-04T23:45:03.163+0000] {dag.py:3096} INFO - Sync 1 DAGs
[2024-06-04T23:45:03.220+0000] {logging_mixin.py:188} INFO - [2024-06-04T23:45:03.219+0000] {dag.py:3954} INFO - Setting next_dagrun for example_short_circuit_decorator to 2024-06-03 00:00:00+00:00, run_after=2024-06-04 00:00:00+00:00
[2024-06-04T23:45:03.287+0000] {processor.py:183} INFO - Processing /home/airflow/.local/lib/python3.12/site-packages/airflow/example_dags/example_short_circuit_decorator.py took 0.234 seconds
[2024-06-04T23:45:34.681+0000] {processor.py:161} INFO - Started process (PID=170358) to work on /home/airflow/.local/lib/python3.12/site-packages/airflow/example_dags/example_short_circuit_decorator.py
[2024-06-04T23:45:34.737+0000] {processor.py:830} INFO - Processing file /home/airflow/.local/lib/python3.12/site-packages/airflow/example_dags/example_short_circuit_decorator.py for tasks to queue
[2024-06-04T23:45:34.740+0000] {logging_mixin.py:188} INFO - [2024-06-04T23:45:34.740+0000] {dagbag.py:545} INFO - Filling up the DagBag from /home/airflow/.local/lib/python3.12/site-packages/airflow/example_dags/example_short_circuit_decorator.py
[2024-06-04T23:45:34.782+0000] {processor.py:840} INFO - DAG(s) 'example_short_circuit_decorator' retrieved from /home/airflow/.local/lib/python3.12/site-packages/airflow/example_dags/example_short_circuit_decorator.py
[2024-06-04T23:45:34.869+0000] {logging_mixin.py:188} INFO - [2024-06-04T23:45:34.868+0000] {dag.py:3096} INFO - Sync 1 DAGs
[2024-06-04T23:45:34.922+0000] {logging_mixin.py:188} INFO - [2024-06-04T23:45:34.921+0000] {dag.py:3954} INFO - Setting next_dagrun for example_short_circuit_decorator to 2024-06-03 00:00:00+00:00, run_after=2024-06-04 00:00:00+00:00
[2024-06-04T23:45:34.986+0000] {processor.py:183} INFO - Processing /home/airflow/.local/lib/python3.12/site-packages/airflow/example_dags/example_short_circuit_decorator.py took 0.335 seconds
[2024-06-04T23:46:07.603+0000] {processor.py:161} INFO - Started process (PID=170620) to work on /home/airflow/.local/lib/python3.12/site-packages/airflow/example_dags/example_short_circuit_decorator.py
[2024-06-04T23:46:07.615+0000] {processor.py:830} INFO - Processing file /home/airflow/.local/lib/python3.12/site-packages/airflow/example_dags/example_short_circuit_decorator.py for tasks to queue
[2024-06-04T23:46:07.619+0000] {logging_mixin.py:188} INFO - [2024-06-04T23:46:07.619+0000] {dagbag.py:545} INFO - Filling up the DagBag from /home/airflow/.local/lib/python3.12/site-packages/airflow/example_dags/example_short_circuit_decorator.py
[2024-06-04T23:46:07.718+0000] {processor.py:840} INFO - DAG(s) 'example_short_circuit_decorator' retrieved from /home/airflow/.local/lib/python3.12/site-packages/airflow/example_dags/example_short_circuit_decorator.py
[2024-06-04T23:46:07.926+0000] {logging_mixin.py:188} INFO - [2024-06-04T23:46:07.925+0000] {dag.py:3096} INFO - Sync 1 DAGs
[2024-06-04T23:46:08.085+0000] {logging_mixin.py:188} INFO - [2024-06-04T23:46:08.067+0000] {dag.py:3954} INFO - Setting next_dagrun for example_short_circuit_decorator to 2024-06-03 00:00:00+00:00, run_after=2024-06-04 00:00:00+00:00
[2024-06-04T23:46:08.303+0000] {processor.py:183} INFO - Processing /home/airflow/.local/lib/python3.12/site-packages/airflow/example_dags/example_short_circuit_decorator.py took 0.730 seconds
[2024-06-04T23:46:38.536+0000] {processor.py:161} INFO - Started process (PID=170882) to work on /home/airflow/.local/lib/python3.12/site-packages/airflow/example_dags/example_short_circuit_decorator.py
[2024-06-04T23:46:38.540+0000] {processor.py:830} INFO - Processing file /home/airflow/.local/lib/python3.12/site-packages/airflow/example_dags/example_short_circuit_decorator.py for tasks to queue
[2024-06-04T23:46:38.546+0000] {logging_mixin.py:188} INFO - [2024-06-04T23:46:38.545+0000] {dagbag.py:545} INFO - Filling up the DagBag from /home/airflow/.local/lib/python3.12/site-packages/airflow/example_dags/example_short_circuit_decorator.py
[2024-06-04T23:46:38.637+0000] {processor.py:840} INFO - DAG(s) 'example_short_circuit_decorator' retrieved from /home/airflow/.local/lib/python3.12/site-packages/airflow/example_dags/example_short_circuit_decorator.py
[2024-06-04T23:46:38.760+0000] {logging_mixin.py:188} INFO - [2024-06-04T23:46:38.759+0000] {dag.py:3096} INFO - Sync 1 DAGs
[2024-06-04T23:46:38.867+0000] {logging_mixin.py:188} INFO - [2024-06-04T23:46:38.866+0000] {dag.py:3954} INFO - Setting next_dagrun for example_short_circuit_decorator to 2024-06-03 00:00:00+00:00, run_after=2024-06-04 00:00:00+00:00
[2024-06-04T23:46:38.912+0000] {processor.py:183} INFO - Processing /home/airflow/.local/lib/python3.12/site-packages/airflow/example_dags/example_short_circuit_decorator.py took 0.398 seconds
[2024-06-04T23:47:09.791+0000] {processor.py:161} INFO - Started process (PID=171143) to work on /home/airflow/.local/lib/python3.12/site-packages/airflow/example_dags/example_short_circuit_decorator.py
[2024-06-04T23:47:09.798+0000] {processor.py:830} INFO - Processing file /home/airflow/.local/lib/python3.12/site-packages/airflow/example_dags/example_short_circuit_decorator.py for tasks to queue
[2024-06-04T23:47:09.810+0000] {logging_mixin.py:188} INFO - [2024-06-04T23:47:09.809+0000] {dagbag.py:545} INFO - Filling up the DagBag from /home/airflow/.local/lib/python3.12/site-packages/airflow/example_dags/example_short_circuit_decorator.py
[2024-06-04T23:47:09.832+0000] {processor.py:840} INFO - DAG(s) 'example_short_circuit_decorator' retrieved from /home/airflow/.local/lib/python3.12/site-packages/airflow/example_dags/example_short_circuit_decorator.py
[2024-06-04T23:47:09.897+0000] {logging_mixin.py:188} INFO - [2024-06-04T23:47:09.896+0000] {dag.py:3096} INFO - Sync 1 DAGs
[2024-06-04T23:47:09.955+0000] {logging_mixin.py:188} INFO - [2024-06-04T23:47:09.954+0000] {dag.py:3954} INFO - Setting next_dagrun for example_short_circuit_decorator to 2024-06-03 00:00:00+00:00, run_after=2024-06-04 00:00:00+00:00
[2024-06-04T23:47:10.038+0000] {processor.py:183} INFO - Processing /home/airflow/.local/lib/python3.12/site-packages/airflow/example_dags/example_short_circuit_decorator.py took 0.262 seconds
[2024-06-04T23:47:40.139+0000] {processor.py:161} INFO - Started process (PID=171401) to work on /home/airflow/.local/lib/python3.12/site-packages/airflow/example_dags/example_short_circuit_decorator.py
[2024-06-04T23:47:40.150+0000] {processor.py:830} INFO - Processing file /home/airflow/.local/lib/python3.12/site-packages/airflow/example_dags/example_short_circuit_decorator.py for tasks to queue
[2024-06-04T23:47:40.156+0000] {logging_mixin.py:188} INFO - [2024-06-04T23:47:40.156+0000] {dagbag.py:545} INFO - Filling up the DagBag from /home/airflow/.local/lib/python3.12/site-packages/airflow/example_dags/example_short_circuit_decorator.py
[2024-06-04T23:47:40.184+0000] {processor.py:840} INFO - DAG(s) 'example_short_circuit_decorator' retrieved from /home/airflow/.local/lib/python3.12/site-packages/airflow/example_dags/example_short_circuit_decorator.py
[2024-06-04T23:47:40.253+0000] {logging_mixin.py:188} INFO - [2024-06-04T23:47:40.252+0000] {dag.py:3096} INFO - Sync 1 DAGs
[2024-06-04T23:47:40.313+0000] {logging_mixin.py:188} INFO - [2024-06-04T23:47:40.313+0000] {dag.py:3954} INFO - Setting next_dagrun for example_short_circuit_decorator to 2024-06-03 00:00:00+00:00, run_after=2024-06-04 00:00:00+00:00
[2024-06-04T23:47:40.361+0000] {processor.py:183} INFO - Processing /home/airflow/.local/lib/python3.12/site-packages/airflow/example_dags/example_short_circuit_decorator.py took 0.236 seconds
[2024-06-04T23:48:10.428+0000] {processor.py:161} INFO - Started process (PID=171663) to work on /home/airflow/.local/lib/python3.12/site-packages/airflow/example_dags/example_short_circuit_decorator.py
[2024-06-04T23:48:10.430+0000] {processor.py:830} INFO - Processing file /home/airflow/.local/lib/python3.12/site-packages/airflow/example_dags/example_short_circuit_decorator.py for tasks to queue
[2024-06-04T23:48:10.433+0000] {logging_mixin.py:188} INFO - [2024-06-04T23:48:10.432+0000] {dagbag.py:545} INFO - Filling up the DagBag from /home/airflow/.local/lib/python3.12/site-packages/airflow/example_dags/example_short_circuit_decorator.py
[2024-06-04T23:48:10.452+0000] {processor.py:840} INFO - DAG(s) 'example_short_circuit_decorator' retrieved from /home/airflow/.local/lib/python3.12/site-packages/airflow/example_dags/example_short_circuit_decorator.py
[2024-06-04T23:48:10.504+0000] {logging_mixin.py:188} INFO - [2024-06-04T23:48:10.503+0000] {dag.py:3096} INFO - Sync 1 DAGs
[2024-06-04T23:48:10.561+0000] {logging_mixin.py:188} INFO - [2024-06-04T23:48:10.561+0000] {dag.py:3954} INFO - Setting next_dagrun for example_short_circuit_decorator to 2024-06-03 00:00:00+00:00, run_after=2024-06-04 00:00:00+00:00
[2024-06-04T23:48:10.602+0000] {processor.py:183} INFO - Processing /home/airflow/.local/lib/python3.12/site-packages/airflow/example_dags/example_short_circuit_decorator.py took 0.186 seconds
[2024-06-04T23:48:41.066+0000] {processor.py:161} INFO - Started process (PID=171922) to work on /home/airflow/.local/lib/python3.12/site-packages/airflow/example_dags/example_short_circuit_decorator.py
[2024-06-04T23:48:41.091+0000] {processor.py:830} INFO - Processing file /home/airflow/.local/lib/python3.12/site-packages/airflow/example_dags/example_short_circuit_decorator.py for tasks to queue
[2024-06-04T23:48:41.095+0000] {logging_mixin.py:188} INFO - [2024-06-04T23:48:41.094+0000] {dagbag.py:545} INFO - Filling up the DagBag from /home/airflow/.local/lib/python3.12/site-packages/airflow/example_dags/example_short_circuit_decorator.py
[2024-06-04T23:48:41.120+0000] {processor.py:840} INFO - DAG(s) 'example_short_circuit_decorator' retrieved from /home/airflow/.local/lib/python3.12/site-packages/airflow/example_dags/example_short_circuit_decorator.py
[2024-06-04T23:48:41.190+0000] {logging_mixin.py:188} INFO - [2024-06-04T23:48:41.189+0000] {dag.py:3096} INFO - Sync 1 DAGs
[2024-06-04T23:48:41.250+0000] {logging_mixin.py:188} INFO - [2024-06-04T23:48:41.246+0000] {dag.py:3954} INFO - Setting next_dagrun for example_short_circuit_decorator to 2024-06-03 00:00:00+00:00, run_after=2024-06-04 00:00:00+00:00
[2024-06-04T23:48:41.309+0000] {processor.py:183} INFO - Processing /home/airflow/.local/lib/python3.12/site-packages/airflow/example_dags/example_short_circuit_decorator.py took 0.272 seconds
[2024-06-04T23:49:12.016+0000] {processor.py:161} INFO - Started process (PID=172185) to work on /home/airflow/.local/lib/python3.12/site-packages/airflow/example_dags/example_short_circuit_decorator.py
[2024-06-04T23:49:12.018+0000] {processor.py:830} INFO - Processing file /home/airflow/.local/lib/python3.12/site-packages/airflow/example_dags/example_short_circuit_decorator.py for tasks to queue
[2024-06-04T23:49:12.021+0000] {logging_mixin.py:188} INFO - [2024-06-04T23:49:12.021+0000] {dagbag.py:545} INFO - Filling up the DagBag from /home/airflow/.local/lib/python3.12/site-packages/airflow/example_dags/example_short_circuit_decorator.py
[2024-06-04T23:49:12.044+0000] {processor.py:840} INFO - DAG(s) 'example_short_circuit_decorator' retrieved from /home/airflow/.local/lib/python3.12/site-packages/airflow/example_dags/example_short_circuit_decorator.py
[2024-06-04T23:49:12.097+0000] {logging_mixin.py:188} INFO - [2024-06-04T23:49:12.096+0000] {dag.py:3096} INFO - Sync 1 DAGs
[2024-06-04T23:49:12.149+0000] {logging_mixin.py:188} INFO - [2024-06-04T23:49:12.149+0000] {dag.py:3954} INFO - Setting next_dagrun for example_short_circuit_decorator to 2024-06-03 00:00:00+00:00, run_after=2024-06-04 00:00:00+00:00
[2024-06-04T23:49:12.195+0000] {processor.py:183} INFO - Processing /home/airflow/.local/lib/python3.12/site-packages/airflow/example_dags/example_short_circuit_decorator.py took 0.192 seconds
[2024-06-04T23:49:42.358+0000] {processor.py:161} INFO - Started process (PID=172446) to work on /home/airflow/.local/lib/python3.12/site-packages/airflow/example_dags/example_short_circuit_decorator.py
[2024-06-04T23:49:42.373+0000] {processor.py:830} INFO - Processing file /home/airflow/.local/lib/python3.12/site-packages/airflow/example_dags/example_short_circuit_decorator.py for tasks to queue
[2024-06-04T23:49:42.377+0000] {logging_mixin.py:188} INFO - [2024-06-04T23:49:42.377+0000] {dagbag.py:545} INFO - Filling up the DagBag from /home/airflow/.local/lib/python3.12/site-packages/airflow/example_dags/example_short_circuit_decorator.py
[2024-06-04T23:49:42.432+0000] {processor.py:840} INFO - DAG(s) 'example_short_circuit_decorator' retrieved from /home/airflow/.local/lib/python3.12/site-packages/airflow/example_dags/example_short_circuit_decorator.py
[2024-06-04T23:49:42.650+0000] {logging_mixin.py:188} INFO - [2024-06-04T23:49:42.650+0000] {dag.py:3096} INFO - Sync 1 DAGs
[2024-06-04T23:49:42.762+0000] {logging_mixin.py:188} INFO - [2024-06-04T23:49:42.762+0000] {dag.py:3954} INFO - Setting next_dagrun for example_short_circuit_decorator to 2024-06-03 00:00:00+00:00, run_after=2024-06-04 00:00:00+00:00
[2024-06-04T23:49:42.846+0000] {processor.py:183} INFO - Processing /home/airflow/.local/lib/python3.12/site-packages/airflow/example_dags/example_short_circuit_decorator.py took 0.516 seconds
[2024-06-04T23:50:13.205+0000] {processor.py:161} INFO - Started process (PID=172708) to work on /home/airflow/.local/lib/python3.12/site-packages/airflow/example_dags/example_short_circuit_decorator.py
[2024-06-04T23:50:13.208+0000] {processor.py:830} INFO - Processing file /home/airflow/.local/lib/python3.12/site-packages/airflow/example_dags/example_short_circuit_decorator.py for tasks to queue
[2024-06-04T23:50:13.212+0000] {logging_mixin.py:188} INFO - [2024-06-04T23:50:13.211+0000] {dagbag.py:545} INFO - Filling up the DagBag from /home/airflow/.local/lib/python3.12/site-packages/airflow/example_dags/example_short_circuit_decorator.py
[2024-06-04T23:50:13.247+0000] {processor.py:840} INFO - DAG(s) 'example_short_circuit_decorator' retrieved from /home/airflow/.local/lib/python3.12/site-packages/airflow/example_dags/example_short_circuit_decorator.py
[2024-06-04T23:50:13.309+0000] {logging_mixin.py:188} INFO - [2024-06-04T23:50:13.309+0000] {dag.py:3096} INFO - Sync 1 DAGs
[2024-06-04T23:50:13.429+0000] {logging_mixin.py:188} INFO - [2024-06-04T23:50:13.429+0000] {dag.py:3954} INFO - Setting next_dagrun for example_short_circuit_decorator to 2024-06-03 00:00:00+00:00, run_after=2024-06-04 00:00:00+00:00
[2024-06-04T23:50:13.508+0000] {processor.py:183} INFO - Processing /home/airflow/.local/lib/python3.12/site-packages/airflow/example_dags/example_short_circuit_decorator.py took 0.318 seconds
[2024-06-04T23:50:43.827+0000] {processor.py:161} INFO - Started process (PID=172970) to work on /home/airflow/.local/lib/python3.12/site-packages/airflow/example_dags/example_short_circuit_decorator.py
[2024-06-04T23:50:43.829+0000] {processor.py:830} INFO - Processing file /home/airflow/.local/lib/python3.12/site-packages/airflow/example_dags/example_short_circuit_decorator.py for tasks to queue
[2024-06-04T23:50:43.833+0000] {logging_mixin.py:188} INFO - [2024-06-04T23:50:43.832+0000] {dagbag.py:545} INFO - Filling up the DagBag from /home/airflow/.local/lib/python3.12/site-packages/airflow/example_dags/example_short_circuit_decorator.py
[2024-06-04T23:50:43.858+0000] {processor.py:840} INFO - DAG(s) 'example_short_circuit_decorator' retrieved from /home/airflow/.local/lib/python3.12/site-packages/airflow/example_dags/example_short_circuit_decorator.py
[2024-06-04T23:50:43.966+0000] {logging_mixin.py:188} INFO - [2024-06-04T23:50:43.966+0000] {dag.py:3096} INFO - Sync 1 DAGs
[2024-06-04T23:50:44.027+0000] {logging_mixin.py:188} INFO - [2024-06-04T23:50:44.026+0000] {dag.py:3954} INFO - Setting next_dagrun for example_short_circuit_decorator to 2024-06-03 00:00:00+00:00, run_after=2024-06-04 00:00:00+00:00
[2024-06-04T23:50:44.077+0000] {processor.py:183} INFO - Processing /home/airflow/.local/lib/python3.12/site-packages/airflow/example_dags/example_short_circuit_decorator.py took 0.264 seconds
[2024-06-04T23:51:14.779+0000] {processor.py:161} INFO - Started process (PID=173232) to work on /home/airflow/.local/lib/python3.12/site-packages/airflow/example_dags/example_short_circuit_decorator.py
[2024-06-04T23:51:14.782+0000] {processor.py:830} INFO - Processing file /home/airflow/.local/lib/python3.12/site-packages/airflow/example_dags/example_short_circuit_decorator.py for tasks to queue
[2024-06-04T23:51:14.786+0000] {logging_mixin.py:188} INFO - [2024-06-04T23:51:14.785+0000] {dagbag.py:545} INFO - Filling up the DagBag from /home/airflow/.local/lib/python3.12/site-packages/airflow/example_dags/example_short_circuit_decorator.py
[2024-06-04T23:51:14.809+0000] {processor.py:840} INFO - DAG(s) 'example_short_circuit_decorator' retrieved from /home/airflow/.local/lib/python3.12/site-packages/airflow/example_dags/example_short_circuit_decorator.py
[2024-06-04T23:51:14.868+0000] {logging_mixin.py:188} INFO - [2024-06-04T23:51:14.868+0000] {dag.py:3096} INFO - Sync 1 DAGs
[2024-06-04T23:51:14.924+0000] {logging_mixin.py:188} INFO - [2024-06-04T23:51:14.924+0000] {dag.py:3954} INFO - Setting next_dagrun for example_short_circuit_decorator to 2024-06-03 00:00:00+00:00, run_after=2024-06-04 00:00:00+00:00
[2024-06-04T23:51:15.002+0000] {processor.py:183} INFO - Processing /home/airflow/.local/lib/python3.12/site-packages/airflow/example_dags/example_short_circuit_decorator.py took 0.237 seconds
[2024-06-04T23:51:45.356+0000] {processor.py:161} INFO - Started process (PID=173495) to work on /home/airflow/.local/lib/python3.12/site-packages/airflow/example_dags/example_short_circuit_decorator.py
[2024-06-04T23:51:45.361+0000] {processor.py:830} INFO - Processing file /home/airflow/.local/lib/python3.12/site-packages/airflow/example_dags/example_short_circuit_decorator.py for tasks to queue
[2024-06-04T23:51:45.365+0000] {logging_mixin.py:188} INFO - [2024-06-04T23:51:45.364+0000] {dagbag.py:545} INFO - Filling up the DagBag from /home/airflow/.local/lib/python3.12/site-packages/airflow/example_dags/example_short_circuit_decorator.py
[2024-06-04T23:51:45.385+0000] {processor.py:840} INFO - DAG(s) 'example_short_circuit_decorator' retrieved from /home/airflow/.local/lib/python3.12/site-packages/airflow/example_dags/example_short_circuit_decorator.py
[2024-06-04T23:51:45.438+0000] {logging_mixin.py:188} INFO - [2024-06-04T23:51:45.437+0000] {dag.py:3096} INFO - Sync 1 DAGs
[2024-06-04T23:51:45.490+0000] {logging_mixin.py:188} INFO - [2024-06-04T23:51:45.489+0000] {dag.py:3954} INFO - Setting next_dagrun for example_short_circuit_decorator to 2024-06-03 00:00:00+00:00, run_after=2024-06-04 00:00:00+00:00
[2024-06-04T23:51:45.524+0000] {processor.py:183} INFO - Processing /home/airflow/.local/lib/python3.12/site-packages/airflow/example_dags/example_short_circuit_decorator.py took 0.192 seconds
[2024-06-04T23:52:16.153+0000] {processor.py:161} INFO - Started process (PID=173756) to work on /home/airflow/.local/lib/python3.12/site-packages/airflow/example_dags/example_short_circuit_decorator.py
[2024-06-04T23:52:16.164+0000] {processor.py:830} INFO - Processing file /home/airflow/.local/lib/python3.12/site-packages/airflow/example_dags/example_short_circuit_decorator.py for tasks to queue
[2024-06-04T23:52:16.167+0000] {logging_mixin.py:188} INFO - [2024-06-04T23:52:16.166+0000] {dagbag.py:545} INFO - Filling up the DagBag from /home/airflow/.local/lib/python3.12/site-packages/airflow/example_dags/example_short_circuit_decorator.py
[2024-06-04T23:52:16.208+0000] {processor.py:840} INFO - DAG(s) 'example_short_circuit_decorator' retrieved from /home/airflow/.local/lib/python3.12/site-packages/airflow/example_dags/example_short_circuit_decorator.py
[2024-06-04T23:52:16.302+0000] {logging_mixin.py:188} INFO - [2024-06-04T23:52:16.302+0000] {dag.py:3096} INFO - Sync 1 DAGs
[2024-06-04T23:52:16.402+0000] {logging_mixin.py:188} INFO - [2024-06-04T23:52:16.401+0000] {dag.py:3954} INFO - Setting next_dagrun for example_short_circuit_decorator to 2024-06-03 00:00:00+00:00, run_after=2024-06-04 00:00:00+00:00
[2024-06-04T23:52:16.497+0000] {processor.py:183} INFO - Processing /home/airflow/.local/lib/python3.12/site-packages/airflow/example_dags/example_short_circuit_decorator.py took 0.375 seconds
[2024-06-04T23:52:47.217+0000] {processor.py:161} INFO - Started process (PID=174014) to work on /home/airflow/.local/lib/python3.12/site-packages/airflow/example_dags/example_short_circuit_decorator.py
[2024-06-04T23:52:47.228+0000] {processor.py:830} INFO - Processing file /home/airflow/.local/lib/python3.12/site-packages/airflow/example_dags/example_short_circuit_decorator.py for tasks to queue
[2024-06-04T23:52:47.232+0000] {logging_mixin.py:188} INFO - [2024-06-04T23:52:47.231+0000] {dagbag.py:545} INFO - Filling up the DagBag from /home/airflow/.local/lib/python3.12/site-packages/airflow/example_dags/example_short_circuit_decorator.py
[2024-06-04T23:52:47.276+0000] {processor.py:840} INFO - DAG(s) 'example_short_circuit_decorator' retrieved from /home/airflow/.local/lib/python3.12/site-packages/airflow/example_dags/example_short_circuit_decorator.py
[2024-06-04T23:52:47.385+0000] {logging_mixin.py:188} INFO - [2024-06-04T23:52:47.384+0000] {dag.py:3096} INFO - Sync 1 DAGs
[2024-06-04T23:52:47.526+0000] {logging_mixin.py:188} INFO - [2024-06-04T23:52:47.525+0000] {dag.py:3954} INFO - Setting next_dagrun for example_short_circuit_decorator to 2024-06-03 00:00:00+00:00, run_after=2024-06-04 00:00:00+00:00
[2024-06-04T23:52:47.616+0000] {processor.py:183} INFO - Processing /home/airflow/.local/lib/python3.12/site-packages/airflow/example_dags/example_short_circuit_decorator.py took 0.411 seconds
[2024-06-04T23:53:17.787+0000] {processor.py:161} INFO - Started process (PID=174276) to work on /home/airflow/.local/lib/python3.12/site-packages/airflow/example_dags/example_short_circuit_decorator.py
[2024-06-04T23:53:17.788+0000] {processor.py:830} INFO - Processing file /home/airflow/.local/lib/python3.12/site-packages/airflow/example_dags/example_short_circuit_decorator.py for tasks to queue
[2024-06-04T23:53:17.792+0000] {logging_mixin.py:188} INFO - [2024-06-04T23:53:17.791+0000] {dagbag.py:545} INFO - Filling up the DagBag from /home/airflow/.local/lib/python3.12/site-packages/airflow/example_dags/example_short_circuit_decorator.py
[2024-06-04T23:53:17.811+0000] {processor.py:840} INFO - DAG(s) 'example_short_circuit_decorator' retrieved from /home/airflow/.local/lib/python3.12/site-packages/airflow/example_dags/example_short_circuit_decorator.py
[2024-06-04T23:53:17.867+0000] {logging_mixin.py:188} INFO - [2024-06-04T23:53:17.867+0000] {dag.py:3096} INFO - Sync 1 DAGs
[2024-06-04T23:53:17.916+0000] {logging_mixin.py:188} INFO - [2024-06-04T23:53:17.915+0000] {dag.py:3954} INFO - Setting next_dagrun for example_short_circuit_decorator to 2024-06-03 00:00:00+00:00, run_after=2024-06-04 00:00:00+00:00
[2024-06-04T23:53:17.959+0000] {processor.py:183} INFO - Processing /home/airflow/.local/lib/python3.12/site-packages/airflow/example_dags/example_short_circuit_decorator.py took 0.186 seconds
[2024-06-04T23:53:48.661+0000] {processor.py:161} INFO - Started process (PID=174539) to work on /home/airflow/.local/lib/python3.12/site-packages/airflow/example_dags/example_short_circuit_decorator.py
[2024-06-04T23:53:48.667+0000] {processor.py:830} INFO - Processing file /home/airflow/.local/lib/python3.12/site-packages/airflow/example_dags/example_short_circuit_decorator.py for tasks to queue
[2024-06-04T23:53:48.679+0000] {logging_mixin.py:188} INFO - [2024-06-04T23:53:48.678+0000] {dagbag.py:545} INFO - Filling up the DagBag from /home/airflow/.local/lib/python3.12/site-packages/airflow/example_dags/example_short_circuit_decorator.py
[2024-06-04T23:53:48.719+0000] {processor.py:840} INFO - DAG(s) 'example_short_circuit_decorator' retrieved from /home/airflow/.local/lib/python3.12/site-packages/airflow/example_dags/example_short_circuit_decorator.py
[2024-06-04T23:53:48.868+0000] {logging_mixin.py:188} INFO - [2024-06-04T23:53:48.866+0000] {dag.py:3096} INFO - Sync 1 DAGs
[2024-06-04T23:53:49.004+0000] {logging_mixin.py:188} INFO - [2024-06-04T23:53:49.004+0000] {dag.py:3954} INFO - Setting next_dagrun for example_short_circuit_decorator to 2024-06-03 00:00:00+00:00, run_after=2024-06-04 00:00:00+00:00
[2024-06-04T23:53:49.158+0000] {processor.py:183} INFO - Processing /home/airflow/.local/lib/python3.12/site-packages/airflow/example_dags/example_short_circuit_decorator.py took 0.518 seconds
[2024-06-04T23:54:19.621+0000] {processor.py:161} INFO - Started process (PID=174800) to work on /home/airflow/.local/lib/python3.12/site-packages/airflow/example_dags/example_short_circuit_decorator.py
[2024-06-04T23:54:19.639+0000] {processor.py:830} INFO - Processing file /home/airflow/.local/lib/python3.12/site-packages/airflow/example_dags/example_short_circuit_decorator.py for tasks to queue
[2024-06-04T23:54:19.643+0000] {logging_mixin.py:188} INFO - [2024-06-04T23:54:19.642+0000] {dagbag.py:545} INFO - Filling up the DagBag from /home/airflow/.local/lib/python3.12/site-packages/airflow/example_dags/example_short_circuit_decorator.py
[2024-06-04T23:54:19.662+0000] {processor.py:840} INFO - DAG(s) 'example_short_circuit_decorator' retrieved from /home/airflow/.local/lib/python3.12/site-packages/airflow/example_dags/example_short_circuit_decorator.py
[2024-06-04T23:54:19.712+0000] {logging_mixin.py:188} INFO - [2024-06-04T23:54:19.711+0000] {dag.py:3096} INFO - Sync 1 DAGs
[2024-06-04T23:54:19.774+0000] {logging_mixin.py:188} INFO - [2024-06-04T23:54:19.774+0000] {dag.py:3954} INFO - Setting next_dagrun for example_short_circuit_decorator to 2024-06-03 00:00:00+00:00, run_after=2024-06-04 00:00:00+00:00
[2024-06-04T23:54:19.847+0000] {processor.py:183} INFO - Processing /home/airflow/.local/lib/python3.12/site-packages/airflow/example_dags/example_short_circuit_decorator.py took 0.238 seconds
[2024-06-04T23:54:50.688+0000] {processor.py:161} INFO - Started process (PID=175062) to work on /home/airflow/.local/lib/python3.12/site-packages/airflow/example_dags/example_short_circuit_decorator.py
[2024-06-04T23:54:50.691+0000] {processor.py:830} INFO - Processing file /home/airflow/.local/lib/python3.12/site-packages/airflow/example_dags/example_short_circuit_decorator.py for tasks to queue
[2024-06-04T23:54:50.695+0000] {logging_mixin.py:188} INFO - [2024-06-04T23:54:50.694+0000] {dagbag.py:545} INFO - Filling up the DagBag from /home/airflow/.local/lib/python3.12/site-packages/airflow/example_dags/example_short_circuit_decorator.py
[2024-06-04T23:54:50.718+0000] {processor.py:840} INFO - DAG(s) 'example_short_circuit_decorator' retrieved from /home/airflow/.local/lib/python3.12/site-packages/airflow/example_dags/example_short_circuit_decorator.py
[2024-06-04T23:54:50.788+0000] {logging_mixin.py:188} INFO - [2024-06-04T23:54:50.788+0000] {dag.py:3096} INFO - Sync 1 DAGs
[2024-06-04T23:54:50.848+0000] {logging_mixin.py:188} INFO - [2024-06-04T23:54:50.847+0000] {dag.py:3954} INFO - Setting next_dagrun for example_short_circuit_decorator to 2024-06-03 00:00:00+00:00, run_after=2024-06-04 00:00:00+00:00
[2024-06-04T23:54:50.904+0000] {processor.py:183} INFO - Processing /home/airflow/.local/lib/python3.12/site-packages/airflow/example_dags/example_short_circuit_decorator.py took 0.230 seconds
[2024-06-04T23:55:21.043+0000] {processor.py:161} INFO - Started process (PID=175325) to work on /home/airflow/.local/lib/python3.12/site-packages/airflow/example_dags/example_short_circuit_decorator.py
[2024-06-04T23:55:21.045+0000] {processor.py:830} INFO - Processing file /home/airflow/.local/lib/python3.12/site-packages/airflow/example_dags/example_short_circuit_decorator.py for tasks to queue
[2024-06-04T23:55:21.050+0000] {logging_mixin.py:188} INFO - [2024-06-04T23:55:21.048+0000] {dagbag.py:545} INFO - Filling up the DagBag from /home/airflow/.local/lib/python3.12/site-packages/airflow/example_dags/example_short_circuit_decorator.py
[2024-06-04T23:55:21.098+0000] {processor.py:840} INFO - DAG(s) 'example_short_circuit_decorator' retrieved from /home/airflow/.local/lib/python3.12/site-packages/airflow/example_dags/example_short_circuit_decorator.py
[2024-06-04T23:55:21.185+0000] {logging_mixin.py:188} INFO - [2024-06-04T23:55:21.184+0000] {dag.py:3096} INFO - Sync 1 DAGs
[2024-06-04T23:55:21.261+0000] {logging_mixin.py:188} INFO - [2024-06-04T23:55:21.261+0000] {dag.py:3954} INFO - Setting next_dagrun for example_short_circuit_decorator to 2024-06-03 00:00:00+00:00, run_after=2024-06-04 00:00:00+00:00
[2024-06-04T23:55:21.365+0000] {processor.py:183} INFO - Processing /home/airflow/.local/lib/python3.12/site-packages/airflow/example_dags/example_short_circuit_decorator.py took 0.343 seconds
[2024-06-04T23:55:51.457+0000] {processor.py:161} INFO - Started process (PID=175587) to work on /home/airflow/.local/lib/python3.12/site-packages/airflow/example_dags/example_short_circuit_decorator.py
[2024-06-04T23:55:51.459+0000] {processor.py:830} INFO - Processing file /home/airflow/.local/lib/python3.12/site-packages/airflow/example_dags/example_short_circuit_decorator.py for tasks to queue
[2024-06-04T23:55:51.462+0000] {logging_mixin.py:188} INFO - [2024-06-04T23:55:51.461+0000] {dagbag.py:545} INFO - Filling up the DagBag from /home/airflow/.local/lib/python3.12/site-packages/airflow/example_dags/example_short_circuit_decorator.py
[2024-06-04T23:55:51.487+0000] {processor.py:840} INFO - DAG(s) 'example_short_circuit_decorator' retrieved from /home/airflow/.local/lib/python3.12/site-packages/airflow/example_dags/example_short_circuit_decorator.py
[2024-06-04T23:55:51.528+0000] {logging_mixin.py:188} INFO - [2024-06-04T23:55:51.528+0000] {dag.py:3096} INFO - Sync 1 DAGs
[2024-06-04T23:55:51.567+0000] {logging_mixin.py:188} INFO - [2024-06-04T23:55:51.567+0000] {dag.py:3954} INFO - Setting next_dagrun for example_short_circuit_decorator to 2024-06-03 00:00:00+00:00, run_after=2024-06-04 00:00:00+00:00
[2024-06-04T23:55:51.606+0000] {processor.py:183} INFO - Processing /home/airflow/.local/lib/python3.12/site-packages/airflow/example_dags/example_short_circuit_decorator.py took 0.161 seconds
[2024-06-04T23:56:22.472+0000] {processor.py:161} INFO - Started process (PID=175847) to work on /home/airflow/.local/lib/python3.12/site-packages/airflow/example_dags/example_short_circuit_decorator.py
[2024-06-04T23:56:22.475+0000] {processor.py:830} INFO - Processing file /home/airflow/.local/lib/python3.12/site-packages/airflow/example_dags/example_short_circuit_decorator.py for tasks to queue
[2024-06-04T23:56:22.479+0000] {logging_mixin.py:188} INFO - [2024-06-04T23:56:22.478+0000] {dagbag.py:545} INFO - Filling up the DagBag from /home/airflow/.local/lib/python3.12/site-packages/airflow/example_dags/example_short_circuit_decorator.py
[2024-06-04T23:56:22.536+0000] {processor.py:840} INFO - DAG(s) 'example_short_circuit_decorator' retrieved from /home/airflow/.local/lib/python3.12/site-packages/airflow/example_dags/example_short_circuit_decorator.py
[2024-06-04T23:56:22.601+0000] {logging_mixin.py:188} INFO - [2024-06-04T23:56:22.601+0000] {dag.py:3096} INFO - Sync 1 DAGs
[2024-06-04T23:56:22.654+0000] {logging_mixin.py:188} INFO - [2024-06-04T23:56:22.654+0000] {dag.py:3954} INFO - Setting next_dagrun for example_short_circuit_decorator to 2024-06-03 00:00:00+00:00, run_after=2024-06-04 00:00:00+00:00
[2024-06-04T23:56:22.699+0000] {processor.py:183} INFO - Processing /home/airflow/.local/lib/python3.12/site-packages/airflow/example_dags/example_short_circuit_decorator.py took 0.243 seconds
[2024-06-04T23:56:52.963+0000] {processor.py:161} INFO - Started process (PID=176111) to work on /home/airflow/.local/lib/python3.12/site-packages/airflow/example_dags/example_short_circuit_decorator.py
[2024-06-04T23:56:52.964+0000] {processor.py:830} INFO - Processing file /home/airflow/.local/lib/python3.12/site-packages/airflow/example_dags/example_short_circuit_decorator.py for tasks to queue
[2024-06-04T23:56:52.967+0000] {logging_mixin.py:188} INFO - [2024-06-04T23:56:52.966+0000] {dagbag.py:545} INFO - Filling up the DagBag from /home/airflow/.local/lib/python3.12/site-packages/airflow/example_dags/example_short_circuit_decorator.py
[2024-06-04T23:56:52.993+0000] {processor.py:840} INFO - DAG(s) 'example_short_circuit_decorator' retrieved from /home/airflow/.local/lib/python3.12/site-packages/airflow/example_dags/example_short_circuit_decorator.py
[2024-06-04T23:56:53.059+0000] {logging_mixin.py:188} INFO - [2024-06-04T23:56:53.058+0000] {dag.py:3096} INFO - Sync 1 DAGs
[2024-06-04T23:56:53.132+0000] {logging_mixin.py:188} INFO - [2024-06-04T23:56:53.131+0000] {dag.py:3954} INFO - Setting next_dagrun for example_short_circuit_decorator to 2024-06-03 00:00:00+00:00, run_after=2024-06-04 00:00:00+00:00
[2024-06-04T23:56:53.186+0000] {processor.py:183} INFO - Processing /home/airflow/.local/lib/python3.12/site-packages/airflow/example_dags/example_short_circuit_decorator.py took 0.234 seconds
[2024-06-04T23:57:23.666+0000] {processor.py:161} INFO - Started process (PID=176372) to work on /home/airflow/.local/lib/python3.12/site-packages/airflow/example_dags/example_short_circuit_decorator.py
[2024-06-04T23:57:23.728+0000] {processor.py:830} INFO - Processing file /home/airflow/.local/lib/python3.12/site-packages/airflow/example_dags/example_short_circuit_decorator.py for tasks to queue
[2024-06-04T23:57:23.739+0000] {logging_mixin.py:188} INFO - [2024-06-04T23:57:23.738+0000] {dagbag.py:545} INFO - Filling up the DagBag from /home/airflow/.local/lib/python3.12/site-packages/airflow/example_dags/example_short_circuit_decorator.py
[2024-06-04T23:57:23.839+0000] {processor.py:840} INFO - DAG(s) 'example_short_circuit_decorator' retrieved from /home/airflow/.local/lib/python3.12/site-packages/airflow/example_dags/example_short_circuit_decorator.py
[2024-06-04T23:57:23.967+0000] {logging_mixin.py:188} INFO - [2024-06-04T23:57:23.966+0000] {dag.py:3096} INFO - Sync 1 DAGs
[2024-06-04T23:57:24.039+0000] {logging_mixin.py:188} INFO - [2024-06-04T23:57:24.039+0000] {dag.py:3954} INFO - Setting next_dagrun for example_short_circuit_decorator to 2024-06-03 00:00:00+00:00, run_after=2024-06-04 00:00:00+00:00
[2024-06-04T23:57:24.218+0000] {processor.py:183} INFO - Processing /home/airflow/.local/lib/python3.12/site-packages/airflow/example_dags/example_short_circuit_decorator.py took 0.586 seconds
[2024-06-04T23:57:54.813+0000] {processor.py:161} INFO - Started process (PID=176640) to work on /home/airflow/.local/lib/python3.12/site-packages/airflow/example_dags/example_short_circuit_decorator.py
[2024-06-04T23:57:54.815+0000] {processor.py:830} INFO - Processing file /home/airflow/.local/lib/python3.12/site-packages/airflow/example_dags/example_short_circuit_decorator.py for tasks to queue
[2024-06-04T23:57:54.819+0000] {logging_mixin.py:188} INFO - [2024-06-04T23:57:54.819+0000] {dagbag.py:545} INFO - Filling up the DagBag from /home/airflow/.local/lib/python3.12/site-packages/airflow/example_dags/example_short_circuit_decorator.py
[2024-06-04T23:57:54.844+0000] {processor.py:840} INFO - DAG(s) 'example_short_circuit_decorator' retrieved from /home/airflow/.local/lib/python3.12/site-packages/airflow/example_dags/example_short_circuit_decorator.py
[2024-06-04T23:57:54.909+0000] {logging_mixin.py:188} INFO - [2024-06-04T23:57:54.908+0000] {dag.py:3096} INFO - Sync 1 DAGs
[2024-06-04T23:57:54.961+0000] {logging_mixin.py:188} INFO - [2024-06-04T23:57:54.961+0000] {dag.py:3954} INFO - Setting next_dagrun for example_short_circuit_decorator to 2024-06-03 00:00:00+00:00, run_after=2024-06-04 00:00:00+00:00
[2024-06-04T23:57:55.015+0000] {processor.py:183} INFO - Processing /home/airflow/.local/lib/python3.12/site-packages/airflow/example_dags/example_short_circuit_decorator.py took 0.217 seconds
[2024-06-04T23:58:25.838+0000] {processor.py:161} INFO - Started process (PID=176901) to work on /home/airflow/.local/lib/python3.12/site-packages/airflow/example_dags/example_short_circuit_decorator.py
[2024-06-04T23:58:25.847+0000] {processor.py:830} INFO - Processing file /home/airflow/.local/lib/python3.12/site-packages/airflow/example_dags/example_short_circuit_decorator.py for tasks to queue
[2024-06-04T23:58:25.855+0000] {logging_mixin.py:188} INFO - [2024-06-04T23:58:25.854+0000] {dagbag.py:545} INFO - Filling up the DagBag from /home/airflow/.local/lib/python3.12/site-packages/airflow/example_dags/example_short_circuit_decorator.py
[2024-06-04T23:58:25.895+0000] {processor.py:840} INFO - DAG(s) 'example_short_circuit_decorator' retrieved from /home/airflow/.local/lib/python3.12/site-packages/airflow/example_dags/example_short_circuit_decorator.py
[2024-06-04T23:58:26.000+0000] {logging_mixin.py:188} INFO - [2024-06-04T23:58:25.999+0000] {dag.py:3096} INFO - Sync 1 DAGs
[2024-06-04T23:58:26.098+0000] {logging_mixin.py:188} INFO - [2024-06-04T23:58:26.097+0000] {dag.py:3954} INFO - Setting next_dagrun for example_short_circuit_decorator to 2024-06-03 00:00:00+00:00, run_after=2024-06-04 00:00:00+00:00
[2024-06-04T23:58:26.272+0000] {processor.py:183} INFO - Processing /home/airflow/.local/lib/python3.12/site-packages/airflow/example_dags/example_short_circuit_decorator.py took 0.448 seconds
[2024-06-04T23:58:56.360+0000] {processor.py:161} INFO - Started process (PID=177162) to work on /home/airflow/.local/lib/python3.12/site-packages/airflow/example_dags/example_short_circuit_decorator.py
[2024-06-04T23:58:56.362+0000] {processor.py:830} INFO - Processing file /home/airflow/.local/lib/python3.12/site-packages/airflow/example_dags/example_short_circuit_decorator.py for tasks to queue
[2024-06-04T23:58:56.366+0000] {logging_mixin.py:188} INFO - [2024-06-04T23:58:56.365+0000] {dagbag.py:545} INFO - Filling up the DagBag from /home/airflow/.local/lib/python3.12/site-packages/airflow/example_dags/example_short_circuit_decorator.py
[2024-06-04T23:58:56.394+0000] {processor.py:840} INFO - DAG(s) 'example_short_circuit_decorator' retrieved from /home/airflow/.local/lib/python3.12/site-packages/airflow/example_dags/example_short_circuit_decorator.py
[2024-06-04T23:58:56.463+0000] {logging_mixin.py:188} INFO - [2024-06-04T23:58:56.463+0000] {dag.py:3096} INFO - Sync 1 DAGs
[2024-06-04T23:58:56.522+0000] {logging_mixin.py:188} INFO - [2024-06-04T23:58:56.522+0000] {dag.py:3954} INFO - Setting next_dagrun for example_short_circuit_decorator to 2024-06-03 00:00:00+00:00, run_after=2024-06-04 00:00:00+00:00
[2024-06-04T23:58:56.582+0000] {processor.py:183} INFO - Processing /home/airflow/.local/lib/python3.12/site-packages/airflow/example_dags/example_short_circuit_decorator.py took 0.237 seconds
[2024-06-04T23:59:26.900+0000] {processor.py:161} INFO - Started process (PID=177424) to work on /home/airflow/.local/lib/python3.12/site-packages/airflow/example_dags/example_short_circuit_decorator.py
[2024-06-04T23:59:26.902+0000] {processor.py:830} INFO - Processing file /home/airflow/.local/lib/python3.12/site-packages/airflow/example_dags/example_short_circuit_decorator.py for tasks to queue
[2024-06-04T23:59:26.907+0000] {logging_mixin.py:188} INFO - [2024-06-04T23:59:26.906+0000] {dagbag.py:545} INFO - Filling up the DagBag from /home/airflow/.local/lib/python3.12/site-packages/airflow/example_dags/example_short_circuit_decorator.py
[2024-06-04T23:59:26.932+0000] {processor.py:840} INFO - DAG(s) 'example_short_circuit_decorator' retrieved from /home/airflow/.local/lib/python3.12/site-packages/airflow/example_dags/example_short_circuit_decorator.py
[2024-06-04T23:59:26.998+0000] {logging_mixin.py:188} INFO - [2024-06-04T23:59:26.997+0000] {dag.py:3096} INFO - Sync 1 DAGs
[2024-06-04T23:59:27.075+0000] {logging_mixin.py:188} INFO - [2024-06-04T23:59:27.073+0000] {dag.py:3954} INFO - Setting next_dagrun for example_short_circuit_decorator to 2024-06-03 00:00:00+00:00, run_after=2024-06-04 00:00:00+00:00
[2024-06-04T23:59:27.228+0000] {processor.py:183} INFO - Processing /home/airflow/.local/lib/python3.12/site-packages/airflow/example_dags/example_short_circuit_decorator.py took 0.342 seconds
[2024-06-04T23:59:57.877+0000] {processor.py:161} INFO - Started process (PID=177685) to work on /home/airflow/.local/lib/python3.12/site-packages/airflow/example_dags/example_short_circuit_decorator.py
[2024-06-04T23:59:57.879+0000] {processor.py:830} INFO - Processing file /home/airflow/.local/lib/python3.12/site-packages/airflow/example_dags/example_short_circuit_decorator.py for tasks to queue
[2024-06-04T23:59:57.885+0000] {logging_mixin.py:188} INFO - [2024-06-04T23:59:57.884+0000] {dagbag.py:545} INFO - Filling up the DagBag from /home/airflow/.local/lib/python3.12/site-packages/airflow/example_dags/example_short_circuit_decorator.py
[2024-06-04T23:59:57.925+0000] {processor.py:840} INFO - DAG(s) 'example_short_circuit_decorator' retrieved from /home/airflow/.local/lib/python3.12/site-packages/airflow/example_dags/example_short_circuit_decorator.py
[2024-06-04T23:59:57.989+0000] {logging_mixin.py:188} INFO - [2024-06-04T23:59:57.988+0000] {dag.py:3096} INFO - Sync 1 DAGs
[2024-06-04T23:59:58.422+0000] {logging_mixin.py:188} INFO - [2024-06-04T23:59:58.421+0000] {dag.py:3954} INFO - Setting next_dagrun for example_short_circuit_decorator to 2024-06-03 00:00:00+00:00, run_after=2024-06-04 00:00:00+00:00
[2024-06-04T23:59:58.475+0000] {processor.py:183} INFO - Processing /home/airflow/.local/lib/python3.12/site-packages/airflow/example_dags/example_short_circuit_decorator.py took 0.613 seconds
