[2024-06-04T23:44:08.976+0000] {processor.py:161} INFO - Started process (PID=169657) to work on /home/airflow/.local/lib/python3.12/site-packages/airflow/example_dags/example_task_group.py
[2024-06-04T23:44:08.977+0000] {processor.py:830} INFO - Processing file /home/airflow/.local/lib/python3.12/site-packages/airflow/example_dags/example_task_group.py for tasks to queue
[2024-06-04T23:44:08.980+0000] {logging_mixin.py:188} INFO - [2024-06-04T23:44:08.980+0000] {dagbag.py:545} INFO - Filling up the DagBag from /home/airflow/.local/lib/python3.12/site-packages/airflow/example_dags/example_task_group.py
[2024-06-04T23:44:09.023+0000] {processor.py:840} INFO - DAG(s) 'example_task_group' retrieved from /home/airflow/.local/lib/python3.12/site-packages/airflow/example_dags/example_task_group.py
[2024-06-04T23:44:09.188+0000] {logging_mixin.py:188} INFO - [2024-06-04T23:44:09.187+0000] {dag.py:3096} INFO - Sync 1 DAGs
[2024-06-04T23:44:09.325+0000] {logging_mixin.py:188} INFO - [2024-06-04T23:44:09.325+0000] {dag.py:3954} INFO - Setting next_dagrun for example_task_group to 2024-06-03 00:00:00+00:00, run_after=2024-06-04 00:00:00+00:00
[2024-06-04T23:44:09.583+0000] {processor.py:183} INFO - Processing /home/airflow/.local/lib/python3.12/site-packages/airflow/example_dags/example_task_group.py took 0.630 seconds
[2024-06-04T23:44:40.485+0000] {processor.py:161} INFO - Started process (PID=169921) to work on /home/airflow/.local/lib/python3.12/site-packages/airflow/example_dags/example_task_group.py
[2024-06-04T23:44:40.501+0000] {processor.py:830} INFO - Processing file /home/airflow/.local/lib/python3.12/site-packages/airflow/example_dags/example_task_group.py for tasks to queue
[2024-06-04T23:44:40.504+0000] {logging_mixin.py:188} INFO - [2024-06-04T23:44:40.504+0000] {dagbag.py:545} INFO - Filling up the DagBag from /home/airflow/.local/lib/python3.12/site-packages/airflow/example_dags/example_task_group.py
[2024-06-04T23:44:40.544+0000] {processor.py:840} INFO - DAG(s) 'example_task_group' retrieved from /home/airflow/.local/lib/python3.12/site-packages/airflow/example_dags/example_task_group.py
[2024-06-04T23:44:40.772+0000] {logging_mixin.py:188} INFO - [2024-06-04T23:44:40.759+0000] {dag.py:3096} INFO - Sync 1 DAGs
[2024-06-04T23:44:40.923+0000] {logging_mixin.py:188} INFO - [2024-06-04T23:44:40.922+0000] {dag.py:3954} INFO - Setting next_dagrun for example_task_group to 2024-06-03 00:00:00+00:00, run_after=2024-06-04 00:00:00+00:00
[2024-06-04T23:44:41.093+0000] {processor.py:183} INFO - Processing /home/airflow/.local/lib/python3.12/site-packages/airflow/example_dags/example_task_group.py took 0.651 seconds
[2024-06-04T23:45:11.899+0000] {processor.py:161} INFO - Started process (PID=170183) to work on /home/airflow/.local/lib/python3.12/site-packages/airflow/example_dags/example_task_group.py
[2024-06-04T23:45:11.901+0000] {processor.py:830} INFO - Processing file /home/airflow/.local/lib/python3.12/site-packages/airflow/example_dags/example_task_group.py for tasks to queue
[2024-06-04T23:45:11.905+0000] {logging_mixin.py:188} INFO - [2024-06-04T23:45:11.905+0000] {dagbag.py:545} INFO - Filling up the DagBag from /home/airflow/.local/lib/python3.12/site-packages/airflow/example_dags/example_task_group.py
[2024-06-04T23:45:11.929+0000] {processor.py:840} INFO - DAG(s) 'example_task_group' retrieved from /home/airflow/.local/lib/python3.12/site-packages/airflow/example_dags/example_task_group.py
[2024-06-04T23:45:12.092+0000] {logging_mixin.py:188} INFO - [2024-06-04T23:45:12.091+0000] {dag.py:3096} INFO - Sync 1 DAGs
[2024-06-04T23:45:12.179+0000] {logging_mixin.py:188} INFO - [2024-06-04T23:45:12.178+0000] {dag.py:3954} INFO - Setting next_dagrun for example_task_group to 2024-06-03 00:00:00+00:00, run_after=2024-06-04 00:00:00+00:00
[2024-06-04T23:45:12.281+0000] {processor.py:183} INFO - Processing /home/airflow/.local/lib/python3.12/site-packages/airflow/example_dags/example_task_group.py took 0.400 seconds
[2024-06-04T23:45:42.747+0000] {processor.py:161} INFO - Started process (PID=170445) to work on /home/airflow/.local/lib/python3.12/site-packages/airflow/example_dags/example_task_group.py
[2024-06-04T23:45:42.750+0000] {processor.py:830} INFO - Processing file /home/airflow/.local/lib/python3.12/site-packages/airflow/example_dags/example_task_group.py for tasks to queue
[2024-06-04T23:45:42.754+0000] {logging_mixin.py:188} INFO - [2024-06-04T23:45:42.753+0000] {dagbag.py:545} INFO - Filling up the DagBag from /home/airflow/.local/lib/python3.12/site-packages/airflow/example_dags/example_task_group.py
[2024-06-04T23:45:42.780+0000] {processor.py:840} INFO - DAG(s) 'example_task_group' retrieved from /home/airflow/.local/lib/python3.12/site-packages/airflow/example_dags/example_task_group.py
[2024-06-04T23:45:42.843+0000] {logging_mixin.py:188} INFO - [2024-06-04T23:45:42.842+0000] {dag.py:3096} INFO - Sync 1 DAGs
[2024-06-04T23:45:42.903+0000] {logging_mixin.py:188} INFO - [2024-06-04T23:45:42.902+0000] {dag.py:3954} INFO - Setting next_dagrun for example_task_group to 2024-06-03 00:00:00+00:00, run_after=2024-06-04 00:00:00+00:00
[2024-06-04T23:45:42.989+0000] {processor.py:183} INFO - Processing /home/airflow/.local/lib/python3.12/site-packages/airflow/example_dags/example_task_group.py took 0.257 seconds
[2024-06-04T23:46:13.261+0000] {processor.py:161} INFO - Started process (PID=170705) to work on /home/airflow/.local/lib/python3.12/site-packages/airflow/example_dags/example_task_group.py
[2024-06-04T23:46:13.262+0000] {processor.py:830} INFO - Processing file /home/airflow/.local/lib/python3.12/site-packages/airflow/example_dags/example_task_group.py for tasks to queue
[2024-06-04T23:46:13.275+0000] {logging_mixin.py:188} INFO - [2024-06-04T23:46:13.273+0000] {dagbag.py:545} INFO - Filling up the DagBag from /home/airflow/.local/lib/python3.12/site-packages/airflow/example_dags/example_task_group.py
[2024-06-04T23:46:13.306+0000] {processor.py:840} INFO - DAG(s) 'example_task_group' retrieved from /home/airflow/.local/lib/python3.12/site-packages/airflow/example_dags/example_task_group.py
[2024-06-04T23:46:13.362+0000] {logging_mixin.py:188} INFO - [2024-06-04T23:46:13.362+0000] {dag.py:3096} INFO - Sync 1 DAGs
[2024-06-04T23:46:13.411+0000] {logging_mixin.py:188} INFO - [2024-06-04T23:46:13.411+0000] {dag.py:3954} INFO - Setting next_dagrun for example_task_group to 2024-06-03 00:00:00+00:00, run_after=2024-06-04 00:00:00+00:00
[2024-06-04T23:46:13.470+0000] {processor.py:183} INFO - Processing /home/airflow/.local/lib/python3.12/site-packages/airflow/example_dags/example_task_group.py took 0.232 seconds
[2024-06-04T23:46:44.253+0000] {processor.py:161} INFO - Started process (PID=170969) to work on /home/airflow/.local/lib/python3.12/site-packages/airflow/example_dags/example_task_group.py
[2024-06-04T23:46:44.266+0000] {processor.py:830} INFO - Processing file /home/airflow/.local/lib/python3.12/site-packages/airflow/example_dags/example_task_group.py for tasks to queue
[2024-06-04T23:46:44.269+0000] {logging_mixin.py:188} INFO - [2024-06-04T23:46:44.268+0000] {dagbag.py:545} INFO - Filling up the DagBag from /home/airflow/.local/lib/python3.12/site-packages/airflow/example_dags/example_task_group.py
[2024-06-04T23:46:44.282+0000] {processor.py:840} INFO - DAG(s) 'example_task_group' retrieved from /home/airflow/.local/lib/python3.12/site-packages/airflow/example_dags/example_task_group.py
[2024-06-04T23:46:44.320+0000] {logging_mixin.py:188} INFO - [2024-06-04T23:46:44.319+0000] {dag.py:3096} INFO - Sync 1 DAGs
[2024-06-04T23:46:44.360+0000] {logging_mixin.py:188} INFO - [2024-06-04T23:46:44.359+0000] {dag.py:3954} INFO - Setting next_dagrun for example_task_group to 2024-06-03 00:00:00+00:00, run_after=2024-06-04 00:00:00+00:00
[2024-06-04T23:46:44.400+0000] {processor.py:183} INFO - Processing /home/airflow/.local/lib/python3.12/site-packages/airflow/example_dags/example_task_group.py took 0.157 seconds
[2024-06-04T23:47:15.843+0000] {processor.py:161} INFO - Started process (PID=171228) to work on /home/airflow/.local/lib/python3.12/site-packages/airflow/example_dags/example_task_group.py
[2024-06-04T23:47:15.860+0000] {processor.py:830} INFO - Processing file /home/airflow/.local/lib/python3.12/site-packages/airflow/example_dags/example_task_group.py for tasks to queue
[2024-06-04T23:47:15.863+0000] {logging_mixin.py:188} INFO - [2024-06-04T23:47:15.862+0000] {dagbag.py:545} INFO - Filling up the DagBag from /home/airflow/.local/lib/python3.12/site-packages/airflow/example_dags/example_task_group.py
[2024-06-04T23:47:15.885+0000] {processor.py:840} INFO - DAG(s) 'example_task_group' retrieved from /home/airflow/.local/lib/python3.12/site-packages/airflow/example_dags/example_task_group.py
[2024-06-04T23:47:15.933+0000] {logging_mixin.py:188} INFO - [2024-06-04T23:47:15.932+0000] {dag.py:3096} INFO - Sync 1 DAGs
[2024-06-04T23:47:15.985+0000] {logging_mixin.py:188} INFO - [2024-06-04T23:47:15.984+0000] {dag.py:3954} INFO - Setting next_dagrun for example_task_group to 2024-06-03 00:00:00+00:00, run_after=2024-06-04 00:00:00+00:00
[2024-06-04T23:47:16.077+0000] {processor.py:183} INFO - Processing /home/airflow/.local/lib/python3.12/site-packages/airflow/example_dags/example_task_group.py took 0.257 seconds
[2024-06-04T23:47:46.402+0000] {processor.py:161} INFO - Started process (PID=171489) to work on /home/airflow/.local/lib/python3.12/site-packages/airflow/example_dags/example_task_group.py
[2024-06-04T23:47:46.404+0000] {processor.py:830} INFO - Processing file /home/airflow/.local/lib/python3.12/site-packages/airflow/example_dags/example_task_group.py for tasks to queue
[2024-06-04T23:47:46.407+0000] {logging_mixin.py:188} INFO - [2024-06-04T23:47:46.406+0000] {dagbag.py:545} INFO - Filling up the DagBag from /home/airflow/.local/lib/python3.12/site-packages/airflow/example_dags/example_task_group.py
[2024-06-04T23:47:46.422+0000] {processor.py:840} INFO - DAG(s) 'example_task_group' retrieved from /home/airflow/.local/lib/python3.12/site-packages/airflow/example_dags/example_task_group.py
[2024-06-04T23:47:46.469+0000] {logging_mixin.py:188} INFO - [2024-06-04T23:47:46.468+0000] {dag.py:3096} INFO - Sync 1 DAGs
[2024-06-04T23:47:46.518+0000] {logging_mixin.py:188} INFO - [2024-06-04T23:47:46.518+0000] {dag.py:3954} INFO - Setting next_dagrun for example_task_group to 2024-06-03 00:00:00+00:00, run_after=2024-06-04 00:00:00+00:00
[2024-06-04T23:47:46.585+0000] {processor.py:183} INFO - Processing /home/airflow/.local/lib/python3.12/site-packages/airflow/example_dags/example_task_group.py took 0.195 seconds
[2024-06-04T23:48:17.114+0000] {processor.py:161} INFO - Started process (PID=171751) to work on /home/airflow/.local/lib/python3.12/site-packages/airflow/example_dags/example_task_group.py
[2024-06-04T23:48:17.132+0000] {processor.py:830} INFO - Processing file /home/airflow/.local/lib/python3.12/site-packages/airflow/example_dags/example_task_group.py for tasks to queue
[2024-06-04T23:48:17.135+0000] {logging_mixin.py:188} INFO - [2024-06-04T23:48:17.134+0000] {dagbag.py:545} INFO - Filling up the DagBag from /home/airflow/.local/lib/python3.12/site-packages/airflow/example_dags/example_task_group.py
[2024-06-04T23:48:17.149+0000] {processor.py:840} INFO - DAG(s) 'example_task_group' retrieved from /home/airflow/.local/lib/python3.12/site-packages/airflow/example_dags/example_task_group.py
[2024-06-04T23:48:17.203+0000] {logging_mixin.py:188} INFO - [2024-06-04T23:48:17.203+0000] {dag.py:3096} INFO - Sync 1 DAGs
[2024-06-04T23:48:17.253+0000] {logging_mixin.py:188} INFO - [2024-06-04T23:48:17.253+0000] {dag.py:3954} INFO - Setting next_dagrun for example_task_group to 2024-06-03 00:00:00+00:00, run_after=2024-06-04 00:00:00+00:00
[2024-06-04T23:48:17.303+0000] {processor.py:183} INFO - Processing /home/airflow/.local/lib/python3.12/site-packages/airflow/example_dags/example_task_group.py took 0.201 seconds
[2024-06-04T23:48:48.145+0000] {processor.py:161} INFO - Started process (PID=172013) to work on /home/airflow/.local/lib/python3.12/site-packages/airflow/example_dags/example_task_group.py
[2024-06-04T23:48:48.147+0000] {processor.py:830} INFO - Processing file /home/airflow/.local/lib/python3.12/site-packages/airflow/example_dags/example_task_group.py for tasks to queue
[2024-06-04T23:48:48.150+0000] {logging_mixin.py:188} INFO - [2024-06-04T23:48:48.149+0000] {dagbag.py:545} INFO - Filling up the DagBag from /home/airflow/.local/lib/python3.12/site-packages/airflow/example_dags/example_task_group.py
[2024-06-04T23:48:48.167+0000] {processor.py:840} INFO - DAG(s) 'example_task_group' retrieved from /home/airflow/.local/lib/python3.12/site-packages/airflow/example_dags/example_task_group.py
[2024-06-04T23:48:48.213+0000] {logging_mixin.py:188} INFO - [2024-06-04T23:48:48.212+0000] {dag.py:3096} INFO - Sync 1 DAGs
[2024-06-04T23:48:48.276+0000] {logging_mixin.py:188} INFO - [2024-06-04T23:48:48.275+0000] {dag.py:3954} INFO - Setting next_dagrun for example_task_group to 2024-06-03 00:00:00+00:00, run_after=2024-06-04 00:00:00+00:00
[2024-06-04T23:48:48.318+0000] {processor.py:183} INFO - Processing /home/airflow/.local/lib/python3.12/site-packages/airflow/example_dags/example_task_group.py took 0.185 seconds
[2024-06-04T23:49:18.693+0000] {processor.py:161} INFO - Started process (PID=172270) to work on /home/airflow/.local/lib/python3.12/site-packages/airflow/example_dags/example_task_group.py
[2024-06-04T23:49:18.701+0000] {processor.py:830} INFO - Processing file /home/airflow/.local/lib/python3.12/site-packages/airflow/example_dags/example_task_group.py for tasks to queue
[2024-06-04T23:49:18.707+0000] {logging_mixin.py:188} INFO - [2024-06-04T23:49:18.706+0000] {dagbag.py:545} INFO - Filling up the DagBag from /home/airflow/.local/lib/python3.12/site-packages/airflow/example_dags/example_task_group.py
[2024-06-04T23:49:18.726+0000] {processor.py:840} INFO - DAG(s) 'example_task_group' retrieved from /home/airflow/.local/lib/python3.12/site-packages/airflow/example_dags/example_task_group.py
[2024-06-04T23:49:18.818+0000] {logging_mixin.py:188} INFO - [2024-06-04T23:49:18.817+0000] {dag.py:3096} INFO - Sync 1 DAGs
[2024-06-04T23:49:18.890+0000] {logging_mixin.py:188} INFO - [2024-06-04T23:49:18.890+0000] {dag.py:3954} INFO - Setting next_dagrun for example_task_group to 2024-06-03 00:00:00+00:00, run_after=2024-06-04 00:00:00+00:00
[2024-06-04T23:49:18.980+0000] {processor.py:183} INFO - Processing /home/airflow/.local/lib/python3.12/site-packages/airflow/example_dags/example_task_group.py took 0.353 seconds
[2024-06-04T23:49:49.275+0000] {processor.py:161} INFO - Started process (PID=172531) to work on /home/airflow/.local/lib/python3.12/site-packages/airflow/example_dags/example_task_group.py
[2024-06-04T23:49:49.278+0000] {processor.py:830} INFO - Processing file /home/airflow/.local/lib/python3.12/site-packages/airflow/example_dags/example_task_group.py for tasks to queue
[2024-06-04T23:49:49.286+0000] {logging_mixin.py:188} INFO - [2024-06-04T23:49:49.285+0000] {dagbag.py:545} INFO - Filling up the DagBag from /home/airflow/.local/lib/python3.12/site-packages/airflow/example_dags/example_task_group.py
[2024-06-04T23:49:49.325+0000] {processor.py:840} INFO - DAG(s) 'example_task_group' retrieved from /home/airflow/.local/lib/python3.12/site-packages/airflow/example_dags/example_task_group.py
[2024-06-04T23:49:49.468+0000] {logging_mixin.py:188} INFO - [2024-06-04T23:49:49.467+0000] {dag.py:3096} INFO - Sync 1 DAGs
[2024-06-04T23:49:49.750+0000] {logging_mixin.py:188} INFO - [2024-06-04T23:49:49.750+0000] {dag.py:3954} INFO - Setting next_dagrun for example_task_group to 2024-06-03 00:00:00+00:00, run_after=2024-06-04 00:00:00+00:00
[2024-06-04T23:49:49.926+0000] {processor.py:183} INFO - Processing /home/airflow/.local/lib/python3.12/site-packages/airflow/example_dags/example_task_group.py took 0.664 seconds
[2024-06-04T23:50:20.772+0000] {processor.py:161} INFO - Started process (PID=172799) to work on /home/airflow/.local/lib/python3.12/site-packages/airflow/example_dags/example_task_group.py
[2024-06-04T23:50:20.774+0000] {processor.py:830} INFO - Processing file /home/airflow/.local/lib/python3.12/site-packages/airflow/example_dags/example_task_group.py for tasks to queue
[2024-06-04T23:50:20.787+0000] {logging_mixin.py:188} INFO - [2024-06-04T23:50:20.787+0000] {dagbag.py:545} INFO - Filling up the DagBag from /home/airflow/.local/lib/python3.12/site-packages/airflow/example_dags/example_task_group.py
[2024-06-04T23:50:20.827+0000] {processor.py:840} INFO - DAG(s) 'example_task_group' retrieved from /home/airflow/.local/lib/python3.12/site-packages/airflow/example_dags/example_task_group.py
[2024-06-04T23:50:20.988+0000] {logging_mixin.py:188} INFO - [2024-06-04T23:50:20.987+0000] {dag.py:3096} INFO - Sync 1 DAGs
[2024-06-04T23:50:21.037+0000] {logging_mixin.py:188} INFO - [2024-06-04T23:50:21.037+0000] {dag.py:3954} INFO - Setting next_dagrun for example_task_group to 2024-06-03 00:00:00+00:00, run_after=2024-06-04 00:00:00+00:00
[2024-06-04T23:50:21.112+0000] {processor.py:183} INFO - Processing /home/airflow/.local/lib/python3.12/site-packages/airflow/example_dags/example_task_group.py took 0.376 seconds
[2024-06-04T23:50:51.341+0000] {processor.py:161} INFO - Started process (PID=173063) to work on /home/airflow/.local/lib/python3.12/site-packages/airflow/example_dags/example_task_group.py
[2024-06-04T23:50:51.343+0000] {processor.py:830} INFO - Processing file /home/airflow/.local/lib/python3.12/site-packages/airflow/example_dags/example_task_group.py for tasks to queue
[2024-06-04T23:50:51.347+0000] {logging_mixin.py:188} INFO - [2024-06-04T23:50:51.346+0000] {dagbag.py:545} INFO - Filling up the DagBag from /home/airflow/.local/lib/python3.12/site-packages/airflow/example_dags/example_task_group.py
[2024-06-04T23:50:51.366+0000] {processor.py:840} INFO - DAG(s) 'example_task_group' retrieved from /home/airflow/.local/lib/python3.12/site-packages/airflow/example_dags/example_task_group.py
[2024-06-04T23:50:51.421+0000] {logging_mixin.py:188} INFO - [2024-06-04T23:50:51.420+0000] {dag.py:3096} INFO - Sync 1 DAGs
[2024-06-04T23:50:51.467+0000] {logging_mixin.py:188} INFO - [2024-06-04T23:50:51.466+0000] {dag.py:3954} INFO - Setting next_dagrun for example_task_group to 2024-06-03 00:00:00+00:00, run_after=2024-06-04 00:00:00+00:00
[2024-06-04T23:50:51.508+0000] {processor.py:183} INFO - Processing /home/airflow/.local/lib/python3.12/site-packages/airflow/example_dags/example_task_group.py took 0.186 seconds
[2024-06-04T23:51:22.279+0000] {processor.py:161} INFO - Started process (PID=173324) to work on /home/airflow/.local/lib/python3.12/site-packages/airflow/example_dags/example_task_group.py
[2024-06-04T23:51:22.285+0000] {processor.py:830} INFO - Processing file /home/airflow/.local/lib/python3.12/site-packages/airflow/example_dags/example_task_group.py for tasks to queue
[2024-06-04T23:51:22.294+0000] {logging_mixin.py:188} INFO - [2024-06-04T23:51:22.293+0000] {dagbag.py:545} INFO - Filling up the DagBag from /home/airflow/.local/lib/python3.12/site-packages/airflow/example_dags/example_task_group.py
[2024-06-04T23:51:22.316+0000] {processor.py:840} INFO - DAG(s) 'example_task_group' retrieved from /home/airflow/.local/lib/python3.12/site-packages/airflow/example_dags/example_task_group.py
[2024-06-04T23:51:22.378+0000] {logging_mixin.py:188} INFO - [2024-06-04T23:51:22.377+0000] {dag.py:3096} INFO - Sync 1 DAGs
[2024-06-04T23:51:22.441+0000] {logging_mixin.py:188} INFO - [2024-06-04T23:51:22.441+0000] {dag.py:3954} INFO - Setting next_dagrun for example_task_group to 2024-06-03 00:00:00+00:00, run_after=2024-06-04 00:00:00+00:00
[2024-06-04T23:51:22.536+0000] {processor.py:183} INFO - Processing /home/airflow/.local/lib/python3.12/site-packages/airflow/example_dags/example_task_group.py took 0.288 seconds
[2024-06-04T23:51:53.137+0000] {processor.py:161} INFO - Started process (PID=173585) to work on /home/airflow/.local/lib/python3.12/site-packages/airflow/example_dags/example_task_group.py
[2024-06-04T23:51:53.145+0000] {processor.py:830} INFO - Processing file /home/airflow/.local/lib/python3.12/site-packages/airflow/example_dags/example_task_group.py for tasks to queue
[2024-06-04T23:51:53.149+0000] {logging_mixin.py:188} INFO - [2024-06-04T23:51:53.149+0000] {dagbag.py:545} INFO - Filling up the DagBag from /home/airflow/.local/lib/python3.12/site-packages/airflow/example_dags/example_task_group.py
[2024-06-04T23:51:53.170+0000] {processor.py:840} INFO - DAG(s) 'example_task_group' retrieved from /home/airflow/.local/lib/python3.12/site-packages/airflow/example_dags/example_task_group.py
[2024-06-04T23:51:53.226+0000] {logging_mixin.py:188} INFO - [2024-06-04T23:51:53.225+0000] {dag.py:3096} INFO - Sync 1 DAGs
[2024-06-04T23:51:53.422+0000] {logging_mixin.py:188} INFO - [2024-06-04T23:51:53.421+0000] {dag.py:3954} INFO - Setting next_dagrun for example_task_group to 2024-06-03 00:00:00+00:00, run_after=2024-06-04 00:00:00+00:00
[2024-06-04T23:51:53.470+0000] {processor.py:183} INFO - Processing /home/airflow/.local/lib/python3.12/site-packages/airflow/example_dags/example_task_group.py took 0.344 seconds
[2024-06-04T23:52:23.927+0000] {processor.py:161} INFO - Started process (PID=173846) to work on /home/airflow/.local/lib/python3.12/site-packages/airflow/example_dags/example_task_group.py
[2024-06-04T23:52:23.928+0000] {processor.py:830} INFO - Processing file /home/airflow/.local/lib/python3.12/site-packages/airflow/example_dags/example_task_group.py for tasks to queue
[2024-06-04T23:52:23.935+0000] {logging_mixin.py:188} INFO - [2024-06-04T23:52:23.934+0000] {dagbag.py:545} INFO - Filling up the DagBag from /home/airflow/.local/lib/python3.12/site-packages/airflow/example_dags/example_task_group.py
[2024-06-04T23:52:23.955+0000] {processor.py:840} INFO - DAG(s) 'example_task_group' retrieved from /home/airflow/.local/lib/python3.12/site-packages/airflow/example_dags/example_task_group.py
[2024-06-04T23:52:24.009+0000] {logging_mixin.py:188} INFO - [2024-06-04T23:52:24.008+0000] {dag.py:3096} INFO - Sync 1 DAGs
[2024-06-04T23:52:24.159+0000] {logging_mixin.py:188} INFO - [2024-06-04T23:52:24.158+0000] {dag.py:3954} INFO - Setting next_dagrun for example_task_group to 2024-06-03 00:00:00+00:00, run_after=2024-06-04 00:00:00+00:00
[2024-06-04T23:52:24.252+0000] {processor.py:183} INFO - Processing /home/airflow/.local/lib/python3.12/site-packages/airflow/example_dags/example_task_group.py took 0.340 seconds
[2024-06-04T23:52:54.871+0000] {processor.py:161} INFO - Started process (PID=174109) to work on /home/airflow/.local/lib/python3.12/site-packages/airflow/example_dags/example_task_group.py
[2024-06-04T23:52:54.880+0000] {processor.py:830} INFO - Processing file /home/airflow/.local/lib/python3.12/site-packages/airflow/example_dags/example_task_group.py for tasks to queue
[2024-06-04T23:52:54.884+0000] {logging_mixin.py:188} INFO - [2024-06-04T23:52:54.883+0000] {dagbag.py:545} INFO - Filling up the DagBag from /home/airflow/.local/lib/python3.12/site-packages/airflow/example_dags/example_task_group.py
[2024-06-04T23:52:54.944+0000] {processor.py:840} INFO - DAG(s) 'example_task_group' retrieved from /home/airflow/.local/lib/python3.12/site-packages/airflow/example_dags/example_task_group.py
[2024-06-04T23:52:55.112+0000] {logging_mixin.py:188} INFO - [2024-06-04T23:52:55.112+0000] {dag.py:3096} INFO - Sync 1 DAGs
[2024-06-04T23:52:55.176+0000] {logging_mixin.py:188} INFO - [2024-06-04T23:52:55.175+0000] {dag.py:3954} INFO - Setting next_dagrun for example_task_group to 2024-06-03 00:00:00+00:00, run_after=2024-06-04 00:00:00+00:00
[2024-06-04T23:52:55.262+0000] {processor.py:183} INFO - Processing /home/airflow/.local/lib/python3.12/site-packages/airflow/example_dags/example_task_group.py took 0.437 seconds
[2024-06-04T23:53:26.008+0000] {processor.py:161} INFO - Started process (PID=174371) to work on /home/airflow/.local/lib/python3.12/site-packages/airflow/example_dags/example_task_group.py
[2024-06-04T23:53:26.012+0000] {processor.py:830} INFO - Processing file /home/airflow/.local/lib/python3.12/site-packages/airflow/example_dags/example_task_group.py for tasks to queue
[2024-06-04T23:53:26.021+0000] {logging_mixin.py:188} INFO - [2024-06-04T23:53:26.020+0000] {dagbag.py:545} INFO - Filling up the DagBag from /home/airflow/.local/lib/python3.12/site-packages/airflow/example_dags/example_task_group.py
[2024-06-04T23:53:26.045+0000] {processor.py:840} INFO - DAG(s) 'example_task_group' retrieved from /home/airflow/.local/lib/python3.12/site-packages/airflow/example_dags/example_task_group.py
[2024-06-04T23:53:26.143+0000] {logging_mixin.py:188} INFO - [2024-06-04T23:53:26.143+0000] {dag.py:3096} INFO - Sync 1 DAGs
[2024-06-04T23:53:26.253+0000] {logging_mixin.py:188} INFO - [2024-06-04T23:53:26.251+0000] {dag.py:3954} INFO - Setting next_dagrun for example_task_group to 2024-06-03 00:00:00+00:00, run_after=2024-06-04 00:00:00+00:00
[2024-06-04T23:53:26.333+0000] {processor.py:183} INFO - Processing /home/airflow/.local/lib/python3.12/site-packages/airflow/example_dags/example_task_group.py took 0.346 seconds
[2024-06-04T23:53:56.442+0000] {processor.py:161} INFO - Started process (PID=174631) to work on /home/airflow/.local/lib/python3.12/site-packages/airflow/example_dags/example_task_group.py
[2024-06-04T23:53:56.445+0000] {processor.py:830} INFO - Processing file /home/airflow/.local/lib/python3.12/site-packages/airflow/example_dags/example_task_group.py for tasks to queue
[2024-06-04T23:53:56.472+0000] {logging_mixin.py:188} INFO - [2024-06-04T23:53:56.450+0000] {dagbag.py:545} INFO - Filling up the DagBag from /home/airflow/.local/lib/python3.12/site-packages/airflow/example_dags/example_task_group.py
[2024-06-04T23:53:56.517+0000] {processor.py:840} INFO - DAG(s) 'example_task_group' retrieved from /home/airflow/.local/lib/python3.12/site-packages/airflow/example_dags/example_task_group.py
[2024-06-04T23:53:56.633+0000] {logging_mixin.py:188} INFO - [2024-06-04T23:53:56.632+0000] {dag.py:3096} INFO - Sync 1 DAGs
[2024-06-04T23:53:56.758+0000] {logging_mixin.py:188} INFO - [2024-06-04T23:53:56.755+0000] {dag.py:3954} INFO - Setting next_dagrun for example_task_group to 2024-06-03 00:00:00+00:00, run_after=2024-06-04 00:00:00+00:00
[2024-06-04T23:53:56.858+0000] {processor.py:183} INFO - Processing /home/airflow/.local/lib/python3.12/site-packages/airflow/example_dags/example_task_group.py took 0.428 seconds
[2024-06-04T23:54:27.038+0000] {processor.py:161} INFO - Started process (PID=174895) to work on /home/airflow/.local/lib/python3.12/site-packages/airflow/example_dags/example_task_group.py
[2024-06-04T23:54:27.040+0000] {processor.py:830} INFO - Processing file /home/airflow/.local/lib/python3.12/site-packages/airflow/example_dags/example_task_group.py for tasks to queue
[2024-06-04T23:54:27.043+0000] {logging_mixin.py:188} INFO - [2024-06-04T23:54:27.042+0000] {dagbag.py:545} INFO - Filling up the DagBag from /home/airflow/.local/lib/python3.12/site-packages/airflow/example_dags/example_task_group.py
[2024-06-04T23:54:27.063+0000] {processor.py:840} INFO - DAG(s) 'example_task_group' retrieved from /home/airflow/.local/lib/python3.12/site-packages/airflow/example_dags/example_task_group.py
[2024-06-04T23:54:27.127+0000] {logging_mixin.py:188} INFO - [2024-06-04T23:54:27.127+0000] {dag.py:3096} INFO - Sync 1 DAGs
[2024-06-04T23:54:27.196+0000] {logging_mixin.py:188} INFO - [2024-06-04T23:54:27.196+0000] {dag.py:3954} INFO - Setting next_dagrun for example_task_group to 2024-06-03 00:00:00+00:00, run_after=2024-06-04 00:00:00+00:00
[2024-06-04T23:54:27.244+0000] {processor.py:183} INFO - Processing /home/airflow/.local/lib/python3.12/site-packages/airflow/example_dags/example_task_group.py took 0.220 seconds
[2024-06-04T23:54:57.549+0000] {processor.py:161} INFO - Started process (PID=175158) to work on /home/airflow/.local/lib/python3.12/site-packages/airflow/example_dags/example_task_group.py
[2024-06-04T23:54:57.574+0000] {processor.py:830} INFO - Processing file /home/airflow/.local/lib/python3.12/site-packages/airflow/example_dags/example_task_group.py for tasks to queue
[2024-06-04T23:54:57.577+0000] {logging_mixin.py:188} INFO - [2024-06-04T23:54:57.577+0000] {dagbag.py:545} INFO - Filling up the DagBag from /home/airflow/.local/lib/python3.12/site-packages/airflow/example_dags/example_task_group.py
[2024-06-04T23:54:57.593+0000] {processor.py:840} INFO - DAG(s) 'example_task_group' retrieved from /home/airflow/.local/lib/python3.12/site-packages/airflow/example_dags/example_task_group.py
[2024-06-04T23:54:57.667+0000] {logging_mixin.py:188} INFO - [2024-06-04T23:54:57.666+0000] {dag.py:3096} INFO - Sync 1 DAGs
[2024-06-04T23:54:57.717+0000] {logging_mixin.py:188} INFO - [2024-06-04T23:54:57.717+0000] {dag.py:3954} INFO - Setting next_dagrun for example_task_group to 2024-06-03 00:00:00+00:00, run_after=2024-06-04 00:00:00+00:00
[2024-06-04T23:54:57.767+0000] {processor.py:183} INFO - Processing /home/airflow/.local/lib/python3.12/site-packages/airflow/example_dags/example_task_group.py took 0.231 seconds
[2024-06-04T23:55:28.084+0000] {processor.py:161} INFO - Started process (PID=175414) to work on /home/airflow/.local/lib/python3.12/site-packages/airflow/example_dags/example_task_group.py
[2024-06-04T23:55:28.086+0000] {processor.py:830} INFO - Processing file /home/airflow/.local/lib/python3.12/site-packages/airflow/example_dags/example_task_group.py for tasks to queue
[2024-06-04T23:55:28.093+0000] {logging_mixin.py:188} INFO - [2024-06-04T23:55:28.092+0000] {dagbag.py:545} INFO - Filling up the DagBag from /home/airflow/.local/lib/python3.12/site-packages/airflow/example_dags/example_task_group.py
[2024-06-04T23:55:28.119+0000] {processor.py:840} INFO - DAG(s) 'example_task_group' retrieved from /home/airflow/.local/lib/python3.12/site-packages/airflow/example_dags/example_task_group.py
[2024-06-04T23:55:28.237+0000] {logging_mixin.py:188} INFO - [2024-06-04T23:55:28.236+0000] {dag.py:3096} INFO - Sync 1 DAGs
[2024-06-04T23:55:28.317+0000] {logging_mixin.py:188} INFO - [2024-06-04T23:55:28.317+0000] {dag.py:3954} INFO - Setting next_dagrun for example_task_group to 2024-06-03 00:00:00+00:00, run_after=2024-06-04 00:00:00+00:00
[2024-06-04T23:55:28.376+0000] {processor.py:183} INFO - Processing /home/airflow/.local/lib/python3.12/site-packages/airflow/example_dags/example_task_group.py took 0.307 seconds
[2024-06-04T23:55:59.108+0000] {processor.py:161} INFO - Started process (PID=175675) to work on /home/airflow/.local/lib/python3.12/site-packages/airflow/example_dags/example_task_group.py
[2024-06-04T23:55:59.112+0000] {processor.py:830} INFO - Processing file /home/airflow/.local/lib/python3.12/site-packages/airflow/example_dags/example_task_group.py for tasks to queue
[2024-06-04T23:55:59.118+0000] {logging_mixin.py:188} INFO - [2024-06-04T23:55:59.117+0000] {dagbag.py:545} INFO - Filling up the DagBag from /home/airflow/.local/lib/python3.12/site-packages/airflow/example_dags/example_task_group.py
[2024-06-04T23:55:59.165+0000] {processor.py:840} INFO - DAG(s) 'example_task_group' retrieved from /home/airflow/.local/lib/python3.12/site-packages/airflow/example_dags/example_task_group.py
[2024-06-04T23:55:59.257+0000] {logging_mixin.py:188} INFO - [2024-06-04T23:55:59.257+0000] {dag.py:3096} INFO - Sync 1 DAGs
[2024-06-04T23:55:59.336+0000] {logging_mixin.py:188} INFO - [2024-06-04T23:55:59.335+0000] {dag.py:3954} INFO - Setting next_dagrun for example_task_group to 2024-06-03 00:00:00+00:00, run_after=2024-06-04 00:00:00+00:00
[2024-06-04T23:55:59.434+0000] {processor.py:183} INFO - Processing /home/airflow/.local/lib/python3.12/site-packages/airflow/example_dags/example_task_group.py took 0.337 seconds
[2024-06-04T23:56:29.838+0000] {processor.py:161} INFO - Started process (PID=175936) to work on /home/airflow/.local/lib/python3.12/site-packages/airflow/example_dags/example_task_group.py
[2024-06-04T23:56:29.840+0000] {processor.py:830} INFO - Processing file /home/airflow/.local/lib/python3.12/site-packages/airflow/example_dags/example_task_group.py for tasks to queue
[2024-06-04T23:56:29.844+0000] {logging_mixin.py:188} INFO - [2024-06-04T23:56:29.843+0000] {dagbag.py:545} INFO - Filling up the DagBag from /home/airflow/.local/lib/python3.12/site-packages/airflow/example_dags/example_task_group.py
[2024-06-04T23:56:29.861+0000] {processor.py:840} INFO - DAG(s) 'example_task_group' retrieved from /home/airflow/.local/lib/python3.12/site-packages/airflow/example_dags/example_task_group.py
[2024-06-04T23:56:29.914+0000] {logging_mixin.py:188} INFO - [2024-06-04T23:56:29.914+0000] {dag.py:3096} INFO - Sync 1 DAGs
[2024-06-04T23:56:29.973+0000] {logging_mixin.py:188} INFO - [2024-06-04T23:56:29.973+0000] {dag.py:3954} INFO - Setting next_dagrun for example_task_group to 2024-06-03 00:00:00+00:00, run_after=2024-06-04 00:00:00+00:00
[2024-06-04T23:56:30.043+0000] {processor.py:183} INFO - Processing /home/airflow/.local/lib/python3.12/site-packages/airflow/example_dags/example_task_group.py took 0.219 seconds
[2024-06-04T23:57:00.347+0000] {processor.py:161} INFO - Started process (PID=176199) to work on /home/airflow/.local/lib/python3.12/site-packages/airflow/example_dags/example_task_group.py
[2024-06-04T23:57:00.361+0000] {processor.py:830} INFO - Processing file /home/airflow/.local/lib/python3.12/site-packages/airflow/example_dags/example_task_group.py for tasks to queue
[2024-06-04T23:57:00.365+0000] {logging_mixin.py:188} INFO - [2024-06-04T23:57:00.364+0000] {dagbag.py:545} INFO - Filling up the DagBag from /home/airflow/.local/lib/python3.12/site-packages/airflow/example_dags/example_task_group.py
[2024-06-04T23:57:00.382+0000] {processor.py:840} INFO - DAG(s) 'example_task_group' retrieved from /home/airflow/.local/lib/python3.12/site-packages/airflow/example_dags/example_task_group.py
[2024-06-04T23:57:00.437+0000] {logging_mixin.py:188} INFO - [2024-06-04T23:57:00.437+0000] {dag.py:3096} INFO - Sync 1 DAGs
[2024-06-04T23:57:00.503+0000] {logging_mixin.py:188} INFO - [2024-06-04T23:57:00.503+0000] {dag.py:3954} INFO - Setting next_dagrun for example_task_group to 2024-06-03 00:00:00+00:00, run_after=2024-06-04 00:00:00+00:00
[2024-06-04T23:57:00.659+0000] {processor.py:183} INFO - Processing /home/airflow/.local/lib/python3.12/site-packages/airflow/example_dags/example_task_group.py took 0.327 seconds
[2024-06-04T23:57:30.851+0000] {processor.py:161} INFO - Started process (PID=176461) to work on /home/airflow/.local/lib/python3.12/site-packages/airflow/example_dags/example_task_group.py
[2024-06-04T23:57:30.853+0000] {processor.py:830} INFO - Processing file /home/airflow/.local/lib/python3.12/site-packages/airflow/example_dags/example_task_group.py for tasks to queue
[2024-06-04T23:57:30.857+0000] {logging_mixin.py:188} INFO - [2024-06-04T23:57:30.856+0000] {dagbag.py:545} INFO - Filling up the DagBag from /home/airflow/.local/lib/python3.12/site-packages/airflow/example_dags/example_task_group.py
[2024-06-04T23:57:30.877+0000] {processor.py:840} INFO - DAG(s) 'example_task_group' retrieved from /home/airflow/.local/lib/python3.12/site-packages/airflow/example_dags/example_task_group.py
[2024-06-04T23:57:30.946+0000] {logging_mixin.py:188} INFO - [2024-06-04T23:57:30.945+0000] {dag.py:3096} INFO - Sync 1 DAGs
[2024-06-04T23:57:31.007+0000] {logging_mixin.py:188} INFO - [2024-06-04T23:57:31.007+0000] {dag.py:3954} INFO - Setting next_dagrun for example_task_group to 2024-06-03 00:00:00+00:00, run_after=2024-06-04 00:00:00+00:00
[2024-06-04T23:57:31.060+0000] {processor.py:183} INFO - Processing /home/airflow/.local/lib/python3.12/site-packages/airflow/example_dags/example_task_group.py took 0.224 seconds
[2024-06-04T23:58:01.593+0000] {processor.py:161} INFO - Started process (PID=176723) to work on /home/airflow/.local/lib/python3.12/site-packages/airflow/example_dags/example_task_group.py
[2024-06-04T23:58:01.594+0000] {processor.py:830} INFO - Processing file /home/airflow/.local/lib/python3.12/site-packages/airflow/example_dags/example_task_group.py for tasks to queue
[2024-06-04T23:58:01.598+0000] {logging_mixin.py:188} INFO - [2024-06-04T23:58:01.597+0000] {dagbag.py:545} INFO - Filling up the DagBag from /home/airflow/.local/lib/python3.12/site-packages/airflow/example_dags/example_task_group.py
[2024-06-04T23:58:01.615+0000] {processor.py:840} INFO - DAG(s) 'example_task_group' retrieved from /home/airflow/.local/lib/python3.12/site-packages/airflow/example_dags/example_task_group.py
[2024-06-04T23:58:01.673+0000] {logging_mixin.py:188} INFO - [2024-06-04T23:58:01.672+0000] {dag.py:3096} INFO - Sync 1 DAGs
[2024-06-04T23:58:01.729+0000] {logging_mixin.py:188} INFO - [2024-06-04T23:58:01.728+0000] {dag.py:3954} INFO - Setting next_dagrun for example_task_group to 2024-06-03 00:00:00+00:00, run_after=2024-06-04 00:00:00+00:00
[2024-06-04T23:58:01.802+0000] {processor.py:183} INFO - Processing /home/airflow/.local/lib/python3.12/site-packages/airflow/example_dags/example_task_group.py took 0.224 seconds
[2024-06-04T23:58:32.302+0000] {processor.py:161} INFO - Started process (PID=176984) to work on /home/airflow/.local/lib/python3.12/site-packages/airflow/example_dags/example_task_group.py
[2024-06-04T23:58:32.306+0000] {processor.py:830} INFO - Processing file /home/airflow/.local/lib/python3.12/site-packages/airflow/example_dags/example_task_group.py for tasks to queue
[2024-06-04T23:58:32.310+0000] {logging_mixin.py:188} INFO - [2024-06-04T23:58:32.309+0000] {dagbag.py:545} INFO - Filling up the DagBag from /home/airflow/.local/lib/python3.12/site-packages/airflow/example_dags/example_task_group.py
[2024-06-04T23:58:32.329+0000] {processor.py:840} INFO - DAG(s) 'example_task_group' retrieved from /home/airflow/.local/lib/python3.12/site-packages/airflow/example_dags/example_task_group.py
[2024-06-04T23:58:32.387+0000] {logging_mixin.py:188} INFO - [2024-06-04T23:58:32.386+0000] {dag.py:3096} INFO - Sync 1 DAGs
[2024-06-04T23:58:32.460+0000] {logging_mixin.py:188} INFO - [2024-06-04T23:58:32.459+0000] {dag.py:3954} INFO - Setting next_dagrun for example_task_group to 2024-06-03 00:00:00+00:00, run_after=2024-06-04 00:00:00+00:00
[2024-06-04T23:58:32.556+0000] {processor.py:183} INFO - Processing /home/airflow/.local/lib/python3.12/site-packages/airflow/example_dags/example_task_group.py took 0.266 seconds
[2024-06-04T23:59:02.852+0000] {processor.py:161} INFO - Started process (PID=177244) to work on /home/airflow/.local/lib/python3.12/site-packages/airflow/example_dags/example_task_group.py
[2024-06-04T23:59:02.861+0000] {processor.py:830} INFO - Processing file /home/airflow/.local/lib/python3.12/site-packages/airflow/example_dags/example_task_group.py for tasks to queue
[2024-06-04T23:59:02.868+0000] {logging_mixin.py:188} INFO - [2024-06-04T23:59:02.867+0000] {dagbag.py:545} INFO - Filling up the DagBag from /home/airflow/.local/lib/python3.12/site-packages/airflow/example_dags/example_task_group.py
[2024-06-04T23:59:02.901+0000] {processor.py:840} INFO - DAG(s) 'example_task_group' retrieved from /home/airflow/.local/lib/python3.12/site-packages/airflow/example_dags/example_task_group.py
[2024-06-04T23:59:03.074+0000] {logging_mixin.py:188} INFO - [2024-06-04T23:59:03.069+0000] {dag.py:3096} INFO - Sync 1 DAGs
[2024-06-04T23:59:03.169+0000] {logging_mixin.py:188} INFO - [2024-06-04T23:59:03.169+0000] {dag.py:3954} INFO - Setting next_dagrun for example_task_group to 2024-06-03 00:00:00+00:00, run_after=2024-06-04 00:00:00+00:00
[2024-06-04T23:59:03.274+0000] {processor.py:183} INFO - Processing /home/airflow/.local/lib/python3.12/site-packages/airflow/example_dags/example_task_group.py took 0.447 seconds
[2024-06-04T23:59:33.605+0000] {processor.py:161} INFO - Started process (PID=177509) to work on /home/airflow/.local/lib/python3.12/site-packages/airflow/example_dags/example_task_group.py
[2024-06-04T23:59:33.606+0000] {processor.py:830} INFO - Processing file /home/airflow/.local/lib/python3.12/site-packages/airflow/example_dags/example_task_group.py for tasks to queue
[2024-06-04T23:59:33.609+0000] {logging_mixin.py:188} INFO - [2024-06-04T23:59:33.608+0000] {dagbag.py:545} INFO - Filling up the DagBag from /home/airflow/.local/lib/python3.12/site-packages/airflow/example_dags/example_task_group.py
[2024-06-04T23:59:33.621+0000] {processor.py:840} INFO - DAG(s) 'example_task_group' retrieved from /home/airflow/.local/lib/python3.12/site-packages/airflow/example_dags/example_task_group.py
[2024-06-04T23:59:33.672+0000] {logging_mixin.py:188} INFO - [2024-06-04T23:59:33.672+0000] {dag.py:3096} INFO - Sync 1 DAGs
[2024-06-04T23:59:33.718+0000] {logging_mixin.py:188} INFO - [2024-06-04T23:59:33.717+0000] {dag.py:3954} INFO - Setting next_dagrun for example_task_group to 2024-06-03 00:00:00+00:00, run_after=2024-06-04 00:00:00+00:00
[2024-06-04T23:59:33.762+0000] {processor.py:183} INFO - Processing /home/airflow/.local/lib/python3.12/site-packages/airflow/example_dags/example_task_group.py took 0.167 seconds
