[2024-06-04T23:44:02.686+0000] {processor.py:161} INFO - Started process (PID=169587) to work on /home/airflow/.local/lib/python3.12/site-packages/airflow/example_dags/example_time_delta_sensor_async.py
[2024-06-04T23:44:02.688+0000] {processor.py:830} INFO - Processing file /home/airflow/.local/lib/python3.12/site-packages/airflow/example_dags/example_time_delta_sensor_async.py for tasks to queue
[2024-06-04T23:44:02.691+0000] {logging_mixin.py:188} INFO - [2024-06-04T23:44:02.690+0000] {dagbag.py:545} INFO - Filling up the DagBag from /home/airflow/.local/lib/python3.12/site-packages/airflow/example_dags/example_time_delta_sensor_async.py
[2024-06-04T23:44:02.700+0000] {processor.py:840} INFO - DAG(s) 'example_time_delta_sensor_async' retrieved from /home/airflow/.local/lib/python3.12/site-packages/airflow/example_dags/example_time_delta_sensor_async.py
[2024-06-04T23:44:02.738+0000] {logging_mixin.py:188} INFO - [2024-06-04T23:44:02.738+0000] {dag.py:3096} INFO - Sync 1 DAGs
[2024-06-04T23:44:02.769+0000] {logging_mixin.py:188} INFO - [2024-06-04T23:44:02.769+0000] {dag.py:3954} INFO - Setting next_dagrun for example_time_delta_sensor_async to None, run_after=None
[2024-06-04T23:44:03.114+0000] {processor.py:183} INFO - Processing /home/airflow/.local/lib/python3.12/site-packages/airflow/example_dags/example_time_delta_sensor_async.py took 0.440 seconds
[2024-06-04T23:44:33.534+0000] {processor.py:161} INFO - Started process (PID=169849) to work on /home/airflow/.local/lib/python3.12/site-packages/airflow/example_dags/example_time_delta_sensor_async.py
[2024-06-04T23:44:33.646+0000] {processor.py:830} INFO - Processing file /home/airflow/.local/lib/python3.12/site-packages/airflow/example_dags/example_time_delta_sensor_async.py for tasks to queue
[2024-06-04T23:44:33.649+0000] {logging_mixin.py:188} INFO - [2024-06-04T23:44:33.648+0000] {dagbag.py:545} INFO - Filling up the DagBag from /home/airflow/.local/lib/python3.12/site-packages/airflow/example_dags/example_time_delta_sensor_async.py
[2024-06-04T23:44:33.656+0000] {processor.py:840} INFO - DAG(s) 'example_time_delta_sensor_async' retrieved from /home/airflow/.local/lib/python3.12/site-packages/airflow/example_dags/example_time_delta_sensor_async.py
[2024-06-04T23:44:33.689+0000] {logging_mixin.py:188} INFO - [2024-06-04T23:44:33.688+0000] {dag.py:3096} INFO - Sync 1 DAGs
[2024-06-04T23:44:33.728+0000] {logging_mixin.py:188} INFO - [2024-06-04T23:44:33.728+0000] {dag.py:3954} INFO - Setting next_dagrun for example_time_delta_sensor_async to None, run_after=None
[2024-06-04T23:44:33.813+0000] {processor.py:183} INFO - Processing /home/airflow/.local/lib/python3.12/site-packages/airflow/example_dags/example_time_delta_sensor_async.py took 0.291 seconds
[2024-06-04T23:45:04.613+0000] {processor.py:161} INFO - Started process (PID=170111) to work on /home/airflow/.local/lib/python3.12/site-packages/airflow/example_dags/example_time_delta_sensor_async.py
[2024-06-04T23:45:04.621+0000] {processor.py:830} INFO - Processing file /home/airflow/.local/lib/python3.12/site-packages/airflow/example_dags/example_time_delta_sensor_async.py for tasks to queue
[2024-06-04T23:45:04.629+0000] {logging_mixin.py:188} INFO - [2024-06-04T23:45:04.628+0000] {dagbag.py:545} INFO - Filling up the DagBag from /home/airflow/.local/lib/python3.12/site-packages/airflow/example_dags/example_time_delta_sensor_async.py
[2024-06-04T23:45:04.649+0000] {processor.py:840} INFO - DAG(s) 'example_time_delta_sensor_async' retrieved from /home/airflow/.local/lib/python3.12/site-packages/airflow/example_dags/example_time_delta_sensor_async.py
[2024-06-04T23:45:04.799+0000] {logging_mixin.py:188} INFO - [2024-06-04T23:45:04.798+0000] {dag.py:3096} INFO - Sync 1 DAGs
[2024-06-04T23:45:04.865+0000] {logging_mixin.py:188} INFO - [2024-06-04T23:45:04.864+0000] {dag.py:3954} INFO - Setting next_dagrun for example_time_delta_sensor_async to None, run_after=None
[2024-06-04T23:45:04.960+0000] {processor.py:183} INFO - Processing /home/airflow/.local/lib/python3.12/site-packages/airflow/example_dags/example_time_delta_sensor_async.py took 0.372 seconds
[2024-06-04T23:45:35.157+0000] {processor.py:161} INFO - Started process (PID=170373) to work on /home/airflow/.local/lib/python3.12/site-packages/airflow/example_dags/example_time_delta_sensor_async.py
[2024-06-04T23:45:35.159+0000] {processor.py:830} INFO - Processing file /home/airflow/.local/lib/python3.12/site-packages/airflow/example_dags/example_time_delta_sensor_async.py for tasks to queue
[2024-06-04T23:45:35.162+0000] {logging_mixin.py:188} INFO - [2024-06-04T23:45:35.161+0000] {dagbag.py:545} INFO - Filling up the DagBag from /home/airflow/.local/lib/python3.12/site-packages/airflow/example_dags/example_time_delta_sensor_async.py
[2024-06-04T23:45:35.170+0000] {processor.py:840} INFO - DAG(s) 'example_time_delta_sensor_async' retrieved from /home/airflow/.local/lib/python3.12/site-packages/airflow/example_dags/example_time_delta_sensor_async.py
[2024-06-04T23:45:35.227+0000] {logging_mixin.py:188} INFO - [2024-06-04T23:45:35.227+0000] {dag.py:3096} INFO - Sync 1 DAGs
[2024-06-04T23:45:35.257+0000] {logging_mixin.py:188} INFO - [2024-06-04T23:45:35.257+0000] {dag.py:3954} INFO - Setting next_dagrun for example_time_delta_sensor_async to None, run_after=None
[2024-06-04T23:45:35.360+0000] {processor.py:183} INFO - Processing /home/airflow/.local/lib/python3.12/site-packages/airflow/example_dags/example_time_delta_sensor_async.py took 0.222 seconds
[2024-06-04T23:46:09.099+0000] {processor.py:161} INFO - Started process (PID=170635) to work on /home/airflow/.local/lib/python3.12/site-packages/airflow/example_dags/example_time_delta_sensor_async.py
[2024-06-04T23:46:09.107+0000] {processor.py:830} INFO - Processing file /home/airflow/.local/lib/python3.12/site-packages/airflow/example_dags/example_time_delta_sensor_async.py for tasks to queue
[2024-06-04T23:46:09.110+0000] {logging_mixin.py:188} INFO - [2024-06-04T23:46:09.110+0000] {dagbag.py:545} INFO - Filling up the DagBag from /home/airflow/.local/lib/python3.12/site-packages/airflow/example_dags/example_time_delta_sensor_async.py
[2024-06-04T23:46:09.146+0000] {processor.py:840} INFO - DAG(s) 'example_time_delta_sensor_async' retrieved from /home/airflow/.local/lib/python3.12/site-packages/airflow/example_dags/example_time_delta_sensor_async.py
[2024-06-04T23:46:09.254+0000] {logging_mixin.py:188} INFO - [2024-06-04T23:46:09.253+0000] {dag.py:3096} INFO - Sync 1 DAGs
[2024-06-04T23:46:09.309+0000] {logging_mixin.py:188} INFO - [2024-06-04T23:46:09.308+0000] {dag.py:3954} INFO - Setting next_dagrun for example_time_delta_sensor_async to None, run_after=None
[2024-06-04T23:46:09.394+0000] {processor.py:183} INFO - Processing /home/airflow/.local/lib/python3.12/site-packages/airflow/example_dags/example_time_delta_sensor_async.py took 0.356 seconds
[2024-06-04T23:46:40.075+0000] {processor.py:161} INFO - Started process (PID=170896) to work on /home/airflow/.local/lib/python3.12/site-packages/airflow/example_dags/example_time_delta_sensor_async.py
[2024-06-04T23:46:40.087+0000] {processor.py:830} INFO - Processing file /home/airflow/.local/lib/python3.12/site-packages/airflow/example_dags/example_time_delta_sensor_async.py for tasks to queue
[2024-06-04T23:46:40.098+0000] {logging_mixin.py:188} INFO - [2024-06-04T23:46:40.097+0000] {dagbag.py:545} INFO - Filling up the DagBag from /home/airflow/.local/lib/python3.12/site-packages/airflow/example_dags/example_time_delta_sensor_async.py
[2024-06-04T23:46:40.119+0000] {processor.py:840} INFO - DAG(s) 'example_time_delta_sensor_async' retrieved from /home/airflow/.local/lib/python3.12/site-packages/airflow/example_dags/example_time_delta_sensor_async.py
[2024-06-04T23:46:40.223+0000] {logging_mixin.py:188} INFO - [2024-06-04T23:46:40.222+0000] {dag.py:3096} INFO - Sync 1 DAGs
[2024-06-04T23:46:40.285+0000] {logging_mixin.py:188} INFO - [2024-06-04T23:46:40.285+0000] {dag.py:3954} INFO - Setting next_dagrun for example_time_delta_sensor_async to None, run_after=None
[2024-06-04T23:46:40.355+0000] {processor.py:183} INFO - Processing /home/airflow/.local/lib/python3.12/site-packages/airflow/example_dags/example_time_delta_sensor_async.py took 0.329 seconds
[2024-06-04T23:47:11.380+0000] {processor.py:161} INFO - Started process (PID=171157) to work on /home/airflow/.local/lib/python3.12/site-packages/airflow/example_dags/example_time_delta_sensor_async.py
[2024-06-04T23:47:11.384+0000] {processor.py:830} INFO - Processing file /home/airflow/.local/lib/python3.12/site-packages/airflow/example_dags/example_time_delta_sensor_async.py for tasks to queue
[2024-06-04T23:47:11.392+0000] {logging_mixin.py:188} INFO - [2024-06-04T23:47:11.391+0000] {dagbag.py:545} INFO - Filling up the DagBag from /home/airflow/.local/lib/python3.12/site-packages/airflow/example_dags/example_time_delta_sensor_async.py
[2024-06-04T23:47:11.407+0000] {processor.py:840} INFO - DAG(s) 'example_time_delta_sensor_async' retrieved from /home/airflow/.local/lib/python3.12/site-packages/airflow/example_dags/example_time_delta_sensor_async.py
[2024-06-04T23:47:11.456+0000] {logging_mixin.py:188} INFO - [2024-06-04T23:47:11.456+0000] {dag.py:3096} INFO - Sync 1 DAGs
[2024-06-04T23:47:11.491+0000] {logging_mixin.py:188} INFO - [2024-06-04T23:47:11.491+0000] {dag.py:3954} INFO - Setting next_dagrun for example_time_delta_sensor_async to None, run_after=None
[2024-06-04T23:47:11.539+0000] {processor.py:183} INFO - Processing /home/airflow/.local/lib/python3.12/site-packages/airflow/example_dags/example_time_delta_sensor_async.py took 0.172 seconds
[2024-06-04T23:47:41.839+0000] {processor.py:161} INFO - Started process (PID=171419) to work on /home/airflow/.local/lib/python3.12/site-packages/airflow/example_dags/example_time_delta_sensor_async.py
[2024-06-04T23:47:41.841+0000] {processor.py:830} INFO - Processing file /home/airflow/.local/lib/python3.12/site-packages/airflow/example_dags/example_time_delta_sensor_async.py for tasks to queue
[2024-06-04T23:47:41.845+0000] {logging_mixin.py:188} INFO - [2024-06-04T23:47:41.844+0000] {dagbag.py:545} INFO - Filling up the DagBag from /home/airflow/.local/lib/python3.12/site-packages/airflow/example_dags/example_time_delta_sensor_async.py
[2024-06-04T23:47:41.855+0000] {processor.py:840} INFO - DAG(s) 'example_time_delta_sensor_async' retrieved from /home/airflow/.local/lib/python3.12/site-packages/airflow/example_dags/example_time_delta_sensor_async.py
[2024-06-04T23:47:41.904+0000] {logging_mixin.py:188} INFO - [2024-06-04T23:47:41.903+0000] {dag.py:3096} INFO - Sync 1 DAGs
[2024-06-04T23:47:41.938+0000] {logging_mixin.py:188} INFO - [2024-06-04T23:47:41.937+0000] {dag.py:3954} INFO - Setting next_dagrun for example_time_delta_sensor_async to None, run_after=None
[2024-06-04T23:47:41.989+0000] {processor.py:183} INFO - Processing /home/airflow/.local/lib/python3.12/site-packages/airflow/example_dags/example_time_delta_sensor_async.py took 0.165 seconds
[2024-06-04T23:48:12.850+0000] {processor.py:161} INFO - Started process (PID=171681) to work on /home/airflow/.local/lib/python3.12/site-packages/airflow/example_dags/example_time_delta_sensor_async.py
[2024-06-04T23:48:12.852+0000] {processor.py:830} INFO - Processing file /home/airflow/.local/lib/python3.12/site-packages/airflow/example_dags/example_time_delta_sensor_async.py for tasks to queue
[2024-06-04T23:48:12.856+0000] {logging_mixin.py:188} INFO - [2024-06-04T23:48:12.855+0000] {dagbag.py:545} INFO - Filling up the DagBag from /home/airflow/.local/lib/python3.12/site-packages/airflow/example_dags/example_time_delta_sensor_async.py
[2024-06-04T23:48:12.867+0000] {processor.py:840} INFO - DAG(s) 'example_time_delta_sensor_async' retrieved from /home/airflow/.local/lib/python3.12/site-packages/airflow/example_dags/example_time_delta_sensor_async.py
[2024-06-04T23:48:12.918+0000] {logging_mixin.py:188} INFO - [2024-06-04T23:48:12.917+0000] {dag.py:3096} INFO - Sync 1 DAGs
[2024-06-04T23:48:12.953+0000] {logging_mixin.py:188} INFO - [2024-06-04T23:48:12.953+0000] {dag.py:3954} INFO - Setting next_dagrun for example_time_delta_sensor_async to None, run_after=None
[2024-06-04T23:48:13.013+0000] {processor.py:183} INFO - Processing /home/airflow/.local/lib/python3.12/site-packages/airflow/example_dags/example_time_delta_sensor_async.py took 0.180 seconds
[2024-06-04T23:48:43.939+0000] {processor.py:161} INFO - Started process (PID=171943) to work on /home/airflow/.local/lib/python3.12/site-packages/airflow/example_dags/example_time_delta_sensor_async.py
[2024-06-04T23:48:43.941+0000] {processor.py:830} INFO - Processing file /home/airflow/.local/lib/python3.12/site-packages/airflow/example_dags/example_time_delta_sensor_async.py for tasks to queue
[2024-06-04T23:48:43.945+0000] {logging_mixin.py:188} INFO - [2024-06-04T23:48:43.944+0000] {dagbag.py:545} INFO - Filling up the DagBag from /home/airflow/.local/lib/python3.12/site-packages/airflow/example_dags/example_time_delta_sensor_async.py
[2024-06-04T23:48:43.954+0000] {processor.py:840} INFO - DAG(s) 'example_time_delta_sensor_async' retrieved from /home/airflow/.local/lib/python3.12/site-packages/airflow/example_dags/example_time_delta_sensor_async.py
[2024-06-04T23:48:44.041+0000] {logging_mixin.py:188} INFO - [2024-06-04T23:48:44.038+0000] {dag.py:3096} INFO - Sync 1 DAGs
[2024-06-04T23:48:44.112+0000] {logging_mixin.py:188} INFO - [2024-06-04T23:48:44.111+0000] {dag.py:3954} INFO - Setting next_dagrun for example_time_delta_sensor_async to None, run_after=None
[2024-06-04T23:48:44.166+0000] {processor.py:183} INFO - Processing /home/airflow/.local/lib/python3.12/site-packages/airflow/example_dags/example_time_delta_sensor_async.py took 0.243 seconds
[2024-06-04T23:49:14.715+0000] {processor.py:161} INFO - Started process (PID=172205) to work on /home/airflow/.local/lib/python3.12/site-packages/airflow/example_dags/example_time_delta_sensor_async.py
[2024-06-04T23:49:14.717+0000] {processor.py:830} INFO - Processing file /home/airflow/.local/lib/python3.12/site-packages/airflow/example_dags/example_time_delta_sensor_async.py for tasks to queue
[2024-06-04T23:49:14.721+0000] {logging_mixin.py:188} INFO - [2024-06-04T23:49:14.720+0000] {dagbag.py:545} INFO - Filling up the DagBag from /home/airflow/.local/lib/python3.12/site-packages/airflow/example_dags/example_time_delta_sensor_async.py
[2024-06-04T23:49:14.730+0000] {processor.py:840} INFO - DAG(s) 'example_time_delta_sensor_async' retrieved from /home/airflow/.local/lib/python3.12/site-packages/airflow/example_dags/example_time_delta_sensor_async.py
[2024-06-04T23:49:14.793+0000] {logging_mixin.py:188} INFO - [2024-06-04T23:49:14.793+0000] {dag.py:3096} INFO - Sync 1 DAGs
[2024-06-04T23:49:14.884+0000] {logging_mixin.py:188} INFO - [2024-06-04T23:49:14.881+0000] {dag.py:3954} INFO - Setting next_dagrun for example_time_delta_sensor_async to None, run_after=None
[2024-06-04T23:49:14.971+0000] {processor.py:183} INFO - Processing /home/airflow/.local/lib/python3.12/site-packages/airflow/example_dags/example_time_delta_sensor_async.py took 0.272 seconds
[2024-06-04T23:49:45.365+0000] {processor.py:161} INFO - Started process (PID=172465) to work on /home/airflow/.local/lib/python3.12/site-packages/airflow/example_dags/example_time_delta_sensor_async.py
[2024-06-04T23:49:45.376+0000] {processor.py:830} INFO - Processing file /home/airflow/.local/lib/python3.12/site-packages/airflow/example_dags/example_time_delta_sensor_async.py for tasks to queue
[2024-06-04T23:49:45.380+0000] {logging_mixin.py:188} INFO - [2024-06-04T23:49:45.379+0000] {dagbag.py:545} INFO - Filling up the DagBag from /home/airflow/.local/lib/python3.12/site-packages/airflow/example_dags/example_time_delta_sensor_async.py
[2024-06-04T23:49:45.397+0000] {processor.py:840} INFO - DAG(s) 'example_time_delta_sensor_async' retrieved from /home/airflow/.local/lib/python3.12/site-packages/airflow/example_dags/example_time_delta_sensor_async.py
[2024-06-04T23:49:45.473+0000] {logging_mixin.py:188} INFO - [2024-06-04T23:49:45.472+0000] {dag.py:3096} INFO - Sync 1 DAGs
[2024-06-04T23:49:45.554+0000] {logging_mixin.py:188} INFO - [2024-06-04T23:49:45.553+0000] {dag.py:3954} INFO - Setting next_dagrun for example_time_delta_sensor_async to None, run_after=None
[2024-06-04T23:49:45.686+0000] {processor.py:183} INFO - Processing /home/airflow/.local/lib/python3.12/site-packages/airflow/example_dags/example_time_delta_sensor_async.py took 0.341 seconds
[2024-06-04T23:50:15.995+0000] {processor.py:161} INFO - Started process (PID=172730) to work on /home/airflow/.local/lib/python3.12/site-packages/airflow/example_dags/example_time_delta_sensor_async.py
[2024-06-04T23:50:15.997+0000] {processor.py:830} INFO - Processing file /home/airflow/.local/lib/python3.12/site-packages/airflow/example_dags/example_time_delta_sensor_async.py for tasks to queue
[2024-06-04T23:50:16.000+0000] {logging_mixin.py:188} INFO - [2024-06-04T23:50:15.999+0000] {dagbag.py:545} INFO - Filling up the DagBag from /home/airflow/.local/lib/python3.12/site-packages/airflow/example_dags/example_time_delta_sensor_async.py
[2024-06-04T23:50:16.008+0000] {processor.py:840} INFO - DAG(s) 'example_time_delta_sensor_async' retrieved from /home/airflow/.local/lib/python3.12/site-packages/airflow/example_dags/example_time_delta_sensor_async.py
[2024-06-04T23:50:16.047+0000] {logging_mixin.py:188} INFO - [2024-06-04T23:50:16.046+0000] {dag.py:3096} INFO - Sync 1 DAGs
[2024-06-04T23:50:16.080+0000] {logging_mixin.py:188} INFO - [2024-06-04T23:50:16.079+0000] {dag.py:3954} INFO - Setting next_dagrun for example_time_delta_sensor_async to None, run_after=None
[2024-06-04T23:50:16.127+0000] {processor.py:183} INFO - Processing /home/airflow/.local/lib/python3.12/site-packages/airflow/example_dags/example_time_delta_sensor_async.py took 0.144 seconds
[2024-06-04T23:50:46.491+0000] {processor.py:161} INFO - Started process (PID=172989) to work on /home/airflow/.local/lib/python3.12/site-packages/airflow/example_dags/example_time_delta_sensor_async.py
[2024-06-04T23:50:46.501+0000] {processor.py:830} INFO - Processing file /home/airflow/.local/lib/python3.12/site-packages/airflow/example_dags/example_time_delta_sensor_async.py for tasks to queue
[2024-06-04T23:50:46.507+0000] {logging_mixin.py:188} INFO - [2024-06-04T23:50:46.506+0000] {dagbag.py:545} INFO - Filling up the DagBag from /home/airflow/.local/lib/python3.12/site-packages/airflow/example_dags/example_time_delta_sensor_async.py
[2024-06-04T23:50:46.517+0000] {processor.py:840} INFO - DAG(s) 'example_time_delta_sensor_async' retrieved from /home/airflow/.local/lib/python3.12/site-packages/airflow/example_dags/example_time_delta_sensor_async.py
[2024-06-04T23:50:46.561+0000] {logging_mixin.py:188} INFO - [2024-06-04T23:50:46.560+0000] {dag.py:3096} INFO - Sync 1 DAGs
[2024-06-04T23:50:46.592+0000] {logging_mixin.py:188} INFO - [2024-06-04T23:50:46.592+0000] {dag.py:3954} INFO - Setting next_dagrun for example_time_delta_sensor_async to None, run_after=None
[2024-06-04T23:50:46.654+0000] {processor.py:183} INFO - Processing /home/airflow/.local/lib/python3.12/site-packages/airflow/example_dags/example_time_delta_sensor_async.py took 0.177 seconds
[2024-06-04T23:51:17.452+0000] {processor.py:161} INFO - Started process (PID=173252) to work on /home/airflow/.local/lib/python3.12/site-packages/airflow/example_dags/example_time_delta_sensor_async.py
[2024-06-04T23:51:17.454+0000] {processor.py:830} INFO - Processing file /home/airflow/.local/lib/python3.12/site-packages/airflow/example_dags/example_time_delta_sensor_async.py for tasks to queue
[2024-06-04T23:51:17.458+0000] {logging_mixin.py:188} INFO - [2024-06-04T23:51:17.458+0000] {dagbag.py:545} INFO - Filling up the DagBag from /home/airflow/.local/lib/python3.12/site-packages/airflow/example_dags/example_time_delta_sensor_async.py
[2024-06-04T23:51:17.469+0000] {processor.py:840} INFO - DAG(s) 'example_time_delta_sensor_async' retrieved from /home/airflow/.local/lib/python3.12/site-packages/airflow/example_dags/example_time_delta_sensor_async.py
[2024-06-04T23:51:17.528+0000] {logging_mixin.py:188} INFO - [2024-06-04T23:51:17.528+0000] {dag.py:3096} INFO - Sync 1 DAGs
[2024-06-04T23:51:17.561+0000] {logging_mixin.py:188} INFO - [2024-06-04T23:51:17.560+0000] {dag.py:3954} INFO - Setting next_dagrun for example_time_delta_sensor_async to None, run_after=None
[2024-06-04T23:51:17.615+0000] {processor.py:183} INFO - Processing /home/airflow/.local/lib/python3.12/site-packages/airflow/example_dags/example_time_delta_sensor_async.py took 0.178 seconds
[2024-06-04T23:51:47.916+0000] {processor.py:161} INFO - Started process (PID=173515) to work on /home/airflow/.local/lib/python3.12/site-packages/airflow/example_dags/example_time_delta_sensor_async.py
[2024-06-04T23:51:47.937+0000] {processor.py:830} INFO - Processing file /home/airflow/.local/lib/python3.12/site-packages/airflow/example_dags/example_time_delta_sensor_async.py for tasks to queue
[2024-06-04T23:51:47.941+0000] {logging_mixin.py:188} INFO - [2024-06-04T23:51:47.941+0000] {dagbag.py:545} INFO - Filling up the DagBag from /home/airflow/.local/lib/python3.12/site-packages/airflow/example_dags/example_time_delta_sensor_async.py
[2024-06-04T23:51:47.953+0000] {processor.py:840} INFO - DAG(s) 'example_time_delta_sensor_async' retrieved from /home/airflow/.local/lib/python3.12/site-packages/airflow/example_dags/example_time_delta_sensor_async.py
[2024-06-04T23:51:48.074+0000] {logging_mixin.py:188} INFO - [2024-06-04T23:51:48.074+0000] {dag.py:3096} INFO - Sync 1 DAGs
[2024-06-04T23:51:48.135+0000] {logging_mixin.py:188} INFO - [2024-06-04T23:51:48.135+0000] {dag.py:3954} INFO - Setting next_dagrun for example_time_delta_sensor_async to None, run_after=None
[2024-06-04T23:51:48.200+0000] {processor.py:183} INFO - Processing /home/airflow/.local/lib/python3.12/site-packages/airflow/example_dags/example_time_delta_sensor_async.py took 0.297 seconds
[2024-06-04T23:52:18.680+0000] {processor.py:161} INFO - Started process (PID=173776) to work on /home/airflow/.local/lib/python3.12/site-packages/airflow/example_dags/example_time_delta_sensor_async.py
[2024-06-04T23:52:18.681+0000] {processor.py:830} INFO - Processing file /home/airflow/.local/lib/python3.12/site-packages/airflow/example_dags/example_time_delta_sensor_async.py for tasks to queue
[2024-06-04T23:52:18.685+0000] {logging_mixin.py:188} INFO - [2024-06-04T23:52:18.684+0000] {dagbag.py:545} INFO - Filling up the DagBag from /home/airflow/.local/lib/python3.12/site-packages/airflow/example_dags/example_time_delta_sensor_async.py
[2024-06-04T23:52:18.695+0000] {processor.py:840} INFO - DAG(s) 'example_time_delta_sensor_async' retrieved from /home/airflow/.local/lib/python3.12/site-packages/airflow/example_dags/example_time_delta_sensor_async.py
[2024-06-04T23:52:18.762+0000] {logging_mixin.py:188} INFO - [2024-06-04T23:52:18.761+0000] {dag.py:3096} INFO - Sync 1 DAGs
[2024-06-04T23:52:18.804+0000] {logging_mixin.py:188} INFO - [2024-06-04T23:52:18.804+0000] {dag.py:3954} INFO - Setting next_dagrun for example_time_delta_sensor_async to None, run_after=None
[2024-06-04T23:52:18.877+0000] {processor.py:183} INFO - Processing /home/airflow/.local/lib/python3.12/site-packages/airflow/example_dags/example_time_delta_sensor_async.py took 0.213 seconds
[2024-06-04T23:52:49.499+0000] {processor.py:161} INFO - Started process (PID=174040) to work on /home/airflow/.local/lib/python3.12/site-packages/airflow/example_dags/example_time_delta_sensor_async.py
[2024-06-04T23:52:49.503+0000] {processor.py:830} INFO - Processing file /home/airflow/.local/lib/python3.12/site-packages/airflow/example_dags/example_time_delta_sensor_async.py for tasks to queue
[2024-06-04T23:52:49.507+0000] {logging_mixin.py:188} INFO - [2024-06-04T23:52:49.506+0000] {dagbag.py:545} INFO - Filling up the DagBag from /home/airflow/.local/lib/python3.12/site-packages/airflow/example_dags/example_time_delta_sensor_async.py
[2024-06-04T23:52:49.528+0000] {processor.py:840} INFO - DAG(s) 'example_time_delta_sensor_async' retrieved from /home/airflow/.local/lib/python3.12/site-packages/airflow/example_dags/example_time_delta_sensor_async.py
[2024-06-04T23:52:49.617+0000] {logging_mixin.py:188} INFO - [2024-06-04T23:52:49.617+0000] {dag.py:3096} INFO - Sync 1 DAGs
[2024-06-04T23:52:49.755+0000] {logging_mixin.py:188} INFO - [2024-06-04T23:52:49.754+0000] {dag.py:3954} INFO - Setting next_dagrun for example_time_delta_sensor_async to None, run_after=None
[2024-06-04T23:52:49.865+0000] {processor.py:183} INFO - Processing /home/airflow/.local/lib/python3.12/site-packages/airflow/example_dags/example_time_delta_sensor_async.py took 0.402 seconds
[2024-06-04T23:53:20.327+0000] {processor.py:161} INFO - Started process (PID=174300) to work on /home/airflow/.local/lib/python3.12/site-packages/airflow/example_dags/example_time_delta_sensor_async.py
[2024-06-04T23:53:20.329+0000] {processor.py:830} INFO - Processing file /home/airflow/.local/lib/python3.12/site-packages/airflow/example_dags/example_time_delta_sensor_async.py for tasks to queue
[2024-06-04T23:53:20.333+0000] {logging_mixin.py:188} INFO - [2024-06-04T23:53:20.332+0000] {dagbag.py:545} INFO - Filling up the DagBag from /home/airflow/.local/lib/python3.12/site-packages/airflow/example_dags/example_time_delta_sensor_async.py
[2024-06-04T23:53:20.342+0000] {processor.py:840} INFO - DAG(s) 'example_time_delta_sensor_async' retrieved from /home/airflow/.local/lib/python3.12/site-packages/airflow/example_dags/example_time_delta_sensor_async.py
[2024-06-04T23:53:20.383+0000] {logging_mixin.py:188} INFO - [2024-06-04T23:53:20.382+0000] {dag.py:3096} INFO - Sync 1 DAGs
[2024-06-04T23:53:20.412+0000] {logging_mixin.py:188} INFO - [2024-06-04T23:53:20.412+0000] {dag.py:3954} INFO - Setting next_dagrun for example_time_delta_sensor_async to None, run_after=None
[2024-06-04T23:53:20.468+0000] {processor.py:183} INFO - Processing /home/airflow/.local/lib/python3.12/site-packages/airflow/example_dags/example_time_delta_sensor_async.py took 0.154 seconds
[2024-06-04T23:53:50.773+0000] {processor.py:161} INFO - Started process (PID=174557) to work on /home/airflow/.local/lib/python3.12/site-packages/airflow/example_dags/example_time_delta_sensor_async.py
[2024-06-04T23:53:50.857+0000] {processor.py:830} INFO - Processing file /home/airflow/.local/lib/python3.12/site-packages/airflow/example_dags/example_time_delta_sensor_async.py for tasks to queue
[2024-06-04T23:53:50.867+0000] {logging_mixin.py:188} INFO - [2024-06-04T23:53:50.865+0000] {dagbag.py:545} INFO - Filling up the DagBag from /home/airflow/.local/lib/python3.12/site-packages/airflow/example_dags/example_time_delta_sensor_async.py
[2024-06-04T23:53:50.891+0000] {processor.py:840} INFO - DAG(s) 'example_time_delta_sensor_async' retrieved from /home/airflow/.local/lib/python3.12/site-packages/airflow/example_dags/example_time_delta_sensor_async.py
[2024-06-04T23:53:50.948+0000] {logging_mixin.py:188} INFO - [2024-06-04T23:53:50.948+0000] {dag.py:3096} INFO - Sync 1 DAGs
[2024-06-04T23:53:50.987+0000] {logging_mixin.py:188} INFO - [2024-06-04T23:53:50.987+0000] {dag.py:3954} INFO - Setting next_dagrun for example_time_delta_sensor_async to None, run_after=None
[2024-06-04T23:53:51.221+0000] {processor.py:183} INFO - Processing /home/airflow/.local/lib/python3.12/site-packages/airflow/example_dags/example_time_delta_sensor_async.py took 0.460 seconds
[2024-06-04T23:54:21.393+0000] {processor.py:161} INFO - Started process (PID=174815) to work on /home/airflow/.local/lib/python3.12/site-packages/airflow/example_dags/example_time_delta_sensor_async.py
[2024-06-04T23:54:21.399+0000] {processor.py:830} INFO - Processing file /home/airflow/.local/lib/python3.12/site-packages/airflow/example_dags/example_time_delta_sensor_async.py for tasks to queue
[2024-06-04T23:54:21.402+0000] {logging_mixin.py:188} INFO - [2024-06-04T23:54:21.402+0000] {dagbag.py:545} INFO - Filling up the DagBag from /home/airflow/.local/lib/python3.12/site-packages/airflow/example_dags/example_time_delta_sensor_async.py
[2024-06-04T23:54:21.410+0000] {processor.py:840} INFO - DAG(s) 'example_time_delta_sensor_async' retrieved from /home/airflow/.local/lib/python3.12/site-packages/airflow/example_dags/example_time_delta_sensor_async.py
[2024-06-04T23:54:21.444+0000] {logging_mixin.py:188} INFO - [2024-06-04T23:54:21.443+0000] {dag.py:3096} INFO - Sync 1 DAGs
[2024-06-04T23:54:21.467+0000] {logging_mixin.py:188} INFO - [2024-06-04T23:54:21.467+0000] {dag.py:3954} INFO - Setting next_dagrun for example_time_delta_sensor_async to None, run_after=None
[2024-06-04T23:54:21.507+0000] {processor.py:183} INFO - Processing /home/airflow/.local/lib/python3.12/site-packages/airflow/example_dags/example_time_delta_sensor_async.py took 0.125 seconds
[2024-06-04T23:54:52.227+0000] {processor.py:161} INFO - Started process (PID=175080) to work on /home/airflow/.local/lib/python3.12/site-packages/airflow/example_dags/example_time_delta_sensor_async.py
[2024-06-04T23:54:52.229+0000] {processor.py:830} INFO - Processing file /home/airflow/.local/lib/python3.12/site-packages/airflow/example_dags/example_time_delta_sensor_async.py for tasks to queue
[2024-06-04T23:54:52.234+0000] {logging_mixin.py:188} INFO - [2024-06-04T23:54:52.233+0000] {dagbag.py:545} INFO - Filling up the DagBag from /home/airflow/.local/lib/python3.12/site-packages/airflow/example_dags/example_time_delta_sensor_async.py
[2024-06-04T23:54:52.259+0000] {processor.py:840} INFO - DAG(s) 'example_time_delta_sensor_async' retrieved from /home/airflow/.local/lib/python3.12/site-packages/airflow/example_dags/example_time_delta_sensor_async.py
[2024-06-04T23:54:52.355+0000] {logging_mixin.py:188} INFO - [2024-06-04T23:54:52.354+0000] {dag.py:3096} INFO - Sync 1 DAGs
[2024-06-04T23:54:52.413+0000] {logging_mixin.py:188} INFO - [2024-06-04T23:54:52.412+0000] {dag.py:3954} INFO - Setting next_dagrun for example_time_delta_sensor_async to None, run_after=None
[2024-06-04T23:54:52.514+0000] {processor.py:183} INFO - Processing /home/airflow/.local/lib/python3.12/site-packages/airflow/example_dags/example_time_delta_sensor_async.py took 0.308 seconds
[2024-06-04T23:55:23.202+0000] {processor.py:161} INFO - Started process (PID=175349) to work on /home/airflow/.local/lib/python3.12/site-packages/airflow/example_dags/example_time_delta_sensor_async.py
[2024-06-04T23:55:23.226+0000] {processor.py:830} INFO - Processing file /home/airflow/.local/lib/python3.12/site-packages/airflow/example_dags/example_time_delta_sensor_async.py for tasks to queue
[2024-06-04T23:55:23.230+0000] {logging_mixin.py:188} INFO - [2024-06-04T23:55:23.229+0000] {dagbag.py:545} INFO - Filling up the DagBag from /home/airflow/.local/lib/python3.12/site-packages/airflow/example_dags/example_time_delta_sensor_async.py
[2024-06-04T23:55:23.239+0000] {processor.py:840} INFO - DAG(s) 'example_time_delta_sensor_async' retrieved from /home/airflow/.local/lib/python3.12/site-packages/airflow/example_dags/example_time_delta_sensor_async.py
[2024-06-04T23:55:23.280+0000] {logging_mixin.py:188} INFO - [2024-06-04T23:55:23.280+0000] {dag.py:3096} INFO - Sync 1 DAGs
[2024-06-04T23:55:23.307+0000] {logging_mixin.py:188} INFO - [2024-06-04T23:55:23.307+0000] {dag.py:3954} INFO - Setting next_dagrun for example_time_delta_sensor_async to None, run_after=None
[2024-06-04T23:55:23.374+0000] {processor.py:183} INFO - Processing /home/airflow/.local/lib/python3.12/site-packages/airflow/example_dags/example_time_delta_sensor_async.py took 0.184 seconds
[2024-06-04T23:55:54.180+0000] {processor.py:161} INFO - Started process (PID=175611) to work on /home/airflow/.local/lib/python3.12/site-packages/airflow/example_dags/example_time_delta_sensor_async.py
[2024-06-04T23:55:54.182+0000] {processor.py:830} INFO - Processing file /home/airflow/.local/lib/python3.12/site-packages/airflow/example_dags/example_time_delta_sensor_async.py for tasks to queue
[2024-06-04T23:55:54.191+0000] {logging_mixin.py:188} INFO - [2024-06-04T23:55:54.190+0000] {dagbag.py:545} INFO - Filling up the DagBag from /home/airflow/.local/lib/python3.12/site-packages/airflow/example_dags/example_time_delta_sensor_async.py
[2024-06-04T23:55:54.209+0000] {processor.py:840} INFO - DAG(s) 'example_time_delta_sensor_async' retrieved from /home/airflow/.local/lib/python3.12/site-packages/airflow/example_dags/example_time_delta_sensor_async.py
[2024-06-04T23:55:54.296+0000] {logging_mixin.py:188} INFO - [2024-06-04T23:55:54.295+0000] {dag.py:3096} INFO - Sync 1 DAGs
[2024-06-04T23:55:54.387+0000] {logging_mixin.py:188} INFO - [2024-06-04T23:55:54.385+0000] {dag.py:3954} INFO - Setting next_dagrun for example_time_delta_sensor_async to None, run_after=None
[2024-06-04T23:55:54.478+0000] {processor.py:183} INFO - Processing /home/airflow/.local/lib/python3.12/site-packages/airflow/example_dags/example_time_delta_sensor_async.py took 0.328 seconds
[2024-06-04T23:56:25.126+0000] {processor.py:161} INFO - Started process (PID=175873) to work on /home/airflow/.local/lib/python3.12/site-packages/airflow/example_dags/example_time_delta_sensor_async.py
[2024-06-04T23:56:25.128+0000] {processor.py:830} INFO - Processing file /home/airflow/.local/lib/python3.12/site-packages/airflow/example_dags/example_time_delta_sensor_async.py for tasks to queue
[2024-06-04T23:56:25.132+0000] {logging_mixin.py:188} INFO - [2024-06-04T23:56:25.131+0000] {dagbag.py:545} INFO - Filling up the DagBag from /home/airflow/.local/lib/python3.12/site-packages/airflow/example_dags/example_time_delta_sensor_async.py
[2024-06-04T23:56:25.143+0000] {processor.py:840} INFO - DAG(s) 'example_time_delta_sensor_async' retrieved from /home/airflow/.local/lib/python3.12/site-packages/airflow/example_dags/example_time_delta_sensor_async.py
[2024-06-04T23:56:25.190+0000] {logging_mixin.py:188} INFO - [2024-06-04T23:56:25.189+0000] {dag.py:3096} INFO - Sync 1 DAGs
[2024-06-04T23:56:25.224+0000] {logging_mixin.py:188} INFO - [2024-06-04T23:56:25.224+0000] {dag.py:3954} INFO - Setting next_dagrun for example_time_delta_sensor_async to None, run_after=None
[2024-06-04T23:56:25.306+0000] {processor.py:183} INFO - Processing /home/airflow/.local/lib/python3.12/site-packages/airflow/example_dags/example_time_delta_sensor_async.py took 0.194 seconds
[2024-06-04T23:56:55.548+0000] {processor.py:161} INFO - Started process (PID=176134) to work on /home/airflow/.local/lib/python3.12/site-packages/airflow/example_dags/example_time_delta_sensor_async.py
[2024-06-04T23:56:55.552+0000] {processor.py:830} INFO - Processing file /home/airflow/.local/lib/python3.12/site-packages/airflow/example_dags/example_time_delta_sensor_async.py for tasks to queue
[2024-06-04T23:56:55.555+0000] {logging_mixin.py:188} INFO - [2024-06-04T23:56:55.554+0000] {dagbag.py:545} INFO - Filling up the DagBag from /home/airflow/.local/lib/python3.12/site-packages/airflow/example_dags/example_time_delta_sensor_async.py
[2024-06-04T23:56:55.573+0000] {processor.py:840} INFO - DAG(s) 'example_time_delta_sensor_async' retrieved from /home/airflow/.local/lib/python3.12/site-packages/airflow/example_dags/example_time_delta_sensor_async.py
[2024-06-04T23:56:55.631+0000] {logging_mixin.py:188} INFO - [2024-06-04T23:56:55.631+0000] {dag.py:3096} INFO - Sync 1 DAGs
[2024-06-04T23:56:55.664+0000] {logging_mixin.py:188} INFO - [2024-06-04T23:56:55.664+0000] {dag.py:3954} INFO - Setting next_dagrun for example_time_delta_sensor_async to None, run_after=None
[2024-06-04T23:56:55.725+0000] {processor.py:183} INFO - Processing /home/airflow/.local/lib/python3.12/site-packages/airflow/example_dags/example_time_delta_sensor_async.py took 0.192 seconds
[2024-06-04T23:57:25.958+0000] {processor.py:161} INFO - Started process (PID=176396) to work on /home/airflow/.local/lib/python3.12/site-packages/airflow/example_dags/example_time_delta_sensor_async.py
[2024-06-04T23:57:25.961+0000] {processor.py:830} INFO - Processing file /home/airflow/.local/lib/python3.12/site-packages/airflow/example_dags/example_time_delta_sensor_async.py for tasks to queue
[2024-06-04T23:57:25.966+0000] {logging_mixin.py:188} INFO - [2024-06-04T23:57:25.965+0000] {dagbag.py:545} INFO - Filling up the DagBag from /home/airflow/.local/lib/python3.12/site-packages/airflow/example_dags/example_time_delta_sensor_async.py
[2024-06-04T23:57:25.976+0000] {processor.py:840} INFO - DAG(s) 'example_time_delta_sensor_async' retrieved from /home/airflow/.local/lib/python3.12/site-packages/airflow/example_dags/example_time_delta_sensor_async.py
[2024-06-04T23:57:26.035+0000] {logging_mixin.py:188} INFO - [2024-06-04T23:57:26.034+0000] {dag.py:3096} INFO - Sync 1 DAGs
[2024-06-04T23:57:26.167+0000] {logging_mixin.py:188} INFO - [2024-06-04T23:57:26.164+0000] {dag.py:3954} INFO - Setting next_dagrun for example_time_delta_sensor_async to None, run_after=None
[2024-06-04T23:57:26.232+0000] {processor.py:183} INFO - Processing /home/airflow/.local/lib/python3.12/site-packages/airflow/example_dags/example_time_delta_sensor_async.py took 0.287 seconds
[2024-06-04T23:57:56.319+0000] {processor.py:161} INFO - Started process (PID=176655) to work on /home/airflow/.local/lib/python3.12/site-packages/airflow/example_dags/example_time_delta_sensor_async.py
[2024-06-04T23:57:56.320+0000] {processor.py:830} INFO - Processing file /home/airflow/.local/lib/python3.12/site-packages/airflow/example_dags/example_time_delta_sensor_async.py for tasks to queue
[2024-06-04T23:57:56.323+0000] {logging_mixin.py:188} INFO - [2024-06-04T23:57:56.323+0000] {dagbag.py:545} INFO - Filling up the DagBag from /home/airflow/.local/lib/python3.12/site-packages/airflow/example_dags/example_time_delta_sensor_async.py
[2024-06-04T23:57:56.332+0000] {processor.py:840} INFO - DAG(s) 'example_time_delta_sensor_async' retrieved from /home/airflow/.local/lib/python3.12/site-packages/airflow/example_dags/example_time_delta_sensor_async.py
[2024-06-04T23:57:56.380+0000] {logging_mixin.py:188} INFO - [2024-06-04T23:57:56.380+0000] {dag.py:3096} INFO - Sync 1 DAGs
[2024-06-04T23:57:56.410+0000] {logging_mixin.py:188} INFO - [2024-06-04T23:57:56.409+0000] {dag.py:3954} INFO - Setting next_dagrun for example_time_delta_sensor_async to None, run_after=None
[2024-06-04T23:57:56.457+0000] {processor.py:183} INFO - Processing /home/airflow/.local/lib/python3.12/site-packages/airflow/example_dags/example_time_delta_sensor_async.py took 0.150 seconds
[2024-06-04T23:58:26.590+0000] {processor.py:161} INFO - Started process (PID=176916) to work on /home/airflow/.local/lib/python3.12/site-packages/airflow/example_dags/example_time_delta_sensor_async.py
[2024-06-04T23:58:26.592+0000] {processor.py:830} INFO - Processing file /home/airflow/.local/lib/python3.12/site-packages/airflow/example_dags/example_time_delta_sensor_async.py for tasks to queue
[2024-06-04T23:58:26.596+0000] {logging_mixin.py:188} INFO - [2024-06-04T23:58:26.595+0000] {dagbag.py:545} INFO - Filling up the DagBag from /home/airflow/.local/lib/python3.12/site-packages/airflow/example_dags/example_time_delta_sensor_async.py
[2024-06-04T23:58:26.604+0000] {processor.py:840} INFO - DAG(s) 'example_time_delta_sensor_async' retrieved from /home/airflow/.local/lib/python3.12/site-packages/airflow/example_dags/example_time_delta_sensor_async.py
[2024-06-04T23:58:26.646+0000] {logging_mixin.py:188} INFO - [2024-06-04T23:58:26.645+0000] {dag.py:3096} INFO - Sync 1 DAGs
[2024-06-04T23:58:26.676+0000] {logging_mixin.py:188} INFO - [2024-06-04T23:58:26.675+0000] {dag.py:3954} INFO - Setting next_dagrun for example_time_delta_sensor_async to None, run_after=None
[2024-06-04T23:58:26.731+0000] {processor.py:183} INFO - Processing /home/airflow/.local/lib/python3.12/site-packages/airflow/example_dags/example_time_delta_sensor_async.py took 0.153 seconds
[2024-06-04T23:58:56.893+0000] {processor.py:161} INFO - Started process (PID=177177) to work on /home/airflow/.local/lib/python3.12/site-packages/airflow/example_dags/example_time_delta_sensor_async.py
[2024-06-04T23:58:56.894+0000] {processor.py:830} INFO - Processing file /home/airflow/.local/lib/python3.12/site-packages/airflow/example_dags/example_time_delta_sensor_async.py for tasks to queue
[2024-06-04T23:58:56.897+0000] {logging_mixin.py:188} INFO - [2024-06-04T23:58:56.896+0000] {dagbag.py:545} INFO - Filling up the DagBag from /home/airflow/.local/lib/python3.12/site-packages/airflow/example_dags/example_time_delta_sensor_async.py
[2024-06-04T23:58:56.904+0000] {processor.py:840} INFO - DAG(s) 'example_time_delta_sensor_async' retrieved from /home/airflow/.local/lib/python3.12/site-packages/airflow/example_dags/example_time_delta_sensor_async.py
[2024-06-04T23:58:56.943+0000] {logging_mixin.py:188} INFO - [2024-06-04T23:58:56.943+0000] {dag.py:3096} INFO - Sync 1 DAGs
[2024-06-04T23:58:56.972+0000] {logging_mixin.py:188} INFO - [2024-06-04T23:58:56.972+0000] {dag.py:3954} INFO - Setting next_dagrun for example_time_delta_sensor_async to None, run_after=None
[2024-06-04T23:58:57.019+0000] {processor.py:183} INFO - Processing /home/airflow/.local/lib/python3.12/site-packages/airflow/example_dags/example_time_delta_sensor_async.py took 0.136 seconds
[2024-06-04T23:59:27.415+0000] {processor.py:161} INFO - Started process (PID=177437) to work on /home/airflow/.local/lib/python3.12/site-packages/airflow/example_dags/example_time_delta_sensor_async.py
[2024-06-04T23:59:27.417+0000] {processor.py:830} INFO - Processing file /home/airflow/.local/lib/python3.12/site-packages/airflow/example_dags/example_time_delta_sensor_async.py for tasks to queue
[2024-06-04T23:59:27.420+0000] {logging_mixin.py:188} INFO - [2024-06-04T23:59:27.419+0000] {dagbag.py:545} INFO - Filling up the DagBag from /home/airflow/.local/lib/python3.12/site-packages/airflow/example_dags/example_time_delta_sensor_async.py
[2024-06-04T23:59:27.428+0000] {processor.py:840} INFO - DAG(s) 'example_time_delta_sensor_async' retrieved from /home/airflow/.local/lib/python3.12/site-packages/airflow/example_dags/example_time_delta_sensor_async.py
[2024-06-04T23:59:27.468+0000] {logging_mixin.py:188} INFO - [2024-06-04T23:59:27.467+0000] {dag.py:3096} INFO - Sync 1 DAGs
[2024-06-04T23:59:27.493+0000] {logging_mixin.py:188} INFO - [2024-06-04T23:59:27.492+0000] {dag.py:3954} INFO - Setting next_dagrun for example_time_delta_sensor_async to None, run_after=None
[2024-06-04T23:59:27.558+0000] {processor.py:183} INFO - Processing /home/airflow/.local/lib/python3.12/site-packages/airflow/example_dags/example_time_delta_sensor_async.py took 0.155 seconds
[2024-06-04T23:59:58.692+0000] {processor.py:161} INFO - Started process (PID=177698) to work on /home/airflow/.local/lib/python3.12/site-packages/airflow/example_dags/example_time_delta_sensor_async.py
[2024-06-04T23:59:58.694+0000] {processor.py:830} INFO - Processing file /home/airflow/.local/lib/python3.12/site-packages/airflow/example_dags/example_time_delta_sensor_async.py for tasks to queue
[2024-06-04T23:59:58.698+0000] {logging_mixin.py:188} INFO - [2024-06-04T23:59:58.697+0000] {dagbag.py:545} INFO - Filling up the DagBag from /home/airflow/.local/lib/python3.12/site-packages/airflow/example_dags/example_time_delta_sensor_async.py
[2024-06-04T23:59:58.707+0000] {processor.py:840} INFO - DAG(s) 'example_time_delta_sensor_async' retrieved from /home/airflow/.local/lib/python3.12/site-packages/airflow/example_dags/example_time_delta_sensor_async.py
[2024-06-04T23:59:58.750+0000] {logging_mixin.py:188} INFO - [2024-06-04T23:59:58.750+0000] {dag.py:3096} INFO - Sync 1 DAGs
[2024-06-04T23:59:58.779+0000] {logging_mixin.py:188} INFO - [2024-06-04T23:59:58.779+0000] {dag.py:3954} INFO - Setting next_dagrun for example_time_delta_sensor_async to None, run_after=None
[2024-06-04T23:59:58.814+0000] {processor.py:183} INFO - Processing /home/airflow/.local/lib/python3.12/site-packages/airflow/example_dags/example_time_delta_sensor_async.py took 0.133 seconds
