[2024-06-04T23:43:58.442+0000] {processor.py:161} INFO - Started process (PID=169539) to work on /home/airflow/.local/lib/python3.12/site-packages/airflow/example_dags/example_python_decorator.py
[2024-06-04T23:43:58.446+0000] {processor.py:830} INFO - Processing file /home/airflow/.local/lib/python3.12/site-packages/airflow/example_dags/example_python_decorator.py for tasks to queue
[2024-06-04T23:43:58.453+0000] {logging_mixin.py:188} INFO - [2024-06-04T23:43:58.452+0000] {dagbag.py:545} INFO - Filling up the DagBag from /home/airflow/.local/lib/python3.12/site-packages/airflow/example_dags/example_python_decorator.py
[2024-06-04T23:43:58.613+0000] {processor.py:840} INFO - DAG(s) 'example_python_decorator' retrieved from /home/airflow/.local/lib/python3.12/site-packages/airflow/example_dags/example_python_decorator.py
[2024-06-04T23:43:58.802+0000] {logging_mixin.py:188} INFO - [2024-06-04T23:43:58.801+0000] {dag.py:3096} INFO - Sync 1 DAGs
[2024-06-04T23:43:58.917+0000] {logging_mixin.py:188} INFO - [2024-06-04T23:43:58.916+0000] {dag.py:3954} INFO - Setting next_dagrun for example_python_decorator to None, run_after=None
[2024-06-04T23:43:59.569+0000] {processor.py:183} INFO - Processing /home/airflow/.local/lib/python3.12/site-packages/airflow/example_dags/example_python_decorator.py took 1.172 seconds
[2024-06-04T23:44:29.886+0000] {processor.py:161} INFO - Started process (PID=169801) to work on /home/airflow/.local/lib/python3.12/site-packages/airflow/example_dags/example_python_decorator.py
[2024-06-04T23:44:29.906+0000] {processor.py:830} INFO - Processing file /home/airflow/.local/lib/python3.12/site-packages/airflow/example_dags/example_python_decorator.py for tasks to queue
[2024-06-04T23:44:29.916+0000] {logging_mixin.py:188} INFO - [2024-06-04T23:44:29.915+0000] {dagbag.py:545} INFO - Filling up the DagBag from /home/airflow/.local/lib/python3.12/site-packages/airflow/example_dags/example_python_decorator.py
[2024-06-04T23:44:30.011+0000] {processor.py:840} INFO - DAG(s) 'example_python_decorator' retrieved from /home/airflow/.local/lib/python3.12/site-packages/airflow/example_dags/example_python_decorator.py
[2024-06-04T23:44:30.192+0000] {logging_mixin.py:188} INFO - [2024-06-04T23:44:30.192+0000] {dag.py:3096} INFO - Sync 1 DAGs
[2024-06-04T23:44:30.279+0000] {logging_mixin.py:188} INFO - [2024-06-04T23:44:30.278+0000] {dag.py:3954} INFO - Setting next_dagrun for example_python_decorator to None, run_after=None
[2024-06-04T23:44:30.454+0000] {processor.py:183} INFO - Processing /home/airflow/.local/lib/python3.12/site-packages/airflow/example_dags/example_python_decorator.py took 0.605 seconds
[2024-06-04T23:45:00.841+0000] {processor.py:161} INFO - Started process (PID=170063) to work on /home/airflow/.local/lib/python3.12/site-packages/airflow/example_dags/example_python_decorator.py
[2024-06-04T23:45:00.844+0000] {processor.py:830} INFO - Processing file /home/airflow/.local/lib/python3.12/site-packages/airflow/example_dags/example_python_decorator.py for tasks to queue
[2024-06-04T23:45:00.848+0000] {logging_mixin.py:188} INFO - [2024-06-04T23:45:00.847+0000] {dagbag.py:545} INFO - Filling up the DagBag from /home/airflow/.local/lib/python3.12/site-packages/airflow/example_dags/example_python_decorator.py
[2024-06-04T23:45:00.884+0000] {processor.py:840} INFO - DAG(s) 'example_python_decorator' retrieved from /home/airflow/.local/lib/python3.12/site-packages/airflow/example_dags/example_python_decorator.py
[2024-06-04T23:45:00.945+0000] {logging_mixin.py:188} INFO - [2024-06-04T23:45:00.944+0000] {dag.py:3096} INFO - Sync 1 DAGs
[2024-06-04T23:45:00.988+0000] {logging_mixin.py:188} INFO - [2024-06-04T23:45:00.986+0000] {dag.py:3954} INFO - Setting next_dagrun for example_python_decorator to None, run_after=None
[2024-06-04T23:45:01.074+0000] {processor.py:183} INFO - Processing /home/airflow/.local/lib/python3.12/site-packages/airflow/example_dags/example_python_decorator.py took 0.246 seconds
[2024-06-04T23:45:31.269+0000] {processor.py:161} INFO - Started process (PID=170325) to work on /home/airflow/.local/lib/python3.12/site-packages/airflow/example_dags/example_python_decorator.py
[2024-06-04T23:45:31.291+0000] {processor.py:830} INFO - Processing file /home/airflow/.local/lib/python3.12/site-packages/airflow/example_dags/example_python_decorator.py for tasks to queue
[2024-06-04T23:45:31.294+0000] {logging_mixin.py:188} INFO - [2024-06-04T23:45:31.293+0000] {dagbag.py:545} INFO - Filling up the DagBag from /home/airflow/.local/lib/python3.12/site-packages/airflow/example_dags/example_python_decorator.py
[2024-06-04T23:45:31.339+0000] {processor.py:840} INFO - DAG(s) 'example_python_decorator' retrieved from /home/airflow/.local/lib/python3.12/site-packages/airflow/example_dags/example_python_decorator.py
[2024-06-04T23:45:31.400+0000] {logging_mixin.py:188} INFO - [2024-06-04T23:45:31.399+0000] {dag.py:3096} INFO - Sync 1 DAGs
[2024-06-04T23:45:31.432+0000] {logging_mixin.py:188} INFO - [2024-06-04T23:45:31.431+0000] {dag.py:3954} INFO - Setting next_dagrun for example_python_decorator to None, run_after=None
[2024-06-04T23:45:31.505+0000] {processor.py:183} INFO - Processing /home/airflow/.local/lib/python3.12/site-packages/airflow/example_dags/example_python_decorator.py took 0.254 seconds
[2024-06-04T23:46:03.467+0000] {processor.py:161} INFO - Started process (PID=170585) to work on /home/airflow/.local/lib/python3.12/site-packages/airflow/example_dags/example_python_decorator.py
[2024-06-04T23:46:03.482+0000] {processor.py:830} INFO - Processing file /home/airflow/.local/lib/python3.12/site-packages/airflow/example_dags/example_python_decorator.py for tasks to queue
[2024-06-04T23:46:03.486+0000] {logging_mixin.py:188} INFO - [2024-06-04T23:46:03.485+0000] {dagbag.py:545} INFO - Filling up the DagBag from /home/airflow/.local/lib/python3.12/site-packages/airflow/example_dags/example_python_decorator.py
[2024-06-04T23:46:03.586+0000] {processor.py:840} INFO - DAG(s) 'example_python_decorator' retrieved from /home/airflow/.local/lib/python3.12/site-packages/airflow/example_dags/example_python_decorator.py
[2024-06-04T23:46:03.752+0000] {logging_mixin.py:188} INFO - [2024-06-04T23:46:03.749+0000] {dag.py:3096} INFO - Sync 1 DAGs
[2024-06-04T23:46:03.889+0000] {logging_mixin.py:188} INFO - [2024-06-04T23:46:03.882+0000] {dag.py:3954} INFO - Setting next_dagrun for example_python_decorator to None, run_after=None
[2024-06-04T23:46:04.146+0000] {processor.py:183} INFO - Processing /home/airflow/.local/lib/python3.12/site-packages/airflow/example_dags/example_python_decorator.py took 0.744 seconds
[2024-06-04T23:46:34.392+0000] {processor.py:161} INFO - Started process (PID=170849) to work on /home/airflow/.local/lib/python3.12/site-packages/airflow/example_dags/example_python_decorator.py
[2024-06-04T23:46:34.393+0000] {processor.py:830} INFO - Processing file /home/airflow/.local/lib/python3.12/site-packages/airflow/example_dags/example_python_decorator.py for tasks to queue
[2024-06-04T23:46:34.396+0000] {logging_mixin.py:188} INFO - [2024-06-04T23:46:34.395+0000] {dagbag.py:545} INFO - Filling up the DagBag from /home/airflow/.local/lib/python3.12/site-packages/airflow/example_dags/example_python_decorator.py
[2024-06-04T23:46:34.418+0000] {processor.py:840} INFO - DAG(s) 'example_python_decorator' retrieved from /home/airflow/.local/lib/python3.12/site-packages/airflow/example_dags/example_python_decorator.py
[2024-06-04T23:46:34.461+0000] {logging_mixin.py:188} INFO - [2024-06-04T23:46:34.461+0000] {dag.py:3096} INFO - Sync 1 DAGs
[2024-06-04T23:46:34.488+0000] {logging_mixin.py:188} INFO - [2024-06-04T23:46:34.487+0000] {dag.py:3954} INFO - Setting next_dagrun for example_python_decorator to None, run_after=None
[2024-06-04T23:46:34.528+0000] {processor.py:183} INFO - Processing /home/airflow/.local/lib/python3.12/site-packages/airflow/example_dags/example_python_decorator.py took 0.146 seconds
[2024-06-04T23:47:04.717+0000] {processor.py:161} INFO - Started process (PID=171108) to work on /home/airflow/.local/lib/python3.12/site-packages/airflow/example_dags/example_python_decorator.py
[2024-06-04T23:47:04.729+0000] {processor.py:830} INFO - Processing file /home/airflow/.local/lib/python3.12/site-packages/airflow/example_dags/example_python_decorator.py for tasks to queue
[2024-06-04T23:47:04.732+0000] {logging_mixin.py:188} INFO - [2024-06-04T23:47:04.731+0000] {dagbag.py:545} INFO - Filling up the DagBag from /home/airflow/.local/lib/python3.12/site-packages/airflow/example_dags/example_python_decorator.py
[2024-06-04T23:47:04.779+0000] {processor.py:840} INFO - DAG(s) 'example_python_decorator' retrieved from /home/airflow/.local/lib/python3.12/site-packages/airflow/example_dags/example_python_decorator.py
[2024-06-04T23:47:04.856+0000] {logging_mixin.py:188} INFO - [2024-06-04T23:47:04.856+0000] {dag.py:3096} INFO - Sync 1 DAGs
[2024-06-04T23:47:04.890+0000] {logging_mixin.py:188} INFO - [2024-06-04T23:47:04.889+0000] {dag.py:3954} INFO - Setting next_dagrun for example_python_decorator to None, run_after=None
[2024-06-04T23:47:04.959+0000] {processor.py:183} INFO - Processing /home/airflow/.local/lib/python3.12/site-packages/airflow/example_dags/example_python_decorator.py took 0.273 seconds
[2024-06-04T23:47:35.144+0000] {processor.py:161} INFO - Started process (PID=171369) to work on /home/airflow/.local/lib/python3.12/site-packages/airflow/example_dags/example_python_decorator.py
[2024-06-04T23:47:35.145+0000] {processor.py:830} INFO - Processing file /home/airflow/.local/lib/python3.12/site-packages/airflow/example_dags/example_python_decorator.py for tasks to queue
[2024-06-04T23:47:35.149+0000] {logging_mixin.py:188} INFO - [2024-06-04T23:47:35.148+0000] {dagbag.py:545} INFO - Filling up the DagBag from /home/airflow/.local/lib/python3.12/site-packages/airflow/example_dags/example_python_decorator.py
[2024-06-04T23:47:35.178+0000] {processor.py:840} INFO - DAG(s) 'example_python_decorator' retrieved from /home/airflow/.local/lib/python3.12/site-packages/airflow/example_dags/example_python_decorator.py
[2024-06-04T23:47:35.231+0000] {logging_mixin.py:188} INFO - [2024-06-04T23:47:35.230+0000] {dag.py:3096} INFO - Sync 1 DAGs
[2024-06-04T23:47:35.259+0000] {logging_mixin.py:188} INFO - [2024-06-04T23:47:35.258+0000] {dag.py:3954} INFO - Setting next_dagrun for example_python_decorator to None, run_after=None
[2024-06-04T23:47:35.308+0000] {processor.py:183} INFO - Processing /home/airflow/.local/lib/python3.12/site-packages/airflow/example_dags/example_python_decorator.py took 0.177 seconds
[2024-06-04T23:48:06.326+0000] {processor.py:161} INFO - Started process (PID=171631) to work on /home/airflow/.local/lib/python3.12/site-packages/airflow/example_dags/example_python_decorator.py
[2024-06-04T23:48:06.328+0000] {processor.py:830} INFO - Processing file /home/airflow/.local/lib/python3.12/site-packages/airflow/example_dags/example_python_decorator.py for tasks to queue
[2024-06-04T23:48:06.331+0000] {logging_mixin.py:188} INFO - [2024-06-04T23:48:06.330+0000] {dagbag.py:545} INFO - Filling up the DagBag from /home/airflow/.local/lib/python3.12/site-packages/airflow/example_dags/example_python_decorator.py
[2024-06-04T23:48:06.360+0000] {processor.py:840} INFO - DAG(s) 'example_python_decorator' retrieved from /home/airflow/.local/lib/python3.12/site-packages/airflow/example_dags/example_python_decorator.py
[2024-06-04T23:48:06.416+0000] {logging_mixin.py:188} INFO - [2024-06-04T23:48:06.415+0000] {dag.py:3096} INFO - Sync 1 DAGs
[2024-06-04T23:48:06.445+0000] {logging_mixin.py:188} INFO - [2024-06-04T23:48:06.444+0000] {dag.py:3954} INFO - Setting next_dagrun for example_python_decorator to None, run_after=None
[2024-06-04T23:48:06.559+0000] {processor.py:183} INFO - Processing /home/airflow/.local/lib/python3.12/site-packages/airflow/example_dags/example_python_decorator.py took 0.268 seconds
[2024-06-04T23:48:37.451+0000] {processor.py:161} INFO - Started process (PID=171893) to work on /home/airflow/.local/lib/python3.12/site-packages/airflow/example_dags/example_python_decorator.py
[2024-06-04T23:48:37.462+0000] {processor.py:830} INFO - Processing file /home/airflow/.local/lib/python3.12/site-packages/airflow/example_dags/example_python_decorator.py for tasks to queue
[2024-06-04T23:48:37.467+0000] {logging_mixin.py:188} INFO - [2024-06-04T23:48:37.466+0000] {dagbag.py:545} INFO - Filling up the DagBag from /home/airflow/.local/lib/python3.12/site-packages/airflow/example_dags/example_python_decorator.py
[2024-06-04T23:48:37.507+0000] {processor.py:840} INFO - DAG(s) 'example_python_decorator' retrieved from /home/airflow/.local/lib/python3.12/site-packages/airflow/example_dags/example_python_decorator.py
[2024-06-04T23:48:37.547+0000] {logging_mixin.py:188} INFO - [2024-06-04T23:48:37.546+0000] {dag.py:3096} INFO - Sync 1 DAGs
[2024-06-04T23:48:37.575+0000] {logging_mixin.py:188} INFO - [2024-06-04T23:48:37.574+0000] {dag.py:3954} INFO - Setting next_dagrun for example_python_decorator to None, run_after=None
[2024-06-04T23:48:37.641+0000] {processor.py:183} INFO - Processing /home/airflow/.local/lib/python3.12/site-packages/airflow/example_dags/example_python_decorator.py took 0.211 seconds
[2024-06-04T23:49:07.861+0000] {processor.py:161} INFO - Started process (PID=172155) to work on /home/airflow/.local/lib/python3.12/site-packages/airflow/example_dags/example_python_decorator.py
[2024-06-04T23:49:07.865+0000] {processor.py:830} INFO - Processing file /home/airflow/.local/lib/python3.12/site-packages/airflow/example_dags/example_python_decorator.py for tasks to queue
[2024-06-04T23:49:07.881+0000] {logging_mixin.py:188} INFO - [2024-06-04T23:49:07.880+0000] {dagbag.py:545} INFO - Filling up the DagBag from /home/airflow/.local/lib/python3.12/site-packages/airflow/example_dags/example_python_decorator.py
[2024-06-04T23:49:07.958+0000] {processor.py:840} INFO - DAG(s) 'example_python_decorator' retrieved from /home/airflow/.local/lib/python3.12/site-packages/airflow/example_dags/example_python_decorator.py
[2024-06-04T23:49:08.136+0000] {logging_mixin.py:188} INFO - [2024-06-04T23:49:08.136+0000] {dag.py:3096} INFO - Sync 1 DAGs
[2024-06-04T23:49:08.206+0000] {logging_mixin.py:188} INFO - [2024-06-04T23:49:08.205+0000] {dag.py:3954} INFO - Setting next_dagrun for example_python_decorator to None, run_after=None
[2024-06-04T23:49:08.278+0000] {processor.py:183} INFO - Processing /home/airflow/.local/lib/python3.12/site-packages/airflow/example_dags/example_python_decorator.py took 0.461 seconds
[2024-06-04T23:49:38.570+0000] {processor.py:161} INFO - Started process (PID=172416) to work on /home/airflow/.local/lib/python3.12/site-packages/airflow/example_dags/example_python_decorator.py
[2024-06-04T23:49:38.577+0000] {processor.py:830} INFO - Processing file /home/airflow/.local/lib/python3.12/site-packages/airflow/example_dags/example_python_decorator.py for tasks to queue
[2024-06-04T23:49:38.581+0000] {logging_mixin.py:188} INFO - [2024-06-04T23:49:38.580+0000] {dagbag.py:545} INFO - Filling up the DagBag from /home/airflow/.local/lib/python3.12/site-packages/airflow/example_dags/example_python_decorator.py
[2024-06-04T23:49:38.608+0000] {processor.py:840} INFO - DAG(s) 'example_python_decorator' retrieved from /home/airflow/.local/lib/python3.12/site-packages/airflow/example_dags/example_python_decorator.py
[2024-06-04T23:49:38.659+0000] {logging_mixin.py:188} INFO - [2024-06-04T23:49:38.658+0000] {dag.py:3096} INFO - Sync 1 DAGs
[2024-06-04T23:49:38.686+0000] {logging_mixin.py:188} INFO - [2024-06-04T23:49:38.686+0000] {dag.py:3954} INFO - Setting next_dagrun for example_python_decorator to None, run_after=None
[2024-06-04T23:49:38.727+0000] {processor.py:183} INFO - Processing /home/airflow/.local/lib/python3.12/site-packages/airflow/example_dags/example_python_decorator.py took 0.169 seconds
[2024-06-04T23:50:09.450+0000] {processor.py:161} INFO - Started process (PID=172672) to work on /home/airflow/.local/lib/python3.12/site-packages/airflow/example_dags/example_python_decorator.py
[2024-06-04T23:50:09.452+0000] {processor.py:830} INFO - Processing file /home/airflow/.local/lib/python3.12/site-packages/airflow/example_dags/example_python_decorator.py for tasks to queue
[2024-06-04T23:50:09.456+0000] {logging_mixin.py:188} INFO - [2024-06-04T23:50:09.455+0000] {dagbag.py:545} INFO - Filling up the DagBag from /home/airflow/.local/lib/python3.12/site-packages/airflow/example_dags/example_python_decorator.py
[2024-06-04T23:50:09.484+0000] {processor.py:840} INFO - DAG(s) 'example_python_decorator' retrieved from /home/airflow/.local/lib/python3.12/site-packages/airflow/example_dags/example_python_decorator.py
[2024-06-04T23:50:09.532+0000] {logging_mixin.py:188} INFO - [2024-06-04T23:50:09.532+0000] {dag.py:3096} INFO - Sync 1 DAGs
[2024-06-04T23:50:09.562+0000] {logging_mixin.py:188} INFO - [2024-06-04T23:50:09.562+0000] {dag.py:3954} INFO - Setting next_dagrun for example_python_decorator to None, run_after=None
[2024-06-04T23:50:09.642+0000] {processor.py:183} INFO - Processing /home/airflow/.local/lib/python3.12/site-packages/airflow/example_dags/example_python_decorator.py took 0.205 seconds
[2024-06-04T23:50:40.140+0000] {processor.py:161} INFO - Started process (PID=172934) to work on /home/airflow/.local/lib/python3.12/site-packages/airflow/example_dags/example_python_decorator.py
[2024-06-04T23:50:40.152+0000] {processor.py:830} INFO - Processing file /home/airflow/.local/lib/python3.12/site-packages/airflow/example_dags/example_python_decorator.py for tasks to queue
[2024-06-04T23:50:40.156+0000] {logging_mixin.py:188} INFO - [2024-06-04T23:50:40.155+0000] {dagbag.py:545} INFO - Filling up the DagBag from /home/airflow/.local/lib/python3.12/site-packages/airflow/example_dags/example_python_decorator.py
[2024-06-04T23:50:40.186+0000] {processor.py:840} INFO - DAG(s) 'example_python_decorator' retrieved from /home/airflow/.local/lib/python3.12/site-packages/airflow/example_dags/example_python_decorator.py
[2024-06-04T23:50:40.237+0000] {logging_mixin.py:188} INFO - [2024-06-04T23:50:40.236+0000] {dag.py:3096} INFO - Sync 1 DAGs
[2024-06-04T23:50:40.264+0000] {logging_mixin.py:188} INFO - [2024-06-04T23:50:40.264+0000] {dag.py:3954} INFO - Setting next_dagrun for example_python_decorator to None, run_after=None
[2024-06-04T23:50:40.299+0000] {processor.py:183} INFO - Processing /home/airflow/.local/lib/python3.12/site-packages/airflow/example_dags/example_python_decorator.py took 0.172 seconds
[2024-06-04T23:51:10.986+0000] {processor.py:161} INFO - Started process (PID=173196) to work on /home/airflow/.local/lib/python3.12/site-packages/airflow/example_dags/example_python_decorator.py
[2024-06-04T23:51:10.988+0000] {processor.py:830} INFO - Processing file /home/airflow/.local/lib/python3.12/site-packages/airflow/example_dags/example_python_decorator.py for tasks to queue
[2024-06-04T23:51:10.992+0000] {logging_mixin.py:188} INFO - [2024-06-04T23:51:10.991+0000] {dagbag.py:545} INFO - Filling up the DagBag from /home/airflow/.local/lib/python3.12/site-packages/airflow/example_dags/example_python_decorator.py
[2024-06-04T23:51:11.021+0000] {processor.py:840} INFO - DAG(s) 'example_python_decorator' retrieved from /home/airflow/.local/lib/python3.12/site-packages/airflow/example_dags/example_python_decorator.py
[2024-06-04T23:51:11.082+0000] {logging_mixin.py:188} INFO - [2024-06-04T23:51:11.082+0000] {dag.py:3096} INFO - Sync 1 DAGs
[2024-06-04T23:51:11.117+0000] {logging_mixin.py:188} INFO - [2024-06-04T23:51:11.117+0000] {dag.py:3954} INFO - Setting next_dagrun for example_python_decorator to None, run_after=None
[2024-06-04T23:51:11.159+0000] {processor.py:183} INFO - Processing /home/airflow/.local/lib/python3.12/site-packages/airflow/example_dags/example_python_decorator.py took 0.186 seconds
[2024-06-04T23:51:41.780+0000] {processor.py:161} INFO - Started process (PID=173459) to work on /home/airflow/.local/lib/python3.12/site-packages/airflow/example_dags/example_python_decorator.py
[2024-06-04T23:51:41.794+0000] {processor.py:830} INFO - Processing file /home/airflow/.local/lib/python3.12/site-packages/airflow/example_dags/example_python_decorator.py for tasks to queue
[2024-06-04T23:51:41.798+0000] {logging_mixin.py:188} INFO - [2024-06-04T23:51:41.797+0000] {dagbag.py:545} INFO - Filling up the DagBag from /home/airflow/.local/lib/python3.12/site-packages/airflow/example_dags/example_python_decorator.py
[2024-06-04T23:51:41.827+0000] {processor.py:840} INFO - DAG(s) 'example_python_decorator' retrieved from /home/airflow/.local/lib/python3.12/site-packages/airflow/example_dags/example_python_decorator.py
[2024-06-04T23:51:41.876+0000] {logging_mixin.py:188} INFO - [2024-06-04T23:51:41.875+0000] {dag.py:3096} INFO - Sync 1 DAGs
[2024-06-04T23:51:41.903+0000] {logging_mixin.py:188} INFO - [2024-06-04T23:51:41.902+0000] {dag.py:3954} INFO - Setting next_dagrun for example_python_decorator to None, run_after=None
[2024-06-04T23:51:41.949+0000] {processor.py:183} INFO - Processing /home/airflow/.local/lib/python3.12/site-packages/airflow/example_dags/example_python_decorator.py took 0.184 seconds
[2024-06-04T23:52:12.417+0000] {processor.py:161} INFO - Started process (PID=173720) to work on /home/airflow/.local/lib/python3.12/site-packages/airflow/example_dags/example_python_decorator.py
[2024-06-04T23:52:12.424+0000] {processor.py:830} INFO - Processing file /home/airflow/.local/lib/python3.12/site-packages/airflow/example_dags/example_python_decorator.py for tasks to queue
[2024-06-04T23:52:12.427+0000] {logging_mixin.py:188} INFO - [2024-06-04T23:52:12.426+0000] {dagbag.py:545} INFO - Filling up the DagBag from /home/airflow/.local/lib/python3.12/site-packages/airflow/example_dags/example_python_decorator.py
[2024-06-04T23:52:12.483+0000] {processor.py:840} INFO - DAG(s) 'example_python_decorator' retrieved from /home/airflow/.local/lib/python3.12/site-packages/airflow/example_dags/example_python_decorator.py
[2024-06-04T23:52:12.621+0000] {logging_mixin.py:188} INFO - [2024-06-04T23:52:12.621+0000] {dag.py:3096} INFO - Sync 1 DAGs
[2024-06-04T23:52:12.693+0000] {logging_mixin.py:188} INFO - [2024-06-04T23:52:12.693+0000] {dag.py:3954} INFO - Setting next_dagrun for example_python_decorator to None, run_after=None
[2024-06-04T23:52:12.765+0000] {processor.py:183} INFO - Processing /home/airflow/.local/lib/python3.12/site-packages/airflow/example_dags/example_python_decorator.py took 0.370 seconds
[2024-06-04T23:52:43.302+0000] {processor.py:161} INFO - Started process (PID=173982) to work on /home/airflow/.local/lib/python3.12/site-packages/airflow/example_dags/example_python_decorator.py
[2024-06-04T23:52:43.304+0000] {processor.py:830} INFO - Processing file /home/airflow/.local/lib/python3.12/site-packages/airflow/example_dags/example_python_decorator.py for tasks to queue
[2024-06-04T23:52:43.307+0000] {logging_mixin.py:188} INFO - [2024-06-04T23:52:43.306+0000] {dagbag.py:545} INFO - Filling up the DagBag from /home/airflow/.local/lib/python3.12/site-packages/airflow/example_dags/example_python_decorator.py
[2024-06-04T23:52:43.335+0000] {processor.py:840} INFO - DAG(s) 'example_python_decorator' retrieved from /home/airflow/.local/lib/python3.12/site-packages/airflow/example_dags/example_python_decorator.py
[2024-06-04T23:52:43.382+0000] {logging_mixin.py:188} INFO - [2024-06-04T23:52:43.382+0000] {dag.py:3096} INFO - Sync 1 DAGs
[2024-06-04T23:52:43.411+0000] {logging_mixin.py:188} INFO - [2024-06-04T23:52:43.410+0000] {dag.py:3954} INFO - Setting next_dagrun for example_python_decorator to None, run_after=None
[2024-06-04T23:52:43.457+0000] {processor.py:183} INFO - Processing /home/airflow/.local/lib/python3.12/site-packages/airflow/example_dags/example_python_decorator.py took 0.169 seconds
[2024-06-04T23:53:14.001+0000] {processor.py:161} INFO - Started process (PID=174244) to work on /home/airflow/.local/lib/python3.12/site-packages/airflow/example_dags/example_python_decorator.py
[2024-06-04T23:53:14.003+0000] {processor.py:830} INFO - Processing file /home/airflow/.local/lib/python3.12/site-packages/airflow/example_dags/example_python_decorator.py for tasks to queue
[2024-06-04T23:53:14.007+0000] {logging_mixin.py:188} INFO - [2024-06-04T23:53:14.006+0000] {dagbag.py:545} INFO - Filling up the DagBag from /home/airflow/.local/lib/python3.12/site-packages/airflow/example_dags/example_python_decorator.py
[2024-06-04T23:53:14.035+0000] {processor.py:840} INFO - DAG(s) 'example_python_decorator' retrieved from /home/airflow/.local/lib/python3.12/site-packages/airflow/example_dags/example_python_decorator.py
[2024-06-04T23:53:14.083+0000] {logging_mixin.py:188} INFO - [2024-06-04T23:53:14.083+0000] {dag.py:3096} INFO - Sync 1 DAGs
[2024-06-04T23:53:14.113+0000] {logging_mixin.py:188} INFO - [2024-06-04T23:53:14.113+0000] {dag.py:3954} INFO - Setting next_dagrun for example_python_decorator to None, run_after=None
[2024-06-04T23:53:14.157+0000] {processor.py:183} INFO - Processing /home/airflow/.local/lib/python3.12/site-packages/airflow/example_dags/example_python_decorator.py took 0.168 seconds
[2024-06-04T23:53:45.742+0000] {processor.py:161} INFO - Started process (PID=174509) to work on /home/airflow/.local/lib/python3.12/site-packages/airflow/example_dags/example_python_decorator.py
[2024-06-04T23:53:45.758+0000] {processor.py:830} INFO - Processing file /home/airflow/.local/lib/python3.12/site-packages/airflow/example_dags/example_python_decorator.py for tasks to queue
[2024-06-04T23:53:45.761+0000] {logging_mixin.py:188} INFO - [2024-06-04T23:53:45.760+0000] {dagbag.py:545} INFO - Filling up the DagBag from /home/airflow/.local/lib/python3.12/site-packages/airflow/example_dags/example_python_decorator.py
[2024-06-04T23:53:45.846+0000] {processor.py:840} INFO - DAG(s) 'example_python_decorator' retrieved from /home/airflow/.local/lib/python3.12/site-packages/airflow/example_dags/example_python_decorator.py
[2024-06-04T23:53:45.978+0000] {logging_mixin.py:188} INFO - [2024-06-04T23:53:45.978+0000] {dag.py:3096} INFO - Sync 1 DAGs
[2024-06-04T23:53:46.065+0000] {logging_mixin.py:188} INFO - [2024-06-04T23:53:46.065+0000] {dag.py:3954} INFO - Setting next_dagrun for example_python_decorator to None, run_after=None
[2024-06-04T23:53:46.184+0000] {processor.py:183} INFO - Processing /home/airflow/.local/lib/python3.12/site-packages/airflow/example_dags/example_python_decorator.py took 0.469 seconds
[2024-06-04T23:54:16.731+0000] {processor.py:161} INFO - Started process (PID=174768) to work on /home/airflow/.local/lib/python3.12/site-packages/airflow/example_dags/example_python_decorator.py
[2024-06-04T23:54:16.736+0000] {processor.py:830} INFO - Processing file /home/airflow/.local/lib/python3.12/site-packages/airflow/example_dags/example_python_decorator.py for tasks to queue
[2024-06-04T23:54:16.748+0000] {logging_mixin.py:188} INFO - [2024-06-04T23:54:16.739+0000] {dagbag.py:545} INFO - Filling up the DagBag from /home/airflow/.local/lib/python3.12/site-packages/airflow/example_dags/example_python_decorator.py
[2024-06-04T23:54:16.823+0000] {processor.py:840} INFO - DAG(s) 'example_python_decorator' retrieved from /home/airflow/.local/lib/python3.12/site-packages/airflow/example_dags/example_python_decorator.py
[2024-06-04T23:54:16.910+0000] {logging_mixin.py:188} INFO - [2024-06-04T23:54:16.909+0000] {dag.py:3096} INFO - Sync 1 DAGs
[2024-06-04T23:54:16.938+0000] {logging_mixin.py:188} INFO - [2024-06-04T23:54:16.937+0000] {dag.py:3954} INFO - Setting next_dagrun for example_python_decorator to None, run_after=None
[2024-06-04T23:54:17.006+0000] {processor.py:183} INFO - Processing /home/airflow/.local/lib/python3.12/site-packages/airflow/example_dags/example_python_decorator.py took 0.291 seconds
[2024-06-04T23:54:47.777+0000] {processor.py:161} INFO - Started process (PID=175030) to work on /home/airflow/.local/lib/python3.12/site-packages/airflow/example_dags/example_python_decorator.py
[2024-06-04T23:54:47.779+0000] {processor.py:830} INFO - Processing file /home/airflow/.local/lib/python3.12/site-packages/airflow/example_dags/example_python_decorator.py for tasks to queue
[2024-06-04T23:54:47.783+0000] {logging_mixin.py:188} INFO - [2024-06-04T23:54:47.782+0000] {dagbag.py:545} INFO - Filling up the DagBag from /home/airflow/.local/lib/python3.12/site-packages/airflow/example_dags/example_python_decorator.py
[2024-06-04T23:54:47.818+0000] {processor.py:840} INFO - DAG(s) 'example_python_decorator' retrieved from /home/airflow/.local/lib/python3.12/site-packages/airflow/example_dags/example_python_decorator.py
[2024-06-04T23:54:47.875+0000] {logging_mixin.py:188} INFO - [2024-06-04T23:54:47.874+0000] {dag.py:3096} INFO - Sync 1 DAGs
[2024-06-04T23:54:47.915+0000] {logging_mixin.py:188} INFO - [2024-06-04T23:54:47.912+0000] {dag.py:3954} INFO - Setting next_dagrun for example_python_decorator to None, run_after=None
[2024-06-04T23:54:47.968+0000] {processor.py:183} INFO - Processing /home/airflow/.local/lib/python3.12/site-packages/airflow/example_dags/example_python_decorator.py took 0.206 seconds
[2024-06-04T23:55:18.603+0000] {processor.py:161} INFO - Started process (PID=175293) to work on /home/airflow/.local/lib/python3.12/site-packages/airflow/example_dags/example_python_decorator.py
[2024-06-04T23:55:18.626+0000] {processor.py:830} INFO - Processing file /home/airflow/.local/lib/python3.12/site-packages/airflow/example_dags/example_python_decorator.py for tasks to queue
[2024-06-04T23:55:18.629+0000] {logging_mixin.py:188} INFO - [2024-06-04T23:55:18.629+0000] {dagbag.py:545} INFO - Filling up the DagBag from /home/airflow/.local/lib/python3.12/site-packages/airflow/example_dags/example_python_decorator.py
[2024-06-04T23:55:18.709+0000] {processor.py:840} INFO - DAG(s) 'example_python_decorator' retrieved from /home/airflow/.local/lib/python3.12/site-packages/airflow/example_dags/example_python_decorator.py
[2024-06-04T23:55:18.765+0000] {logging_mixin.py:188} INFO - [2024-06-04T23:55:18.765+0000] {dag.py:3096} INFO - Sync 1 DAGs
[2024-06-04T23:55:18.814+0000] {logging_mixin.py:188} INFO - [2024-06-04T23:55:18.814+0000] {dag.py:3954} INFO - Setting next_dagrun for example_python_decorator to None, run_after=None
[2024-06-04T23:55:18.873+0000] {processor.py:183} INFO - Processing /home/airflow/.local/lib/python3.12/site-packages/airflow/example_dags/example_python_decorator.py took 0.306 seconds
[2024-06-04T23:55:49.249+0000] {processor.py:161} INFO - Started process (PID=175555) to work on /home/airflow/.local/lib/python3.12/site-packages/airflow/example_dags/example_python_decorator.py
[2024-06-04T23:55:49.251+0000] {processor.py:830} INFO - Processing file /home/airflow/.local/lib/python3.12/site-packages/airflow/example_dags/example_python_decorator.py for tasks to queue
[2024-06-04T23:55:49.254+0000] {logging_mixin.py:188} INFO - [2024-06-04T23:55:49.253+0000] {dagbag.py:545} INFO - Filling up the DagBag from /home/airflow/.local/lib/python3.12/site-packages/airflow/example_dags/example_python_decorator.py
[2024-06-04T23:55:49.287+0000] {processor.py:840} INFO - DAG(s) 'example_python_decorator' retrieved from /home/airflow/.local/lib/python3.12/site-packages/airflow/example_dags/example_python_decorator.py
[2024-06-04T23:55:49.327+0000] {logging_mixin.py:188} INFO - [2024-06-04T23:55:49.326+0000] {dag.py:3096} INFO - Sync 1 DAGs
[2024-06-04T23:55:49.349+0000] {logging_mixin.py:188} INFO - [2024-06-04T23:55:49.349+0000] {dag.py:3954} INFO - Setting next_dagrun for example_python_decorator to None, run_after=None
[2024-06-04T23:55:49.390+0000] {processor.py:183} INFO - Processing /home/airflow/.local/lib/python3.12/site-packages/airflow/example_dags/example_python_decorator.py took 0.168 seconds
[2024-06-04T23:56:19.603+0000] {processor.py:161} INFO - Started process (PID=175817) to work on /home/airflow/.local/lib/python3.12/site-packages/airflow/example_dags/example_python_decorator.py
[2024-06-04T23:56:19.609+0000] {processor.py:830} INFO - Processing file /home/airflow/.local/lib/python3.12/site-packages/airflow/example_dags/example_python_decorator.py for tasks to queue
[2024-06-04T23:56:19.613+0000] {logging_mixin.py:188} INFO - [2024-06-04T23:56:19.612+0000] {dagbag.py:545} INFO - Filling up the DagBag from /home/airflow/.local/lib/python3.12/site-packages/airflow/example_dags/example_python_decorator.py
[2024-06-04T23:56:19.645+0000] {processor.py:840} INFO - DAG(s) 'example_python_decorator' retrieved from /home/airflow/.local/lib/python3.12/site-packages/airflow/example_dags/example_python_decorator.py
[2024-06-04T23:56:19.699+0000] {logging_mixin.py:188} INFO - [2024-06-04T23:56:19.699+0000] {dag.py:3096} INFO - Sync 1 DAGs
[2024-06-04T23:56:19.725+0000] {logging_mixin.py:188} INFO - [2024-06-04T23:56:19.724+0000] {dag.py:3954} INFO - Setting next_dagrun for example_python_decorator to None, run_after=None
[2024-06-04T23:56:19.775+0000] {processor.py:183} INFO - Processing /home/airflow/.local/lib/python3.12/site-packages/airflow/example_dags/example_python_decorator.py took 0.185 seconds
[2024-06-04T23:56:49.881+0000] {processor.py:161} INFO - Started process (PID=176079) to work on /home/airflow/.local/lib/python3.12/site-packages/airflow/example_dags/example_python_decorator.py
[2024-06-04T23:56:49.883+0000] {processor.py:830} INFO - Processing file /home/airflow/.local/lib/python3.12/site-packages/airflow/example_dags/example_python_decorator.py for tasks to queue
[2024-06-04T23:56:49.888+0000] {logging_mixin.py:188} INFO - [2024-06-04T23:56:49.888+0000] {dagbag.py:545} INFO - Filling up the DagBag from /home/airflow/.local/lib/python3.12/site-packages/airflow/example_dags/example_python_decorator.py
[2024-06-04T23:56:49.922+0000] {processor.py:840} INFO - DAG(s) 'example_python_decorator' retrieved from /home/airflow/.local/lib/python3.12/site-packages/airflow/example_dags/example_python_decorator.py
[2024-06-04T23:56:49.980+0000] {logging_mixin.py:188} INFO - [2024-06-04T23:56:49.980+0000] {dag.py:3096} INFO - Sync 1 DAGs
[2024-06-04T23:56:50.014+0000] {logging_mixin.py:188} INFO - [2024-06-04T23:56:50.014+0000] {dag.py:3954} INFO - Setting next_dagrun for example_python_decorator to None, run_after=None
[2024-06-04T23:56:50.076+0000] {processor.py:183} INFO - Processing /home/airflow/.local/lib/python3.12/site-packages/airflow/example_dags/example_python_decorator.py took 0.210 seconds
[2024-06-04T23:57:20.774+0000] {processor.py:161} INFO - Started process (PID=176340) to work on /home/airflow/.local/lib/python3.12/site-packages/airflow/example_dags/example_python_decorator.py
[2024-06-04T23:57:20.794+0000] {processor.py:830} INFO - Processing file /home/airflow/.local/lib/python3.12/site-packages/airflow/example_dags/example_python_decorator.py for tasks to queue
[2024-06-04T23:57:20.798+0000] {logging_mixin.py:188} INFO - [2024-06-04T23:57:20.797+0000] {dagbag.py:545} INFO - Filling up the DagBag from /home/airflow/.local/lib/python3.12/site-packages/airflow/example_dags/example_python_decorator.py
[2024-06-04T23:57:20.856+0000] {processor.py:840} INFO - DAG(s) 'example_python_decorator' retrieved from /home/airflow/.local/lib/python3.12/site-packages/airflow/example_dags/example_python_decorator.py
[2024-06-04T23:57:20.940+0000] {logging_mixin.py:188} INFO - [2024-06-04T23:57:20.939+0000] {dag.py:3096} INFO - Sync 1 DAGs
[2024-06-04T23:57:20.969+0000] {logging_mixin.py:188} INFO - [2024-06-04T23:57:20.968+0000] {dag.py:3954} INFO - Setting next_dagrun for example_python_decorator to None, run_after=None
[2024-06-04T23:57:21.055+0000] {processor.py:183} INFO - Processing /home/airflow/.local/lib/python3.12/site-packages/airflow/example_dags/example_python_decorator.py took 0.295 seconds
[2024-06-04T23:57:51.238+0000] {processor.py:161} INFO - Started process (PID=176604) to work on /home/airflow/.local/lib/python3.12/site-packages/airflow/example_dags/example_python_decorator.py
[2024-06-04T23:57:51.240+0000] {processor.py:830} INFO - Processing file /home/airflow/.local/lib/python3.12/site-packages/airflow/example_dags/example_python_decorator.py for tasks to queue
[2024-06-04T23:57:51.243+0000] {logging_mixin.py:188} INFO - [2024-06-04T23:57:51.242+0000] {dagbag.py:545} INFO - Filling up the DagBag from /home/airflow/.local/lib/python3.12/site-packages/airflow/example_dags/example_python_decorator.py
[2024-06-04T23:57:51.272+0000] {processor.py:840} INFO - DAG(s) 'example_python_decorator' retrieved from /home/airflow/.local/lib/python3.12/site-packages/airflow/example_dags/example_python_decorator.py
[2024-06-04T23:57:51.324+0000] {logging_mixin.py:188} INFO - [2024-06-04T23:57:51.324+0000] {dag.py:3096} INFO - Sync 1 DAGs
[2024-06-04T23:57:51.354+0000] {logging_mixin.py:188} INFO - [2024-06-04T23:57:51.353+0000] {dag.py:3954} INFO - Setting next_dagrun for example_python_decorator to None, run_after=None
[2024-06-04T23:57:51.400+0000] {processor.py:183} INFO - Processing /home/airflow/.local/lib/python3.12/site-packages/airflow/example_dags/example_python_decorator.py took 0.173 seconds
[2024-06-04T23:58:22.344+0000] {processor.py:161} INFO - Started process (PID=176864) to work on /home/airflow/.local/lib/python3.12/site-packages/airflow/example_dags/example_python_decorator.py
[2024-06-04T23:58:22.364+0000] {processor.py:830} INFO - Processing file /home/airflow/.local/lib/python3.12/site-packages/airflow/example_dags/example_python_decorator.py for tasks to queue
[2024-06-04T23:58:22.367+0000] {logging_mixin.py:188} INFO - [2024-06-04T23:58:22.366+0000] {dagbag.py:545} INFO - Filling up the DagBag from /home/airflow/.local/lib/python3.12/site-packages/airflow/example_dags/example_python_decorator.py
[2024-06-04T23:58:22.477+0000] {processor.py:840} INFO - DAG(s) 'example_python_decorator' retrieved from /home/airflow/.local/lib/python3.12/site-packages/airflow/example_dags/example_python_decorator.py
[2024-06-04T23:58:22.573+0000] {logging_mixin.py:188} INFO - [2024-06-04T23:58:22.572+0000] {dag.py:3096} INFO - Sync 1 DAGs
[2024-06-04T23:58:22.602+0000] {logging_mixin.py:188} INFO - [2024-06-04T23:58:22.602+0000] {dag.py:3954} INFO - Setting next_dagrun for example_python_decorator to None, run_after=None
[2024-06-04T23:58:22.698+0000] {processor.py:183} INFO - Processing /home/airflow/.local/lib/python3.12/site-packages/airflow/example_dags/example_python_decorator.py took 0.390 seconds
[2024-06-04T23:58:52.994+0000] {processor.py:161} INFO - Started process (PID=177125) to work on /home/airflow/.local/lib/python3.12/site-packages/airflow/example_dags/example_python_decorator.py
[2024-06-04T23:58:52.996+0000] {processor.py:830} INFO - Processing file /home/airflow/.local/lib/python3.12/site-packages/airflow/example_dags/example_python_decorator.py for tasks to queue
[2024-06-04T23:58:53.000+0000] {logging_mixin.py:188} INFO - [2024-06-04T23:58:53.000+0000] {dagbag.py:545} INFO - Filling up the DagBag from /home/airflow/.local/lib/python3.12/site-packages/airflow/example_dags/example_python_decorator.py
[2024-06-04T23:58:53.038+0000] {processor.py:840} INFO - DAG(s) 'example_python_decorator' retrieved from /home/airflow/.local/lib/python3.12/site-packages/airflow/example_dags/example_python_decorator.py
[2024-06-04T23:58:53.096+0000] {logging_mixin.py:188} INFO - [2024-06-04T23:58:53.095+0000] {dag.py:3096} INFO - Sync 1 DAGs
[2024-06-04T23:58:53.125+0000] {logging_mixin.py:188} INFO - [2024-06-04T23:58:53.124+0000] {dag.py:3954} INFO - Setting next_dagrun for example_python_decorator to None, run_after=None
[2024-06-04T23:58:53.284+0000] {processor.py:183} INFO - Processing /home/airflow/.local/lib/python3.12/site-packages/airflow/example_dags/example_python_decorator.py took 0.302 seconds
[2024-06-04T23:59:24.121+0000] {processor.py:161} INFO - Started process (PID=177386) to work on /home/airflow/.local/lib/python3.12/site-packages/airflow/example_dags/example_python_decorator.py
[2024-06-04T23:59:24.128+0000] {processor.py:830} INFO - Processing file /home/airflow/.local/lib/python3.12/site-packages/airflow/example_dags/example_python_decorator.py for tasks to queue
[2024-06-04T23:59:24.131+0000] {logging_mixin.py:188} INFO - [2024-06-04T23:59:24.130+0000] {dagbag.py:545} INFO - Filling up the DagBag from /home/airflow/.local/lib/python3.12/site-packages/airflow/example_dags/example_python_decorator.py
[2024-06-04T23:59:24.170+0000] {processor.py:840} INFO - DAG(s) 'example_python_decorator' retrieved from /home/airflow/.local/lib/python3.12/site-packages/airflow/example_dags/example_python_decorator.py
[2024-06-04T23:59:24.220+0000] {logging_mixin.py:188} INFO - [2024-06-04T23:59:24.219+0000] {dag.py:3096} INFO - Sync 1 DAGs
[2024-06-04T23:59:24.249+0000] {logging_mixin.py:188} INFO - [2024-06-04T23:59:24.249+0000] {dag.py:3954} INFO - Setting next_dagrun for example_python_decorator to None, run_after=None
[2024-06-04T23:59:24.290+0000] {processor.py:183} INFO - Processing /home/airflow/.local/lib/python3.12/site-packages/airflow/example_dags/example_python_decorator.py took 0.205 seconds
[2024-06-04T23:59:55.115+0000] {processor.py:161} INFO - Started process (PID=177648) to work on /home/airflow/.local/lib/python3.12/site-packages/airflow/example_dags/example_python_decorator.py
[2024-06-04T23:59:55.116+0000] {processor.py:830} INFO - Processing file /home/airflow/.local/lib/python3.12/site-packages/airflow/example_dags/example_python_decorator.py for tasks to queue
[2024-06-04T23:59:55.120+0000] {logging_mixin.py:188} INFO - [2024-06-04T23:59:55.119+0000] {dagbag.py:545} INFO - Filling up the DagBag from /home/airflow/.local/lib/python3.12/site-packages/airflow/example_dags/example_python_decorator.py
[2024-06-04T23:59:55.148+0000] {processor.py:840} INFO - DAG(s) 'example_python_decorator' retrieved from /home/airflow/.local/lib/python3.12/site-packages/airflow/example_dags/example_python_decorator.py
[2024-06-04T23:59:55.216+0000] {logging_mixin.py:188} INFO - [2024-06-04T23:59:55.216+0000] {dag.py:3096} INFO - Sync 1 DAGs
[2024-06-04T23:59:55.247+0000] {logging_mixin.py:188} INFO - [2024-06-04T23:59:55.247+0000] {dag.py:3954} INFO - Setting next_dagrun for example_python_decorator to None, run_after=None
[2024-06-04T23:59:55.680+0000] {processor.py:183} INFO - Processing /home/airflow/.local/lib/python3.12/site-packages/airflow/example_dags/example_python_decorator.py took 0.576 seconds
