[2024-06-04T23:43:57.777+0000] {processor.py:161} INFO - Started process (PID=169532) to work on /home/airflow/.local/lib/python3.12/site-packages/airflow/example_dags/example_local_kubernetes_executor.py
[2024-06-04T23:43:57.779+0000] {processor.py:830} INFO - Processing file /home/airflow/.local/lib/python3.12/site-packages/airflow/example_dags/example_local_kubernetes_executor.py for tasks to queue
[2024-06-04T23:43:57.782+0000] {logging_mixin.py:188} INFO - [2024-06-04T23:43:57.781+0000] {dagbag.py:545} INFO - Filling up the DagBag from /home/airflow/.local/lib/python3.12/site-packages/airflow/example_dags/example_local_kubernetes_executor.py
[2024-06-04T23:43:57.797+0000] {processor.py:840} INFO - DAG(s) 'example_local_kubernetes_executor' retrieved from /home/airflow/.local/lib/python3.12/site-packages/airflow/example_dags/example_local_kubernetes_executor.py
[2024-06-04T23:43:57.870+0000] {logging_mixin.py:188} INFO - [2024-06-04T23:43:57.869+0000] {dag.py:3096} INFO - Sync 1 DAGs
[2024-06-04T23:43:57.923+0000] {logging_mixin.py:188} INFO - [2024-06-04T23:43:57.923+0000] {dag.py:3954} INFO - Setting next_dagrun for example_local_kubernetes_executor to None, run_after=None
[2024-06-04T23:43:58.281+0000] {processor.py:183} INFO - Processing /home/airflow/.local/lib/python3.12/site-packages/airflow/example_dags/example_local_kubernetes_executor.py took 0.516 seconds
[2024-06-04T23:44:28.448+0000] {processor.py:161} INFO - Started process (PID=169794) to work on /home/airflow/.local/lib/python3.12/site-packages/airflow/example_dags/example_local_kubernetes_executor.py
[2024-06-04T23:44:28.450+0000] {processor.py:830} INFO - Processing file /home/airflow/.local/lib/python3.12/site-packages/airflow/example_dags/example_local_kubernetes_executor.py for tasks to queue
[2024-06-04T23:44:28.454+0000] {logging_mixin.py:188} INFO - [2024-06-04T23:44:28.453+0000] {dagbag.py:545} INFO - Filling up the DagBag from /home/airflow/.local/lib/python3.12/site-packages/airflow/example_dags/example_local_kubernetes_executor.py
[2024-06-04T23:44:28.470+0000] {processor.py:840} INFO - DAG(s) 'example_local_kubernetes_executor' retrieved from /home/airflow/.local/lib/python3.12/site-packages/airflow/example_dags/example_local_kubernetes_executor.py
[2024-06-04T23:44:28.616+0000] {logging_mixin.py:188} INFO - [2024-06-04T23:44:28.615+0000] {dag.py:3096} INFO - Sync 1 DAGs
[2024-06-04T23:44:28.670+0000] {logging_mixin.py:188} INFO - [2024-06-04T23:44:28.670+0000] {dag.py:3954} INFO - Setting next_dagrun for example_local_kubernetes_executor to None, run_after=None
[2024-06-04T23:44:28.894+0000] {processor.py:183} INFO - Processing /home/airflow/.local/lib/python3.12/site-packages/airflow/example_dags/example_local_kubernetes_executor.py took 0.457 seconds
[2024-06-04T23:44:59.582+0000] {processor.py:161} INFO - Started process (PID=170056) to work on /home/airflow/.local/lib/python3.12/site-packages/airflow/example_dags/example_local_kubernetes_executor.py
[2024-06-04T23:44:59.592+0000] {processor.py:830} INFO - Processing file /home/airflow/.local/lib/python3.12/site-packages/airflow/example_dags/example_local_kubernetes_executor.py for tasks to queue
[2024-06-04T23:44:59.595+0000] {logging_mixin.py:188} INFO - [2024-06-04T23:44:59.594+0000] {dagbag.py:545} INFO - Filling up the DagBag from /home/airflow/.local/lib/python3.12/site-packages/airflow/example_dags/example_local_kubernetes_executor.py
[2024-06-04T23:44:59.638+0000] {processor.py:840} INFO - DAG(s) 'example_local_kubernetes_executor' retrieved from /home/airflow/.local/lib/python3.12/site-packages/airflow/example_dags/example_local_kubernetes_executor.py
[2024-06-04T23:44:59.804+0000] {logging_mixin.py:188} INFO - [2024-06-04T23:44:59.803+0000] {dag.py:3096} INFO - Sync 1 DAGs
[2024-06-04T23:44:59.836+0000] {logging_mixin.py:188} INFO - [2024-06-04T23:44:59.836+0000] {dag.py:3954} INFO - Setting next_dagrun for example_local_kubernetes_executor to None, run_after=None
[2024-06-04T23:44:59.896+0000] {processor.py:183} INFO - Processing /home/airflow/.local/lib/python3.12/site-packages/airflow/example_dags/example_local_kubernetes_executor.py took 0.353 seconds
[2024-06-04T23:45:30.650+0000] {processor.py:161} INFO - Started process (PID=170318) to work on /home/airflow/.local/lib/python3.12/site-packages/airflow/example_dags/example_local_kubernetes_executor.py
[2024-06-04T23:45:30.655+0000] {processor.py:830} INFO - Processing file /home/airflow/.local/lib/python3.12/site-packages/airflow/example_dags/example_local_kubernetes_executor.py for tasks to queue
[2024-06-04T23:45:30.665+0000] {logging_mixin.py:188} INFO - [2024-06-04T23:45:30.658+0000] {dagbag.py:545} INFO - Filling up the DagBag from /home/airflow/.local/lib/python3.12/site-packages/airflow/example_dags/example_local_kubernetes_executor.py
[2024-06-04T23:45:30.692+0000] {processor.py:840} INFO - DAG(s) 'example_local_kubernetes_executor' retrieved from /home/airflow/.local/lib/python3.12/site-packages/airflow/example_dags/example_local_kubernetes_executor.py
[2024-06-04T23:45:30.851+0000] {logging_mixin.py:188} INFO - [2024-06-04T23:45:30.850+0000] {dag.py:3096} INFO - Sync 1 DAGs
[2024-06-04T23:45:30.893+0000] {logging_mixin.py:188} INFO - [2024-06-04T23:45:30.892+0000] {dag.py:3954} INFO - Setting next_dagrun for example_local_kubernetes_executor to None, run_after=None
[2024-06-04T23:45:31.151+0000] {processor.py:183} INFO - Processing /home/airflow/.local/lib/python3.12/site-packages/airflow/example_dags/example_local_kubernetes_executor.py took 0.574 seconds
[2024-06-04T23:46:03.334+0000] {processor.py:161} INFO - Started process (PID=170581) to work on /home/airflow/.local/lib/python3.12/site-packages/airflow/example_dags/example_local_kubernetes_executor.py
[2024-06-04T23:46:03.342+0000] {processor.py:830} INFO - Processing file /home/airflow/.local/lib/python3.12/site-packages/airflow/example_dags/example_local_kubernetes_executor.py for tasks to queue
[2024-06-04T23:46:03.346+0000] {logging_mixin.py:188} INFO - [2024-06-04T23:46:03.345+0000] {dagbag.py:545} INFO - Filling up the DagBag from /home/airflow/.local/lib/python3.12/site-packages/airflow/example_dags/example_local_kubernetes_executor.py
[2024-06-04T23:46:03.393+0000] {processor.py:840} INFO - DAG(s) 'example_local_kubernetes_executor' retrieved from /home/airflow/.local/lib/python3.12/site-packages/airflow/example_dags/example_local_kubernetes_executor.py
[2024-06-04T23:46:03.678+0000] {logging_mixin.py:188} INFO - [2024-06-04T23:46:03.677+0000] {dag.py:3096} INFO - Sync 1 DAGs
[2024-06-04T23:46:03.810+0000] {logging_mixin.py:188} INFO - [2024-06-04T23:46:03.810+0000] {dag.py:3954} INFO - Setting next_dagrun for example_local_kubernetes_executor to None, run_after=None
[2024-06-04T23:46:03.971+0000] {processor.py:183} INFO - Processing /home/airflow/.local/lib/python3.12/site-packages/airflow/example_dags/example_local_kubernetes_executor.py took 0.689 seconds
[2024-06-04T23:46:34.208+0000] {processor.py:161} INFO - Started process (PID=170843) to work on /home/airflow/.local/lib/python3.12/site-packages/airflow/example_dags/example_local_kubernetes_executor.py
[2024-06-04T23:46:34.210+0000] {processor.py:830} INFO - Processing file /home/airflow/.local/lib/python3.12/site-packages/airflow/example_dags/example_local_kubernetes_executor.py for tasks to queue
[2024-06-04T23:46:34.213+0000] {logging_mixin.py:188} INFO - [2024-06-04T23:46:34.212+0000] {dagbag.py:545} INFO - Filling up the DagBag from /home/airflow/.local/lib/python3.12/site-packages/airflow/example_dags/example_local_kubernetes_executor.py
[2024-06-04T23:46:34.224+0000] {processor.py:840} INFO - DAG(s) 'example_local_kubernetes_executor' retrieved from /home/airflow/.local/lib/python3.12/site-packages/airflow/example_dags/example_local_kubernetes_executor.py
[2024-06-04T23:46:34.283+0000] {logging_mixin.py:188} INFO - [2024-06-04T23:46:34.282+0000] {dag.py:3096} INFO - Sync 1 DAGs
[2024-06-04T23:46:34.308+0000] {logging_mixin.py:188} INFO - [2024-06-04T23:46:34.307+0000] {dag.py:3954} INFO - Setting next_dagrun for example_local_kubernetes_executor to None, run_after=None
[2024-06-04T23:46:34.342+0000] {processor.py:183} INFO - Processing /home/airflow/.local/lib/python3.12/site-packages/airflow/example_dags/example_local_kubernetes_executor.py took 0.147 seconds
[2024-06-04T23:47:04.562+0000] {processor.py:161} INFO - Started process (PID=171103) to work on /home/airflow/.local/lib/python3.12/site-packages/airflow/example_dags/example_local_kubernetes_executor.py
[2024-06-04T23:47:04.564+0000] {processor.py:830} INFO - Processing file /home/airflow/.local/lib/python3.12/site-packages/airflow/example_dags/example_local_kubernetes_executor.py for tasks to queue
[2024-06-04T23:47:04.567+0000] {logging_mixin.py:188} INFO - [2024-06-04T23:47:04.567+0000] {dagbag.py:545} INFO - Filling up the DagBag from /home/airflow/.local/lib/python3.12/site-packages/airflow/example_dags/example_local_kubernetes_executor.py
[2024-06-04T23:47:04.591+0000] {processor.py:840} INFO - DAG(s) 'example_local_kubernetes_executor' retrieved from /home/airflow/.local/lib/python3.12/site-packages/airflow/example_dags/example_local_kubernetes_executor.py
[2024-06-04T23:47:04.787+0000] {logging_mixin.py:188} INFO - [2024-06-04T23:47:04.786+0000] {dag.py:3096} INFO - Sync 1 DAGs
[2024-06-04T23:47:04.826+0000] {logging_mixin.py:188} INFO - [2024-06-04T23:47:04.825+0000] {dag.py:3954} INFO - Setting next_dagrun for example_local_kubernetes_executor to None, run_after=None
[2024-06-04T23:47:04.918+0000] {processor.py:183} INFO - Processing /home/airflow/.local/lib/python3.12/site-packages/airflow/example_dags/example_local_kubernetes_executor.py took 0.370 seconds
[2024-06-04T23:47:35.125+0000] {processor.py:161} INFO - Started process (PID=171366) to work on /home/airflow/.local/lib/python3.12/site-packages/airflow/example_dags/example_local_kubernetes_executor.py
[2024-06-04T23:47:35.126+0000] {processor.py:830} INFO - Processing file /home/airflow/.local/lib/python3.12/site-packages/airflow/example_dags/example_local_kubernetes_executor.py for tasks to queue
[2024-06-04T23:47:35.130+0000] {logging_mixin.py:188} INFO - [2024-06-04T23:47:35.129+0000] {dagbag.py:545} INFO - Filling up the DagBag from /home/airflow/.local/lib/python3.12/site-packages/airflow/example_dags/example_local_kubernetes_executor.py
[2024-06-04T23:47:35.144+0000] {processor.py:840} INFO - DAG(s) 'example_local_kubernetes_executor' retrieved from /home/airflow/.local/lib/python3.12/site-packages/airflow/example_dags/example_local_kubernetes_executor.py
[2024-06-04T23:47:35.218+0000] {logging_mixin.py:188} INFO - [2024-06-04T23:47:35.218+0000] {dag.py:3096} INFO - Sync 1 DAGs
[2024-06-04T23:47:35.246+0000] {logging_mixin.py:188} INFO - [2024-06-04T23:47:35.246+0000] {dag.py:3954} INFO - Setting next_dagrun for example_local_kubernetes_executor to None, run_after=None
[2024-06-04T23:47:35.293+0000] {processor.py:183} INFO - Processing /home/airflow/.local/lib/python3.12/site-packages/airflow/example_dags/example_local_kubernetes_executor.py took 0.181 seconds
[2024-06-04T23:48:06.220+0000] {processor.py:161} INFO - Started process (PID=171626) to work on /home/airflow/.local/lib/python3.12/site-packages/airflow/example_dags/example_local_kubernetes_executor.py
[2024-06-04T23:48:06.221+0000] {processor.py:830} INFO - Processing file /home/airflow/.local/lib/python3.12/site-packages/airflow/example_dags/example_local_kubernetes_executor.py for tasks to queue
[2024-06-04T23:48:06.225+0000] {logging_mixin.py:188} INFO - [2024-06-04T23:48:06.224+0000] {dagbag.py:545} INFO - Filling up the DagBag from /home/airflow/.local/lib/python3.12/site-packages/airflow/example_dags/example_local_kubernetes_executor.py
[2024-06-04T23:48:06.245+0000] {processor.py:840} INFO - DAG(s) 'example_local_kubernetes_executor' retrieved from /home/airflow/.local/lib/python3.12/site-packages/airflow/example_dags/example_local_kubernetes_executor.py
[2024-06-04T23:48:06.318+0000] {logging_mixin.py:188} INFO - [2024-06-04T23:48:06.318+0000] {dag.py:3096} INFO - Sync 1 DAGs
[2024-06-04T23:48:06.363+0000] {logging_mixin.py:188} INFO - [2024-06-04T23:48:06.362+0000] {dag.py:3954} INFO - Setting next_dagrun for example_local_kubernetes_executor to None, run_after=None
[2024-06-04T23:48:06.489+0000] {processor.py:183} INFO - Processing /home/airflow/.local/lib/python3.12/site-packages/airflow/example_dags/example_local_kubernetes_executor.py took 0.283 seconds
[2024-06-04T23:48:37.187+0000] {processor.py:161} INFO - Started process (PID=171888) to work on /home/airflow/.local/lib/python3.12/site-packages/airflow/example_dags/example_local_kubernetes_executor.py
[2024-06-04T23:48:37.188+0000] {processor.py:830} INFO - Processing file /home/airflow/.local/lib/python3.12/site-packages/airflow/example_dags/example_local_kubernetes_executor.py for tasks to queue
[2024-06-04T23:48:37.201+0000] {logging_mixin.py:188} INFO - [2024-06-04T23:48:37.200+0000] {dagbag.py:545} INFO - Filling up the DagBag from /home/airflow/.local/lib/python3.12/site-packages/airflow/example_dags/example_local_kubernetes_executor.py
[2024-06-04T23:48:37.226+0000] {processor.py:840} INFO - DAG(s) 'example_local_kubernetes_executor' retrieved from /home/airflow/.local/lib/python3.12/site-packages/airflow/example_dags/example_local_kubernetes_executor.py
[2024-06-04T23:48:37.413+0000] {logging_mixin.py:188} INFO - [2024-06-04T23:48:37.412+0000] {dag.py:3096} INFO - Sync 1 DAGs
[2024-06-04T23:48:37.455+0000] {logging_mixin.py:188} INFO - [2024-06-04T23:48:37.455+0000] {dag.py:3954} INFO - Setting next_dagrun for example_local_kubernetes_executor to None, run_after=None
[2024-06-04T23:48:37.602+0000] {processor.py:183} INFO - Processing /home/airflow/.local/lib/python3.12/site-packages/airflow/example_dags/example_local_kubernetes_executor.py took 0.430 seconds
[2024-06-04T23:49:07.810+0000] {processor.py:161} INFO - Started process (PID=172152) to work on /home/airflow/.local/lib/python3.12/site-packages/airflow/example_dags/example_local_kubernetes_executor.py
[2024-06-04T23:49:07.811+0000] {processor.py:830} INFO - Processing file /home/airflow/.local/lib/python3.12/site-packages/airflow/example_dags/example_local_kubernetes_executor.py for tasks to queue
[2024-06-04T23:49:07.815+0000] {logging_mixin.py:188} INFO - [2024-06-04T23:49:07.814+0000] {dagbag.py:545} INFO - Filling up the DagBag from /home/airflow/.local/lib/python3.12/site-packages/airflow/example_dags/example_local_kubernetes_executor.py
[2024-06-04T23:49:07.828+0000] {processor.py:840} INFO - DAG(s) 'example_local_kubernetes_executor' retrieved from /home/airflow/.local/lib/python3.12/site-packages/airflow/example_dags/example_local_kubernetes_executor.py
[2024-06-04T23:49:07.904+0000] {logging_mixin.py:188} INFO - [2024-06-04T23:49:07.903+0000] {dag.py:3096} INFO - Sync 1 DAGs
[2024-06-04T23:49:07.933+0000] {logging_mixin.py:188} INFO - [2024-06-04T23:49:07.932+0000] {dag.py:3954} INFO - Setting next_dagrun for example_local_kubernetes_executor to None, run_after=None
[2024-06-04T23:49:08.038+0000] {processor.py:183} INFO - Processing /home/airflow/.local/lib/python3.12/site-packages/airflow/example_dags/example_local_kubernetes_executor.py took 0.243 seconds
[2024-06-04T23:49:38.482+0000] {processor.py:161} INFO - Started process (PID=172411) to work on /home/airflow/.local/lib/python3.12/site-packages/airflow/example_dags/example_local_kubernetes_executor.py
[2024-06-04T23:49:38.485+0000] {processor.py:830} INFO - Processing file /home/airflow/.local/lib/python3.12/site-packages/airflow/example_dags/example_local_kubernetes_executor.py for tasks to queue
[2024-06-04T23:49:38.489+0000] {logging_mixin.py:188} INFO - [2024-06-04T23:49:38.488+0000] {dagbag.py:545} INFO - Filling up the DagBag from /home/airflow/.local/lib/python3.12/site-packages/airflow/example_dags/example_local_kubernetes_executor.py
[2024-06-04T23:49:38.502+0000] {processor.py:840} INFO - DAG(s) 'example_local_kubernetes_executor' retrieved from /home/airflow/.local/lib/python3.12/site-packages/airflow/example_dags/example_local_kubernetes_executor.py
[2024-06-04T23:49:38.575+0000] {logging_mixin.py:188} INFO - [2024-06-04T23:49:38.575+0000] {dag.py:3096} INFO - Sync 1 DAGs
[2024-06-04T23:49:38.604+0000] {logging_mixin.py:188} INFO - [2024-06-04T23:49:38.603+0000] {dag.py:3954} INFO - Setting next_dagrun for example_local_kubernetes_executor to None, run_after=None
[2024-06-04T23:49:38.651+0000] {processor.py:183} INFO - Processing /home/airflow/.local/lib/python3.12/site-packages/airflow/example_dags/example_local_kubernetes_executor.py took 0.181 seconds
[2024-06-04T23:50:09.286+0000] {processor.py:161} INFO - Started process (PID=172667) to work on /home/airflow/.local/lib/python3.12/site-packages/airflow/example_dags/example_local_kubernetes_executor.py
[2024-06-04T23:50:09.287+0000] {processor.py:830} INFO - Processing file /home/airflow/.local/lib/python3.12/site-packages/airflow/example_dags/example_local_kubernetes_executor.py for tasks to queue
[2024-06-04T23:50:09.290+0000] {logging_mixin.py:188} INFO - [2024-06-04T23:50:09.290+0000] {dagbag.py:545} INFO - Filling up the DagBag from /home/airflow/.local/lib/python3.12/site-packages/airflow/example_dags/example_local_kubernetes_executor.py
[2024-06-04T23:50:09.303+0000] {processor.py:840} INFO - DAG(s) 'example_local_kubernetes_executor' retrieved from /home/airflow/.local/lib/python3.12/site-packages/airflow/example_dags/example_local_kubernetes_executor.py
[2024-06-04T23:50:09.391+0000] {logging_mixin.py:188} INFO - [2024-06-04T23:50:09.389+0000] {dag.py:3096} INFO - Sync 1 DAGs
[2024-06-04T23:50:09.446+0000] {logging_mixin.py:188} INFO - [2024-06-04T23:50:09.446+0000] {dag.py:3954} INFO - Setting next_dagrun for example_local_kubernetes_executor to None, run_after=None
[2024-06-04T23:50:09.496+0000] {processor.py:183} INFO - Processing /home/airflow/.local/lib/python3.12/site-packages/airflow/example_dags/example_local_kubernetes_executor.py took 0.224 seconds
[2024-06-04T23:50:40.040+0000] {processor.py:161} INFO - Started process (PID=172929) to work on /home/airflow/.local/lib/python3.12/site-packages/airflow/example_dags/example_local_kubernetes_executor.py
[2024-06-04T23:50:40.042+0000] {processor.py:830} INFO - Processing file /home/airflow/.local/lib/python3.12/site-packages/airflow/example_dags/example_local_kubernetes_executor.py for tasks to queue
[2024-06-04T23:50:40.046+0000] {logging_mixin.py:188} INFO - [2024-06-04T23:50:40.045+0000] {dagbag.py:545} INFO - Filling up the DagBag from /home/airflow/.local/lib/python3.12/site-packages/airflow/example_dags/example_local_kubernetes_executor.py
[2024-06-04T23:50:40.061+0000] {processor.py:840} INFO - DAG(s) 'example_local_kubernetes_executor' retrieved from /home/airflow/.local/lib/python3.12/site-packages/airflow/example_dags/example_local_kubernetes_executor.py
[2024-06-04T23:50:40.139+0000] {logging_mixin.py:188} INFO - [2024-06-04T23:50:40.138+0000] {dag.py:3096} INFO - Sync 1 DAGs
[2024-06-04T23:50:40.166+0000] {logging_mixin.py:188} INFO - [2024-06-04T23:50:40.166+0000] {dag.py:3954} INFO - Setting next_dagrun for example_local_kubernetes_executor to None, run_after=None
[2024-06-04T23:50:40.222+0000] {processor.py:183} INFO - Processing /home/airflow/.local/lib/python3.12/site-packages/airflow/example_dags/example_local_kubernetes_executor.py took 0.200 seconds
[2024-06-04T23:51:10.883+0000] {processor.py:161} INFO - Started process (PID=173191) to work on /home/airflow/.local/lib/python3.12/site-packages/airflow/example_dags/example_local_kubernetes_executor.py
[2024-06-04T23:51:10.885+0000] {processor.py:830} INFO - Processing file /home/airflow/.local/lib/python3.12/site-packages/airflow/example_dags/example_local_kubernetes_executor.py for tasks to queue
[2024-06-04T23:51:10.888+0000] {logging_mixin.py:188} INFO - [2024-06-04T23:51:10.887+0000] {dagbag.py:545} INFO - Filling up the DagBag from /home/airflow/.local/lib/python3.12/site-packages/airflow/example_dags/example_local_kubernetes_executor.py
[2024-06-04T23:51:10.903+0000] {processor.py:840} INFO - DAG(s) 'example_local_kubernetes_executor' retrieved from /home/airflow/.local/lib/python3.12/site-packages/airflow/example_dags/example_local_kubernetes_executor.py
[2024-06-04T23:51:10.988+0000] {logging_mixin.py:188} INFO - [2024-06-04T23:51:10.988+0000] {dag.py:3096} INFO - Sync 1 DAGs
[2024-06-04T23:51:11.016+0000] {logging_mixin.py:188} INFO - [2024-06-04T23:51:11.015+0000] {dag.py:3954} INFO - Setting next_dagrun for example_local_kubernetes_executor to None, run_after=None
[2024-06-04T23:51:11.089+0000] {processor.py:183} INFO - Processing /home/airflow/.local/lib/python3.12/site-packages/airflow/example_dags/example_local_kubernetes_executor.py took 0.219 seconds
[2024-06-04T23:51:41.719+0000] {processor.py:161} INFO - Started process (PID=173454) to work on /home/airflow/.local/lib/python3.12/site-packages/airflow/example_dags/example_local_kubernetes_executor.py
[2024-06-04T23:51:41.724+0000] {processor.py:830} INFO - Processing file /home/airflow/.local/lib/python3.12/site-packages/airflow/example_dags/example_local_kubernetes_executor.py for tasks to queue
[2024-06-04T23:51:41.729+0000] {logging_mixin.py:188} INFO - [2024-06-04T23:51:41.728+0000] {dagbag.py:545} INFO - Filling up the DagBag from /home/airflow/.local/lib/python3.12/site-packages/airflow/example_dags/example_local_kubernetes_executor.py
[2024-06-04T23:51:41.745+0000] {processor.py:840} INFO - DAG(s) 'example_local_kubernetes_executor' retrieved from /home/airflow/.local/lib/python3.12/site-packages/airflow/example_dags/example_local_kubernetes_executor.py
[2024-06-04T23:51:41.820+0000] {logging_mixin.py:188} INFO - [2024-06-04T23:51:41.819+0000] {dag.py:3096} INFO - Sync 1 DAGs
[2024-06-04T23:51:41.852+0000] {logging_mixin.py:188} INFO - [2024-06-04T23:51:41.851+0000] {dag.py:3954} INFO - Setting next_dagrun for example_local_kubernetes_executor to None, run_after=None
[2024-06-04T23:51:41.901+0000] {processor.py:183} INFO - Processing /home/airflow/.local/lib/python3.12/site-packages/airflow/example_dags/example_local_kubernetes_executor.py took 0.196 seconds
[2024-06-04T23:52:12.330+0000] {processor.py:161} INFO - Started process (PID=173715) to work on /home/airflow/.local/lib/python3.12/site-packages/airflow/example_dags/example_local_kubernetes_executor.py
[2024-06-04T23:52:12.336+0000] {processor.py:830} INFO - Processing file /home/airflow/.local/lib/python3.12/site-packages/airflow/example_dags/example_local_kubernetes_executor.py for tasks to queue
[2024-06-04T23:52:12.339+0000] {logging_mixin.py:188} INFO - [2024-06-04T23:52:12.339+0000] {dagbag.py:545} INFO - Filling up the DagBag from /home/airflow/.local/lib/python3.12/site-packages/airflow/example_dags/example_local_kubernetes_executor.py
[2024-06-04T23:52:12.361+0000] {processor.py:840} INFO - DAG(s) 'example_local_kubernetes_executor' retrieved from /home/airflow/.local/lib/python3.12/site-packages/airflow/example_dags/example_local_kubernetes_executor.py
[2024-06-04T23:52:12.505+0000] {logging_mixin.py:188} INFO - [2024-06-04T23:52:12.504+0000] {dag.py:3096} INFO - Sync 1 DAGs
[2024-06-04T23:52:12.594+0000] {logging_mixin.py:188} INFO - [2024-06-04T23:52:12.594+0000] {dag.py:3954} INFO - Setting next_dagrun for example_local_kubernetes_executor to None, run_after=None
[2024-06-04T23:52:12.701+0000] {processor.py:183} INFO - Processing /home/airflow/.local/lib/python3.12/site-packages/airflow/example_dags/example_local_kubernetes_executor.py took 0.393 seconds
[2024-06-04T23:52:43.217+0000] {processor.py:161} INFO - Started process (PID=173977) to work on /home/airflow/.local/lib/python3.12/site-packages/airflow/example_dags/example_local_kubernetes_executor.py
[2024-06-04T23:52:43.219+0000] {processor.py:830} INFO - Processing file /home/airflow/.local/lib/python3.12/site-packages/airflow/example_dags/example_local_kubernetes_executor.py for tasks to queue
[2024-06-04T23:52:43.223+0000] {logging_mixin.py:188} INFO - [2024-06-04T23:52:43.222+0000] {dagbag.py:545} INFO - Filling up the DagBag from /home/airflow/.local/lib/python3.12/site-packages/airflow/example_dags/example_local_kubernetes_executor.py
[2024-06-04T23:52:43.238+0000] {processor.py:840} INFO - DAG(s) 'example_local_kubernetes_executor' retrieved from /home/airflow/.local/lib/python3.12/site-packages/airflow/example_dags/example_local_kubernetes_executor.py
[2024-06-04T23:52:43.324+0000] {logging_mixin.py:188} INFO - [2024-06-04T23:52:43.324+0000] {dag.py:3096} INFO - Sync 1 DAGs
[2024-06-04T23:52:43.356+0000] {logging_mixin.py:188} INFO - [2024-06-04T23:52:43.355+0000] {dag.py:3954} INFO - Setting next_dagrun for example_local_kubernetes_executor to None, run_after=None
[2024-06-04T23:52:43.401+0000] {processor.py:183} INFO - Processing /home/airflow/.local/lib/python3.12/site-packages/airflow/example_dags/example_local_kubernetes_executor.py took 0.197 seconds
[2024-06-04T23:53:13.885+0000] {processor.py:161} INFO - Started process (PID=174239) to work on /home/airflow/.local/lib/python3.12/site-packages/airflow/example_dags/example_local_kubernetes_executor.py
[2024-06-04T23:53:13.886+0000] {processor.py:830} INFO - Processing file /home/airflow/.local/lib/python3.12/site-packages/airflow/example_dags/example_local_kubernetes_executor.py for tasks to queue
[2024-06-04T23:53:13.890+0000] {logging_mixin.py:188} INFO - [2024-06-04T23:53:13.890+0000] {dagbag.py:545} INFO - Filling up the DagBag from /home/airflow/.local/lib/python3.12/site-packages/airflow/example_dags/example_local_kubernetes_executor.py
[2024-06-04T23:53:13.904+0000] {processor.py:840} INFO - DAG(s) 'example_local_kubernetes_executor' retrieved from /home/airflow/.local/lib/python3.12/site-packages/airflow/example_dags/example_local_kubernetes_executor.py
[2024-06-04T23:53:14.018+0000] {logging_mixin.py:188} INFO - [2024-06-04T23:53:14.017+0000] {dag.py:3096} INFO - Sync 1 DAGs
[2024-06-04T23:53:14.047+0000] {logging_mixin.py:188} INFO - [2024-06-04T23:53:14.046+0000] {dag.py:3954} INFO - Setting next_dagrun for example_local_kubernetes_executor to None, run_after=None
[2024-06-04T23:53:14.101+0000] {processor.py:183} INFO - Processing /home/airflow/.local/lib/python3.12/site-packages/airflow/example_dags/example_local_kubernetes_executor.py took 0.231 seconds
[2024-06-04T23:53:45.290+0000] {processor.py:161} INFO - Started process (PID=174502) to work on /home/airflow/.local/lib/python3.12/site-packages/airflow/example_dags/example_local_kubernetes_executor.py
[2024-06-04T23:53:45.302+0000] {processor.py:830} INFO - Processing file /home/airflow/.local/lib/python3.12/site-packages/airflow/example_dags/example_local_kubernetes_executor.py for tasks to queue
[2024-06-04T23:53:45.305+0000] {logging_mixin.py:188} INFO - [2024-06-04T23:53:45.304+0000] {dagbag.py:545} INFO - Filling up the DagBag from /home/airflow/.local/lib/python3.12/site-packages/airflow/example_dags/example_local_kubernetes_executor.py
[2024-06-04T23:53:45.336+0000] {processor.py:840} INFO - DAG(s) 'example_local_kubernetes_executor' retrieved from /home/airflow/.local/lib/python3.12/site-packages/airflow/example_dags/example_local_kubernetes_executor.py
[2024-06-04T23:53:45.507+0000] {logging_mixin.py:188} INFO - [2024-06-04T23:53:45.506+0000] {dag.py:3096} INFO - Sync 1 DAGs
[2024-06-04T23:53:45.570+0000] {logging_mixin.py:188} INFO - [2024-06-04T23:53:45.570+0000] {dag.py:3954} INFO - Setting next_dagrun for example_local_kubernetes_executor to None, run_after=None
[2024-06-04T23:53:45.653+0000] {processor.py:183} INFO - Processing /home/airflow/.local/lib/python3.12/site-packages/airflow/example_dags/example_local_kubernetes_executor.py took 0.387 seconds
[2024-06-04T23:54:16.430+0000] {processor.py:161} INFO - Started process (PID=174763) to work on /home/airflow/.local/lib/python3.12/site-packages/airflow/example_dags/example_local_kubernetes_executor.py
[2024-06-04T23:54:16.431+0000] {processor.py:830} INFO - Processing file /home/airflow/.local/lib/python3.12/site-packages/airflow/example_dags/example_local_kubernetes_executor.py for tasks to queue
[2024-06-04T23:54:16.435+0000] {logging_mixin.py:188} INFO - [2024-06-04T23:54:16.434+0000] {dagbag.py:545} INFO - Filling up the DagBag from /home/airflow/.local/lib/python3.12/site-packages/airflow/example_dags/example_local_kubernetes_executor.py
[2024-06-04T23:54:16.450+0000] {processor.py:840} INFO - DAG(s) 'example_local_kubernetes_executor' retrieved from /home/airflow/.local/lib/python3.12/site-packages/airflow/example_dags/example_local_kubernetes_executor.py
[2024-06-04T23:54:16.542+0000] {logging_mixin.py:188} INFO - [2024-06-04T23:54:16.541+0000] {dag.py:3096} INFO - Sync 1 DAGs
[2024-06-04T23:54:16.575+0000] {logging_mixin.py:188} INFO - [2024-06-04T23:54:16.574+0000] {dag.py:3954} INFO - Setting next_dagrun for example_local_kubernetes_executor to None, run_after=None
[2024-06-04T23:54:16.629+0000] {processor.py:183} INFO - Processing /home/airflow/.local/lib/python3.12/site-packages/airflow/example_dags/example_local_kubernetes_executor.py took 0.214 seconds
[2024-06-04T23:54:47.467+0000] {processor.py:161} INFO - Started process (PID=175025) to work on /home/airflow/.local/lib/python3.12/site-packages/airflow/example_dags/example_local_kubernetes_executor.py
[2024-06-04T23:54:47.469+0000] {processor.py:830} INFO - Processing file /home/airflow/.local/lib/python3.12/site-packages/airflow/example_dags/example_local_kubernetes_executor.py for tasks to queue
[2024-06-04T23:54:47.473+0000] {logging_mixin.py:188} INFO - [2024-06-04T23:54:47.472+0000] {dagbag.py:545} INFO - Filling up the DagBag from /home/airflow/.local/lib/python3.12/site-packages/airflow/example_dags/example_local_kubernetes_executor.py
[2024-06-04T23:54:47.489+0000] {processor.py:840} INFO - DAG(s) 'example_local_kubernetes_executor' retrieved from /home/airflow/.local/lib/python3.12/site-packages/airflow/example_dags/example_local_kubernetes_executor.py
[2024-06-04T23:54:47.577+0000] {logging_mixin.py:188} INFO - [2024-06-04T23:54:47.577+0000] {dag.py:3096} INFO - Sync 1 DAGs
[2024-06-04T23:54:47.622+0000] {logging_mixin.py:188} INFO - [2024-06-04T23:54:47.621+0000] {dag.py:3954} INFO - Setting next_dagrun for example_local_kubernetes_executor to None, run_after=None
[2024-06-04T23:54:47.711+0000] {processor.py:183} INFO - Processing /home/airflow/.local/lib/python3.12/site-packages/airflow/example_dags/example_local_kubernetes_executor.py took 0.260 seconds
[2024-06-04T23:55:18.029+0000] {processor.py:161} INFO - Started process (PID=175287) to work on /home/airflow/.local/lib/python3.12/site-packages/airflow/example_dags/example_local_kubernetes_executor.py
[2024-06-04T23:55:18.043+0000] {processor.py:830} INFO - Processing file /home/airflow/.local/lib/python3.12/site-packages/airflow/example_dags/example_local_kubernetes_executor.py for tasks to queue
[2024-06-04T23:55:18.047+0000] {logging_mixin.py:188} INFO - [2024-06-04T23:55:18.046+0000] {dagbag.py:545} INFO - Filling up the DagBag from /home/airflow/.local/lib/python3.12/site-packages/airflow/example_dags/example_local_kubernetes_executor.py
[2024-06-04T23:55:18.088+0000] {processor.py:840} INFO - DAG(s) 'example_local_kubernetes_executor' retrieved from /home/airflow/.local/lib/python3.12/site-packages/airflow/example_dags/example_local_kubernetes_executor.py
[2024-06-04T23:55:18.256+0000] {logging_mixin.py:188} INFO - [2024-06-04T23:55:18.256+0000] {dag.py:3096} INFO - Sync 1 DAGs
[2024-06-04T23:55:18.311+0000] {logging_mixin.py:188} INFO - [2024-06-04T23:55:18.311+0000] {dag.py:3954} INFO - Setting next_dagrun for example_local_kubernetes_executor to None, run_after=None
[2024-06-04T23:55:18.484+0000] {processor.py:183} INFO - Processing /home/airflow/.local/lib/python3.12/site-packages/airflow/example_dags/example_local_kubernetes_executor.py took 0.481 seconds
[2024-06-04T23:55:48.890+0000] {processor.py:161} INFO - Started process (PID=175550) to work on /home/airflow/.local/lib/python3.12/site-packages/airflow/example_dags/example_local_kubernetes_executor.py
[2024-06-04T23:55:48.891+0000] {processor.py:830} INFO - Processing file /home/airflow/.local/lib/python3.12/site-packages/airflow/example_dags/example_local_kubernetes_executor.py for tasks to queue
[2024-06-04T23:55:48.895+0000] {logging_mixin.py:188} INFO - [2024-06-04T23:55:48.894+0000] {dagbag.py:545} INFO - Filling up the DagBag from /home/airflow/.local/lib/python3.12/site-packages/airflow/example_dags/example_local_kubernetes_executor.py
[2024-06-04T23:55:48.911+0000] {processor.py:840} INFO - DAG(s) 'example_local_kubernetes_executor' retrieved from /home/airflow/.local/lib/python3.12/site-packages/airflow/example_dags/example_local_kubernetes_executor.py
[2024-06-04T23:55:49.013+0000] {logging_mixin.py:188} INFO - [2024-06-04T23:55:49.012+0000] {dag.py:3096} INFO - Sync 1 DAGs
[2024-06-04T23:55:49.050+0000] {logging_mixin.py:188} INFO - [2024-06-04T23:55:49.049+0000] {dag.py:3954} INFO - Setting next_dagrun for example_local_kubernetes_executor to None, run_after=None
[2024-06-04T23:55:49.103+0000] {processor.py:183} INFO - Processing /home/airflow/.local/lib/python3.12/site-packages/airflow/example_dags/example_local_kubernetes_executor.py took 0.229 seconds
[2024-06-04T23:56:19.334+0000] {processor.py:161} INFO - Started process (PID=175812) to work on /home/airflow/.local/lib/python3.12/site-packages/airflow/example_dags/example_local_kubernetes_executor.py
[2024-06-04T23:56:19.336+0000] {processor.py:830} INFO - Processing file /home/airflow/.local/lib/python3.12/site-packages/airflow/example_dags/example_local_kubernetes_executor.py for tasks to queue
[2024-06-04T23:56:19.341+0000] {logging_mixin.py:188} INFO - [2024-06-04T23:56:19.340+0000] {dagbag.py:545} INFO - Filling up the DagBag from /home/airflow/.local/lib/python3.12/site-packages/airflow/example_dags/example_local_kubernetes_executor.py
[2024-06-04T23:56:19.355+0000] {processor.py:840} INFO - DAG(s) 'example_local_kubernetes_executor' retrieved from /home/airflow/.local/lib/python3.12/site-packages/airflow/example_dags/example_local_kubernetes_executor.py
[2024-06-04T23:56:19.443+0000] {logging_mixin.py:188} INFO - [2024-06-04T23:56:19.442+0000] {dag.py:3096} INFO - Sync 1 DAGs
[2024-06-04T23:56:19.481+0000] {logging_mixin.py:188} INFO - [2024-06-04T23:56:19.480+0000] {dag.py:3954} INFO - Setting next_dagrun for example_local_kubernetes_executor to None, run_after=None
[2024-06-04T23:56:19.528+0000] {processor.py:183} INFO - Processing /home/airflow/.local/lib/python3.12/site-packages/airflow/example_dags/example_local_kubernetes_executor.py took 0.210 seconds
[2024-06-04T23:56:49.627+0000] {processor.py:161} INFO - Started process (PID=176071) to work on /home/airflow/.local/lib/python3.12/site-packages/airflow/example_dags/example_local_kubernetes_executor.py
[2024-06-04T23:56:49.629+0000] {processor.py:830} INFO - Processing file /home/airflow/.local/lib/python3.12/site-packages/airflow/example_dags/example_local_kubernetes_executor.py for tasks to queue
[2024-06-04T23:56:49.633+0000] {logging_mixin.py:188} INFO - [2024-06-04T23:56:49.632+0000] {dagbag.py:545} INFO - Filling up the DagBag from /home/airflow/.local/lib/python3.12/site-packages/airflow/example_dags/example_local_kubernetes_executor.py
[2024-06-04T23:56:49.647+0000] {processor.py:840} INFO - DAG(s) 'example_local_kubernetes_executor' retrieved from /home/airflow/.local/lib/python3.12/site-packages/airflow/example_dags/example_local_kubernetes_executor.py
[2024-06-04T23:56:49.717+0000] {logging_mixin.py:188} INFO - [2024-06-04T23:56:49.717+0000] {dag.py:3096} INFO - Sync 1 DAGs
[2024-06-04T23:56:49.745+0000] {logging_mixin.py:188} INFO - [2024-06-04T23:56:49.745+0000] {dag.py:3954} INFO - Setting next_dagrun for example_local_kubernetes_executor to None, run_after=None
[2024-06-04T23:56:49.808+0000] {processor.py:183} INFO - Processing /home/airflow/.local/lib/python3.12/site-packages/airflow/example_dags/example_local_kubernetes_executor.py took 0.193 seconds
[2024-06-04T23:57:20.469+0000] {processor.py:161} INFO - Started process (PID=176335) to work on /home/airflow/.local/lib/python3.12/site-packages/airflow/example_dags/example_local_kubernetes_executor.py
[2024-06-04T23:57:20.486+0000] {processor.py:830} INFO - Processing file /home/airflow/.local/lib/python3.12/site-packages/airflow/example_dags/example_local_kubernetes_executor.py for tasks to queue
[2024-06-04T23:57:20.492+0000] {logging_mixin.py:188} INFO - [2024-06-04T23:57:20.491+0000] {dagbag.py:545} INFO - Filling up the DagBag from /home/airflow/.local/lib/python3.12/site-packages/airflow/example_dags/example_local_kubernetes_executor.py
[2024-06-04T23:57:20.531+0000] {processor.py:840} INFO - DAG(s) 'example_local_kubernetes_executor' retrieved from /home/airflow/.local/lib/python3.12/site-packages/airflow/example_dags/example_local_kubernetes_executor.py
[2024-06-04T23:57:20.620+0000] {logging_mixin.py:188} INFO - [2024-06-04T23:57:20.620+0000] {dag.py:3096} INFO - Sync 1 DAGs
[2024-06-04T23:57:20.653+0000] {logging_mixin.py:188} INFO - [2024-06-04T23:57:20.652+0000] {dag.py:3954} INFO - Setting next_dagrun for example_local_kubernetes_executor to None, run_after=None
[2024-06-04T23:57:20.702+0000] {processor.py:183} INFO - Processing /home/airflow/.local/lib/python3.12/site-packages/airflow/example_dags/example_local_kubernetes_executor.py took 0.254 seconds
[2024-06-04T23:57:50.833+0000] {processor.py:161} INFO - Started process (PID=176594) to work on /home/airflow/.local/lib/python3.12/site-packages/airflow/example_dags/example_local_kubernetes_executor.py
[2024-06-04T23:57:50.834+0000] {processor.py:830} INFO - Processing file /home/airflow/.local/lib/python3.12/site-packages/airflow/example_dags/example_local_kubernetes_executor.py for tasks to queue
[2024-06-04T23:57:50.838+0000] {logging_mixin.py:188} INFO - [2024-06-04T23:57:50.837+0000] {dagbag.py:545} INFO - Filling up the DagBag from /home/airflow/.local/lib/python3.12/site-packages/airflow/example_dags/example_local_kubernetes_executor.py
[2024-06-04T23:57:50.853+0000] {processor.py:840} INFO - DAG(s) 'example_local_kubernetes_executor' retrieved from /home/airflow/.local/lib/python3.12/site-packages/airflow/example_dags/example_local_kubernetes_executor.py
[2024-06-04T23:57:50.945+0000] {logging_mixin.py:188} INFO - [2024-06-04T23:57:50.945+0000] {dag.py:3096} INFO - Sync 1 DAGs
[2024-06-04T23:57:50.973+0000] {logging_mixin.py:188} INFO - [2024-06-04T23:57:50.973+0000] {dag.py:3954} INFO - Setting next_dagrun for example_local_kubernetes_executor to None, run_after=None
[2024-06-04T23:57:51.031+0000] {processor.py:183} INFO - Processing /home/airflow/.local/lib/python3.12/site-packages/airflow/example_dags/example_local_kubernetes_executor.py took 0.220 seconds
[2024-06-04T23:58:21.818+0000] {processor.py:161} INFO - Started process (PID=176859) to work on /home/airflow/.local/lib/python3.12/site-packages/airflow/example_dags/example_local_kubernetes_executor.py
[2024-06-04T23:58:21.836+0000] {processor.py:830} INFO - Processing file /home/airflow/.local/lib/python3.12/site-packages/airflow/example_dags/example_local_kubernetes_executor.py for tasks to queue
[2024-06-04T23:58:21.842+0000] {logging_mixin.py:188} INFO - [2024-06-04T23:58:21.841+0000] {dagbag.py:545} INFO - Filling up the DagBag from /home/airflow/.local/lib/python3.12/site-packages/airflow/example_dags/example_local_kubernetes_executor.py
[2024-06-04T23:58:21.872+0000] {processor.py:840} INFO - DAG(s) 'example_local_kubernetes_executor' retrieved from /home/airflow/.local/lib/python3.12/site-packages/airflow/example_dags/example_local_kubernetes_executor.py
[2024-06-04T23:58:22.044+0000] {logging_mixin.py:188} INFO - [2024-06-04T23:58:22.044+0000] {dag.py:3096} INFO - Sync 1 DAGs
[2024-06-04T23:58:22.114+0000] {logging_mixin.py:188} INFO - [2024-06-04T23:58:22.113+0000] {dag.py:3954} INFO - Setting next_dagrun for example_local_kubernetes_executor to None, run_after=None
[2024-06-04T23:58:22.207+0000] {processor.py:183} INFO - Processing /home/airflow/.local/lib/python3.12/site-packages/airflow/example_dags/example_local_kubernetes_executor.py took 0.417 seconds
[2024-06-04T23:58:52.715+0000] {processor.py:161} INFO - Started process (PID=177120) to work on /home/airflow/.local/lib/python3.12/site-packages/airflow/example_dags/example_local_kubernetes_executor.py
[2024-06-04T23:58:52.716+0000] {processor.py:830} INFO - Processing file /home/airflow/.local/lib/python3.12/site-packages/airflow/example_dags/example_local_kubernetes_executor.py for tasks to queue
[2024-06-04T23:58:52.721+0000] {logging_mixin.py:188} INFO - [2024-06-04T23:58:52.720+0000] {dagbag.py:545} INFO - Filling up the DagBag from /home/airflow/.local/lib/python3.12/site-packages/airflow/example_dags/example_local_kubernetes_executor.py
[2024-06-04T23:58:52.735+0000] {processor.py:840} INFO - DAG(s) 'example_local_kubernetes_executor' retrieved from /home/airflow/.local/lib/python3.12/site-packages/airflow/example_dags/example_local_kubernetes_executor.py
[2024-06-04T23:58:52.821+0000] {logging_mixin.py:188} INFO - [2024-06-04T23:58:52.820+0000] {dag.py:3096} INFO - Sync 1 DAGs
[2024-06-04T23:58:52.854+0000] {logging_mixin.py:188} INFO - [2024-06-04T23:58:52.853+0000] {dag.py:3954} INFO - Setting next_dagrun for example_local_kubernetes_executor to None, run_after=None
[2024-06-04T23:58:52.919+0000] {processor.py:183} INFO - Processing /home/airflow/.local/lib/python3.12/site-packages/airflow/example_dags/example_local_kubernetes_executor.py took 0.219 seconds
[2024-06-04T23:59:23.774+0000] {processor.py:161} INFO - Started process (PID=177381) to work on /home/airflow/.local/lib/python3.12/site-packages/airflow/example_dags/example_local_kubernetes_executor.py
[2024-06-04T23:59:23.776+0000] {processor.py:830} INFO - Processing file /home/airflow/.local/lib/python3.12/site-packages/airflow/example_dags/example_local_kubernetes_executor.py for tasks to queue
[2024-06-04T23:59:23.780+0000] {logging_mixin.py:188} INFO - [2024-06-04T23:59:23.779+0000] {dagbag.py:545} INFO - Filling up the DagBag from /home/airflow/.local/lib/python3.12/site-packages/airflow/example_dags/example_local_kubernetes_executor.py
[2024-06-04T23:59:23.796+0000] {processor.py:840} INFO - DAG(s) 'example_local_kubernetes_executor' retrieved from /home/airflow/.local/lib/python3.12/site-packages/airflow/example_dags/example_local_kubernetes_executor.py
[2024-06-04T23:59:23.883+0000] {logging_mixin.py:188} INFO - [2024-06-04T23:59:23.882+0000] {dag.py:3096} INFO - Sync 1 DAGs
[2024-06-04T23:59:23.914+0000] {logging_mixin.py:188} INFO - [2024-06-04T23:59:23.913+0000] {dag.py:3954} INFO - Setting next_dagrun for example_local_kubernetes_executor to None, run_after=None
[2024-06-04T23:59:23.986+0000] {processor.py:183} INFO - Processing /home/airflow/.local/lib/python3.12/site-packages/airflow/example_dags/example_local_kubernetes_executor.py took 0.228 seconds
[2024-06-04T23:59:54.456+0000] {processor.py:161} INFO - Started process (PID=177643) to work on /home/airflow/.local/lib/python3.12/site-packages/airflow/example_dags/example_local_kubernetes_executor.py
[2024-06-04T23:59:54.457+0000] {processor.py:830} INFO - Processing file /home/airflow/.local/lib/python3.12/site-packages/airflow/example_dags/example_local_kubernetes_executor.py for tasks to queue
[2024-06-04T23:59:54.461+0000] {logging_mixin.py:188} INFO - [2024-06-04T23:59:54.461+0000] {dagbag.py:545} INFO - Filling up the DagBag from /home/airflow/.local/lib/python3.12/site-packages/airflow/example_dags/example_local_kubernetes_executor.py
[2024-06-04T23:59:54.477+0000] {processor.py:840} INFO - DAG(s) 'example_local_kubernetes_executor' retrieved from /home/airflow/.local/lib/python3.12/site-packages/airflow/example_dags/example_local_kubernetes_executor.py
[2024-06-04T23:59:54.572+0000] {logging_mixin.py:188} INFO - [2024-06-04T23:59:54.572+0000] {dag.py:3096} INFO - Sync 1 DAGs
[2024-06-04T23:59:54.921+0000] {logging_mixin.py:188} INFO - [2024-06-04T23:59:54.920+0000] {dag.py:3954} INFO - Setting next_dagrun for example_local_kubernetes_executor to None, run_after=None
[2024-06-04T23:59:55.040+0000] {processor.py:183} INFO - Processing /home/airflow/.local/lib/python3.12/site-packages/airflow/example_dags/example_local_kubernetes_executor.py took 0.599 seconds
