[2024-06-04T23:44:07.941+0000] {processor.py:161} INFO - Started process (PID=169642) to work on /home/airflow/.local/lib/python3.12/site-packages/airflow/example_dags/example_latest_only.py
[2024-06-04T23:44:07.942+0000] {processor.py:830} INFO - Processing file /home/airflow/.local/lib/python3.12/site-packages/airflow/example_dags/example_latest_only.py for tasks to queue
[2024-06-04T23:44:07.945+0000] {logging_mixin.py:188} INFO - [2024-06-04T23:44:07.945+0000] {dagbag.py:545} INFO - Filling up the DagBag from /home/airflow/.local/lib/python3.12/site-packages/airflow/example_dags/example_latest_only.py
[2024-06-04T23:44:07.955+0000] {processor.py:840} INFO - DAG(s) 'latest_only' retrieved from /home/airflow/.local/lib/python3.12/site-packages/airflow/example_dags/example_latest_only.py
[2024-06-04T23:44:08.097+0000] {logging_mixin.py:188} INFO - [2024-06-04T23:44:08.096+0000] {dag.py:3096} INFO - Sync 1 DAGs
[2024-06-04T23:44:08.206+0000] {logging_mixin.py:188} INFO - [2024-06-04T23:44:08.206+0000] {dag.py:3954} INFO - Setting next_dagrun for latest_only to 2024-06-04 16:00:00+00:00, run_after=2024-06-04 20:00:00+00:00
[2024-06-04T23:44:08.470+0000] {processor.py:183} INFO - Processing /home/airflow/.local/lib/python3.12/site-packages/airflow/example_dags/example_latest_only.py took 0.541 seconds
[2024-06-04T23:44:38.762+0000] {processor.py:161} INFO - Started process (PID=169904) to work on /home/airflow/.local/lib/python3.12/site-packages/airflow/example_dags/example_latest_only.py
[2024-06-04T23:44:38.773+0000] {processor.py:830} INFO - Processing file /home/airflow/.local/lib/python3.12/site-packages/airflow/example_dags/example_latest_only.py for tasks to queue
[2024-06-04T23:44:38.777+0000] {logging_mixin.py:188} INFO - [2024-06-04T23:44:38.776+0000] {dagbag.py:545} INFO - Filling up the DagBag from /home/airflow/.local/lib/python3.12/site-packages/airflow/example_dags/example_latest_only.py
[2024-06-04T23:44:38.798+0000] {processor.py:840} INFO - DAG(s) 'latest_only' retrieved from /home/airflow/.local/lib/python3.12/site-packages/airflow/example_dags/example_latest_only.py
[2024-06-04T23:44:38.842+0000] {logging_mixin.py:188} INFO - [2024-06-04T23:44:38.841+0000] {dag.py:3096} INFO - Sync 1 DAGs
[2024-06-04T23:44:38.894+0000] {logging_mixin.py:188} INFO - [2024-06-04T23:44:38.894+0000] {dag.py:3954} INFO - Setting next_dagrun for latest_only to 2024-06-04 16:00:00+00:00, run_after=2024-06-04 20:00:00+00:00
[2024-06-04T23:44:38.954+0000] {processor.py:183} INFO - Processing /home/airflow/.local/lib/python3.12/site-packages/airflow/example_dags/example_latest_only.py took 0.204 seconds
[2024-06-04T23:45:09.049+0000] {processor.py:161} INFO - Started process (PID=170165) to work on /home/airflow/.local/lib/python3.12/site-packages/airflow/example_dags/example_latest_only.py
[2024-06-04T23:45:09.066+0000] {processor.py:830} INFO - Processing file /home/airflow/.local/lib/python3.12/site-packages/airflow/example_dags/example_latest_only.py for tasks to queue
[2024-06-04T23:45:09.070+0000] {logging_mixin.py:188} INFO - [2024-06-04T23:45:09.069+0000] {dagbag.py:545} INFO - Filling up the DagBag from /home/airflow/.local/lib/python3.12/site-packages/airflow/example_dags/example_latest_only.py
[2024-06-04T23:45:09.088+0000] {processor.py:840} INFO - DAG(s) 'latest_only' retrieved from /home/airflow/.local/lib/python3.12/site-packages/airflow/example_dags/example_latest_only.py
[2024-06-04T23:45:09.189+0000] {logging_mixin.py:188} INFO - [2024-06-04T23:45:09.188+0000] {dag.py:3096} INFO - Sync 1 DAGs
[2024-06-04T23:45:09.263+0000] {logging_mixin.py:188} INFO - [2024-06-04T23:45:09.262+0000] {dag.py:3954} INFO - Setting next_dagrun for latest_only to 2024-06-04 16:00:00+00:00, run_after=2024-06-04 20:00:00+00:00
[2024-06-04T23:45:09.344+0000] {processor.py:183} INFO - Processing /home/airflow/.local/lib/python3.12/site-packages/airflow/example_dags/example_latest_only.py took 0.311 seconds
[2024-06-04T23:45:40.260+0000] {processor.py:161} INFO - Started process (PID=170428) to work on /home/airflow/.local/lib/python3.12/site-packages/airflow/example_dags/example_latest_only.py
[2024-06-04T23:45:40.263+0000] {processor.py:830} INFO - Processing file /home/airflow/.local/lib/python3.12/site-packages/airflow/example_dags/example_latest_only.py for tasks to queue
[2024-06-04T23:45:40.272+0000] {logging_mixin.py:188} INFO - [2024-06-04T23:45:40.272+0000] {dagbag.py:545} INFO - Filling up the DagBag from /home/airflow/.local/lib/python3.12/site-packages/airflow/example_dags/example_latest_only.py
[2024-06-04T23:45:40.284+0000] {processor.py:840} INFO - DAG(s) 'latest_only' retrieved from /home/airflow/.local/lib/python3.12/site-packages/airflow/example_dags/example_latest_only.py
[2024-06-04T23:45:40.329+0000] {logging_mixin.py:188} INFO - [2024-06-04T23:45:40.329+0000] {dag.py:3096} INFO - Sync 1 DAGs
[2024-06-04T23:45:40.377+0000] {logging_mixin.py:188} INFO - [2024-06-04T23:45:40.377+0000] {dag.py:3954} INFO - Setting next_dagrun for latest_only to 2024-06-04 16:00:00+00:00, run_after=2024-06-04 20:00:00+00:00
[2024-06-04T23:45:40.457+0000] {processor.py:183} INFO - Processing /home/airflow/.local/lib/python3.12/site-packages/airflow/example_dags/example_latest_only.py took 0.224 seconds
[2024-06-04T23:46:12.548+0000] {processor.py:161} INFO - Started process (PID=170690) to work on /home/airflow/.local/lib/python3.12/site-packages/airflow/example_dags/example_latest_only.py
[2024-06-04T23:46:12.552+0000] {processor.py:830} INFO - Processing file /home/airflow/.local/lib/python3.12/site-packages/airflow/example_dags/example_latest_only.py for tasks to queue
[2024-06-04T23:46:12.555+0000] {logging_mixin.py:188} INFO - [2024-06-04T23:46:12.555+0000] {dagbag.py:545} INFO - Filling up the DagBag from /home/airflow/.local/lib/python3.12/site-packages/airflow/example_dags/example_latest_only.py
[2024-06-04T23:46:12.581+0000] {processor.py:840} INFO - DAG(s) 'latest_only' retrieved from /home/airflow/.local/lib/python3.12/site-packages/airflow/example_dags/example_latest_only.py
[2024-06-04T23:46:12.679+0000] {logging_mixin.py:188} INFO - [2024-06-04T23:46:12.678+0000] {dag.py:3096} INFO - Sync 1 DAGs
[2024-06-04T23:46:12.780+0000] {logging_mixin.py:188} INFO - [2024-06-04T23:46:12.779+0000] {dag.py:3954} INFO - Setting next_dagrun for latest_only to 2024-06-04 16:00:00+00:00, run_after=2024-06-04 20:00:00+00:00
[2024-06-04T23:46:12.865+0000] {processor.py:183} INFO - Processing /home/airflow/.local/lib/python3.12/site-packages/airflow/example_dags/example_latest_only.py took 0.345 seconds
[2024-06-04T23:46:43.541+0000] {processor.py:161} INFO - Started process (PID=170952) to work on /home/airflow/.local/lib/python3.12/site-packages/airflow/example_dags/example_latest_only.py
[2024-06-04T23:46:43.559+0000] {processor.py:830} INFO - Processing file /home/airflow/.local/lib/python3.12/site-packages/airflow/example_dags/example_latest_only.py for tasks to queue
[2024-06-04T23:46:43.577+0000] {logging_mixin.py:188} INFO - [2024-06-04T23:46:43.576+0000] {dagbag.py:545} INFO - Filling up the DagBag from /home/airflow/.local/lib/python3.12/site-packages/airflow/example_dags/example_latest_only.py
[2024-06-04T23:46:43.638+0000] {processor.py:840} INFO - DAG(s) 'latest_only' retrieved from /home/airflow/.local/lib/python3.12/site-packages/airflow/example_dags/example_latest_only.py
[2024-06-04T23:46:43.732+0000] {logging_mixin.py:188} INFO - [2024-06-04T23:46:43.731+0000] {dag.py:3096} INFO - Sync 1 DAGs
[2024-06-04T23:46:43.788+0000] {logging_mixin.py:188} INFO - [2024-06-04T23:46:43.787+0000] {dag.py:3954} INFO - Setting next_dagrun for latest_only to 2024-06-04 16:00:00+00:00, run_after=2024-06-04 20:00:00+00:00
[2024-06-04T23:46:43.869+0000] {processor.py:183} INFO - Processing /home/airflow/.local/lib/python3.12/site-packages/airflow/example_dags/example_latest_only.py took 0.381 seconds
[2024-06-04T23:47:14.847+0000] {processor.py:161} INFO - Started process (PID=171213) to work on /home/airflow/.local/lib/python3.12/site-packages/airflow/example_dags/example_latest_only.py
[2024-06-04T23:47:14.854+0000] {processor.py:830} INFO - Processing file /home/airflow/.local/lib/python3.12/site-packages/airflow/example_dags/example_latest_only.py for tasks to queue
[2024-06-04T23:47:14.861+0000] {logging_mixin.py:188} INFO - [2024-06-04T23:47:14.861+0000] {dagbag.py:545} INFO - Filling up the DagBag from /home/airflow/.local/lib/python3.12/site-packages/airflow/example_dags/example_latest_only.py
[2024-06-04T23:47:14.885+0000] {processor.py:840} INFO - DAG(s) 'latest_only' retrieved from /home/airflow/.local/lib/python3.12/site-packages/airflow/example_dags/example_latest_only.py
[2024-06-04T23:47:15.012+0000] {logging_mixin.py:188} INFO - [2024-06-04T23:47:15.011+0000] {dag.py:3096} INFO - Sync 1 DAGs
[2024-06-04T23:47:15.142+0000] {logging_mixin.py:188} INFO - [2024-06-04T23:47:15.139+0000] {dag.py:3954} INFO - Setting next_dagrun for latest_only to 2024-06-04 16:00:00+00:00, run_after=2024-06-04 20:00:00+00:00
[2024-06-04T23:47:15.294+0000] {processor.py:183} INFO - Processing /home/airflow/.local/lib/python3.12/site-packages/airflow/example_dags/example_latest_only.py took 0.463 seconds
[2024-06-04T23:47:45.720+0000] {processor.py:161} INFO - Started process (PID=171474) to work on /home/airflow/.local/lib/python3.12/site-packages/airflow/example_dags/example_latest_only.py
[2024-06-04T23:47:45.722+0000] {processor.py:830} INFO - Processing file /home/airflow/.local/lib/python3.12/site-packages/airflow/example_dags/example_latest_only.py for tasks to queue
[2024-06-04T23:47:45.726+0000] {logging_mixin.py:188} INFO - [2024-06-04T23:47:45.725+0000] {dagbag.py:545} INFO - Filling up the DagBag from /home/airflow/.local/lib/python3.12/site-packages/airflow/example_dags/example_latest_only.py
[2024-06-04T23:47:45.737+0000] {processor.py:840} INFO - DAG(s) 'latest_only' retrieved from /home/airflow/.local/lib/python3.12/site-packages/airflow/example_dags/example_latest_only.py
[2024-06-04T23:47:45.784+0000] {logging_mixin.py:188} INFO - [2024-06-04T23:47:45.783+0000] {dag.py:3096} INFO - Sync 1 DAGs
[2024-06-04T23:47:45.848+0000] {logging_mixin.py:188} INFO - [2024-06-04T23:47:45.847+0000] {dag.py:3954} INFO - Setting next_dagrun for latest_only to 2024-06-04 16:00:00+00:00, run_after=2024-06-04 20:00:00+00:00
[2024-06-04T23:47:46.012+0000] {processor.py:183} INFO - Processing /home/airflow/.local/lib/python3.12/site-packages/airflow/example_dags/example_latest_only.py took 0.306 seconds
[2024-06-04T23:48:16.234+0000] {processor.py:161} INFO - Started process (PID=171733) to work on /home/airflow/.local/lib/python3.12/site-packages/airflow/example_dags/example_latest_only.py
[2024-06-04T23:48:16.238+0000] {processor.py:830} INFO - Processing file /home/airflow/.local/lib/python3.12/site-packages/airflow/example_dags/example_latest_only.py for tasks to queue
[2024-06-04T23:48:16.242+0000] {logging_mixin.py:188} INFO - [2024-06-04T23:48:16.241+0000] {dagbag.py:545} INFO - Filling up the DagBag from /home/airflow/.local/lib/python3.12/site-packages/airflow/example_dags/example_latest_only.py
[2024-06-04T23:48:16.253+0000] {processor.py:840} INFO - DAG(s) 'latest_only' retrieved from /home/airflow/.local/lib/python3.12/site-packages/airflow/example_dags/example_latest_only.py
[2024-06-04T23:48:16.307+0000] {logging_mixin.py:188} INFO - [2024-06-04T23:48:16.307+0000] {dag.py:3096} INFO - Sync 1 DAGs
[2024-06-04T23:48:16.357+0000] {logging_mixin.py:188} INFO - [2024-06-04T23:48:16.356+0000] {dag.py:3954} INFO - Setting next_dagrun for latest_only to 2024-06-04 16:00:00+00:00, run_after=2024-06-04 20:00:00+00:00
[2024-06-04T23:48:16.402+0000] {processor.py:183} INFO - Processing /home/airflow/.local/lib/python3.12/site-packages/airflow/example_dags/example_latest_only.py took 0.182 seconds
[2024-06-04T23:48:46.511+0000] {processor.py:161} INFO - Started process (PID=171995) to work on /home/airflow/.local/lib/python3.12/site-packages/airflow/example_dags/example_latest_only.py
[2024-06-04T23:48:46.513+0000] {processor.py:830} INFO - Processing file /home/airflow/.local/lib/python3.12/site-packages/airflow/example_dags/example_latest_only.py for tasks to queue
[2024-06-04T23:48:46.516+0000] {logging_mixin.py:188} INFO - [2024-06-04T23:48:46.515+0000] {dagbag.py:545} INFO - Filling up the DagBag from /home/airflow/.local/lib/python3.12/site-packages/airflow/example_dags/example_latest_only.py
[2024-06-04T23:48:46.525+0000] {processor.py:840} INFO - DAG(s) 'latest_only' retrieved from /home/airflow/.local/lib/python3.12/site-packages/airflow/example_dags/example_latest_only.py
[2024-06-04T23:48:46.563+0000] {logging_mixin.py:188} INFO - [2024-06-04T23:48:46.563+0000] {dag.py:3096} INFO - Sync 1 DAGs
[2024-06-04T23:48:46.614+0000] {logging_mixin.py:188} INFO - [2024-06-04T23:48:46.614+0000] {dag.py:3954} INFO - Setting next_dagrun for latest_only to 2024-06-04 16:00:00+00:00, run_after=2024-06-04 20:00:00+00:00
[2024-06-04T23:48:46.660+0000] {processor.py:183} INFO - Processing /home/airflow/.local/lib/python3.12/site-packages/airflow/example_dags/example_latest_only.py took 0.161 seconds
[2024-06-04T23:49:17.233+0000] {processor.py:161} INFO - Started process (PID=172255) to work on /home/airflow/.local/lib/python3.12/site-packages/airflow/example_dags/example_latest_only.py
[2024-06-04T23:49:17.235+0000] {processor.py:830} INFO - Processing file /home/airflow/.local/lib/python3.12/site-packages/airflow/example_dags/example_latest_only.py for tasks to queue
[2024-06-04T23:49:17.240+0000] {logging_mixin.py:188} INFO - [2024-06-04T23:49:17.240+0000] {dagbag.py:545} INFO - Filling up the DagBag from /home/airflow/.local/lib/python3.12/site-packages/airflow/example_dags/example_latest_only.py
[2024-06-04T23:49:17.270+0000] {processor.py:840} INFO - DAG(s) 'latest_only' retrieved from /home/airflow/.local/lib/python3.12/site-packages/airflow/example_dags/example_latest_only.py
[2024-06-04T23:49:17.341+0000] {logging_mixin.py:188} INFO - [2024-06-04T23:49:17.341+0000] {dag.py:3096} INFO - Sync 1 DAGs
[2024-06-04T23:49:17.424+0000] {logging_mixin.py:188} INFO - [2024-06-04T23:49:17.423+0000] {dag.py:3954} INFO - Setting next_dagrun for latest_only to 2024-06-04 16:00:00+00:00, run_after=2024-06-04 20:00:00+00:00
[2024-06-04T23:49:17.482+0000] {processor.py:183} INFO - Processing /home/airflow/.local/lib/python3.12/site-packages/airflow/example_dags/example_latest_only.py took 0.263 seconds
[2024-06-04T23:49:48.193+0000] {processor.py:161} INFO - Started process (PID=172518) to work on /home/airflow/.local/lib/python3.12/site-packages/airflow/example_dags/example_latest_only.py
[2024-06-04T23:49:48.195+0000] {processor.py:830} INFO - Processing file /home/airflow/.local/lib/python3.12/site-packages/airflow/example_dags/example_latest_only.py for tasks to queue
[2024-06-04T23:49:48.199+0000] {logging_mixin.py:188} INFO - [2024-06-04T23:49:48.198+0000] {dagbag.py:545} INFO - Filling up the DagBag from /home/airflow/.local/lib/python3.12/site-packages/airflow/example_dags/example_latest_only.py
[2024-06-04T23:49:48.208+0000] {processor.py:840} INFO - DAG(s) 'latest_only' retrieved from /home/airflow/.local/lib/python3.12/site-packages/airflow/example_dags/example_latest_only.py
[2024-06-04T23:49:48.315+0000] {logging_mixin.py:188} INFO - [2024-06-04T23:49:48.315+0000] {dag.py:3096} INFO - Sync 1 DAGs
[2024-06-04T23:49:48.428+0000] {logging_mixin.py:188} INFO - [2024-06-04T23:49:48.420+0000] {dag.py:3954} INFO - Setting next_dagrun for latest_only to 2024-06-04 16:00:00+00:00, run_after=2024-06-04 20:00:00+00:00
[2024-06-04T23:49:48.508+0000] {processor.py:183} INFO - Processing /home/airflow/.local/lib/python3.12/site-packages/airflow/example_dags/example_latest_only.py took 0.331 seconds
[2024-06-04T23:50:19.313+0000] {processor.py:161} INFO - Started process (PID=172780) to work on /home/airflow/.local/lib/python3.12/site-packages/airflow/example_dags/example_latest_only.py
[2024-06-04T23:50:19.315+0000] {processor.py:830} INFO - Processing file /home/airflow/.local/lib/python3.12/site-packages/airflow/example_dags/example_latest_only.py for tasks to queue
[2024-06-04T23:50:19.319+0000] {logging_mixin.py:188} INFO - [2024-06-04T23:50:19.318+0000] {dagbag.py:545} INFO - Filling up the DagBag from /home/airflow/.local/lib/python3.12/site-packages/airflow/example_dags/example_latest_only.py
[2024-06-04T23:50:19.332+0000] {processor.py:840} INFO - DAG(s) 'latest_only' retrieved from /home/airflow/.local/lib/python3.12/site-packages/airflow/example_dags/example_latest_only.py
[2024-06-04T23:50:19.386+0000] {logging_mixin.py:188} INFO - [2024-06-04T23:50:19.385+0000] {dag.py:3096} INFO - Sync 1 DAGs
[2024-06-04T23:50:19.498+0000] {logging_mixin.py:188} INFO - [2024-06-04T23:50:19.497+0000] {dag.py:3954} INFO - Setting next_dagrun for latest_only to 2024-06-04 16:00:00+00:00, run_after=2024-06-04 20:00:00+00:00
[2024-06-04T23:50:19.622+0000] {processor.py:183} INFO - Processing /home/airflow/.local/lib/python3.12/site-packages/airflow/example_dags/example_latest_only.py took 0.323 seconds
[2024-06-04T23:50:49.798+0000] {processor.py:161} INFO - Started process (PID=173042) to work on /home/airflow/.local/lib/python3.12/site-packages/airflow/example_dags/example_latest_only.py
[2024-06-04T23:50:49.804+0000] {processor.py:830} INFO - Processing file /home/airflow/.local/lib/python3.12/site-packages/airflow/example_dags/example_latest_only.py for tasks to queue
[2024-06-04T23:50:49.808+0000] {logging_mixin.py:188} INFO - [2024-06-04T23:50:49.808+0000] {dagbag.py:545} INFO - Filling up the DagBag from /home/airflow/.local/lib/python3.12/site-packages/airflow/example_dags/example_latest_only.py
[2024-06-04T23:50:49.819+0000] {processor.py:840} INFO - DAG(s) 'latest_only' retrieved from /home/airflow/.local/lib/python3.12/site-packages/airflow/example_dags/example_latest_only.py
[2024-06-04T23:50:49.874+0000] {logging_mixin.py:188} INFO - [2024-06-04T23:50:49.873+0000] {dag.py:3096} INFO - Sync 1 DAGs
[2024-06-04T23:50:49.926+0000] {logging_mixin.py:188} INFO - [2024-06-04T23:50:49.925+0000] {dag.py:3954} INFO - Setting next_dagrun for latest_only to 2024-06-04 16:00:00+00:00, run_after=2024-06-04 20:00:00+00:00
[2024-06-04T23:50:49.989+0000] {processor.py:183} INFO - Processing /home/airflow/.local/lib/python3.12/site-packages/airflow/example_dags/example_latest_only.py took 0.205 seconds
[2024-06-04T23:51:20.829+0000] {processor.py:161} INFO - Started process (PID=173311) to work on /home/airflow/.local/lib/python3.12/site-packages/airflow/example_dags/example_latest_only.py
[2024-06-04T23:51:20.838+0000] {processor.py:830} INFO - Processing file /home/airflow/.local/lib/python3.12/site-packages/airflow/example_dags/example_latest_only.py for tasks to queue
[2024-06-04T23:51:20.842+0000] {logging_mixin.py:188} INFO - [2024-06-04T23:51:20.841+0000] {dagbag.py:545} INFO - Filling up the DagBag from /home/airflow/.local/lib/python3.12/site-packages/airflow/example_dags/example_latest_only.py
[2024-06-04T23:51:20.880+0000] {processor.py:840} INFO - DAG(s) 'latest_only' retrieved from /home/airflow/.local/lib/python3.12/site-packages/airflow/example_dags/example_latest_only.py
[2024-06-04T23:51:20.936+0000] {logging_mixin.py:188} INFO - [2024-06-04T23:51:20.935+0000] {dag.py:3096} INFO - Sync 1 DAGs
[2024-06-04T23:51:21.071+0000] {logging_mixin.py:188} INFO - [2024-06-04T23:51:21.062+0000] {dag.py:3954} INFO - Setting next_dagrun for latest_only to 2024-06-04 16:00:00+00:00, run_after=2024-06-04 20:00:00+00:00
[2024-06-04T23:51:21.167+0000] {processor.py:183} INFO - Processing /home/airflow/.local/lib/python3.12/site-packages/airflow/example_dags/example_latest_only.py took 0.353 seconds
[2024-06-04T23:51:51.753+0000] {processor.py:161} INFO - Started process (PID=173572) to work on /home/airflow/.local/lib/python3.12/site-packages/airflow/example_dags/example_latest_only.py
[2024-06-04T23:51:51.754+0000] {processor.py:830} INFO - Processing file /home/airflow/.local/lib/python3.12/site-packages/airflow/example_dags/example_latest_only.py for tasks to queue
[2024-06-04T23:51:51.758+0000] {logging_mixin.py:188} INFO - [2024-06-04T23:51:51.757+0000] {dagbag.py:545} INFO - Filling up the DagBag from /home/airflow/.local/lib/python3.12/site-packages/airflow/example_dags/example_latest_only.py
[2024-06-04T23:51:51.796+0000] {processor.py:840} INFO - DAG(s) 'latest_only' retrieved from /home/airflow/.local/lib/python3.12/site-packages/airflow/example_dags/example_latest_only.py
[2024-06-04T23:51:51.922+0000] {logging_mixin.py:188} INFO - [2024-06-04T23:51:51.922+0000] {dag.py:3096} INFO - Sync 1 DAGs
[2024-06-04T23:51:51.983+0000] {logging_mixin.py:188} INFO - [2024-06-04T23:51:51.983+0000] {dag.py:3954} INFO - Setting next_dagrun for latest_only to 2024-06-04 16:00:00+00:00, run_after=2024-06-04 20:00:00+00:00
[2024-06-04T23:51:52.037+0000] {processor.py:183} INFO - Processing /home/airflow/.local/lib/python3.12/site-packages/airflow/example_dags/example_latest_only.py took 0.299 seconds
[2024-06-04T23:52:22.449+0000] {processor.py:161} INFO - Started process (PID=173834) to work on /home/airflow/.local/lib/python3.12/site-packages/airflow/example_dags/example_latest_only.py
[2024-06-04T23:52:22.459+0000] {processor.py:830} INFO - Processing file /home/airflow/.local/lib/python3.12/site-packages/airflow/example_dags/example_latest_only.py for tasks to queue
[2024-06-04T23:52:22.463+0000] {logging_mixin.py:188} INFO - [2024-06-04T23:52:22.462+0000] {dagbag.py:545} INFO - Filling up the DagBag from /home/airflow/.local/lib/python3.12/site-packages/airflow/example_dags/example_latest_only.py
[2024-06-04T23:52:22.476+0000] {processor.py:840} INFO - DAG(s) 'latest_only' retrieved from /home/airflow/.local/lib/python3.12/site-packages/airflow/example_dags/example_latest_only.py
[2024-06-04T23:52:22.529+0000] {logging_mixin.py:188} INFO - [2024-06-04T23:52:22.528+0000] {dag.py:3096} INFO - Sync 1 DAGs
[2024-06-04T23:52:22.636+0000] {logging_mixin.py:188} INFO - [2024-06-04T23:52:22.636+0000] {dag.py:3954} INFO - Setting next_dagrun for latest_only to 2024-06-04 16:00:00+00:00, run_after=2024-06-04 20:00:00+00:00
[2024-06-04T23:52:22.778+0000] {processor.py:183} INFO - Processing /home/airflow/.local/lib/python3.12/site-packages/airflow/example_dags/example_latest_only.py took 0.342 seconds
[2024-06-04T23:52:53.197+0000] {processor.py:161} INFO - Started process (PID=174096) to work on /home/airflow/.local/lib/python3.12/site-packages/airflow/example_dags/example_latest_only.py
[2024-06-04T23:52:53.207+0000] {processor.py:830} INFO - Processing file /home/airflow/.local/lib/python3.12/site-packages/airflow/example_dags/example_latest_only.py for tasks to queue
[2024-06-04T23:52:53.212+0000] {logging_mixin.py:188} INFO - [2024-06-04T23:52:53.212+0000] {dagbag.py:545} INFO - Filling up the DagBag from /home/airflow/.local/lib/python3.12/site-packages/airflow/example_dags/example_latest_only.py
[2024-06-04T23:52:53.228+0000] {processor.py:840} INFO - DAG(s) 'latest_only' retrieved from /home/airflow/.local/lib/python3.12/site-packages/airflow/example_dags/example_latest_only.py
[2024-06-04T23:52:53.310+0000] {logging_mixin.py:188} INFO - [2024-06-04T23:52:53.309+0000] {dag.py:3096} INFO - Sync 1 DAGs
[2024-06-04T23:52:53.526+0000] {logging_mixin.py:188} INFO - [2024-06-04T23:52:53.525+0000] {dag.py:3954} INFO - Setting next_dagrun for latest_only to 2024-06-04 16:00:00+00:00, run_after=2024-06-04 20:00:00+00:00
[2024-06-04T23:52:53.624+0000] {processor.py:183} INFO - Processing /home/airflow/.local/lib/python3.12/site-packages/airflow/example_dags/example_latest_only.py took 0.467 seconds
[2024-06-04T23:53:23.737+0000] {processor.py:161} INFO - Started process (PID=174357) to work on /home/airflow/.local/lib/python3.12/site-packages/airflow/example_dags/example_latest_only.py
[2024-06-04T23:53:23.738+0000] {processor.py:830} INFO - Processing file /home/airflow/.local/lib/python3.12/site-packages/airflow/example_dags/example_latest_only.py for tasks to queue
[2024-06-04T23:53:23.741+0000] {logging_mixin.py:188} INFO - [2024-06-04T23:53:23.741+0000] {dagbag.py:545} INFO - Filling up the DagBag from /home/airflow/.local/lib/python3.12/site-packages/airflow/example_dags/example_latest_only.py
[2024-06-04T23:53:23.751+0000] {processor.py:840} INFO - DAG(s) 'latest_only' retrieved from /home/airflow/.local/lib/python3.12/site-packages/airflow/example_dags/example_latest_only.py
[2024-06-04T23:53:23.794+0000] {logging_mixin.py:188} INFO - [2024-06-04T23:53:23.793+0000] {dag.py:3096} INFO - Sync 1 DAGs
[2024-06-04T23:53:23.843+0000] {logging_mixin.py:188} INFO - [2024-06-04T23:53:23.843+0000] {dag.py:3954} INFO - Setting next_dagrun for latest_only to 2024-06-04 16:00:00+00:00, run_after=2024-06-04 20:00:00+00:00
[2024-06-04T23:53:23.883+0000] {processor.py:183} INFO - Processing /home/airflow/.local/lib/python3.12/site-packages/airflow/example_dags/example_latest_only.py took 0.159 seconds
[2024-06-04T23:53:54.937+0000] {processor.py:161} INFO - Started process (PID=174618) to work on /home/airflow/.local/lib/python3.12/site-packages/airflow/example_dags/example_latest_only.py
[2024-06-04T23:53:54.941+0000] {processor.py:830} INFO - Processing file /home/airflow/.local/lib/python3.12/site-packages/airflow/example_dags/example_latest_only.py for tasks to queue
[2024-06-04T23:53:54.947+0000] {logging_mixin.py:188} INFO - [2024-06-04T23:53:54.946+0000] {dagbag.py:545} INFO - Filling up the DagBag from /home/airflow/.local/lib/python3.12/site-packages/airflow/example_dags/example_latest_only.py
[2024-06-04T23:53:54.966+0000] {processor.py:840} INFO - DAG(s) 'latest_only' retrieved from /home/airflow/.local/lib/python3.12/site-packages/airflow/example_dags/example_latest_only.py
[2024-06-04T23:53:55.042+0000] {logging_mixin.py:188} INFO - [2024-06-04T23:53:55.041+0000] {dag.py:3096} INFO - Sync 1 DAGs
[2024-06-04T23:53:55.216+0000] {logging_mixin.py:188} INFO - [2024-06-04T23:53:55.216+0000] {dag.py:3954} INFO - Setting next_dagrun for latest_only to 2024-06-04 16:00:00+00:00, run_after=2024-06-04 20:00:00+00:00
[2024-06-04T23:53:55.325+0000] {processor.py:183} INFO - Processing /home/airflow/.local/lib/python3.12/site-packages/airflow/example_dags/example_latest_only.py took 0.413 seconds
[2024-06-04T23:54:25.584+0000] {processor.py:161} INFO - Started process (PID=174880) to work on /home/airflow/.local/lib/python3.12/site-packages/airflow/example_dags/example_latest_only.py
[2024-06-04T23:54:25.586+0000] {processor.py:830} INFO - Processing file /home/airflow/.local/lib/python3.12/site-packages/airflow/example_dags/example_latest_only.py for tasks to queue
[2024-06-04T23:54:25.589+0000] {logging_mixin.py:188} INFO - [2024-06-04T23:54:25.589+0000] {dagbag.py:545} INFO - Filling up the DagBag from /home/airflow/.local/lib/python3.12/site-packages/airflow/example_dags/example_latest_only.py
[2024-06-04T23:54:25.598+0000] {processor.py:840} INFO - DAG(s) 'latest_only' retrieved from /home/airflow/.local/lib/python3.12/site-packages/airflow/example_dags/example_latest_only.py
[2024-06-04T23:54:25.640+0000] {logging_mixin.py:188} INFO - [2024-06-04T23:54:25.639+0000] {dag.py:3096} INFO - Sync 1 DAGs
[2024-06-04T23:54:25.691+0000] {logging_mixin.py:188} INFO - [2024-06-04T23:54:25.691+0000] {dag.py:3954} INFO - Setting next_dagrun for latest_only to 2024-06-04 16:00:00+00:00, run_after=2024-06-04 20:00:00+00:00
[2024-06-04T23:54:25.733+0000] {processor.py:183} INFO - Processing /home/airflow/.local/lib/python3.12/site-packages/airflow/example_dags/example_latest_only.py took 0.161 seconds
[2024-06-04T23:54:56.403+0000] {processor.py:161} INFO - Started process (PID=175137) to work on /home/airflow/.local/lib/python3.12/site-packages/airflow/example_dags/example_latest_only.py
[2024-06-04T23:54:56.409+0000] {processor.py:830} INFO - Processing file /home/airflow/.local/lib/python3.12/site-packages/airflow/example_dags/example_latest_only.py for tasks to queue
[2024-06-04T23:54:56.412+0000] {logging_mixin.py:188} INFO - [2024-06-04T23:54:56.411+0000] {dagbag.py:545} INFO - Filling up the DagBag from /home/airflow/.local/lib/python3.12/site-packages/airflow/example_dags/example_latest_only.py
[2024-06-04T23:54:56.421+0000] {processor.py:840} INFO - DAG(s) 'latest_only' retrieved from /home/airflow/.local/lib/python3.12/site-packages/airflow/example_dags/example_latest_only.py
[2024-06-04T23:54:56.462+0000] {logging_mixin.py:188} INFO - [2024-06-04T23:54:56.461+0000] {dag.py:3096} INFO - Sync 1 DAGs
[2024-06-04T23:54:56.510+0000] {logging_mixin.py:188} INFO - [2024-06-04T23:54:56.510+0000] {dag.py:3954} INFO - Setting next_dagrun for latest_only to 2024-06-04 16:00:00+00:00, run_after=2024-06-04 20:00:00+00:00
[2024-06-04T23:54:56.597+0000] {processor.py:183} INFO - Processing /home/airflow/.local/lib/python3.12/site-packages/airflow/example_dags/example_latest_only.py took 0.206 seconds
[2024-06-04T23:55:26.798+0000] {processor.py:161} INFO - Started process (PID=175399) to work on /home/airflow/.local/lib/python3.12/site-packages/airflow/example_dags/example_latest_only.py
[2024-06-04T23:55:26.800+0000] {processor.py:830} INFO - Processing file /home/airflow/.local/lib/python3.12/site-packages/airflow/example_dags/example_latest_only.py for tasks to queue
[2024-06-04T23:55:26.803+0000] {logging_mixin.py:188} INFO - [2024-06-04T23:55:26.803+0000] {dagbag.py:545} INFO - Filling up the DagBag from /home/airflow/.local/lib/python3.12/site-packages/airflow/example_dags/example_latest_only.py
[2024-06-04T23:55:26.812+0000] {processor.py:840} INFO - DAG(s) 'latest_only' retrieved from /home/airflow/.local/lib/python3.12/site-packages/airflow/example_dags/example_latest_only.py
[2024-06-04T23:55:26.852+0000] {logging_mixin.py:188} INFO - [2024-06-04T23:55:26.851+0000] {dag.py:3096} INFO - Sync 1 DAGs
[2024-06-04T23:55:26.901+0000] {logging_mixin.py:188} INFO - [2024-06-04T23:55:26.900+0000] {dag.py:3954} INFO - Setting next_dagrun for latest_only to 2024-06-04 16:00:00+00:00, run_after=2024-06-04 20:00:00+00:00
[2024-06-04T23:55:26.942+0000] {processor.py:183} INFO - Processing /home/airflow/.local/lib/python3.12/site-packages/airflow/example_dags/example_latest_only.py took 0.157 seconds
[2024-06-04T23:55:57.768+0000] {processor.py:161} INFO - Started process (PID=175663) to work on /home/airflow/.local/lib/python3.12/site-packages/airflow/example_dags/example_latest_only.py
[2024-06-04T23:55:57.770+0000] {processor.py:830} INFO - Processing file /home/airflow/.local/lib/python3.12/site-packages/airflow/example_dags/example_latest_only.py for tasks to queue
[2024-06-04T23:55:57.774+0000] {logging_mixin.py:188} INFO - [2024-06-04T23:55:57.773+0000] {dagbag.py:545} INFO - Filling up the DagBag from /home/airflow/.local/lib/python3.12/site-packages/airflow/example_dags/example_latest_only.py
[2024-06-04T23:55:57.783+0000] {processor.py:840} INFO - DAG(s) 'latest_only' retrieved from /home/airflow/.local/lib/python3.12/site-packages/airflow/example_dags/example_latest_only.py
[2024-06-04T23:55:57.825+0000] {logging_mixin.py:188} INFO - [2024-06-04T23:55:57.824+0000] {dag.py:3096} INFO - Sync 1 DAGs
[2024-06-04T23:55:57.876+0000] {logging_mixin.py:188} INFO - [2024-06-04T23:55:57.876+0000] {dag.py:3954} INFO - Setting next_dagrun for latest_only to 2024-06-04 16:00:00+00:00, run_after=2024-06-04 20:00:00+00:00
[2024-06-04T23:55:57.930+0000] {processor.py:183} INFO - Processing /home/airflow/.local/lib/python3.12/site-packages/airflow/example_dags/example_latest_only.py took 0.177 seconds
[2024-06-04T23:56:28.569+0000] {processor.py:161} INFO - Started process (PID=175923) to work on /home/airflow/.local/lib/python3.12/site-packages/airflow/example_dags/example_latest_only.py
[2024-06-04T23:56:28.570+0000] {processor.py:830} INFO - Processing file /home/airflow/.local/lib/python3.12/site-packages/airflow/example_dags/example_latest_only.py for tasks to queue
[2024-06-04T23:56:28.574+0000] {logging_mixin.py:188} INFO - [2024-06-04T23:56:28.573+0000] {dagbag.py:545} INFO - Filling up the DagBag from /home/airflow/.local/lib/python3.12/site-packages/airflow/example_dags/example_latest_only.py
[2024-06-04T23:56:28.583+0000] {processor.py:840} INFO - DAG(s) 'latest_only' retrieved from /home/airflow/.local/lib/python3.12/site-packages/airflow/example_dags/example_latest_only.py
[2024-06-04T23:56:28.624+0000] {logging_mixin.py:188} INFO - [2024-06-04T23:56:28.623+0000] {dag.py:3096} INFO - Sync 1 DAGs
[2024-06-04T23:56:28.673+0000] {logging_mixin.py:188} INFO - [2024-06-04T23:56:28.672+0000] {dag.py:3954} INFO - Setting next_dagrun for latest_only to 2024-06-04 16:00:00+00:00, run_after=2024-06-04 20:00:00+00:00
[2024-06-04T23:56:28.721+0000] {processor.py:183} INFO - Processing /home/airflow/.local/lib/python3.12/site-packages/airflow/example_dags/example_latest_only.py took 0.166 seconds
[2024-06-04T23:56:59.045+0000] {processor.py:161} INFO - Started process (PID=176184) to work on /home/airflow/.local/lib/python3.12/site-packages/airflow/example_dags/example_latest_only.py
[2024-06-04T23:56:59.052+0000] {processor.py:830} INFO - Processing file /home/airflow/.local/lib/python3.12/site-packages/airflow/example_dags/example_latest_only.py for tasks to queue
[2024-06-04T23:56:59.064+0000] {logging_mixin.py:188} INFO - [2024-06-04T23:56:59.055+0000] {dagbag.py:545} INFO - Filling up the DagBag from /home/airflow/.local/lib/python3.12/site-packages/airflow/example_dags/example_latest_only.py
[2024-06-04T23:56:59.080+0000] {processor.py:840} INFO - DAG(s) 'latest_only' retrieved from /home/airflow/.local/lib/python3.12/site-packages/airflow/example_dags/example_latest_only.py
[2024-06-04T23:56:59.138+0000] {logging_mixin.py:188} INFO - [2024-06-04T23:56:59.137+0000] {dag.py:3096} INFO - Sync 1 DAGs
[2024-06-04T23:56:59.191+0000] {logging_mixin.py:188} INFO - [2024-06-04T23:56:59.190+0000] {dag.py:3954} INFO - Setting next_dagrun for latest_only to 2024-06-04 16:00:00+00:00, run_after=2024-06-04 20:00:00+00:00
[2024-06-04T23:56:59.249+0000] {processor.py:183} INFO - Processing /home/airflow/.local/lib/python3.12/site-packages/airflow/example_dags/example_latest_only.py took 0.222 seconds
[2024-06-04T23:57:29.575+0000] {processor.py:161} INFO - Started process (PID=176446) to work on /home/airflow/.local/lib/python3.12/site-packages/airflow/example_dags/example_latest_only.py
[2024-06-04T23:57:29.594+0000] {processor.py:830} INFO - Processing file /home/airflow/.local/lib/python3.12/site-packages/airflow/example_dags/example_latest_only.py for tasks to queue
[2024-06-04T23:57:29.597+0000] {logging_mixin.py:188} INFO - [2024-06-04T23:57:29.597+0000] {dagbag.py:545} INFO - Filling up the DagBag from /home/airflow/.local/lib/python3.12/site-packages/airflow/example_dags/example_latest_only.py
[2024-06-04T23:57:29.606+0000] {processor.py:840} INFO - DAG(s) 'latest_only' retrieved from /home/airflow/.local/lib/python3.12/site-packages/airflow/example_dags/example_latest_only.py
[2024-06-04T23:57:29.644+0000] {logging_mixin.py:188} INFO - [2024-06-04T23:57:29.643+0000] {dag.py:3096} INFO - Sync 1 DAGs
[2024-06-04T23:57:29.698+0000] {logging_mixin.py:188} INFO - [2024-06-04T23:57:29.697+0000] {dag.py:3954} INFO - Setting next_dagrun for latest_only to 2024-06-04 16:00:00+00:00, run_after=2024-06-04 20:00:00+00:00
[2024-06-04T23:57:29.748+0000] {processor.py:183} INFO - Processing /home/airflow/.local/lib/python3.12/site-packages/airflow/example_dags/example_latest_only.py took 0.186 seconds
[2024-06-04T23:58:00.295+0000] {processor.py:161} INFO - Started process (PID=176708) to work on /home/airflow/.local/lib/python3.12/site-packages/airflow/example_dags/example_latest_only.py
[2024-06-04T23:58:00.296+0000] {processor.py:830} INFO - Processing file /home/airflow/.local/lib/python3.12/site-packages/airflow/example_dags/example_latest_only.py for tasks to queue
[2024-06-04T23:58:00.300+0000] {logging_mixin.py:188} INFO - [2024-06-04T23:58:00.299+0000] {dagbag.py:545} INFO - Filling up the DagBag from /home/airflow/.local/lib/python3.12/site-packages/airflow/example_dags/example_latest_only.py
[2024-06-04T23:58:00.311+0000] {processor.py:840} INFO - DAG(s) 'latest_only' retrieved from /home/airflow/.local/lib/python3.12/site-packages/airflow/example_dags/example_latest_only.py
[2024-06-04T23:58:00.355+0000] {logging_mixin.py:188} INFO - [2024-06-04T23:58:00.354+0000] {dag.py:3096} INFO - Sync 1 DAGs
[2024-06-04T23:58:00.402+0000] {logging_mixin.py:188} INFO - [2024-06-04T23:58:00.401+0000] {dag.py:3954} INFO - Setting next_dagrun for latest_only to 2024-06-04 16:00:00+00:00, run_after=2024-06-04 20:00:00+00:00
[2024-06-04T23:58:00.488+0000] {processor.py:183} INFO - Processing /home/airflow/.local/lib/python3.12/site-packages/airflow/example_dags/example_latest_only.py took 0.207 seconds
[2024-06-04T23:58:31.070+0000] {processor.py:161} INFO - Started process (PID=176969) to work on /home/airflow/.local/lib/python3.12/site-packages/airflow/example_dags/example_latest_only.py
[2024-06-04T23:58:31.071+0000] {processor.py:830} INFO - Processing file /home/airflow/.local/lib/python3.12/site-packages/airflow/example_dags/example_latest_only.py for tasks to queue
[2024-06-04T23:58:31.077+0000] {logging_mixin.py:188} INFO - [2024-06-04T23:58:31.076+0000] {dagbag.py:545} INFO - Filling up the DagBag from /home/airflow/.local/lib/python3.12/site-packages/airflow/example_dags/example_latest_only.py
[2024-06-04T23:58:31.086+0000] {processor.py:840} INFO - DAG(s) 'latest_only' retrieved from /home/airflow/.local/lib/python3.12/site-packages/airflow/example_dags/example_latest_only.py
[2024-06-04T23:58:31.131+0000] {logging_mixin.py:188} INFO - [2024-06-04T23:58:31.130+0000] {dag.py:3096} INFO - Sync 1 DAGs
[2024-06-04T23:58:31.173+0000] {logging_mixin.py:188} INFO - [2024-06-04T23:58:31.173+0000] {dag.py:3954} INFO - Setting next_dagrun for latest_only to 2024-06-04 16:00:00+00:00, run_after=2024-06-04 20:00:00+00:00
[2024-06-04T23:58:31.216+0000] {processor.py:183} INFO - Processing /home/airflow/.local/lib/python3.12/site-packages/airflow/example_dags/example_latest_only.py took 0.158 seconds
[2024-06-04T23:59:02.094+0000] {processor.py:161} INFO - Started process (PID=177230) to work on /home/airflow/.local/lib/python3.12/site-packages/airflow/example_dags/example_latest_only.py
[2024-06-04T23:59:02.097+0000] {processor.py:830} INFO - Processing file /home/airflow/.local/lib/python3.12/site-packages/airflow/example_dags/example_latest_only.py for tasks to queue
[2024-06-04T23:59:02.103+0000] {logging_mixin.py:188} INFO - [2024-06-04T23:59:02.102+0000] {dagbag.py:545} INFO - Filling up the DagBag from /home/airflow/.local/lib/python3.12/site-packages/airflow/example_dags/example_latest_only.py
[2024-06-04T23:59:02.122+0000] {processor.py:840} INFO - DAG(s) 'latest_only' retrieved from /home/airflow/.local/lib/python3.12/site-packages/airflow/example_dags/example_latest_only.py
[2024-06-04T23:59:02.234+0000] {logging_mixin.py:188} INFO - [2024-06-04T23:59:02.234+0000] {dag.py:3096} INFO - Sync 1 DAGs
[2024-06-04T23:59:02.373+0000] {logging_mixin.py:188} INFO - [2024-06-04T23:59:02.372+0000] {dag.py:3954} INFO - Setting next_dagrun for latest_only to 2024-06-04 16:00:00+00:00, run_after=2024-06-04 20:00:00+00:00
[2024-06-04T23:59:02.491+0000] {processor.py:183} INFO - Processing /home/airflow/.local/lib/python3.12/site-packages/airflow/example_dags/example_latest_only.py took 0.418 seconds
[2024-06-04T23:59:33.180+0000] {processor.py:161} INFO - Started process (PID=177492) to work on /home/airflow/.local/lib/python3.12/site-packages/airflow/example_dags/example_latest_only.py
[2024-06-04T23:59:33.182+0000] {processor.py:830} INFO - Processing file /home/airflow/.local/lib/python3.12/site-packages/airflow/example_dags/example_latest_only.py for tasks to queue
[2024-06-04T23:59:33.186+0000] {logging_mixin.py:188} INFO - [2024-06-04T23:59:33.185+0000] {dagbag.py:545} INFO - Filling up the DagBag from /home/airflow/.local/lib/python3.12/site-packages/airflow/example_dags/example_latest_only.py
[2024-06-04T23:59:33.195+0000] {processor.py:840} INFO - DAG(s) 'latest_only' retrieved from /home/airflow/.local/lib/python3.12/site-packages/airflow/example_dags/example_latest_only.py
[2024-06-04T23:59:33.239+0000] {logging_mixin.py:188} INFO - [2024-06-04T23:59:33.238+0000] {dag.py:3096} INFO - Sync 1 DAGs
[2024-06-04T23:59:33.287+0000] {logging_mixin.py:188} INFO - [2024-06-04T23:59:33.287+0000] {dag.py:3954} INFO - Setting next_dagrun for latest_only to 2024-06-04 16:00:00+00:00, run_after=2024-06-04 20:00:00+00:00
[2024-06-04T23:59:33.334+0000] {processor.py:183} INFO - Processing /home/airflow/.local/lib/python3.12/site-packages/airflow/example_dags/example_latest_only.py took 0.166 seconds
