[2024-06-04T23:44:08.364+0000] {processor.py:161} INFO - Started process (PID=169647) to work on /home/airflow/.local/lib/python3.12/site-packages/airflow/example_dags/example_complex.py
[2024-06-04T23:44:08.376+0000] {processor.py:830} INFO - Processing file /home/airflow/.local/lib/python3.12/site-packages/airflow/example_dags/example_complex.py for tasks to queue
[2024-06-04T23:44:08.379+0000] {logging_mixin.py:188} INFO - [2024-06-04T23:44:08.379+0000] {dagbag.py:545} INFO - Filling up the DagBag from /home/airflow/.local/lib/python3.12/site-packages/airflow/example_dags/example_complex.py
[2024-06-04T23:44:08.426+0000] {processor.py:840} INFO - DAG(s) 'example_complex' retrieved from /home/airflow/.local/lib/python3.12/site-packages/airflow/example_dags/example_complex.py
[2024-06-04T23:44:08.561+0000] {logging_mixin.py:188} INFO - [2024-06-04T23:44:08.560+0000] {dag.py:3096} INFO - Sync 1 DAGs
[2024-06-04T23:44:08.621+0000] {logging_mixin.py:188} INFO - [2024-06-04T23:44:08.621+0000] {dag.py:3954} INFO - Setting next_dagrun for example_complex to None, run_after=None
[2024-06-04T23:44:08.895+0000] {processor.py:183} INFO - Processing /home/airflow/.local/lib/python3.12/site-packages/airflow/example_dags/example_complex.py took 0.572 seconds
[2024-06-04T23:44:39.044+0000] {processor.py:161} INFO - Started process (PID=169911) to work on /home/airflow/.local/lib/python3.12/site-packages/airflow/example_dags/example_complex.py
[2024-06-04T23:44:39.054+0000] {processor.py:830} INFO - Processing file /home/airflow/.local/lib/python3.12/site-packages/airflow/example_dags/example_complex.py for tasks to queue
[2024-06-04T23:44:39.058+0000] {logging_mixin.py:188} INFO - [2024-06-04T23:44:39.057+0000] {dagbag.py:545} INFO - Filling up the DagBag from /home/airflow/.local/lib/python3.12/site-packages/airflow/example_dags/example_complex.py
[2024-06-04T23:44:39.157+0000] {processor.py:840} INFO - DAG(s) 'example_complex' retrieved from /home/airflow/.local/lib/python3.12/site-packages/airflow/example_dags/example_complex.py
[2024-06-04T23:44:39.249+0000] {logging_mixin.py:188} INFO - [2024-06-04T23:44:39.249+0000] {dag.py:3096} INFO - Sync 1 DAGs
[2024-06-04T23:44:39.281+0000] {logging_mixin.py:188} INFO - [2024-06-04T23:44:39.280+0000] {dag.py:3954} INFO - Setting next_dagrun for example_complex to None, run_after=None
[2024-06-04T23:44:39.337+0000] {processor.py:183} INFO - Processing /home/airflow/.local/lib/python3.12/site-packages/airflow/example_dags/example_complex.py took 0.335 seconds
[2024-06-04T23:45:09.426+0000] {processor.py:161} INFO - Started process (PID=170173) to work on /home/airflow/.local/lib/python3.12/site-packages/airflow/example_dags/example_complex.py
[2024-06-04T23:45:09.427+0000] {processor.py:830} INFO - Processing file /home/airflow/.local/lib/python3.12/site-packages/airflow/example_dags/example_complex.py for tasks to queue
[2024-06-04T23:45:09.431+0000] {logging_mixin.py:188} INFO - [2024-06-04T23:45:09.430+0000] {dagbag.py:545} INFO - Filling up the DagBag from /home/airflow/.local/lib/python3.12/site-packages/airflow/example_dags/example_complex.py
[2024-06-04T23:45:09.458+0000] {processor.py:840} INFO - DAG(s) 'example_complex' retrieved from /home/airflow/.local/lib/python3.12/site-packages/airflow/example_dags/example_complex.py
[2024-06-04T23:45:09.542+0000] {logging_mixin.py:188} INFO - [2024-06-04T23:45:09.542+0000] {dag.py:3096} INFO - Sync 1 DAGs
[2024-06-04T23:45:09.568+0000] {logging_mixin.py:188} INFO - [2024-06-04T23:45:09.568+0000] {dag.py:3954} INFO - Setting next_dagrun for example_complex to None, run_after=None
[2024-06-04T23:45:09.773+0000] {processor.py:183} INFO - Processing /home/airflow/.local/lib/python3.12/site-packages/airflow/example_dags/example_complex.py took 0.360 seconds
[2024-06-04T23:45:40.495+0000] {processor.py:161} INFO - Started process (PID=170435) to work on /home/airflow/.local/lib/python3.12/site-packages/airflow/example_dags/example_complex.py
[2024-06-04T23:45:40.496+0000] {processor.py:830} INFO - Processing file /home/airflow/.local/lib/python3.12/site-packages/airflow/example_dags/example_complex.py for tasks to queue
[2024-06-04T23:45:40.499+0000] {logging_mixin.py:188} INFO - [2024-06-04T23:45:40.499+0000] {dagbag.py:545} INFO - Filling up the DagBag from /home/airflow/.local/lib/python3.12/site-packages/airflow/example_dags/example_complex.py
[2024-06-04T23:45:40.519+0000] {processor.py:840} INFO - DAG(s) 'example_complex' retrieved from /home/airflow/.local/lib/python3.12/site-packages/airflow/example_dags/example_complex.py
[2024-06-04T23:45:40.580+0000] {logging_mixin.py:188} INFO - [2024-06-04T23:45:40.580+0000] {dag.py:3096} INFO - Sync 1 DAGs
[2024-06-04T23:45:40.603+0000] {logging_mixin.py:188} INFO - [2024-06-04T23:45:40.603+0000] {dag.py:3954} INFO - Setting next_dagrun for example_complex to None, run_after=None
[2024-06-04T23:45:40.654+0000] {processor.py:183} INFO - Processing /home/airflow/.local/lib/python3.12/site-packages/airflow/example_dags/example_complex.py took 0.169 seconds
[2024-06-04T23:46:12.810+0000] {processor.py:161} INFO - Started process (PID=170695) to work on /home/airflow/.local/lib/python3.12/site-packages/airflow/example_dags/example_complex.py
[2024-06-04T23:46:12.811+0000] {processor.py:830} INFO - Processing file /home/airflow/.local/lib/python3.12/site-packages/airflow/example_dags/example_complex.py for tasks to queue
[2024-06-04T23:46:12.817+0000] {logging_mixin.py:188} INFO - [2024-06-04T23:46:12.814+0000] {dagbag.py:545} INFO - Filling up the DagBag from /home/airflow/.local/lib/python3.12/site-packages/airflow/example_dags/example_complex.py
[2024-06-04T23:46:12.846+0000] {processor.py:840} INFO - DAG(s) 'example_complex' retrieved from /home/airflow/.local/lib/python3.12/site-packages/airflow/example_dags/example_complex.py
[2024-06-04T23:46:12.950+0000] {logging_mixin.py:188} INFO - [2024-06-04T23:46:12.949+0000] {dag.py:3096} INFO - Sync 1 DAGs
[2024-06-04T23:46:13.003+0000] {logging_mixin.py:188} INFO - [2024-06-04T23:46:12.995+0000] {dag.py:3954} INFO - Setting next_dagrun for example_complex to None, run_after=None
[2024-06-04T23:46:13.155+0000] {processor.py:183} INFO - Processing /home/airflow/.local/lib/python3.12/site-packages/airflow/example_dags/example_complex.py took 0.371 seconds
[2024-06-04T23:46:43.883+0000] {processor.py:161} INFO - Started process (PID=170957) to work on /home/airflow/.local/lib/python3.12/site-packages/airflow/example_dags/example_complex.py
[2024-06-04T23:46:43.885+0000] {processor.py:830} INFO - Processing file /home/airflow/.local/lib/python3.12/site-packages/airflow/example_dags/example_complex.py for tasks to queue
[2024-06-04T23:46:43.902+0000] {logging_mixin.py:188} INFO - [2024-06-04T23:46:43.900+0000] {dagbag.py:545} INFO - Filling up the DagBag from /home/airflow/.local/lib/python3.12/site-packages/airflow/example_dags/example_complex.py
[2024-06-04T23:46:43.930+0000] {processor.py:840} INFO - DAG(s) 'example_complex' retrieved from /home/airflow/.local/lib/python3.12/site-packages/airflow/example_dags/example_complex.py
[2024-06-04T23:46:44.018+0000] {logging_mixin.py:188} INFO - [2024-06-04T23:46:44.017+0000] {dag.py:3096} INFO - Sync 1 DAGs
[2024-06-04T23:46:44.050+0000] {logging_mixin.py:188} INFO - [2024-06-04T23:46:44.049+0000] {dag.py:3954} INFO - Setting next_dagrun for example_complex to None, run_after=None
[2024-06-04T23:46:44.178+0000] {processor.py:183} INFO - Processing /home/airflow/.local/lib/python3.12/site-packages/airflow/example_dags/example_complex.py took 0.316 seconds
[2024-06-04T23:47:15.390+0000] {processor.py:161} INFO - Started process (PID=171218) to work on /home/airflow/.local/lib/python3.12/site-packages/airflow/example_dags/example_complex.py
[2024-06-04T23:47:15.405+0000] {processor.py:830} INFO - Processing file /home/airflow/.local/lib/python3.12/site-packages/airflow/example_dags/example_complex.py for tasks to queue
[2024-06-04T23:47:15.409+0000] {logging_mixin.py:188} INFO - [2024-06-04T23:47:15.408+0000] {dagbag.py:545} INFO - Filling up the DagBag from /home/airflow/.local/lib/python3.12/site-packages/airflow/example_dags/example_complex.py
[2024-06-04T23:47:15.459+0000] {processor.py:840} INFO - DAG(s) 'example_complex' retrieved from /home/airflow/.local/lib/python3.12/site-packages/airflow/example_dags/example_complex.py
[2024-06-04T23:47:15.593+0000] {logging_mixin.py:188} INFO - [2024-06-04T23:47:15.592+0000] {dag.py:3096} INFO - Sync 1 DAGs
[2024-06-04T23:47:15.668+0000] {logging_mixin.py:188} INFO - [2024-06-04T23:47:15.668+0000] {dag.py:3954} INFO - Setting next_dagrun for example_complex to None, run_after=None
[2024-06-04T23:47:15.750+0000] {processor.py:183} INFO - Processing /home/airflow/.local/lib/python3.12/site-packages/airflow/example_dags/example_complex.py took 0.383 seconds
[2024-06-04T23:47:46.078+0000] {processor.py:161} INFO - Started process (PID=171479) to work on /home/airflow/.local/lib/python3.12/site-packages/airflow/example_dags/example_complex.py
[2024-06-04T23:47:46.080+0000] {processor.py:830} INFO - Processing file /home/airflow/.local/lib/python3.12/site-packages/airflow/example_dags/example_complex.py for tasks to queue
[2024-06-04T23:47:46.083+0000] {logging_mixin.py:188} INFO - [2024-06-04T23:47:46.082+0000] {dagbag.py:545} INFO - Filling up the DagBag from /home/airflow/.local/lib/python3.12/site-packages/airflow/example_dags/example_complex.py
[2024-06-04T23:47:46.107+0000] {processor.py:840} INFO - DAG(s) 'example_complex' retrieved from /home/airflow/.local/lib/python3.12/site-packages/airflow/example_dags/example_complex.py
[2024-06-04T23:47:46.191+0000] {logging_mixin.py:188} INFO - [2024-06-04T23:47:46.191+0000] {dag.py:3096} INFO - Sync 1 DAGs
[2024-06-04T23:47:46.222+0000] {logging_mixin.py:188} INFO - [2024-06-04T23:47:46.221+0000] {dag.py:3954} INFO - Setting next_dagrun for example_complex to None, run_after=None
[2024-06-04T23:47:46.286+0000] {processor.py:183} INFO - Processing /home/airflow/.local/lib/python3.12/site-packages/airflow/example_dags/example_complex.py took 0.220 seconds
[2024-06-04T23:48:16.480+0000] {processor.py:161} INFO - Started process (PID=171741) to work on /home/airflow/.local/lib/python3.12/site-packages/airflow/example_dags/example_complex.py
[2024-06-04T23:48:16.482+0000] {processor.py:830} INFO - Processing file /home/airflow/.local/lib/python3.12/site-packages/airflow/example_dags/example_complex.py for tasks to queue
[2024-06-04T23:48:16.485+0000] {logging_mixin.py:188} INFO - [2024-06-04T23:48:16.484+0000] {dagbag.py:545} INFO - Filling up the DagBag from /home/airflow/.local/lib/python3.12/site-packages/airflow/example_dags/example_complex.py
[2024-06-04T23:48:16.509+0000] {processor.py:840} INFO - DAG(s) 'example_complex' retrieved from /home/airflow/.local/lib/python3.12/site-packages/airflow/example_dags/example_complex.py
[2024-06-04T23:48:16.580+0000] {logging_mixin.py:188} INFO - [2024-06-04T23:48:16.580+0000] {dag.py:3096} INFO - Sync 1 DAGs
[2024-06-04T23:48:16.609+0000] {logging_mixin.py:188} INFO - [2024-06-04T23:48:16.608+0000] {dag.py:3954} INFO - Setting next_dagrun for example_complex to None, run_after=None
[2024-06-04T23:48:16.654+0000] {processor.py:183} INFO - Processing /home/airflow/.local/lib/python3.12/site-packages/airflow/example_dags/example_complex.py took 0.186 seconds
[2024-06-04T23:48:46.717+0000] {processor.py:161} INFO - Started process (PID=172000) to work on /home/airflow/.local/lib/python3.12/site-packages/airflow/example_dags/example_complex.py
[2024-06-04T23:48:46.719+0000] {processor.py:830} INFO - Processing file /home/airflow/.local/lib/python3.12/site-packages/airflow/example_dags/example_complex.py for tasks to queue
[2024-06-04T23:48:46.722+0000] {logging_mixin.py:188} INFO - [2024-06-04T23:48:46.721+0000] {dagbag.py:545} INFO - Filling up the DagBag from /home/airflow/.local/lib/python3.12/site-packages/airflow/example_dags/example_complex.py
[2024-06-04T23:48:46.745+0000] {processor.py:840} INFO - DAG(s) 'example_complex' retrieved from /home/airflow/.local/lib/python3.12/site-packages/airflow/example_dags/example_complex.py
[2024-06-04T23:48:46.807+0000] {logging_mixin.py:188} INFO - [2024-06-04T23:48:46.807+0000] {dag.py:3096} INFO - Sync 1 DAGs
[2024-06-04T23:48:46.831+0000] {logging_mixin.py:188} INFO - [2024-06-04T23:48:46.831+0000] {dag.py:3954} INFO - Setting next_dagrun for example_complex to None, run_after=None
[2024-06-04T23:48:46.866+0000] {processor.py:183} INFO - Processing /home/airflow/.local/lib/python3.12/site-packages/airflow/example_dags/example_complex.py took 0.161 seconds
[2024-06-04T23:49:17.487+0000] {processor.py:161} INFO - Started process (PID=172260) to work on /home/airflow/.local/lib/python3.12/site-packages/airflow/example_dags/example_complex.py
[2024-06-04T23:49:17.489+0000] {processor.py:830} INFO - Processing file /home/airflow/.local/lib/python3.12/site-packages/airflow/example_dags/example_complex.py for tasks to queue
[2024-06-04T23:49:17.493+0000] {logging_mixin.py:188} INFO - [2024-06-04T23:49:17.493+0000] {dagbag.py:545} INFO - Filling up the DagBag from /home/airflow/.local/lib/python3.12/site-packages/airflow/example_dags/example_complex.py
[2024-06-04T23:49:17.524+0000] {processor.py:840} INFO - DAG(s) 'example_complex' retrieved from /home/airflow/.local/lib/python3.12/site-packages/airflow/example_dags/example_complex.py
[2024-06-04T23:49:17.595+0000] {logging_mixin.py:188} INFO - [2024-06-04T23:49:17.594+0000] {dag.py:3096} INFO - Sync 1 DAGs
[2024-06-04T23:49:17.617+0000] {logging_mixin.py:188} INFO - [2024-06-04T23:49:17.617+0000] {dag.py:3954} INFO - Setting next_dagrun for example_complex to None, run_after=None
[2024-06-04T23:49:17.658+0000] {processor.py:183} INFO - Processing /home/airflow/.local/lib/python3.12/site-packages/airflow/example_dags/example_complex.py took 0.186 seconds
[2024-06-04T23:49:48.225+0000] {processor.py:161} INFO - Started process (PID=172521) to work on /home/airflow/.local/lib/python3.12/site-packages/airflow/example_dags/example_complex.py
[2024-06-04T23:49:48.228+0000] {processor.py:830} INFO - Processing file /home/airflow/.local/lib/python3.12/site-packages/airflow/example_dags/example_complex.py for tasks to queue
[2024-06-04T23:49:48.231+0000] {logging_mixin.py:188} INFO - [2024-06-04T23:49:48.231+0000] {dagbag.py:545} INFO - Filling up the DagBag from /home/airflow/.local/lib/python3.12/site-packages/airflow/example_dags/example_complex.py
[2024-06-04T23:49:48.263+0000] {processor.py:840} INFO - DAG(s) 'example_complex' retrieved from /home/airflow/.local/lib/python3.12/site-packages/airflow/example_dags/example_complex.py
[2024-06-04T23:49:48.372+0000] {logging_mixin.py:188} INFO - [2024-06-04T23:49:48.372+0000] {dag.py:3096} INFO - Sync 1 DAGs
[2024-06-04T23:49:48.433+0000] {logging_mixin.py:188} INFO - [2024-06-04T23:49:48.432+0000] {dag.py:3954} INFO - Setting next_dagrun for example_complex to None, run_after=None
[2024-06-04T23:49:48.526+0000] {processor.py:183} INFO - Processing /home/airflow/.local/lib/python3.12/site-packages/airflow/example_dags/example_complex.py took 0.320 seconds
[2024-06-04T23:50:19.357+0000] {processor.py:161} INFO - Started process (PID=172783) to work on /home/airflow/.local/lib/python3.12/site-packages/airflow/example_dags/example_complex.py
[2024-06-04T23:50:19.359+0000] {processor.py:830} INFO - Processing file /home/airflow/.local/lib/python3.12/site-packages/airflow/example_dags/example_complex.py for tasks to queue
[2024-06-04T23:50:19.370+0000] {logging_mixin.py:188} INFO - [2024-06-04T23:50:19.370+0000] {dagbag.py:545} INFO - Filling up the DagBag from /home/airflow/.local/lib/python3.12/site-packages/airflow/example_dags/example_complex.py
[2024-06-04T23:50:19.544+0000] {processor.py:840} INFO - DAG(s) 'example_complex' retrieved from /home/airflow/.local/lib/python3.12/site-packages/airflow/example_dags/example_complex.py
[2024-06-04T23:50:19.666+0000] {logging_mixin.py:188} INFO - [2024-06-04T23:50:19.665+0000] {dag.py:3096} INFO - Sync 1 DAGs
[2024-06-04T23:50:19.695+0000] {logging_mixin.py:188} INFO - [2024-06-04T23:50:19.695+0000] {dag.py:3954} INFO - Setting next_dagrun for example_complex to None, run_after=None
[2024-06-04T23:50:19.752+0000] {processor.py:183} INFO - Processing /home/airflow/.local/lib/python3.12/site-packages/airflow/example_dags/example_complex.py took 0.420 seconds
[2024-06-04T23:50:49.974+0000] {processor.py:161} INFO - Started process (PID=173045) to work on /home/airflow/.local/lib/python3.12/site-packages/airflow/example_dags/example_complex.py
[2024-06-04T23:50:49.976+0000] {processor.py:830} INFO - Processing file /home/airflow/.local/lib/python3.12/site-packages/airflow/example_dags/example_complex.py for tasks to queue
[2024-06-04T23:50:49.980+0000] {logging_mixin.py:188} INFO - [2024-06-04T23:50:49.979+0000] {dagbag.py:545} INFO - Filling up the DagBag from /home/airflow/.local/lib/python3.12/site-packages/airflow/example_dags/example_complex.py
[2024-06-04T23:50:50.011+0000] {processor.py:840} INFO - DAG(s) 'example_complex' retrieved from /home/airflow/.local/lib/python3.12/site-packages/airflow/example_dags/example_complex.py
[2024-06-04T23:50:50.126+0000] {logging_mixin.py:188} INFO - [2024-06-04T23:50:50.125+0000] {dag.py:3096} INFO - Sync 1 DAGs
[2024-06-04T23:50:50.175+0000] {logging_mixin.py:188} INFO - [2024-06-04T23:50:50.175+0000] {dag.py:3954} INFO - Setting next_dagrun for example_complex to None, run_after=None
[2024-06-04T23:50:50.282+0000] {processor.py:183} INFO - Processing /home/airflow/.local/lib/python3.12/site-packages/airflow/example_dags/example_complex.py took 0.321 seconds
[2024-06-04T23:51:20.849+0000] {processor.py:161} INFO - Started process (PID=173314) to work on /home/airflow/.local/lib/python3.12/site-packages/airflow/example_dags/example_complex.py
[2024-06-04T23:51:20.851+0000] {processor.py:830} INFO - Processing file /home/airflow/.local/lib/python3.12/site-packages/airflow/example_dags/example_complex.py for tasks to queue
[2024-06-04T23:51:20.855+0000] {logging_mixin.py:188} INFO - [2024-06-04T23:51:20.854+0000] {dagbag.py:545} INFO - Filling up the DagBag from /home/airflow/.local/lib/python3.12/site-packages/airflow/example_dags/example_complex.py
[2024-06-04T23:51:20.898+0000] {processor.py:840} INFO - DAG(s) 'example_complex' retrieved from /home/airflow/.local/lib/python3.12/site-packages/airflow/example_dags/example_complex.py
[2024-06-04T23:51:20.996+0000] {logging_mixin.py:188} INFO - [2024-06-04T23:51:20.995+0000] {dag.py:3096} INFO - Sync 1 DAGs
[2024-06-04T23:51:21.053+0000] {logging_mixin.py:188} INFO - [2024-06-04T23:51:21.052+0000] {dag.py:3954} INFO - Setting next_dagrun for example_complex to None, run_after=None
[2024-06-04T23:51:21.133+0000] {processor.py:183} INFO - Processing /home/airflow/.local/lib/python3.12/site-packages/airflow/example_dags/example_complex.py took 0.299 seconds
[2024-06-04T23:51:51.804+0000] {processor.py:161} INFO - Started process (PID=173575) to work on /home/airflow/.local/lib/python3.12/site-packages/airflow/example_dags/example_complex.py
[2024-06-04T23:51:51.806+0000] {processor.py:830} INFO - Processing file /home/airflow/.local/lib/python3.12/site-packages/airflow/example_dags/example_complex.py for tasks to queue
[2024-06-04T23:51:51.811+0000] {logging_mixin.py:188} INFO - [2024-06-04T23:51:51.808+0000] {dagbag.py:545} INFO - Filling up the DagBag from /home/airflow/.local/lib/python3.12/site-packages/airflow/example_dags/example_complex.py
[2024-06-04T23:51:51.850+0000] {processor.py:840} INFO - DAG(s) 'example_complex' retrieved from /home/airflow/.local/lib/python3.12/site-packages/airflow/example_dags/example_complex.py
[2024-06-04T23:51:51.990+0000] {logging_mixin.py:188} INFO - [2024-06-04T23:51:51.989+0000] {dag.py:3096} INFO - Sync 1 DAGs
[2024-06-04T23:51:52.022+0000] {logging_mixin.py:188} INFO - [2024-06-04T23:51:52.022+0000] {dag.py:3954} INFO - Setting next_dagrun for example_complex to None, run_after=None
[2024-06-04T23:51:52.070+0000] {processor.py:183} INFO - Processing /home/airflow/.local/lib/python3.12/site-packages/airflow/example_dags/example_complex.py took 0.280 seconds
[2024-06-04T23:52:22.476+0000] {processor.py:161} INFO - Started process (PID=173837) to work on /home/airflow/.local/lib/python3.12/site-packages/airflow/example_dags/example_complex.py
[2024-06-04T23:52:22.488+0000] {processor.py:830} INFO - Processing file /home/airflow/.local/lib/python3.12/site-packages/airflow/example_dags/example_complex.py for tasks to queue
[2024-06-04T23:52:22.500+0000] {logging_mixin.py:188} INFO - [2024-06-04T23:52:22.491+0000] {dagbag.py:545} INFO - Filling up the DagBag from /home/airflow/.local/lib/python3.12/site-packages/airflow/example_dags/example_complex.py
[2024-06-04T23:52:22.606+0000] {processor.py:840} INFO - DAG(s) 'example_complex' retrieved from /home/airflow/.local/lib/python3.12/site-packages/airflow/example_dags/example_complex.py
[2024-06-04T23:52:22.768+0000] {logging_mixin.py:188} INFO - [2024-06-04T23:52:22.764+0000] {dag.py:3096} INFO - Sync 1 DAGs
[2024-06-04T23:52:22.813+0000] {logging_mixin.py:188} INFO - [2024-06-04T23:52:22.812+0000] {dag.py:3954} INFO - Setting next_dagrun for example_complex to None, run_after=None
[2024-06-04T23:52:22.862+0000] {processor.py:183} INFO - Processing /home/airflow/.local/lib/python3.12/site-packages/airflow/example_dags/example_complex.py took 0.401 seconds
[2024-06-04T23:52:53.260+0000] {processor.py:161} INFO - Started process (PID=174099) to work on /home/airflow/.local/lib/python3.12/site-packages/airflow/example_dags/example_complex.py
[2024-06-04T23:52:53.267+0000] {processor.py:830} INFO - Processing file /home/airflow/.local/lib/python3.12/site-packages/airflow/example_dags/example_complex.py for tasks to queue
[2024-06-04T23:52:53.273+0000] {logging_mixin.py:188} INFO - [2024-06-04T23:52:53.273+0000] {dagbag.py:545} INFO - Filling up the DagBag from /home/airflow/.local/lib/python3.12/site-packages/airflow/example_dags/example_complex.py
[2024-06-04T23:52:53.341+0000] {processor.py:840} INFO - DAG(s) 'example_complex' retrieved from /home/airflow/.local/lib/python3.12/site-packages/airflow/example_dags/example_complex.py
[2024-06-04T23:52:53.566+0000] {logging_mixin.py:188} INFO - [2024-06-04T23:52:53.566+0000] {dag.py:3096} INFO - Sync 1 DAGs
[2024-06-04T23:52:53.598+0000] {logging_mixin.py:188} INFO - [2024-06-04T23:52:53.597+0000] {dag.py:3954} INFO - Setting next_dagrun for example_complex to None, run_after=None
[2024-06-04T23:52:53.664+0000] {processor.py:183} INFO - Processing /home/airflow/.local/lib/python3.12/site-packages/airflow/example_dags/example_complex.py took 0.422 seconds
[2024-06-04T23:53:23.931+0000] {processor.py:161} INFO - Started process (PID=174364) to work on /home/airflow/.local/lib/python3.12/site-packages/airflow/example_dags/example_complex.py
[2024-06-04T23:53:23.933+0000] {processor.py:830} INFO - Processing file /home/airflow/.local/lib/python3.12/site-packages/airflow/example_dags/example_complex.py for tasks to queue
[2024-06-04T23:53:23.936+0000] {logging_mixin.py:188} INFO - [2024-06-04T23:53:23.935+0000] {dagbag.py:545} INFO - Filling up the DagBag from /home/airflow/.local/lib/python3.12/site-packages/airflow/example_dags/example_complex.py
[2024-06-04T23:53:23.956+0000] {processor.py:840} INFO - DAG(s) 'example_complex' retrieved from /home/airflow/.local/lib/python3.12/site-packages/airflow/example_dags/example_complex.py
[2024-06-04T23:53:24.018+0000] {logging_mixin.py:188} INFO - [2024-06-04T23:53:24.017+0000] {dag.py:3096} INFO - Sync 1 DAGs
[2024-06-04T23:53:24.046+0000] {logging_mixin.py:188} INFO - [2024-06-04T23:53:24.046+0000] {dag.py:3954} INFO - Setting next_dagrun for example_complex to None, run_after=None
[2024-06-04T23:53:24.081+0000] {processor.py:183} INFO - Processing /home/airflow/.local/lib/python3.12/site-packages/airflow/example_dags/example_complex.py took 0.161 seconds
[2024-06-04T23:53:55.099+0000] {processor.py:161} INFO - Started process (PID=174623) to work on /home/airflow/.local/lib/python3.12/site-packages/airflow/example_dags/example_complex.py
[2024-06-04T23:53:55.108+0000] {processor.py:830} INFO - Processing file /home/airflow/.local/lib/python3.12/site-packages/airflow/example_dags/example_complex.py for tasks to queue
[2024-06-04T23:53:55.111+0000] {logging_mixin.py:188} INFO - [2024-06-04T23:53:55.110+0000] {dagbag.py:545} INFO - Filling up the DagBag from /home/airflow/.local/lib/python3.12/site-packages/airflow/example_dags/example_complex.py
[2024-06-04T23:53:55.209+0000] {processor.py:840} INFO - DAG(s) 'example_complex' retrieved from /home/airflow/.local/lib/python3.12/site-packages/airflow/example_dags/example_complex.py
[2024-06-04T23:53:55.346+0000] {logging_mixin.py:188} INFO - [2024-06-04T23:53:55.346+0000] {dag.py:3096} INFO - Sync 1 DAGs
[2024-06-04T23:53:55.392+0000] {logging_mixin.py:188} INFO - [2024-06-04T23:53:55.391+0000] {dag.py:3954} INFO - Setting next_dagrun for example_complex to None, run_after=None
[2024-06-04T23:53:55.433+0000] {processor.py:183} INFO - Processing /home/airflow/.local/lib/python3.12/site-packages/airflow/example_dags/example_complex.py took 0.377 seconds
[2024-06-04T23:54:25.788+0000] {processor.py:161} INFO - Started process (PID=174885) to work on /home/airflow/.local/lib/python3.12/site-packages/airflow/example_dags/example_complex.py
[2024-06-04T23:54:25.790+0000] {processor.py:830} INFO - Processing file /home/airflow/.local/lib/python3.12/site-packages/airflow/example_dags/example_complex.py for tasks to queue
[2024-06-04T23:54:25.793+0000] {logging_mixin.py:188} INFO - [2024-06-04T23:54:25.792+0000] {dagbag.py:545} INFO - Filling up the DagBag from /home/airflow/.local/lib/python3.12/site-packages/airflow/example_dags/example_complex.py
[2024-06-04T23:54:25.819+0000] {processor.py:840} INFO - DAG(s) 'example_complex' retrieved from /home/airflow/.local/lib/python3.12/site-packages/airflow/example_dags/example_complex.py
[2024-06-04T23:54:25.891+0000] {logging_mixin.py:188} INFO - [2024-06-04T23:54:25.891+0000] {dag.py:3096} INFO - Sync 1 DAGs
[2024-06-04T23:54:25.914+0000] {logging_mixin.py:188} INFO - [2024-06-04T23:54:25.913+0000] {dag.py:3954} INFO - Setting next_dagrun for example_complex to None, run_after=None
[2024-06-04T23:54:25.957+0000] {processor.py:183} INFO - Processing /home/airflow/.local/lib/python3.12/site-packages/airflow/example_dags/example_complex.py took 0.187 seconds
[2024-06-04T23:54:56.711+0000] {processor.py:161} INFO - Started process (PID=175148) to work on /home/airflow/.local/lib/python3.12/site-packages/airflow/example_dags/example_complex.py
[2024-06-04T23:54:56.725+0000] {processor.py:830} INFO - Processing file /home/airflow/.local/lib/python3.12/site-packages/airflow/example_dags/example_complex.py for tasks to queue
[2024-06-04T23:54:56.728+0000] {logging_mixin.py:188} INFO - [2024-06-04T23:54:56.728+0000] {dagbag.py:545} INFO - Filling up the DagBag from /home/airflow/.local/lib/python3.12/site-packages/airflow/example_dags/example_complex.py
[2024-06-04T23:54:56.755+0000] {processor.py:840} INFO - DAG(s) 'example_complex' retrieved from /home/airflow/.local/lib/python3.12/site-packages/airflow/example_dags/example_complex.py
[2024-06-04T23:54:56.832+0000] {logging_mixin.py:188} INFO - [2024-06-04T23:54:56.831+0000] {dag.py:3096} INFO - Sync 1 DAGs
[2024-06-04T23:54:56.863+0000] {logging_mixin.py:188} INFO - [2024-06-04T23:54:56.862+0000] {dag.py:3954} INFO - Setting next_dagrun for example_complex to None, run_after=None
[2024-06-04T23:54:56.931+0000] {processor.py:183} INFO - Processing /home/airflow/.local/lib/python3.12/site-packages/airflow/example_dags/example_complex.py took 0.233 seconds
[2024-06-04T23:55:27.005+0000] {processor.py:161} INFO - Started process (PID=175406) to work on /home/airflow/.local/lib/python3.12/site-packages/airflow/example_dags/example_complex.py
[2024-06-04T23:55:27.006+0000] {processor.py:830} INFO - Processing file /home/airflow/.local/lib/python3.12/site-packages/airflow/example_dags/example_complex.py for tasks to queue
[2024-06-04T23:55:27.009+0000] {logging_mixin.py:188} INFO - [2024-06-04T23:55:27.008+0000] {dagbag.py:545} INFO - Filling up the DagBag from /home/airflow/.local/lib/python3.12/site-packages/airflow/example_dags/example_complex.py
[2024-06-04T23:55:27.029+0000] {processor.py:840} INFO - DAG(s) 'example_complex' retrieved from /home/airflow/.local/lib/python3.12/site-packages/airflow/example_dags/example_complex.py
[2024-06-04T23:55:27.091+0000] {logging_mixin.py:188} INFO - [2024-06-04T23:55:27.091+0000] {dag.py:3096} INFO - Sync 1 DAGs
[2024-06-04T23:55:27.114+0000] {logging_mixin.py:188} INFO - [2024-06-04T23:55:27.114+0000] {dag.py:3954} INFO - Setting next_dagrun for example_complex to None, run_after=None
[2024-06-04T23:55:27.166+0000] {processor.py:183} INFO - Processing /home/airflow/.local/lib/python3.12/site-packages/airflow/example_dags/example_complex.py took 0.171 seconds
[2024-06-04T23:55:57.827+0000] {processor.py:161} INFO - Started process (PID=175666) to work on /home/airflow/.local/lib/python3.12/site-packages/airflow/example_dags/example_complex.py
[2024-06-04T23:55:57.835+0000] {processor.py:830} INFO - Processing file /home/airflow/.local/lib/python3.12/site-packages/airflow/example_dags/example_complex.py for tasks to queue
[2024-06-04T23:55:57.838+0000] {logging_mixin.py:188} INFO - [2024-06-04T23:55:57.837+0000] {dagbag.py:545} INFO - Filling up the DagBag from /home/airflow/.local/lib/python3.12/site-packages/airflow/example_dags/example_complex.py
[2024-06-04T23:55:57.906+0000] {processor.py:840} INFO - DAG(s) 'example_complex' retrieved from /home/airflow/.local/lib/python3.12/site-packages/airflow/example_dags/example_complex.py
[2024-06-04T23:55:58.005+0000] {logging_mixin.py:188} INFO - [2024-06-04T23:55:58.005+0000] {dag.py:3096} INFO - Sync 1 DAGs
[2024-06-04T23:55:58.034+0000] {logging_mixin.py:188} INFO - [2024-06-04T23:55:58.033+0000] {dag.py:3954} INFO - Setting next_dagrun for example_complex to None, run_after=None
[2024-06-04T23:55:58.077+0000] {processor.py:183} INFO - Processing /home/airflow/.local/lib/python3.12/site-packages/airflow/example_dags/example_complex.py took 0.293 seconds
[2024-06-04T23:56:28.765+0000] {processor.py:161} INFO - Started process (PID=175930) to work on /home/airflow/.local/lib/python3.12/site-packages/airflow/example_dags/example_complex.py
[2024-06-04T23:56:28.766+0000] {processor.py:830} INFO - Processing file /home/airflow/.local/lib/python3.12/site-packages/airflow/example_dags/example_complex.py for tasks to queue
[2024-06-04T23:56:28.769+0000] {logging_mixin.py:188} INFO - [2024-06-04T23:56:28.768+0000] {dagbag.py:545} INFO - Filling up the DagBag from /home/airflow/.local/lib/python3.12/site-packages/airflow/example_dags/example_complex.py
[2024-06-04T23:56:28.789+0000] {processor.py:840} INFO - DAG(s) 'example_complex' retrieved from /home/airflow/.local/lib/python3.12/site-packages/airflow/example_dags/example_complex.py
[2024-06-04T23:56:28.851+0000] {logging_mixin.py:188} INFO - [2024-06-04T23:56:28.851+0000] {dag.py:3096} INFO - Sync 1 DAGs
[2024-06-04T23:56:28.874+0000] {logging_mixin.py:188} INFO - [2024-06-04T23:56:28.873+0000] {dag.py:3954} INFO - Setting next_dagrun for example_complex to None, run_after=None
[2024-06-04T23:56:28.914+0000] {processor.py:183} INFO - Processing /home/airflow/.local/lib/python3.12/site-packages/airflow/example_dags/example_complex.py took 0.159 seconds
[2024-06-04T23:56:59.233+0000] {processor.py:161} INFO - Started process (PID=176189) to work on /home/airflow/.local/lib/python3.12/site-packages/airflow/example_dags/example_complex.py
[2024-06-04T23:56:59.242+0000] {processor.py:830} INFO - Processing file /home/airflow/.local/lib/python3.12/site-packages/airflow/example_dags/example_complex.py for tasks to queue
[2024-06-04T23:56:59.245+0000] {logging_mixin.py:188} INFO - [2024-06-04T23:56:59.245+0000] {dagbag.py:545} INFO - Filling up the DagBag from /home/airflow/.local/lib/python3.12/site-packages/airflow/example_dags/example_complex.py
[2024-06-04T23:56:59.270+0000] {processor.py:840} INFO - DAG(s) 'example_complex' retrieved from /home/airflow/.local/lib/python3.12/site-packages/airflow/example_dags/example_complex.py
[2024-06-04T23:56:59.335+0000] {logging_mixin.py:188} INFO - [2024-06-04T23:56:59.335+0000] {dag.py:3096} INFO - Sync 1 DAGs
[2024-06-04T23:56:59.358+0000] {logging_mixin.py:188} INFO - [2024-06-04T23:56:59.358+0000] {dag.py:3954} INFO - Setting next_dagrun for example_complex to None, run_after=None
[2024-06-04T23:56:59.399+0000] {processor.py:183} INFO - Processing /home/airflow/.local/lib/python3.12/site-packages/airflow/example_dags/example_complex.py took 0.176 seconds
[2024-06-04T23:57:29.713+0000] {processor.py:161} INFO - Started process (PID=176451) to work on /home/airflow/.local/lib/python3.12/site-packages/airflow/example_dags/example_complex.py
[2024-06-04T23:57:29.719+0000] {processor.py:830} INFO - Processing file /home/airflow/.local/lib/python3.12/site-packages/airflow/example_dags/example_complex.py for tasks to queue
[2024-06-04T23:57:29.722+0000] {logging_mixin.py:188} INFO - [2024-06-04T23:57:29.722+0000] {dagbag.py:545} INFO - Filling up the DagBag from /home/airflow/.local/lib/python3.12/site-packages/airflow/example_dags/example_complex.py
[2024-06-04T23:57:29.746+0000] {processor.py:840} INFO - DAG(s) 'example_complex' retrieved from /home/airflow/.local/lib/python3.12/site-packages/airflow/example_dags/example_complex.py
[2024-06-04T23:57:29.827+0000] {logging_mixin.py:188} INFO - [2024-06-04T23:57:29.826+0000] {dag.py:3096} INFO - Sync 1 DAGs
[2024-06-04T23:57:29.855+0000] {logging_mixin.py:188} INFO - [2024-06-04T23:57:29.854+0000] {dag.py:3954} INFO - Setting next_dagrun for example_complex to None, run_after=None
[2024-06-04T23:57:29.898+0000] {processor.py:183} INFO - Processing /home/airflow/.local/lib/python3.12/site-packages/airflow/example_dags/example_complex.py took 0.197 seconds
[2024-06-04T23:58:00.475+0000] {processor.py:161} INFO - Started process (PID=176713) to work on /home/airflow/.local/lib/python3.12/site-packages/airflow/example_dags/example_complex.py
[2024-06-04T23:58:00.478+0000] {processor.py:830} INFO - Processing file /home/airflow/.local/lib/python3.12/site-packages/airflow/example_dags/example_complex.py for tasks to queue
[2024-06-04T23:58:00.483+0000] {logging_mixin.py:188} INFO - [2024-06-04T23:58:00.482+0000] {dagbag.py:545} INFO - Filling up the DagBag from /home/airflow/.local/lib/python3.12/site-packages/airflow/example_dags/example_complex.py
[2024-06-04T23:58:00.525+0000] {processor.py:840} INFO - DAG(s) 'example_complex' retrieved from /home/airflow/.local/lib/python3.12/site-packages/airflow/example_dags/example_complex.py
[2024-06-04T23:58:00.596+0000] {logging_mixin.py:188} INFO - [2024-06-04T23:58:00.596+0000] {dag.py:3096} INFO - Sync 1 DAGs
[2024-06-04T23:58:00.625+0000] {logging_mixin.py:188} INFO - [2024-06-04T23:58:00.625+0000] {dag.py:3954} INFO - Setting next_dagrun for example_complex to None, run_after=None
[2024-06-04T23:58:00.681+0000] {processor.py:183} INFO - Processing /home/airflow/.local/lib/python3.12/site-packages/airflow/example_dags/example_complex.py took 0.218 seconds
[2024-06-04T23:58:31.244+0000] {processor.py:161} INFO - Started process (PID=176974) to work on /home/airflow/.local/lib/python3.12/site-packages/airflow/example_dags/example_complex.py
[2024-06-04T23:58:31.246+0000] {processor.py:830} INFO - Processing file /home/airflow/.local/lib/python3.12/site-packages/airflow/example_dags/example_complex.py for tasks to queue
[2024-06-04T23:58:31.249+0000] {logging_mixin.py:188} INFO - [2024-06-04T23:58:31.248+0000] {dagbag.py:545} INFO - Filling up the DagBag from /home/airflow/.local/lib/python3.12/site-packages/airflow/example_dags/example_complex.py
[2024-06-04T23:58:31.269+0000] {processor.py:840} INFO - DAG(s) 'example_complex' retrieved from /home/airflow/.local/lib/python3.12/site-packages/airflow/example_dags/example_complex.py
[2024-06-04T23:58:31.329+0000] {logging_mixin.py:188} INFO - [2024-06-04T23:58:31.329+0000] {dag.py:3096} INFO - Sync 1 DAGs
[2024-06-04T23:58:31.352+0000] {logging_mixin.py:188} INFO - [2024-06-04T23:58:31.351+0000] {dag.py:3954} INFO - Setting next_dagrun for example_complex to None, run_after=None
[2024-06-04T23:58:31.399+0000] {processor.py:183} INFO - Processing /home/airflow/.local/lib/python3.12/site-packages/airflow/example_dags/example_complex.py took 0.167 seconds
[2024-06-04T23:59:02.472+0000] {processor.py:161} INFO - Started process (PID=177235) to work on /home/airflow/.local/lib/python3.12/site-packages/airflow/example_dags/example_complex.py
[2024-06-04T23:59:02.476+0000] {processor.py:830} INFO - Processing file /home/airflow/.local/lib/python3.12/site-packages/airflow/example_dags/example_complex.py for tasks to queue
[2024-06-04T23:59:02.487+0000] {logging_mixin.py:188} INFO - [2024-06-04T23:59:02.487+0000] {dagbag.py:545} INFO - Filling up the DagBag from /home/airflow/.local/lib/python3.12/site-packages/airflow/example_dags/example_complex.py
[2024-06-04T23:59:02.554+0000] {processor.py:840} INFO - DAG(s) 'example_complex' retrieved from /home/airflow/.local/lib/python3.12/site-packages/airflow/example_dags/example_complex.py
[2024-06-04T23:59:02.647+0000] {logging_mixin.py:188} INFO - [2024-06-04T23:59:02.646+0000] {dag.py:3096} INFO - Sync 1 DAGs
[2024-06-04T23:59:02.681+0000] {logging_mixin.py:188} INFO - [2024-06-04T23:59:02.680+0000] {dag.py:3954} INFO - Setting next_dagrun for example_complex to None, run_after=None
[2024-06-04T23:59:02.734+0000] {processor.py:183} INFO - Processing /home/airflow/.local/lib/python3.12/site-packages/airflow/example_dags/example_complex.py took 0.290 seconds
[2024-06-04T23:59:33.367+0000] {processor.py:161} INFO - Started process (PID=177499) to work on /home/airflow/.local/lib/python3.12/site-packages/airflow/example_dags/example_complex.py
[2024-06-04T23:59:33.369+0000] {processor.py:830} INFO - Processing file /home/airflow/.local/lib/python3.12/site-packages/airflow/example_dags/example_complex.py for tasks to queue
[2024-06-04T23:59:33.372+0000] {logging_mixin.py:188} INFO - [2024-06-04T23:59:33.372+0000] {dagbag.py:545} INFO - Filling up the DagBag from /home/airflow/.local/lib/python3.12/site-packages/airflow/example_dags/example_complex.py
[2024-06-04T23:59:33.399+0000] {processor.py:840} INFO - DAG(s) 'example_complex' retrieved from /home/airflow/.local/lib/python3.12/site-packages/airflow/example_dags/example_complex.py
[2024-06-04T23:59:33.480+0000] {logging_mixin.py:188} INFO - [2024-06-04T23:59:33.480+0000] {dag.py:3096} INFO - Sync 1 DAGs
[2024-06-04T23:59:33.506+0000] {logging_mixin.py:188} INFO - [2024-06-04T23:59:33.506+0000] {dag.py:3954} INFO - Setting next_dagrun for example_complex to None, run_after=None
[2024-06-04T23:59:33.549+0000] {processor.py:183} INFO - Processing /home/airflow/.local/lib/python3.12/site-packages/airflow/example_dags/example_complex.py took 0.194 seconds
