[2024-06-04T23:43:53.832+0000] {processor.py:161} INFO - Started process (PID=169502) to work on /home/airflow/.local/lib/python3.12/site-packages/airflow/example_dags/example_nested_branch_dag.py
[2024-06-04T23:43:53.871+0000] {processor.py:830} INFO - Processing file /home/airflow/.local/lib/python3.12/site-packages/airflow/example_dags/example_nested_branch_dag.py for tasks to queue
[2024-06-04T23:43:53.883+0000] {logging_mixin.py:188} INFO - [2024-06-04T23:43:53.880+0000] {dagbag.py:545} INFO - Filling up the DagBag from /home/airflow/.local/lib/python3.12/site-packages/airflow/example_dags/example_nested_branch_dag.py
[2024-06-04T23:43:53.907+0000] {processor.py:840} INFO - DAG(s) 'example_nested_branch_dag' retrieved from /home/airflow/.local/lib/python3.12/site-packages/airflow/example_dags/example_nested_branch_dag.py
[2024-06-04T23:43:54.049+0000] {logging_mixin.py:188} INFO - [2024-06-04T23:43:54.048+0000] {dag.py:3096} INFO - Sync 1 DAGs
[2024-06-04T23:43:54.159+0000] {logging_mixin.py:188} INFO - [2024-06-04T23:43:54.159+0000] {dag.py:3954} INFO - Setting next_dagrun for example_nested_branch_dag to 2024-06-03 00:00:00+00:00, run_after=2024-06-04 00:00:00+00:00
[2024-06-04T23:43:54.621+0000] {processor.py:183} INFO - Processing /home/airflow/.local/lib/python3.12/site-packages/airflow/example_dags/example_nested_branch_dag.py took 0.922 seconds
[2024-06-04T23:44:24.933+0000] {processor.py:161} INFO - Started process (PID=169759) to work on /home/airflow/.local/lib/python3.12/site-packages/airflow/example_dags/example_nested_branch_dag.py
[2024-06-04T23:44:24.950+0000] {processor.py:830} INFO - Processing file /home/airflow/.local/lib/python3.12/site-packages/airflow/example_dags/example_nested_branch_dag.py for tasks to queue
[2024-06-04T23:44:24.953+0000] {logging_mixin.py:188} INFO - [2024-06-04T23:44:24.953+0000] {dagbag.py:545} INFO - Filling up the DagBag from /home/airflow/.local/lib/python3.12/site-packages/airflow/example_dags/example_nested_branch_dag.py
[2024-06-04T23:44:24.975+0000] {processor.py:840} INFO - DAG(s) 'example_nested_branch_dag' retrieved from /home/airflow/.local/lib/python3.12/site-packages/airflow/example_dags/example_nested_branch_dag.py
[2024-06-04T23:44:25.022+0000] {logging_mixin.py:188} INFO - [2024-06-04T23:44:25.022+0000] {dag.py:3096} INFO - Sync 1 DAGs
[2024-06-04T23:44:25.111+0000] {logging_mixin.py:188} INFO - [2024-06-04T23:44:25.108+0000] {dag.py:3954} INFO - Setting next_dagrun for example_nested_branch_dag to 2024-06-03 00:00:00+00:00, run_after=2024-06-04 00:00:00+00:00
[2024-06-04T23:44:25.237+0000] {processor.py:183} INFO - Processing /home/airflow/.local/lib/python3.12/site-packages/airflow/example_dags/example_nested_branch_dag.py took 0.325 seconds
[2024-06-04T23:44:55.674+0000] {processor.py:161} INFO - Started process (PID=170013) to work on /home/airflow/.local/lib/python3.12/site-packages/airflow/example_dags/example_nested_branch_dag.py
[2024-06-04T23:44:55.676+0000] {processor.py:830} INFO - Processing file /home/airflow/.local/lib/python3.12/site-packages/airflow/example_dags/example_nested_branch_dag.py for tasks to queue
[2024-06-04T23:44:55.681+0000] {logging_mixin.py:188} INFO - [2024-06-04T23:44:55.680+0000] {dagbag.py:545} INFO - Filling up the DagBag from /home/airflow/.local/lib/python3.12/site-packages/airflow/example_dags/example_nested_branch_dag.py
[2024-06-04T23:44:55.705+0000] {processor.py:840} INFO - DAG(s) 'example_nested_branch_dag' retrieved from /home/airflow/.local/lib/python3.12/site-packages/airflow/example_dags/example_nested_branch_dag.py
[2024-06-04T23:44:55.769+0000] {logging_mixin.py:188} INFO - [2024-06-04T23:44:55.768+0000] {dag.py:3096} INFO - Sync 1 DAGs
[2024-06-04T23:44:55.867+0000] {logging_mixin.py:188} INFO - [2024-06-04T23:44:55.866+0000] {dag.py:3954} INFO - Setting next_dagrun for example_nested_branch_dag to 2024-06-03 00:00:00+00:00, run_after=2024-06-04 00:00:00+00:00
[2024-06-04T23:44:55.931+0000] {processor.py:183} INFO - Processing /home/airflow/.local/lib/python3.12/site-packages/airflow/example_dags/example_nested_branch_dag.py took 0.289 seconds
[2024-06-04T23:45:26.191+0000] {processor.py:161} INFO - Started process (PID=170275) to work on /home/airflow/.local/lib/python3.12/site-packages/airflow/example_dags/example_nested_branch_dag.py
[2024-06-04T23:45:26.214+0000] {processor.py:830} INFO - Processing file /home/airflow/.local/lib/python3.12/site-packages/airflow/example_dags/example_nested_branch_dag.py for tasks to queue
[2024-06-04T23:45:26.218+0000] {logging_mixin.py:188} INFO - [2024-06-04T23:45:26.217+0000] {dagbag.py:545} INFO - Filling up the DagBag from /home/airflow/.local/lib/python3.12/site-packages/airflow/example_dags/example_nested_branch_dag.py
[2024-06-04T23:45:26.297+0000] {processor.py:840} INFO - DAG(s) 'example_nested_branch_dag' retrieved from /home/airflow/.local/lib/python3.12/site-packages/airflow/example_dags/example_nested_branch_dag.py
[2024-06-04T23:45:26.582+0000] {logging_mixin.py:188} INFO - [2024-06-04T23:45:26.582+0000] {dag.py:3096} INFO - Sync 1 DAGs
[2024-06-04T23:45:26.824+0000] {logging_mixin.py:188} INFO - [2024-06-04T23:45:26.824+0000] {dag.py:3954} INFO - Setting next_dagrun for example_nested_branch_dag to 2024-06-03 00:00:00+00:00, run_after=2024-06-04 00:00:00+00:00
[2024-06-04T23:45:27.029+0000] {processor.py:183} INFO - Processing /home/airflow/.local/lib/python3.12/site-packages/airflow/example_dags/example_nested_branch_dag.py took 0.899 seconds
[2024-06-04T23:45:58.063+0000] {processor.py:161} INFO - Started process (PID=170537) to work on /home/airflow/.local/lib/python3.12/site-packages/airflow/example_dags/example_nested_branch_dag.py
[2024-06-04T23:45:58.065+0000] {processor.py:830} INFO - Processing file /home/airflow/.local/lib/python3.12/site-packages/airflow/example_dags/example_nested_branch_dag.py for tasks to queue
[2024-06-04T23:45:58.075+0000] {logging_mixin.py:188} INFO - [2024-06-04T23:45:58.073+0000] {dagbag.py:545} INFO - Filling up the DagBag from /home/airflow/.local/lib/python3.12/site-packages/airflow/example_dags/example_nested_branch_dag.py
[2024-06-04T23:45:58.133+0000] {processor.py:840} INFO - DAG(s) 'example_nested_branch_dag' retrieved from /home/airflow/.local/lib/python3.12/site-packages/airflow/example_dags/example_nested_branch_dag.py
[2024-06-04T23:45:58.254+0000] {logging_mixin.py:188} INFO - [2024-06-04T23:45:58.253+0000] {dag.py:3096} INFO - Sync 1 DAGs
[2024-06-04T23:45:58.468+0000] {logging_mixin.py:188} INFO - [2024-06-04T23:45:58.467+0000] {dag.py:3954} INFO - Setting next_dagrun for example_nested_branch_dag to 2024-06-03 00:00:00+00:00, run_after=2024-06-04 00:00:00+00:00
[2024-06-04T23:45:58.570+0000] {processor.py:183} INFO - Processing /home/airflow/.local/lib/python3.12/site-packages/airflow/example_dags/example_nested_branch_dag.py took 0.571 seconds
[2024-06-04T23:46:28.832+0000] {processor.py:161} INFO - Started process (PID=170799) to work on /home/airflow/.local/lib/python3.12/site-packages/airflow/example_dags/example_nested_branch_dag.py
[2024-06-04T23:46:28.847+0000] {processor.py:830} INFO - Processing file /home/airflow/.local/lib/python3.12/site-packages/airflow/example_dags/example_nested_branch_dag.py for tasks to queue
[2024-06-04T23:46:28.850+0000] {logging_mixin.py:188} INFO - [2024-06-04T23:46:28.850+0000] {dagbag.py:545} INFO - Filling up the DagBag from /home/airflow/.local/lib/python3.12/site-packages/airflow/example_dags/example_nested_branch_dag.py
[2024-06-04T23:46:28.874+0000] {processor.py:840} INFO - DAG(s) 'example_nested_branch_dag' retrieved from /home/airflow/.local/lib/python3.12/site-packages/airflow/example_dags/example_nested_branch_dag.py
[2024-06-04T23:46:28.936+0000] {logging_mixin.py:188} INFO - [2024-06-04T23:46:28.936+0000] {dag.py:3096} INFO - Sync 1 DAGs
[2024-06-04T23:46:29.000+0000] {logging_mixin.py:188} INFO - [2024-06-04T23:46:29.000+0000] {dag.py:3954} INFO - Setting next_dagrun for example_nested_branch_dag to 2024-06-03 00:00:00+00:00, run_after=2024-06-04 00:00:00+00:00
[2024-06-04T23:46:29.048+0000] {processor.py:183} INFO - Processing /home/airflow/.local/lib/python3.12/site-packages/airflow/example_dags/example_nested_branch_dag.py took 0.230 seconds
[2024-06-04T23:46:59.383+0000] {processor.py:161} INFO - Started process (PID=171060) to work on /home/airflow/.local/lib/python3.12/site-packages/airflow/example_dags/example_nested_branch_dag.py
[2024-06-04T23:46:59.385+0000] {processor.py:830} INFO - Processing file /home/airflow/.local/lib/python3.12/site-packages/airflow/example_dags/example_nested_branch_dag.py for tasks to queue
[2024-06-04T23:46:59.389+0000] {logging_mixin.py:188} INFO - [2024-06-04T23:46:59.388+0000] {dagbag.py:545} INFO - Filling up the DagBag from /home/airflow/.local/lib/python3.12/site-packages/airflow/example_dags/example_nested_branch_dag.py
[2024-06-04T23:46:59.414+0000] {processor.py:840} INFO - DAG(s) 'example_nested_branch_dag' retrieved from /home/airflow/.local/lib/python3.12/site-packages/airflow/example_dags/example_nested_branch_dag.py
[2024-06-04T23:46:59.495+0000] {logging_mixin.py:188} INFO - [2024-06-04T23:46:59.493+0000] {dag.py:3096} INFO - Sync 1 DAGs
[2024-06-04T23:46:59.561+0000] {logging_mixin.py:188} INFO - [2024-06-04T23:46:59.560+0000] {dag.py:3954} INFO - Setting next_dagrun for example_nested_branch_dag to 2024-06-03 00:00:00+00:00, run_after=2024-06-04 00:00:00+00:00
[2024-06-04T23:46:59.678+0000] {processor.py:183} INFO - Processing /home/airflow/.local/lib/python3.12/site-packages/airflow/example_dags/example_nested_branch_dag.py took 0.315 seconds
[2024-06-04T23:47:30.021+0000] {processor.py:161} INFO - Started process (PID=171321) to work on /home/airflow/.local/lib/python3.12/site-packages/airflow/example_dags/example_nested_branch_dag.py
[2024-06-04T23:47:30.023+0000] {processor.py:830} INFO - Processing file /home/airflow/.local/lib/python3.12/site-packages/airflow/example_dags/example_nested_branch_dag.py for tasks to queue
[2024-06-04T23:47:30.027+0000] {logging_mixin.py:188} INFO - [2024-06-04T23:47:30.026+0000] {dagbag.py:545} INFO - Filling up the DagBag from /home/airflow/.local/lib/python3.12/site-packages/airflow/example_dags/example_nested_branch_dag.py
[2024-06-04T23:47:30.051+0000] {processor.py:840} INFO - DAG(s) 'example_nested_branch_dag' retrieved from /home/airflow/.local/lib/python3.12/site-packages/airflow/example_dags/example_nested_branch_dag.py
[2024-06-04T23:47:30.104+0000] {logging_mixin.py:188} INFO - [2024-06-04T23:47:30.103+0000] {dag.py:3096} INFO - Sync 1 DAGs
[2024-06-04T23:47:30.155+0000] {logging_mixin.py:188} INFO - [2024-06-04T23:47:30.155+0000] {dag.py:3954} INFO - Setting next_dagrun for example_nested_branch_dag to 2024-06-03 00:00:00+00:00, run_after=2024-06-04 00:00:00+00:00
[2024-06-04T23:47:30.201+0000] {processor.py:183} INFO - Processing /home/airflow/.local/lib/python3.12/site-packages/airflow/example_dags/example_nested_branch_dag.py took 0.196 seconds
[2024-06-04T23:48:00.905+0000] {processor.py:161} INFO - Started process (PID=171577) to work on /home/airflow/.local/lib/python3.12/site-packages/airflow/example_dags/example_nested_branch_dag.py
[2024-06-04T23:48:00.906+0000] {processor.py:830} INFO - Processing file /home/airflow/.local/lib/python3.12/site-packages/airflow/example_dags/example_nested_branch_dag.py for tasks to queue
[2024-06-04T23:48:00.910+0000] {logging_mixin.py:188} INFO - [2024-06-04T23:48:00.909+0000] {dagbag.py:545} INFO - Filling up the DagBag from /home/airflow/.local/lib/python3.12/site-packages/airflow/example_dags/example_nested_branch_dag.py
[2024-06-04T23:48:00.936+0000] {processor.py:840} INFO - DAG(s) 'example_nested_branch_dag' retrieved from /home/airflow/.local/lib/python3.12/site-packages/airflow/example_dags/example_nested_branch_dag.py
[2024-06-04T23:48:00.992+0000] {logging_mixin.py:188} INFO - [2024-06-04T23:48:00.991+0000] {dag.py:3096} INFO - Sync 1 DAGs
[2024-06-04T23:48:01.050+0000] {logging_mixin.py:188} INFO - [2024-06-04T23:48:01.050+0000] {dag.py:3954} INFO - Setting next_dagrun for example_nested_branch_dag to 2024-06-03 00:00:00+00:00, run_after=2024-06-04 00:00:00+00:00
[2024-06-04T23:48:01.105+0000] {processor.py:183} INFO - Processing /home/airflow/.local/lib/python3.12/site-packages/airflow/example_dags/example_nested_branch_dag.py took 0.227 seconds
[2024-06-04T23:48:31.324+0000] {processor.py:161} INFO - Started process (PID=171839) to work on /home/airflow/.local/lib/python3.12/site-packages/airflow/example_dags/example_nested_branch_dag.py
[2024-06-04T23:48:31.336+0000] {processor.py:830} INFO - Processing file /home/airflow/.local/lib/python3.12/site-packages/airflow/example_dags/example_nested_branch_dag.py for tasks to queue
[2024-06-04T23:48:31.340+0000] {logging_mixin.py:188} INFO - [2024-06-04T23:48:31.339+0000] {dagbag.py:545} INFO - Filling up the DagBag from /home/airflow/.local/lib/python3.12/site-packages/airflow/example_dags/example_nested_branch_dag.py
[2024-06-04T23:48:31.362+0000] {processor.py:840} INFO - DAG(s) 'example_nested_branch_dag' retrieved from /home/airflow/.local/lib/python3.12/site-packages/airflow/example_dags/example_nested_branch_dag.py
[2024-06-04T23:48:31.410+0000] {logging_mixin.py:188} INFO - [2024-06-04T23:48:31.409+0000] {dag.py:3096} INFO - Sync 1 DAGs
[2024-06-04T23:48:31.474+0000] {logging_mixin.py:188} INFO - [2024-06-04T23:48:31.473+0000] {dag.py:3954} INFO - Setting next_dagrun for example_nested_branch_dag to 2024-06-03 00:00:00+00:00, run_after=2024-06-04 00:00:00+00:00
[2024-06-04T23:48:31.536+0000] {processor.py:183} INFO - Processing /home/airflow/.local/lib/python3.12/site-packages/airflow/example_dags/example_nested_branch_dag.py took 0.265 seconds
[2024-06-04T23:49:01.856+0000] {processor.py:161} INFO - Started process (PID=172101) to work on /home/airflow/.local/lib/python3.12/site-packages/airflow/example_dags/example_nested_branch_dag.py
[2024-06-04T23:49:01.858+0000] {processor.py:830} INFO - Processing file /home/airflow/.local/lib/python3.12/site-packages/airflow/example_dags/example_nested_branch_dag.py for tasks to queue
[2024-06-04T23:49:01.864+0000] {logging_mixin.py:188} INFO - [2024-06-04T23:49:01.863+0000] {dagbag.py:545} INFO - Filling up the DagBag from /home/airflow/.local/lib/python3.12/site-packages/airflow/example_dags/example_nested_branch_dag.py
[2024-06-04T23:49:01.891+0000] {processor.py:840} INFO - DAG(s) 'example_nested_branch_dag' retrieved from /home/airflow/.local/lib/python3.12/site-packages/airflow/example_dags/example_nested_branch_dag.py
[2024-06-04T23:49:01.947+0000] {logging_mixin.py:188} INFO - [2024-06-04T23:49:01.946+0000] {dag.py:3096} INFO - Sync 1 DAGs
[2024-06-04T23:49:02.019+0000] {logging_mixin.py:188} INFO - [2024-06-04T23:49:02.019+0000] {dag.py:3954} INFO - Setting next_dagrun for example_nested_branch_dag to 2024-06-03 00:00:00+00:00, run_after=2024-06-04 00:00:00+00:00
[2024-06-04T23:49:02.106+0000] {processor.py:183} INFO - Processing /home/airflow/.local/lib/python3.12/site-packages/airflow/example_dags/example_nested_branch_dag.py took 0.268 seconds
[2024-06-04T23:49:32.447+0000] {processor.py:161} INFO - Started process (PID=172362) to work on /home/airflow/.local/lib/python3.12/site-packages/airflow/example_dags/example_nested_branch_dag.py
[2024-06-04T23:49:32.450+0000] {processor.py:830} INFO - Processing file /home/airflow/.local/lib/python3.12/site-packages/airflow/example_dags/example_nested_branch_dag.py for tasks to queue
[2024-06-04T23:49:32.455+0000] {logging_mixin.py:188} INFO - [2024-06-04T23:49:32.455+0000] {dagbag.py:545} INFO - Filling up the DagBag from /home/airflow/.local/lib/python3.12/site-packages/airflow/example_dags/example_nested_branch_dag.py
[2024-06-04T23:49:32.497+0000] {processor.py:840} INFO - DAG(s) 'example_nested_branch_dag' retrieved from /home/airflow/.local/lib/python3.12/site-packages/airflow/example_dags/example_nested_branch_dag.py
[2024-06-04T23:49:32.569+0000] {logging_mixin.py:188} INFO - [2024-06-04T23:49:32.567+0000] {dag.py:3096} INFO - Sync 1 DAGs
[2024-06-04T23:49:32.642+0000] {logging_mixin.py:188} INFO - [2024-06-04T23:49:32.641+0000] {dag.py:3954} INFO - Setting next_dagrun for example_nested_branch_dag to 2024-06-03 00:00:00+00:00, run_after=2024-06-04 00:00:00+00:00
[2024-06-04T23:49:32.687+0000] {processor.py:183} INFO - Processing /home/airflow/.local/lib/python3.12/site-packages/airflow/example_dags/example_nested_branch_dag.py took 0.257 seconds
[2024-06-04T23:50:03.270+0000] {processor.py:161} INFO - Started process (PID=172624) to work on /home/airflow/.local/lib/python3.12/site-packages/airflow/example_dags/example_nested_branch_dag.py
[2024-06-04T23:50:03.272+0000] {processor.py:830} INFO - Processing file /home/airflow/.local/lib/python3.12/site-packages/airflow/example_dags/example_nested_branch_dag.py for tasks to queue
[2024-06-04T23:50:03.277+0000] {logging_mixin.py:188} INFO - [2024-06-04T23:50:03.276+0000] {dagbag.py:545} INFO - Filling up the DagBag from /home/airflow/.local/lib/python3.12/site-packages/airflow/example_dags/example_nested_branch_dag.py
[2024-06-04T23:50:03.302+0000] {processor.py:840} INFO - DAG(s) 'example_nested_branch_dag' retrieved from /home/airflow/.local/lib/python3.12/site-packages/airflow/example_dags/example_nested_branch_dag.py
[2024-06-04T23:50:03.361+0000] {logging_mixin.py:188} INFO - [2024-06-04T23:50:03.360+0000] {dag.py:3096} INFO - Sync 1 DAGs
[2024-06-04T23:50:03.424+0000] {logging_mixin.py:188} INFO - [2024-06-04T23:50:03.424+0000] {dag.py:3954} INFO - Setting next_dagrun for example_nested_branch_dag to 2024-06-03 00:00:00+00:00, run_after=2024-06-04 00:00:00+00:00
[2024-06-04T23:50:03.477+0000] {processor.py:183} INFO - Processing /home/airflow/.local/lib/python3.12/site-packages/airflow/example_dags/example_nested_branch_dag.py took 0.225 seconds
[2024-06-04T23:50:33.962+0000] {processor.py:161} INFO - Started process (PID=172886) to work on /home/airflow/.local/lib/python3.12/site-packages/airflow/example_dags/example_nested_branch_dag.py
[2024-06-04T23:50:33.974+0000] {processor.py:830} INFO - Processing file /home/airflow/.local/lib/python3.12/site-packages/airflow/example_dags/example_nested_branch_dag.py for tasks to queue
[2024-06-04T23:50:33.980+0000] {logging_mixin.py:188} INFO - [2024-06-04T23:50:33.979+0000] {dagbag.py:545} INFO - Filling up the DagBag from /home/airflow/.local/lib/python3.12/site-packages/airflow/example_dags/example_nested_branch_dag.py
[2024-06-04T23:50:34.006+0000] {processor.py:840} INFO - DAG(s) 'example_nested_branch_dag' retrieved from /home/airflow/.local/lib/python3.12/site-packages/airflow/example_dags/example_nested_branch_dag.py
[2024-06-04T23:50:34.064+0000] {logging_mixin.py:188} INFO - [2024-06-04T23:50:34.063+0000] {dag.py:3096} INFO - Sync 1 DAGs
[2024-06-04T23:50:34.126+0000] {logging_mixin.py:188} INFO - [2024-06-04T23:50:34.126+0000] {dag.py:3954} INFO - Setting next_dagrun for example_nested_branch_dag to 2024-06-03 00:00:00+00:00, run_after=2024-06-04 00:00:00+00:00
[2024-06-04T23:50:34.178+0000] {processor.py:183} INFO - Processing /home/airflow/.local/lib/python3.12/site-packages/airflow/example_dags/example_nested_branch_dag.py took 0.230 seconds
[2024-06-04T23:51:04.871+0000] {processor.py:161} INFO - Started process (PID=173148) to work on /home/airflow/.local/lib/python3.12/site-packages/airflow/example_dags/example_nested_branch_dag.py
[2024-06-04T23:51:04.880+0000] {processor.py:830} INFO - Processing file /home/airflow/.local/lib/python3.12/site-packages/airflow/example_dags/example_nested_branch_dag.py for tasks to queue
[2024-06-04T23:51:04.884+0000] {logging_mixin.py:188} INFO - [2024-06-04T23:51:04.884+0000] {dagbag.py:545} INFO - Filling up the DagBag from /home/airflow/.local/lib/python3.12/site-packages/airflow/example_dags/example_nested_branch_dag.py
[2024-06-04T23:51:04.913+0000] {processor.py:840} INFO - DAG(s) 'example_nested_branch_dag' retrieved from /home/airflow/.local/lib/python3.12/site-packages/airflow/example_dags/example_nested_branch_dag.py
[2024-06-04T23:51:04.970+0000] {logging_mixin.py:188} INFO - [2024-06-04T23:51:04.970+0000] {dag.py:3096} INFO - Sync 1 DAGs
[2024-06-04T23:51:05.066+0000] {logging_mixin.py:188} INFO - [2024-06-04T23:51:05.066+0000] {dag.py:3954} INFO - Setting next_dagrun for example_nested_branch_dag to 2024-06-03 00:00:00+00:00, run_after=2024-06-04 00:00:00+00:00
[2024-06-04T23:51:05.110+0000] {processor.py:183} INFO - Processing /home/airflow/.local/lib/python3.12/site-packages/airflow/example_dags/example_nested_branch_dag.py took 0.255 seconds
[2024-06-04T23:51:35.198+0000] {processor.py:161} INFO - Started process (PID=173411) to work on /home/airflow/.local/lib/python3.12/site-packages/airflow/example_dags/example_nested_branch_dag.py
[2024-06-04T23:51:35.200+0000] {processor.py:830} INFO - Processing file /home/airflow/.local/lib/python3.12/site-packages/airflow/example_dags/example_nested_branch_dag.py for tasks to queue
[2024-06-04T23:51:35.203+0000] {logging_mixin.py:188} INFO - [2024-06-04T23:51:35.203+0000] {dagbag.py:545} INFO - Filling up the DagBag from /home/airflow/.local/lib/python3.12/site-packages/airflow/example_dags/example_nested_branch_dag.py
[2024-06-04T23:51:35.290+0000] {processor.py:840} INFO - DAG(s) 'example_nested_branch_dag' retrieved from /home/airflow/.local/lib/python3.12/site-packages/airflow/example_dags/example_nested_branch_dag.py
[2024-06-04T23:51:35.432+0000] {logging_mixin.py:188} INFO - [2024-06-04T23:51:35.432+0000] {dag.py:3096} INFO - Sync 1 DAGs
[2024-06-04T23:51:35.523+0000] {logging_mixin.py:188} INFO - [2024-06-04T23:51:35.522+0000] {dag.py:3954} INFO - Setting next_dagrun for example_nested_branch_dag to 2024-06-03 00:00:00+00:00, run_after=2024-06-04 00:00:00+00:00
[2024-06-04T23:51:35.611+0000] {processor.py:183} INFO - Processing /home/airflow/.local/lib/python3.12/site-packages/airflow/example_dags/example_nested_branch_dag.py took 0.434 seconds
[2024-06-04T23:52:05.878+0000] {processor.py:161} INFO - Started process (PID=173672) to work on /home/airflow/.local/lib/python3.12/site-packages/airflow/example_dags/example_nested_branch_dag.py
[2024-06-04T23:52:05.880+0000] {processor.py:830} INFO - Processing file /home/airflow/.local/lib/python3.12/site-packages/airflow/example_dags/example_nested_branch_dag.py for tasks to queue
[2024-06-04T23:52:05.884+0000] {logging_mixin.py:188} INFO - [2024-06-04T23:52:05.883+0000] {dagbag.py:545} INFO - Filling up the DagBag from /home/airflow/.local/lib/python3.12/site-packages/airflow/example_dags/example_nested_branch_dag.py
[2024-06-04T23:52:05.920+0000] {processor.py:840} INFO - DAG(s) 'example_nested_branch_dag' retrieved from /home/airflow/.local/lib/python3.12/site-packages/airflow/example_dags/example_nested_branch_dag.py
[2024-06-04T23:52:05.977+0000] {logging_mixin.py:188} INFO - [2024-06-04T23:52:05.976+0000] {dag.py:3096} INFO - Sync 1 DAGs
[2024-06-04T23:52:06.066+0000] {logging_mixin.py:188} INFO - [2024-06-04T23:52:06.065+0000] {dag.py:3954} INFO - Setting next_dagrun for example_nested_branch_dag to 2024-06-03 00:00:00+00:00, run_after=2024-06-04 00:00:00+00:00
[2024-06-04T23:52:06.137+0000] {processor.py:183} INFO - Processing /home/airflow/.local/lib/python3.12/site-packages/airflow/example_dags/example_nested_branch_dag.py took 0.273 seconds
[2024-06-04T23:52:36.974+0000] {processor.py:161} INFO - Started process (PID=173934) to work on /home/airflow/.local/lib/python3.12/site-packages/airflow/example_dags/example_nested_branch_dag.py
[2024-06-04T23:52:36.976+0000] {processor.py:830} INFO - Processing file /home/airflow/.local/lib/python3.12/site-packages/airflow/example_dags/example_nested_branch_dag.py for tasks to queue
[2024-06-04T23:52:36.980+0000] {logging_mixin.py:188} INFO - [2024-06-04T23:52:36.980+0000] {dagbag.py:545} INFO - Filling up the DagBag from /home/airflow/.local/lib/python3.12/site-packages/airflow/example_dags/example_nested_branch_dag.py
[2024-06-04T23:52:37.006+0000] {processor.py:840} INFO - DAG(s) 'example_nested_branch_dag' retrieved from /home/airflow/.local/lib/python3.12/site-packages/airflow/example_dags/example_nested_branch_dag.py
[2024-06-04T23:52:37.069+0000] {logging_mixin.py:188} INFO - [2024-06-04T23:52:37.068+0000] {dag.py:3096} INFO - Sync 1 DAGs
[2024-06-04T23:52:37.128+0000] {logging_mixin.py:188} INFO - [2024-06-04T23:52:37.127+0000] {dag.py:3954} INFO - Setting next_dagrun for example_nested_branch_dag to 2024-06-03 00:00:00+00:00, run_after=2024-06-04 00:00:00+00:00
[2024-06-04T23:52:37.183+0000] {processor.py:183} INFO - Processing /home/airflow/.local/lib/python3.12/site-packages/airflow/example_dags/example_nested_branch_dag.py took 0.224 seconds
[2024-06-04T23:53:07.680+0000] {processor.py:161} INFO - Started process (PID=174196) to work on /home/airflow/.local/lib/python3.12/site-packages/airflow/example_dags/example_nested_branch_dag.py
[2024-06-04T23:53:07.683+0000] {processor.py:830} INFO - Processing file /home/airflow/.local/lib/python3.12/site-packages/airflow/example_dags/example_nested_branch_dag.py for tasks to queue
[2024-06-04T23:53:07.687+0000] {logging_mixin.py:188} INFO - [2024-06-04T23:53:07.687+0000] {dagbag.py:545} INFO - Filling up the DagBag from /home/airflow/.local/lib/python3.12/site-packages/airflow/example_dags/example_nested_branch_dag.py
[2024-06-04T23:53:07.711+0000] {processor.py:840} INFO - DAG(s) 'example_nested_branch_dag' retrieved from /home/airflow/.local/lib/python3.12/site-packages/airflow/example_dags/example_nested_branch_dag.py
[2024-06-04T23:53:07.785+0000] {logging_mixin.py:188} INFO - [2024-06-04T23:53:07.784+0000] {dag.py:3096} INFO - Sync 1 DAGs
[2024-06-04T23:53:07.851+0000] {logging_mixin.py:188} INFO - [2024-06-04T23:53:07.850+0000] {dag.py:3954} INFO - Setting next_dagrun for example_nested_branch_dag to 2024-06-03 00:00:00+00:00, run_after=2024-06-04 00:00:00+00:00
[2024-06-04T23:53:07.906+0000] {processor.py:183} INFO - Processing /home/airflow/.local/lib/python3.12/site-packages/airflow/example_dags/example_nested_branch_dag.py took 0.250 seconds
[2024-06-04T23:53:38.376+0000] {processor.py:161} INFO - Started process (PID=174459) to work on /home/airflow/.local/lib/python3.12/site-packages/airflow/example_dags/example_nested_branch_dag.py
[2024-06-04T23:53:38.378+0000] {processor.py:830} INFO - Processing file /home/airflow/.local/lib/python3.12/site-packages/airflow/example_dags/example_nested_branch_dag.py for tasks to queue
[2024-06-04T23:53:38.382+0000] {logging_mixin.py:188} INFO - [2024-06-04T23:53:38.381+0000] {dagbag.py:545} INFO - Filling up the DagBag from /home/airflow/.local/lib/python3.12/site-packages/airflow/example_dags/example_nested_branch_dag.py
[2024-06-04T23:53:38.418+0000] {processor.py:840} INFO - DAG(s) 'example_nested_branch_dag' retrieved from /home/airflow/.local/lib/python3.12/site-packages/airflow/example_dags/example_nested_branch_dag.py
[2024-06-04T23:53:38.498+0000] {logging_mixin.py:188} INFO - [2024-06-04T23:53:38.497+0000] {dag.py:3096} INFO - Sync 1 DAGs
[2024-06-04T23:53:38.662+0000] {logging_mixin.py:188} INFO - [2024-06-04T23:53:38.662+0000] {dag.py:3954} INFO - Setting next_dagrun for example_nested_branch_dag to 2024-06-03 00:00:00+00:00, run_after=2024-06-04 00:00:00+00:00
[2024-06-04T23:53:38.727+0000] {processor.py:183} INFO - Processing /home/airflow/.local/lib/python3.12/site-packages/airflow/example_dags/example_nested_branch_dag.py took 0.366 seconds
[2024-06-04T23:54:09.466+0000] {processor.py:161} INFO - Started process (PID=174720) to work on /home/airflow/.local/lib/python3.12/site-packages/airflow/example_dags/example_nested_branch_dag.py
[2024-06-04T23:54:09.480+0000] {processor.py:830} INFO - Processing file /home/airflow/.local/lib/python3.12/site-packages/airflow/example_dags/example_nested_branch_dag.py for tasks to queue
[2024-06-04T23:54:09.486+0000] {logging_mixin.py:188} INFO - [2024-06-04T23:54:09.485+0000] {dagbag.py:545} INFO - Filling up the DagBag from /home/airflow/.local/lib/python3.12/site-packages/airflow/example_dags/example_nested_branch_dag.py
[2024-06-04T23:54:09.535+0000] {processor.py:840} INFO - DAG(s) 'example_nested_branch_dag' retrieved from /home/airflow/.local/lib/python3.12/site-packages/airflow/example_dags/example_nested_branch_dag.py
[2024-06-04T23:54:09.594+0000] {logging_mixin.py:188} INFO - [2024-06-04T23:54:09.593+0000] {dag.py:3096} INFO - Sync 1 DAGs
[2024-06-04T23:54:09.660+0000] {logging_mixin.py:188} INFO - [2024-06-04T23:54:09.660+0000] {dag.py:3954} INFO - Setting next_dagrun for example_nested_branch_dag to 2024-06-03 00:00:00+00:00, run_after=2024-06-04 00:00:00+00:00
[2024-06-04T23:54:09.748+0000] {processor.py:183} INFO - Processing /home/airflow/.local/lib/python3.12/site-packages/airflow/example_dags/example_nested_branch_dag.py took 0.306 seconds
[2024-06-04T23:54:40.216+0000] {processor.py:161} INFO - Started process (PID=174982) to work on /home/airflow/.local/lib/python3.12/site-packages/airflow/example_dags/example_nested_branch_dag.py
[2024-06-04T23:54:40.218+0000] {processor.py:830} INFO - Processing file /home/airflow/.local/lib/python3.12/site-packages/airflow/example_dags/example_nested_branch_dag.py for tasks to queue
[2024-06-04T23:54:40.232+0000] {logging_mixin.py:188} INFO - [2024-06-04T23:54:40.231+0000] {dagbag.py:545} INFO - Filling up the DagBag from /home/airflow/.local/lib/python3.12/site-packages/airflow/example_dags/example_nested_branch_dag.py
[2024-06-04T23:54:40.277+0000] {processor.py:840} INFO - DAG(s) 'example_nested_branch_dag' retrieved from /home/airflow/.local/lib/python3.12/site-packages/airflow/example_dags/example_nested_branch_dag.py
[2024-06-04T23:54:40.361+0000] {logging_mixin.py:188} INFO - [2024-06-04T23:54:40.360+0000] {dag.py:3096} INFO - Sync 1 DAGs
[2024-06-04T23:54:40.451+0000] {logging_mixin.py:188} INFO - [2024-06-04T23:54:40.450+0000] {dag.py:3954} INFO - Setting next_dagrun for example_nested_branch_dag to 2024-06-03 00:00:00+00:00, run_after=2024-06-04 00:00:00+00:00
[2024-06-04T23:54:40.533+0000] {processor.py:183} INFO - Processing /home/airflow/.local/lib/python3.12/site-packages/airflow/example_dags/example_nested_branch_dag.py took 0.334 seconds
[2024-06-04T23:55:10.665+0000] {processor.py:161} INFO - Started process (PID=175245) to work on /home/airflow/.local/lib/python3.12/site-packages/airflow/example_dags/example_nested_branch_dag.py
[2024-06-04T23:55:10.667+0000] {processor.py:830} INFO - Processing file /home/airflow/.local/lib/python3.12/site-packages/airflow/example_dags/example_nested_branch_dag.py for tasks to queue
[2024-06-04T23:55:10.671+0000] {logging_mixin.py:188} INFO - [2024-06-04T23:55:10.671+0000] {dagbag.py:545} INFO - Filling up the DagBag from /home/airflow/.local/lib/python3.12/site-packages/airflow/example_dags/example_nested_branch_dag.py
[2024-06-04T23:55:10.699+0000] {processor.py:840} INFO - DAG(s) 'example_nested_branch_dag' retrieved from /home/airflow/.local/lib/python3.12/site-packages/airflow/example_dags/example_nested_branch_dag.py
[2024-06-04T23:55:10.761+0000] {logging_mixin.py:188} INFO - [2024-06-04T23:55:10.761+0000] {dag.py:3096} INFO - Sync 1 DAGs
[2024-06-04T23:55:10.863+0000] {logging_mixin.py:188} INFO - [2024-06-04T23:55:10.862+0000] {dag.py:3954} INFO - Setting next_dagrun for example_nested_branch_dag to 2024-06-03 00:00:00+00:00, run_after=2024-06-04 00:00:00+00:00
[2024-06-04T23:55:10.929+0000] {processor.py:183} INFO - Processing /home/airflow/.local/lib/python3.12/site-packages/airflow/example_dags/example_nested_branch_dag.py took 0.283 seconds
[2024-06-04T23:55:41.818+0000] {processor.py:161} INFO - Started process (PID=175507) to work on /home/airflow/.local/lib/python3.12/site-packages/airflow/example_dags/example_nested_branch_dag.py
[2024-06-04T23:55:41.820+0000] {processor.py:830} INFO - Processing file /home/airflow/.local/lib/python3.12/site-packages/airflow/example_dags/example_nested_branch_dag.py for tasks to queue
[2024-06-04T23:55:41.824+0000] {logging_mixin.py:188} INFO - [2024-06-04T23:55:41.824+0000] {dagbag.py:545} INFO - Filling up the DagBag from /home/airflow/.local/lib/python3.12/site-packages/airflow/example_dags/example_nested_branch_dag.py
[2024-06-04T23:55:41.861+0000] {processor.py:840} INFO - DAG(s) 'example_nested_branch_dag' retrieved from /home/airflow/.local/lib/python3.12/site-packages/airflow/example_dags/example_nested_branch_dag.py
[2024-06-04T23:55:41.916+0000] {logging_mixin.py:188} INFO - [2024-06-04T23:55:41.916+0000] {dag.py:3096} INFO - Sync 1 DAGs
[2024-06-04T23:55:41.981+0000] {logging_mixin.py:188} INFO - [2024-06-04T23:55:41.981+0000] {dag.py:3954} INFO - Setting next_dagrun for example_nested_branch_dag to 2024-06-03 00:00:00+00:00, run_after=2024-06-04 00:00:00+00:00
[2024-06-04T23:55:42.034+0000] {processor.py:183} INFO - Processing /home/airflow/.local/lib/python3.12/site-packages/airflow/example_dags/example_nested_branch_dag.py took 0.231 seconds
[2024-06-04T23:56:12.118+0000] {processor.py:161} INFO - Started process (PID=175769) to work on /home/airflow/.local/lib/python3.12/site-packages/airflow/example_dags/example_nested_branch_dag.py
[2024-06-04T23:56:12.119+0000] {processor.py:830} INFO - Processing file /home/airflow/.local/lib/python3.12/site-packages/airflow/example_dags/example_nested_branch_dag.py for tasks to queue
[2024-06-04T23:56:12.123+0000] {logging_mixin.py:188} INFO - [2024-06-04T23:56:12.122+0000] {dagbag.py:545} INFO - Filling up the DagBag from /home/airflow/.local/lib/python3.12/site-packages/airflow/example_dags/example_nested_branch_dag.py
[2024-06-04T23:56:12.149+0000] {processor.py:840} INFO - DAG(s) 'example_nested_branch_dag' retrieved from /home/airflow/.local/lib/python3.12/site-packages/airflow/example_dags/example_nested_branch_dag.py
[2024-06-04T23:56:12.213+0000] {logging_mixin.py:188} INFO - [2024-06-04T23:56:12.212+0000] {dag.py:3096} INFO - Sync 1 DAGs
[2024-06-04T23:56:12.277+0000] {logging_mixin.py:188} INFO - [2024-06-04T23:56:12.277+0000] {dag.py:3954} INFO - Setting next_dagrun for example_nested_branch_dag to 2024-06-03 00:00:00+00:00, run_after=2024-06-04 00:00:00+00:00
[2024-06-04T23:56:12.329+0000] {processor.py:183} INFO - Processing /home/airflow/.local/lib/python3.12/site-packages/airflow/example_dags/example_nested_branch_dag.py took 0.230 seconds
[2024-06-04T23:56:42.864+0000] {processor.py:161} INFO - Started process (PID=176031) to work on /home/airflow/.local/lib/python3.12/site-packages/airflow/example_dags/example_nested_branch_dag.py
[2024-06-04T23:56:42.867+0000] {processor.py:830} INFO - Processing file /home/airflow/.local/lib/python3.12/site-packages/airflow/example_dags/example_nested_branch_dag.py for tasks to queue
[2024-06-04T23:56:42.871+0000] {logging_mixin.py:188} INFO - [2024-06-04T23:56:42.870+0000] {dagbag.py:545} INFO - Filling up the DagBag from /home/airflow/.local/lib/python3.12/site-packages/airflow/example_dags/example_nested_branch_dag.py
[2024-06-04T23:56:42.898+0000] {processor.py:840} INFO - DAG(s) 'example_nested_branch_dag' retrieved from /home/airflow/.local/lib/python3.12/site-packages/airflow/example_dags/example_nested_branch_dag.py
[2024-06-04T23:56:42.958+0000] {logging_mixin.py:188} INFO - [2024-06-04T23:56:42.958+0000] {dag.py:3096} INFO - Sync 1 DAGs
[2024-06-04T23:56:43.020+0000] {logging_mixin.py:188} INFO - [2024-06-04T23:56:43.019+0000] {dag.py:3954} INFO - Setting next_dagrun for example_nested_branch_dag to 2024-06-03 00:00:00+00:00, run_after=2024-06-04 00:00:00+00:00
[2024-06-04T23:56:43.077+0000] {processor.py:183} INFO - Processing /home/airflow/.local/lib/python3.12/site-packages/airflow/example_dags/example_nested_branch_dag.py took 0.229 seconds
[2024-06-04T23:57:13.455+0000] {processor.py:161} INFO - Started process (PID=176292) to work on /home/airflow/.local/lib/python3.12/site-packages/airflow/example_dags/example_nested_branch_dag.py
[2024-06-04T23:57:13.464+0000] {processor.py:830} INFO - Processing file /home/airflow/.local/lib/python3.12/site-packages/airflow/example_dags/example_nested_branch_dag.py for tasks to queue
[2024-06-04T23:57:13.471+0000] {logging_mixin.py:188} INFO - [2024-06-04T23:57:13.470+0000] {dagbag.py:545} INFO - Filling up the DagBag from /home/airflow/.local/lib/python3.12/site-packages/airflow/example_dags/example_nested_branch_dag.py
[2024-06-04T23:57:13.525+0000] {processor.py:840} INFO - DAG(s) 'example_nested_branch_dag' retrieved from /home/airflow/.local/lib/python3.12/site-packages/airflow/example_dags/example_nested_branch_dag.py
[2024-06-04T23:57:13.580+0000] {logging_mixin.py:188} INFO - [2024-06-04T23:57:13.580+0000] {dag.py:3096} INFO - Sync 1 DAGs
[2024-06-04T23:57:13.635+0000] {logging_mixin.py:188} INFO - [2024-06-04T23:57:13.634+0000] {dag.py:3954} INFO - Setting next_dagrun for example_nested_branch_dag to 2024-06-03 00:00:00+00:00, run_after=2024-06-04 00:00:00+00:00
[2024-06-04T23:57:13.721+0000] {processor.py:183} INFO - Processing /home/airflow/.local/lib/python3.12/site-packages/airflow/example_dags/example_nested_branch_dag.py took 0.325 seconds
[2024-06-04T23:57:44.219+0000] {processor.py:161} INFO - Started process (PID=176554) to work on /home/airflow/.local/lib/python3.12/site-packages/airflow/example_dags/example_nested_branch_dag.py
[2024-06-04T23:57:44.222+0000] {processor.py:830} INFO - Processing file /home/airflow/.local/lib/python3.12/site-packages/airflow/example_dags/example_nested_branch_dag.py for tasks to queue
[2024-06-04T23:57:44.226+0000] {logging_mixin.py:188} INFO - [2024-06-04T23:57:44.225+0000] {dagbag.py:545} INFO - Filling up the DagBag from /home/airflow/.local/lib/python3.12/site-packages/airflow/example_dags/example_nested_branch_dag.py
[2024-06-04T23:57:44.253+0000] {processor.py:840} INFO - DAG(s) 'example_nested_branch_dag' retrieved from /home/airflow/.local/lib/python3.12/site-packages/airflow/example_dags/example_nested_branch_dag.py
[2024-06-04T23:57:44.317+0000] {logging_mixin.py:188} INFO - [2024-06-04T23:57:44.316+0000] {dag.py:3096} INFO - Sync 1 DAGs
[2024-06-04T23:57:44.405+0000] {logging_mixin.py:188} INFO - [2024-06-04T23:57:44.405+0000] {dag.py:3954} INFO - Setting next_dagrun for example_nested_branch_dag to 2024-06-03 00:00:00+00:00, run_after=2024-06-04 00:00:00+00:00
[2024-06-04T23:57:44.503+0000] {processor.py:183} INFO - Processing /home/airflow/.local/lib/python3.12/site-packages/airflow/example_dags/example_nested_branch_dag.py took 0.298 seconds
[2024-06-04T23:58:14.617+0000] {processor.py:161} INFO - Started process (PID=176816) to work on /home/airflow/.local/lib/python3.12/site-packages/airflow/example_dags/example_nested_branch_dag.py
[2024-06-04T23:58:14.619+0000] {processor.py:830} INFO - Processing file /home/airflow/.local/lib/python3.12/site-packages/airflow/example_dags/example_nested_branch_dag.py for tasks to queue
[2024-06-04T23:58:14.622+0000] {logging_mixin.py:188} INFO - [2024-06-04T23:58:14.622+0000] {dagbag.py:545} INFO - Filling up the DagBag from /home/airflow/.local/lib/python3.12/site-packages/airflow/example_dags/example_nested_branch_dag.py
[2024-06-04T23:58:14.649+0000] {processor.py:840} INFO - DAG(s) 'example_nested_branch_dag' retrieved from /home/airflow/.local/lib/python3.12/site-packages/airflow/example_dags/example_nested_branch_dag.py
[2024-06-04T23:58:14.732+0000] {logging_mixin.py:188} INFO - [2024-06-04T23:58:14.732+0000] {dag.py:3096} INFO - Sync 1 DAGs
[2024-06-04T23:58:14.823+0000] {logging_mixin.py:188} INFO - [2024-06-04T23:58:14.822+0000] {dag.py:3954} INFO - Setting next_dagrun for example_nested_branch_dag to 2024-06-03 00:00:00+00:00, run_after=2024-06-04 00:00:00+00:00
[2024-06-04T23:58:14.871+0000] {processor.py:183} INFO - Processing /home/airflow/.local/lib/python3.12/site-packages/airflow/example_dags/example_nested_branch_dag.py took 0.269 seconds
[2024-06-04T23:58:45.505+0000] {processor.py:161} INFO - Started process (PID=177077) to work on /home/airflow/.local/lib/python3.12/site-packages/airflow/example_dags/example_nested_branch_dag.py
[2024-06-04T23:58:45.510+0000] {processor.py:830} INFO - Processing file /home/airflow/.local/lib/python3.12/site-packages/airflow/example_dags/example_nested_branch_dag.py for tasks to queue
[2024-06-04T23:58:45.513+0000] {logging_mixin.py:188} INFO - [2024-06-04T23:58:45.513+0000] {dagbag.py:545} INFO - Filling up the DagBag from /home/airflow/.local/lib/python3.12/site-packages/airflow/example_dags/example_nested_branch_dag.py
[2024-06-04T23:58:45.540+0000] {processor.py:840} INFO - DAG(s) 'example_nested_branch_dag' retrieved from /home/airflow/.local/lib/python3.12/site-packages/airflow/example_dags/example_nested_branch_dag.py
[2024-06-04T23:58:45.597+0000] {logging_mixin.py:188} INFO - [2024-06-04T23:58:45.596+0000] {dag.py:3096} INFO - Sync 1 DAGs
[2024-06-04T23:58:45.661+0000] {logging_mixin.py:188} INFO - [2024-06-04T23:58:45.661+0000] {dag.py:3954} INFO - Setting next_dagrun for example_nested_branch_dag to 2024-06-03 00:00:00+00:00, run_after=2024-06-04 00:00:00+00:00
[2024-06-04T23:58:45.761+0000] {processor.py:183} INFO - Processing /home/airflow/.local/lib/python3.12/site-packages/airflow/example_dags/example_nested_branch_dag.py took 0.272 seconds
[2024-06-04T23:59:16.500+0000] {processor.py:161} INFO - Started process (PID=177338) to work on /home/airflow/.local/lib/python3.12/site-packages/airflow/example_dags/example_nested_branch_dag.py
[2024-06-04T23:59:16.502+0000] {processor.py:830} INFO - Processing file /home/airflow/.local/lib/python3.12/site-packages/airflow/example_dags/example_nested_branch_dag.py for tasks to queue
[2024-06-04T23:59:16.506+0000] {logging_mixin.py:188} INFO - [2024-06-04T23:59:16.505+0000] {dagbag.py:545} INFO - Filling up the DagBag from /home/airflow/.local/lib/python3.12/site-packages/airflow/example_dags/example_nested_branch_dag.py
[2024-06-04T23:59:16.538+0000] {processor.py:840} INFO - DAG(s) 'example_nested_branch_dag' retrieved from /home/airflow/.local/lib/python3.12/site-packages/airflow/example_dags/example_nested_branch_dag.py
[2024-06-04T23:59:16.632+0000] {logging_mixin.py:188} INFO - [2024-06-04T23:59:16.631+0000] {dag.py:3096} INFO - Sync 1 DAGs
[2024-06-04T23:59:16.699+0000] {logging_mixin.py:188} INFO - [2024-06-04T23:59:16.699+0000] {dag.py:3954} INFO - Setting next_dagrun for example_nested_branch_dag to 2024-06-03 00:00:00+00:00, run_after=2024-06-04 00:00:00+00:00
[2024-06-04T23:59:17.003+0000] {processor.py:183} INFO - Processing /home/airflow/.local/lib/python3.12/site-packages/airflow/example_dags/example_nested_branch_dag.py took 0.518 seconds
[2024-06-04T23:59:47.159+0000] {processor.py:161} INFO - Started process (PID=177605) to work on /home/airflow/.local/lib/python3.12/site-packages/airflow/example_dags/example_nested_branch_dag.py
[2024-06-04T23:59:47.170+0000] {processor.py:830} INFO - Processing file /home/airflow/.local/lib/python3.12/site-packages/airflow/example_dags/example_nested_branch_dag.py for tasks to queue
[2024-06-04T23:59:47.174+0000] {logging_mixin.py:188} INFO - [2024-06-04T23:59:47.173+0000] {dagbag.py:545} INFO - Filling up the DagBag from /home/airflow/.local/lib/python3.12/site-packages/airflow/example_dags/example_nested_branch_dag.py
[2024-06-04T23:59:47.195+0000] {processor.py:840} INFO - DAG(s) 'example_nested_branch_dag' retrieved from /home/airflow/.local/lib/python3.12/site-packages/airflow/example_dags/example_nested_branch_dag.py
[2024-06-04T23:59:47.242+0000] {logging_mixin.py:188} INFO - [2024-06-04T23:59:47.241+0000] {dag.py:3096} INFO - Sync 1 DAGs
[2024-06-04T23:59:47.304+0000] {logging_mixin.py:188} INFO - [2024-06-04T23:59:47.304+0000] {dag.py:3954} INFO - Setting next_dagrun for example_nested_branch_dag to 2024-06-03 00:00:00+00:00, run_after=2024-06-04 00:00:00+00:00
[2024-06-04T23:59:47.366+0000] {processor.py:183} INFO - Processing /home/airflow/.local/lib/python3.12/site-packages/airflow/example_dags/example_nested_branch_dag.py took 0.222 seconds
