[2024-06-04T23:44:08.616+0000] {processor.py:161} INFO - Started process (PID=169652) to work on /home/airflow/.local/lib/python3.12/site-packages/airflow/example_dags/example_external_task_marker_dag.py
[2024-06-04T23:44:08.622+0000] {processor.py:830} INFO - Processing file /home/airflow/.local/lib/python3.12/site-packages/airflow/example_dags/example_external_task_marker_dag.py for tasks to queue
[2024-06-04T23:44:08.631+0000] {logging_mixin.py:188} INFO - [2024-06-04T23:44:08.627+0000] {dagbag.py:545} INFO - Filling up the DagBag from /home/airflow/.local/lib/python3.12/site-packages/airflow/example_dags/example_external_task_marker_dag.py
[2024-06-04T23:44:08.652+0000] {processor.py:840} INFO - DAG(s) 'example_external_task_marker_parent', 'example_external_task_marker_child' retrieved from /home/airflow/.local/lib/python3.12/site-packages/airflow/example_dags/example_external_task_marker_dag.py
[2024-06-04T23:44:08.757+0000] {logging_mixin.py:188} INFO - [2024-06-04T23:44:08.757+0000] {dag.py:3096} INFO - Sync 2 DAGs
[2024-06-04T23:44:08.788+0000] {logging_mixin.py:188} INFO - [2024-06-04T23:44:08.788+0000] {dag.py:3954} INFO - Setting next_dagrun for example_external_task_marker_child to None, run_after=None
[2024-06-04T23:44:08.797+0000] {logging_mixin.py:188} INFO - [2024-06-04T23:44:08.797+0000] {dag.py:3954} INFO - Setting next_dagrun for example_external_task_marker_parent to None, run_after=None
[2024-06-04T23:44:09.089+0000] {processor.py:183} INFO - Processing /home/airflow/.local/lib/python3.12/site-packages/airflow/example_dags/example_external_task_marker_dag.py took 0.501 seconds
[2024-06-04T23:44:39.396+0000] {processor.py:161} INFO - Started process (PID=169916) to work on /home/airflow/.local/lib/python3.12/site-packages/airflow/example_dags/example_external_task_marker_dag.py
[2024-06-04T23:44:39.404+0000] {processor.py:830} INFO - Processing file /home/airflow/.local/lib/python3.12/site-packages/airflow/example_dags/example_external_task_marker_dag.py for tasks to queue
[2024-06-04T23:44:39.408+0000] {logging_mixin.py:188} INFO - [2024-06-04T23:44:39.407+0000] {dagbag.py:545} INFO - Filling up the DagBag from /home/airflow/.local/lib/python3.12/site-packages/airflow/example_dags/example_external_task_marker_dag.py
[2024-06-04T23:44:39.421+0000] {processor.py:840} INFO - DAG(s) 'example_external_task_marker_child', 'example_external_task_marker_parent' retrieved from /home/airflow/.local/lib/python3.12/site-packages/airflow/example_dags/example_external_task_marker_dag.py
[2024-06-04T23:44:39.473+0000] {logging_mixin.py:188} INFO - [2024-06-04T23:44:39.472+0000] {dag.py:3096} INFO - Sync 2 DAGs
[2024-06-04T23:44:39.507+0000] {logging_mixin.py:188} INFO - [2024-06-04T23:44:39.506+0000] {dag.py:3954} INFO - Setting next_dagrun for example_external_task_marker_child to None, run_after=None
[2024-06-04T23:44:39.516+0000] {logging_mixin.py:188} INFO - [2024-06-04T23:44:39.516+0000] {dag.py:3954} INFO - Setting next_dagrun for example_external_task_marker_parent to None, run_after=None
[2024-06-04T23:44:39.573+0000] {processor.py:183} INFO - Processing /home/airflow/.local/lib/python3.12/site-packages/airflow/example_dags/example_external_task_marker_dag.py took 0.190 seconds
[2024-06-04T23:45:09.825+0000] {processor.py:161} INFO - Started process (PID=170178) to work on /home/airflow/.local/lib/python3.12/site-packages/airflow/example_dags/example_external_task_marker_dag.py
[2024-06-04T23:45:09.827+0000] {processor.py:830} INFO - Processing file /home/airflow/.local/lib/python3.12/site-packages/airflow/example_dags/example_external_task_marker_dag.py for tasks to queue
[2024-06-04T23:45:09.830+0000] {logging_mixin.py:188} INFO - [2024-06-04T23:45:09.829+0000] {dagbag.py:545} INFO - Filling up the DagBag from /home/airflow/.local/lib/python3.12/site-packages/airflow/example_dags/example_external_task_marker_dag.py
[2024-06-04T23:45:09.843+0000] {processor.py:840} INFO - DAG(s) 'example_external_task_marker_parent', 'example_external_task_marker_child' retrieved from /home/airflow/.local/lib/python3.12/site-packages/airflow/example_dags/example_external_task_marker_dag.py
[2024-06-04T23:45:09.911+0000] {logging_mixin.py:188} INFO - [2024-06-04T23:45:09.911+0000] {dag.py:3096} INFO - Sync 2 DAGs
[2024-06-04T23:45:09.949+0000] {logging_mixin.py:188} INFO - [2024-06-04T23:45:09.949+0000] {dag.py:3954} INFO - Setting next_dagrun for example_external_task_marker_child to None, run_after=None
[2024-06-04T23:45:09.959+0000] {logging_mixin.py:188} INFO - [2024-06-04T23:45:09.959+0000] {dag.py:3954} INFO - Setting next_dagrun for example_external_task_marker_parent to None, run_after=None
[2024-06-04T23:45:10.009+0000] {processor.py:183} INFO - Processing /home/airflow/.local/lib/python3.12/site-packages/airflow/example_dags/example_external_task_marker_dag.py took 0.196 seconds
[2024-06-04T23:45:40.709+0000] {processor.py:161} INFO - Started process (PID=170440) to work on /home/airflow/.local/lib/python3.12/site-packages/airflow/example_dags/example_external_task_marker_dag.py
[2024-06-04T23:45:40.713+0000] {processor.py:830} INFO - Processing file /home/airflow/.local/lib/python3.12/site-packages/airflow/example_dags/example_external_task_marker_dag.py for tasks to queue
[2024-06-04T23:45:40.716+0000] {logging_mixin.py:188} INFO - [2024-06-04T23:45:40.715+0000] {dagbag.py:545} INFO - Filling up the DagBag from /home/airflow/.local/lib/python3.12/site-packages/airflow/example_dags/example_external_task_marker_dag.py
[2024-06-04T23:45:40.738+0000] {processor.py:840} INFO - DAG(s) 'example_external_task_marker_parent', 'example_external_task_marker_child' retrieved from /home/airflow/.local/lib/python3.12/site-packages/airflow/example_dags/example_external_task_marker_dag.py
[2024-06-04T23:45:40.801+0000] {logging_mixin.py:188} INFO - [2024-06-04T23:45:40.800+0000] {dag.py:3096} INFO - Sync 2 DAGs
[2024-06-04T23:45:40.824+0000] {logging_mixin.py:188} INFO - [2024-06-04T23:45:40.824+0000] {dag.py:3954} INFO - Setting next_dagrun for example_external_task_marker_child to None, run_after=None
[2024-06-04T23:45:40.832+0000] {logging_mixin.py:188} INFO - [2024-06-04T23:45:40.831+0000] {dag.py:3954} INFO - Setting next_dagrun for example_external_task_marker_parent to None, run_after=None
[2024-06-04T23:45:40.885+0000] {processor.py:183} INFO - Processing /home/airflow/.local/lib/python3.12/site-packages/airflow/example_dags/example_external_task_marker_dag.py took 0.187 seconds
[2024-06-04T23:46:12.976+0000] {processor.py:161} INFO - Started process (PID=170700) to work on /home/airflow/.local/lib/python3.12/site-packages/airflow/example_dags/example_external_task_marker_dag.py
[2024-06-04T23:46:12.977+0000] {processor.py:830} INFO - Processing file /home/airflow/.local/lib/python3.12/site-packages/airflow/example_dags/example_external_task_marker_dag.py for tasks to queue
[2024-06-04T23:46:12.981+0000] {logging_mixin.py:188} INFO - [2024-06-04T23:46:12.980+0000] {dagbag.py:545} INFO - Filling up the DagBag from /home/airflow/.local/lib/python3.12/site-packages/airflow/example_dags/example_external_task_marker_dag.py
[2024-06-04T23:46:12.995+0000] {processor.py:840} INFO - DAG(s) 'example_external_task_marker_parent', 'example_external_task_marker_child' retrieved from /home/airflow/.local/lib/python3.12/site-packages/airflow/example_dags/example_external_task_marker_dag.py
[2024-06-04T23:46:13.065+0000] {logging_mixin.py:188} INFO - [2024-06-04T23:46:13.064+0000] {dag.py:3096} INFO - Sync 2 DAGs
[2024-06-04T23:46:13.160+0000] {logging_mixin.py:188} INFO - [2024-06-04T23:46:13.160+0000] {dag.py:3954} INFO - Setting next_dagrun for example_external_task_marker_child to None, run_after=None
[2024-06-04T23:46:13.171+0000] {logging_mixin.py:188} INFO - [2024-06-04T23:46:13.170+0000] {dag.py:3954} INFO - Setting next_dagrun for example_external_task_marker_parent to None, run_after=None
[2024-06-04T23:46:13.231+0000] {processor.py:183} INFO - Processing /home/airflow/.local/lib/python3.12/site-packages/airflow/example_dags/example_external_task_marker_dag.py took 0.267 seconds
[2024-06-04T23:46:43.942+0000] {processor.py:161} INFO - Started process (PID=170962) to work on /home/airflow/.local/lib/python3.12/site-packages/airflow/example_dags/example_external_task_marker_dag.py
[2024-06-04T23:46:43.948+0000] {processor.py:830} INFO - Processing file /home/airflow/.local/lib/python3.12/site-packages/airflow/example_dags/example_external_task_marker_dag.py for tasks to queue
[2024-06-04T23:46:43.951+0000] {logging_mixin.py:188} INFO - [2024-06-04T23:46:43.950+0000] {dagbag.py:545} INFO - Filling up the DagBag from /home/airflow/.local/lib/python3.12/site-packages/airflow/example_dags/example_external_task_marker_dag.py
[2024-06-04T23:46:43.983+0000] {processor.py:840} INFO - DAG(s) 'example_external_task_marker_child', 'example_external_task_marker_parent' retrieved from /home/airflow/.local/lib/python3.12/site-packages/airflow/example_dags/example_external_task_marker_dag.py
[2024-06-04T23:46:44.038+0000] {logging_mixin.py:188} INFO - [2024-06-04T23:46:44.038+0000] {dag.py:3096} INFO - Sync 2 DAGs
[2024-06-04T23:46:44.088+0000] {logging_mixin.py:188} INFO - [2024-06-04T23:46:44.087+0000] {dag.py:3954} INFO - Setting next_dagrun for example_external_task_marker_child to None, run_after=None
[2024-06-04T23:46:44.115+0000] {logging_mixin.py:188} INFO - [2024-06-04T23:46:44.115+0000] {dag.py:3954} INFO - Setting next_dagrun for example_external_task_marker_parent to None, run_after=None
[2024-06-04T23:46:44.181+0000] {processor.py:183} INFO - Processing /home/airflow/.local/lib/python3.12/site-packages/airflow/example_dags/example_external_task_marker_dag.py took 0.252 seconds
[2024-06-04T23:47:15.493+0000] {processor.py:161} INFO - Started process (PID=171223) to work on /home/airflow/.local/lib/python3.12/site-packages/airflow/example_dags/example_external_task_marker_dag.py
[2024-06-04T23:47:15.516+0000] {processor.py:830} INFO - Processing file /home/airflow/.local/lib/python3.12/site-packages/airflow/example_dags/example_external_task_marker_dag.py for tasks to queue
[2024-06-04T23:47:15.530+0000] {logging_mixin.py:188} INFO - [2024-06-04T23:47:15.530+0000] {dagbag.py:545} INFO - Filling up the DagBag from /home/airflow/.local/lib/python3.12/site-packages/airflow/example_dags/example_external_task_marker_dag.py
[2024-06-04T23:47:15.572+0000] {processor.py:840} INFO - DAG(s) 'example_external_task_marker_parent', 'example_external_task_marker_child' retrieved from /home/airflow/.local/lib/python3.12/site-packages/airflow/example_dags/example_external_task_marker_dag.py
[2024-06-04T23:47:15.650+0000] {logging_mixin.py:188} INFO - [2024-06-04T23:47:15.649+0000] {dag.py:3096} INFO - Sync 2 DAGs
[2024-06-04T23:47:15.709+0000] {logging_mixin.py:188} INFO - [2024-06-04T23:47:15.708+0000] {dag.py:3954} INFO - Setting next_dagrun for example_external_task_marker_child to None, run_after=None
[2024-06-04T23:47:15.727+0000] {logging_mixin.py:188} INFO - [2024-06-04T23:47:15.727+0000] {dag.py:3954} INFO - Setting next_dagrun for example_external_task_marker_parent to None, run_after=None
[2024-06-04T23:47:15.809+0000] {processor.py:183} INFO - Processing /home/airflow/.local/lib/python3.12/site-packages/airflow/example_dags/example_external_task_marker_dag.py took 0.351 seconds
[2024-06-04T23:47:46.346+0000] {processor.py:161} INFO - Started process (PID=171486) to work on /home/airflow/.local/lib/python3.12/site-packages/airflow/example_dags/example_external_task_marker_dag.py
[2024-06-04T23:47:46.348+0000] {processor.py:830} INFO - Processing file /home/airflow/.local/lib/python3.12/site-packages/airflow/example_dags/example_external_task_marker_dag.py for tasks to queue
[2024-06-04T23:47:46.352+0000] {logging_mixin.py:188} INFO - [2024-06-04T23:47:46.351+0000] {dagbag.py:545} INFO - Filling up the DagBag from /home/airflow/.local/lib/python3.12/site-packages/airflow/example_dags/example_external_task_marker_dag.py
[2024-06-04T23:47:46.364+0000] {processor.py:840} INFO - DAG(s) 'example_external_task_marker_child', 'example_external_task_marker_parent' retrieved from /home/airflow/.local/lib/python3.12/site-packages/airflow/example_dags/example_external_task_marker_dag.py
[2024-06-04T23:47:46.413+0000] {logging_mixin.py:188} INFO - [2024-06-04T23:47:46.413+0000] {dag.py:3096} INFO - Sync 2 DAGs
[2024-06-04T23:47:46.445+0000] {logging_mixin.py:188} INFO - [2024-06-04T23:47:46.445+0000] {dag.py:3954} INFO - Setting next_dagrun for example_external_task_marker_child to None, run_after=None
[2024-06-04T23:47:46.453+0000] {logging_mixin.py:188} INFO - [2024-06-04T23:47:46.453+0000] {dag.py:3954} INFO - Setting next_dagrun for example_external_task_marker_parent to None, run_after=None
[2024-06-04T23:47:46.493+0000] {processor.py:183} INFO - Processing /home/airflow/.local/lib/python3.12/site-packages/airflow/example_dags/example_external_task_marker_dag.py took 0.162 seconds
[2024-06-04T23:48:16.731+0000] {processor.py:161} INFO - Started process (PID=171746) to work on /home/airflow/.local/lib/python3.12/site-packages/airflow/example_dags/example_external_task_marker_dag.py
[2024-06-04T23:48:16.760+0000] {processor.py:830} INFO - Processing file /home/airflow/.local/lib/python3.12/site-packages/airflow/example_dags/example_external_task_marker_dag.py for tasks to queue
[2024-06-04T23:48:16.768+0000] {logging_mixin.py:188} INFO - [2024-06-04T23:48:16.767+0000] {dagbag.py:545} INFO - Filling up the DagBag from /home/airflow/.local/lib/python3.12/site-packages/airflow/example_dags/example_external_task_marker_dag.py
[2024-06-04T23:48:16.790+0000] {processor.py:840} INFO - DAG(s) 'example_external_task_marker_parent', 'example_external_task_marker_child' retrieved from /home/airflow/.local/lib/python3.12/site-packages/airflow/example_dags/example_external_task_marker_dag.py
[2024-06-04T23:48:16.887+0000] {logging_mixin.py:188} INFO - [2024-06-04T23:48:16.886+0000] {dag.py:3096} INFO - Sync 2 DAGs
[2024-06-04T23:48:16.918+0000] {logging_mixin.py:188} INFO - [2024-06-04T23:48:16.918+0000] {dag.py:3954} INFO - Setting next_dagrun for example_external_task_marker_child to None, run_after=None
[2024-06-04T23:48:16.927+0000] {logging_mixin.py:188} INFO - [2024-06-04T23:48:16.927+0000] {dag.py:3954} INFO - Setting next_dagrun for example_external_task_marker_parent to None, run_after=None
[2024-06-04T23:48:17.034+0000] {processor.py:183} INFO - Processing /home/airflow/.local/lib/python3.12/site-packages/airflow/example_dags/example_external_task_marker_dag.py took 0.321 seconds
[2024-06-04T23:48:47.898+0000] {processor.py:161} INFO - Started process (PID=172008) to work on /home/airflow/.local/lib/python3.12/site-packages/airflow/example_dags/example_external_task_marker_dag.py
[2024-06-04T23:48:47.900+0000] {processor.py:830} INFO - Processing file /home/airflow/.local/lib/python3.12/site-packages/airflow/example_dags/example_external_task_marker_dag.py for tasks to queue
[2024-06-04T23:48:47.906+0000] {logging_mixin.py:188} INFO - [2024-06-04T23:48:47.903+0000] {dagbag.py:545} INFO - Filling up the DagBag from /home/airflow/.local/lib/python3.12/site-packages/airflow/example_dags/example_external_task_marker_dag.py
[2024-06-04T23:48:47.920+0000] {processor.py:840} INFO - DAG(s) 'example_external_task_marker_parent', 'example_external_task_marker_child' retrieved from /home/airflow/.local/lib/python3.12/site-packages/airflow/example_dags/example_external_task_marker_dag.py
[2024-06-04T23:48:47.977+0000] {logging_mixin.py:188} INFO - [2024-06-04T23:48:47.976+0000] {dag.py:3096} INFO - Sync 2 DAGs
[2024-06-04T23:48:48.022+0000] {logging_mixin.py:188} INFO - [2024-06-04T23:48:48.022+0000] {dag.py:3954} INFO - Setting next_dagrun for example_external_task_marker_child to None, run_after=None
[2024-06-04T23:48:48.032+0000] {logging_mixin.py:188} INFO - [2024-06-04T23:48:48.032+0000] {dag.py:3954} INFO - Setting next_dagrun for example_external_task_marker_parent to None, run_after=None
[2024-06-04T23:48:48.088+0000] {processor.py:183} INFO - Processing /home/airflow/.local/lib/python3.12/site-packages/airflow/example_dags/example_external_task_marker_dag.py took 0.208 seconds
[2024-06-04T23:49:18.607+0000] {processor.py:161} INFO - Started process (PID=172267) to work on /home/airflow/.local/lib/python3.12/site-packages/airflow/example_dags/example_external_task_marker_dag.py
[2024-06-04T23:49:18.689+0000] {processor.py:830} INFO - Processing file /home/airflow/.local/lib/python3.12/site-packages/airflow/example_dags/example_external_task_marker_dag.py for tasks to queue
[2024-06-04T23:49:18.693+0000] {logging_mixin.py:188} INFO - [2024-06-04T23:49:18.693+0000] {dagbag.py:545} INFO - Filling up the DagBag from /home/airflow/.local/lib/python3.12/site-packages/airflow/example_dags/example_external_task_marker_dag.py
[2024-06-04T23:49:18.744+0000] {processor.py:840} INFO - DAG(s) 'example_external_task_marker_child', 'example_external_task_marker_parent' retrieved from /home/airflow/.local/lib/python3.12/site-packages/airflow/example_dags/example_external_task_marker_dag.py
[2024-06-04T23:49:18.836+0000] {logging_mixin.py:188} INFO - [2024-06-04T23:49:18.836+0000] {dag.py:3096} INFO - Sync 2 DAGs
[2024-06-04T23:49:18.876+0000] {logging_mixin.py:188} INFO - [2024-06-04T23:49:18.875+0000] {dag.py:3954} INFO - Setting next_dagrun for example_external_task_marker_child to None, run_after=None
[2024-06-04T23:49:18.890+0000] {logging_mixin.py:188} INFO - [2024-06-04T23:49:18.890+0000] {dag.py:3954} INFO - Setting next_dagrun for example_external_task_marker_parent to None, run_after=None
[2024-06-04T23:49:18.966+0000] {processor.py:183} INFO - Processing /home/airflow/.local/lib/python3.12/site-packages/airflow/example_dags/example_external_task_marker_dag.py took 0.400 seconds
[2024-06-04T23:49:49.282+0000] {processor.py:161} INFO - Started process (PID=172528) to work on /home/airflow/.local/lib/python3.12/site-packages/airflow/example_dags/example_external_task_marker_dag.py
[2024-06-04T23:49:49.299+0000] {processor.py:830} INFO - Processing file /home/airflow/.local/lib/python3.12/site-packages/airflow/example_dags/example_external_task_marker_dag.py for tasks to queue
[2024-06-04T23:49:49.313+0000] {logging_mixin.py:188} INFO - [2024-06-04T23:49:49.312+0000] {dagbag.py:545} INFO - Filling up the DagBag from /home/airflow/.local/lib/python3.12/site-packages/airflow/example_dags/example_external_task_marker_dag.py
[2024-06-04T23:49:49.335+0000] {processor.py:840} INFO - DAG(s) 'example_external_task_marker_parent', 'example_external_task_marker_child' retrieved from /home/airflow/.local/lib/python3.12/site-packages/airflow/example_dags/example_external_task_marker_dag.py
[2024-06-04T23:49:49.525+0000] {logging_mixin.py:188} INFO - [2024-06-04T23:49:49.522+0000] {dag.py:3096} INFO - Sync 2 DAGs
[2024-06-04T23:49:49.695+0000] {logging_mixin.py:188} INFO - [2024-06-04T23:49:49.687+0000] {dag.py:3954} INFO - Setting next_dagrun for example_external_task_marker_child to None, run_after=None
[2024-06-04T23:49:49.726+0000] {logging_mixin.py:188} INFO - [2024-06-04T23:49:49.726+0000] {dag.py:3954} INFO - Setting next_dagrun for example_external_task_marker_parent to None, run_after=None
[2024-06-04T23:49:49.839+0000] {processor.py:183} INFO - Processing /home/airflow/.local/lib/python3.12/site-packages/airflow/example_dags/example_external_task_marker_dag.py took 0.593 seconds
[2024-06-04T23:50:20.715+0000] {processor.py:161} INFO - Started process (PID=172796) to work on /home/airflow/.local/lib/python3.12/site-packages/airflow/example_dags/example_external_task_marker_dag.py
[2024-06-04T23:50:20.717+0000] {processor.py:830} INFO - Processing file /home/airflow/.local/lib/python3.12/site-packages/airflow/example_dags/example_external_task_marker_dag.py for tasks to queue
[2024-06-04T23:50:20.721+0000] {logging_mixin.py:188} INFO - [2024-06-04T23:50:20.720+0000] {dagbag.py:545} INFO - Filling up the DagBag from /home/airflow/.local/lib/python3.12/site-packages/airflow/example_dags/example_external_task_marker_dag.py
[2024-06-04T23:50:20.735+0000] {processor.py:840} INFO - DAG(s) 'example_external_task_marker_child', 'example_external_task_marker_parent' retrieved from /home/airflow/.local/lib/python3.12/site-packages/airflow/example_dags/example_external_task_marker_dag.py
[2024-06-04T23:50:20.800+0000] {logging_mixin.py:188} INFO - [2024-06-04T23:50:20.800+0000] {dag.py:3096} INFO - Sync 2 DAGs
[2024-06-04T23:50:20.850+0000] {logging_mixin.py:188} INFO - [2024-06-04T23:50:20.850+0000] {dag.py:3954} INFO - Setting next_dagrun for example_external_task_marker_child to None, run_after=None
[2024-06-04T23:50:20.860+0000] {logging_mixin.py:188} INFO - [2024-06-04T23:50:20.860+0000] {dag.py:3954} INFO - Setting next_dagrun for example_external_task_marker_parent to None, run_after=None
[2024-06-04T23:50:20.948+0000] {processor.py:183} INFO - Processing /home/airflow/.local/lib/python3.12/site-packages/airflow/example_dags/example_external_task_marker_dag.py took 0.245 seconds
[2024-06-04T23:50:51.090+0000] {processor.py:161} INFO - Started process (PID=173058) to work on /home/airflow/.local/lib/python3.12/site-packages/airflow/example_dags/example_external_task_marker_dag.py
[2024-06-04T23:50:51.092+0000] {processor.py:830} INFO - Processing file /home/airflow/.local/lib/python3.12/site-packages/airflow/example_dags/example_external_task_marker_dag.py for tasks to queue
[2024-06-04T23:50:51.096+0000] {logging_mixin.py:188} INFO - [2024-06-04T23:50:51.095+0000] {dagbag.py:545} INFO - Filling up the DagBag from /home/airflow/.local/lib/python3.12/site-packages/airflow/example_dags/example_external_task_marker_dag.py
[2024-06-04T23:50:51.109+0000] {processor.py:840} INFO - DAG(s) 'example_external_task_marker_parent', 'example_external_task_marker_child' retrieved from /home/airflow/.local/lib/python3.12/site-packages/airflow/example_dags/example_external_task_marker_dag.py
[2024-06-04T23:50:51.157+0000] {logging_mixin.py:188} INFO - [2024-06-04T23:50:51.156+0000] {dag.py:3096} INFO - Sync 2 DAGs
[2024-06-04T23:50:51.187+0000] {logging_mixin.py:188} INFO - [2024-06-04T23:50:51.186+0000] {dag.py:3954} INFO - Setting next_dagrun for example_external_task_marker_child to None, run_after=None
[2024-06-04T23:50:51.195+0000] {logging_mixin.py:188} INFO - [2024-06-04T23:50:51.195+0000] {dag.py:3954} INFO - Setting next_dagrun for example_external_task_marker_parent to None, run_after=None
[2024-06-04T23:50:51.272+0000] {processor.py:183} INFO - Processing /home/airflow/.local/lib/python3.12/site-packages/airflow/example_dags/example_external_task_marker_dag.py took 0.197 seconds
[2024-06-04T23:51:22.219+0000] {processor.py:161} INFO - Started process (PID=173321) to work on /home/airflow/.local/lib/python3.12/site-packages/airflow/example_dags/example_external_task_marker_dag.py
[2024-06-04T23:51:22.221+0000] {processor.py:830} INFO - Processing file /home/airflow/.local/lib/python3.12/site-packages/airflow/example_dags/example_external_task_marker_dag.py for tasks to queue
[2024-06-04T23:51:22.225+0000] {logging_mixin.py:188} INFO - [2024-06-04T23:51:22.224+0000] {dagbag.py:545} INFO - Filling up the DagBag from /home/airflow/.local/lib/python3.12/site-packages/airflow/example_dags/example_external_task_marker_dag.py
[2024-06-04T23:51:22.241+0000] {processor.py:840} INFO - DAG(s) 'example_external_task_marker_child', 'example_external_task_marker_parent' retrieved from /home/airflow/.local/lib/python3.12/site-packages/airflow/example_dags/example_external_task_marker_dag.py
[2024-06-04T23:51:22.303+0000] {logging_mixin.py:188} INFO - [2024-06-04T23:51:22.303+0000] {dag.py:3096} INFO - Sync 2 DAGs
[2024-06-04T23:51:22.345+0000] {logging_mixin.py:188} INFO - [2024-06-04T23:51:22.344+0000] {dag.py:3954} INFO - Setting next_dagrun for example_external_task_marker_child to None, run_after=None
[2024-06-04T23:51:22.355+0000] {logging_mixin.py:188} INFO - [2024-06-04T23:51:22.354+0000] {dag.py:3954} INFO - Setting next_dagrun for example_external_task_marker_parent to None, run_after=None
[2024-06-04T23:51:22.397+0000] {processor.py:183} INFO - Processing /home/airflow/.local/lib/python3.12/site-packages/airflow/example_dags/example_external_task_marker_dag.py took 0.195 seconds
[2024-06-04T23:51:53.121+0000] {processor.py:161} INFO - Started process (PID=173582) to work on /home/airflow/.local/lib/python3.12/site-packages/airflow/example_dags/example_external_task_marker_dag.py
[2024-06-04T23:51:53.137+0000] {processor.py:830} INFO - Processing file /home/airflow/.local/lib/python3.12/site-packages/airflow/example_dags/example_external_task_marker_dag.py for tasks to queue
[2024-06-04T23:51:53.141+0000] {logging_mixin.py:188} INFO - [2024-06-04T23:51:53.140+0000] {dagbag.py:545} INFO - Filling up the DagBag from /home/airflow/.local/lib/python3.12/site-packages/airflow/example_dags/example_external_task_marker_dag.py
[2024-06-04T23:51:53.154+0000] {processor.py:840} INFO - DAG(s) 'example_external_task_marker_child', 'example_external_task_marker_parent' retrieved from /home/airflow/.local/lib/python3.12/site-packages/airflow/example_dags/example_external_task_marker_dag.py
[2024-06-04T23:51:53.214+0000] {logging_mixin.py:188} INFO - [2024-06-04T23:51:53.213+0000] {dag.py:3096} INFO - Sync 2 DAGs
[2024-06-04T23:51:53.251+0000] {logging_mixin.py:188} INFO - [2024-06-04T23:51:53.251+0000] {dag.py:3954} INFO - Setting next_dagrun for example_external_task_marker_child to None, run_after=None
[2024-06-04T23:51:53.262+0000] {logging_mixin.py:188} INFO - [2024-06-04T23:51:53.262+0000] {dag.py:3954} INFO - Setting next_dagrun for example_external_task_marker_parent to None, run_after=None
[2024-06-04T23:51:53.387+0000] {processor.py:183} INFO - Processing /home/airflow/.local/lib/python3.12/site-packages/airflow/example_dags/example_external_task_marker_dag.py took 0.286 seconds
[2024-06-04T23:52:23.899+0000] {processor.py:161} INFO - Started process (PID=173844) to work on /home/airflow/.local/lib/python3.12/site-packages/airflow/example_dags/example_external_task_marker_dag.py
[2024-06-04T23:52:23.900+0000] {processor.py:830} INFO - Processing file /home/airflow/.local/lib/python3.12/site-packages/airflow/example_dags/example_external_task_marker_dag.py for tasks to queue
[2024-06-04T23:52:23.905+0000] {logging_mixin.py:188} INFO - [2024-06-04T23:52:23.904+0000] {dagbag.py:545} INFO - Filling up the DagBag from /home/airflow/.local/lib/python3.12/site-packages/airflow/example_dags/example_external_task_marker_dag.py
[2024-06-04T23:52:23.922+0000] {processor.py:840} INFO - DAG(s) 'example_external_task_marker_parent', 'example_external_task_marker_child' retrieved from /home/airflow/.local/lib/python3.12/site-packages/airflow/example_dags/example_external_task_marker_dag.py
[2024-06-04T23:52:23.987+0000] {logging_mixin.py:188} INFO - [2024-06-04T23:52:23.987+0000] {dag.py:3096} INFO - Sync 2 DAGs
[2024-06-04T23:52:24.025+0000] {logging_mixin.py:188} INFO - [2024-06-04T23:52:24.025+0000] {dag.py:3954} INFO - Setting next_dagrun for example_external_task_marker_child to None, run_after=None
[2024-06-04T23:52:24.034+0000] {logging_mixin.py:188} INFO - [2024-06-04T23:52:24.034+0000] {dag.py:3954} INFO - Setting next_dagrun for example_external_task_marker_parent to None, run_after=None
[2024-06-04T23:52:24.143+0000] {processor.py:183} INFO - Processing /home/airflow/.local/lib/python3.12/site-packages/airflow/example_dags/example_external_task_marker_dag.py took 0.262 seconds
[2024-06-04T23:52:54.741+0000] {processor.py:161} INFO - Started process (PID=174106) to work on /home/airflow/.local/lib/python3.12/site-packages/airflow/example_dags/example_external_task_marker_dag.py
[2024-06-04T23:52:54.778+0000] {processor.py:830} INFO - Processing file /home/airflow/.local/lib/python3.12/site-packages/airflow/example_dags/example_external_task_marker_dag.py for tasks to queue
[2024-06-04T23:52:54.789+0000] {logging_mixin.py:188} INFO - [2024-06-04T23:52:54.788+0000] {dagbag.py:545} INFO - Filling up the DagBag from /home/airflow/.local/lib/python3.12/site-packages/airflow/example_dags/example_external_task_marker_dag.py
[2024-06-04T23:52:54.843+0000] {processor.py:840} INFO - DAG(s) 'example_external_task_marker_child', 'example_external_task_marker_parent' retrieved from /home/airflow/.local/lib/python3.12/site-packages/airflow/example_dags/example_external_task_marker_dag.py
[2024-06-04T23:52:55.075+0000] {logging_mixin.py:188} INFO - [2024-06-04T23:52:55.074+0000] {dag.py:3096} INFO - Sync 2 DAGs
[2024-06-04T23:52:55.133+0000] {logging_mixin.py:188} INFO - [2024-06-04T23:52:55.133+0000] {dag.py:3954} INFO - Setting next_dagrun for example_external_task_marker_child to None, run_after=None
[2024-06-04T23:52:55.149+0000] {logging_mixin.py:188} INFO - [2024-06-04T23:52:55.148+0000] {dag.py:3954} INFO - Setting next_dagrun for example_external_task_marker_parent to None, run_after=None
[2024-06-04T23:52:55.224+0000] {processor.py:183} INFO - Processing /home/airflow/.local/lib/python3.12/site-packages/airflow/example_dags/example_external_task_marker_dag.py took 0.505 seconds
[2024-06-04T23:53:25.981+0000] {processor.py:161} INFO - Started process (PID=174369) to work on /home/airflow/.local/lib/python3.12/site-packages/airflow/example_dags/example_external_task_marker_dag.py
[2024-06-04T23:53:25.995+0000] {processor.py:830} INFO - Processing file /home/airflow/.local/lib/python3.12/site-packages/airflow/example_dags/example_external_task_marker_dag.py for tasks to queue
[2024-06-04T23:53:25.999+0000] {logging_mixin.py:188} INFO - [2024-06-04T23:53:25.998+0000] {dagbag.py:545} INFO - Filling up the DagBag from /home/airflow/.local/lib/python3.12/site-packages/airflow/example_dags/example_external_task_marker_dag.py
[2024-06-04T23:53:26.033+0000] {processor.py:840} INFO - DAG(s) 'example_external_task_marker_child', 'example_external_task_marker_parent' retrieved from /home/airflow/.local/lib/python3.12/site-packages/airflow/example_dags/example_external_task_marker_dag.py
[2024-06-04T23:53:26.134+0000] {logging_mixin.py:188} INFO - [2024-06-04T23:53:26.134+0000] {dag.py:3096} INFO - Sync 2 DAGs
[2024-06-04T23:53:26.194+0000] {logging_mixin.py:188} INFO - [2024-06-04T23:53:26.193+0000] {dag.py:3954} INFO - Setting next_dagrun for example_external_task_marker_child to None, run_after=None
[2024-06-04T23:53:26.218+0000] {logging_mixin.py:188} INFO - [2024-06-04T23:53:26.217+0000] {dag.py:3954} INFO - Setting next_dagrun for example_external_task_marker_parent to None, run_after=None
[2024-06-04T23:53:26.294+0000] {processor.py:183} INFO - Processing /home/airflow/.local/lib/python3.12/site-packages/airflow/example_dags/example_external_task_marker_dag.py took 0.327 seconds
[2024-06-04T23:53:56.424+0000] {processor.py:161} INFO - Started process (PID=174630) to work on /home/airflow/.local/lib/python3.12/site-packages/airflow/example_dags/example_external_task_marker_dag.py
[2024-06-04T23:53:56.436+0000] {processor.py:830} INFO - Processing file /home/airflow/.local/lib/python3.12/site-packages/airflow/example_dags/example_external_task_marker_dag.py for tasks to queue
[2024-06-04T23:53:56.439+0000] {logging_mixin.py:188} INFO - [2024-06-04T23:53:56.438+0000] {dagbag.py:545} INFO - Filling up the DagBag from /home/airflow/.local/lib/python3.12/site-packages/airflow/example_dags/example_external_task_marker_dag.py
[2024-06-04T23:53:56.495+0000] {processor.py:840} INFO - DAG(s) 'example_external_task_marker_child', 'example_external_task_marker_parent' retrieved from /home/airflow/.local/lib/python3.12/site-packages/airflow/example_dags/example_external_task_marker_dag.py
[2024-06-04T23:53:56.628+0000] {logging_mixin.py:188} INFO - [2024-06-04T23:53:56.628+0000] {dag.py:3096} INFO - Sync 2 DAGs
[2024-06-04T23:53:56.705+0000] {logging_mixin.py:188} INFO - [2024-06-04T23:53:56.705+0000] {dag.py:3954} INFO - Setting next_dagrun for example_external_task_marker_child to None, run_after=None
[2024-06-04T23:53:56.728+0000] {logging_mixin.py:188} INFO - [2024-06-04T23:53:56.727+0000] {dag.py:3954} INFO - Setting next_dagrun for example_external_task_marker_parent to None, run_after=None
[2024-06-04T23:53:56.841+0000] {processor.py:183} INFO - Processing /home/airflow/.local/lib/python3.12/site-packages/airflow/example_dags/example_external_task_marker_dag.py took 0.429 seconds
[2024-06-04T23:54:27.022+0000] {processor.py:161} INFO - Started process (PID=174892) to work on /home/airflow/.local/lib/python3.12/site-packages/airflow/example_dags/example_external_task_marker_dag.py
[2024-06-04T23:54:27.024+0000] {processor.py:830} INFO - Processing file /home/airflow/.local/lib/python3.12/site-packages/airflow/example_dags/example_external_task_marker_dag.py for tasks to queue
[2024-06-04T23:54:27.029+0000] {logging_mixin.py:188} INFO - [2024-06-04T23:54:27.028+0000] {dagbag.py:545} INFO - Filling up the DagBag from /home/airflow/.local/lib/python3.12/site-packages/airflow/example_dags/example_external_task_marker_dag.py
[2024-06-04T23:54:27.045+0000] {processor.py:840} INFO - DAG(s) 'example_external_task_marker_parent', 'example_external_task_marker_child' retrieved from /home/airflow/.local/lib/python3.12/site-packages/airflow/example_dags/example_external_task_marker_dag.py
[2024-06-04T23:54:27.128+0000] {logging_mixin.py:188} INFO - [2024-06-04T23:54:27.127+0000] {dag.py:3096} INFO - Sync 2 DAGs
[2024-06-04T23:54:27.179+0000] {logging_mixin.py:188} INFO - [2024-06-04T23:54:27.179+0000] {dag.py:3954} INFO - Setting next_dagrun for example_external_task_marker_child to None, run_after=None
[2024-06-04T23:54:27.192+0000] {logging_mixin.py:188} INFO - [2024-06-04T23:54:27.192+0000] {dag.py:3954} INFO - Setting next_dagrun for example_external_task_marker_parent to None, run_after=None
[2024-06-04T23:54:27.236+0000] {processor.py:183} INFO - Processing /home/airflow/.local/lib/python3.12/site-packages/airflow/example_dags/example_external_task_marker_dag.py took 0.228 seconds
[2024-06-04T23:54:57.534+0000] {processor.py:161} INFO - Started process (PID=175155) to work on /home/airflow/.local/lib/python3.12/site-packages/airflow/example_dags/example_external_task_marker_dag.py
[2024-06-04T23:54:57.536+0000] {processor.py:830} INFO - Processing file /home/airflow/.local/lib/python3.12/site-packages/airflow/example_dags/example_external_task_marker_dag.py for tasks to queue
[2024-06-04T23:54:57.539+0000] {logging_mixin.py:188} INFO - [2024-06-04T23:54:57.538+0000] {dagbag.py:545} INFO - Filling up the DagBag from /home/airflow/.local/lib/python3.12/site-packages/airflow/example_dags/example_external_task_marker_dag.py
[2024-06-04T23:54:57.552+0000] {processor.py:840} INFO - DAG(s) 'example_external_task_marker_child', 'example_external_task_marker_parent' retrieved from /home/airflow/.local/lib/python3.12/site-packages/airflow/example_dags/example_external_task_marker_dag.py
[2024-06-04T23:54:57.596+0000] {logging_mixin.py:188} INFO - [2024-06-04T23:54:57.595+0000] {dag.py:3096} INFO - Sync 2 DAGs
[2024-06-04T23:54:57.628+0000] {logging_mixin.py:188} INFO - [2024-06-04T23:54:57.628+0000] {dag.py:3954} INFO - Setting next_dagrun for example_external_task_marker_child to None, run_after=None
[2024-06-04T23:54:57.636+0000] {logging_mixin.py:188} INFO - [2024-06-04T23:54:57.635+0000] {dag.py:3954} INFO - Setting next_dagrun for example_external_task_marker_parent to None, run_after=None
[2024-06-04T23:54:57.683+0000] {processor.py:183} INFO - Processing /home/airflow/.local/lib/python3.12/site-packages/airflow/example_dags/example_external_task_marker_dag.py took 0.162 seconds
[2024-06-04T23:55:28.060+0000] {processor.py:161} INFO - Started process (PID=175411) to work on /home/airflow/.local/lib/python3.12/site-packages/airflow/example_dags/example_external_task_marker_dag.py
[2024-06-04T23:55:28.062+0000] {processor.py:830} INFO - Processing file /home/airflow/.local/lib/python3.12/site-packages/airflow/example_dags/example_external_task_marker_dag.py for tasks to queue
[2024-06-04T23:55:28.066+0000] {logging_mixin.py:188} INFO - [2024-06-04T23:55:28.066+0000] {dagbag.py:545} INFO - Filling up the DagBag from /home/airflow/.local/lib/python3.12/site-packages/airflow/example_dags/example_external_task_marker_dag.py
[2024-06-04T23:55:28.081+0000] {processor.py:840} INFO - DAG(s) 'example_external_task_marker_parent', 'example_external_task_marker_child' retrieved from /home/airflow/.local/lib/python3.12/site-packages/airflow/example_dags/example_external_task_marker_dag.py
[2024-06-04T23:55:28.209+0000] {logging_mixin.py:188} INFO - [2024-06-04T23:55:28.209+0000] {dag.py:3096} INFO - Sync 2 DAGs
[2024-06-04T23:55:28.270+0000] {logging_mixin.py:188} INFO - [2024-06-04T23:55:28.270+0000] {dag.py:3954} INFO - Setting next_dagrun for example_external_task_marker_child to None, run_after=None
[2024-06-04T23:55:28.283+0000] {logging_mixin.py:188} INFO - [2024-06-04T23:55:28.283+0000] {dag.py:3954} INFO - Setting next_dagrun for example_external_task_marker_parent to None, run_after=None
[2024-06-04T23:55:28.336+0000] {processor.py:183} INFO - Processing /home/airflow/.local/lib/python3.12/site-packages/airflow/example_dags/example_external_task_marker_dag.py took 0.291 seconds
[2024-06-04T23:55:59.059+0000] {processor.py:161} INFO - Started process (PID=175673) to work on /home/airflow/.local/lib/python3.12/site-packages/airflow/example_dags/example_external_task_marker_dag.py
[2024-06-04T23:55:59.084+0000] {processor.py:830} INFO - Processing file /home/airflow/.local/lib/python3.12/site-packages/airflow/example_dags/example_external_task_marker_dag.py for tasks to queue
[2024-06-04T23:55:59.087+0000] {logging_mixin.py:188} INFO - [2024-06-04T23:55:59.086+0000] {dagbag.py:545} INFO - Filling up the DagBag from /home/airflow/.local/lib/python3.12/site-packages/airflow/example_dags/example_external_task_marker_dag.py
[2024-06-04T23:55:59.120+0000] {processor.py:840} INFO - DAG(s) 'example_external_task_marker_child', 'example_external_task_marker_parent' retrieved from /home/airflow/.local/lib/python3.12/site-packages/airflow/example_dags/example_external_task_marker_dag.py
[2024-06-04T23:55:59.206+0000] {logging_mixin.py:188} INFO - [2024-06-04T23:55:59.205+0000] {dag.py:3096} INFO - Sync 2 DAGs
[2024-06-04T23:55:59.268+0000] {logging_mixin.py:188} INFO - [2024-06-04T23:55:59.268+0000] {dag.py:3954} INFO - Setting next_dagrun for example_external_task_marker_child to None, run_after=None
[2024-06-04T23:55:59.285+0000] {logging_mixin.py:188} INFO - [2024-06-04T23:55:59.284+0000] {dag.py:3954} INFO - Setting next_dagrun for example_external_task_marker_parent to None, run_after=None
[2024-06-04T23:55:59.381+0000] {processor.py:183} INFO - Processing /home/airflow/.local/lib/python3.12/site-packages/airflow/example_dags/example_external_task_marker_dag.py took 0.336 seconds
[2024-06-04T23:56:29.838+0000] {processor.py:161} INFO - Started process (PID=175935) to work on /home/airflow/.local/lib/python3.12/site-packages/airflow/example_dags/example_external_task_marker_dag.py
[2024-06-04T23:56:29.840+0000] {processor.py:830} INFO - Processing file /home/airflow/.local/lib/python3.12/site-packages/airflow/example_dags/example_external_task_marker_dag.py for tasks to queue
[2024-06-04T23:56:29.845+0000] {logging_mixin.py:188} INFO - [2024-06-04T23:56:29.844+0000] {dagbag.py:545} INFO - Filling up the DagBag from /home/airflow/.local/lib/python3.12/site-packages/airflow/example_dags/example_external_task_marker_dag.py
[2024-06-04T23:56:29.859+0000] {processor.py:840} INFO - DAG(s) 'example_external_task_marker_child', 'example_external_task_marker_parent' retrieved from /home/airflow/.local/lib/python3.12/site-packages/airflow/example_dags/example_external_task_marker_dag.py
[2024-06-04T23:56:29.919+0000] {logging_mixin.py:188} INFO - [2024-06-04T23:56:29.918+0000] {dag.py:3096} INFO - Sync 2 DAGs
[2024-06-04T23:56:29.962+0000] {logging_mixin.py:188} INFO - [2024-06-04T23:56:29.961+0000] {dag.py:3954} INFO - Setting next_dagrun for example_external_task_marker_child to None, run_after=None
[2024-06-04T23:56:29.972+0000] {logging_mixin.py:188} INFO - [2024-06-04T23:56:29.972+0000] {dag.py:3954} INFO - Setting next_dagrun for example_external_task_marker_parent to None, run_after=None
[2024-06-04T23:56:30.038+0000] {processor.py:183} INFO - Processing /home/airflow/.local/lib/python3.12/site-packages/airflow/example_dags/example_external_task_marker_dag.py took 0.214 seconds
[2024-06-04T23:57:00.329+0000] {processor.py:161} INFO - Started process (PID=176196) to work on /home/airflow/.local/lib/python3.12/site-packages/airflow/example_dags/example_external_task_marker_dag.py
[2024-06-04T23:57:00.331+0000] {processor.py:830} INFO - Processing file /home/airflow/.local/lib/python3.12/site-packages/airflow/example_dags/example_external_task_marker_dag.py for tasks to queue
[2024-06-04T23:57:00.335+0000] {logging_mixin.py:188} INFO - [2024-06-04T23:57:00.335+0000] {dagbag.py:545} INFO - Filling up the DagBag from /home/airflow/.local/lib/python3.12/site-packages/airflow/example_dags/example_external_task_marker_dag.py
[2024-06-04T23:57:00.350+0000] {processor.py:840} INFO - DAG(s) 'example_external_task_marker_parent', 'example_external_task_marker_child' retrieved from /home/airflow/.local/lib/python3.12/site-packages/airflow/example_dags/example_external_task_marker_dag.py
[2024-06-04T23:57:00.416+0000] {logging_mixin.py:188} INFO - [2024-06-04T23:57:00.416+0000] {dag.py:3096} INFO - Sync 2 DAGs
[2024-06-04T23:57:00.458+0000] {logging_mixin.py:188} INFO - [2024-06-04T23:57:00.458+0000] {dag.py:3954} INFO - Setting next_dagrun for example_external_task_marker_child to None, run_after=None
[2024-06-04T23:57:00.470+0000] {logging_mixin.py:188} INFO - [2024-06-04T23:57:00.469+0000] {dag.py:3954} INFO - Setting next_dagrun for example_external_task_marker_parent to None, run_after=None
[2024-06-04T23:57:00.633+0000] {processor.py:183} INFO - Processing /home/airflow/.local/lib/python3.12/site-packages/airflow/example_dags/example_external_task_marker_dag.py took 0.318 seconds
[2024-06-04T23:57:30.834+0000] {processor.py:161} INFO - Started process (PID=176458) to work on /home/airflow/.local/lib/python3.12/site-packages/airflow/example_dags/example_external_task_marker_dag.py
[2024-06-04T23:57:30.836+0000] {processor.py:830} INFO - Processing file /home/airflow/.local/lib/python3.12/site-packages/airflow/example_dags/example_external_task_marker_dag.py for tasks to queue
[2024-06-04T23:57:30.840+0000] {logging_mixin.py:188} INFO - [2024-06-04T23:57:30.839+0000] {dagbag.py:545} INFO - Filling up the DagBag from /home/airflow/.local/lib/python3.12/site-packages/airflow/example_dags/example_external_task_marker_dag.py
[2024-06-04T23:57:30.855+0000] {processor.py:840} INFO - DAG(s) 'example_external_task_marker_child', 'example_external_task_marker_parent' retrieved from /home/airflow/.local/lib/python3.12/site-packages/airflow/example_dags/example_external_task_marker_dag.py
[2024-06-04T23:57:30.917+0000] {logging_mixin.py:188} INFO - [2024-06-04T23:57:30.917+0000] {dag.py:3096} INFO - Sync 2 DAGs
[2024-06-04T23:57:30.955+0000] {logging_mixin.py:188} INFO - [2024-06-04T23:57:30.954+0000] {dag.py:3954} INFO - Setting next_dagrun for example_external_task_marker_child to None, run_after=None
[2024-06-04T23:57:30.965+0000] {logging_mixin.py:188} INFO - [2024-06-04T23:57:30.964+0000] {dag.py:3954} INFO - Setting next_dagrun for example_external_task_marker_parent to None, run_after=None
[2024-06-04T23:57:31.019+0000] {processor.py:183} INFO - Processing /home/airflow/.local/lib/python3.12/site-packages/airflow/example_dags/example_external_task_marker_dag.py took 0.200 seconds
[2024-06-04T23:58:01.588+0000] {processor.py:161} INFO - Started process (PID=176720) to work on /home/airflow/.local/lib/python3.12/site-packages/airflow/example_dags/example_external_task_marker_dag.py
[2024-06-04T23:58:01.590+0000] {processor.py:830} INFO - Processing file /home/airflow/.local/lib/python3.12/site-packages/airflow/example_dags/example_external_task_marker_dag.py for tasks to queue
[2024-06-04T23:58:01.595+0000] {logging_mixin.py:188} INFO - [2024-06-04T23:58:01.593+0000] {dagbag.py:545} INFO - Filling up the DagBag from /home/airflow/.local/lib/python3.12/site-packages/airflow/example_dags/example_external_task_marker_dag.py
[2024-06-04T23:58:01.610+0000] {processor.py:840} INFO - DAG(s) 'example_external_task_marker_child', 'example_external_task_marker_parent' retrieved from /home/airflow/.local/lib/python3.12/site-packages/airflow/example_dags/example_external_task_marker_dag.py
[2024-06-04T23:58:01.671+0000] {logging_mixin.py:188} INFO - [2024-06-04T23:58:01.670+0000] {dag.py:3096} INFO - Sync 2 DAGs
[2024-06-04T23:58:01.713+0000] {logging_mixin.py:188} INFO - [2024-06-04T23:58:01.712+0000] {dag.py:3954} INFO - Setting next_dagrun for example_external_task_marker_child to None, run_after=None
[2024-06-04T23:58:01.723+0000] {logging_mixin.py:188} INFO - [2024-06-04T23:58:01.723+0000] {dag.py:3954} INFO - Setting next_dagrun for example_external_task_marker_parent to None, run_after=None
[2024-06-04T23:58:01.785+0000] {processor.py:183} INFO - Processing /home/airflow/.local/lib/python3.12/site-packages/airflow/example_dags/example_external_task_marker_dag.py took 0.212 seconds
[2024-06-04T23:58:32.288+0000] {processor.py:161} INFO - Started process (PID=176981) to work on /home/airflow/.local/lib/python3.12/site-packages/airflow/example_dags/example_external_task_marker_dag.py
[2024-06-04T23:58:32.303+0000] {processor.py:830} INFO - Processing file /home/airflow/.local/lib/python3.12/site-packages/airflow/example_dags/example_external_task_marker_dag.py for tasks to queue
[2024-06-04T23:58:32.307+0000] {logging_mixin.py:188} INFO - [2024-06-04T23:58:32.306+0000] {dagbag.py:545} INFO - Filling up the DagBag from /home/airflow/.local/lib/python3.12/site-packages/airflow/example_dags/example_external_task_marker_dag.py
[2024-06-04T23:58:32.321+0000] {processor.py:840} INFO - DAG(s) 'example_external_task_marker_child', 'example_external_task_marker_parent' retrieved from /home/airflow/.local/lib/python3.12/site-packages/airflow/example_dags/example_external_task_marker_dag.py
[2024-06-04T23:58:32.383+0000] {logging_mixin.py:188} INFO - [2024-06-04T23:58:32.382+0000] {dag.py:3096} INFO - Sync 2 DAGs
[2024-06-04T23:58:32.445+0000] {logging_mixin.py:188} INFO - [2024-06-04T23:58:32.435+0000] {dag.py:3954} INFO - Setting next_dagrun for example_external_task_marker_child to None, run_after=None
[2024-06-04T23:58:32.471+0000] {logging_mixin.py:188} INFO - [2024-06-04T23:58:32.470+0000] {dag.py:3954} INFO - Setting next_dagrun for example_external_task_marker_parent to None, run_after=None
[2024-06-04T23:58:32.589+0000] {processor.py:183} INFO - Processing /home/airflow/.local/lib/python3.12/site-packages/airflow/example_dags/example_external_task_marker_dag.py took 0.317 seconds
[2024-06-04T23:59:02.810+0000] {processor.py:161} INFO - Started process (PID=177242) to work on /home/airflow/.local/lib/python3.12/site-packages/airflow/example_dags/example_external_task_marker_dag.py
[2024-06-04T23:59:02.812+0000] {processor.py:830} INFO - Processing file /home/airflow/.local/lib/python3.12/site-packages/airflow/example_dags/example_external_task_marker_dag.py for tasks to queue
[2024-06-04T23:59:02.816+0000] {logging_mixin.py:188} INFO - [2024-06-04T23:59:02.815+0000] {dagbag.py:545} INFO - Filling up the DagBag from /home/airflow/.local/lib/python3.12/site-packages/airflow/example_dags/example_external_task_marker_dag.py
[2024-06-04T23:59:02.829+0000] {processor.py:840} INFO - DAG(s) 'example_external_task_marker_parent', 'example_external_task_marker_child' retrieved from /home/airflow/.local/lib/python3.12/site-packages/airflow/example_dags/example_external_task_marker_dag.py
[2024-06-04T23:59:02.919+0000] {logging_mixin.py:188} INFO - [2024-06-04T23:59:02.919+0000] {dag.py:3096} INFO - Sync 2 DAGs
[2024-06-04T23:59:03.024+0000] {logging_mixin.py:188} INFO - [2024-06-04T23:59:03.023+0000] {dag.py:3954} INFO - Setting next_dagrun for example_external_task_marker_child to None, run_after=None
[2024-06-04T23:59:03.073+0000] {logging_mixin.py:188} INFO - [2024-06-04T23:59:03.072+0000] {dag.py:3954} INFO - Setting next_dagrun for example_external_task_marker_parent to None, run_after=None
[2024-06-04T23:59:03.160+0000] {processor.py:183} INFO - Processing /home/airflow/.local/lib/python3.12/site-packages/airflow/example_dags/example_external_task_marker_dag.py took 0.365 seconds
[2024-06-04T23:59:33.395+0000] {processor.py:161} INFO - Started process (PID=177502) to work on /home/airflow/.local/lib/python3.12/site-packages/airflow/example_dags/example_external_task_marker_dag.py
[2024-06-04T23:59:33.410+0000] {processor.py:830} INFO - Processing file /home/airflow/.local/lib/python3.12/site-packages/airflow/example_dags/example_external_task_marker_dag.py for tasks to queue
[2024-06-04T23:59:33.414+0000] {logging_mixin.py:188} INFO - [2024-06-04T23:59:33.414+0000] {dagbag.py:545} INFO - Filling up the DagBag from /home/airflow/.local/lib/python3.12/site-packages/airflow/example_dags/example_external_task_marker_dag.py
[2024-06-04T23:59:33.428+0000] {processor.py:840} INFO - DAG(s) 'example_external_task_marker_parent', 'example_external_task_marker_child' retrieved from /home/airflow/.local/lib/python3.12/site-packages/airflow/example_dags/example_external_task_marker_dag.py
[2024-06-04T23:59:33.480+0000] {logging_mixin.py:188} INFO - [2024-06-04T23:59:33.479+0000] {dag.py:3096} INFO - Sync 2 DAGs
[2024-06-04T23:59:33.507+0000] {logging_mixin.py:188} INFO - [2024-06-04T23:59:33.507+0000] {dag.py:3954} INFO - Setting next_dagrun for example_external_task_marker_child to None, run_after=None
[2024-06-04T23:59:33.516+0000] {logging_mixin.py:188} INFO - [2024-06-04T23:59:33.516+0000] {dag.py:3954} INFO - Setting next_dagrun for example_external_task_marker_parent to None, run_after=None
[2024-06-04T23:59:33.563+0000] {processor.py:183} INFO - Processing /home/airflow/.local/lib/python3.12/site-packages/airflow/example_dags/example_external_task_marker_dag.py took 0.179 seconds
