[2024-06-04T23:44:11.413+0000] {processor.py:161} INFO - Started process (PID=169687) to work on /home/airflow/.local/lib/python3.12/site-packages/airflow/example_dags/example_latest_only_with_trigger.py
[2024-06-04T23:44:11.453+0000] {processor.py:830} INFO - Processing file /home/airflow/.local/lib/python3.12/site-packages/airflow/example_dags/example_latest_only_with_trigger.py for tasks to queue
[2024-06-04T23:44:11.480+0000] {logging_mixin.py:188} INFO - [2024-06-04T23:44:11.479+0000] {dagbag.py:545} INFO - Filling up the DagBag from /home/airflow/.local/lib/python3.12/site-packages/airflow/example_dags/example_latest_only_with_trigger.py
[2024-06-04T23:44:11.511+0000] {processor.py:840} INFO - DAG(s) 'latest_only_with_trigger' retrieved from /home/airflow/.local/lib/python3.12/site-packages/airflow/example_dags/example_latest_only_with_trigger.py
[2024-06-04T23:44:11.669+0000] {logging_mixin.py:188} INFO - [2024-06-04T23:44:11.669+0000] {dag.py:3096} INFO - Sync 1 DAGs
[2024-06-04T23:44:11.788+0000] {logging_mixin.py:188} INFO - [2024-06-04T23:44:11.787+0000] {dag.py:3954} INFO - Setting next_dagrun for latest_only_with_trigger to 2024-06-04 16:00:00+00:00, run_after=2024-06-04 20:00:00+00:00
[2024-06-04T23:44:12.576+0000] {processor.py:183} INFO - Processing /home/airflow/.local/lib/python3.12/site-packages/airflow/example_dags/example_latest_only_with_trigger.py took 1.209 seconds
[2024-06-04T23:44:42.968+0000] {processor.py:161} INFO - Started process (PID=169949) to work on /home/airflow/.local/lib/python3.12/site-packages/airflow/example_dags/example_latest_only_with_trigger.py
[2024-06-04T23:44:42.972+0000] {processor.py:830} INFO - Processing file /home/airflow/.local/lib/python3.12/site-packages/airflow/example_dags/example_latest_only_with_trigger.py for tasks to queue
[2024-06-04T23:44:42.981+0000] {logging_mixin.py:188} INFO - [2024-06-04T23:44:42.980+0000] {dagbag.py:545} INFO - Filling up the DagBag from /home/airflow/.local/lib/python3.12/site-packages/airflow/example_dags/example_latest_only_with_trigger.py
[2024-06-04T23:44:42.992+0000] {processor.py:840} INFO - DAG(s) 'latest_only_with_trigger' retrieved from /home/airflow/.local/lib/python3.12/site-packages/airflow/example_dags/example_latest_only_with_trigger.py
[2024-06-04T23:44:43.139+0000] {logging_mixin.py:188} INFO - [2024-06-04T23:44:43.138+0000] {dag.py:3096} INFO - Sync 1 DAGs
[2024-06-04T23:44:43.300+0000] {logging_mixin.py:188} INFO - [2024-06-04T23:44:43.300+0000] {dag.py:3954} INFO - Setting next_dagrun for latest_only_with_trigger to 2024-06-04 16:00:00+00:00, run_after=2024-06-04 20:00:00+00:00
[2024-06-04T23:44:43.607+0000] {processor.py:183} INFO - Processing /home/airflow/.local/lib/python3.12/site-packages/airflow/example_dags/example_latest_only_with_trigger.py took 0.660 seconds
[2024-06-04T23:45:14.169+0000] {processor.py:161} INFO - Started process (PID=170211) to work on /home/airflow/.local/lib/python3.12/site-packages/airflow/example_dags/example_latest_only_with_trigger.py
[2024-06-04T23:45:14.171+0000] {processor.py:830} INFO - Processing file /home/airflow/.local/lib/python3.12/site-packages/airflow/example_dags/example_latest_only_with_trigger.py for tasks to queue
[2024-06-04T23:45:14.175+0000] {logging_mixin.py:188} INFO - [2024-06-04T23:45:14.174+0000] {dagbag.py:545} INFO - Filling up the DagBag from /home/airflow/.local/lib/python3.12/site-packages/airflow/example_dags/example_latest_only_with_trigger.py
[2024-06-04T23:45:14.185+0000] {processor.py:840} INFO - DAG(s) 'latest_only_with_trigger' retrieved from /home/airflow/.local/lib/python3.12/site-packages/airflow/example_dags/example_latest_only_with_trigger.py
[2024-06-04T23:45:14.238+0000] {logging_mixin.py:188} INFO - [2024-06-04T23:45:14.237+0000] {dag.py:3096} INFO - Sync 1 DAGs
[2024-06-04T23:45:14.299+0000] {logging_mixin.py:188} INFO - [2024-06-04T23:45:14.298+0000] {dag.py:3954} INFO - Setting next_dagrun for latest_only_with_trigger to 2024-06-04 16:00:00+00:00, run_after=2024-06-04 20:00:00+00:00
[2024-06-04T23:45:14.401+0000] {processor.py:183} INFO - Processing /home/airflow/.local/lib/python3.12/site-packages/airflow/example_dags/example_latest_only_with_trigger.py took 0.249 seconds
[2024-06-04T23:45:45.128+0000] {processor.py:161} INFO - Started process (PID=170473) to work on /home/airflow/.local/lib/python3.12/site-packages/airflow/example_dags/example_latest_only_with_trigger.py
[2024-06-04T23:45:45.132+0000] {processor.py:830} INFO - Processing file /home/airflow/.local/lib/python3.12/site-packages/airflow/example_dags/example_latest_only_with_trigger.py for tasks to queue
[2024-06-04T23:45:45.135+0000] {logging_mixin.py:188} INFO - [2024-06-04T23:45:45.134+0000] {dagbag.py:545} INFO - Filling up the DagBag from /home/airflow/.local/lib/python3.12/site-packages/airflow/example_dags/example_latest_only_with_trigger.py
[2024-06-04T23:45:45.169+0000] {processor.py:840} INFO - DAG(s) 'latest_only_with_trigger' retrieved from /home/airflow/.local/lib/python3.12/site-packages/airflow/example_dags/example_latest_only_with_trigger.py
[2024-06-04T23:45:45.293+0000] {logging_mixin.py:188} INFO - [2024-06-04T23:45:45.293+0000] {dag.py:3096} INFO - Sync 1 DAGs
[2024-06-04T23:45:45.420+0000] {logging_mixin.py:188} INFO - [2024-06-04T23:45:45.420+0000] {dag.py:3954} INFO - Setting next_dagrun for latest_only_with_trigger to 2024-06-04 16:00:00+00:00, run_after=2024-06-04 20:00:00+00:00
[2024-06-04T23:45:45.549+0000] {processor.py:183} INFO - Processing /home/airflow/.local/lib/python3.12/site-packages/airflow/example_dags/example_latest_only_with_trigger.py took 0.460 seconds
[2024-06-04T23:46:16.444+0000] {processor.py:161} INFO - Started process (PID=170735) to work on /home/airflow/.local/lib/python3.12/site-packages/airflow/example_dags/example_latest_only_with_trigger.py
[2024-06-04T23:46:16.450+0000] {processor.py:830} INFO - Processing file /home/airflow/.local/lib/python3.12/site-packages/airflow/example_dags/example_latest_only_with_trigger.py for tasks to queue
[2024-06-04T23:46:16.453+0000] {logging_mixin.py:188} INFO - [2024-06-04T23:46:16.453+0000] {dagbag.py:545} INFO - Filling up the DagBag from /home/airflow/.local/lib/python3.12/site-packages/airflow/example_dags/example_latest_only_with_trigger.py
[2024-06-04T23:46:16.481+0000] {processor.py:840} INFO - DAG(s) 'latest_only_with_trigger' retrieved from /home/airflow/.local/lib/python3.12/site-packages/airflow/example_dags/example_latest_only_with_trigger.py
[2024-06-04T23:46:16.536+0000] {logging_mixin.py:188} INFO - [2024-06-04T23:46:16.536+0000] {dag.py:3096} INFO - Sync 1 DAGs
[2024-06-04T23:46:16.589+0000] {logging_mixin.py:188} INFO - [2024-06-04T23:46:16.588+0000] {dag.py:3954} INFO - Setting next_dagrun for latest_only_with_trigger to 2024-06-04 16:00:00+00:00, run_after=2024-06-04 20:00:00+00:00
[2024-06-04T23:46:16.637+0000] {processor.py:183} INFO - Processing /home/airflow/.local/lib/python3.12/site-packages/airflow/example_dags/example_latest_only_with_trigger.py took 0.217 seconds
[2024-06-04T23:46:47.147+0000] {processor.py:161} INFO - Started process (PID=170997) to work on /home/airflow/.local/lib/python3.12/site-packages/airflow/example_dags/example_latest_only_with_trigger.py
[2024-06-04T23:46:47.149+0000] {processor.py:830} INFO - Processing file /home/airflow/.local/lib/python3.12/site-packages/airflow/example_dags/example_latest_only_with_trigger.py for tasks to queue
[2024-06-04T23:46:47.152+0000] {logging_mixin.py:188} INFO - [2024-06-04T23:46:47.151+0000] {dagbag.py:545} INFO - Filling up the DagBag from /home/airflow/.local/lib/python3.12/site-packages/airflow/example_dags/example_latest_only_with_trigger.py
[2024-06-04T23:46:47.165+0000] {processor.py:840} INFO - DAG(s) 'latest_only_with_trigger' retrieved from /home/airflow/.local/lib/python3.12/site-packages/airflow/example_dags/example_latest_only_with_trigger.py
[2024-06-04T23:46:47.216+0000] {logging_mixin.py:188} INFO - [2024-06-04T23:46:47.215+0000] {dag.py:3096} INFO - Sync 1 DAGs
[2024-06-04T23:46:47.272+0000] {logging_mixin.py:188} INFO - [2024-06-04T23:46:47.272+0000] {dag.py:3954} INFO - Setting next_dagrun for latest_only_with_trigger to 2024-06-04 16:00:00+00:00, run_after=2024-06-04 20:00:00+00:00
[2024-06-04T23:46:47.318+0000] {processor.py:183} INFO - Processing /home/airflow/.local/lib/python3.12/site-packages/airflow/example_dags/example_latest_only_with_trigger.py took 0.186 seconds
[2024-06-04T23:47:18.267+0000] {processor.py:161} INFO - Started process (PID=171258) to work on /home/airflow/.local/lib/python3.12/site-packages/airflow/example_dags/example_latest_only_with_trigger.py
[2024-06-04T23:47:18.270+0000] {processor.py:830} INFO - Processing file /home/airflow/.local/lib/python3.12/site-packages/airflow/example_dags/example_latest_only_with_trigger.py for tasks to queue
[2024-06-04T23:47:18.276+0000] {logging_mixin.py:188} INFO - [2024-06-04T23:47:18.274+0000] {dagbag.py:545} INFO - Filling up the DagBag from /home/airflow/.local/lib/python3.12/site-packages/airflow/example_dags/example_latest_only_with_trigger.py
[2024-06-04T23:47:18.319+0000] {processor.py:840} INFO - DAG(s) 'latest_only_with_trigger' retrieved from /home/airflow/.local/lib/python3.12/site-packages/airflow/example_dags/example_latest_only_with_trigger.py
[2024-06-04T23:47:18.537+0000] {logging_mixin.py:188} INFO - [2024-06-04T23:47:18.536+0000] {dag.py:3096} INFO - Sync 1 DAGs
[2024-06-04T23:47:18.634+0000] {logging_mixin.py:188} INFO - [2024-06-04T23:47:18.631+0000] {dag.py:3954} INFO - Setting next_dagrun for latest_only_with_trigger to 2024-06-04 16:00:00+00:00, run_after=2024-06-04 20:00:00+00:00
[2024-06-04T23:47:18.716+0000] {processor.py:183} INFO - Processing /home/airflow/.local/lib/python3.12/site-packages/airflow/example_dags/example_latest_only_with_trigger.py took 0.482 seconds
[2024-06-04T23:47:49.094+0000] {processor.py:161} INFO - Started process (PID=171527) to work on /home/airflow/.local/lib/python3.12/site-packages/airflow/example_dags/example_latest_only_with_trigger.py
[2024-06-04T23:47:49.096+0000] {processor.py:830} INFO - Processing file /home/airflow/.local/lib/python3.12/site-packages/airflow/example_dags/example_latest_only_with_trigger.py for tasks to queue
[2024-06-04T23:47:49.100+0000] {logging_mixin.py:188} INFO - [2024-06-04T23:47:49.099+0000] {dagbag.py:545} INFO - Filling up the DagBag from /home/airflow/.local/lib/python3.12/site-packages/airflow/example_dags/example_latest_only_with_trigger.py
[2024-06-04T23:47:49.111+0000] {processor.py:840} INFO - DAG(s) 'latest_only_with_trigger' retrieved from /home/airflow/.local/lib/python3.12/site-packages/airflow/example_dags/example_latest_only_with_trigger.py
[2024-06-04T23:47:49.153+0000] {logging_mixin.py:188} INFO - [2024-06-04T23:47:49.153+0000] {dag.py:3096} INFO - Sync 1 DAGs
[2024-06-04T23:47:49.203+0000] {logging_mixin.py:188} INFO - [2024-06-04T23:47:49.203+0000] {dag.py:3954} INFO - Setting next_dagrun for latest_only_with_trigger to 2024-06-04 16:00:00+00:00, run_after=2024-06-04 20:00:00+00:00
[2024-06-04T23:47:49.276+0000] {processor.py:183} INFO - Processing /home/airflow/.local/lib/python3.12/site-packages/airflow/example_dags/example_latest_only_with_trigger.py took 0.193 seconds
[2024-06-04T23:48:19.990+0000] {processor.py:161} INFO - Started process (PID=171789) to work on /home/airflow/.local/lib/python3.12/site-packages/airflow/example_dags/example_latest_only_with_trigger.py
[2024-06-04T23:48:19.992+0000] {processor.py:830} INFO - Processing file /home/airflow/.local/lib/python3.12/site-packages/airflow/example_dags/example_latest_only_with_trigger.py for tasks to queue
[2024-06-04T23:48:20.005+0000] {logging_mixin.py:188} INFO - [2024-06-04T23:48:20.005+0000] {dagbag.py:545} INFO - Filling up the DagBag from /home/airflow/.local/lib/python3.12/site-packages/airflow/example_dags/example_latest_only_with_trigger.py
[2024-06-04T23:48:20.029+0000] {processor.py:840} INFO - DAG(s) 'latest_only_with_trigger' retrieved from /home/airflow/.local/lib/python3.12/site-packages/airflow/example_dags/example_latest_only_with_trigger.py
[2024-06-04T23:48:20.094+0000] {logging_mixin.py:188} INFO - [2024-06-04T23:48:20.093+0000] {dag.py:3096} INFO - Sync 1 DAGs
[2024-06-04T23:48:20.146+0000] {logging_mixin.py:188} INFO - [2024-06-04T23:48:20.145+0000] {dag.py:3954} INFO - Setting next_dagrun for latest_only_with_trigger to 2024-06-04 16:00:00+00:00, run_after=2024-06-04 20:00:00+00:00
[2024-06-04T23:48:20.193+0000] {processor.py:183} INFO - Processing /home/airflow/.local/lib/python3.12/site-packages/airflow/example_dags/example_latest_only_with_trigger.py took 0.219 seconds
[2024-06-04T23:48:50.433+0000] {processor.py:161} INFO - Started process (PID=172049) to work on /home/airflow/.local/lib/python3.12/site-packages/airflow/example_dags/example_latest_only_with_trigger.py
[2024-06-04T23:48:50.435+0000] {processor.py:830} INFO - Processing file /home/airflow/.local/lib/python3.12/site-packages/airflow/example_dags/example_latest_only_with_trigger.py for tasks to queue
[2024-06-04T23:48:50.441+0000] {logging_mixin.py:188} INFO - [2024-06-04T23:48:50.439+0000] {dagbag.py:545} INFO - Filling up the DagBag from /home/airflow/.local/lib/python3.12/site-packages/airflow/example_dags/example_latest_only_with_trigger.py
[2024-06-04T23:48:50.455+0000] {processor.py:840} INFO - DAG(s) 'latest_only_with_trigger' retrieved from /home/airflow/.local/lib/python3.12/site-packages/airflow/example_dags/example_latest_only_with_trigger.py
[2024-06-04T23:48:50.511+0000] {logging_mixin.py:188} INFO - [2024-06-04T23:48:50.511+0000] {dag.py:3096} INFO - Sync 1 DAGs
[2024-06-04T23:48:50.564+0000] {logging_mixin.py:188} INFO - [2024-06-04T23:48:50.563+0000] {dag.py:3954} INFO - Setting next_dagrun for latest_only_with_trigger to 2024-06-04 16:00:00+00:00, run_after=2024-06-04 20:00:00+00:00
[2024-06-04T23:48:50.609+0000] {processor.py:183} INFO - Processing /home/airflow/.local/lib/python3.12/site-packages/airflow/example_dags/example_latest_only_with_trigger.py took 0.191 seconds
[2024-06-04T23:49:21.163+0000] {processor.py:161} INFO - Started process (PID=172310) to work on /home/airflow/.local/lib/python3.12/site-packages/airflow/example_dags/example_latest_only_with_trigger.py
[2024-06-04T23:49:21.165+0000] {processor.py:830} INFO - Processing file /home/airflow/.local/lib/python3.12/site-packages/airflow/example_dags/example_latest_only_with_trigger.py for tasks to queue
[2024-06-04T23:49:21.169+0000] {logging_mixin.py:188} INFO - [2024-06-04T23:49:21.168+0000] {dagbag.py:545} INFO - Filling up the DagBag from /home/airflow/.local/lib/python3.12/site-packages/airflow/example_dags/example_latest_only_with_trigger.py
[2024-06-04T23:49:21.182+0000] {processor.py:840} INFO - DAG(s) 'latest_only_with_trigger' retrieved from /home/airflow/.local/lib/python3.12/site-packages/airflow/example_dags/example_latest_only_with_trigger.py
[2024-06-04T23:49:21.233+0000] {logging_mixin.py:188} INFO - [2024-06-04T23:49:21.233+0000] {dag.py:3096} INFO - Sync 1 DAGs
[2024-06-04T23:49:21.288+0000] {logging_mixin.py:188} INFO - [2024-06-04T23:49:21.287+0000] {dag.py:3954} INFO - Setting next_dagrun for latest_only_with_trigger to 2024-06-04 16:00:00+00:00, run_after=2024-06-04 20:00:00+00:00
[2024-06-04T23:49:21.341+0000] {processor.py:183} INFO - Processing /home/airflow/.local/lib/python3.12/site-packages/airflow/example_dags/example_latest_only_with_trigger.py took 0.193 seconds
[2024-06-04T23:49:52.039+0000] {processor.py:161} INFO - Started process (PID=172572) to work on /home/airflow/.local/lib/python3.12/site-packages/airflow/example_dags/example_latest_only_with_trigger.py
[2024-06-04T23:49:52.042+0000] {processor.py:830} INFO - Processing file /home/airflow/.local/lib/python3.12/site-packages/airflow/example_dags/example_latest_only_with_trigger.py for tasks to queue
[2024-06-04T23:49:52.047+0000] {logging_mixin.py:188} INFO - [2024-06-04T23:49:52.046+0000] {dagbag.py:545} INFO - Filling up the DagBag from /home/airflow/.local/lib/python3.12/site-packages/airflow/example_dags/example_latest_only_with_trigger.py
[2024-06-04T23:49:52.059+0000] {processor.py:840} INFO - DAG(s) 'latest_only_with_trigger' retrieved from /home/airflow/.local/lib/python3.12/site-packages/airflow/example_dags/example_latest_only_with_trigger.py
[2024-06-04T23:49:52.106+0000] {logging_mixin.py:188} INFO - [2024-06-04T23:49:52.105+0000] {dag.py:3096} INFO - Sync 1 DAGs
[2024-06-04T23:49:52.159+0000] {logging_mixin.py:188} INFO - [2024-06-04T23:49:52.159+0000] {dag.py:3954} INFO - Setting next_dagrun for latest_only_with_trigger to 2024-06-04 16:00:00+00:00, run_after=2024-06-04 20:00:00+00:00
[2024-06-04T23:49:52.202+0000] {processor.py:183} INFO - Processing /home/airflow/.local/lib/python3.12/site-packages/airflow/example_dags/example_latest_only_with_trigger.py took 0.177 seconds
[2024-06-04T23:50:22.921+0000] {processor.py:161} INFO - Started process (PID=172834) to work on /home/airflow/.local/lib/python3.12/site-packages/airflow/example_dags/example_latest_only_with_trigger.py
[2024-06-04T23:50:22.926+0000] {processor.py:830} INFO - Processing file /home/airflow/.local/lib/python3.12/site-packages/airflow/example_dags/example_latest_only_with_trigger.py for tasks to queue
[2024-06-04T23:50:22.934+0000] {logging_mixin.py:188} INFO - [2024-06-04T23:50:22.933+0000] {dagbag.py:545} INFO - Filling up the DagBag from /home/airflow/.local/lib/python3.12/site-packages/airflow/example_dags/example_latest_only_with_trigger.py
[2024-06-04T23:50:22.957+0000] {processor.py:840} INFO - DAG(s) 'latest_only_with_trigger' retrieved from /home/airflow/.local/lib/python3.12/site-packages/airflow/example_dags/example_latest_only_with_trigger.py
[2024-06-04T23:50:23.044+0000] {logging_mixin.py:188} INFO - [2024-06-04T23:50:23.043+0000] {dag.py:3096} INFO - Sync 1 DAGs
[2024-06-04T23:50:23.170+0000] {logging_mixin.py:188} INFO - [2024-06-04T23:50:23.170+0000] {dag.py:3954} INFO - Setting next_dagrun for latest_only_with_trigger to 2024-06-04 16:00:00+00:00, run_after=2024-06-04 20:00:00+00:00
[2024-06-04T23:50:23.304+0000] {processor.py:183} INFO - Processing /home/airflow/.local/lib/python3.12/site-packages/airflow/example_dags/example_latest_only_with_trigger.py took 0.415 seconds
[2024-06-04T23:50:53.546+0000] {processor.py:161} INFO - Started process (PID=173096) to work on /home/airflow/.local/lib/python3.12/site-packages/airflow/example_dags/example_latest_only_with_trigger.py
[2024-06-04T23:50:53.548+0000] {processor.py:830} INFO - Processing file /home/airflow/.local/lib/python3.12/site-packages/airflow/example_dags/example_latest_only_with_trigger.py for tasks to queue
[2024-06-04T23:50:53.552+0000] {logging_mixin.py:188} INFO - [2024-06-04T23:50:53.552+0000] {dagbag.py:545} INFO - Filling up the DagBag from /home/airflow/.local/lib/python3.12/site-packages/airflow/example_dags/example_latest_only_with_trigger.py
[2024-06-04T23:50:53.565+0000] {processor.py:840} INFO - DAG(s) 'latest_only_with_trigger' retrieved from /home/airflow/.local/lib/python3.12/site-packages/airflow/example_dags/example_latest_only_with_trigger.py
[2024-06-04T23:50:53.615+0000] {logging_mixin.py:188} INFO - [2024-06-04T23:50:53.614+0000] {dag.py:3096} INFO - Sync 1 DAGs
[2024-06-04T23:50:53.672+0000] {logging_mixin.py:188} INFO - [2024-06-04T23:50:53.671+0000] {dag.py:3954} INFO - Setting next_dagrun for latest_only_with_trigger to 2024-06-04 16:00:00+00:00, run_after=2024-06-04 20:00:00+00:00
[2024-06-04T23:50:53.716+0000] {processor.py:183} INFO - Processing /home/airflow/.local/lib/python3.12/site-packages/airflow/example_dags/example_latest_only_with_trigger.py took 0.185 seconds
[2024-06-04T23:51:24.893+0000] {processor.py:161} INFO - Started process (PID=173361) to work on /home/airflow/.local/lib/python3.12/site-packages/airflow/example_dags/example_latest_only_with_trigger.py
[2024-06-04T23:51:24.895+0000] {processor.py:830} INFO - Processing file /home/airflow/.local/lib/python3.12/site-packages/airflow/example_dags/example_latest_only_with_trigger.py for tasks to queue
[2024-06-04T23:51:24.899+0000] {logging_mixin.py:188} INFO - [2024-06-04T23:51:24.898+0000] {dagbag.py:545} INFO - Filling up the DagBag from /home/airflow/.local/lib/python3.12/site-packages/airflow/example_dags/example_latest_only_with_trigger.py
[2024-06-04T23:51:24.911+0000] {processor.py:840} INFO - DAG(s) 'latest_only_with_trigger' retrieved from /home/airflow/.local/lib/python3.12/site-packages/airflow/example_dags/example_latest_only_with_trigger.py
[2024-06-04T23:51:24.957+0000] {logging_mixin.py:188} INFO - [2024-06-04T23:51:24.956+0000] {dag.py:3096} INFO - Sync 1 DAGs
[2024-06-04T23:51:25.004+0000] {logging_mixin.py:188} INFO - [2024-06-04T23:51:25.004+0000] {dag.py:3954} INFO - Setting next_dagrun for latest_only_with_trigger to 2024-06-04 16:00:00+00:00, run_after=2024-06-04 20:00:00+00:00
[2024-06-04T23:51:25.067+0000] {processor.py:183} INFO - Processing /home/airflow/.local/lib/python3.12/site-packages/airflow/example_dags/example_latest_only_with_trigger.py took 0.186 seconds
[2024-06-04T23:51:55.321+0000] {processor.py:161} INFO - Started process (PID=173620) to work on /home/airflow/.local/lib/python3.12/site-packages/airflow/example_dags/example_latest_only_with_trigger.py
[2024-06-04T23:51:55.323+0000] {processor.py:830} INFO - Processing file /home/airflow/.local/lib/python3.12/site-packages/airflow/example_dags/example_latest_only_with_trigger.py for tasks to queue
[2024-06-04T23:51:55.326+0000] {logging_mixin.py:188} INFO - [2024-06-04T23:51:55.325+0000] {dagbag.py:545} INFO - Filling up the DagBag from /home/airflow/.local/lib/python3.12/site-packages/airflow/example_dags/example_latest_only_with_trigger.py
[2024-06-04T23:51:55.336+0000] {processor.py:840} INFO - DAG(s) 'latest_only_with_trigger' retrieved from /home/airflow/.local/lib/python3.12/site-packages/airflow/example_dags/example_latest_only_with_trigger.py
[2024-06-04T23:51:55.378+0000] {logging_mixin.py:188} INFO - [2024-06-04T23:51:55.377+0000] {dag.py:3096} INFO - Sync 1 DAGs
[2024-06-04T23:51:55.421+0000] {logging_mixin.py:188} INFO - [2024-06-04T23:51:55.421+0000] {dag.py:3954} INFO - Setting next_dagrun for latest_only_with_trigger to 2024-06-04 16:00:00+00:00, run_after=2024-06-04 20:00:00+00:00
[2024-06-04T23:51:55.468+0000] {processor.py:183} INFO - Processing /home/airflow/.local/lib/python3.12/site-packages/airflow/example_dags/example_latest_only_with_trigger.py took 0.160 seconds
[2024-06-04T23:52:26.734+0000] {processor.py:161} INFO - Started process (PID=173884) to work on /home/airflow/.local/lib/python3.12/site-packages/airflow/example_dags/example_latest_only_with_trigger.py
[2024-06-04T23:52:26.736+0000] {processor.py:830} INFO - Processing file /home/airflow/.local/lib/python3.12/site-packages/airflow/example_dags/example_latest_only_with_trigger.py for tasks to queue
[2024-06-04T23:52:26.740+0000] {logging_mixin.py:188} INFO - [2024-06-04T23:52:26.739+0000] {dagbag.py:545} INFO - Filling up the DagBag from /home/airflow/.local/lib/python3.12/site-packages/airflow/example_dags/example_latest_only_with_trigger.py
[2024-06-04T23:52:26.751+0000] {processor.py:840} INFO - DAG(s) 'latest_only_with_trigger' retrieved from /home/airflow/.local/lib/python3.12/site-packages/airflow/example_dags/example_latest_only_with_trigger.py
[2024-06-04T23:52:26.798+0000] {logging_mixin.py:188} INFO - [2024-06-04T23:52:26.798+0000] {dag.py:3096} INFO - Sync 1 DAGs
[2024-06-04T23:52:26.849+0000] {logging_mixin.py:188} INFO - [2024-06-04T23:52:26.849+0000] {dag.py:3954} INFO - Setting next_dagrun for latest_only_with_trigger to 2024-06-04 16:00:00+00:00, run_after=2024-06-04 20:00:00+00:00
[2024-06-04T23:52:26.894+0000] {processor.py:183} INFO - Processing /home/airflow/.local/lib/python3.12/site-packages/airflow/example_dags/example_latest_only_with_trigger.py took 0.172 seconds
[2024-06-04T23:52:57.005+0000] {processor.py:161} INFO - Started process (PID=174144) to work on /home/airflow/.local/lib/python3.12/site-packages/airflow/example_dags/example_latest_only_with_trigger.py
[2024-06-04T23:52:57.006+0000] {processor.py:830} INFO - Processing file /home/airflow/.local/lib/python3.12/site-packages/airflow/example_dags/example_latest_only_with_trigger.py for tasks to queue
[2024-06-04T23:52:57.010+0000] {logging_mixin.py:188} INFO - [2024-06-04T23:52:57.009+0000] {dagbag.py:545} INFO - Filling up the DagBag from /home/airflow/.local/lib/python3.12/site-packages/airflow/example_dags/example_latest_only_with_trigger.py
[2024-06-04T23:52:57.020+0000] {processor.py:840} INFO - DAG(s) 'latest_only_with_trigger' retrieved from /home/airflow/.local/lib/python3.12/site-packages/airflow/example_dags/example_latest_only_with_trigger.py
[2024-06-04T23:52:57.059+0000] {logging_mixin.py:188} INFO - [2024-06-04T23:52:57.058+0000] {dag.py:3096} INFO - Sync 1 DAGs
[2024-06-04T23:52:57.104+0000] {logging_mixin.py:188} INFO - [2024-06-04T23:52:57.104+0000] {dag.py:3954} INFO - Setting next_dagrun for latest_only_with_trigger to 2024-06-04 16:00:00+00:00, run_after=2024-06-04 20:00:00+00:00
[2024-06-04T23:52:57.214+0000] {processor.py:183} INFO - Processing /home/airflow/.local/lib/python3.12/site-packages/airflow/example_dags/example_latest_only_with_trigger.py took 0.222 seconds
[2024-06-04T23:53:28.386+0000] {processor.py:161} INFO - Started process (PID=174407) to work on /home/airflow/.local/lib/python3.12/site-packages/airflow/example_dags/example_latest_only_with_trigger.py
[2024-06-04T23:53:28.397+0000] {processor.py:830} INFO - Processing file /home/airflow/.local/lib/python3.12/site-packages/airflow/example_dags/example_latest_only_with_trigger.py for tasks to queue
[2024-06-04T23:53:28.406+0000] {logging_mixin.py:188} INFO - [2024-06-04T23:53:28.405+0000] {dagbag.py:545} INFO - Filling up the DagBag from /home/airflow/.local/lib/python3.12/site-packages/airflow/example_dags/example_latest_only_with_trigger.py
[2024-06-04T23:53:28.421+0000] {processor.py:840} INFO - DAG(s) 'latest_only_with_trigger' retrieved from /home/airflow/.local/lib/python3.12/site-packages/airflow/example_dags/example_latest_only_with_trigger.py
[2024-06-04T23:53:28.464+0000] {logging_mixin.py:188} INFO - [2024-06-04T23:53:28.464+0000] {dag.py:3096} INFO - Sync 1 DAGs
[2024-06-04T23:53:28.538+0000] {logging_mixin.py:188} INFO - [2024-06-04T23:53:28.538+0000] {dag.py:3954} INFO - Setting next_dagrun for latest_only_with_trigger to 2024-06-04 16:00:00+00:00, run_after=2024-06-04 20:00:00+00:00
[2024-06-04T23:53:28.632+0000] {processor.py:183} INFO - Processing /home/airflow/.local/lib/python3.12/site-packages/airflow/example_dags/example_latest_only_with_trigger.py took 0.281 seconds
[2024-06-04T23:53:59.034+0000] {processor.py:161} INFO - Started process (PID=174665) to work on /home/airflow/.local/lib/python3.12/site-packages/airflow/example_dags/example_latest_only_with_trigger.py
[2024-06-04T23:53:59.035+0000] {processor.py:830} INFO - Processing file /home/airflow/.local/lib/python3.12/site-packages/airflow/example_dags/example_latest_only_with_trigger.py for tasks to queue
[2024-06-04T23:53:59.039+0000] {logging_mixin.py:188} INFO - [2024-06-04T23:53:59.038+0000] {dagbag.py:545} INFO - Filling up the DagBag from /home/airflow/.local/lib/python3.12/site-packages/airflow/example_dags/example_latest_only_with_trigger.py
[2024-06-04T23:53:59.049+0000] {processor.py:840} INFO - DAG(s) 'latest_only_with_trigger' retrieved from /home/airflow/.local/lib/python3.12/site-packages/airflow/example_dags/example_latest_only_with_trigger.py
[2024-06-04T23:53:59.091+0000] {logging_mixin.py:188} INFO - [2024-06-04T23:53:59.091+0000] {dag.py:3096} INFO - Sync 1 DAGs
[2024-06-04T23:53:59.147+0000] {logging_mixin.py:188} INFO - [2024-06-04T23:53:59.146+0000] {dag.py:3954} INFO - Setting next_dagrun for latest_only_with_trigger to 2024-06-04 16:00:00+00:00, run_after=2024-06-04 20:00:00+00:00
[2024-06-04T23:53:59.206+0000] {processor.py:183} INFO - Processing /home/airflow/.local/lib/python3.12/site-packages/airflow/example_dags/example_latest_only_with_trigger.py took 0.184 seconds
[2024-06-04T23:54:30.115+0000] {processor.py:161} INFO - Started process (PID=174925) to work on /home/airflow/.local/lib/python3.12/site-packages/airflow/example_dags/example_latest_only_with_trigger.py
[2024-06-04T23:54:30.125+0000] {processor.py:830} INFO - Processing file /home/airflow/.local/lib/python3.12/site-packages/airflow/example_dags/example_latest_only_with_trigger.py for tasks to queue
[2024-06-04T23:54:30.130+0000] {logging_mixin.py:188} INFO - [2024-06-04T23:54:30.129+0000] {dagbag.py:545} INFO - Filling up the DagBag from /home/airflow/.local/lib/python3.12/site-packages/airflow/example_dags/example_latest_only_with_trigger.py
[2024-06-04T23:54:30.143+0000] {processor.py:840} INFO - DAG(s) 'latest_only_with_trigger' retrieved from /home/airflow/.local/lib/python3.12/site-packages/airflow/example_dags/example_latest_only_with_trigger.py
[2024-06-04T23:54:30.196+0000] {logging_mixin.py:188} INFO - [2024-06-04T23:54:30.196+0000] {dag.py:3096} INFO - Sync 1 DAGs
[2024-06-04T23:54:30.256+0000] {logging_mixin.py:188} INFO - [2024-06-04T23:54:30.255+0000] {dag.py:3954} INFO - Setting next_dagrun for latest_only_with_trigger to 2024-06-04 16:00:00+00:00, run_after=2024-06-04 20:00:00+00:00
[2024-06-04T23:54:30.353+0000] {processor.py:183} INFO - Processing /home/airflow/.local/lib/python3.12/site-packages/airflow/example_dags/example_latest_only_with_trigger.py took 0.252 seconds
[2024-06-04T23:55:00.539+0000] {processor.py:161} INFO - Started process (PID=175188) to work on /home/airflow/.local/lib/python3.12/site-packages/airflow/example_dags/example_latest_only_with_trigger.py
[2024-06-04T23:55:00.541+0000] {processor.py:830} INFO - Processing file /home/airflow/.local/lib/python3.12/site-packages/airflow/example_dags/example_latest_only_with_trigger.py for tasks to queue
[2024-06-04T23:55:00.545+0000] {logging_mixin.py:188} INFO - [2024-06-04T23:55:00.544+0000] {dagbag.py:545} INFO - Filling up the DagBag from /home/airflow/.local/lib/python3.12/site-packages/airflow/example_dags/example_latest_only_with_trigger.py
[2024-06-04T23:55:00.556+0000] {processor.py:840} INFO - DAG(s) 'latest_only_with_trigger' retrieved from /home/airflow/.local/lib/python3.12/site-packages/airflow/example_dags/example_latest_only_with_trigger.py
[2024-06-04T23:55:00.605+0000] {logging_mixin.py:188} INFO - [2024-06-04T23:55:00.604+0000] {dag.py:3096} INFO - Sync 1 DAGs
[2024-06-04T23:55:00.653+0000] {logging_mixin.py:188} INFO - [2024-06-04T23:55:00.652+0000] {dag.py:3954} INFO - Setting next_dagrun for latest_only_with_trigger to 2024-06-04 16:00:00+00:00, run_after=2024-06-04 20:00:00+00:00
[2024-06-04T23:55:00.702+0000] {processor.py:183} INFO - Processing /home/airflow/.local/lib/python3.12/site-packages/airflow/example_dags/example_latest_only_with_trigger.py took 0.189 seconds
[2024-06-04T23:55:30.987+0000] {processor.py:161} INFO - Started process (PID=175450) to work on /home/airflow/.local/lib/python3.12/site-packages/airflow/example_dags/example_latest_only_with_trigger.py
[2024-06-04T23:55:30.990+0000] {processor.py:830} INFO - Processing file /home/airflow/.local/lib/python3.12/site-packages/airflow/example_dags/example_latest_only_with_trigger.py for tasks to queue
[2024-06-04T23:55:31.000+0000] {logging_mixin.py:188} INFO - [2024-06-04T23:55:30.999+0000] {dagbag.py:545} INFO - Filling up the DagBag from /home/airflow/.local/lib/python3.12/site-packages/airflow/example_dags/example_latest_only_with_trigger.py
[2024-06-04T23:55:31.024+0000] {processor.py:840} INFO - DAG(s) 'latest_only_with_trigger' retrieved from /home/airflow/.local/lib/python3.12/site-packages/airflow/example_dags/example_latest_only_with_trigger.py
[2024-06-04T23:55:31.076+0000] {logging_mixin.py:188} INFO - [2024-06-04T23:55:31.076+0000] {dag.py:3096} INFO - Sync 1 DAGs
[2024-06-04T23:55:31.137+0000] {logging_mixin.py:188} INFO - [2024-06-04T23:55:31.136+0000] {dag.py:3954} INFO - Setting next_dagrun for latest_only_with_trigger to 2024-06-04 16:00:00+00:00, run_after=2024-06-04 20:00:00+00:00
[2024-06-04T23:55:31.216+0000] {processor.py:183} INFO - Processing /home/airflow/.local/lib/python3.12/site-packages/airflow/example_dags/example_latest_only_with_trigger.py took 0.250 seconds
[2024-06-04T23:56:02.224+0000] {processor.py:161} INFO - Started process (PID=175712) to work on /home/airflow/.local/lib/python3.12/site-packages/airflow/example_dags/example_latest_only_with_trigger.py
[2024-06-04T23:56:02.243+0000] {processor.py:830} INFO - Processing file /home/airflow/.local/lib/python3.12/site-packages/airflow/example_dags/example_latest_only_with_trigger.py for tasks to queue
[2024-06-04T23:56:02.246+0000] {logging_mixin.py:188} INFO - [2024-06-04T23:56:02.245+0000] {dagbag.py:545} INFO - Filling up the DagBag from /home/airflow/.local/lib/python3.12/site-packages/airflow/example_dags/example_latest_only_with_trigger.py
[2024-06-04T23:56:02.259+0000] {processor.py:840} INFO - DAG(s) 'latest_only_with_trigger' retrieved from /home/airflow/.local/lib/python3.12/site-packages/airflow/example_dags/example_latest_only_with_trigger.py
[2024-06-04T23:56:02.310+0000] {logging_mixin.py:188} INFO - [2024-06-04T23:56:02.309+0000] {dag.py:3096} INFO - Sync 1 DAGs
[2024-06-04T23:56:02.370+0000] {logging_mixin.py:188} INFO - [2024-06-04T23:56:02.370+0000] {dag.py:3954} INFO - Setting next_dagrun for latest_only_with_trigger to 2024-06-04 16:00:00+00:00, run_after=2024-06-04 20:00:00+00:00
[2024-06-04T23:56:02.427+0000] {processor.py:183} INFO - Processing /home/airflow/.local/lib/python3.12/site-packages/airflow/example_dags/example_latest_only_with_trigger.py took 0.217 seconds
[2024-06-04T23:56:33.182+0000] {processor.py:161} INFO - Started process (PID=175974) to work on /home/airflow/.local/lib/python3.12/site-packages/airflow/example_dags/example_latest_only_with_trigger.py
[2024-06-04T23:56:33.185+0000] {processor.py:830} INFO - Processing file /home/airflow/.local/lib/python3.12/site-packages/airflow/example_dags/example_latest_only_with_trigger.py for tasks to queue
[2024-06-04T23:56:33.191+0000] {logging_mixin.py:188} INFO - [2024-06-04T23:56:33.190+0000] {dagbag.py:545} INFO - Filling up the DagBag from /home/airflow/.local/lib/python3.12/site-packages/airflow/example_dags/example_latest_only_with_trigger.py
[2024-06-04T23:56:33.215+0000] {processor.py:840} INFO - DAG(s) 'latest_only_with_trigger' retrieved from /home/airflow/.local/lib/python3.12/site-packages/airflow/example_dags/example_latest_only_with_trigger.py
[2024-06-04T23:56:33.291+0000] {logging_mixin.py:188} INFO - [2024-06-04T23:56:33.290+0000] {dag.py:3096} INFO - Sync 1 DAGs
[2024-06-04T23:56:33.444+0000] {logging_mixin.py:188} INFO - [2024-06-04T23:56:33.441+0000] {dag.py:3954} INFO - Setting next_dagrun for latest_only_with_trigger to 2024-06-04 16:00:00+00:00, run_after=2024-06-04 20:00:00+00:00
[2024-06-04T23:56:33.528+0000] {processor.py:183} INFO - Processing /home/airflow/.local/lib/python3.12/site-packages/airflow/example_dags/example_latest_only_with_trigger.py took 0.358 seconds
[2024-06-04T23:57:03.659+0000] {processor.py:161} INFO - Started process (PID=176231) to work on /home/airflow/.local/lib/python3.12/site-packages/airflow/example_dags/example_latest_only_with_trigger.py
[2024-06-04T23:57:03.661+0000] {processor.py:830} INFO - Processing file /home/airflow/.local/lib/python3.12/site-packages/airflow/example_dags/example_latest_only_with_trigger.py for tasks to queue
[2024-06-04T23:57:03.663+0000] {logging_mixin.py:188} INFO - [2024-06-04T23:57:03.663+0000] {dagbag.py:545} INFO - Filling up the DagBag from /home/airflow/.local/lib/python3.12/site-packages/airflow/example_dags/example_latest_only_with_trigger.py
[2024-06-04T23:57:03.672+0000] {processor.py:840} INFO - DAG(s) 'latest_only_with_trigger' retrieved from /home/airflow/.local/lib/python3.12/site-packages/airflow/example_dags/example_latest_only_with_trigger.py
[2024-06-04T23:57:03.707+0000] {logging_mixin.py:188} INFO - [2024-06-04T23:57:03.707+0000] {dag.py:3096} INFO - Sync 1 DAGs
[2024-06-04T23:57:03.746+0000] {logging_mixin.py:188} INFO - [2024-06-04T23:57:03.746+0000] {dag.py:3954} INFO - Setting next_dagrun for latest_only_with_trigger to 2024-06-04 16:00:00+00:00, run_after=2024-06-04 20:00:00+00:00
[2024-06-04T23:57:03.789+0000] {processor.py:183} INFO - Processing /home/airflow/.local/lib/python3.12/site-packages/airflow/example_dags/example_latest_only_with_trigger.py took 0.145 seconds
[2024-06-04T23:57:33.935+0000] {processor.py:161} INFO - Started process (PID=176493) to work on /home/airflow/.local/lib/python3.12/site-packages/airflow/example_dags/example_latest_only_with_trigger.py
[2024-06-04T23:57:33.936+0000] {processor.py:830} INFO - Processing file /home/airflow/.local/lib/python3.12/site-packages/airflow/example_dags/example_latest_only_with_trigger.py for tasks to queue
[2024-06-04T23:57:33.940+0000] {logging_mixin.py:188} INFO - [2024-06-04T23:57:33.939+0000] {dagbag.py:545} INFO - Filling up the DagBag from /home/airflow/.local/lib/python3.12/site-packages/airflow/example_dags/example_latest_only_with_trigger.py
[2024-06-04T23:57:33.950+0000] {processor.py:840} INFO - DAG(s) 'latest_only_with_trigger' retrieved from /home/airflow/.local/lib/python3.12/site-packages/airflow/example_dags/example_latest_only_with_trigger.py
[2024-06-04T23:57:33.992+0000] {logging_mixin.py:188} INFO - [2024-06-04T23:57:33.991+0000] {dag.py:3096} INFO - Sync 1 DAGs
[2024-06-04T23:57:34.042+0000] {logging_mixin.py:188} INFO - [2024-06-04T23:57:34.042+0000] {dag.py:3954} INFO - Setting next_dagrun for latest_only_with_trigger to 2024-06-04 16:00:00+00:00, run_after=2024-06-04 20:00:00+00:00
[2024-06-04T23:57:34.083+0000] {processor.py:183} INFO - Processing /home/airflow/.local/lib/python3.12/site-packages/airflow/example_dags/example_latest_only_with_trigger.py took 0.160 seconds
[2024-06-04T23:58:04.304+0000] {processor.py:161} INFO - Started process (PID=176753) to work on /home/airflow/.local/lib/python3.12/site-packages/airflow/example_dags/example_latest_only_with_trigger.py
[2024-06-04T23:58:04.306+0000] {processor.py:830} INFO - Processing file /home/airflow/.local/lib/python3.12/site-packages/airflow/example_dags/example_latest_only_with_trigger.py for tasks to queue
[2024-06-04T23:58:04.309+0000] {logging_mixin.py:188} INFO - [2024-06-04T23:58:04.309+0000] {dagbag.py:545} INFO - Filling up the DagBag from /home/airflow/.local/lib/python3.12/site-packages/airflow/example_dags/example_latest_only_with_trigger.py
[2024-06-04T23:58:04.321+0000] {processor.py:840} INFO - DAG(s) 'latest_only_with_trigger' retrieved from /home/airflow/.local/lib/python3.12/site-packages/airflow/example_dags/example_latest_only_with_trigger.py
[2024-06-04T23:58:04.376+0000] {logging_mixin.py:188} INFO - [2024-06-04T23:58:04.376+0000] {dag.py:3096} INFO - Sync 1 DAGs
[2024-06-04T23:58:04.446+0000] {logging_mixin.py:188} INFO - [2024-06-04T23:58:04.446+0000] {dag.py:3954} INFO - Setting next_dagrun for latest_only_with_trigger to 2024-06-04 16:00:00+00:00, run_after=2024-06-04 20:00:00+00:00
[2024-06-04T23:58:04.543+0000] {processor.py:183} INFO - Processing /home/airflow/.local/lib/python3.12/site-packages/airflow/example_dags/example_latest_only_with_trigger.py took 0.255 seconds
[2024-06-04T23:58:35.117+0000] {processor.py:161} INFO - Started process (PID=177014) to work on /home/airflow/.local/lib/python3.12/site-packages/airflow/example_dags/example_latest_only_with_trigger.py
[2024-06-04T23:58:35.118+0000] {processor.py:830} INFO - Processing file /home/airflow/.local/lib/python3.12/site-packages/airflow/example_dags/example_latest_only_with_trigger.py for tasks to queue
[2024-06-04T23:58:35.122+0000] {logging_mixin.py:188} INFO - [2024-06-04T23:58:35.121+0000] {dagbag.py:545} INFO - Filling up the DagBag from /home/airflow/.local/lib/python3.12/site-packages/airflow/example_dags/example_latest_only_with_trigger.py
[2024-06-04T23:58:35.134+0000] {processor.py:840} INFO - DAG(s) 'latest_only_with_trigger' retrieved from /home/airflow/.local/lib/python3.12/site-packages/airflow/example_dags/example_latest_only_with_trigger.py
[2024-06-04T23:58:35.275+0000] {logging_mixin.py:188} INFO - [2024-06-04T23:58:35.274+0000] {dag.py:3096} INFO - Sync 1 DAGs
[2024-06-04T23:58:35.343+0000] {logging_mixin.py:188} INFO - [2024-06-04T23:58:35.343+0000] {dag.py:3954} INFO - Setting next_dagrun for latest_only_with_trigger to 2024-06-04 16:00:00+00:00, run_after=2024-06-04 20:00:00+00:00
[2024-06-04T23:58:35.393+0000] {processor.py:183} INFO - Processing /home/airflow/.local/lib/python3.12/site-packages/airflow/example_dags/example_latest_only_with_trigger.py took 0.291 seconds
[2024-06-04T23:59:06.084+0000] {processor.py:161} INFO - Started process (PID=177274) to work on /home/airflow/.local/lib/python3.12/site-packages/airflow/example_dags/example_latest_only_with_trigger.py
[2024-06-04T23:59:06.086+0000] {processor.py:830} INFO - Processing file /home/airflow/.local/lib/python3.12/site-packages/airflow/example_dags/example_latest_only_with_trigger.py for tasks to queue
[2024-06-04T23:59:06.090+0000] {logging_mixin.py:188} INFO - [2024-06-04T23:59:06.089+0000] {dagbag.py:545} INFO - Filling up the DagBag from /home/airflow/.local/lib/python3.12/site-packages/airflow/example_dags/example_latest_only_with_trigger.py
[2024-06-04T23:59:06.103+0000] {processor.py:840} INFO - DAG(s) 'latest_only_with_trigger' retrieved from /home/airflow/.local/lib/python3.12/site-packages/airflow/example_dags/example_latest_only_with_trigger.py
[2024-06-04T23:59:06.152+0000] {logging_mixin.py:188} INFO - [2024-06-04T23:59:06.151+0000] {dag.py:3096} INFO - Sync 1 DAGs
[2024-06-04T23:59:06.204+0000] {logging_mixin.py:188} INFO - [2024-06-04T23:59:06.204+0000] {dag.py:3954} INFO - Setting next_dagrun for latest_only_with_trigger to 2024-06-04 16:00:00+00:00, run_after=2024-06-04 20:00:00+00:00
[2024-06-04T23:59:06.273+0000] {processor.py:183} INFO - Processing /home/airflow/.local/lib/python3.12/site-packages/airflow/example_dags/example_latest_only_with_trigger.py took 0.240 seconds
[2024-06-04T23:59:36.471+0000] {processor.py:161} INFO - Started process (PID=177537) to work on /home/airflow/.local/lib/python3.12/site-packages/airflow/example_dags/example_latest_only_with_trigger.py
[2024-06-04T23:59:36.477+0000] {processor.py:830} INFO - Processing file /home/airflow/.local/lib/python3.12/site-packages/airflow/example_dags/example_latest_only_with_trigger.py for tasks to queue
[2024-06-04T23:59:36.483+0000] {logging_mixin.py:188} INFO - [2024-06-04T23:59:36.482+0000] {dagbag.py:545} INFO - Filling up the DagBag from /home/airflow/.local/lib/python3.12/site-packages/airflow/example_dags/example_latest_only_with_trigger.py
[2024-06-04T23:59:36.503+0000] {processor.py:840} INFO - DAG(s) 'latest_only_with_trigger' retrieved from /home/airflow/.local/lib/python3.12/site-packages/airflow/example_dags/example_latest_only_with_trigger.py
[2024-06-04T23:59:36.627+0000] {logging_mixin.py:188} INFO - [2024-06-04T23:59:36.626+0000] {dag.py:3096} INFO - Sync 1 DAGs
[2024-06-04T23:59:36.759+0000] {logging_mixin.py:188} INFO - [2024-06-04T23:59:36.758+0000] {dag.py:3954} INFO - Setting next_dagrun for latest_only_with_trigger to 2024-06-04 16:00:00+00:00, run_after=2024-06-04 20:00:00+00:00
[2024-06-04T23:59:36.901+0000] {processor.py:183} INFO - Processing /home/airflow/.local/lib/python3.12/site-packages/airflow/example_dags/example_latest_only_with_trigger.py took 0.455 seconds
