[2024-06-04T23:44:10.464+0000] {processor.py:161} INFO - Started process (PID=169682) to work on /home/airflow/.local/lib/python3.12/site-packages/airflow/example_dags/example_dynamic_task_mapping.py
[2024-06-04T23:44:10.465+0000] {processor.py:830} INFO - Processing file /home/airflow/.local/lib/python3.12/site-packages/airflow/example_dags/example_dynamic_task_mapping.py for tasks to queue
[2024-06-04T23:44:10.469+0000] {logging_mixin.py:188} INFO - [2024-06-04T23:44:10.468+0000] {dagbag.py:545} INFO - Filling up the DagBag from /home/airflow/.local/lib/python3.12/site-packages/airflow/example_dags/example_dynamic_task_mapping.py
[2024-06-04T23:44:10.512+0000] {processor.py:840} INFO - DAG(s) 'example_dynamic_task_mapping' retrieved from /home/airflow/.local/lib/python3.12/site-packages/airflow/example_dags/example_dynamic_task_mapping.py
[2024-06-04T23:44:10.742+0000] {logging_mixin.py:188} INFO - [2024-06-04T23:44:10.725+0000] {dag.py:3096} INFO - Sync 1 DAGs
[2024-06-04T23:44:10.962+0000] {logging_mixin.py:188} INFO - [2024-06-04T23:44:10.950+0000] {dag.py:3954} INFO - Setting next_dagrun for example_dynamic_task_mapping to 2022-03-04 00:00:00+00:00, run_after=2022-03-05 00:00:00+00:00
[2024-06-04T23:44:11.183+0000] {processor.py:183} INFO - Processing /home/airflow/.local/lib/python3.12/site-packages/airflow/example_dags/example_dynamic_task_mapping.py took 0.732 seconds
[2024-06-04T23:44:42.450+0000] {processor.py:161} INFO - Started process (PID=169944) to work on /home/airflow/.local/lib/python3.12/site-packages/airflow/example_dags/example_dynamic_task_mapping.py
[2024-06-04T23:44:42.463+0000] {processor.py:830} INFO - Processing file /home/airflow/.local/lib/python3.12/site-packages/airflow/example_dags/example_dynamic_task_mapping.py for tasks to queue
[2024-06-04T23:44:42.479+0000] {logging_mixin.py:188} INFO - [2024-06-04T23:44:42.478+0000] {dagbag.py:545} INFO - Filling up the DagBag from /home/airflow/.local/lib/python3.12/site-packages/airflow/example_dags/example_dynamic_task_mapping.py
[2024-06-04T23:44:42.519+0000] {processor.py:840} INFO - DAG(s) 'example_dynamic_task_mapping' retrieved from /home/airflow/.local/lib/python3.12/site-packages/airflow/example_dags/example_dynamic_task_mapping.py
[2024-06-04T23:44:42.759+0000] {logging_mixin.py:188} INFO - [2024-06-04T23:44:42.759+0000] {dag.py:3096} INFO - Sync 1 DAGs
[2024-06-04T23:44:42.905+0000] {logging_mixin.py:188} INFO - [2024-06-04T23:44:42.904+0000] {dag.py:3954} INFO - Setting next_dagrun for example_dynamic_task_mapping to 2022-03-04 00:00:00+00:00, run_after=2022-03-05 00:00:00+00:00
[2024-06-04T23:44:43.003+0000] {processor.py:183} INFO - Processing /home/airflow/.local/lib/python3.12/site-packages/airflow/example_dags/example_dynamic_task_mapping.py took 0.591 seconds
[2024-06-04T23:45:13.872+0000] {processor.py:161} INFO - Started process (PID=170206) to work on /home/airflow/.local/lib/python3.12/site-packages/airflow/example_dags/example_dynamic_task_mapping.py
[2024-06-04T23:45:13.874+0000] {processor.py:830} INFO - Processing file /home/airflow/.local/lib/python3.12/site-packages/airflow/example_dags/example_dynamic_task_mapping.py for tasks to queue
[2024-06-04T23:45:13.878+0000] {logging_mixin.py:188} INFO - [2024-06-04T23:45:13.877+0000] {dagbag.py:545} INFO - Filling up the DagBag from /home/airflow/.local/lib/python3.12/site-packages/airflow/example_dags/example_dynamic_task_mapping.py
[2024-06-04T23:45:13.896+0000] {processor.py:840} INFO - DAG(s) 'example_dynamic_task_mapping' retrieved from /home/airflow/.local/lib/python3.12/site-packages/airflow/example_dags/example_dynamic_task_mapping.py
[2024-06-04T23:45:13.944+0000] {logging_mixin.py:188} INFO - [2024-06-04T23:45:13.943+0000] {dag.py:3096} INFO - Sync 1 DAGs
[2024-06-04T23:45:14.000+0000] {logging_mixin.py:188} INFO - [2024-06-04T23:45:14.000+0000] {dag.py:3954} INFO - Setting next_dagrun for example_dynamic_task_mapping to 2022-03-04 00:00:00+00:00, run_after=2022-03-05 00:00:00+00:00
[2024-06-04T23:45:14.094+0000] {processor.py:183} INFO - Processing /home/airflow/.local/lib/python3.12/site-packages/airflow/example_dags/example_dynamic_task_mapping.py took 0.250 seconds
[2024-06-04T23:45:44.552+0000] {processor.py:161} INFO - Started process (PID=170468) to work on /home/airflow/.local/lib/python3.12/site-packages/airflow/example_dags/example_dynamic_task_mapping.py
[2024-06-04T23:45:44.574+0000] {processor.py:830} INFO - Processing file /home/airflow/.local/lib/python3.12/site-packages/airflow/example_dags/example_dynamic_task_mapping.py for tasks to queue
[2024-06-04T23:45:44.591+0000] {logging_mixin.py:188} INFO - [2024-06-04T23:45:44.590+0000] {dagbag.py:545} INFO - Filling up the DagBag from /home/airflow/.local/lib/python3.12/site-packages/airflow/example_dags/example_dynamic_task_mapping.py
[2024-06-04T23:45:44.636+0000] {processor.py:840} INFO - DAG(s) 'example_dynamic_task_mapping' retrieved from /home/airflow/.local/lib/python3.12/site-packages/airflow/example_dags/example_dynamic_task_mapping.py
[2024-06-04T23:45:44.743+0000] {logging_mixin.py:188} INFO - [2024-06-04T23:45:44.740+0000] {dag.py:3096} INFO - Sync 1 DAGs
[2024-06-04T23:45:44.861+0000] {logging_mixin.py:188} INFO - [2024-06-04T23:45:44.861+0000] {dag.py:3954} INFO - Setting next_dagrun for example_dynamic_task_mapping to 2022-03-04 00:00:00+00:00, run_after=2022-03-05 00:00:00+00:00
[2024-06-04T23:45:45.001+0000] {processor.py:183} INFO - Processing /home/airflow/.local/lib/python3.12/site-packages/airflow/example_dags/example_dynamic_task_mapping.py took 0.500 seconds
[2024-06-04T23:46:15.897+0000] {processor.py:161} INFO - Started process (PID=170730) to work on /home/airflow/.local/lib/python3.12/site-packages/airflow/example_dags/example_dynamic_task_mapping.py
[2024-06-04T23:46:15.902+0000] {processor.py:830} INFO - Processing file /home/airflow/.local/lib/python3.12/site-packages/airflow/example_dags/example_dynamic_task_mapping.py for tasks to queue
[2024-06-04T23:46:15.909+0000] {logging_mixin.py:188} INFO - [2024-06-04T23:46:15.908+0000] {dagbag.py:545} INFO - Filling up the DagBag from /home/airflow/.local/lib/python3.12/site-packages/airflow/example_dags/example_dynamic_task_mapping.py
[2024-06-04T23:46:15.929+0000] {processor.py:840} INFO - DAG(s) 'example_dynamic_task_mapping' retrieved from /home/airflow/.local/lib/python3.12/site-packages/airflow/example_dags/example_dynamic_task_mapping.py
[2024-06-04T23:46:16.054+0000] {logging_mixin.py:188} INFO - [2024-06-04T23:46:16.050+0000] {dag.py:3096} INFO - Sync 1 DAGs
[2024-06-04T23:46:16.230+0000] {logging_mixin.py:188} INFO - [2024-06-04T23:46:16.229+0000] {dag.py:3954} INFO - Setting next_dagrun for example_dynamic_task_mapping to 2022-03-04 00:00:00+00:00, run_after=2022-03-05 00:00:00+00:00
[2024-06-04T23:46:16.332+0000] {processor.py:183} INFO - Processing /home/airflow/.local/lib/python3.12/site-packages/airflow/example_dags/example_dynamic_task_mapping.py took 0.472 seconds
[2024-06-04T23:46:46.838+0000] {processor.py:161} INFO - Started process (PID=170991) to work on /home/airflow/.local/lib/python3.12/site-packages/airflow/example_dags/example_dynamic_task_mapping.py
[2024-06-04T23:46:46.843+0000] {processor.py:830} INFO - Processing file /home/airflow/.local/lib/python3.12/site-packages/airflow/example_dags/example_dynamic_task_mapping.py for tasks to queue
[2024-06-04T23:46:46.850+0000] {logging_mixin.py:188} INFO - [2024-06-04T23:46:46.847+0000] {dagbag.py:545} INFO - Filling up the DagBag from /home/airflow/.local/lib/python3.12/site-packages/airflow/example_dags/example_dynamic_task_mapping.py
[2024-06-04T23:46:46.899+0000] {processor.py:840} INFO - DAG(s) 'example_dynamic_task_mapping' retrieved from /home/airflow/.local/lib/python3.12/site-packages/airflow/example_dags/example_dynamic_task_mapping.py
[2024-06-04T23:46:46.964+0000] {logging_mixin.py:188} INFO - [2024-06-04T23:46:46.963+0000] {dag.py:3096} INFO - Sync 1 DAGs
[2024-06-04T23:46:47.024+0000] {logging_mixin.py:188} INFO - [2024-06-04T23:46:47.024+0000] {dag.py:3954} INFO - Setting next_dagrun for example_dynamic_task_mapping to 2022-03-04 00:00:00+00:00, run_after=2022-03-05 00:00:00+00:00
[2024-06-04T23:46:47.080+0000] {processor.py:183} INFO - Processing /home/airflow/.local/lib/python3.12/site-packages/airflow/example_dags/example_dynamic_task_mapping.py took 0.261 seconds
[2024-06-04T23:47:17.742+0000] {processor.py:161} INFO - Started process (PID=171252) to work on /home/airflow/.local/lib/python3.12/site-packages/airflow/example_dags/example_dynamic_task_mapping.py
[2024-06-04T23:47:17.744+0000] {processor.py:830} INFO - Processing file /home/airflow/.local/lib/python3.12/site-packages/airflow/example_dags/example_dynamic_task_mapping.py for tasks to queue
[2024-06-04T23:47:17.750+0000] {logging_mixin.py:188} INFO - [2024-06-04T23:47:17.749+0000] {dagbag.py:545} INFO - Filling up the DagBag from /home/airflow/.local/lib/python3.12/site-packages/airflow/example_dags/example_dynamic_task_mapping.py
[2024-06-04T23:47:17.782+0000] {processor.py:840} INFO - DAG(s) 'example_dynamic_task_mapping' retrieved from /home/airflow/.local/lib/python3.12/site-packages/airflow/example_dags/example_dynamic_task_mapping.py
[2024-06-04T23:47:17.965+0000] {logging_mixin.py:188} INFO - [2024-06-04T23:47:17.959+0000] {dag.py:3096} INFO - Sync 1 DAGs
[2024-06-04T23:47:18.077+0000] {logging_mixin.py:188} INFO - [2024-06-04T23:47:18.077+0000] {dag.py:3954} INFO - Setting next_dagrun for example_dynamic_task_mapping to 2022-03-04 00:00:00+00:00, run_after=2022-03-05 00:00:00+00:00
[2024-06-04T23:47:18.163+0000] {processor.py:183} INFO - Processing /home/airflow/.local/lib/python3.12/site-packages/airflow/example_dags/example_dynamic_task_mapping.py took 0.443 seconds
[2024-06-04T23:47:48.790+0000] {processor.py:161} INFO - Started process (PID=171520) to work on /home/airflow/.local/lib/python3.12/site-packages/airflow/example_dags/example_dynamic_task_mapping.py
[2024-06-04T23:47:48.869+0000] {processor.py:830} INFO - Processing file /home/airflow/.local/lib/python3.12/site-packages/airflow/example_dags/example_dynamic_task_mapping.py for tasks to queue
[2024-06-04T23:47:48.873+0000] {logging_mixin.py:188} INFO - [2024-06-04T23:47:48.873+0000] {dagbag.py:545} INFO - Filling up the DagBag from /home/airflow/.local/lib/python3.12/site-packages/airflow/example_dags/example_dynamic_task_mapping.py
[2024-06-04T23:47:48.887+0000] {processor.py:840} INFO - DAG(s) 'example_dynamic_task_mapping' retrieved from /home/airflow/.local/lib/python3.12/site-packages/airflow/example_dags/example_dynamic_task_mapping.py
[2024-06-04T23:47:48.935+0000] {logging_mixin.py:188} INFO - [2024-06-04T23:47:48.934+0000] {dag.py:3096} INFO - Sync 1 DAGs
[2024-06-04T23:47:48.995+0000] {logging_mixin.py:188} INFO - [2024-06-04T23:47:48.994+0000] {dag.py:3954} INFO - Setting next_dagrun for example_dynamic_task_mapping to 2022-03-04 00:00:00+00:00, run_after=2022-03-05 00:00:00+00:00
[2024-06-04T23:47:49.050+0000] {processor.py:183} INFO - Processing /home/airflow/.local/lib/python3.12/site-packages/airflow/example_dags/example_dynamic_task_mapping.py took 0.273 seconds
[2024-06-04T23:48:19.694+0000] {processor.py:161} INFO - Started process (PID=171782) to work on /home/airflow/.local/lib/python3.12/site-packages/airflow/example_dags/example_dynamic_task_mapping.py
[2024-06-04T23:48:19.701+0000] {processor.py:830} INFO - Processing file /home/airflow/.local/lib/python3.12/site-packages/airflow/example_dags/example_dynamic_task_mapping.py for tasks to queue
[2024-06-04T23:48:19.705+0000] {logging_mixin.py:188} INFO - [2024-06-04T23:48:19.704+0000] {dagbag.py:545} INFO - Filling up the DagBag from /home/airflow/.local/lib/python3.12/site-packages/airflow/example_dags/example_dynamic_task_mapping.py
[2024-06-04T23:48:19.720+0000] {processor.py:840} INFO - DAG(s) 'example_dynamic_task_mapping' retrieved from /home/airflow/.local/lib/python3.12/site-packages/airflow/example_dags/example_dynamic_task_mapping.py
[2024-06-04T23:48:19.769+0000] {logging_mixin.py:188} INFO - [2024-06-04T23:48:19.768+0000] {dag.py:3096} INFO - Sync 1 DAGs
[2024-06-04T23:48:19.859+0000] {logging_mixin.py:188} INFO - [2024-06-04T23:48:19.859+0000] {dag.py:3954} INFO - Setting next_dagrun for example_dynamic_task_mapping to 2022-03-04 00:00:00+00:00, run_after=2022-03-05 00:00:00+00:00
[2024-06-04T23:48:19.912+0000] {processor.py:183} INFO - Processing /home/airflow/.local/lib/python3.12/site-packages/airflow/example_dags/example_dynamic_task_mapping.py took 0.231 seconds
[2024-06-04T23:48:50.171+0000] {processor.py:161} INFO - Started process (PID=172044) to work on /home/airflow/.local/lib/python3.12/site-packages/airflow/example_dags/example_dynamic_task_mapping.py
[2024-06-04T23:48:50.172+0000] {processor.py:830} INFO - Processing file /home/airflow/.local/lib/python3.12/site-packages/airflow/example_dags/example_dynamic_task_mapping.py for tasks to queue
[2024-06-04T23:48:50.176+0000] {logging_mixin.py:188} INFO - [2024-06-04T23:48:50.176+0000] {dagbag.py:545} INFO - Filling up the DagBag from /home/airflow/.local/lib/python3.12/site-packages/airflow/example_dags/example_dynamic_task_mapping.py
[2024-06-04T23:48:50.191+0000] {processor.py:840} INFO - DAG(s) 'example_dynamic_task_mapping' retrieved from /home/airflow/.local/lib/python3.12/site-packages/airflow/example_dags/example_dynamic_task_mapping.py
[2024-06-04T23:48:50.243+0000] {logging_mixin.py:188} INFO - [2024-06-04T23:48:50.242+0000] {dag.py:3096} INFO - Sync 1 DAGs
[2024-06-04T23:48:50.302+0000] {logging_mixin.py:188} INFO - [2024-06-04T23:48:50.302+0000] {dag.py:3954} INFO - Setting next_dagrun for example_dynamic_task_mapping to 2022-03-04 00:00:00+00:00, run_after=2022-03-05 00:00:00+00:00
[2024-06-04T23:48:50.363+0000] {processor.py:183} INFO - Processing /home/airflow/.local/lib/python3.12/site-packages/airflow/example_dags/example_dynamic_task_mapping.py took 0.208 seconds
[2024-06-04T23:49:20.911+0000] {processor.py:161} INFO - Started process (PID=172304) to work on /home/airflow/.local/lib/python3.12/site-packages/airflow/example_dags/example_dynamic_task_mapping.py
[2024-06-04T23:49:20.913+0000] {processor.py:830} INFO - Processing file /home/airflow/.local/lib/python3.12/site-packages/airflow/example_dags/example_dynamic_task_mapping.py for tasks to queue
[2024-06-04T23:49:20.917+0000] {logging_mixin.py:188} INFO - [2024-06-04T23:49:20.916+0000] {dagbag.py:545} INFO - Filling up the DagBag from /home/airflow/.local/lib/python3.12/site-packages/airflow/example_dags/example_dynamic_task_mapping.py
[2024-06-04T23:49:20.932+0000] {processor.py:840} INFO - DAG(s) 'example_dynamic_task_mapping' retrieved from /home/airflow/.local/lib/python3.12/site-packages/airflow/example_dags/example_dynamic_task_mapping.py
[2024-06-04T23:49:20.981+0000] {logging_mixin.py:188} INFO - [2024-06-04T23:49:20.981+0000] {dag.py:3096} INFO - Sync 1 DAGs
[2024-06-04T23:49:21.039+0000] {logging_mixin.py:188} INFO - [2024-06-04T23:49:21.038+0000] {dag.py:3954} INFO - Setting next_dagrun for example_dynamic_task_mapping to 2022-03-04 00:00:00+00:00, run_after=2022-03-05 00:00:00+00:00
[2024-06-04T23:49:21.095+0000] {processor.py:183} INFO - Processing /home/airflow/.local/lib/python3.12/site-packages/airflow/example_dags/example_dynamic_task_mapping.py took 0.199 seconds
[2024-06-04T23:49:51.763+0000] {processor.py:161} INFO - Started process (PID=172567) to work on /home/airflow/.local/lib/python3.12/site-packages/airflow/example_dags/example_dynamic_task_mapping.py
[2024-06-04T23:49:51.765+0000] {processor.py:830} INFO - Processing file /home/airflow/.local/lib/python3.12/site-packages/airflow/example_dags/example_dynamic_task_mapping.py for tasks to queue
[2024-06-04T23:49:51.768+0000] {logging_mixin.py:188} INFO - [2024-06-04T23:49:51.768+0000] {dagbag.py:545} INFO - Filling up the DagBag from /home/airflow/.local/lib/python3.12/site-packages/airflow/example_dags/example_dynamic_task_mapping.py
[2024-06-04T23:49:51.793+0000] {processor.py:840} INFO - DAG(s) 'example_dynamic_task_mapping' retrieved from /home/airflow/.local/lib/python3.12/site-packages/airflow/example_dags/example_dynamic_task_mapping.py
[2024-06-04T23:49:51.856+0000] {logging_mixin.py:188} INFO - [2024-06-04T23:49:51.856+0000] {dag.py:3096} INFO - Sync 1 DAGs
[2024-06-04T23:49:51.922+0000] {logging_mixin.py:188} INFO - [2024-06-04T23:49:51.922+0000] {dag.py:3954} INFO - Setting next_dagrun for example_dynamic_task_mapping to 2022-03-04 00:00:00+00:00, run_after=2022-03-05 00:00:00+00:00
[2024-06-04T23:49:51.975+0000] {processor.py:183} INFO - Processing /home/airflow/.local/lib/python3.12/site-packages/airflow/example_dags/example_dynamic_task_mapping.py took 0.228 seconds
[2024-06-04T23:50:22.854+0000] {processor.py:161} INFO - Started process (PID=172829) to work on /home/airflow/.local/lib/python3.12/site-packages/airflow/example_dags/example_dynamic_task_mapping.py
[2024-06-04T23:50:22.861+0000] {processor.py:830} INFO - Processing file /home/airflow/.local/lib/python3.12/site-packages/airflow/example_dags/example_dynamic_task_mapping.py for tasks to queue
[2024-06-04T23:50:22.865+0000] {logging_mixin.py:188} INFO - [2024-06-04T23:50:22.864+0000] {dagbag.py:545} INFO - Filling up the DagBag from /home/airflow/.local/lib/python3.12/site-packages/airflow/example_dags/example_dynamic_task_mapping.py
[2024-06-04T23:50:22.879+0000] {processor.py:840} INFO - DAG(s) 'example_dynamic_task_mapping' retrieved from /home/airflow/.local/lib/python3.12/site-packages/airflow/example_dags/example_dynamic_task_mapping.py
[2024-06-04T23:50:22.943+0000] {logging_mixin.py:188} INFO - [2024-06-04T23:50:22.943+0000] {dag.py:3096} INFO - Sync 1 DAGs
[2024-06-04T23:50:23.004+0000] {logging_mixin.py:188} INFO - [2024-06-04T23:50:23.003+0000] {dag.py:3954} INFO - Setting next_dagrun for example_dynamic_task_mapping to 2022-03-04 00:00:00+00:00, run_after=2022-03-05 00:00:00+00:00
[2024-06-04T23:50:23.063+0000] {processor.py:183} INFO - Processing /home/airflow/.local/lib/python3.12/site-packages/airflow/example_dags/example_dynamic_task_mapping.py took 0.227 seconds
[2024-06-04T23:50:53.312+0000] {processor.py:161} INFO - Started process (PID=173091) to work on /home/airflow/.local/lib/python3.12/site-packages/airflow/example_dags/example_dynamic_task_mapping.py
[2024-06-04T23:50:53.314+0000] {processor.py:830} INFO - Processing file /home/airflow/.local/lib/python3.12/site-packages/airflow/example_dags/example_dynamic_task_mapping.py for tasks to queue
[2024-06-04T23:50:53.317+0000] {logging_mixin.py:188} INFO - [2024-06-04T23:50:53.316+0000] {dagbag.py:545} INFO - Filling up the DagBag from /home/airflow/.local/lib/python3.12/site-packages/airflow/example_dags/example_dynamic_task_mapping.py
[2024-06-04T23:50:53.332+0000] {processor.py:840} INFO - DAG(s) 'example_dynamic_task_mapping' retrieved from /home/airflow/.local/lib/python3.12/site-packages/airflow/example_dags/example_dynamic_task_mapping.py
[2024-06-04T23:50:53.372+0000] {logging_mixin.py:188} INFO - [2024-06-04T23:50:53.372+0000] {dag.py:3096} INFO - Sync 1 DAGs
[2024-06-04T23:50:53.422+0000] {logging_mixin.py:188} INFO - [2024-06-04T23:50:53.421+0000] {dag.py:3954} INFO - Setting next_dagrun for example_dynamic_task_mapping to 2022-03-04 00:00:00+00:00, run_after=2022-03-05 00:00:00+00:00
[2024-06-04T23:50:53.472+0000] {processor.py:183} INFO - Processing /home/airflow/.local/lib/python3.12/site-packages/airflow/example_dags/example_dynamic_task_mapping.py took 0.171 seconds
[2024-06-04T23:51:24.163+0000] {processor.py:161} INFO - Started process (PID=173349) to work on /home/airflow/.local/lib/python3.12/site-packages/airflow/example_dags/example_dynamic_task_mapping.py
[2024-06-04T23:51:24.165+0000] {processor.py:830} INFO - Processing file /home/airflow/.local/lib/python3.12/site-packages/airflow/example_dags/example_dynamic_task_mapping.py for tasks to queue
[2024-06-04T23:51:24.168+0000] {logging_mixin.py:188} INFO - [2024-06-04T23:51:24.167+0000] {dagbag.py:545} INFO - Filling up the DagBag from /home/airflow/.local/lib/python3.12/site-packages/airflow/example_dags/example_dynamic_task_mapping.py
[2024-06-04T23:51:24.181+0000] {processor.py:840} INFO - DAG(s) 'example_dynamic_task_mapping' retrieved from /home/airflow/.local/lib/python3.12/site-packages/airflow/example_dags/example_dynamic_task_mapping.py
[2024-06-04T23:51:24.219+0000] {logging_mixin.py:188} INFO - [2024-06-04T23:51:24.219+0000] {dag.py:3096} INFO - Sync 1 DAGs
[2024-06-04T23:51:24.270+0000] {logging_mixin.py:188} INFO - [2024-06-04T23:51:24.269+0000] {dag.py:3954} INFO - Setting next_dagrun for example_dynamic_task_mapping to 2022-03-04 00:00:00+00:00, run_after=2022-03-05 00:00:00+00:00
[2024-06-04T23:51:24.317+0000] {processor.py:183} INFO - Processing /home/airflow/.local/lib/python3.12/site-packages/airflow/example_dags/example_dynamic_task_mapping.py took 0.168 seconds
[2024-06-04T23:51:55.132+0000] {processor.py:161} INFO - Started process (PID=173612) to work on /home/airflow/.local/lib/python3.12/site-packages/airflow/example_dags/example_dynamic_task_mapping.py
[2024-06-04T23:51:55.133+0000] {processor.py:830} INFO - Processing file /home/airflow/.local/lib/python3.12/site-packages/airflow/example_dags/example_dynamic_task_mapping.py for tasks to queue
[2024-06-04T23:51:55.136+0000] {logging_mixin.py:188} INFO - [2024-06-04T23:51:55.135+0000] {dagbag.py:545} INFO - Filling up the DagBag from /home/airflow/.local/lib/python3.12/site-packages/airflow/example_dags/example_dynamic_task_mapping.py
[2024-06-04T23:51:55.146+0000] {processor.py:840} INFO - DAG(s) 'example_dynamic_task_mapping' retrieved from /home/airflow/.local/lib/python3.12/site-packages/airflow/example_dags/example_dynamic_task_mapping.py
[2024-06-04T23:51:55.178+0000] {logging_mixin.py:188} INFO - [2024-06-04T23:51:55.177+0000] {dag.py:3096} INFO - Sync 1 DAGs
[2024-06-04T23:51:55.217+0000] {logging_mixin.py:188} INFO - [2024-06-04T23:51:55.217+0000] {dag.py:3954} INFO - Setting next_dagrun for example_dynamic_task_mapping to 2022-03-04 00:00:00+00:00, run_after=2022-03-05 00:00:00+00:00
[2024-06-04T23:51:55.257+0000] {processor.py:183} INFO - Processing /home/airflow/.local/lib/python3.12/site-packages/airflow/example_dags/example_dynamic_task_mapping.py took 0.135 seconds
[2024-06-04T23:52:25.753+0000] {processor.py:161} INFO - Started process (PID=173872) to work on /home/airflow/.local/lib/python3.12/site-packages/airflow/example_dags/example_dynamic_task_mapping.py
[2024-06-04T23:52:25.755+0000] {processor.py:830} INFO - Processing file /home/airflow/.local/lib/python3.12/site-packages/airflow/example_dags/example_dynamic_task_mapping.py for tasks to queue
[2024-06-04T23:52:25.758+0000] {logging_mixin.py:188} INFO - [2024-06-04T23:52:25.758+0000] {dagbag.py:545} INFO - Filling up the DagBag from /home/airflow/.local/lib/python3.12/site-packages/airflow/example_dags/example_dynamic_task_mapping.py
[2024-06-04T23:52:25.771+0000] {processor.py:840} INFO - DAG(s) 'example_dynamic_task_mapping' retrieved from /home/airflow/.local/lib/python3.12/site-packages/airflow/example_dags/example_dynamic_task_mapping.py
[2024-06-04T23:52:25.809+0000] {logging_mixin.py:188} INFO - [2024-06-04T23:52:25.808+0000] {dag.py:3096} INFO - Sync 1 DAGs
[2024-06-04T23:52:25.858+0000] {logging_mixin.py:188} INFO - [2024-06-04T23:52:25.858+0000] {dag.py:3954} INFO - Setting next_dagrun for example_dynamic_task_mapping to 2022-03-04 00:00:00+00:00, run_after=2022-03-05 00:00:00+00:00
[2024-06-04T23:52:25.918+0000] {processor.py:183} INFO - Processing /home/airflow/.local/lib/python3.12/site-packages/airflow/example_dags/example_dynamic_task_mapping.py took 0.178 seconds
[2024-06-04T23:52:56.753+0000] {processor.py:161} INFO - Started process (PID=174134) to work on /home/airflow/.local/lib/python3.12/site-packages/airflow/example_dags/example_dynamic_task_mapping.py
[2024-06-04T23:52:56.755+0000] {processor.py:830} INFO - Processing file /home/airflow/.local/lib/python3.12/site-packages/airflow/example_dags/example_dynamic_task_mapping.py for tasks to queue
[2024-06-04T23:52:56.758+0000] {logging_mixin.py:188} INFO - [2024-06-04T23:52:56.757+0000] {dagbag.py:545} INFO - Filling up the DagBag from /home/airflow/.local/lib/python3.12/site-packages/airflow/example_dags/example_dynamic_task_mapping.py
[2024-06-04T23:52:56.774+0000] {processor.py:840} INFO - DAG(s) 'example_dynamic_task_mapping' retrieved from /home/airflow/.local/lib/python3.12/site-packages/airflow/example_dags/example_dynamic_task_mapping.py
[2024-06-04T23:52:56.812+0000] {logging_mixin.py:188} INFO - [2024-06-04T23:52:56.811+0000] {dag.py:3096} INFO - Sync 1 DAGs
[2024-06-04T23:52:56.860+0000] {logging_mixin.py:188} INFO - [2024-06-04T23:52:56.860+0000] {dag.py:3954} INFO - Setting next_dagrun for example_dynamic_task_mapping to 2022-03-04 00:00:00+00:00, run_after=2022-03-05 00:00:00+00:00
[2024-06-04T23:52:56.916+0000] {processor.py:183} INFO - Processing /home/airflow/.local/lib/python3.12/site-packages/airflow/example_dags/example_dynamic_task_mapping.py took 0.174 seconds
[2024-06-04T23:53:27.406+0000] {processor.py:161} INFO - Started process (PID=174396) to work on /home/airflow/.local/lib/python3.12/site-packages/airflow/example_dags/example_dynamic_task_mapping.py
[2024-06-04T23:53:27.407+0000] {processor.py:830} INFO - Processing file /home/airflow/.local/lib/python3.12/site-packages/airflow/example_dags/example_dynamic_task_mapping.py for tasks to queue
[2024-06-04T23:53:27.418+0000] {logging_mixin.py:188} INFO - [2024-06-04T23:53:27.417+0000] {dagbag.py:545} INFO - Filling up the DagBag from /home/airflow/.local/lib/python3.12/site-packages/airflow/example_dags/example_dynamic_task_mapping.py
[2024-06-04T23:53:27.478+0000] {processor.py:840} INFO - DAG(s) 'example_dynamic_task_mapping' retrieved from /home/airflow/.local/lib/python3.12/site-packages/airflow/example_dags/example_dynamic_task_mapping.py
[2024-06-04T23:53:27.607+0000] {logging_mixin.py:188} INFO - [2024-06-04T23:53:27.607+0000] {dag.py:3096} INFO - Sync 1 DAGs
[2024-06-04T23:53:27.708+0000] {logging_mixin.py:188} INFO - [2024-06-04T23:53:27.707+0000] {dag.py:3954} INFO - Setting next_dagrun for example_dynamic_task_mapping to 2022-03-04 00:00:00+00:00, run_after=2022-03-05 00:00:00+00:00
[2024-06-04T23:53:27.787+0000] {processor.py:183} INFO - Processing /home/airflow/.local/lib/python3.12/site-packages/airflow/example_dags/example_dynamic_task_mapping.py took 0.438 seconds
[2024-06-04T23:53:58.626+0000] {processor.py:161} INFO - Started process (PID=174658) to work on /home/airflow/.local/lib/python3.12/site-packages/airflow/example_dags/example_dynamic_task_mapping.py
[2024-06-04T23:53:58.648+0000] {processor.py:830} INFO - Processing file /home/airflow/.local/lib/python3.12/site-packages/airflow/example_dags/example_dynamic_task_mapping.py for tasks to queue
[2024-06-04T23:53:58.651+0000] {logging_mixin.py:188} INFO - [2024-06-04T23:53:58.651+0000] {dagbag.py:545} INFO - Filling up the DagBag from /home/airflow/.local/lib/python3.12/site-packages/airflow/example_dags/example_dynamic_task_mapping.py
[2024-06-04T23:53:58.678+0000] {processor.py:840} INFO - DAG(s) 'example_dynamic_task_mapping' retrieved from /home/airflow/.local/lib/python3.12/site-packages/airflow/example_dags/example_dynamic_task_mapping.py
[2024-06-04T23:53:58.769+0000] {logging_mixin.py:188} INFO - [2024-06-04T23:53:58.768+0000] {dag.py:3096} INFO - Sync 1 DAGs
[2024-06-04T23:53:58.870+0000] {logging_mixin.py:188} INFO - [2024-06-04T23:53:58.869+0000] {dag.py:3954} INFO - Setting next_dagrun for example_dynamic_task_mapping to 2022-03-04 00:00:00+00:00, run_after=2022-03-05 00:00:00+00:00
[2024-06-04T23:53:58.956+0000] {processor.py:183} INFO - Processing /home/airflow/.local/lib/python3.12/site-packages/airflow/example_dags/example_dynamic_task_mapping.py took 0.363 seconds
[2024-06-04T23:54:29.856+0000] {processor.py:161} INFO - Started process (PID=174920) to work on /home/airflow/.local/lib/python3.12/site-packages/airflow/example_dags/example_dynamic_task_mapping.py
[2024-06-04T23:54:29.858+0000] {processor.py:830} INFO - Processing file /home/airflow/.local/lib/python3.12/site-packages/airflow/example_dags/example_dynamic_task_mapping.py for tasks to queue
[2024-06-04T23:54:29.863+0000] {logging_mixin.py:188} INFO - [2024-06-04T23:54:29.862+0000] {dagbag.py:545} INFO - Filling up the DagBag from /home/airflow/.local/lib/python3.12/site-packages/airflow/example_dags/example_dynamic_task_mapping.py
[2024-06-04T23:54:29.879+0000] {processor.py:840} INFO - DAG(s) 'example_dynamic_task_mapping' retrieved from /home/airflow/.local/lib/python3.12/site-packages/airflow/example_dags/example_dynamic_task_mapping.py
[2024-06-04T23:54:29.929+0000] {logging_mixin.py:188} INFO - [2024-06-04T23:54:29.928+0000] {dag.py:3096} INFO - Sync 1 DAGs
[2024-06-04T23:54:29.994+0000] {logging_mixin.py:188} INFO - [2024-06-04T23:54:29.993+0000] {dag.py:3954} INFO - Setting next_dagrun for example_dynamic_task_mapping to 2022-03-04 00:00:00+00:00, run_after=2022-03-05 00:00:00+00:00
[2024-06-04T23:54:30.053+0000] {processor.py:183} INFO - Processing /home/airflow/.local/lib/python3.12/site-packages/airflow/example_dags/example_dynamic_task_mapping.py took 0.213 seconds
[2024-06-04T23:55:00.158+0000] {processor.py:161} INFO - Started process (PID=175180) to work on /home/airflow/.local/lib/python3.12/site-packages/airflow/example_dags/example_dynamic_task_mapping.py
[2024-06-04T23:55:00.159+0000] {processor.py:830} INFO - Processing file /home/airflow/.local/lib/python3.12/site-packages/airflow/example_dags/example_dynamic_task_mapping.py for tasks to queue
[2024-06-04T23:55:00.163+0000] {logging_mixin.py:188} INFO - [2024-06-04T23:55:00.162+0000] {dagbag.py:545} INFO - Filling up the DagBag from /home/airflow/.local/lib/python3.12/site-packages/airflow/example_dags/example_dynamic_task_mapping.py
[2024-06-04T23:55:00.176+0000] {processor.py:840} INFO - DAG(s) 'example_dynamic_task_mapping' retrieved from /home/airflow/.local/lib/python3.12/site-packages/airflow/example_dags/example_dynamic_task_mapping.py
[2024-06-04T23:55:00.214+0000] {logging_mixin.py:188} INFO - [2024-06-04T23:55:00.213+0000] {dag.py:3096} INFO - Sync 1 DAGs
[2024-06-04T23:55:00.278+0000] {logging_mixin.py:188} INFO - [2024-06-04T23:55:00.277+0000] {dag.py:3954} INFO - Setting next_dagrun for example_dynamic_task_mapping to 2022-03-04 00:00:00+00:00, run_after=2022-03-05 00:00:00+00:00
[2024-06-04T23:55:00.411+0000] {processor.py:183} INFO - Processing /home/airflow/.local/lib/python3.12/site-packages/airflow/example_dags/example_dynamic_task_mapping.py took 0.265 seconds
[2024-06-04T23:55:30.645+0000] {processor.py:161} INFO - Started process (PID=175442) to work on /home/airflow/.local/lib/python3.12/site-packages/airflow/example_dags/example_dynamic_task_mapping.py
[2024-06-04T23:55:30.734+0000] {processor.py:830} INFO - Processing file /home/airflow/.local/lib/python3.12/site-packages/airflow/example_dags/example_dynamic_task_mapping.py for tasks to queue
[2024-06-04T23:55:30.738+0000] {logging_mixin.py:188} INFO - [2024-06-04T23:55:30.737+0000] {dagbag.py:545} INFO - Filling up the DagBag from /home/airflow/.local/lib/python3.12/site-packages/airflow/example_dags/example_dynamic_task_mapping.py
[2024-06-04T23:55:30.751+0000] {processor.py:840} INFO - DAG(s) 'example_dynamic_task_mapping' retrieved from /home/airflow/.local/lib/python3.12/site-packages/airflow/example_dags/example_dynamic_task_mapping.py
[2024-06-04T23:55:30.789+0000] {logging_mixin.py:188} INFO - [2024-06-04T23:55:30.788+0000] {dag.py:3096} INFO - Sync 1 DAGs
[2024-06-04T23:55:30.840+0000] {logging_mixin.py:188} INFO - [2024-06-04T23:55:30.839+0000] {dag.py:3954} INFO - Setting next_dagrun for example_dynamic_task_mapping to 2022-03-04 00:00:00+00:00, run_after=2022-03-05 00:00:00+00:00
[2024-06-04T23:55:30.895+0000] {processor.py:183} INFO - Processing /home/airflow/.local/lib/python3.12/site-packages/airflow/example_dags/example_dynamic_task_mapping.py took 0.262 seconds
[2024-06-04T23:56:00.966+0000] {processor.py:161} INFO - Started process (PID=175702) to work on /home/airflow/.local/lib/python3.12/site-packages/airflow/example_dags/example_dynamic_task_mapping.py
[2024-06-04T23:56:00.967+0000] {processor.py:830} INFO - Processing file /home/airflow/.local/lib/python3.12/site-packages/airflow/example_dags/example_dynamic_task_mapping.py for tasks to queue
[2024-06-04T23:56:00.971+0000] {logging_mixin.py:188} INFO - [2024-06-04T23:56:00.970+0000] {dagbag.py:545} INFO - Filling up the DagBag from /home/airflow/.local/lib/python3.12/site-packages/airflow/example_dags/example_dynamic_task_mapping.py
[2024-06-04T23:56:00.986+0000] {processor.py:840} INFO - DAG(s) 'example_dynamic_task_mapping' retrieved from /home/airflow/.local/lib/python3.12/site-packages/airflow/example_dags/example_dynamic_task_mapping.py
[2024-06-04T23:56:01.024+0000] {logging_mixin.py:188} INFO - [2024-06-04T23:56:01.023+0000] {dag.py:3096} INFO - Sync 1 DAGs
[2024-06-04T23:56:01.073+0000] {logging_mixin.py:188} INFO - [2024-06-04T23:56:01.072+0000] {dag.py:3954} INFO - Setting next_dagrun for example_dynamic_task_mapping to 2022-03-04 00:00:00+00:00, run_after=2022-03-05 00:00:00+00:00
[2024-06-04T23:56:01.127+0000] {processor.py:183} INFO - Processing /home/airflow/.local/lib/python3.12/site-packages/airflow/example_dags/example_dynamic_task_mapping.py took 0.173 seconds
[2024-06-04T23:56:31.762+0000] {processor.py:161} INFO - Started process (PID=175960) to work on /home/airflow/.local/lib/python3.12/site-packages/airflow/example_dags/example_dynamic_task_mapping.py
[2024-06-04T23:56:31.768+0000] {processor.py:830} INFO - Processing file /home/airflow/.local/lib/python3.12/site-packages/airflow/example_dags/example_dynamic_task_mapping.py for tasks to queue
[2024-06-04T23:56:31.773+0000] {logging_mixin.py:188} INFO - [2024-06-04T23:56:31.771+0000] {dagbag.py:545} INFO - Filling up the DagBag from /home/airflow/.local/lib/python3.12/site-packages/airflow/example_dags/example_dynamic_task_mapping.py
[2024-06-04T23:56:31.803+0000] {processor.py:840} INFO - DAG(s) 'example_dynamic_task_mapping' retrieved from /home/airflow/.local/lib/python3.12/site-packages/airflow/example_dags/example_dynamic_task_mapping.py
[2024-06-04T23:56:31.855+0000] {logging_mixin.py:188} INFO - [2024-06-04T23:56:31.854+0000] {dag.py:3096} INFO - Sync 1 DAGs
[2024-06-04T23:56:31.906+0000] {logging_mixin.py:188} INFO - [2024-06-04T23:56:31.905+0000] {dag.py:3954} INFO - Setting next_dagrun for example_dynamic_task_mapping to 2022-03-04 00:00:00+00:00, run_after=2022-03-05 00:00:00+00:00
[2024-06-04T23:56:31.968+0000] {processor.py:183} INFO - Processing /home/airflow/.local/lib/python3.12/site-packages/airflow/example_dags/example_dynamic_task_mapping.py took 0.221 seconds
[2024-06-04T23:57:02.150+0000] {processor.py:161} INFO - Started process (PID=176221) to work on /home/airflow/.local/lib/python3.12/site-packages/airflow/example_dags/example_dynamic_task_mapping.py
[2024-06-04T23:57:02.151+0000] {processor.py:830} INFO - Processing file /home/airflow/.local/lib/python3.12/site-packages/airflow/example_dags/example_dynamic_task_mapping.py for tasks to queue
[2024-06-04T23:57:02.154+0000] {logging_mixin.py:188} INFO - [2024-06-04T23:57:02.154+0000] {dagbag.py:545} INFO - Filling up the DagBag from /home/airflow/.local/lib/python3.12/site-packages/airflow/example_dags/example_dynamic_task_mapping.py
[2024-06-04T23:57:02.167+0000] {processor.py:840} INFO - DAG(s) 'example_dynamic_task_mapping' retrieved from /home/airflow/.local/lib/python3.12/site-packages/airflow/example_dags/example_dynamic_task_mapping.py
[2024-06-04T23:57:02.198+0000] {logging_mixin.py:188} INFO - [2024-06-04T23:57:02.198+0000] {dag.py:3096} INFO - Sync 1 DAGs
[2024-06-04T23:57:02.239+0000] {logging_mixin.py:188} INFO - [2024-06-04T23:57:02.238+0000] {dag.py:3954} INFO - Setting next_dagrun for example_dynamic_task_mapping to 2022-03-04 00:00:00+00:00, run_after=2022-03-05 00:00:00+00:00
[2024-06-04T23:57:02.280+0000] {processor.py:183} INFO - Processing /home/airflow/.local/lib/python3.12/site-packages/airflow/example_dags/example_dynamic_task_mapping.py took 0.142 seconds
[2024-06-04T23:57:32.412+0000] {processor.py:161} INFO - Started process (PID=176481) to work on /home/airflow/.local/lib/python3.12/site-packages/airflow/example_dags/example_dynamic_task_mapping.py
[2024-06-04T23:57:32.417+0000] {processor.py:830} INFO - Processing file /home/airflow/.local/lib/python3.12/site-packages/airflow/example_dags/example_dynamic_task_mapping.py for tasks to queue
[2024-06-04T23:57:32.421+0000] {logging_mixin.py:188} INFO - [2024-06-04T23:57:32.420+0000] {dagbag.py:545} INFO - Filling up the DagBag from /home/airflow/.local/lib/python3.12/site-packages/airflow/example_dags/example_dynamic_task_mapping.py
[2024-06-04T23:57:32.445+0000] {processor.py:840} INFO - DAG(s) 'example_dynamic_task_mapping' retrieved from /home/airflow/.local/lib/python3.12/site-packages/airflow/example_dags/example_dynamic_task_mapping.py
[2024-06-04T23:57:32.518+0000] {logging_mixin.py:188} INFO - [2024-06-04T23:57:32.518+0000] {dag.py:3096} INFO - Sync 1 DAGs
[2024-06-04T23:57:32.618+0000] {logging_mixin.py:188} INFO - [2024-06-04T23:57:32.618+0000] {dag.py:3954} INFO - Setting next_dagrun for example_dynamic_task_mapping to 2022-03-04 00:00:00+00:00, run_after=2022-03-05 00:00:00+00:00
[2024-06-04T23:57:32.660+0000] {processor.py:183} INFO - Processing /home/airflow/.local/lib/python3.12/site-packages/airflow/example_dags/example_dynamic_task_mapping.py took 0.262 seconds
[2024-06-04T23:58:03.231+0000] {processor.py:161} INFO - Started process (PID=176743) to work on /home/airflow/.local/lib/python3.12/site-packages/airflow/example_dags/example_dynamic_task_mapping.py
[2024-06-04T23:58:03.232+0000] {processor.py:830} INFO - Processing file /home/airflow/.local/lib/python3.12/site-packages/airflow/example_dags/example_dynamic_task_mapping.py for tasks to queue
[2024-06-04T23:58:03.235+0000] {logging_mixin.py:188} INFO - [2024-06-04T23:58:03.235+0000] {dagbag.py:545} INFO - Filling up the DagBag from /home/airflow/.local/lib/python3.12/site-packages/airflow/example_dags/example_dynamic_task_mapping.py
[2024-06-04T23:58:03.248+0000] {processor.py:840} INFO - DAG(s) 'example_dynamic_task_mapping' retrieved from /home/airflow/.local/lib/python3.12/site-packages/airflow/example_dags/example_dynamic_task_mapping.py
[2024-06-04T23:58:03.285+0000] {logging_mixin.py:188} INFO - [2024-06-04T23:58:03.284+0000] {dag.py:3096} INFO - Sync 1 DAGs
[2024-06-04T23:58:03.325+0000] {logging_mixin.py:188} INFO - [2024-06-04T23:58:03.324+0000] {dag.py:3954} INFO - Setting next_dagrun for example_dynamic_task_mapping to 2022-03-04 00:00:00+00:00, run_after=2022-03-05 00:00:00+00:00
[2024-06-04T23:58:03.365+0000] {processor.py:183} INFO - Processing /home/airflow/.local/lib/python3.12/site-packages/airflow/example_dags/example_dynamic_task_mapping.py took 0.150 seconds
[2024-06-04T23:58:34.016+0000] {processor.py:161} INFO - Started process (PID=177004) to work on /home/airflow/.local/lib/python3.12/site-packages/airflow/example_dags/example_dynamic_task_mapping.py
[2024-06-04T23:58:34.018+0000] {processor.py:830} INFO - Processing file /home/airflow/.local/lib/python3.12/site-packages/airflow/example_dags/example_dynamic_task_mapping.py for tasks to queue
[2024-06-04T23:58:34.022+0000] {logging_mixin.py:188} INFO - [2024-06-04T23:58:34.021+0000] {dagbag.py:545} INFO - Filling up the DagBag from /home/airflow/.local/lib/python3.12/site-packages/airflow/example_dags/example_dynamic_task_mapping.py
[2024-06-04T23:58:34.038+0000] {processor.py:840} INFO - DAG(s) 'example_dynamic_task_mapping' retrieved from /home/airflow/.local/lib/python3.12/site-packages/airflow/example_dags/example_dynamic_task_mapping.py
[2024-06-04T23:58:34.072+0000] {logging_mixin.py:188} INFO - [2024-06-04T23:58:34.072+0000] {dag.py:3096} INFO - Sync 1 DAGs
[2024-06-04T23:58:34.112+0000] {logging_mixin.py:188} INFO - [2024-06-04T23:58:34.111+0000] {dag.py:3954} INFO - Setting next_dagrun for example_dynamic_task_mapping to 2022-03-04 00:00:00+00:00, run_after=2022-03-05 00:00:00+00:00
[2024-06-04T23:58:34.146+0000] {processor.py:183} INFO - Processing /home/airflow/.local/lib/python3.12/site-packages/airflow/example_dags/example_dynamic_task_mapping.py took 0.145 seconds
[2024-06-04T23:59:04.806+0000] {processor.py:161} INFO - Started process (PID=177265) to work on /home/airflow/.local/lib/python3.12/site-packages/airflow/example_dags/example_dynamic_task_mapping.py
[2024-06-04T23:59:04.814+0000] {processor.py:830} INFO - Processing file /home/airflow/.local/lib/python3.12/site-packages/airflow/example_dags/example_dynamic_task_mapping.py for tasks to queue
[2024-06-04T23:59:04.818+0000] {logging_mixin.py:188} INFO - [2024-06-04T23:59:04.817+0000] {dagbag.py:545} INFO - Filling up the DagBag from /home/airflow/.local/lib/python3.12/site-packages/airflow/example_dags/example_dynamic_task_mapping.py
[2024-06-04T23:59:04.847+0000] {processor.py:840} INFO - DAG(s) 'example_dynamic_task_mapping' retrieved from /home/airflow/.local/lib/python3.12/site-packages/airflow/example_dags/example_dynamic_task_mapping.py
[2024-06-04T23:59:04.901+0000] {logging_mixin.py:188} INFO - [2024-06-04T23:59:04.900+0000] {dag.py:3096} INFO - Sync 1 DAGs
[2024-06-04T23:59:04.988+0000] {logging_mixin.py:188} INFO - [2024-06-04T23:59:04.988+0000] {dag.py:3954} INFO - Setting next_dagrun for example_dynamic_task_mapping to 2022-03-04 00:00:00+00:00, run_after=2022-03-05 00:00:00+00:00
[2024-06-04T23:59:05.042+0000] {processor.py:183} INFO - Processing /home/airflow/.local/lib/python3.12/site-packages/airflow/example_dags/example_dynamic_task_mapping.py took 0.256 seconds
[2024-06-04T23:59:35.118+0000] {processor.py:161} INFO - Started process (PID=177527) to work on /home/airflow/.local/lib/python3.12/site-packages/airflow/example_dags/example_dynamic_task_mapping.py
[2024-06-04T23:59:35.120+0000] {processor.py:830} INFO - Processing file /home/airflow/.local/lib/python3.12/site-packages/airflow/example_dags/example_dynamic_task_mapping.py for tasks to queue
[2024-06-04T23:59:35.125+0000] {logging_mixin.py:188} INFO - [2024-06-04T23:59:35.124+0000] {dagbag.py:545} INFO - Filling up the DagBag from /home/airflow/.local/lib/python3.12/site-packages/airflow/example_dags/example_dynamic_task_mapping.py
[2024-06-04T23:59:35.141+0000] {processor.py:840} INFO - DAG(s) 'example_dynamic_task_mapping' retrieved from /home/airflow/.local/lib/python3.12/site-packages/airflow/example_dags/example_dynamic_task_mapping.py
[2024-06-04T23:59:35.211+0000] {logging_mixin.py:188} INFO - [2024-06-04T23:59:35.208+0000] {dag.py:3096} INFO - Sync 1 DAGs
[2024-06-04T23:59:35.287+0000] {logging_mixin.py:188} INFO - [2024-06-04T23:59:35.286+0000] {dag.py:3954} INFO - Setting next_dagrun for example_dynamic_task_mapping to 2022-03-04 00:00:00+00:00, run_after=2022-03-05 00:00:00+00:00
[2024-06-04T23:59:35.349+0000] {processor.py:183} INFO - Processing /home/airflow/.local/lib/python3.12/site-packages/airflow/example_dags/example_dynamic_task_mapping.py took 0.245 seconds
