[2024-06-04T23:44:03.165+0000] {processor.py:161} INFO - Started process (PID=169597) to work on /home/airflow/.local/lib/python3.12/site-packages/airflow/example_dags/example_sla_dag.py
[2024-06-04T23:44:03.167+0000] {processor.py:830} INFO - Processing file /home/airflow/.local/lib/python3.12/site-packages/airflow/example_dags/example_sla_dag.py for tasks to queue
[2024-06-04T23:44:03.169+0000] {logging_mixin.py:188} INFO - [2024-06-04T23:44:03.169+0000] {dagbag.py:545} INFO - Filling up the DagBag from /home/airflow/.local/lib/python3.12/site-packages/airflow/example_dags/example_sla_dag.py
[2024-06-04T23:44:03.183+0000] {processor.py:840} INFO - DAG(s) 'example_sla_dag' retrieved from /home/airflow/.local/lib/python3.12/site-packages/airflow/example_dags/example_sla_dag.py
[2024-06-04T23:44:03.216+0000] {logging_mixin.py:188} INFO - [2024-06-04T23:44:03.215+0000] {dag.py:3096} INFO - Sync 1 DAGs
[2024-06-04T23:44:03.263+0000] {logging_mixin.py:188} INFO - [2024-06-04T23:44:03.262+0000] {dag.py:3954} INFO - Setting next_dagrun for example_sla_dag to 2024-06-04 23:42:00+00:00, run_after=2024-06-04 23:44:00+00:00
[2024-06-04T23:44:03.894+0000] {processor.py:183} INFO - Processing /home/airflow/.local/lib/python3.12/site-packages/airflow/example_dags/example_sla_dag.py took 0.740 seconds
[2024-06-04T23:44:34.142+0000] {processor.py:161} INFO - Started process (PID=169861) to work on /home/airflow/.local/lib/python3.12/site-packages/airflow/example_dags/example_sla_dag.py
[2024-06-04T23:44:34.144+0000] {processor.py:830} INFO - Processing file /home/airflow/.local/lib/python3.12/site-packages/airflow/example_dags/example_sla_dag.py for tasks to queue
[2024-06-04T23:44:34.147+0000] {logging_mixin.py:188} INFO - [2024-06-04T23:44:34.147+0000] {dagbag.py:545} INFO - Filling up the DagBag from /home/airflow/.local/lib/python3.12/site-packages/airflow/example_dags/example_sla_dag.py
[2024-06-04T23:44:34.164+0000] {processor.py:840} INFO - DAG(s) 'example_sla_dag' retrieved from /home/airflow/.local/lib/python3.12/site-packages/airflow/example_dags/example_sla_dag.py
[2024-06-04T23:44:34.201+0000] {logging_mixin.py:188} INFO - [2024-06-04T23:44:34.200+0000] {dag.py:3096} INFO - Sync 1 DAGs
[2024-06-04T23:44:34.255+0000] {logging_mixin.py:188} INFO - [2024-06-04T23:44:34.255+0000] {dag.py:3954} INFO - Setting next_dagrun for example_sla_dag to 2024-06-04 23:42:00+00:00, run_after=2024-06-04 23:44:00+00:00
[2024-06-04T23:44:34.343+0000] {processor.py:183} INFO - Processing /home/airflow/.local/lib/python3.12/site-packages/airflow/example_dags/example_sla_dag.py took 0.214 seconds
[2024-06-04T23:45:05.142+0000] {processor.py:161} INFO - Started process (PID=170121) to work on /home/airflow/.local/lib/python3.12/site-packages/airflow/example_dags/example_sla_dag.py
[2024-06-04T23:45:05.154+0000] {processor.py:830} INFO - Processing file /home/airflow/.local/lib/python3.12/site-packages/airflow/example_dags/example_sla_dag.py for tasks to queue
[2024-06-04T23:45:05.164+0000] {logging_mixin.py:188} INFO - [2024-06-04T23:45:05.163+0000] {dagbag.py:545} INFO - Filling up the DagBag from /home/airflow/.local/lib/python3.12/site-packages/airflow/example_dags/example_sla_dag.py
[2024-06-04T23:45:05.197+0000] {processor.py:840} INFO - DAG(s) 'example_sla_dag' retrieved from /home/airflow/.local/lib/python3.12/site-packages/airflow/example_dags/example_sla_dag.py
[2024-06-04T23:45:05.254+0000] {logging_mixin.py:188} INFO - [2024-06-04T23:45:05.254+0000] {dag.py:3096} INFO - Sync 1 DAGs
[2024-06-04T23:45:05.347+0000] {logging_mixin.py:188} INFO - [2024-06-04T23:45:05.346+0000] {dag.py:3954} INFO - Setting next_dagrun for example_sla_dag to 2024-06-04 23:42:00+00:00, run_after=2024-06-04 23:44:00+00:00
[2024-06-04T23:45:05.446+0000] {processor.py:183} INFO - Processing /home/airflow/.local/lib/python3.12/site-packages/airflow/example_dags/example_sla_dag.py took 0.342 seconds
[2024-06-04T23:45:35.708+0000] {processor.py:161} INFO - Started process (PID=170385) to work on /home/airflow/.local/lib/python3.12/site-packages/airflow/example_dags/example_sla_dag.py
[2024-06-04T23:45:35.710+0000] {processor.py:830} INFO - Processing file /home/airflow/.local/lib/python3.12/site-packages/airflow/example_dags/example_sla_dag.py for tasks to queue
[2024-06-04T23:45:35.713+0000] {logging_mixin.py:188} INFO - [2024-06-04T23:45:35.713+0000] {dagbag.py:545} INFO - Filling up the DagBag from /home/airflow/.local/lib/python3.12/site-packages/airflow/example_dags/example_sla_dag.py
[2024-06-04T23:45:35.732+0000] {processor.py:840} INFO - DAG(s) 'example_sla_dag' retrieved from /home/airflow/.local/lib/python3.12/site-packages/airflow/example_dags/example_sla_dag.py
[2024-06-04T23:45:35.773+0000] {logging_mixin.py:188} INFO - [2024-06-04T23:45:35.772+0000] {dag.py:3096} INFO - Sync 1 DAGs
[2024-06-04T23:45:35.828+0000] {logging_mixin.py:188} INFO - [2024-06-04T23:45:35.827+0000] {dag.py:3954} INFO - Setting next_dagrun for example_sla_dag to 2024-06-04 23:42:00+00:00, run_after=2024-06-04 23:44:00+00:00
[2024-06-04T23:45:35.885+0000] {processor.py:183} INFO - Processing /home/airflow/.local/lib/python3.12/site-packages/airflow/example_dags/example_sla_dag.py took 0.190 seconds
[2024-06-04T23:46:09.653+0000] {processor.py:161} INFO - Started process (PID=170645) to work on /home/airflow/.local/lib/python3.12/site-packages/airflow/example_dags/example_sla_dag.py
[2024-06-04T23:46:09.654+0000] {processor.py:830} INFO - Processing file /home/airflow/.local/lib/python3.12/site-packages/airflow/example_dags/example_sla_dag.py for tasks to queue
[2024-06-04T23:46:09.658+0000] {logging_mixin.py:188} INFO - [2024-06-04T23:46:09.657+0000] {dagbag.py:545} INFO - Filling up the DagBag from /home/airflow/.local/lib/python3.12/site-packages/airflow/example_dags/example_sla_dag.py
[2024-06-04T23:46:09.691+0000] {processor.py:840} INFO - DAG(s) 'example_sla_dag' retrieved from /home/airflow/.local/lib/python3.12/site-packages/airflow/example_dags/example_sla_dag.py
[2024-06-04T23:46:09.740+0000] {logging_mixin.py:188} INFO - [2024-06-04T23:46:09.739+0000] {dag.py:3096} INFO - Sync 1 DAGs
[2024-06-04T23:46:09.826+0000] {logging_mixin.py:188} INFO - [2024-06-04T23:46:09.825+0000] {dag.py:3954} INFO - Setting next_dagrun for example_sla_dag to 2024-06-04 23:44:00+00:00, run_after=2024-06-04 23:46:00+00:00
[2024-06-04T23:46:09.916+0000] {processor.py:183} INFO - Processing /home/airflow/.local/lib/python3.12/site-packages/airflow/example_dags/example_sla_dag.py took 0.329 seconds
[2024-06-04T23:46:40.714+0000] {processor.py:161} INFO - Started process (PID=170909) to work on /home/airflow/.local/lib/python3.12/site-packages/airflow/example_dags/example_sla_dag.py
[2024-06-04T23:46:40.720+0000] {processor.py:830} INFO - Processing file /home/airflow/.local/lib/python3.12/site-packages/airflow/example_dags/example_sla_dag.py for tasks to queue
[2024-06-04T23:46:40.724+0000] {logging_mixin.py:188} INFO - [2024-06-04T23:46:40.724+0000] {dagbag.py:545} INFO - Filling up the DagBag from /home/airflow/.local/lib/python3.12/site-packages/airflow/example_dags/example_sla_dag.py
[2024-06-04T23:46:40.775+0000] {processor.py:840} INFO - DAG(s) 'example_sla_dag' retrieved from /home/airflow/.local/lib/python3.12/site-packages/airflow/example_dags/example_sla_dag.py
[2024-06-04T23:46:40.915+0000] {logging_mixin.py:188} INFO - [2024-06-04T23:46:40.911+0000] {dag.py:3096} INFO - Sync 1 DAGs
[2024-06-04T23:46:41.062+0000] {logging_mixin.py:188} INFO - [2024-06-04T23:46:41.061+0000] {dag.py:3954} INFO - Setting next_dagrun for example_sla_dag to 2024-06-04 23:44:00+00:00, run_after=2024-06-04 23:46:00+00:00
[2024-06-04T23:46:41.201+0000] {processor.py:183} INFO - Processing /home/airflow/.local/lib/python3.12/site-packages/airflow/example_dags/example_sla_dag.py took 0.511 seconds
[2024-06-04T23:47:11.761+0000] {processor.py:161} INFO - Started process (PID=171168) to work on /home/airflow/.local/lib/python3.12/site-packages/airflow/example_dags/example_sla_dag.py
[2024-06-04T23:47:11.763+0000] {processor.py:830} INFO - Processing file /home/airflow/.local/lib/python3.12/site-packages/airflow/example_dags/example_sla_dag.py for tasks to queue
[2024-06-04T23:47:11.766+0000] {logging_mixin.py:188} INFO - [2024-06-04T23:47:11.765+0000] {dagbag.py:545} INFO - Filling up the DagBag from /home/airflow/.local/lib/python3.12/site-packages/airflow/example_dags/example_sla_dag.py
[2024-06-04T23:47:11.783+0000] {processor.py:840} INFO - DAG(s) 'example_sla_dag' retrieved from /home/airflow/.local/lib/python3.12/site-packages/airflow/example_dags/example_sla_dag.py
[2024-06-04T23:47:11.828+0000] {logging_mixin.py:188} INFO - [2024-06-04T23:47:11.827+0000] {dag.py:3096} INFO - Sync 1 DAGs
[2024-06-04T23:47:11.916+0000] {logging_mixin.py:188} INFO - [2024-06-04T23:47:11.915+0000] {dag.py:3954} INFO - Setting next_dagrun for example_sla_dag to 2024-06-04 23:44:00+00:00, run_after=2024-06-04 23:46:00+00:00
[2024-06-04T23:47:12.030+0000] {processor.py:183} INFO - Processing /home/airflow/.local/lib/python3.12/site-packages/airflow/example_dags/example_sla_dag.py took 0.281 seconds
[2024-06-04T23:47:42.251+0000] {processor.py:161} INFO - Started process (PID=171431) to work on /home/airflow/.local/lib/python3.12/site-packages/airflow/example_dags/example_sla_dag.py
[2024-06-04T23:47:42.253+0000] {processor.py:830} INFO - Processing file /home/airflow/.local/lib/python3.12/site-packages/airflow/example_dags/example_sla_dag.py for tasks to queue
[2024-06-04T23:47:42.257+0000] {logging_mixin.py:188} INFO - [2024-06-04T23:47:42.256+0000] {dagbag.py:545} INFO - Filling up the DagBag from /home/airflow/.local/lib/python3.12/site-packages/airflow/example_dags/example_sla_dag.py
[2024-06-04T23:47:42.275+0000] {processor.py:840} INFO - DAG(s) 'example_sla_dag' retrieved from /home/airflow/.local/lib/python3.12/site-packages/airflow/example_dags/example_sla_dag.py
[2024-06-04T23:47:42.326+0000] {logging_mixin.py:188} INFO - [2024-06-04T23:47:42.325+0000] {dag.py:3096} INFO - Sync 1 DAGs
[2024-06-04T23:47:42.380+0000] {logging_mixin.py:188} INFO - [2024-06-04T23:47:42.380+0000] {dag.py:3954} INFO - Setting next_dagrun for example_sla_dag to 2024-06-04 23:44:00+00:00, run_after=2024-06-04 23:46:00+00:00
[2024-06-04T23:47:42.462+0000] {processor.py:183} INFO - Processing /home/airflow/.local/lib/python3.12/site-packages/airflow/example_dags/example_sla_dag.py took 0.223 seconds
[2024-06-04T23:48:13.297+0000] {processor.py:161} INFO - Started process (PID=171693) to work on /home/airflow/.local/lib/python3.12/site-packages/airflow/example_dags/example_sla_dag.py
[2024-06-04T23:48:13.299+0000] {processor.py:830} INFO - Processing file /home/airflow/.local/lib/python3.12/site-packages/airflow/example_dags/example_sla_dag.py for tasks to queue
[2024-06-04T23:48:13.302+0000] {logging_mixin.py:188} INFO - [2024-06-04T23:48:13.301+0000] {dagbag.py:545} INFO - Filling up the DagBag from /home/airflow/.local/lib/python3.12/site-packages/airflow/example_dags/example_sla_dag.py
[2024-06-04T23:48:13.320+0000] {processor.py:840} INFO - DAG(s) 'example_sla_dag' retrieved from /home/airflow/.local/lib/python3.12/site-packages/airflow/example_dags/example_sla_dag.py
[2024-06-04T23:48:13.363+0000] {logging_mixin.py:188} INFO - [2024-06-04T23:48:13.362+0000] {dag.py:3096} INFO - Sync 1 DAGs
[2024-06-04T23:48:13.422+0000] {logging_mixin.py:188} INFO - [2024-06-04T23:48:13.421+0000] {dag.py:3954} INFO - Setting next_dagrun for example_sla_dag to 2024-06-04 23:46:00+00:00, run_after=2024-06-04 23:48:00+00:00
[2024-06-04T23:48:13.478+0000] {processor.py:183} INFO - Processing /home/airflow/.local/lib/python3.12/site-packages/airflow/example_dags/example_sla_dag.py took 0.194 seconds
[2024-06-04T23:48:44.274+0000] {processor.py:161} INFO - Started process (PID=171953) to work on /home/airflow/.local/lib/python3.12/site-packages/airflow/example_dags/example_sla_dag.py
[2024-06-04T23:48:44.282+0000] {processor.py:830} INFO - Processing file /home/airflow/.local/lib/python3.12/site-packages/airflow/example_dags/example_sla_dag.py for tasks to queue
[2024-06-04T23:48:44.287+0000] {logging_mixin.py:188} INFO - [2024-06-04T23:48:44.286+0000] {dagbag.py:545} INFO - Filling up the DagBag from /home/airflow/.local/lib/python3.12/site-packages/airflow/example_dags/example_sla_dag.py
[2024-06-04T23:48:44.307+0000] {processor.py:840} INFO - DAG(s) 'example_sla_dag' retrieved from /home/airflow/.local/lib/python3.12/site-packages/airflow/example_dags/example_sla_dag.py
[2024-06-04T23:48:44.348+0000] {logging_mixin.py:188} INFO - [2024-06-04T23:48:44.348+0000] {dag.py:3096} INFO - Sync 1 DAGs
[2024-06-04T23:48:44.406+0000] {logging_mixin.py:188} INFO - [2024-06-04T23:48:44.406+0000] {dag.py:3954} INFO - Setting next_dagrun for example_sla_dag to 2024-06-04 23:46:00+00:00, run_after=2024-06-04 23:48:00+00:00
[2024-06-04T23:48:44.452+0000] {processor.py:183} INFO - Processing /home/airflow/.local/lib/python3.12/site-packages/airflow/example_dags/example_sla_dag.py took 0.207 seconds
[2024-06-04T23:49:15.243+0000] {processor.py:161} INFO - Started process (PID=172217) to work on /home/airflow/.local/lib/python3.12/site-packages/airflow/example_dags/example_sla_dag.py
[2024-06-04T23:49:15.244+0000] {processor.py:830} INFO - Processing file /home/airflow/.local/lib/python3.12/site-packages/airflow/example_dags/example_sla_dag.py for tasks to queue
[2024-06-04T23:49:15.247+0000] {logging_mixin.py:188} INFO - [2024-06-04T23:49:15.246+0000] {dagbag.py:545} INFO - Filling up the DagBag from /home/airflow/.local/lib/python3.12/site-packages/airflow/example_dags/example_sla_dag.py
[2024-06-04T23:49:15.260+0000] {processor.py:840} INFO - DAG(s) 'example_sla_dag' retrieved from /home/airflow/.local/lib/python3.12/site-packages/airflow/example_dags/example_sla_dag.py
[2024-06-04T23:49:15.292+0000] {logging_mixin.py:188} INFO - [2024-06-04T23:49:15.292+0000] {dag.py:3096} INFO - Sync 1 DAGs
[2024-06-04T23:49:15.346+0000] {logging_mixin.py:188} INFO - [2024-06-04T23:49:15.345+0000] {dag.py:3954} INFO - Setting next_dagrun for example_sla_dag to 2024-06-04 23:46:00+00:00, run_after=2024-06-04 23:48:00+00:00
[2024-06-04T23:49:15.382+0000] {processor.py:183} INFO - Processing /home/airflow/.local/lib/python3.12/site-packages/airflow/example_dags/example_sla_dag.py took 0.150 seconds
[2024-06-04T23:49:46.182+0000] {processor.py:161} INFO - Started process (PID=172478) to work on /home/airflow/.local/lib/python3.12/site-packages/airflow/example_dags/example_sla_dag.py
[2024-06-04T23:49:46.184+0000] {processor.py:830} INFO - Processing file /home/airflow/.local/lib/python3.12/site-packages/airflow/example_dags/example_sla_dag.py for tasks to queue
[2024-06-04T23:49:46.188+0000] {logging_mixin.py:188} INFO - [2024-06-04T23:49:46.187+0000] {dagbag.py:545} INFO - Filling up the DagBag from /home/airflow/.local/lib/python3.12/site-packages/airflow/example_dags/example_sla_dag.py
[2024-06-04T23:49:46.206+0000] {processor.py:840} INFO - DAG(s) 'example_sla_dag' retrieved from /home/airflow/.local/lib/python3.12/site-packages/airflow/example_dags/example_sla_dag.py
[2024-06-04T23:49:46.277+0000] {logging_mixin.py:188} INFO - [2024-06-04T23:49:46.276+0000] {dag.py:3096} INFO - Sync 1 DAGs
[2024-06-04T23:49:46.477+0000] {logging_mixin.py:188} INFO - [2024-06-04T23:49:46.477+0000] {dag.py:3954} INFO - Setting next_dagrun for example_sla_dag to 2024-06-04 23:46:00+00:00, run_after=2024-06-04 23:48:00+00:00
[2024-06-04T23:49:46.548+0000] {processor.py:183} INFO - Processing /home/airflow/.local/lib/python3.12/site-packages/airflow/example_dags/example_sla_dag.py took 0.378 seconds
[2024-06-04T23:50:17.222+0000] {processor.py:161} INFO - Started process (PID=172740) to work on /home/airflow/.local/lib/python3.12/site-packages/airflow/example_dags/example_sla_dag.py
[2024-06-04T23:50:17.224+0000] {processor.py:830} INFO - Processing file /home/airflow/.local/lib/python3.12/site-packages/airflow/example_dags/example_sla_dag.py for tasks to queue
[2024-06-04T23:50:17.237+0000] {logging_mixin.py:188} INFO - [2024-06-04T23:50:17.236+0000] {dagbag.py:545} INFO - Filling up the DagBag from /home/airflow/.local/lib/python3.12/site-packages/airflow/example_dags/example_sla_dag.py
[2024-06-04T23:50:17.267+0000] {processor.py:840} INFO - DAG(s) 'example_sla_dag' retrieved from /home/airflow/.local/lib/python3.12/site-packages/airflow/example_dags/example_sla_dag.py
[2024-06-04T23:50:17.321+0000] {logging_mixin.py:188} INFO - [2024-06-04T23:50:17.320+0000] {dag.py:3096} INFO - Sync 1 DAGs
[2024-06-04T23:50:17.394+0000] {logging_mixin.py:188} INFO - [2024-06-04T23:50:17.393+0000] {dag.py:3954} INFO - Setting next_dagrun for example_sla_dag to 2024-06-04 23:48:00+00:00, run_after=2024-06-04 23:50:00+00:00
[2024-06-04T23:50:17.454+0000] {processor.py:183} INFO - Processing /home/airflow/.local/lib/python3.12/site-packages/airflow/example_dags/example_sla_dag.py took 0.251 seconds
[2024-06-04T23:50:47.751+0000] {processor.py:161} INFO - Started process (PID=173002) to work on /home/airflow/.local/lib/python3.12/site-packages/airflow/example_dags/example_sla_dag.py
[2024-06-04T23:50:47.754+0000] {processor.py:830} INFO - Processing file /home/airflow/.local/lib/python3.12/site-packages/airflow/example_dags/example_sla_dag.py for tasks to queue
[2024-06-04T23:50:47.759+0000] {logging_mixin.py:188} INFO - [2024-06-04T23:50:47.758+0000] {dagbag.py:545} INFO - Filling up the DagBag from /home/airflow/.local/lib/python3.12/site-packages/airflow/example_dags/example_sla_dag.py
[2024-06-04T23:50:47.779+0000] {processor.py:840} INFO - DAG(s) 'example_sla_dag' retrieved from /home/airflow/.local/lib/python3.12/site-packages/airflow/example_dags/example_sla_dag.py
[2024-06-04T23:50:47.825+0000] {logging_mixin.py:188} INFO - [2024-06-04T23:50:47.825+0000] {dag.py:3096} INFO - Sync 1 DAGs
[2024-06-04T23:50:48.008+0000] {logging_mixin.py:188} INFO - [2024-06-04T23:50:48.007+0000] {dag.py:3954} INFO - Setting next_dagrun for example_sla_dag to 2024-06-04 23:48:00+00:00, run_after=2024-06-04 23:50:00+00:00
[2024-06-04T23:50:48.091+0000] {processor.py:183} INFO - Processing /home/airflow/.local/lib/python3.12/site-packages/airflow/example_dags/example_sla_dag.py took 0.360 seconds
[2024-06-04T23:51:18.741+0000] {processor.py:161} INFO - Started process (PID=173264) to work on /home/airflow/.local/lib/python3.12/site-packages/airflow/example_dags/example_sla_dag.py
[2024-06-04T23:51:18.743+0000] {processor.py:830} INFO - Processing file /home/airflow/.local/lib/python3.12/site-packages/airflow/example_dags/example_sla_dag.py for tasks to queue
[2024-06-04T23:51:18.747+0000] {logging_mixin.py:188} INFO - [2024-06-04T23:51:18.746+0000] {dagbag.py:545} INFO - Filling up the DagBag from /home/airflow/.local/lib/python3.12/site-packages/airflow/example_dags/example_sla_dag.py
[2024-06-04T23:51:18.766+0000] {processor.py:840} INFO - DAG(s) 'example_sla_dag' retrieved from /home/airflow/.local/lib/python3.12/site-packages/airflow/example_dags/example_sla_dag.py
[2024-06-04T23:51:18.868+0000] {logging_mixin.py:188} INFO - [2024-06-04T23:51:18.867+0000] {dag.py:3096} INFO - Sync 1 DAGs
[2024-06-04T23:51:18.936+0000] {logging_mixin.py:188} INFO - [2024-06-04T23:51:18.936+0000] {dag.py:3954} INFO - Setting next_dagrun for example_sla_dag to 2024-06-04 23:48:00+00:00, run_after=2024-06-04 23:50:00+00:00
[2024-06-04T23:51:18.988+0000] {processor.py:183} INFO - Processing /home/airflow/.local/lib/python3.12/site-packages/airflow/example_dags/example_sla_dag.py took 0.264 seconds
[2024-06-04T23:51:49.309+0000] {processor.py:161} INFO - Started process (PID=173527) to work on /home/airflow/.local/lib/python3.12/site-packages/airflow/example_dags/example_sla_dag.py
[2024-06-04T23:51:49.317+0000] {processor.py:830} INFO - Processing file /home/airflow/.local/lib/python3.12/site-packages/airflow/example_dags/example_sla_dag.py for tasks to queue
[2024-06-04T23:51:49.321+0000] {logging_mixin.py:188} INFO - [2024-06-04T23:51:49.320+0000] {dagbag.py:545} INFO - Filling up the DagBag from /home/airflow/.local/lib/python3.12/site-packages/airflow/example_dags/example_sla_dag.py
[2024-06-04T23:51:49.343+0000] {processor.py:840} INFO - DAG(s) 'example_sla_dag' retrieved from /home/airflow/.local/lib/python3.12/site-packages/airflow/example_dags/example_sla_dag.py
[2024-06-04T23:51:49.391+0000] {logging_mixin.py:188} INFO - [2024-06-04T23:51:49.390+0000] {dag.py:3096} INFO - Sync 1 DAGs
[2024-06-04T23:51:49.468+0000] {logging_mixin.py:188} INFO - [2024-06-04T23:51:49.467+0000] {dag.py:3954} INFO - Setting next_dagrun for example_sla_dag to 2024-06-04 23:48:00+00:00, run_after=2024-06-04 23:50:00+00:00
[2024-06-04T23:51:49.534+0000] {processor.py:183} INFO - Processing /home/airflow/.local/lib/python3.12/site-packages/airflow/example_dags/example_sla_dag.py took 0.240 seconds
[2024-06-04T23:52:20.056+0000] {processor.py:161} INFO - Started process (PID=173788) to work on /home/airflow/.local/lib/python3.12/site-packages/airflow/example_dags/example_sla_dag.py
[2024-06-04T23:52:20.058+0000] {processor.py:830} INFO - Processing file /home/airflow/.local/lib/python3.12/site-packages/airflow/example_dags/example_sla_dag.py for tasks to queue
[2024-06-04T23:52:20.062+0000] {logging_mixin.py:188} INFO - [2024-06-04T23:52:20.061+0000] {dagbag.py:545} INFO - Filling up the DagBag from /home/airflow/.local/lib/python3.12/site-packages/airflow/example_dags/example_sla_dag.py
[2024-06-04T23:52:20.095+0000] {processor.py:840} INFO - DAG(s) 'example_sla_dag' retrieved from /home/airflow/.local/lib/python3.12/site-packages/airflow/example_dags/example_sla_dag.py
[2024-06-04T23:52:20.146+0000] {logging_mixin.py:188} INFO - [2024-06-04T23:52:20.145+0000] {dag.py:3096} INFO - Sync 1 DAGs
[2024-06-04T23:52:20.222+0000] {logging_mixin.py:188} INFO - [2024-06-04T23:52:20.221+0000] {dag.py:3954} INFO - Setting next_dagrun for example_sla_dag to 2024-06-04 23:50:00+00:00, run_after=2024-06-04 23:52:00+00:00
[2024-06-04T23:52:20.278+0000] {processor.py:183} INFO - Processing /home/airflow/.local/lib/python3.12/site-packages/airflow/example_dags/example_sla_dag.py took 0.243 seconds
[2024-06-04T23:52:50.941+0000] {processor.py:161} INFO - Started process (PID=174050) to work on /home/airflow/.local/lib/python3.12/site-packages/airflow/example_dags/example_sla_dag.py
[2024-06-04T23:52:50.958+0000] {processor.py:830} INFO - Processing file /home/airflow/.local/lib/python3.12/site-packages/airflow/example_dags/example_sla_dag.py for tasks to queue
[2024-06-04T23:52:50.968+0000] {logging_mixin.py:188} INFO - [2024-06-04T23:52:50.967+0000] {dagbag.py:545} INFO - Filling up the DagBag from /home/airflow/.local/lib/python3.12/site-packages/airflow/example_dags/example_sla_dag.py
[2024-06-04T23:52:51.021+0000] {processor.py:840} INFO - DAG(s) 'example_sla_dag' retrieved from /home/airflow/.local/lib/python3.12/site-packages/airflow/example_dags/example_sla_dag.py
[2024-06-04T23:52:51.186+0000] {logging_mixin.py:188} INFO - [2024-06-04T23:52:51.185+0000] {dag.py:3096} INFO - Sync 1 DAGs
[2024-06-04T23:52:51.349+0000] {logging_mixin.py:188} INFO - [2024-06-04T23:52:51.348+0000] {dag.py:3954} INFO - Setting next_dagrun for example_sla_dag to 2024-06-04 23:50:00+00:00, run_after=2024-06-04 23:52:00+00:00
[2024-06-04T23:52:51.425+0000] {processor.py:183} INFO - Processing /home/airflow/.local/lib/python3.12/site-packages/airflow/example_dags/example_sla_dag.py took 0.508 seconds
[2024-06-04T23:53:21.566+0000] {processor.py:161} INFO - Started process (PID=174319) to work on /home/airflow/.local/lib/python3.12/site-packages/airflow/example_dags/example_sla_dag.py
[2024-06-04T23:53:21.568+0000] {processor.py:830} INFO - Processing file /home/airflow/.local/lib/python3.12/site-packages/airflow/example_dags/example_sla_dag.py for tasks to queue
[2024-06-04T23:53:21.572+0000] {logging_mixin.py:188} INFO - [2024-06-04T23:53:21.572+0000] {dagbag.py:545} INFO - Filling up the DagBag from /home/airflow/.local/lib/python3.12/site-packages/airflow/example_dags/example_sla_dag.py
[2024-06-04T23:53:21.595+0000] {processor.py:840} INFO - DAG(s) 'example_sla_dag' retrieved from /home/airflow/.local/lib/python3.12/site-packages/airflow/example_dags/example_sla_dag.py
[2024-06-04T23:53:21.641+0000] {logging_mixin.py:188} INFO - [2024-06-04T23:53:21.641+0000] {dag.py:3096} INFO - Sync 1 DAGs
[2024-06-04T23:53:21.711+0000] {logging_mixin.py:188} INFO - [2024-06-04T23:53:21.710+0000] {dag.py:3954} INFO - Setting next_dagrun for example_sla_dag to 2024-06-04 23:50:00+00:00, run_after=2024-06-04 23:52:00+00:00
[2024-06-04T23:53:21.762+0000] {processor.py:183} INFO - Processing /home/airflow/.local/lib/python3.12/site-packages/airflow/example_dags/example_sla_dag.py took 0.211 seconds
[2024-06-04T23:53:51.924+0000] {processor.py:161} INFO - Started process (PID=174578) to work on /home/airflow/.local/lib/python3.12/site-packages/airflow/example_dags/example_sla_dag.py
[2024-06-04T23:53:51.992+0000] {processor.py:830} INFO - Processing file /home/airflow/.local/lib/python3.12/site-packages/airflow/example_dags/example_sla_dag.py for tasks to queue
[2024-06-04T23:53:51.994+0000] {logging_mixin.py:188} INFO - [2024-06-04T23:53:51.994+0000] {dagbag.py:545} INFO - Filling up the DagBag from /home/airflow/.local/lib/python3.12/site-packages/airflow/example_dags/example_sla_dag.py
[2024-06-04T23:53:52.079+0000] {processor.py:840} INFO - DAG(s) 'example_sla_dag' retrieved from /home/airflow/.local/lib/python3.12/site-packages/airflow/example_dags/example_sla_dag.py
[2024-06-04T23:53:52.168+0000] {logging_mixin.py:188} INFO - [2024-06-04T23:53:52.168+0000] {dag.py:3096} INFO - Sync 1 DAGs
[2024-06-04T23:53:52.288+0000] {logging_mixin.py:188} INFO - [2024-06-04T23:53:52.288+0000] {dag.py:3954} INFO - Setting next_dagrun for example_sla_dag to 2024-06-04 23:50:00+00:00, run_after=2024-06-04 23:52:00+00:00
[2024-06-04T23:53:52.425+0000] {processor.py:183} INFO - Processing /home/airflow/.local/lib/python3.12/site-packages/airflow/example_dags/example_sla_dag.py took 0.520 seconds
[2024-06-04T23:54:22.620+0000] {processor.py:161} INFO - Started process (PID=174834) to work on /home/airflow/.local/lib/python3.12/site-packages/airflow/example_dags/example_sla_dag.py
[2024-06-04T23:54:22.622+0000] {processor.py:830} INFO - Processing file /home/airflow/.local/lib/python3.12/site-packages/airflow/example_dags/example_sla_dag.py for tasks to queue
[2024-06-04T23:54:22.626+0000] {logging_mixin.py:188} INFO - [2024-06-04T23:54:22.625+0000] {dagbag.py:545} INFO - Filling up the DagBag from /home/airflow/.local/lib/python3.12/site-packages/airflow/example_dags/example_sla_dag.py
[2024-06-04T23:54:22.646+0000] {processor.py:840} INFO - DAG(s) 'example_sla_dag' retrieved from /home/airflow/.local/lib/python3.12/site-packages/airflow/example_dags/example_sla_dag.py
[2024-06-04T23:54:22.692+0000] {logging_mixin.py:188} INFO - [2024-06-04T23:54:22.691+0000] {dag.py:3096} INFO - Sync 1 DAGs
[2024-06-04T23:54:22.800+0000] {logging_mixin.py:188} INFO - [2024-06-04T23:54:22.799+0000] {dag.py:3954} INFO - Setting next_dagrun for example_sla_dag to 2024-06-04 23:52:00+00:00, run_after=2024-06-04 23:54:00+00:00
[2024-06-04T23:54:22.908+0000] {processor.py:183} INFO - Processing /home/airflow/.local/lib/python3.12/site-packages/airflow/example_dags/example_sla_dag.py took 0.303 seconds
[2024-06-04T23:54:53.230+0000] {processor.py:161} INFO - Started process (PID=175097) to work on /home/airflow/.local/lib/python3.12/site-packages/airflow/example_dags/example_sla_dag.py
[2024-06-04T23:54:53.232+0000] {processor.py:830} INFO - Processing file /home/airflow/.local/lib/python3.12/site-packages/airflow/example_dags/example_sla_dag.py for tasks to queue
[2024-06-04T23:54:53.236+0000] {logging_mixin.py:188} INFO - [2024-06-04T23:54:53.235+0000] {dagbag.py:545} INFO - Filling up the DagBag from /home/airflow/.local/lib/python3.12/site-packages/airflow/example_dags/example_sla_dag.py
[2024-06-04T23:54:53.259+0000] {processor.py:840} INFO - DAG(s) 'example_sla_dag' retrieved from /home/airflow/.local/lib/python3.12/site-packages/airflow/example_dags/example_sla_dag.py
[2024-06-04T23:54:53.307+0000] {logging_mixin.py:188} INFO - [2024-06-04T23:54:53.306+0000] {dag.py:3096} INFO - Sync 1 DAGs
[2024-06-04T23:54:53.373+0000] {logging_mixin.py:188} INFO - [2024-06-04T23:54:53.373+0000] {dag.py:3954} INFO - Setting next_dagrun for example_sla_dag to 2024-06-04 23:52:00+00:00, run_after=2024-06-04 23:54:00+00:00
[2024-06-04T23:54:53.430+0000] {processor.py:183} INFO - Processing /home/airflow/.local/lib/python3.12/site-packages/airflow/example_dags/example_sla_dag.py took 0.214 seconds
[2024-06-04T23:55:24.482+0000] {processor.py:161} INFO - Started process (PID=175358) to work on /home/airflow/.local/lib/python3.12/site-packages/airflow/example_dags/example_sla_dag.py
[2024-06-04T23:55:24.484+0000] {processor.py:830} INFO - Processing file /home/airflow/.local/lib/python3.12/site-packages/airflow/example_dags/example_sla_dag.py for tasks to queue
[2024-06-04T23:55:24.488+0000] {logging_mixin.py:188} INFO - [2024-06-04T23:55:24.487+0000] {dagbag.py:545} INFO - Filling up the DagBag from /home/airflow/.local/lib/python3.12/site-packages/airflow/example_dags/example_sla_dag.py
[2024-06-04T23:55:24.510+0000] {processor.py:840} INFO - DAG(s) 'example_sla_dag' retrieved from /home/airflow/.local/lib/python3.12/site-packages/airflow/example_dags/example_sla_dag.py
[2024-06-04T23:55:24.553+0000] {logging_mixin.py:188} INFO - [2024-06-04T23:55:24.553+0000] {dag.py:3096} INFO - Sync 1 DAGs
[2024-06-04T23:55:24.619+0000] {logging_mixin.py:188} INFO - [2024-06-04T23:55:24.618+0000] {dag.py:3954} INFO - Setting next_dagrun for example_sla_dag to 2024-06-04 23:52:00+00:00, run_after=2024-06-04 23:54:00+00:00
[2024-06-04T23:55:24.672+0000] {processor.py:183} INFO - Processing /home/airflow/.local/lib/python3.12/site-packages/airflow/example_dags/example_sla_dag.py took 0.208 seconds
[2024-06-04T23:55:55.568+0000] {processor.py:161} INFO - Started process (PID=175621) to work on /home/airflow/.local/lib/python3.12/site-packages/airflow/example_dags/example_sla_dag.py
[2024-06-04T23:55:55.569+0000] {processor.py:830} INFO - Processing file /home/airflow/.local/lib/python3.12/site-packages/airflow/example_dags/example_sla_dag.py for tasks to queue
[2024-06-04T23:55:55.577+0000] {logging_mixin.py:188} INFO - [2024-06-04T23:55:55.574+0000] {dagbag.py:545} INFO - Filling up the DagBag from /home/airflow/.local/lib/python3.12/site-packages/airflow/example_dags/example_sla_dag.py
[2024-06-04T23:55:55.607+0000] {processor.py:840} INFO - DAG(s) 'example_sla_dag' retrieved from /home/airflow/.local/lib/python3.12/site-packages/airflow/example_dags/example_sla_dag.py
[2024-06-04T23:55:55.671+0000] {logging_mixin.py:188} INFO - [2024-06-04T23:55:55.670+0000] {dag.py:3096} INFO - Sync 1 DAGs
[2024-06-04T23:55:55.791+0000] {logging_mixin.py:188} INFO - [2024-06-04T23:55:55.790+0000] {dag.py:3954} INFO - Setting next_dagrun for example_sla_dag to 2024-06-04 23:52:00+00:00, run_after=2024-06-04 23:54:00+00:00
[2024-06-04T23:55:55.921+0000] {processor.py:183} INFO - Processing /home/airflow/.local/lib/python3.12/site-packages/airflow/example_dags/example_sla_dag.py took 0.373 seconds
[2024-06-04T23:56:26.407+0000] {processor.py:161} INFO - Started process (PID=175883) to work on /home/airflow/.local/lib/python3.12/site-packages/airflow/example_dags/example_sla_dag.py
[2024-06-04T23:56:26.408+0000] {processor.py:830} INFO - Processing file /home/airflow/.local/lib/python3.12/site-packages/airflow/example_dags/example_sla_dag.py for tasks to queue
[2024-06-04T23:56:26.412+0000] {logging_mixin.py:188} INFO - [2024-06-04T23:56:26.411+0000] {dagbag.py:545} INFO - Filling up the DagBag from /home/airflow/.local/lib/python3.12/site-packages/airflow/example_dags/example_sla_dag.py
[2024-06-04T23:56:26.433+0000] {processor.py:840} INFO - DAG(s) 'example_sla_dag' retrieved from /home/airflow/.local/lib/python3.12/site-packages/airflow/example_dags/example_sla_dag.py
[2024-06-04T23:56:26.476+0000] {logging_mixin.py:188} INFO - [2024-06-04T23:56:26.476+0000] {dag.py:3096} INFO - Sync 1 DAGs
[2024-06-04T23:56:26.541+0000] {logging_mixin.py:188} INFO - [2024-06-04T23:56:26.540+0000] {dag.py:3954} INFO - Setting next_dagrun for example_sla_dag to 2024-06-04 23:54:00+00:00, run_after=2024-06-04 23:56:00+00:00
[2024-06-04T23:56:26.594+0000] {processor.py:183} INFO - Processing /home/airflow/.local/lib/python3.12/site-packages/airflow/example_dags/example_sla_dag.py took 0.201 seconds
[2024-06-04T23:56:56.881+0000] {processor.py:161} INFO - Started process (PID=176143) to work on /home/airflow/.local/lib/python3.12/site-packages/airflow/example_dags/example_sla_dag.py
[2024-06-04T23:56:56.883+0000] {processor.py:830} INFO - Processing file /home/airflow/.local/lib/python3.12/site-packages/airflow/example_dags/example_sla_dag.py for tasks to queue
[2024-06-04T23:56:56.887+0000] {logging_mixin.py:188} INFO - [2024-06-04T23:56:56.886+0000] {dagbag.py:545} INFO - Filling up the DagBag from /home/airflow/.local/lib/python3.12/site-packages/airflow/example_dags/example_sla_dag.py
[2024-06-04T23:56:56.917+0000] {processor.py:840} INFO - DAG(s) 'example_sla_dag' retrieved from /home/airflow/.local/lib/python3.12/site-packages/airflow/example_dags/example_sla_dag.py
[2024-06-04T23:56:56.963+0000] {logging_mixin.py:188} INFO - [2024-06-04T23:56:56.962+0000] {dag.py:3096} INFO - Sync 1 DAGs
[2024-06-04T23:56:57.031+0000] {logging_mixin.py:188} INFO - [2024-06-04T23:56:57.030+0000] {dag.py:3954} INFO - Setting next_dagrun for example_sla_dag to 2024-06-04 23:54:00+00:00, run_after=2024-06-04 23:56:00+00:00
[2024-06-04T23:56:57.077+0000] {processor.py:183} INFO - Processing /home/airflow/.local/lib/python3.12/site-packages/airflow/example_dags/example_sla_dag.py took 0.238 seconds
[2024-06-04T23:57:27.322+0000] {processor.py:161} INFO - Started process (PID=176406) to work on /home/airflow/.local/lib/python3.12/site-packages/airflow/example_dags/example_sla_dag.py
[2024-06-04T23:57:27.324+0000] {processor.py:830} INFO - Processing file /home/airflow/.local/lib/python3.12/site-packages/airflow/example_dags/example_sla_dag.py for tasks to queue
[2024-06-04T23:57:27.328+0000] {logging_mixin.py:188} INFO - [2024-06-04T23:57:27.327+0000] {dagbag.py:545} INFO - Filling up the DagBag from /home/airflow/.local/lib/python3.12/site-packages/airflow/example_dags/example_sla_dag.py
[2024-06-04T23:57:27.350+0000] {processor.py:840} INFO - DAG(s) 'example_sla_dag' retrieved from /home/airflow/.local/lib/python3.12/site-packages/airflow/example_dags/example_sla_dag.py
[2024-06-04T23:57:27.401+0000] {logging_mixin.py:188} INFO - [2024-06-04T23:57:27.400+0000] {dag.py:3096} INFO - Sync 1 DAGs
[2024-06-04T23:57:27.471+0000] {logging_mixin.py:188} INFO - [2024-06-04T23:57:27.470+0000] {dag.py:3954} INFO - Setting next_dagrun for example_sla_dag to 2024-06-04 23:54:00+00:00, run_after=2024-06-04 23:56:00+00:00
[2024-06-04T23:57:27.518+0000] {processor.py:183} INFO - Processing /home/airflow/.local/lib/python3.12/site-packages/airflow/example_dags/example_sla_dag.py took 0.211 seconds
[2024-06-04T23:57:58.120+0000] {processor.py:161} INFO - Started process (PID=176668) to work on /home/airflow/.local/lib/python3.12/site-packages/airflow/example_dags/example_sla_dag.py
[2024-06-04T23:57:58.122+0000] {processor.py:830} INFO - Processing file /home/airflow/.local/lib/python3.12/site-packages/airflow/example_dags/example_sla_dag.py for tasks to queue
[2024-06-04T23:57:58.127+0000] {logging_mixin.py:188} INFO - [2024-06-04T23:57:58.126+0000] {dagbag.py:545} INFO - Filling up the DagBag from /home/airflow/.local/lib/python3.12/site-packages/airflow/example_dags/example_sla_dag.py
[2024-06-04T23:57:58.150+0000] {processor.py:840} INFO - DAG(s) 'example_sla_dag' retrieved from /home/airflow/.local/lib/python3.12/site-packages/airflow/example_dags/example_sla_dag.py
[2024-06-04T23:57:58.199+0000] {logging_mixin.py:188} INFO - [2024-06-04T23:57:58.199+0000] {dag.py:3096} INFO - Sync 1 DAGs
[2024-06-04T23:57:58.266+0000] {logging_mixin.py:188} INFO - [2024-06-04T23:57:58.266+0000] {dag.py:3954} INFO - Setting next_dagrun for example_sla_dag to 2024-06-04 23:54:00+00:00, run_after=2024-06-04 23:56:00+00:00
[2024-06-04T23:57:58.315+0000] {processor.py:183} INFO - Processing /home/airflow/.local/lib/python3.12/site-packages/airflow/example_dags/example_sla_dag.py took 0.211 seconds
[2024-06-04T23:58:28.829+0000] {processor.py:161} INFO - Started process (PID=176929) to work on /home/airflow/.local/lib/python3.12/site-packages/airflow/example_dags/example_sla_dag.py
[2024-06-04T23:58:28.831+0000] {processor.py:830} INFO - Processing file /home/airflow/.local/lib/python3.12/site-packages/airflow/example_dags/example_sla_dag.py for tasks to queue
[2024-06-04T23:58:28.835+0000] {logging_mixin.py:188} INFO - [2024-06-04T23:58:28.834+0000] {dagbag.py:545} INFO - Filling up the DagBag from /home/airflow/.local/lib/python3.12/site-packages/airflow/example_dags/example_sla_dag.py
[2024-06-04T23:58:28.856+0000] {processor.py:840} INFO - DAG(s) 'example_sla_dag' retrieved from /home/airflow/.local/lib/python3.12/site-packages/airflow/example_dags/example_sla_dag.py
[2024-06-04T23:58:28.908+0000] {logging_mixin.py:188} INFO - [2024-06-04T23:58:28.904+0000] {dag.py:3096} INFO - Sync 1 DAGs
[2024-06-04T23:58:28.978+0000] {logging_mixin.py:188} INFO - [2024-06-04T23:58:28.978+0000] {dag.py:3954} INFO - Setting next_dagrun for example_sla_dag to 2024-06-04 23:56:00+00:00, run_after=2024-06-04 23:58:00+00:00
[2024-06-04T23:58:29.035+0000] {processor.py:183} INFO - Processing /home/airflow/.local/lib/python3.12/site-packages/airflow/example_dags/example_sla_dag.py took 0.219 seconds
[2024-06-04T23:58:59.513+0000] {processor.py:161} INFO - Started process (PID=177190) to work on /home/airflow/.local/lib/python3.12/site-packages/airflow/example_dags/example_sla_dag.py
[2024-06-04T23:58:59.514+0000] {processor.py:830} INFO - Processing file /home/airflow/.local/lib/python3.12/site-packages/airflow/example_dags/example_sla_dag.py for tasks to queue
[2024-06-04T23:58:59.517+0000] {logging_mixin.py:188} INFO - [2024-06-04T23:58:59.517+0000] {dagbag.py:545} INFO - Filling up the DagBag from /home/airflow/.local/lib/python3.12/site-packages/airflow/example_dags/example_sla_dag.py
[2024-06-04T23:58:59.535+0000] {processor.py:840} INFO - DAG(s) 'example_sla_dag' retrieved from /home/airflow/.local/lib/python3.12/site-packages/airflow/example_dags/example_sla_dag.py
[2024-06-04T23:58:59.605+0000] {logging_mixin.py:188} INFO - [2024-06-04T23:58:59.604+0000] {dag.py:3096} INFO - Sync 1 DAGs
[2024-06-04T23:58:59.718+0000] {logging_mixin.py:188} INFO - [2024-06-04T23:58:59.717+0000] {dag.py:3954} INFO - Setting next_dagrun for example_sla_dag to 2024-06-04 23:56:00+00:00, run_after=2024-06-04 23:58:00+00:00
[2024-06-04T23:58:59.815+0000] {processor.py:183} INFO - Processing /home/airflow/.local/lib/python3.12/site-packages/airflow/example_dags/example_sla_dag.py took 0.314 seconds
[2024-06-04T23:59:29.911+0000] {processor.py:161} INFO - Started process (PID=177452) to work on /home/airflow/.local/lib/python3.12/site-packages/airflow/example_dags/example_sla_dag.py
[2024-06-04T23:59:29.912+0000] {processor.py:830} INFO - Processing file /home/airflow/.local/lib/python3.12/site-packages/airflow/example_dags/example_sla_dag.py for tasks to queue
[2024-06-04T23:59:29.916+0000] {logging_mixin.py:188} INFO - [2024-06-04T23:59:29.915+0000] {dagbag.py:545} INFO - Filling up the DagBag from /home/airflow/.local/lib/python3.12/site-packages/airflow/example_dags/example_sla_dag.py
[2024-06-04T23:59:29.937+0000] {processor.py:840} INFO - DAG(s) 'example_sla_dag' retrieved from /home/airflow/.local/lib/python3.12/site-packages/airflow/example_dags/example_sla_dag.py
[2024-06-04T23:59:29.983+0000] {logging_mixin.py:188} INFO - [2024-06-04T23:59:29.983+0000] {dag.py:3096} INFO - Sync 1 DAGs
[2024-06-04T23:59:30.050+0000] {logging_mixin.py:188} INFO - [2024-06-04T23:59:30.050+0000] {dag.py:3954} INFO - Setting next_dagrun for example_sla_dag to 2024-06-04 23:56:00+00:00, run_after=2024-06-04 23:58:00+00:00
[2024-06-04T23:59:30.131+0000] {processor.py:183} INFO - Processing /home/airflow/.local/lib/python3.12/site-packages/airflow/example_dags/example_sla_dag.py took 0.235 seconds
