[2024-06-04T23:43:59.967+0000] {processor.py:161} INFO - Started process (PID=169552) to work on /home/airflow/.local/lib/python3.12/site-packages/airflow/example_dags/example_short_circuit_operator.py
[2024-06-04T23:43:59.968+0000] {processor.py:830} INFO - Processing file /home/airflow/.local/lib/python3.12/site-packages/airflow/example_dags/example_short_circuit_operator.py for tasks to queue
[2024-06-04T23:43:59.973+0000] {logging_mixin.py:188} INFO - [2024-06-04T23:43:59.971+0000] {dagbag.py:545} INFO - Filling up the DagBag from /home/airflow/.local/lib/python3.12/site-packages/airflow/example_dags/example_short_circuit_operator.py
[2024-06-04T23:44:00.090+0000] {processor.py:840} INFO - DAG(s) 'example_short_circuit_operator' retrieved from /home/airflow/.local/lib/python3.12/site-packages/airflow/example_dags/example_short_circuit_operator.py
[2024-06-04T23:44:00.308+0000] {logging_mixin.py:188} INFO - [2024-06-04T23:44:00.307+0000] {dag.py:3096} INFO - Sync 1 DAGs
[2024-06-04T23:44:00.513+0000] {logging_mixin.py:188} INFO - [2024-06-04T23:44:00.512+0000] {dag.py:3954} INFO - Setting next_dagrun for example_short_circuit_operator to 2024-06-03 00:00:00+00:00, run_after=2024-06-04 00:00:00+00:00
[2024-06-04T23:44:00.674+0000] {processor.py:183} INFO - Processing /home/airflow/.local/lib/python3.12/site-packages/airflow/example_dags/example_short_circuit_operator.py took 0.736 seconds
[2024-06-04T23:44:30.963+0000] {processor.py:161} INFO - Started process (PID=169814) to work on /home/airflow/.local/lib/python3.12/site-packages/airflow/example_dags/example_short_circuit_operator.py
[2024-06-04T23:44:30.970+0000] {processor.py:830} INFO - Processing file /home/airflow/.local/lib/python3.12/site-packages/airflow/example_dags/example_short_circuit_operator.py for tasks to queue
[2024-06-04T23:44:30.977+0000] {logging_mixin.py:188} INFO - [2024-06-04T23:44:30.976+0000] {dagbag.py:545} INFO - Filling up the DagBag from /home/airflow/.local/lib/python3.12/site-packages/airflow/example_dags/example_short_circuit_operator.py
[2024-06-04T23:44:31.053+0000] {processor.py:840} INFO - DAG(s) 'example_short_circuit_operator' retrieved from /home/airflow/.local/lib/python3.12/site-packages/airflow/example_dags/example_short_circuit_operator.py
[2024-06-04T23:44:31.161+0000] {logging_mixin.py:188} INFO - [2024-06-04T23:44:31.160+0000] {dag.py:3096} INFO - Sync 1 DAGs
[2024-06-04T23:44:31.311+0000] {logging_mixin.py:188} INFO - [2024-06-04T23:44:31.310+0000] {dag.py:3954} INFO - Setting next_dagrun for example_short_circuit_operator to 2024-06-03 00:00:00+00:00, run_after=2024-06-04 00:00:00+00:00
[2024-06-04T23:44:31.389+0000] {processor.py:183} INFO - Processing /home/airflow/.local/lib/python3.12/site-packages/airflow/example_dags/example_short_circuit_operator.py took 0.442 seconds
[2024-06-04T23:45:01.516+0000] {processor.py:161} INFO - Started process (PID=170078) to work on /home/airflow/.local/lib/python3.12/site-packages/airflow/example_dags/example_short_circuit_operator.py
[2024-06-04T23:45:01.517+0000] {processor.py:830} INFO - Processing file /home/airflow/.local/lib/python3.12/site-packages/airflow/example_dags/example_short_circuit_operator.py for tasks to queue
[2024-06-04T23:45:01.520+0000] {logging_mixin.py:188} INFO - [2024-06-04T23:45:01.519+0000] {dagbag.py:545} INFO - Filling up the DagBag from /home/airflow/.local/lib/python3.12/site-packages/airflow/example_dags/example_short_circuit_operator.py
[2024-06-04T23:45:01.532+0000] {processor.py:840} INFO - DAG(s) 'example_short_circuit_operator' retrieved from /home/airflow/.local/lib/python3.12/site-packages/airflow/example_dags/example_short_circuit_operator.py
[2024-06-04T23:45:01.577+0000] {logging_mixin.py:188} INFO - [2024-06-04T23:45:01.577+0000] {dag.py:3096} INFO - Sync 1 DAGs
[2024-06-04T23:45:01.631+0000] {logging_mixin.py:188} INFO - [2024-06-04T23:45:01.630+0000] {dag.py:3954} INFO - Setting next_dagrun for example_short_circuit_operator to 2024-06-03 00:00:00+00:00, run_after=2024-06-04 00:00:00+00:00
[2024-06-04T23:45:01.693+0000] {processor.py:183} INFO - Processing /home/airflow/.local/lib/python3.12/site-packages/airflow/example_dags/example_short_circuit_operator.py took 0.187 seconds
[2024-06-04T23:45:32.205+0000] {processor.py:161} INFO - Started process (PID=170340) to work on /home/airflow/.local/lib/python3.12/site-packages/airflow/example_dags/example_short_circuit_operator.py
[2024-06-04T23:45:32.239+0000] {processor.py:830} INFO - Processing file /home/airflow/.local/lib/python3.12/site-packages/airflow/example_dags/example_short_circuit_operator.py for tasks to queue
[2024-06-04T23:45:32.243+0000] {logging_mixin.py:188} INFO - [2024-06-04T23:45:32.242+0000] {dagbag.py:545} INFO - Filling up the DagBag from /home/airflow/.local/lib/python3.12/site-packages/airflow/example_dags/example_short_circuit_operator.py
[2024-06-04T23:45:32.265+0000] {processor.py:840} INFO - DAG(s) 'example_short_circuit_operator' retrieved from /home/airflow/.local/lib/python3.12/site-packages/airflow/example_dags/example_short_circuit_operator.py
[2024-06-04T23:45:32.356+0000] {logging_mixin.py:188} INFO - [2024-06-04T23:45:32.355+0000] {dag.py:3096} INFO - Sync 1 DAGs
[2024-06-04T23:45:32.457+0000] {logging_mixin.py:188} INFO - [2024-06-04T23:45:32.457+0000] {dag.py:3954} INFO - Setting next_dagrun for example_short_circuit_operator to 2024-06-03 00:00:00+00:00, run_after=2024-06-04 00:00:00+00:00
[2024-06-04T23:45:32.619+0000] {processor.py:183} INFO - Processing /home/airflow/.local/lib/python3.12/site-packages/airflow/example_dags/example_short_circuit_operator.py took 0.430 seconds
[2024-06-04T23:46:05.310+0000] {processor.py:161} INFO - Started process (PID=170602) to work on /home/airflow/.local/lib/python3.12/site-packages/airflow/example_dags/example_short_circuit_operator.py
[2024-06-04T23:46:05.322+0000] {processor.py:830} INFO - Processing file /home/airflow/.local/lib/python3.12/site-packages/airflow/example_dags/example_short_circuit_operator.py for tasks to queue
[2024-06-04T23:46:05.334+0000] {logging_mixin.py:188} INFO - [2024-06-04T23:46:05.330+0000] {dagbag.py:545} INFO - Filling up the DagBag from /home/airflow/.local/lib/python3.12/site-packages/airflow/example_dags/example_short_circuit_operator.py
[2024-06-04T23:46:05.372+0000] {processor.py:840} INFO - DAG(s) 'example_short_circuit_operator' retrieved from /home/airflow/.local/lib/python3.12/site-packages/airflow/example_dags/example_short_circuit_operator.py
[2024-06-04T23:46:05.529+0000] {logging_mixin.py:188} INFO - [2024-06-04T23:46:05.529+0000] {dag.py:3096} INFO - Sync 1 DAGs
[2024-06-04T23:46:05.725+0000] {logging_mixin.py:188} INFO - [2024-06-04T23:46:05.724+0000] {dag.py:3954} INFO - Setting next_dagrun for example_short_circuit_operator to 2024-06-03 00:00:00+00:00, run_after=2024-06-04 00:00:00+00:00
[2024-06-04T23:46:05.928+0000] {processor.py:183} INFO - Processing /home/airflow/.local/lib/python3.12/site-packages/airflow/example_dags/example_short_circuit_operator.py took 0.641 seconds
[2024-06-04T23:46:36.616+0000] {processor.py:161} INFO - Started process (PID=170864) to work on /home/airflow/.local/lib/python3.12/site-packages/airflow/example_dags/example_short_circuit_operator.py
[2024-06-04T23:46:36.630+0000] {processor.py:830} INFO - Processing file /home/airflow/.local/lib/python3.12/site-packages/airflow/example_dags/example_short_circuit_operator.py for tasks to queue
[2024-06-04T23:46:36.634+0000] {logging_mixin.py:188} INFO - [2024-06-04T23:46:36.633+0000] {dagbag.py:545} INFO - Filling up the DagBag from /home/airflow/.local/lib/python3.12/site-packages/airflow/example_dags/example_short_circuit_operator.py
[2024-06-04T23:46:36.658+0000] {processor.py:840} INFO - DAG(s) 'example_short_circuit_operator' retrieved from /home/airflow/.local/lib/python3.12/site-packages/airflow/example_dags/example_short_circuit_operator.py
[2024-06-04T23:46:36.720+0000] {logging_mixin.py:188} INFO - [2024-06-04T23:46:36.719+0000] {dag.py:3096} INFO - Sync 1 DAGs
[2024-06-04T23:46:36.831+0000] {logging_mixin.py:188} INFO - [2024-06-04T23:46:36.830+0000] {dag.py:3954} INFO - Setting next_dagrun for example_short_circuit_operator to 2024-06-03 00:00:00+00:00, run_after=2024-06-04 00:00:00+00:00
[2024-06-04T23:46:36.917+0000] {processor.py:183} INFO - Processing /home/airflow/.local/lib/python3.12/site-packages/airflow/example_dags/example_short_circuit_operator.py took 0.316 seconds
[2024-06-04T23:47:07.321+0000] {processor.py:161} INFO - Started process (PID=171125) to work on /home/airflow/.local/lib/python3.12/site-packages/airflow/example_dags/example_short_circuit_operator.py
[2024-06-04T23:47:07.322+0000] {processor.py:830} INFO - Processing file /home/airflow/.local/lib/python3.12/site-packages/airflow/example_dags/example_short_circuit_operator.py for tasks to queue
[2024-06-04T23:47:07.326+0000] {logging_mixin.py:188} INFO - [2024-06-04T23:47:07.325+0000] {dagbag.py:545} INFO - Filling up the DagBag from /home/airflow/.local/lib/python3.12/site-packages/airflow/example_dags/example_short_circuit_operator.py
[2024-06-04T23:47:07.343+0000] {processor.py:840} INFO - DAG(s) 'example_short_circuit_operator' retrieved from /home/airflow/.local/lib/python3.12/site-packages/airflow/example_dags/example_short_circuit_operator.py
[2024-06-04T23:47:07.394+0000] {logging_mixin.py:188} INFO - [2024-06-04T23:47:07.394+0000] {dag.py:3096} INFO - Sync 1 DAGs
[2024-06-04T23:47:07.445+0000] {logging_mixin.py:188} INFO - [2024-06-04T23:47:07.444+0000] {dag.py:3954} INFO - Setting next_dagrun for example_short_circuit_operator to 2024-06-03 00:00:00+00:00, run_after=2024-06-04 00:00:00+00:00
[2024-06-04T23:47:07.486+0000] {processor.py:183} INFO - Processing /home/airflow/.local/lib/python3.12/site-packages/airflow/example_dags/example_short_circuit_operator.py took 0.178 seconds
[2024-06-04T23:47:37.697+0000] {processor.py:161} INFO - Started process (PID=171386) to work on /home/airflow/.local/lib/python3.12/site-packages/airflow/example_dags/example_short_circuit_operator.py
[2024-06-04T23:47:37.699+0000] {processor.py:830} INFO - Processing file /home/airflow/.local/lib/python3.12/site-packages/airflow/example_dags/example_short_circuit_operator.py for tasks to queue
[2024-06-04T23:47:37.702+0000] {logging_mixin.py:188} INFO - [2024-06-04T23:47:37.701+0000] {dagbag.py:545} INFO - Filling up the DagBag from /home/airflow/.local/lib/python3.12/site-packages/airflow/example_dags/example_short_circuit_operator.py
[2024-06-04T23:47:37.717+0000] {processor.py:840} INFO - DAG(s) 'example_short_circuit_operator' retrieved from /home/airflow/.local/lib/python3.12/site-packages/airflow/example_dags/example_short_circuit_operator.py
[2024-06-04T23:47:37.786+0000] {logging_mixin.py:188} INFO - [2024-06-04T23:47:37.785+0000] {dag.py:3096} INFO - Sync 1 DAGs
[2024-06-04T23:47:37.848+0000] {logging_mixin.py:188} INFO - [2024-06-04T23:47:37.848+0000] {dag.py:3954} INFO - Setting next_dagrun for example_short_circuit_operator to 2024-06-03 00:00:00+00:00, run_after=2024-06-04 00:00:00+00:00
[2024-06-04T23:47:37.954+0000] {processor.py:183} INFO - Processing /home/airflow/.local/lib/python3.12/site-packages/airflow/example_dags/example_short_circuit_operator.py took 0.270 seconds
[2024-06-04T23:48:08.920+0000] {processor.py:161} INFO - Started process (PID=171648) to work on /home/airflow/.local/lib/python3.12/site-packages/airflow/example_dags/example_short_circuit_operator.py
[2024-06-04T23:48:08.922+0000] {processor.py:830} INFO - Processing file /home/airflow/.local/lib/python3.12/site-packages/airflow/example_dags/example_short_circuit_operator.py for tasks to queue
[2024-06-04T23:48:08.926+0000] {logging_mixin.py:188} INFO - [2024-06-04T23:48:08.925+0000] {dagbag.py:545} INFO - Filling up the DagBag from /home/airflow/.local/lib/python3.12/site-packages/airflow/example_dags/example_short_circuit_operator.py
[2024-06-04T23:48:08.946+0000] {processor.py:840} INFO - DAG(s) 'example_short_circuit_operator' retrieved from /home/airflow/.local/lib/python3.12/site-packages/airflow/example_dags/example_short_circuit_operator.py
[2024-06-04T23:48:09.013+0000] {logging_mixin.py:188} INFO - [2024-06-04T23:48:09.012+0000] {dag.py:3096} INFO - Sync 1 DAGs
[2024-06-04T23:48:09.070+0000] {logging_mixin.py:188} INFO - [2024-06-04T23:48:09.069+0000] {dag.py:3954} INFO - Setting next_dagrun for example_short_circuit_operator to 2024-06-03 00:00:00+00:00, run_after=2024-06-04 00:00:00+00:00
[2024-06-04T23:48:09.129+0000] {processor.py:183} INFO - Processing /home/airflow/.local/lib/python3.12/site-packages/airflow/example_dags/example_short_circuit_operator.py took 0.226 seconds
[2024-06-04T23:48:39.763+0000] {processor.py:161} INFO - Started process (PID=171910) to work on /home/airflow/.local/lib/python3.12/site-packages/airflow/example_dags/example_short_circuit_operator.py
[2024-06-04T23:48:39.765+0000] {processor.py:830} INFO - Processing file /home/airflow/.local/lib/python3.12/site-packages/airflow/example_dags/example_short_circuit_operator.py for tasks to queue
[2024-06-04T23:48:39.769+0000] {logging_mixin.py:188} INFO - [2024-06-04T23:48:39.768+0000] {dagbag.py:545} INFO - Filling up the DagBag from /home/airflow/.local/lib/python3.12/site-packages/airflow/example_dags/example_short_circuit_operator.py
[2024-06-04T23:48:39.790+0000] {processor.py:840} INFO - DAG(s) 'example_short_circuit_operator' retrieved from /home/airflow/.local/lib/python3.12/site-packages/airflow/example_dags/example_short_circuit_operator.py
[2024-06-04T23:48:39.854+0000] {logging_mixin.py:188} INFO - [2024-06-04T23:48:39.853+0000] {dag.py:3096} INFO - Sync 1 DAGs
[2024-06-04T23:48:39.914+0000] {logging_mixin.py:188} INFO - [2024-06-04T23:48:39.913+0000] {dag.py:3954} INFO - Setting next_dagrun for example_short_circuit_operator to 2024-06-03 00:00:00+00:00, run_after=2024-06-04 00:00:00+00:00
[2024-06-04T23:48:39.976+0000] {processor.py:183} INFO - Processing /home/airflow/.local/lib/python3.12/site-packages/airflow/example_dags/example_short_circuit_operator.py took 0.230 seconds
[2024-06-04T23:49:10.655+0000] {processor.py:161} INFO - Started process (PID=172172) to work on /home/airflow/.local/lib/python3.12/site-packages/airflow/example_dags/example_short_circuit_operator.py
[2024-06-04T23:49:10.657+0000] {processor.py:830} INFO - Processing file /home/airflow/.local/lib/python3.12/site-packages/airflow/example_dags/example_short_circuit_operator.py for tasks to queue
[2024-06-04T23:49:10.661+0000] {logging_mixin.py:188} INFO - [2024-06-04T23:49:10.660+0000] {dagbag.py:545} INFO - Filling up the DagBag from /home/airflow/.local/lib/python3.12/site-packages/airflow/example_dags/example_short_circuit_operator.py
[2024-06-04T23:49:10.710+0000] {processor.py:840} INFO - DAG(s) 'example_short_circuit_operator' retrieved from /home/airflow/.local/lib/python3.12/site-packages/airflow/example_dags/example_short_circuit_operator.py
[2024-06-04T23:49:10.789+0000] {logging_mixin.py:188} INFO - [2024-06-04T23:49:10.788+0000] {dag.py:3096} INFO - Sync 1 DAGs
[2024-06-04T23:49:10.843+0000] {logging_mixin.py:188} INFO - [2024-06-04T23:49:10.842+0000] {dag.py:3954} INFO - Setting next_dagrun for example_short_circuit_operator to 2024-06-03 00:00:00+00:00, run_after=2024-06-04 00:00:00+00:00
[2024-06-04T23:49:10.912+0000] {processor.py:183} INFO - Processing /home/airflow/.local/lib/python3.12/site-packages/airflow/example_dags/example_short_circuit_operator.py took 0.271 seconds
[2024-06-04T23:49:41.041+0000] {processor.py:161} INFO - Started process (PID=172433) to work on /home/airflow/.local/lib/python3.12/site-packages/airflow/example_dags/example_short_circuit_operator.py
[2024-06-04T23:49:41.043+0000] {processor.py:830} INFO - Processing file /home/airflow/.local/lib/python3.12/site-packages/airflow/example_dags/example_short_circuit_operator.py for tasks to queue
[2024-06-04T23:49:41.047+0000] {logging_mixin.py:188} INFO - [2024-06-04T23:49:41.046+0000] {dagbag.py:545} INFO - Filling up the DagBag from /home/airflow/.local/lib/python3.12/site-packages/airflow/example_dags/example_short_circuit_operator.py
[2024-06-04T23:49:41.066+0000] {processor.py:840} INFO - DAG(s) 'example_short_circuit_operator' retrieved from /home/airflow/.local/lib/python3.12/site-packages/airflow/example_dags/example_short_circuit_operator.py
[2024-06-04T23:49:41.126+0000] {logging_mixin.py:188} INFO - [2024-06-04T23:49:41.125+0000] {dag.py:3096} INFO - Sync 1 DAGs
[2024-06-04T23:49:41.189+0000] {logging_mixin.py:188} INFO - [2024-06-04T23:49:41.188+0000] {dag.py:3954} INFO - Setting next_dagrun for example_short_circuit_operator to 2024-06-03 00:00:00+00:00, run_after=2024-06-04 00:00:00+00:00
[2024-06-04T23:49:41.235+0000] {processor.py:183} INFO - Processing /home/airflow/.local/lib/python3.12/site-packages/airflow/example_dags/example_short_circuit_operator.py took 0.209 seconds
[2024-06-04T23:50:11.847+0000] {processor.py:161} INFO - Started process (PID=172695) to work on /home/airflow/.local/lib/python3.12/site-packages/airflow/example_dags/example_short_circuit_operator.py
[2024-06-04T23:50:11.848+0000] {processor.py:830} INFO - Processing file /home/airflow/.local/lib/python3.12/site-packages/airflow/example_dags/example_short_circuit_operator.py for tasks to queue
[2024-06-04T23:50:11.853+0000] {logging_mixin.py:188} INFO - [2024-06-04T23:50:11.852+0000] {dagbag.py:545} INFO - Filling up the DagBag from /home/airflow/.local/lib/python3.12/site-packages/airflow/example_dags/example_short_circuit_operator.py
[2024-06-04T23:50:11.884+0000] {processor.py:840} INFO - DAG(s) 'example_short_circuit_operator' retrieved from /home/airflow/.local/lib/python3.12/site-packages/airflow/example_dags/example_short_circuit_operator.py
[2024-06-04T23:50:11.950+0000] {logging_mixin.py:188} INFO - [2024-06-04T23:50:11.950+0000] {dag.py:3096} INFO - Sync 1 DAGs
[2024-06-04T23:50:12.025+0000] {logging_mixin.py:188} INFO - [2024-06-04T23:50:12.022+0000] {dag.py:3954} INFO - Setting next_dagrun for example_short_circuit_operator to 2024-06-03 00:00:00+00:00, run_after=2024-06-04 00:00:00+00:00
[2024-06-04T23:50:12.098+0000] {processor.py:183} INFO - Processing /home/airflow/.local/lib/python3.12/site-packages/airflow/example_dags/example_short_circuit_operator.py took 0.269 seconds
[2024-06-04T23:50:42.477+0000] {processor.py:161} INFO - Started process (PID=172957) to work on /home/airflow/.local/lib/python3.12/site-packages/airflow/example_dags/example_short_circuit_operator.py
[2024-06-04T23:50:42.479+0000] {processor.py:830} INFO - Processing file /home/airflow/.local/lib/python3.12/site-packages/airflow/example_dags/example_short_circuit_operator.py for tasks to queue
[2024-06-04T23:50:42.488+0000] {logging_mixin.py:188} INFO - [2024-06-04T23:50:42.485+0000] {dagbag.py:545} INFO - Filling up the DagBag from /home/airflow/.local/lib/python3.12/site-packages/airflow/example_dags/example_short_circuit_operator.py
[2024-06-04T23:50:42.524+0000] {processor.py:840} INFO - DAG(s) 'example_short_circuit_operator' retrieved from /home/airflow/.local/lib/python3.12/site-packages/airflow/example_dags/example_short_circuit_operator.py
[2024-06-04T23:50:42.597+0000] {logging_mixin.py:188} INFO - [2024-06-04T23:50:42.595+0000] {dag.py:3096} INFO - Sync 1 DAGs
[2024-06-04T23:50:42.650+0000] {logging_mixin.py:188} INFO - [2024-06-04T23:50:42.649+0000] {dag.py:3954} INFO - Setting next_dagrun for example_short_circuit_operator to 2024-06-03 00:00:00+00:00, run_after=2024-06-04 00:00:00+00:00
[2024-06-04T23:50:42.707+0000] {processor.py:183} INFO - Processing /home/airflow/.local/lib/python3.12/site-packages/airflow/example_dags/example_short_circuit_operator.py took 0.245 seconds
[2024-06-04T23:51:13.467+0000] {processor.py:161} INFO - Started process (PID=173219) to work on /home/airflow/.local/lib/python3.12/site-packages/airflow/example_dags/example_short_circuit_operator.py
[2024-06-04T23:51:13.468+0000] {processor.py:830} INFO - Processing file /home/airflow/.local/lib/python3.12/site-packages/airflow/example_dags/example_short_circuit_operator.py for tasks to queue
[2024-06-04T23:51:13.471+0000] {logging_mixin.py:188} INFO - [2024-06-04T23:51:13.471+0000] {dagbag.py:545} INFO - Filling up the DagBag from /home/airflow/.local/lib/python3.12/site-packages/airflow/example_dags/example_short_circuit_operator.py
[2024-06-04T23:51:13.488+0000] {processor.py:840} INFO - DAG(s) 'example_short_circuit_operator' retrieved from /home/airflow/.local/lib/python3.12/site-packages/airflow/example_dags/example_short_circuit_operator.py
[2024-06-04T23:51:13.543+0000] {logging_mixin.py:188} INFO - [2024-06-04T23:51:13.542+0000] {dag.py:3096} INFO - Sync 1 DAGs
[2024-06-04T23:51:13.614+0000] {logging_mixin.py:188} INFO - [2024-06-04T23:51:13.614+0000] {dag.py:3954} INFO - Setting next_dagrun for example_short_circuit_operator to 2024-06-03 00:00:00+00:00, run_after=2024-06-04 00:00:00+00:00
[2024-06-04T23:51:13.676+0000] {processor.py:183} INFO - Processing /home/airflow/.local/lib/python3.12/site-packages/airflow/example_dags/example_short_circuit_operator.py took 0.221 seconds
[2024-06-04T23:51:44.039+0000] {processor.py:161} INFO - Started process (PID=173476) to work on /home/airflow/.local/lib/python3.12/site-packages/airflow/example_dags/example_short_circuit_operator.py
[2024-06-04T23:51:44.041+0000] {processor.py:830} INFO - Processing file /home/airflow/.local/lib/python3.12/site-packages/airflow/example_dags/example_short_circuit_operator.py for tasks to queue
[2024-06-04T23:51:44.045+0000] {logging_mixin.py:188} INFO - [2024-06-04T23:51:44.045+0000] {dagbag.py:545} INFO - Filling up the DagBag from /home/airflow/.local/lib/python3.12/site-packages/airflow/example_dags/example_short_circuit_operator.py
[2024-06-04T23:51:44.063+0000] {processor.py:840} INFO - DAG(s) 'example_short_circuit_operator' retrieved from /home/airflow/.local/lib/python3.12/site-packages/airflow/example_dags/example_short_circuit_operator.py
[2024-06-04T23:51:44.131+0000] {logging_mixin.py:188} INFO - [2024-06-04T23:51:44.130+0000] {dag.py:3096} INFO - Sync 1 DAGs
[2024-06-04T23:51:44.224+0000] {logging_mixin.py:188} INFO - [2024-06-04T23:51:44.223+0000] {dag.py:3954} INFO - Setting next_dagrun for example_short_circuit_operator to 2024-06-03 00:00:00+00:00, run_after=2024-06-04 00:00:00+00:00
[2024-06-04T23:51:44.309+0000] {processor.py:183} INFO - Processing /home/airflow/.local/lib/python3.12/site-packages/airflow/example_dags/example_short_circuit_operator.py took 0.287 seconds
[2024-06-04T23:52:15.188+0000] {processor.py:161} INFO - Started process (PID=173737) to work on /home/airflow/.local/lib/python3.12/site-packages/airflow/example_dags/example_short_circuit_operator.py
[2024-06-04T23:52:15.190+0000] {processor.py:830} INFO - Processing file /home/airflow/.local/lib/python3.12/site-packages/airflow/example_dags/example_short_circuit_operator.py for tasks to queue
[2024-06-04T23:52:15.194+0000] {logging_mixin.py:188} INFO - [2024-06-04T23:52:15.193+0000] {dagbag.py:545} INFO - Filling up the DagBag from /home/airflow/.local/lib/python3.12/site-packages/airflow/example_dags/example_short_circuit_operator.py
[2024-06-04T23:52:15.211+0000] {processor.py:840} INFO - DAG(s) 'example_short_circuit_operator' retrieved from /home/airflow/.local/lib/python3.12/site-packages/airflow/example_dags/example_short_circuit_operator.py
[2024-06-04T23:52:15.277+0000] {logging_mixin.py:188} INFO - [2024-06-04T23:52:15.276+0000] {dag.py:3096} INFO - Sync 1 DAGs
[2024-06-04T23:52:15.345+0000] {logging_mixin.py:188} INFO - [2024-06-04T23:52:15.342+0000] {dag.py:3954} INFO - Setting next_dagrun for example_short_circuit_operator to 2024-06-03 00:00:00+00:00, run_after=2024-06-04 00:00:00+00:00
[2024-06-04T23:52:15.444+0000] {processor.py:183} INFO - Processing /home/airflow/.local/lib/python3.12/site-packages/airflow/example_dags/example_short_circuit_operator.py took 0.268 seconds
[2024-06-04T23:52:45.894+0000] {processor.py:161} INFO - Started process (PID=173999) to work on /home/airflow/.local/lib/python3.12/site-packages/airflow/example_dags/example_short_circuit_operator.py
[2024-06-04T23:52:45.898+0000] {processor.py:830} INFO - Processing file /home/airflow/.local/lib/python3.12/site-packages/airflow/example_dags/example_short_circuit_operator.py for tasks to queue
[2024-06-04T23:52:45.910+0000] {logging_mixin.py:188} INFO - [2024-06-04T23:52:45.901+0000] {dagbag.py:545} INFO - Filling up the DagBag from /home/airflow/.local/lib/python3.12/site-packages/airflow/example_dags/example_short_circuit_operator.py
[2024-06-04T23:52:45.951+0000] {processor.py:840} INFO - DAG(s) 'example_short_circuit_operator' retrieved from /home/airflow/.local/lib/python3.12/site-packages/airflow/example_dags/example_short_circuit_operator.py
[2024-06-04T23:52:46.020+0000] {logging_mixin.py:188} INFO - [2024-06-04T23:52:46.019+0000] {dag.py:3096} INFO - Sync 1 DAGs
[2024-06-04T23:52:46.079+0000] {logging_mixin.py:188} INFO - [2024-06-04T23:52:46.079+0000] {dag.py:3954} INFO - Setting next_dagrun for example_short_circuit_operator to 2024-06-03 00:00:00+00:00, run_after=2024-06-04 00:00:00+00:00
[2024-06-04T23:52:46.131+0000] {processor.py:183} INFO - Processing /home/airflow/.local/lib/python3.12/site-packages/airflow/example_dags/example_short_circuit_operator.py took 0.255 seconds
[2024-06-04T23:53:16.254+0000] {processor.py:161} INFO - Started process (PID=174261) to work on /home/airflow/.local/lib/python3.12/site-packages/airflow/example_dags/example_short_circuit_operator.py
[2024-06-04T23:53:16.256+0000] {processor.py:830} INFO - Processing file /home/airflow/.local/lib/python3.12/site-packages/airflow/example_dags/example_short_circuit_operator.py for tasks to queue
[2024-06-04T23:53:16.260+0000] {logging_mixin.py:188} INFO - [2024-06-04T23:53:16.259+0000] {dagbag.py:545} INFO - Filling up the DagBag from /home/airflow/.local/lib/python3.12/site-packages/airflow/example_dags/example_short_circuit_operator.py
[2024-06-04T23:53:16.281+0000] {processor.py:840} INFO - DAG(s) 'example_short_circuit_operator' retrieved from /home/airflow/.local/lib/python3.12/site-packages/airflow/example_dags/example_short_circuit_operator.py
[2024-06-04T23:53:16.349+0000] {logging_mixin.py:188} INFO - [2024-06-04T23:53:16.348+0000] {dag.py:3096} INFO - Sync 1 DAGs
[2024-06-04T23:53:16.406+0000] {logging_mixin.py:188} INFO - [2024-06-04T23:53:16.405+0000] {dag.py:3954} INFO - Setting next_dagrun for example_short_circuit_operator to 2024-06-03 00:00:00+00:00, run_after=2024-06-04 00:00:00+00:00
[2024-06-04T23:53:16.470+0000] {processor.py:183} INFO - Processing /home/airflow/.local/lib/python3.12/site-packages/airflow/example_dags/example_short_circuit_operator.py took 0.231 seconds
[2024-06-04T23:53:47.088+0000] {processor.py:161} INFO - Started process (PID=174524) to work on /home/airflow/.local/lib/python3.12/site-packages/airflow/example_dags/example_short_circuit_operator.py
[2024-06-04T23:53:47.116+0000] {processor.py:830} INFO - Processing file /home/airflow/.local/lib/python3.12/site-packages/airflow/example_dags/example_short_circuit_operator.py for tasks to queue
[2024-06-04T23:53:47.120+0000] {logging_mixin.py:188} INFO - [2024-06-04T23:53:47.119+0000] {dagbag.py:545} INFO - Filling up the DagBag from /home/airflow/.local/lib/python3.12/site-packages/airflow/example_dags/example_short_circuit_operator.py
[2024-06-04T23:53:47.143+0000] {processor.py:840} INFO - DAG(s) 'example_short_circuit_operator' retrieved from /home/airflow/.local/lib/python3.12/site-packages/airflow/example_dags/example_short_circuit_operator.py
[2024-06-04T23:53:47.269+0000] {logging_mixin.py:188} INFO - [2024-06-04T23:53:47.268+0000] {dag.py:3096} INFO - Sync 1 DAGs
[2024-06-04T23:53:47.362+0000] {logging_mixin.py:188} INFO - [2024-06-04T23:53:47.361+0000] {dag.py:3954} INFO - Setting next_dagrun for example_short_circuit_operator to 2024-06-03 00:00:00+00:00, run_after=2024-06-04 00:00:00+00:00
[2024-06-04T23:53:47.453+0000] {processor.py:183} INFO - Processing /home/airflow/.local/lib/python3.12/site-packages/airflow/example_dags/example_short_circuit_operator.py took 0.387 seconds
[2024-06-04T23:54:18.165+0000] {processor.py:161} INFO - Started process (PID=174785) to work on /home/airflow/.local/lib/python3.12/site-packages/airflow/example_dags/example_short_circuit_operator.py
[2024-06-04T23:54:18.184+0000] {processor.py:830} INFO - Processing file /home/airflow/.local/lib/python3.12/site-packages/airflow/example_dags/example_short_circuit_operator.py for tasks to queue
[2024-06-04T23:54:18.200+0000] {logging_mixin.py:188} INFO - [2024-06-04T23:54:18.199+0000] {dagbag.py:545} INFO - Filling up the DagBag from /home/airflow/.local/lib/python3.12/site-packages/airflow/example_dags/example_short_circuit_operator.py
[2024-06-04T23:54:18.243+0000] {processor.py:840} INFO - DAG(s) 'example_short_circuit_operator' retrieved from /home/airflow/.local/lib/python3.12/site-packages/airflow/example_dags/example_short_circuit_operator.py
[2024-06-04T23:54:18.397+0000] {logging_mixin.py:188} INFO - [2024-06-04T23:54:18.397+0000] {dag.py:3096} INFO - Sync 1 DAGs
[2024-06-04T23:54:18.469+0000] {logging_mixin.py:188} INFO - [2024-06-04T23:54:18.469+0000] {dag.py:3954} INFO - Setting next_dagrun for example_short_circuit_operator to 2024-06-03 00:00:00+00:00, run_after=2024-06-04 00:00:00+00:00
[2024-06-04T23:54:18.534+0000] {processor.py:183} INFO - Processing /home/airflow/.local/lib/python3.12/site-packages/airflow/example_dags/example_short_circuit_operator.py took 0.404 seconds
[2024-06-04T23:54:49.274+0000] {processor.py:161} INFO - Started process (PID=175047) to work on /home/airflow/.local/lib/python3.12/site-packages/airflow/example_dags/example_short_circuit_operator.py
[2024-06-04T23:54:49.276+0000] {processor.py:830} INFO - Processing file /home/airflow/.local/lib/python3.12/site-packages/airflow/example_dags/example_short_circuit_operator.py for tasks to queue
[2024-06-04T23:54:49.280+0000] {logging_mixin.py:188} INFO - [2024-06-04T23:54:49.279+0000] {dagbag.py:545} INFO - Filling up the DagBag from /home/airflow/.local/lib/python3.12/site-packages/airflow/example_dags/example_short_circuit_operator.py
[2024-06-04T23:54:49.317+0000] {processor.py:840} INFO - DAG(s) 'example_short_circuit_operator' retrieved from /home/airflow/.local/lib/python3.12/site-packages/airflow/example_dags/example_short_circuit_operator.py
[2024-06-04T23:54:49.435+0000] {logging_mixin.py:188} INFO - [2024-06-04T23:54:49.435+0000] {dag.py:3096} INFO - Sync 1 DAGs
[2024-06-04T23:54:49.506+0000] {logging_mixin.py:188} INFO - [2024-06-04T23:54:49.505+0000] {dag.py:3954} INFO - Setting next_dagrun for example_short_circuit_operator to 2024-06-03 00:00:00+00:00, run_after=2024-06-04 00:00:00+00:00
[2024-06-04T23:54:49.581+0000] {processor.py:183} INFO - Processing /home/airflow/.local/lib/python3.12/site-packages/airflow/example_dags/example_short_circuit_operator.py took 0.320 seconds
[2024-06-04T23:55:20.308+0000] {processor.py:161} INFO - Started process (PID=175310) to work on /home/airflow/.local/lib/python3.12/site-packages/airflow/example_dags/example_short_circuit_operator.py
[2024-06-04T23:55:20.319+0000] {processor.py:830} INFO - Processing file /home/airflow/.local/lib/python3.12/site-packages/airflow/example_dags/example_short_circuit_operator.py for tasks to queue
[2024-06-04T23:55:20.324+0000] {logging_mixin.py:188} INFO - [2024-06-04T23:55:20.323+0000] {dagbag.py:545} INFO - Filling up the DagBag from /home/airflow/.local/lib/python3.12/site-packages/airflow/example_dags/example_short_circuit_operator.py
[2024-06-04T23:55:20.363+0000] {processor.py:840} INFO - DAG(s) 'example_short_circuit_operator' retrieved from /home/airflow/.local/lib/python3.12/site-packages/airflow/example_dags/example_short_circuit_operator.py
[2024-06-04T23:55:20.458+0000] {logging_mixin.py:188} INFO - [2024-06-04T23:55:20.457+0000] {dag.py:3096} INFO - Sync 1 DAGs
[2024-06-04T23:55:20.518+0000] {logging_mixin.py:188} INFO - [2024-06-04T23:55:20.517+0000] {dag.py:3954} INFO - Setting next_dagrun for example_short_circuit_operator to 2024-06-03 00:00:00+00:00, run_after=2024-06-04 00:00:00+00:00
[2024-06-04T23:55:20.606+0000] {processor.py:183} INFO - Processing /home/airflow/.local/lib/python3.12/site-packages/airflow/example_dags/example_short_circuit_operator.py took 0.315 seconds
[2024-06-04T23:55:50.711+0000] {processor.py:161} INFO - Started process (PID=175572) to work on /home/airflow/.local/lib/python3.12/site-packages/airflow/example_dags/example_short_circuit_operator.py
[2024-06-04T23:55:50.712+0000] {processor.py:830} INFO - Processing file /home/airflow/.local/lib/python3.12/site-packages/airflow/example_dags/example_short_circuit_operator.py for tasks to queue
[2024-06-04T23:55:50.717+0000] {logging_mixin.py:188} INFO - [2024-06-04T23:55:50.716+0000] {dagbag.py:545} INFO - Filling up the DagBag from /home/airflow/.local/lib/python3.12/site-packages/airflow/example_dags/example_short_circuit_operator.py
[2024-06-04T23:55:50.733+0000] {processor.py:840} INFO - DAG(s) 'example_short_circuit_operator' retrieved from /home/airflow/.local/lib/python3.12/site-packages/airflow/example_dags/example_short_circuit_operator.py
[2024-06-04T23:55:50.783+0000] {logging_mixin.py:188} INFO - [2024-06-04T23:55:50.783+0000] {dag.py:3096} INFO - Sync 1 DAGs
[2024-06-04T23:55:50.833+0000] {logging_mixin.py:188} INFO - [2024-06-04T23:55:50.832+0000] {dag.py:3954} INFO - Setting next_dagrun for example_short_circuit_operator to 2024-06-03 00:00:00+00:00, run_after=2024-06-04 00:00:00+00:00
[2024-06-04T23:55:50.892+0000] {processor.py:183} INFO - Processing /home/airflow/.local/lib/python3.12/site-packages/airflow/example_dags/example_short_circuit_operator.py took 0.197 seconds
[2024-06-04T23:56:20.959+0000] {processor.py:161} INFO - Started process (PID=175834) to work on /home/airflow/.local/lib/python3.12/site-packages/airflow/example_dags/example_short_circuit_operator.py
[2024-06-04T23:56:20.961+0000] {processor.py:830} INFO - Processing file /home/airflow/.local/lib/python3.12/site-packages/airflow/example_dags/example_short_circuit_operator.py for tasks to queue
[2024-06-04T23:56:20.964+0000] {logging_mixin.py:188} INFO - [2024-06-04T23:56:20.963+0000] {dagbag.py:545} INFO - Filling up the DagBag from /home/airflow/.local/lib/python3.12/site-packages/airflow/example_dags/example_short_circuit_operator.py
[2024-06-04T23:56:20.980+0000] {processor.py:840} INFO - DAG(s) 'example_short_circuit_operator' retrieved from /home/airflow/.local/lib/python3.12/site-packages/airflow/example_dags/example_short_circuit_operator.py
[2024-06-04T23:56:21.030+0000] {logging_mixin.py:188} INFO - [2024-06-04T23:56:21.029+0000] {dag.py:3096} INFO - Sync 1 DAGs
[2024-06-04T23:56:21.081+0000] {logging_mixin.py:188} INFO - [2024-06-04T23:56:21.080+0000] {dag.py:3954} INFO - Setting next_dagrun for example_short_circuit_operator to 2024-06-03 00:00:00+00:00, run_after=2024-06-04 00:00:00+00:00
[2024-06-04T23:56:21.126+0000] {processor.py:183} INFO - Processing /home/airflow/.local/lib/python3.12/site-packages/airflow/example_dags/example_short_circuit_operator.py took 0.179 seconds
[2024-06-04T23:56:51.491+0000] {processor.py:161} INFO - Started process (PID=176096) to work on /home/airflow/.local/lib/python3.12/site-packages/airflow/example_dags/example_short_circuit_operator.py
[2024-06-04T23:56:51.492+0000] {processor.py:830} INFO - Processing file /home/airflow/.local/lib/python3.12/site-packages/airflow/example_dags/example_short_circuit_operator.py for tasks to queue
[2024-06-04T23:56:51.498+0000] {logging_mixin.py:188} INFO - [2024-06-04T23:56:51.497+0000] {dagbag.py:545} INFO - Filling up the DagBag from /home/airflow/.local/lib/python3.12/site-packages/airflow/example_dags/example_short_circuit_operator.py
[2024-06-04T23:56:51.518+0000] {processor.py:840} INFO - DAG(s) 'example_short_circuit_operator' retrieved from /home/airflow/.local/lib/python3.12/site-packages/airflow/example_dags/example_short_circuit_operator.py
[2024-06-04T23:56:51.591+0000] {logging_mixin.py:188} INFO - [2024-06-04T23:56:51.590+0000] {dag.py:3096} INFO - Sync 1 DAGs
[2024-06-04T23:56:51.658+0000] {logging_mixin.py:188} INFO - [2024-06-04T23:56:51.657+0000] {dag.py:3954} INFO - Setting next_dagrun for example_short_circuit_operator to 2024-06-03 00:00:00+00:00, run_after=2024-06-04 00:00:00+00:00
[2024-06-04T23:56:51.699+0000] {processor.py:183} INFO - Processing /home/airflow/.local/lib/python3.12/site-packages/airflow/example_dags/example_short_circuit_operator.py took 0.233 seconds
[2024-06-04T23:57:22.191+0000] {processor.py:161} INFO - Started process (PID=176357) to work on /home/airflow/.local/lib/python3.12/site-packages/airflow/example_dags/example_short_circuit_operator.py
[2024-06-04T23:57:22.193+0000] {processor.py:830} INFO - Processing file /home/airflow/.local/lib/python3.12/site-packages/airflow/example_dags/example_short_circuit_operator.py for tasks to queue
[2024-06-04T23:57:22.197+0000] {logging_mixin.py:188} INFO - [2024-06-04T23:57:22.196+0000] {dagbag.py:545} INFO - Filling up the DagBag from /home/airflow/.local/lib/python3.12/site-packages/airflow/example_dags/example_short_circuit_operator.py
[2024-06-04T23:57:22.213+0000] {processor.py:840} INFO - DAG(s) 'example_short_circuit_operator' retrieved from /home/airflow/.local/lib/python3.12/site-packages/airflow/example_dags/example_short_circuit_operator.py
[2024-06-04T23:57:22.273+0000] {logging_mixin.py:188} INFO - [2024-06-04T23:57:22.272+0000] {dag.py:3096} INFO - Sync 1 DAGs
[2024-06-04T23:57:22.336+0000] {logging_mixin.py:188} INFO - [2024-06-04T23:57:22.336+0000] {dag.py:3954} INFO - Setting next_dagrun for example_short_circuit_operator to 2024-06-03 00:00:00+00:00, run_after=2024-06-04 00:00:00+00:00
[2024-06-04T23:57:22.387+0000] {processor.py:183} INFO - Processing /home/airflow/.local/lib/python3.12/site-packages/airflow/example_dags/example_short_circuit_operator.py took 0.211 seconds
[2024-06-04T23:57:52.528+0000] {processor.py:161} INFO - Started process (PID=176619) to work on /home/airflow/.local/lib/python3.12/site-packages/airflow/example_dags/example_short_circuit_operator.py
[2024-06-04T23:57:52.531+0000] {processor.py:830} INFO - Processing file /home/airflow/.local/lib/python3.12/site-packages/airflow/example_dags/example_short_circuit_operator.py for tasks to queue
[2024-06-04T23:57:52.535+0000] {logging_mixin.py:188} INFO - [2024-06-04T23:57:52.534+0000] {dagbag.py:545} INFO - Filling up the DagBag from /home/airflow/.local/lib/python3.12/site-packages/airflow/example_dags/example_short_circuit_operator.py
[2024-06-04T23:57:52.555+0000] {processor.py:840} INFO - DAG(s) 'example_short_circuit_operator' retrieved from /home/airflow/.local/lib/python3.12/site-packages/airflow/example_dags/example_short_circuit_operator.py
[2024-06-04T23:57:52.615+0000] {logging_mixin.py:188} INFO - [2024-06-04T23:57:52.615+0000] {dag.py:3096} INFO - Sync 1 DAGs
[2024-06-04T23:57:52.665+0000] {logging_mixin.py:188} INFO - [2024-06-04T23:57:52.665+0000] {dag.py:3954} INFO - Setting next_dagrun for example_short_circuit_operator to 2024-06-03 00:00:00+00:00, run_after=2024-06-04 00:00:00+00:00
[2024-06-04T23:57:52.727+0000] {processor.py:183} INFO - Processing /home/airflow/.local/lib/python3.12/site-packages/airflow/example_dags/example_short_circuit_operator.py took 0.213 seconds
[2024-06-04T23:58:22.977+0000] {processor.py:161} INFO - Started process (PID=176879) to work on /home/airflow/.local/lib/python3.12/site-packages/airflow/example_dags/example_short_circuit_operator.py
[2024-06-04T23:58:22.988+0000] {processor.py:830} INFO - Processing file /home/airflow/.local/lib/python3.12/site-packages/airflow/example_dags/example_short_circuit_operator.py for tasks to queue
[2024-06-04T23:58:22.991+0000] {logging_mixin.py:188} INFO - [2024-06-04T23:58:22.990+0000] {dagbag.py:545} INFO - Filling up the DagBag from /home/airflow/.local/lib/python3.12/site-packages/airflow/example_dags/example_short_circuit_operator.py
[2024-06-04T23:58:23.026+0000] {processor.py:840} INFO - DAG(s) 'example_short_circuit_operator' retrieved from /home/airflow/.local/lib/python3.12/site-packages/airflow/example_dags/example_short_circuit_operator.py
[2024-06-04T23:58:23.183+0000] {logging_mixin.py:188} INFO - [2024-06-04T23:58:23.182+0000] {dag.py:3096} INFO - Sync 1 DAGs
[2024-06-04T23:58:23.308+0000] {logging_mixin.py:188} INFO - [2024-06-04T23:58:23.308+0000] {dag.py:3954} INFO - Setting next_dagrun for example_short_circuit_operator to 2024-06-03 00:00:00+00:00, run_after=2024-06-04 00:00:00+00:00
[2024-06-04T23:58:23.356+0000] {processor.py:183} INFO - Processing /home/airflow/.local/lib/python3.12/site-packages/airflow/example_dags/example_short_circuit_operator.py took 0.394 seconds
[2024-06-04T23:58:53.618+0000] {processor.py:161} INFO - Started process (PID=177142) to work on /home/airflow/.local/lib/python3.12/site-packages/airflow/example_dags/example_short_circuit_operator.py
[2024-06-04T23:58:53.619+0000] {processor.py:830} INFO - Processing file /home/airflow/.local/lib/python3.12/site-packages/airflow/example_dags/example_short_circuit_operator.py for tasks to queue
[2024-06-04T23:58:53.622+0000] {logging_mixin.py:188} INFO - [2024-06-04T23:58:53.622+0000] {dagbag.py:545} INFO - Filling up the DagBag from /home/airflow/.local/lib/python3.12/site-packages/airflow/example_dags/example_short_circuit_operator.py
[2024-06-04T23:58:53.635+0000] {processor.py:840} INFO - DAG(s) 'example_short_circuit_operator' retrieved from /home/airflow/.local/lib/python3.12/site-packages/airflow/example_dags/example_short_circuit_operator.py
[2024-06-04T23:58:53.676+0000] {logging_mixin.py:188} INFO - [2024-06-04T23:58:53.676+0000] {dag.py:3096} INFO - Sync 1 DAGs
[2024-06-04T23:58:53.716+0000] {logging_mixin.py:188} INFO - [2024-06-04T23:58:53.715+0000] {dag.py:3954} INFO - Setting next_dagrun for example_short_circuit_operator to 2024-06-03 00:00:00+00:00, run_after=2024-06-04 00:00:00+00:00
[2024-06-04T23:58:53.763+0000] {processor.py:183} INFO - Processing /home/airflow/.local/lib/python3.12/site-packages/airflow/example_dags/example_short_circuit_operator.py took 0.154 seconds
[2024-06-04T23:59:24.440+0000] {processor.py:161} INFO - Started process (PID=177401) to work on /home/airflow/.local/lib/python3.12/site-packages/airflow/example_dags/example_short_circuit_operator.py
[2024-06-04T23:59:24.461+0000] {processor.py:830} INFO - Processing file /home/airflow/.local/lib/python3.12/site-packages/airflow/example_dags/example_short_circuit_operator.py for tasks to queue
[2024-06-04T23:59:24.465+0000] {logging_mixin.py:188} INFO - [2024-06-04T23:59:24.464+0000] {dagbag.py:545} INFO - Filling up the DagBag from /home/airflow/.local/lib/python3.12/site-packages/airflow/example_dags/example_short_circuit_operator.py
[2024-06-04T23:59:24.482+0000] {processor.py:840} INFO - DAG(s) 'example_short_circuit_operator' retrieved from /home/airflow/.local/lib/python3.12/site-packages/airflow/example_dags/example_short_circuit_operator.py
[2024-06-04T23:59:24.530+0000] {logging_mixin.py:188} INFO - [2024-06-04T23:59:24.529+0000] {dag.py:3096} INFO - Sync 1 DAGs
[2024-06-04T23:59:24.579+0000] {logging_mixin.py:188} INFO - [2024-06-04T23:59:24.579+0000] {dag.py:3954} INFO - Setting next_dagrun for example_short_circuit_operator to 2024-06-03 00:00:00+00:00, run_after=2024-06-04 00:00:00+00:00
[2024-06-04T23:59:24.625+0000] {processor.py:183} INFO - Processing /home/airflow/.local/lib/python3.12/site-packages/airflow/example_dags/example_short_circuit_operator.py took 0.196 seconds
[2024-06-04T23:59:55.938+0000] {processor.py:161} INFO - Started process (PID=177668) to work on /home/airflow/.local/lib/python3.12/site-packages/airflow/example_dags/example_short_circuit_operator.py
[2024-06-04T23:59:55.940+0000] {processor.py:830} INFO - Processing file /home/airflow/.local/lib/python3.12/site-packages/airflow/example_dags/example_short_circuit_operator.py for tasks to queue
[2024-06-04T23:59:55.944+0000] {logging_mixin.py:188} INFO - [2024-06-04T23:59:55.943+0000] {dagbag.py:545} INFO - Filling up the DagBag from /home/airflow/.local/lib/python3.12/site-packages/airflow/example_dags/example_short_circuit_operator.py
[2024-06-04T23:59:55.964+0000] {processor.py:840} INFO - DAG(s) 'example_short_circuit_operator' retrieved from /home/airflow/.local/lib/python3.12/site-packages/airflow/example_dags/example_short_circuit_operator.py
[2024-06-04T23:59:56.025+0000] {logging_mixin.py:188} INFO - [2024-06-04T23:59:56.024+0000] {dag.py:3096} INFO - Sync 1 DAGs
[2024-06-04T23:59:56.304+0000] {logging_mixin.py:188} INFO - [2024-06-04T23:59:56.304+0000] {dag.py:3954} INFO - Setting next_dagrun for example_short_circuit_operator to 2024-06-03 00:00:00+00:00, run_after=2024-06-04 00:00:00+00:00
[2024-06-04T23:59:56.359+0000] {processor.py:183} INFO - Processing /home/airflow/.local/lib/python3.12/site-packages/airflow/example_dags/example_short_circuit_operator.py took 0.436 seconds
