[2024-06-04T23:44:14.542+0000] {processor.py:161} INFO - Started process (PID=169713) to work on /home/airflow/.local/lib/python3.12/site-packages/airflow/example_dags/example_task_group_decorator.py
[2024-06-04T23:44:14.618+0000] {processor.py:830} INFO - Processing file /home/airflow/.local/lib/python3.12/site-packages/airflow/example_dags/example_task_group_decorator.py for tasks to queue
[2024-06-04T23:44:14.621+0000] {logging_mixin.py:188} INFO - [2024-06-04T23:44:14.621+0000] {dagbag.py:545} INFO - Filling up the DagBag from /home/airflow/.local/lib/python3.12/site-packages/airflow/example_dags/example_task_group_decorator.py
[2024-06-04T23:44:14.695+0000] {processor.py:840} INFO - DAG(s) 'example_task_group_decorator' retrieved from /home/airflow/.local/lib/python3.12/site-packages/airflow/example_dags/example_task_group_decorator.py
[2024-06-04T23:44:14.759+0000] {logging_mixin.py:188} INFO - [2024-06-04T23:44:14.758+0000] {dag.py:3096} INFO - Sync 1 DAGs
[2024-06-04T23:44:14.824+0000] {logging_mixin.py:188} INFO - [2024-06-04T23:44:14.823+0000] {dag.py:3954} INFO - Setting next_dagrun for example_task_group_decorator to 2024-06-03 00:00:00+00:00, run_after=2024-06-04 00:00:00+00:00
[2024-06-04T23:44:15.371+0000] {processor.py:183} INFO - Processing /home/airflow/.local/lib/python3.12/site-packages/airflow/example_dags/example_task_group_decorator.py took 0.928 seconds
[2024-06-04T23:44:45.520+0000] {processor.py:161} INFO - Started process (PID=169971) to work on /home/airflow/.local/lib/python3.12/site-packages/airflow/example_dags/example_task_group_decorator.py
[2024-06-04T23:44:45.522+0000] {processor.py:830} INFO - Processing file /home/airflow/.local/lib/python3.12/site-packages/airflow/example_dags/example_task_group_decorator.py for tasks to queue
[2024-06-04T23:44:45.525+0000] {logging_mixin.py:188} INFO - [2024-06-04T23:44:45.524+0000] {dagbag.py:545} INFO - Filling up the DagBag from /home/airflow/.local/lib/python3.12/site-packages/airflow/example_dags/example_task_group_decorator.py
[2024-06-04T23:44:45.569+0000] {processor.py:840} INFO - DAG(s) 'example_task_group_decorator' retrieved from /home/airflow/.local/lib/python3.12/site-packages/airflow/example_dags/example_task_group_decorator.py
[2024-06-04T23:44:45.663+0000] {logging_mixin.py:188} INFO - [2024-06-04T23:44:45.662+0000] {dag.py:3096} INFO - Sync 1 DAGs
[2024-06-04T23:44:45.762+0000] {logging_mixin.py:188} INFO - [2024-06-04T23:44:45.762+0000] {dag.py:3954} INFO - Setting next_dagrun for example_task_group_decorator to 2024-06-03 00:00:00+00:00, run_after=2024-06-04 00:00:00+00:00
[2024-06-04T23:44:46.070+0000] {processor.py:183} INFO - Processing /home/airflow/.local/lib/python3.12/site-packages/airflow/example_dags/example_task_group_decorator.py took 0.562 seconds
[2024-06-04T23:45:17.197+0000] {processor.py:161} INFO - Started process (PID=170239) to work on /home/airflow/.local/lib/python3.12/site-packages/airflow/example_dags/example_task_group_decorator.py
[2024-06-04T23:45:17.220+0000] {processor.py:830} INFO - Processing file /home/airflow/.local/lib/python3.12/site-packages/airflow/example_dags/example_task_group_decorator.py for tasks to queue
[2024-06-04T23:45:17.227+0000] {logging_mixin.py:188} INFO - [2024-06-04T23:45:17.223+0000] {dagbag.py:545} INFO - Filling up the DagBag from /home/airflow/.local/lib/python3.12/site-packages/airflow/example_dags/example_task_group_decorator.py
[2024-06-04T23:45:17.394+0000] {processor.py:840} INFO - DAG(s) 'example_task_group_decorator' retrieved from /home/airflow/.local/lib/python3.12/site-packages/airflow/example_dags/example_task_group_decorator.py
[2024-06-04T23:45:17.574+0000] {logging_mixin.py:188} INFO - [2024-06-04T23:45:17.573+0000] {dag.py:3096} INFO - Sync 1 DAGs
[2024-06-04T23:45:17.726+0000] {logging_mixin.py:188} INFO - [2024-06-04T23:45:17.725+0000] {dag.py:3954} INFO - Setting next_dagrun for example_task_group_decorator to 2024-06-03 00:00:00+00:00, run_after=2024-06-04 00:00:00+00:00
[2024-06-04T23:45:17.881+0000] {processor.py:183} INFO - Processing /home/airflow/.local/lib/python3.12/site-packages/airflow/example_dags/example_task_group_decorator.py took 0.755 seconds
[2024-06-04T23:45:48.756+0000] {processor.py:161} INFO - Started process (PID=170501) to work on /home/airflow/.local/lib/python3.12/site-packages/airflow/example_dags/example_task_group_decorator.py
[2024-06-04T23:45:48.757+0000] {processor.py:830} INFO - Processing file /home/airflow/.local/lib/python3.12/site-packages/airflow/example_dags/example_task_group_decorator.py for tasks to queue
[2024-06-04T23:45:48.770+0000] {logging_mixin.py:188} INFO - [2024-06-04T23:45:48.769+0000] {dagbag.py:545} INFO - Filling up the DagBag from /home/airflow/.local/lib/python3.12/site-packages/airflow/example_dags/example_task_group_decorator.py
[2024-06-04T23:45:48.923+0000] {processor.py:840} INFO - DAG(s) 'example_task_group_decorator' retrieved from /home/airflow/.local/lib/python3.12/site-packages/airflow/example_dags/example_task_group_decorator.py
[2024-06-04T23:45:49.116+0000] {logging_mixin.py:188} INFO - [2024-06-04T23:45:49.116+0000] {dag.py:3096} INFO - Sync 1 DAGs
[2024-06-04T23:45:49.182+0000] {logging_mixin.py:188} INFO - [2024-06-04T23:45:49.181+0000] {dag.py:3954} INFO - Setting next_dagrun for example_task_group_decorator to 2024-06-03 00:00:00+00:00, run_after=2024-06-04 00:00:00+00:00
[2024-06-04T23:45:49.366+0000] {processor.py:183} INFO - Processing /home/airflow/.local/lib/python3.12/site-packages/airflow/example_dags/example_task_group_decorator.py took 0.664 seconds
[2024-06-04T23:46:20.184+0000] {processor.py:161} INFO - Started process (PID=170763) to work on /home/airflow/.local/lib/python3.12/site-packages/airflow/example_dags/example_task_group_decorator.py
[2024-06-04T23:46:20.198+0000] {processor.py:830} INFO - Processing file /home/airflow/.local/lib/python3.12/site-packages/airflow/example_dags/example_task_group_decorator.py for tasks to queue
[2024-06-04T23:46:20.203+0000] {logging_mixin.py:188} INFO - [2024-06-04T23:46:20.202+0000] {dagbag.py:545} INFO - Filling up the DagBag from /home/airflow/.local/lib/python3.12/site-packages/airflow/example_dags/example_task_group_decorator.py
[2024-06-04T23:46:20.246+0000] {processor.py:840} INFO - DAG(s) 'example_task_group_decorator' retrieved from /home/airflow/.local/lib/python3.12/site-packages/airflow/example_dags/example_task_group_decorator.py
[2024-06-04T23:46:20.322+0000] {logging_mixin.py:188} INFO - [2024-06-04T23:46:20.322+0000] {dag.py:3096} INFO - Sync 1 DAGs
[2024-06-04T23:46:20.382+0000] {logging_mixin.py:188} INFO - [2024-06-04T23:46:20.381+0000] {dag.py:3954} INFO - Setting next_dagrun for example_task_group_decorator to 2024-06-03 00:00:00+00:00, run_after=2024-06-04 00:00:00+00:00
[2024-06-04T23:46:20.438+0000] {processor.py:183} INFO - Processing /home/airflow/.local/lib/python3.12/site-packages/airflow/example_dags/example_task_group_decorator.py took 0.269 seconds
[2024-06-04T23:46:50.730+0000] {processor.py:161} INFO - Started process (PID=171024) to work on /home/airflow/.local/lib/python3.12/site-packages/airflow/example_dags/example_task_group_decorator.py
[2024-06-04T23:46:50.733+0000] {processor.py:830} INFO - Processing file /home/airflow/.local/lib/python3.12/site-packages/airflow/example_dags/example_task_group_decorator.py for tasks to queue
[2024-06-04T23:46:50.738+0000] {logging_mixin.py:188} INFO - [2024-06-04T23:46:50.737+0000] {dagbag.py:545} INFO - Filling up the DagBag from /home/airflow/.local/lib/python3.12/site-packages/airflow/example_dags/example_task_group_decorator.py
[2024-06-04T23:46:50.781+0000] {processor.py:840} INFO - DAG(s) 'example_task_group_decorator' retrieved from /home/airflow/.local/lib/python3.12/site-packages/airflow/example_dags/example_task_group_decorator.py
[2024-06-04T23:46:50.855+0000] {logging_mixin.py:188} INFO - [2024-06-04T23:46:50.854+0000] {dag.py:3096} INFO - Sync 1 DAGs
[2024-06-04T23:46:50.921+0000] {logging_mixin.py:188} INFO - [2024-06-04T23:46:50.921+0000] {dag.py:3954} INFO - Setting next_dagrun for example_task_group_decorator to 2024-06-03 00:00:00+00:00, run_after=2024-06-04 00:00:00+00:00
[2024-06-04T23:46:50.979+0000] {processor.py:183} INFO - Processing /home/airflow/.local/lib/python3.12/site-packages/airflow/example_dags/example_task_group_decorator.py took 0.265 seconds
[2024-06-04T23:47:21.480+0000] {processor.py:161} INFO - Started process (PID=171285) to work on /home/airflow/.local/lib/python3.12/site-packages/airflow/example_dags/example_task_group_decorator.py
[2024-06-04T23:47:21.482+0000] {processor.py:830} INFO - Processing file /home/airflow/.local/lib/python3.12/site-packages/airflow/example_dags/example_task_group_decorator.py for tasks to queue
[2024-06-04T23:47:21.486+0000] {logging_mixin.py:188} INFO - [2024-06-04T23:47:21.486+0000] {dagbag.py:545} INFO - Filling up the DagBag from /home/airflow/.local/lib/python3.12/site-packages/airflow/example_dags/example_task_group_decorator.py
[2024-06-04T23:47:21.567+0000] {processor.py:840} INFO - DAG(s) 'example_task_group_decorator' retrieved from /home/airflow/.local/lib/python3.12/site-packages/airflow/example_dags/example_task_group_decorator.py
[2024-06-04T23:47:21.648+0000] {logging_mixin.py:188} INFO - [2024-06-04T23:47:21.647+0000] {dag.py:3096} INFO - Sync 1 DAGs
[2024-06-04T23:47:21.701+0000] {logging_mixin.py:188} INFO - [2024-06-04T23:47:21.700+0000] {dag.py:3954} INFO - Setting next_dagrun for example_task_group_decorator to 2024-06-03 00:00:00+00:00, run_after=2024-06-04 00:00:00+00:00
[2024-06-04T23:47:21.753+0000] {processor.py:183} INFO - Processing /home/airflow/.local/lib/python3.12/site-packages/airflow/example_dags/example_task_group_decorator.py took 0.306 seconds
[2024-06-04T23:47:51.920+0000] {processor.py:161} INFO - Started process (PID=171547) to work on /home/airflow/.local/lib/python3.12/site-packages/airflow/example_dags/example_task_group_decorator.py
[2024-06-04T23:47:51.927+0000] {processor.py:830} INFO - Processing file /home/airflow/.local/lib/python3.12/site-packages/airflow/example_dags/example_task_group_decorator.py for tasks to queue
[2024-06-04T23:47:51.935+0000] {logging_mixin.py:188} INFO - [2024-06-04T23:47:51.934+0000] {dagbag.py:545} INFO - Filling up the DagBag from /home/airflow/.local/lib/python3.12/site-packages/airflow/example_dags/example_task_group_decorator.py
[2024-06-04T23:47:52.054+0000] {processor.py:840} INFO - DAG(s) 'example_task_group_decorator' retrieved from /home/airflow/.local/lib/python3.12/site-packages/airflow/example_dags/example_task_group_decorator.py
[2024-06-04T23:47:52.187+0000] {logging_mixin.py:188} INFO - [2024-06-04T23:47:52.186+0000] {dag.py:3096} INFO - Sync 1 DAGs
[2024-06-04T23:47:52.325+0000] {logging_mixin.py:188} INFO - [2024-06-04T23:47:52.325+0000] {dag.py:3954} INFO - Setting next_dagrun for example_task_group_decorator to 2024-06-03 00:00:00+00:00, run_after=2024-06-04 00:00:00+00:00
[2024-06-04T23:47:52.416+0000] {processor.py:183} INFO - Processing /home/airflow/.local/lib/python3.12/site-packages/airflow/example_dags/example_task_group_decorator.py took 0.544 seconds
[2024-06-04T23:48:22.565+0000] {processor.py:161} INFO - Started process (PID=171809) to work on /home/airflow/.local/lib/python3.12/site-packages/airflow/example_dags/example_task_group_decorator.py
[2024-06-04T23:48:22.575+0000] {processor.py:830} INFO - Processing file /home/airflow/.local/lib/python3.12/site-packages/airflow/example_dags/example_task_group_decorator.py for tasks to queue
[2024-06-04T23:48:22.581+0000] {logging_mixin.py:188} INFO - [2024-06-04T23:48:22.580+0000] {dagbag.py:545} INFO - Filling up the DagBag from /home/airflow/.local/lib/python3.12/site-packages/airflow/example_dags/example_task_group_decorator.py
[2024-06-04T23:48:22.647+0000] {processor.py:840} INFO - DAG(s) 'example_task_group_decorator' retrieved from /home/airflow/.local/lib/python3.12/site-packages/airflow/example_dags/example_task_group_decorator.py
[2024-06-04T23:48:22.715+0000] {logging_mixin.py:188} INFO - [2024-06-04T23:48:22.715+0000] {dag.py:3096} INFO - Sync 1 DAGs
[2024-06-04T23:48:22.819+0000] {logging_mixin.py:188} INFO - [2024-06-04T23:48:22.819+0000] {dag.py:3954} INFO - Setting next_dagrun for example_task_group_decorator to 2024-06-03 00:00:00+00:00, run_after=2024-06-04 00:00:00+00:00
[2024-06-04T23:48:22.873+0000] {processor.py:183} INFO - Processing /home/airflow/.local/lib/python3.12/site-packages/airflow/example_dags/example_task_group_decorator.py took 0.338 seconds
[2024-06-04T23:48:53.129+0000] {processor.py:161} INFO - Started process (PID=172071) to work on /home/airflow/.local/lib/python3.12/site-packages/airflow/example_dags/example_task_group_decorator.py
[2024-06-04T23:48:53.130+0000] {processor.py:830} INFO - Processing file /home/airflow/.local/lib/python3.12/site-packages/airflow/example_dags/example_task_group_decorator.py for tasks to queue
[2024-06-04T23:48:53.135+0000] {logging_mixin.py:188} INFO - [2024-06-04T23:48:53.134+0000] {dagbag.py:545} INFO - Filling up the DagBag from /home/airflow/.local/lib/python3.12/site-packages/airflow/example_dags/example_task_group_decorator.py
[2024-06-04T23:48:53.180+0000] {processor.py:840} INFO - DAG(s) 'example_task_group_decorator' retrieved from /home/airflow/.local/lib/python3.12/site-packages/airflow/example_dags/example_task_group_decorator.py
[2024-06-04T23:48:53.251+0000] {logging_mixin.py:188} INFO - [2024-06-04T23:48:53.250+0000] {dag.py:3096} INFO - Sync 1 DAGs
[2024-06-04T23:48:53.314+0000] {logging_mixin.py:188} INFO - [2024-06-04T23:48:53.313+0000] {dag.py:3954} INFO - Setting next_dagrun for example_task_group_decorator to 2024-06-03 00:00:00+00:00, run_after=2024-06-04 00:00:00+00:00
[2024-06-04T23:48:53.444+0000] {processor.py:183} INFO - Processing /home/airflow/.local/lib/python3.12/site-packages/airflow/example_dags/example_task_group_decorator.py took 0.332 seconds
[2024-06-04T23:49:23.754+0000] {processor.py:161} INFO - Started process (PID=172332) to work on /home/airflow/.local/lib/python3.12/site-packages/airflow/example_dags/example_task_group_decorator.py
[2024-06-04T23:49:23.760+0000] {processor.py:830} INFO - Processing file /home/airflow/.local/lib/python3.12/site-packages/airflow/example_dags/example_task_group_decorator.py for tasks to queue
[2024-06-04T23:49:23.764+0000] {logging_mixin.py:188} INFO - [2024-06-04T23:49:23.763+0000] {dagbag.py:545} INFO - Filling up the DagBag from /home/airflow/.local/lib/python3.12/site-packages/airflow/example_dags/example_task_group_decorator.py
[2024-06-04T23:49:23.814+0000] {processor.py:840} INFO - DAG(s) 'example_task_group_decorator' retrieved from /home/airflow/.local/lib/python3.12/site-packages/airflow/example_dags/example_task_group_decorator.py
[2024-06-04T23:49:23.893+0000] {logging_mixin.py:188} INFO - [2024-06-04T23:49:23.892+0000] {dag.py:3096} INFO - Sync 1 DAGs
[2024-06-04T23:49:23.972+0000] {logging_mixin.py:188} INFO - [2024-06-04T23:49:23.971+0000] {dag.py:3954} INFO - Setting next_dagrun for example_task_group_decorator to 2024-06-03 00:00:00+00:00, run_after=2024-06-04 00:00:00+00:00
[2024-06-04T23:49:24.021+0000] {processor.py:183} INFO - Processing /home/airflow/.local/lib/python3.12/site-packages/airflow/example_dags/example_task_group_decorator.py took 0.284 seconds
[2024-06-04T23:49:54.633+0000] {processor.py:161} INFO - Started process (PID=172594) to work on /home/airflow/.local/lib/python3.12/site-packages/airflow/example_dags/example_task_group_decorator.py
[2024-06-04T23:49:54.636+0000] {processor.py:830} INFO - Processing file /home/airflow/.local/lib/python3.12/site-packages/airflow/example_dags/example_task_group_decorator.py for tasks to queue
[2024-06-04T23:49:54.641+0000] {logging_mixin.py:188} INFO - [2024-06-04T23:49:54.639+0000] {dagbag.py:545} INFO - Filling up the DagBag from /home/airflow/.local/lib/python3.12/site-packages/airflow/example_dags/example_task_group_decorator.py
[2024-06-04T23:49:54.691+0000] {processor.py:840} INFO - DAG(s) 'example_task_group_decorator' retrieved from /home/airflow/.local/lib/python3.12/site-packages/airflow/example_dags/example_task_group_decorator.py
[2024-06-04T23:49:54.767+0000] {logging_mixin.py:188} INFO - [2024-06-04T23:49:54.767+0000] {dag.py:3096} INFO - Sync 1 DAGs
[2024-06-04T23:49:54.828+0000] {logging_mixin.py:188} INFO - [2024-06-04T23:49:54.827+0000] {dag.py:3954} INFO - Setting next_dagrun for example_task_group_decorator to 2024-06-03 00:00:00+00:00, run_after=2024-06-04 00:00:00+00:00
[2024-06-04T23:49:54.893+0000] {processor.py:183} INFO - Processing /home/airflow/.local/lib/python3.12/site-packages/airflow/example_dags/example_task_group_decorator.py took 0.276 seconds
[2024-06-04T23:50:25.040+0000] {processor.py:161} INFO - Started process (PID=172856) to work on /home/airflow/.local/lib/python3.12/site-packages/airflow/example_dags/example_task_group_decorator.py
[2024-06-04T23:50:25.053+0000] {processor.py:830} INFO - Processing file /home/airflow/.local/lib/python3.12/site-packages/airflow/example_dags/example_task_group_decorator.py for tasks to queue
[2024-06-04T23:50:25.057+0000] {logging_mixin.py:188} INFO - [2024-06-04T23:50:25.056+0000] {dagbag.py:545} INFO - Filling up the DagBag from /home/airflow/.local/lib/python3.12/site-packages/airflow/example_dags/example_task_group_decorator.py
[2024-06-04T23:50:25.129+0000] {processor.py:840} INFO - DAG(s) 'example_task_group_decorator' retrieved from /home/airflow/.local/lib/python3.12/site-packages/airflow/example_dags/example_task_group_decorator.py
[2024-06-04T23:50:25.238+0000] {logging_mixin.py:188} INFO - [2024-06-04T23:50:25.238+0000] {dag.py:3096} INFO - Sync 1 DAGs
[2024-06-04T23:50:25.339+0000] {logging_mixin.py:188} INFO - [2024-06-04T23:50:25.338+0000] {dag.py:3954} INFO - Setting next_dagrun for example_task_group_decorator to 2024-06-03 00:00:00+00:00, run_after=2024-06-04 00:00:00+00:00
[2024-06-04T23:50:25.417+0000] {processor.py:183} INFO - Processing /home/airflow/.local/lib/python3.12/site-packages/airflow/example_dags/example_task_group_decorator.py took 0.392 seconds
[2024-06-04T23:50:56.287+0000] {processor.py:161} INFO - Started process (PID=173118) to work on /home/airflow/.local/lib/python3.12/site-packages/airflow/example_dags/example_task_group_decorator.py
[2024-06-04T23:50:56.289+0000] {processor.py:830} INFO - Processing file /home/airflow/.local/lib/python3.12/site-packages/airflow/example_dags/example_task_group_decorator.py for tasks to queue
[2024-06-04T23:50:56.293+0000] {logging_mixin.py:188} INFO - [2024-06-04T23:50:56.293+0000] {dagbag.py:545} INFO - Filling up the DagBag from /home/airflow/.local/lib/python3.12/site-packages/airflow/example_dags/example_task_group_decorator.py
[2024-06-04T23:50:56.336+0000] {processor.py:840} INFO - DAG(s) 'example_task_group_decorator' retrieved from /home/airflow/.local/lib/python3.12/site-packages/airflow/example_dags/example_task_group_decorator.py
[2024-06-04T23:50:56.411+0000] {logging_mixin.py:188} INFO - [2024-06-04T23:50:56.410+0000] {dag.py:3096} INFO - Sync 1 DAGs
[2024-06-04T23:50:56.474+0000] {logging_mixin.py:188} INFO - [2024-06-04T23:50:56.474+0000] {dag.py:3954} INFO - Setting next_dagrun for example_task_group_decorator to 2024-06-03 00:00:00+00:00, run_after=2024-06-04 00:00:00+00:00
[2024-06-04T23:50:56.547+0000] {processor.py:183} INFO - Processing /home/airflow/.local/lib/python3.12/site-packages/airflow/example_dags/example_task_group_decorator.py took 0.278 seconds
[2024-06-04T23:51:27.529+0000] {processor.py:161} INFO - Started process (PID=173381) to work on /home/airflow/.local/lib/python3.12/site-packages/airflow/example_dags/example_task_group_decorator.py
[2024-06-04T23:51:27.532+0000] {processor.py:830} INFO - Processing file /home/airflow/.local/lib/python3.12/site-packages/airflow/example_dags/example_task_group_decorator.py for tasks to queue
[2024-06-04T23:51:27.535+0000] {logging_mixin.py:188} INFO - [2024-06-04T23:51:27.535+0000] {dagbag.py:545} INFO - Filling up the DagBag from /home/airflow/.local/lib/python3.12/site-packages/airflow/example_dags/example_task_group_decorator.py
[2024-06-04T23:51:27.579+0000] {processor.py:840} INFO - DAG(s) 'example_task_group_decorator' retrieved from /home/airflow/.local/lib/python3.12/site-packages/airflow/example_dags/example_task_group_decorator.py
[2024-06-04T23:51:27.651+0000] {logging_mixin.py:188} INFO - [2024-06-04T23:51:27.650+0000] {dag.py:3096} INFO - Sync 1 DAGs
[2024-06-04T23:51:27.709+0000] {logging_mixin.py:188} INFO - [2024-06-04T23:51:27.708+0000] {dag.py:3954} INFO - Setting next_dagrun for example_task_group_decorator to 2024-06-03 00:00:00+00:00, run_after=2024-06-04 00:00:00+00:00
[2024-06-04T23:51:27.800+0000] {processor.py:183} INFO - Processing /home/airflow/.local/lib/python3.12/site-packages/airflow/example_dags/example_task_group_decorator.py took 0.290 seconds
[2024-06-04T23:51:58.227+0000] {processor.py:161} INFO - Started process (PID=173642) to work on /home/airflow/.local/lib/python3.12/site-packages/airflow/example_dags/example_task_group_decorator.py
[2024-06-04T23:51:58.230+0000] {processor.py:830} INFO - Processing file /home/airflow/.local/lib/python3.12/site-packages/airflow/example_dags/example_task_group_decorator.py for tasks to queue
[2024-06-04T23:51:58.234+0000] {logging_mixin.py:188} INFO - [2024-06-04T23:51:58.233+0000] {dagbag.py:545} INFO - Filling up the DagBag from /home/airflow/.local/lib/python3.12/site-packages/airflow/example_dags/example_task_group_decorator.py
[2024-06-04T23:51:58.273+0000] {processor.py:840} INFO - DAG(s) 'example_task_group_decorator' retrieved from /home/airflow/.local/lib/python3.12/site-packages/airflow/example_dags/example_task_group_decorator.py
[2024-06-04T23:51:58.345+0000] {logging_mixin.py:188} INFO - [2024-06-04T23:51:58.344+0000] {dag.py:3096} INFO - Sync 1 DAGs
[2024-06-04T23:51:58.404+0000] {logging_mixin.py:188} INFO - [2024-06-04T23:51:58.403+0000] {dag.py:3954} INFO - Setting next_dagrun for example_task_group_decorator to 2024-06-03 00:00:00+00:00, run_after=2024-06-04 00:00:00+00:00
[2024-06-04T23:51:58.480+0000] {processor.py:183} INFO - Processing /home/airflow/.local/lib/python3.12/site-packages/airflow/example_dags/example_task_group_decorator.py took 0.272 seconds
[2024-06-04T23:52:29.339+0000] {processor.py:161} INFO - Started process (PID=173904) to work on /home/airflow/.local/lib/python3.12/site-packages/airflow/example_dags/example_task_group_decorator.py
[2024-06-04T23:52:29.349+0000] {processor.py:830} INFO - Processing file /home/airflow/.local/lib/python3.12/site-packages/airflow/example_dags/example_task_group_decorator.py for tasks to queue
[2024-06-04T23:52:29.359+0000] {logging_mixin.py:188} INFO - [2024-06-04T23:52:29.359+0000] {dagbag.py:545} INFO - Filling up the DagBag from /home/airflow/.local/lib/python3.12/site-packages/airflow/example_dags/example_task_group_decorator.py
[2024-06-04T23:52:29.445+0000] {processor.py:840} INFO - DAG(s) 'example_task_group_decorator' retrieved from /home/airflow/.local/lib/python3.12/site-packages/airflow/example_dags/example_task_group_decorator.py
[2024-06-04T23:52:29.547+0000] {logging_mixin.py:188} INFO - [2024-06-04T23:52:29.547+0000] {dag.py:3096} INFO - Sync 1 DAGs
[2024-06-04T23:52:29.606+0000] {logging_mixin.py:188} INFO - [2024-06-04T23:52:29.605+0000] {dag.py:3954} INFO - Setting next_dagrun for example_task_group_decorator to 2024-06-03 00:00:00+00:00, run_after=2024-06-04 00:00:00+00:00
[2024-06-04T23:52:29.662+0000] {processor.py:183} INFO - Processing /home/airflow/.local/lib/python3.12/site-packages/airflow/example_dags/example_task_group_decorator.py took 0.354 seconds
[2024-06-04T23:52:59.964+0000] {processor.py:161} INFO - Started process (PID=174166) to work on /home/airflow/.local/lib/python3.12/site-packages/airflow/example_dags/example_task_group_decorator.py
[2024-06-04T23:52:59.970+0000] {processor.py:830} INFO - Processing file /home/airflow/.local/lib/python3.12/site-packages/airflow/example_dags/example_task_group_decorator.py for tasks to queue
[2024-06-04T23:52:59.974+0000] {logging_mixin.py:188} INFO - [2024-06-04T23:52:59.974+0000] {dagbag.py:545} INFO - Filling up the DagBag from /home/airflow/.local/lib/python3.12/site-packages/airflow/example_dags/example_task_group_decorator.py
[2024-06-04T23:53:00.017+0000] {processor.py:840} INFO - DAG(s) 'example_task_group_decorator' retrieved from /home/airflow/.local/lib/python3.12/site-packages/airflow/example_dags/example_task_group_decorator.py
[2024-06-04T23:53:00.091+0000] {logging_mixin.py:188} INFO - [2024-06-04T23:53:00.091+0000] {dag.py:3096} INFO - Sync 1 DAGs
[2024-06-04T23:53:00.198+0000] {logging_mixin.py:188} INFO - [2024-06-04T23:53:00.197+0000] {dag.py:3954} INFO - Setting next_dagrun for example_task_group_decorator to 2024-06-03 00:00:00+00:00, run_after=2024-06-04 00:00:00+00:00
[2024-06-04T23:53:00.320+0000] {processor.py:183} INFO - Processing /home/airflow/.local/lib/python3.12/site-packages/airflow/example_dags/example_task_group_decorator.py took 0.372 seconds
[2024-06-04T23:53:30.482+0000] {processor.py:161} INFO - Started process (PID=174429) to work on /home/airflow/.local/lib/python3.12/site-packages/airflow/example_dags/example_task_group_decorator.py
[2024-06-04T23:53:30.484+0000] {processor.py:830} INFO - Processing file /home/airflow/.local/lib/python3.12/site-packages/airflow/example_dags/example_task_group_decorator.py for tasks to queue
[2024-06-04T23:53:30.493+0000] {logging_mixin.py:188} INFO - [2024-06-04T23:53:30.492+0000] {dagbag.py:545} INFO - Filling up the DagBag from /home/airflow/.local/lib/python3.12/site-packages/airflow/example_dags/example_task_group_decorator.py
[2024-06-04T23:53:30.578+0000] {processor.py:840} INFO - DAG(s) 'example_task_group_decorator' retrieved from /home/airflow/.local/lib/python3.12/site-packages/airflow/example_dags/example_task_group_decorator.py
[2024-06-04T23:53:30.699+0000] {logging_mixin.py:188} INFO - [2024-06-04T23:53:30.699+0000] {dag.py:3096} INFO - Sync 1 DAGs
[2024-06-04T23:53:30.796+0000] {logging_mixin.py:188} INFO - [2024-06-04T23:53:30.796+0000] {dag.py:3954} INFO - Setting next_dagrun for example_task_group_decorator to 2024-06-03 00:00:00+00:00, run_after=2024-06-04 00:00:00+00:00
[2024-06-04T23:53:30.914+0000] {processor.py:183} INFO - Processing /home/airflow/.local/lib/python3.12/site-packages/airflow/example_dags/example_task_group_decorator.py took 0.455 seconds
[2024-06-04T23:54:01.577+0000] {processor.py:161} INFO - Started process (PID=174690) to work on /home/airflow/.local/lib/python3.12/site-packages/airflow/example_dags/example_task_group_decorator.py
[2024-06-04T23:54:01.579+0000] {processor.py:830} INFO - Processing file /home/airflow/.local/lib/python3.12/site-packages/airflow/example_dags/example_task_group_decorator.py for tasks to queue
[2024-06-04T23:54:01.582+0000] {logging_mixin.py:188} INFO - [2024-06-04T23:54:01.581+0000] {dagbag.py:545} INFO - Filling up the DagBag from /home/airflow/.local/lib/python3.12/site-packages/airflow/example_dags/example_task_group_decorator.py
[2024-06-04T23:54:01.670+0000] {processor.py:840} INFO - DAG(s) 'example_task_group_decorator' retrieved from /home/airflow/.local/lib/python3.12/site-packages/airflow/example_dags/example_task_group_decorator.py
[2024-06-04T23:54:01.780+0000] {logging_mixin.py:188} INFO - [2024-06-04T23:54:01.780+0000] {dag.py:3096} INFO - Sync 1 DAGs
[2024-06-04T23:54:01.887+0000] {logging_mixin.py:188} INFO - [2024-06-04T23:54:01.883+0000] {dag.py:3954} INFO - Setting next_dagrun for example_task_group_decorator to 2024-06-03 00:00:00+00:00, run_after=2024-06-04 00:00:00+00:00
[2024-06-04T23:54:01.986+0000] {processor.py:183} INFO - Processing /home/airflow/.local/lib/python3.12/site-packages/airflow/example_dags/example_task_group_decorator.py took 0.427 seconds
[2024-06-04T23:54:32.440+0000] {processor.py:161} INFO - Started process (PID=174952) to work on /home/airflow/.local/lib/python3.12/site-packages/airflow/example_dags/example_task_group_decorator.py
[2024-06-04T23:54:32.442+0000] {processor.py:830} INFO - Processing file /home/airflow/.local/lib/python3.12/site-packages/airflow/example_dags/example_task_group_decorator.py for tasks to queue
[2024-06-04T23:54:32.453+0000] {logging_mixin.py:188} INFO - [2024-06-04T23:54:32.452+0000] {dagbag.py:545} INFO - Filling up the DagBag from /home/airflow/.local/lib/python3.12/site-packages/airflow/example_dags/example_task_group_decorator.py
[2024-06-04T23:54:32.501+0000] {processor.py:840} INFO - DAG(s) 'example_task_group_decorator' retrieved from /home/airflow/.local/lib/python3.12/site-packages/airflow/example_dags/example_task_group_decorator.py
[2024-06-04T23:54:32.579+0000] {logging_mixin.py:188} INFO - [2024-06-04T23:54:32.578+0000] {dag.py:3096} INFO - Sync 1 DAGs
[2024-06-04T23:54:32.673+0000] {logging_mixin.py:188} INFO - [2024-06-04T23:54:32.673+0000] {dag.py:3954} INFO - Setting next_dagrun for example_task_group_decorator to 2024-06-03 00:00:00+00:00, run_after=2024-06-04 00:00:00+00:00
[2024-06-04T23:54:32.790+0000] {processor.py:183} INFO - Processing /home/airflow/.local/lib/python3.12/site-packages/airflow/example_dags/example_task_group_decorator.py took 0.374 seconds
[2024-06-04T23:55:02.872+0000] {processor.py:161} INFO - Started process (PID=175215) to work on /home/airflow/.local/lib/python3.12/site-packages/airflow/example_dags/example_task_group_decorator.py
[2024-06-04T23:55:02.893+0000] {processor.py:830} INFO - Processing file /home/airflow/.local/lib/python3.12/site-packages/airflow/example_dags/example_task_group_decorator.py for tasks to queue
[2024-06-04T23:55:02.896+0000] {logging_mixin.py:188} INFO - [2024-06-04T23:55:02.896+0000] {dagbag.py:545} INFO - Filling up the DagBag from /home/airflow/.local/lib/python3.12/site-packages/airflow/example_dags/example_task_group_decorator.py
[2024-06-04T23:55:02.924+0000] {processor.py:840} INFO - DAG(s) 'example_task_group_decorator' retrieved from /home/airflow/.local/lib/python3.12/site-packages/airflow/example_dags/example_task_group_decorator.py
[2024-06-04T23:55:02.971+0000] {logging_mixin.py:188} INFO - [2024-06-04T23:55:02.970+0000] {dag.py:3096} INFO - Sync 1 DAGs
[2024-06-04T23:55:03.011+0000] {logging_mixin.py:188} INFO - [2024-06-04T23:55:03.010+0000] {dag.py:3954} INFO - Setting next_dagrun for example_task_group_decorator to 2024-06-03 00:00:00+00:00, run_after=2024-06-04 00:00:00+00:00
[2024-06-04T23:55:03.048+0000] {processor.py:183} INFO - Processing /home/airflow/.local/lib/python3.12/site-packages/airflow/example_dags/example_task_group_decorator.py took 0.185 seconds
[2024-06-04T23:55:33.779+0000] {processor.py:161} INFO - Started process (PID=175475) to work on /home/airflow/.local/lib/python3.12/site-packages/airflow/example_dags/example_task_group_decorator.py
[2024-06-04T23:55:33.781+0000] {processor.py:830} INFO - Processing file /home/airflow/.local/lib/python3.12/site-packages/airflow/example_dags/example_task_group_decorator.py for tasks to queue
[2024-06-04T23:55:33.786+0000] {logging_mixin.py:188} INFO - [2024-06-04T23:55:33.785+0000] {dagbag.py:545} INFO - Filling up the DagBag from /home/airflow/.local/lib/python3.12/site-packages/airflow/example_dags/example_task_group_decorator.py
[2024-06-04T23:55:33.831+0000] {processor.py:840} INFO - DAG(s) 'example_task_group_decorator' retrieved from /home/airflow/.local/lib/python3.12/site-packages/airflow/example_dags/example_task_group_decorator.py
[2024-06-04T23:55:33.908+0000] {logging_mixin.py:188} INFO - [2024-06-04T23:55:33.907+0000] {dag.py:3096} INFO - Sync 1 DAGs
[2024-06-04T23:55:33.990+0000] {logging_mixin.py:188} INFO - [2024-06-04T23:55:33.989+0000] {dag.py:3954} INFO - Setting next_dagrun for example_task_group_decorator to 2024-06-03 00:00:00+00:00, run_after=2024-06-04 00:00:00+00:00
[2024-06-04T23:55:34.046+0000] {processor.py:183} INFO - Processing /home/airflow/.local/lib/python3.12/site-packages/airflow/example_dags/example_task_group_decorator.py took 0.281 seconds
[2024-06-04T23:56:04.960+0000] {processor.py:161} INFO - Started process (PID=175736) to work on /home/airflow/.local/lib/python3.12/site-packages/airflow/example_dags/example_task_group_decorator.py
[2024-06-04T23:56:04.976+0000] {processor.py:830} INFO - Processing file /home/airflow/.local/lib/python3.12/site-packages/airflow/example_dags/example_task_group_decorator.py for tasks to queue
[2024-06-04T23:56:04.979+0000] {logging_mixin.py:188} INFO - [2024-06-04T23:56:04.979+0000] {dagbag.py:545} INFO - Filling up the DagBag from /home/airflow/.local/lib/python3.12/site-packages/airflow/example_dags/example_task_group_decorator.py
[2024-06-04T23:56:05.036+0000] {processor.py:840} INFO - DAG(s) 'example_task_group_decorator' retrieved from /home/airflow/.local/lib/python3.12/site-packages/airflow/example_dags/example_task_group_decorator.py
[2024-06-04T23:56:05.106+0000] {logging_mixin.py:188} INFO - [2024-06-04T23:56:05.105+0000] {dag.py:3096} INFO - Sync 1 DAGs
[2024-06-04T23:56:05.166+0000] {logging_mixin.py:188} INFO - [2024-06-04T23:56:05.163+0000] {dag.py:3954} INFO - Setting next_dagrun for example_task_group_decorator to 2024-06-03 00:00:00+00:00, run_after=2024-06-04 00:00:00+00:00
[2024-06-04T23:56:05.228+0000] {processor.py:183} INFO - Processing /home/airflow/.local/lib/python3.12/site-packages/airflow/example_dags/example_task_group_decorator.py took 0.291 seconds
[2024-06-04T23:56:35.427+0000] {processor.py:161} INFO - Started process (PID=175996) to work on /home/airflow/.local/lib/python3.12/site-packages/airflow/example_dags/example_task_group_decorator.py
[2024-06-04T23:56:35.429+0000] {processor.py:830} INFO - Processing file /home/airflow/.local/lib/python3.12/site-packages/airflow/example_dags/example_task_group_decorator.py for tasks to queue
[2024-06-04T23:56:35.433+0000] {logging_mixin.py:188} INFO - [2024-06-04T23:56:35.432+0000] {dagbag.py:545} INFO - Filling up the DagBag from /home/airflow/.local/lib/python3.12/site-packages/airflow/example_dags/example_task_group_decorator.py
[2024-06-04T23:56:35.468+0000] {processor.py:840} INFO - DAG(s) 'example_task_group_decorator' retrieved from /home/airflow/.local/lib/python3.12/site-packages/airflow/example_dags/example_task_group_decorator.py
[2024-06-04T23:56:35.532+0000] {logging_mixin.py:188} INFO - [2024-06-04T23:56:35.531+0000] {dag.py:3096} INFO - Sync 1 DAGs
[2024-06-04T23:56:35.581+0000] {logging_mixin.py:188} INFO - [2024-06-04T23:56:35.581+0000] {dag.py:3954} INFO - Setting next_dagrun for example_task_group_decorator to 2024-06-03 00:00:00+00:00, run_after=2024-06-04 00:00:00+00:00
[2024-06-04T23:56:35.642+0000] {processor.py:183} INFO - Processing /home/airflow/.local/lib/python3.12/site-packages/airflow/example_dags/example_task_group_decorator.py took 0.228 seconds
[2024-06-04T23:57:06.055+0000] {processor.py:161} INFO - Started process (PID=176257) to work on /home/airflow/.local/lib/python3.12/site-packages/airflow/example_dags/example_task_group_decorator.py
[2024-06-04T23:57:06.057+0000] {processor.py:830} INFO - Processing file /home/airflow/.local/lib/python3.12/site-packages/airflow/example_dags/example_task_group_decorator.py for tasks to queue
[2024-06-04T23:57:06.062+0000] {logging_mixin.py:188} INFO - [2024-06-04T23:57:06.061+0000] {dagbag.py:545} INFO - Filling up the DagBag from /home/airflow/.local/lib/python3.12/site-packages/airflow/example_dags/example_task_group_decorator.py
[2024-06-04T23:57:06.103+0000] {processor.py:840} INFO - DAG(s) 'example_task_group_decorator' retrieved from /home/airflow/.local/lib/python3.12/site-packages/airflow/example_dags/example_task_group_decorator.py
[2024-06-04T23:57:06.179+0000] {logging_mixin.py:188} INFO - [2024-06-04T23:57:06.179+0000] {dag.py:3096} INFO - Sync 1 DAGs
[2024-06-04T23:57:06.238+0000] {logging_mixin.py:188} INFO - [2024-06-04T23:57:06.237+0000] {dag.py:3954} INFO - Setting next_dagrun for example_task_group_decorator to 2024-06-03 00:00:00+00:00, run_after=2024-06-04 00:00:00+00:00
[2024-06-04T23:57:06.303+0000] {processor.py:183} INFO - Processing /home/airflow/.local/lib/python3.12/site-packages/airflow/example_dags/example_task_group_decorator.py took 0.262 seconds
[2024-06-04T23:57:36.901+0000] {processor.py:161} INFO - Started process (PID=176519) to work on /home/airflow/.local/lib/python3.12/site-packages/airflow/example_dags/example_task_group_decorator.py
[2024-06-04T23:57:36.911+0000] {processor.py:830} INFO - Processing file /home/airflow/.local/lib/python3.12/site-packages/airflow/example_dags/example_task_group_decorator.py for tasks to queue
[2024-06-04T23:57:36.915+0000] {logging_mixin.py:188} INFO - [2024-06-04T23:57:36.914+0000] {dagbag.py:545} INFO - Filling up the DagBag from /home/airflow/.local/lib/python3.12/site-packages/airflow/example_dags/example_task_group_decorator.py
[2024-06-04T23:57:36.960+0000] {processor.py:840} INFO - DAG(s) 'example_task_group_decorator' retrieved from /home/airflow/.local/lib/python3.12/site-packages/airflow/example_dags/example_task_group_decorator.py
[2024-06-04T23:57:37.033+0000] {logging_mixin.py:188} INFO - [2024-06-04T23:57:37.032+0000] {dag.py:3096} INFO - Sync 1 DAGs
[2024-06-04T23:57:37.090+0000] {logging_mixin.py:188} INFO - [2024-06-04T23:57:37.090+0000] {dag.py:3954} INFO - Setting next_dagrun for example_task_group_decorator to 2024-06-03 00:00:00+00:00, run_after=2024-06-04 00:00:00+00:00
[2024-06-04T23:57:37.143+0000] {processor.py:183} INFO - Processing /home/airflow/.local/lib/python3.12/site-packages/airflow/example_dags/example_task_group_decorator.py took 0.258 seconds
[2024-06-04T23:58:08.075+0000] {processor.py:161} INFO - Started process (PID=176781) to work on /home/airflow/.local/lib/python3.12/site-packages/airflow/example_dags/example_task_group_decorator.py
[2024-06-04T23:58:08.077+0000] {processor.py:830} INFO - Processing file /home/airflow/.local/lib/python3.12/site-packages/airflow/example_dags/example_task_group_decorator.py for tasks to queue
[2024-06-04T23:58:08.082+0000] {logging_mixin.py:188} INFO - [2024-06-04T23:58:08.081+0000] {dagbag.py:545} INFO - Filling up the DagBag from /home/airflow/.local/lib/python3.12/site-packages/airflow/example_dags/example_task_group_decorator.py
[2024-06-04T23:58:08.132+0000] {processor.py:840} INFO - DAG(s) 'example_task_group_decorator' retrieved from /home/airflow/.local/lib/python3.12/site-packages/airflow/example_dags/example_task_group_decorator.py
[2024-06-04T23:58:08.251+0000] {logging_mixin.py:188} INFO - [2024-06-04T23:58:08.251+0000] {dag.py:3096} INFO - Sync 1 DAGs
[2024-06-04T23:58:08.321+0000] {logging_mixin.py:188} INFO - [2024-06-04T23:58:08.321+0000] {dag.py:3954} INFO - Setting next_dagrun for example_task_group_decorator to 2024-06-03 00:00:00+00:00, run_after=2024-06-04 00:00:00+00:00
[2024-06-04T23:58:08.441+0000] {processor.py:183} INFO - Processing /home/airflow/.local/lib/python3.12/site-packages/airflow/example_dags/example_task_group_decorator.py took 0.381 seconds
[2024-06-04T23:58:38.818+0000] {processor.py:161} INFO - Started process (PID=177042) to work on /home/airflow/.local/lib/python3.12/site-packages/airflow/example_dags/example_task_group_decorator.py
[2024-06-04T23:58:38.832+0000] {processor.py:830} INFO - Processing file /home/airflow/.local/lib/python3.12/site-packages/airflow/example_dags/example_task_group_decorator.py for tasks to queue
[2024-06-04T23:58:38.845+0000] {logging_mixin.py:188} INFO - [2024-06-04T23:58:38.841+0000] {dagbag.py:545} INFO - Filling up the DagBag from /home/airflow/.local/lib/python3.12/site-packages/airflow/example_dags/example_task_group_decorator.py
[2024-06-04T23:58:38.905+0000] {processor.py:840} INFO - DAG(s) 'example_task_group_decorator' retrieved from /home/airflow/.local/lib/python3.12/site-packages/airflow/example_dags/example_task_group_decorator.py
[2024-06-04T23:58:39.050+0000] {logging_mixin.py:188} INFO - [2024-06-04T23:58:39.049+0000] {dag.py:3096} INFO - Sync 1 DAGs
[2024-06-04T23:58:39.110+0000] {logging_mixin.py:188} INFO - [2024-06-04T23:58:39.110+0000] {dag.py:3954} INFO - Setting next_dagrun for example_task_group_decorator to 2024-06-03 00:00:00+00:00, run_after=2024-06-04 00:00:00+00:00
[2024-06-04T23:58:39.410+0000] {processor.py:183} INFO - Processing /home/airflow/.local/lib/python3.12/site-packages/airflow/example_dags/example_task_group_decorator.py took 0.604 seconds
[2024-06-04T23:59:09.820+0000] {processor.py:161} INFO - Started process (PID=177301) to work on /home/airflow/.local/lib/python3.12/site-packages/airflow/example_dags/example_task_group_decorator.py
[2024-06-04T23:59:09.822+0000] {processor.py:830} INFO - Processing file /home/airflow/.local/lib/python3.12/site-packages/airflow/example_dags/example_task_group_decorator.py for tasks to queue
[2024-06-04T23:59:09.826+0000] {logging_mixin.py:188} INFO - [2024-06-04T23:59:09.825+0000] {dagbag.py:545} INFO - Filling up the DagBag from /home/airflow/.local/lib/python3.12/site-packages/airflow/example_dags/example_task_group_decorator.py
[2024-06-04T23:59:09.863+0000] {processor.py:840} INFO - DAG(s) 'example_task_group_decorator' retrieved from /home/airflow/.local/lib/python3.12/site-packages/airflow/example_dags/example_task_group_decorator.py
[2024-06-04T23:59:09.926+0000] {logging_mixin.py:188} INFO - [2024-06-04T23:59:09.926+0000] {dag.py:3096} INFO - Sync 1 DAGs
[2024-06-04T23:59:09.981+0000] {logging_mixin.py:188} INFO - [2024-06-04T23:59:09.980+0000] {dag.py:3954} INFO - Setting next_dagrun for example_task_group_decorator to 2024-06-03 00:00:00+00:00, run_after=2024-06-04 00:00:00+00:00
[2024-06-04T23:59:10.287+0000] {processor.py:183} INFO - Processing /home/airflow/.local/lib/python3.12/site-packages/airflow/example_dags/example_task_group_decorator.py took 0.486 seconds
[2024-06-04T23:59:40.653+0000] {processor.py:161} INFO - Started process (PID=177559) to work on /home/airflow/.local/lib/python3.12/site-packages/airflow/example_dags/example_task_group_decorator.py
[2024-06-04T23:59:40.662+0000] {processor.py:830} INFO - Processing file /home/airflow/.local/lib/python3.12/site-packages/airflow/example_dags/example_task_group_decorator.py for tasks to queue
[2024-06-04T23:59:40.666+0000] {logging_mixin.py:188} INFO - [2024-06-04T23:59:40.665+0000] {dagbag.py:545} INFO - Filling up the DagBag from /home/airflow/.local/lib/python3.12/site-packages/airflow/example_dags/example_task_group_decorator.py
[2024-06-04T23:59:40.745+0000] {processor.py:840} INFO - DAG(s) 'example_task_group_decorator' retrieved from /home/airflow/.local/lib/python3.12/site-packages/airflow/example_dags/example_task_group_decorator.py
[2024-06-04T23:59:40.824+0000] {logging_mixin.py:188} INFO - [2024-06-04T23:59:40.823+0000] {dag.py:3096} INFO - Sync 1 DAGs
[2024-06-04T23:59:40.875+0000] {logging_mixin.py:188} INFO - [2024-06-04T23:59:40.874+0000] {dag.py:3954} INFO - Setting next_dagrun for example_task_group_decorator to 2024-06-03 00:00:00+00:00, run_after=2024-06-04 00:00:00+00:00
[2024-06-04T23:59:40.978+0000] {processor.py:183} INFO - Processing /home/airflow/.local/lib/python3.12/site-packages/airflow/example_dags/example_task_group_decorator.py took 0.338 seconds
