[2024-06-04T23:44:11.581+0000] {processor.py:161} INFO - Started process (PID=169692) to work on /home/airflow/.local/lib/python3.12/site-packages/airflow/example_dags/example_branch_day_of_week_operator.py
[2024-06-04T23:44:11.583+0000] {processor.py:830} INFO - Processing file /home/airflow/.local/lib/python3.12/site-packages/airflow/example_dags/example_branch_day_of_week_operator.py for tasks to queue
[2024-06-04T23:44:11.634+0000] {logging_mixin.py:188} INFO - [2024-06-04T23:44:11.630+0000] {dagbag.py:545} INFO - Filling up the DagBag from /home/airflow/.local/lib/python3.12/site-packages/airflow/example_dags/example_branch_day_of_week_operator.py
[2024-06-04T23:44:11.679+0000] {processor.py:840} INFO - DAG(s) 'example_weekday_branch_operator' retrieved from /home/airflow/.local/lib/python3.12/site-packages/airflow/example_dags/example_branch_day_of_week_operator.py
[2024-06-04T23:44:11.812+0000] {logging_mixin.py:188} INFO - [2024-06-04T23:44:11.811+0000] {dag.py:3096} INFO - Sync 1 DAGs
[2024-06-04T23:44:11.921+0000] {logging_mixin.py:188} INFO - [2024-06-04T23:44:11.920+0000] {dag.py:3954} INFO - Setting next_dagrun for example_weekday_branch_operator to 2024-06-03 00:00:00+00:00, run_after=2024-06-04 00:00:00+00:00
[2024-06-04T23:44:12.621+0000] {processor.py:183} INFO - Processing /home/airflow/.local/lib/python3.12/site-packages/airflow/example_dags/example_branch_day_of_week_operator.py took 1.083 seconds
[2024-06-04T23:44:43.127+0000] {processor.py:161} INFO - Started process (PID=169954) to work on /home/airflow/.local/lib/python3.12/site-packages/airflow/example_dags/example_branch_day_of_week_operator.py
[2024-06-04T23:44:43.142+0000] {processor.py:830} INFO - Processing file /home/airflow/.local/lib/python3.12/site-packages/airflow/example_dags/example_branch_day_of_week_operator.py for tasks to queue
[2024-06-04T23:44:43.148+0000] {logging_mixin.py:188} INFO - [2024-06-04T23:44:43.147+0000] {dagbag.py:545} INFO - Filling up the DagBag from /home/airflow/.local/lib/python3.12/site-packages/airflow/example_dags/example_branch_day_of_week_operator.py
[2024-06-04T23:44:43.191+0000] {processor.py:840} INFO - DAG(s) 'example_weekday_branch_operator' retrieved from /home/airflow/.local/lib/python3.12/site-packages/airflow/example_dags/example_branch_day_of_week_operator.py
[2024-06-04T23:44:43.250+0000] {logging_mixin.py:188} INFO - [2024-06-04T23:44:43.249+0000] {dag.py:3096} INFO - Sync 1 DAGs
[2024-06-04T23:44:43.350+0000] {logging_mixin.py:188} INFO - [2024-06-04T23:44:43.350+0000] {dag.py:3954} INFO - Setting next_dagrun for example_weekday_branch_operator to 2024-06-03 00:00:00+00:00, run_after=2024-06-04 00:00:00+00:00
[2024-06-04T23:44:43.644+0000] {processor.py:183} INFO - Processing /home/airflow/.local/lib/python3.12/site-packages/airflow/example_dags/example_branch_day_of_week_operator.py took 0.556 seconds
[2024-06-04T23:45:14.217+0000] {processor.py:161} INFO - Started process (PID=170216) to work on /home/airflow/.local/lib/python3.12/site-packages/airflow/example_dags/example_branch_day_of_week_operator.py
[2024-06-04T23:45:14.219+0000] {processor.py:830} INFO - Processing file /home/airflow/.local/lib/python3.12/site-packages/airflow/example_dags/example_branch_day_of_week_operator.py for tasks to queue
[2024-06-04T23:45:14.222+0000] {logging_mixin.py:188} INFO - [2024-06-04T23:45:14.221+0000] {dagbag.py:545} INFO - Filling up the DagBag from /home/airflow/.local/lib/python3.12/site-packages/airflow/example_dags/example_branch_day_of_week_operator.py
[2024-06-04T23:45:14.237+0000] {processor.py:840} INFO - DAG(s) 'example_weekday_branch_operator' retrieved from /home/airflow/.local/lib/python3.12/site-packages/airflow/example_dags/example_branch_day_of_week_operator.py
[2024-06-04T23:45:14.284+0000] {logging_mixin.py:188} INFO - [2024-06-04T23:45:14.284+0000] {dag.py:3096} INFO - Sync 1 DAGs
[2024-06-04T23:45:14.363+0000] {logging_mixin.py:188} INFO - [2024-06-04T23:45:14.363+0000] {dag.py:3954} INFO - Setting next_dagrun for example_weekday_branch_operator to 2024-06-03 00:00:00+00:00, run_after=2024-06-04 00:00:00+00:00
[2024-06-04T23:45:14.489+0000] {processor.py:183} INFO - Processing /home/airflow/.local/lib/python3.12/site-packages/airflow/example_dags/example_branch_day_of_week_operator.py took 0.286 seconds
[2024-06-04T23:45:45.210+0000] {processor.py:161} INFO - Started process (PID=170478) to work on /home/airflow/.local/lib/python3.12/site-packages/airflow/example_dags/example_branch_day_of_week_operator.py
[2024-06-04T23:45:45.212+0000] {processor.py:830} INFO - Processing file /home/airflow/.local/lib/python3.12/site-packages/airflow/example_dags/example_branch_day_of_week_operator.py for tasks to queue
[2024-06-04T23:45:45.216+0000] {logging_mixin.py:188} INFO - [2024-06-04T23:45:45.215+0000] {dagbag.py:545} INFO - Filling up the DagBag from /home/airflow/.local/lib/python3.12/site-packages/airflow/example_dags/example_branch_day_of_week_operator.py
[2024-06-04T23:45:45.281+0000] {processor.py:840} INFO - DAG(s) 'example_weekday_branch_operator' retrieved from /home/airflow/.local/lib/python3.12/site-packages/airflow/example_dags/example_branch_day_of_week_operator.py
[2024-06-04T23:45:45.379+0000] {logging_mixin.py:188} INFO - [2024-06-04T23:45:45.375+0000] {dag.py:3096} INFO - Sync 1 DAGs
[2024-06-04T23:45:45.502+0000] {logging_mixin.py:188} INFO - [2024-06-04T23:45:45.501+0000] {dag.py:3954} INFO - Setting next_dagrun for example_weekday_branch_operator to 2024-06-03 00:00:00+00:00, run_after=2024-06-04 00:00:00+00:00
[2024-06-04T23:45:45.596+0000] {processor.py:183} INFO - Processing /home/airflow/.local/lib/python3.12/site-packages/airflow/example_dags/example_branch_day_of_week_operator.py took 0.408 seconds
[2024-06-04T23:46:16.566+0000] {processor.py:161} INFO - Started process (PID=170740) to work on /home/airflow/.local/lib/python3.12/site-packages/airflow/example_dags/example_branch_day_of_week_operator.py
[2024-06-04T23:46:16.568+0000] {processor.py:830} INFO - Processing file /home/airflow/.local/lib/python3.12/site-packages/airflow/example_dags/example_branch_day_of_week_operator.py for tasks to queue
[2024-06-04T23:46:16.571+0000] {logging_mixin.py:188} INFO - [2024-06-04T23:46:16.570+0000] {dagbag.py:545} INFO - Filling up the DagBag from /home/airflow/.local/lib/python3.12/site-packages/airflow/example_dags/example_branch_day_of_week_operator.py
[2024-06-04T23:46:16.587+0000] {processor.py:840} INFO - DAG(s) 'example_weekday_branch_operator' retrieved from /home/airflow/.local/lib/python3.12/site-packages/airflow/example_dags/example_branch_day_of_week_operator.py
[2024-06-04T23:46:16.629+0000] {logging_mixin.py:188} INFO - [2024-06-04T23:46:16.629+0000] {dag.py:3096} INFO - Sync 1 DAGs
[2024-06-04T23:46:16.679+0000] {logging_mixin.py:188} INFO - [2024-06-04T23:46:16.678+0000] {dag.py:3954} INFO - Setting next_dagrun for example_weekday_branch_operator to 2024-06-03 00:00:00+00:00, run_after=2024-06-04 00:00:00+00:00
[2024-06-04T23:46:16.725+0000] {processor.py:183} INFO - Processing /home/airflow/.local/lib/python3.12/site-packages/airflow/example_dags/example_branch_day_of_week_operator.py took 0.171 seconds
[2024-06-04T23:46:47.257+0000] {processor.py:161} INFO - Started process (PID=171002) to work on /home/airflow/.local/lib/python3.12/site-packages/airflow/example_dags/example_branch_day_of_week_operator.py
[2024-06-04T23:46:47.258+0000] {processor.py:830} INFO - Processing file /home/airflow/.local/lib/python3.12/site-packages/airflow/example_dags/example_branch_day_of_week_operator.py for tasks to queue
[2024-06-04T23:46:47.262+0000] {logging_mixin.py:188} INFO - [2024-06-04T23:46:47.261+0000] {dagbag.py:545} INFO - Filling up the DagBag from /home/airflow/.local/lib/python3.12/site-packages/airflow/example_dags/example_branch_day_of_week_operator.py
[2024-06-04T23:46:47.278+0000] {processor.py:840} INFO - DAG(s) 'example_weekday_branch_operator' retrieved from /home/airflow/.local/lib/python3.12/site-packages/airflow/example_dags/example_branch_day_of_week_operator.py
[2024-06-04T23:46:47.330+0000] {logging_mixin.py:188} INFO - [2024-06-04T23:46:47.329+0000] {dag.py:3096} INFO - Sync 1 DAGs
[2024-06-04T23:46:47.375+0000] {logging_mixin.py:188} INFO - [2024-06-04T23:46:47.374+0000] {dag.py:3954} INFO - Setting next_dagrun for example_weekday_branch_operator to 2024-06-03 00:00:00+00:00, run_after=2024-06-04 00:00:00+00:00
[2024-06-04T23:46:47.409+0000] {processor.py:183} INFO - Processing /home/airflow/.local/lib/python3.12/site-packages/airflow/example_dags/example_branch_day_of_week_operator.py took 0.164 seconds
[2024-06-04T23:47:18.547+0000] {processor.py:161} INFO - Started process (PID=171268) to work on /home/airflow/.local/lib/python3.12/site-packages/airflow/example_dags/example_branch_day_of_week_operator.py
[2024-06-04T23:47:18.566+0000] {processor.py:830} INFO - Processing file /home/airflow/.local/lib/python3.12/site-packages/airflow/example_dags/example_branch_day_of_week_operator.py for tasks to queue
[2024-06-04T23:47:18.570+0000] {logging_mixin.py:188} INFO - [2024-06-04T23:47:18.569+0000] {dagbag.py:545} INFO - Filling up the DagBag from /home/airflow/.local/lib/python3.12/site-packages/airflow/example_dags/example_branch_day_of_week_operator.py
[2024-06-04T23:47:18.602+0000] {processor.py:840} INFO - DAG(s) 'example_weekday_branch_operator' retrieved from /home/airflow/.local/lib/python3.12/site-packages/airflow/example_dags/example_branch_day_of_week_operator.py
[2024-06-04T23:47:18.681+0000] {logging_mixin.py:188} INFO - [2024-06-04T23:47:18.680+0000] {dag.py:3096} INFO - Sync 1 DAGs
[2024-06-04T23:47:18.803+0000] {logging_mixin.py:188} INFO - [2024-06-04T23:47:18.802+0000] {dag.py:3954} INFO - Setting next_dagrun for example_weekday_branch_operator to 2024-06-03 00:00:00+00:00, run_after=2024-06-04 00:00:00+00:00
[2024-06-04T23:47:18.889+0000] {processor.py:183} INFO - Processing /home/airflow/.local/lib/python3.12/site-packages/airflow/example_dags/example_branch_day_of_week_operator.py took 0.355 seconds
[2024-06-04T23:47:49.120+0000] {processor.py:161} INFO - Started process (PID=171530) to work on /home/airflow/.local/lib/python3.12/site-packages/airflow/example_dags/example_branch_day_of_week_operator.py
[2024-06-04T23:47:49.132+0000] {processor.py:830} INFO - Processing file /home/airflow/.local/lib/python3.12/site-packages/airflow/example_dags/example_branch_day_of_week_operator.py for tasks to queue
[2024-06-04T23:47:49.135+0000] {logging_mixin.py:188} INFO - [2024-06-04T23:47:49.134+0000] {dagbag.py:545} INFO - Filling up the DagBag from /home/airflow/.local/lib/python3.12/site-packages/airflow/example_dags/example_branch_day_of_week_operator.py
[2024-06-04T23:47:49.208+0000] {processor.py:840} INFO - DAG(s) 'example_weekday_branch_operator' retrieved from /home/airflow/.local/lib/python3.12/site-packages/airflow/example_dags/example_branch_day_of_week_operator.py
[2024-06-04T23:47:49.272+0000] {logging_mixin.py:188} INFO - [2024-06-04T23:47:49.272+0000] {dag.py:3096} INFO - Sync 1 DAGs
[2024-06-04T23:47:49.339+0000] {logging_mixin.py:188} INFO - [2024-06-04T23:47:49.338+0000] {dag.py:3954} INFO - Setting next_dagrun for example_weekday_branch_operator to 2024-06-03 00:00:00+00:00, run_after=2024-06-04 00:00:00+00:00
[2024-06-04T23:47:49.375+0000] {processor.py:183} INFO - Processing /home/airflow/.local/lib/python3.12/site-packages/airflow/example_dags/example_branch_day_of_week_operator.py took 0.269 seconds
[2024-06-04T23:48:20.077+0000] {processor.py:161} INFO - Started process (PID=171792) to work on /home/airflow/.local/lib/python3.12/site-packages/airflow/example_dags/example_branch_day_of_week_operator.py
[2024-06-04T23:48:20.079+0000] {processor.py:830} INFO - Processing file /home/airflow/.local/lib/python3.12/site-packages/airflow/example_dags/example_branch_day_of_week_operator.py for tasks to queue
[2024-06-04T23:48:20.082+0000] {logging_mixin.py:188} INFO - [2024-06-04T23:48:20.081+0000] {dagbag.py:545} INFO - Filling up the DagBag from /home/airflow/.local/lib/python3.12/site-packages/airflow/example_dags/example_branch_day_of_week_operator.py
[2024-06-04T23:48:20.098+0000] {processor.py:840} INFO - DAG(s) 'example_weekday_branch_operator' retrieved from /home/airflow/.local/lib/python3.12/site-packages/airflow/example_dags/example_branch_day_of_week_operator.py
[2024-06-04T23:48:20.141+0000] {logging_mixin.py:188} INFO - [2024-06-04T23:48:20.140+0000] {dag.py:3096} INFO - Sync 1 DAGs
[2024-06-04T23:48:20.189+0000] {logging_mixin.py:188} INFO - [2024-06-04T23:48:20.189+0000] {dag.py:3954} INFO - Setting next_dagrun for example_weekday_branch_operator to 2024-06-03 00:00:00+00:00, run_after=2024-06-04 00:00:00+00:00
[2024-06-04T23:48:20.236+0000] {processor.py:183} INFO - Processing /home/airflow/.local/lib/python3.12/site-packages/airflow/example_dags/example_branch_day_of_week_operator.py took 0.181 seconds
[2024-06-04T23:48:50.504+0000] {processor.py:161} INFO - Started process (PID=172054) to work on /home/airflow/.local/lib/python3.12/site-packages/airflow/example_dags/example_branch_day_of_week_operator.py
[2024-06-04T23:48:50.506+0000] {processor.py:830} INFO - Processing file /home/airflow/.local/lib/python3.12/site-packages/airflow/example_dags/example_branch_day_of_week_operator.py for tasks to queue
[2024-06-04T23:48:50.510+0000] {logging_mixin.py:188} INFO - [2024-06-04T23:48:50.509+0000] {dagbag.py:545} INFO - Filling up the DagBag from /home/airflow/.local/lib/python3.12/site-packages/airflow/example_dags/example_branch_day_of_week_operator.py
[2024-06-04T23:48:50.525+0000] {processor.py:840} INFO - DAG(s) 'example_weekday_branch_operator' retrieved from /home/airflow/.local/lib/python3.12/site-packages/airflow/example_dags/example_branch_day_of_week_operator.py
[2024-06-04T23:48:50.568+0000] {logging_mixin.py:188} INFO - [2024-06-04T23:48:50.568+0000] {dag.py:3096} INFO - Sync 1 DAGs
[2024-06-04T23:48:50.620+0000] {logging_mixin.py:188} INFO - [2024-06-04T23:48:50.619+0000] {dag.py:3954} INFO - Setting next_dagrun for example_weekday_branch_operator to 2024-06-03 00:00:00+00:00, run_after=2024-06-04 00:00:00+00:00
[2024-06-04T23:48:50.663+0000] {processor.py:183} INFO - Processing /home/airflow/.local/lib/python3.12/site-packages/airflow/example_dags/example_branch_day_of_week_operator.py took 0.170 seconds
[2024-06-04T23:49:21.229+0000] {processor.py:161} INFO - Started process (PID=172315) to work on /home/airflow/.local/lib/python3.12/site-packages/airflow/example_dags/example_branch_day_of_week_operator.py
[2024-06-04T23:49:21.239+0000] {processor.py:830} INFO - Processing file /home/airflow/.local/lib/python3.12/site-packages/airflow/example_dags/example_branch_day_of_week_operator.py for tasks to queue
[2024-06-04T23:49:21.242+0000] {logging_mixin.py:188} INFO - [2024-06-04T23:49:21.242+0000] {dagbag.py:545} INFO - Filling up the DagBag from /home/airflow/.local/lib/python3.12/site-packages/airflow/example_dags/example_branch_day_of_week_operator.py
[2024-06-04T23:49:21.258+0000] {processor.py:840} INFO - DAG(s) 'example_weekday_branch_operator' retrieved from /home/airflow/.local/lib/python3.12/site-packages/airflow/example_dags/example_branch_day_of_week_operator.py
[2024-06-04T23:49:21.319+0000] {logging_mixin.py:188} INFO - [2024-06-04T23:49:21.317+0000] {dag.py:3096} INFO - Sync 1 DAGs
[2024-06-04T23:49:21.386+0000] {logging_mixin.py:188} INFO - [2024-06-04T23:49:21.386+0000] {dag.py:3954} INFO - Setting next_dagrun for example_weekday_branch_operator to 2024-06-03 00:00:00+00:00, run_after=2024-06-04 00:00:00+00:00
[2024-06-04T23:49:21.435+0000] {processor.py:183} INFO - Processing /home/airflow/.local/lib/python3.12/site-packages/airflow/example_dags/example_branch_day_of_week_operator.py took 0.221 seconds
[2024-06-04T23:49:52.106+0000] {processor.py:161} INFO - Started process (PID=172577) to work on /home/airflow/.local/lib/python3.12/site-packages/airflow/example_dags/example_branch_day_of_week_operator.py
[2024-06-04T23:49:52.107+0000] {processor.py:830} INFO - Processing file /home/airflow/.local/lib/python3.12/site-packages/airflow/example_dags/example_branch_day_of_week_operator.py for tasks to queue
[2024-06-04T23:49:52.110+0000] {logging_mixin.py:188} INFO - [2024-06-04T23:49:52.110+0000] {dagbag.py:545} INFO - Filling up the DagBag from /home/airflow/.local/lib/python3.12/site-packages/airflow/example_dags/example_branch_day_of_week_operator.py
[2024-06-04T23:49:52.126+0000] {processor.py:840} INFO - DAG(s) 'example_weekday_branch_operator' retrieved from /home/airflow/.local/lib/python3.12/site-packages/airflow/example_dags/example_branch_day_of_week_operator.py
[2024-06-04T23:49:52.170+0000] {logging_mixin.py:188} INFO - [2024-06-04T23:49:52.169+0000] {dag.py:3096} INFO - Sync 1 DAGs
[2024-06-04T23:49:52.221+0000] {logging_mixin.py:188} INFO - [2024-06-04T23:49:52.221+0000] {dag.py:3954} INFO - Setting next_dagrun for example_weekday_branch_operator to 2024-06-03 00:00:00+00:00, run_after=2024-06-04 00:00:00+00:00
[2024-06-04T23:49:52.272+0000] {processor.py:183} INFO - Processing /home/airflow/.local/lib/python3.12/site-packages/airflow/example_dags/example_branch_day_of_week_operator.py took 0.179 seconds
[2024-06-04T23:50:23.246+0000] {processor.py:161} INFO - Started process (PID=172839) to work on /home/airflow/.local/lib/python3.12/site-packages/airflow/example_dags/example_branch_day_of_week_operator.py
[2024-06-04T23:50:23.251+0000] {processor.py:830} INFO - Processing file /home/airflow/.local/lib/python3.12/site-packages/airflow/example_dags/example_branch_day_of_week_operator.py for tasks to queue
[2024-06-04T23:50:23.255+0000] {logging_mixin.py:188} INFO - [2024-06-04T23:50:23.254+0000] {dagbag.py:545} INFO - Filling up the DagBag from /home/airflow/.local/lib/python3.12/site-packages/airflow/example_dags/example_branch_day_of_week_operator.py
[2024-06-04T23:50:23.273+0000] {processor.py:840} INFO - DAG(s) 'example_weekday_branch_operator' retrieved from /home/airflow/.local/lib/python3.12/site-packages/airflow/example_dags/example_branch_day_of_week_operator.py
[2024-06-04T23:50:23.325+0000] {logging_mixin.py:188} INFO - [2024-06-04T23:50:23.324+0000] {dag.py:3096} INFO - Sync 1 DAGs
[2024-06-04T23:50:23.400+0000] {logging_mixin.py:188} INFO - [2024-06-04T23:50:23.400+0000] {dag.py:3954} INFO - Setting next_dagrun for example_weekday_branch_operator to 2024-06-03 00:00:00+00:00, run_after=2024-06-04 00:00:00+00:00
[2024-06-04T23:50:23.458+0000] {processor.py:183} INFO - Processing /home/airflow/.local/lib/python3.12/site-packages/airflow/example_dags/example_branch_day_of_week_operator.py took 0.248 seconds
[2024-06-04T23:50:53.773+0000] {processor.py:161} INFO - Started process (PID=173103) to work on /home/airflow/.local/lib/python3.12/site-packages/airflow/example_dags/example_branch_day_of_week_operator.py
[2024-06-04T23:50:53.774+0000] {processor.py:830} INFO - Processing file /home/airflow/.local/lib/python3.12/site-packages/airflow/example_dags/example_branch_day_of_week_operator.py for tasks to queue
[2024-06-04T23:50:53.777+0000] {logging_mixin.py:188} INFO - [2024-06-04T23:50:53.776+0000] {dagbag.py:545} INFO - Filling up the DagBag from /home/airflow/.local/lib/python3.12/site-packages/airflow/example_dags/example_branch_day_of_week_operator.py
[2024-06-04T23:50:53.789+0000] {processor.py:840} INFO - DAG(s) 'example_weekday_branch_operator' retrieved from /home/airflow/.local/lib/python3.12/site-packages/airflow/example_dags/example_branch_day_of_week_operator.py
[2024-06-04T23:50:53.823+0000] {logging_mixin.py:188} INFO - [2024-06-04T23:50:53.823+0000] {dag.py:3096} INFO - Sync 1 DAGs
[2024-06-04T23:50:53.866+0000] {logging_mixin.py:188} INFO - [2024-06-04T23:50:53.866+0000] {dag.py:3954} INFO - Setting next_dagrun for example_weekday_branch_operator to 2024-06-03 00:00:00+00:00, run_after=2024-06-04 00:00:00+00:00
[2024-06-04T23:50:53.909+0000] {processor.py:183} INFO - Processing /home/airflow/.local/lib/python3.12/site-packages/airflow/example_dags/example_branch_day_of_week_operator.py took 0.146 seconds
[2024-06-04T23:51:24.899+0000] {processor.py:161} INFO - Started process (PID=173363) to work on /home/airflow/.local/lib/python3.12/site-packages/airflow/example_dags/example_branch_day_of_week_operator.py
[2024-06-04T23:51:24.900+0000] {processor.py:830} INFO - Processing file /home/airflow/.local/lib/python3.12/site-packages/airflow/example_dags/example_branch_day_of_week_operator.py for tasks to queue
[2024-06-04T23:51:24.903+0000] {logging_mixin.py:188} INFO - [2024-06-04T23:51:24.903+0000] {dagbag.py:545} INFO - Filling up the DagBag from /home/airflow/.local/lib/python3.12/site-packages/airflow/example_dags/example_branch_day_of_week_operator.py
[2024-06-04T23:51:24.921+0000] {processor.py:840} INFO - DAG(s) 'example_weekday_branch_operator' retrieved from /home/airflow/.local/lib/python3.12/site-packages/airflow/example_dags/example_branch_day_of_week_operator.py
[2024-06-04T23:51:24.968+0000] {logging_mixin.py:188} INFO - [2024-06-04T23:51:24.968+0000] {dag.py:3096} INFO - Sync 1 DAGs
[2024-06-04T23:51:25.026+0000] {logging_mixin.py:188} INFO - [2024-06-04T23:51:25.025+0000] {dag.py:3954} INFO - Setting next_dagrun for example_weekday_branch_operator to 2024-06-03 00:00:00+00:00, run_after=2024-06-04 00:00:00+00:00
[2024-06-04T23:51:25.077+0000] {processor.py:183} INFO - Processing /home/airflow/.local/lib/python3.12/site-packages/airflow/example_dags/example_branch_day_of_week_operator.py took 0.190 seconds
[2024-06-04T23:51:55.614+0000] {processor.py:161} INFO - Started process (PID=173625) to work on /home/airflow/.local/lib/python3.12/site-packages/airflow/example_dags/example_branch_day_of_week_operator.py
[2024-06-04T23:51:55.616+0000] {processor.py:830} INFO - Processing file /home/airflow/.local/lib/python3.12/site-packages/airflow/example_dags/example_branch_day_of_week_operator.py for tasks to queue
[2024-06-04T23:51:55.620+0000] {logging_mixin.py:188} INFO - [2024-06-04T23:51:55.619+0000] {dagbag.py:545} INFO - Filling up the DagBag from /home/airflow/.local/lib/python3.12/site-packages/airflow/example_dags/example_branch_day_of_week_operator.py
[2024-06-04T23:51:55.635+0000] {processor.py:840} INFO - DAG(s) 'example_weekday_branch_operator' retrieved from /home/airflow/.local/lib/python3.12/site-packages/airflow/example_dags/example_branch_day_of_week_operator.py
[2024-06-04T23:51:55.678+0000] {logging_mixin.py:188} INFO - [2024-06-04T23:51:55.678+0000] {dag.py:3096} INFO - Sync 1 DAGs
[2024-06-04T23:51:55.729+0000] {logging_mixin.py:188} INFO - [2024-06-04T23:51:55.729+0000] {dag.py:3954} INFO - Setting next_dagrun for example_weekday_branch_operator to 2024-06-03 00:00:00+00:00, run_after=2024-06-04 00:00:00+00:00
[2024-06-04T23:51:55.777+0000] {processor.py:183} INFO - Processing /home/airflow/.local/lib/python3.12/site-packages/airflow/example_dags/example_branch_day_of_week_operator.py took 0.184 seconds
[2024-06-04T23:52:26.749+0000] {processor.py:161} INFO - Started process (PID=173887) to work on /home/airflow/.local/lib/python3.12/site-packages/airflow/example_dags/example_branch_day_of_week_operator.py
[2024-06-04T23:52:26.751+0000] {processor.py:830} INFO - Processing file /home/airflow/.local/lib/python3.12/site-packages/airflow/example_dags/example_branch_day_of_week_operator.py for tasks to queue
[2024-06-04T23:52:26.754+0000] {logging_mixin.py:188} INFO - [2024-06-04T23:52:26.753+0000] {dagbag.py:545} INFO - Filling up the DagBag from /home/airflow/.local/lib/python3.12/site-packages/airflow/example_dags/example_branch_day_of_week_operator.py
[2024-06-04T23:52:26.772+0000] {processor.py:840} INFO - DAG(s) 'example_weekday_branch_operator' retrieved from /home/airflow/.local/lib/python3.12/site-packages/airflow/example_dags/example_branch_day_of_week_operator.py
[2024-06-04T23:52:26.817+0000] {logging_mixin.py:188} INFO - [2024-06-04T23:52:26.817+0000] {dag.py:3096} INFO - Sync 1 DAGs
[2024-06-04T23:52:26.870+0000] {logging_mixin.py:188} INFO - [2024-06-04T23:52:26.870+0000] {dag.py:3954} INFO - Setting next_dagrun for example_weekday_branch_operator to 2024-06-03 00:00:00+00:00, run_after=2024-06-04 00:00:00+00:00
[2024-06-04T23:52:26.915+0000] {processor.py:183} INFO - Processing /home/airflow/.local/lib/python3.12/site-packages/airflow/example_dags/example_branch_day_of_week_operator.py took 0.178 seconds
[2024-06-04T23:52:57.317+0000] {processor.py:161} INFO - Started process (PID=174149) to work on /home/airflow/.local/lib/python3.12/site-packages/airflow/example_dags/example_branch_day_of_week_operator.py
[2024-06-04T23:52:57.319+0000] {processor.py:830} INFO - Processing file /home/airflow/.local/lib/python3.12/site-packages/airflow/example_dags/example_branch_day_of_week_operator.py for tasks to queue
[2024-06-04T23:52:57.322+0000] {logging_mixin.py:188} INFO - [2024-06-04T23:52:57.322+0000] {dagbag.py:545} INFO - Filling up the DagBag from /home/airflow/.local/lib/python3.12/site-packages/airflow/example_dags/example_branch_day_of_week_operator.py
[2024-06-04T23:52:57.339+0000] {processor.py:840} INFO - DAG(s) 'example_weekday_branch_operator' retrieved from /home/airflow/.local/lib/python3.12/site-packages/airflow/example_dags/example_branch_day_of_week_operator.py
[2024-06-04T23:52:57.385+0000] {logging_mixin.py:188} INFO - [2024-06-04T23:52:57.385+0000] {dag.py:3096} INFO - Sync 1 DAGs
[2024-06-04T23:52:57.437+0000] {logging_mixin.py:188} INFO - [2024-06-04T23:52:57.437+0000] {dag.py:3954} INFO - Setting next_dagrun for example_weekday_branch_operator to 2024-06-03 00:00:00+00:00, run_after=2024-06-04 00:00:00+00:00
[2024-06-04T23:52:57.487+0000] {processor.py:183} INFO - Processing /home/airflow/.local/lib/python3.12/site-packages/airflow/example_dags/example_branch_day_of_week_operator.py took 0.184 seconds
[2024-06-04T23:53:28.836+0000] {processor.py:161} INFO - Started process (PID=174412) to work on /home/airflow/.local/lib/python3.12/site-packages/airflow/example_dags/example_branch_day_of_week_operator.py
[2024-06-04T23:53:28.839+0000] {processor.py:830} INFO - Processing file /home/airflow/.local/lib/python3.12/site-packages/airflow/example_dags/example_branch_day_of_week_operator.py for tasks to queue
[2024-06-04T23:53:28.849+0000] {logging_mixin.py:188} INFO - [2024-06-04T23:53:28.848+0000] {dagbag.py:545} INFO - Filling up the DagBag from /home/airflow/.local/lib/python3.12/site-packages/airflow/example_dags/example_branch_day_of_week_operator.py
[2024-06-04T23:53:28.866+0000] {processor.py:840} INFO - DAG(s) 'example_weekday_branch_operator' retrieved from /home/airflow/.local/lib/python3.12/site-packages/airflow/example_dags/example_branch_day_of_week_operator.py
[2024-06-04T23:53:28.908+0000] {logging_mixin.py:188} INFO - [2024-06-04T23:53:28.908+0000] {dag.py:3096} INFO - Sync 1 DAGs
[2024-06-04T23:53:28.961+0000] {logging_mixin.py:188} INFO - [2024-06-04T23:53:28.960+0000] {dag.py:3954} INFO - Setting next_dagrun for example_weekday_branch_operator to 2024-06-03 00:00:00+00:00, run_after=2024-06-04 00:00:00+00:00
[2024-06-04T23:53:29.009+0000] {processor.py:183} INFO - Processing /home/airflow/.local/lib/python3.12/site-packages/airflow/example_dags/example_branch_day_of_week_operator.py took 0.198 seconds
[2024-06-04T23:53:59.298+0000] {processor.py:161} INFO - Started process (PID=174672) to work on /home/airflow/.local/lib/python3.12/site-packages/airflow/example_dags/example_branch_day_of_week_operator.py
[2024-06-04T23:53:59.307+0000] {processor.py:830} INFO - Processing file /home/airflow/.local/lib/python3.12/site-packages/airflow/example_dags/example_branch_day_of_week_operator.py for tasks to queue
[2024-06-04T23:53:59.313+0000] {logging_mixin.py:188} INFO - [2024-06-04T23:53:59.312+0000] {dagbag.py:545} INFO - Filling up the DagBag from /home/airflow/.local/lib/python3.12/site-packages/airflow/example_dags/example_branch_day_of_week_operator.py
[2024-06-04T23:53:59.358+0000] {processor.py:840} INFO - DAG(s) 'example_weekday_branch_operator' retrieved from /home/airflow/.local/lib/python3.12/site-packages/airflow/example_dags/example_branch_day_of_week_operator.py
[2024-06-04T23:53:59.441+0000] {logging_mixin.py:188} INFO - [2024-06-04T23:53:59.440+0000] {dag.py:3096} INFO - Sync 1 DAGs
[2024-06-04T23:53:59.552+0000] {logging_mixin.py:188} INFO - [2024-06-04T23:53:59.552+0000] {dag.py:3954} INFO - Setting next_dagrun for example_weekday_branch_operator to 2024-06-03 00:00:00+00:00, run_after=2024-06-04 00:00:00+00:00
[2024-06-04T23:53:59.641+0000] {processor.py:183} INFO - Processing /home/airflow/.local/lib/python3.12/site-packages/airflow/example_dags/example_branch_day_of_week_operator.py took 0.354 seconds
[2024-06-04T23:54:30.217+0000] {processor.py:161} INFO - Started process (PID=174930) to work on /home/airflow/.local/lib/python3.12/site-packages/airflow/example_dags/example_branch_day_of_week_operator.py
[2024-06-04T23:54:30.219+0000] {processor.py:830} INFO - Processing file /home/airflow/.local/lib/python3.12/site-packages/airflow/example_dags/example_branch_day_of_week_operator.py for tasks to queue
[2024-06-04T23:54:30.224+0000] {logging_mixin.py:188} INFO - [2024-06-04T23:54:30.223+0000] {dagbag.py:545} INFO - Filling up the DagBag from /home/airflow/.local/lib/python3.12/site-packages/airflow/example_dags/example_branch_day_of_week_operator.py
[2024-06-04T23:54:30.243+0000] {processor.py:840} INFO - DAG(s) 'example_weekday_branch_operator' retrieved from /home/airflow/.local/lib/python3.12/site-packages/airflow/example_dags/example_branch_day_of_week_operator.py
[2024-06-04T23:54:30.316+0000] {logging_mixin.py:188} INFO - [2024-06-04T23:54:30.316+0000] {dag.py:3096} INFO - Sync 1 DAGs
[2024-06-04T23:54:30.415+0000] {logging_mixin.py:188} INFO - [2024-06-04T23:54:30.415+0000] {dag.py:3954} INFO - Setting next_dagrun for example_weekday_branch_operator to 2024-06-03 00:00:00+00:00, run_after=2024-06-04 00:00:00+00:00
[2024-06-04T23:54:30.459+0000] {processor.py:183} INFO - Processing /home/airflow/.local/lib/python3.12/site-packages/airflow/example_dags/example_branch_day_of_week_operator.py took 0.257 seconds
[2024-06-04T23:55:00.697+0000] {processor.py:161} INFO - Started process (PID=175193) to work on /home/airflow/.local/lib/python3.12/site-packages/airflow/example_dags/example_branch_day_of_week_operator.py
[2024-06-04T23:55:00.699+0000] {processor.py:830} INFO - Processing file /home/airflow/.local/lib/python3.12/site-packages/airflow/example_dags/example_branch_day_of_week_operator.py for tasks to queue
[2024-06-04T23:55:00.702+0000] {logging_mixin.py:188} INFO - [2024-06-04T23:55:00.702+0000] {dagbag.py:545} INFO - Filling up the DagBag from /home/airflow/.local/lib/python3.12/site-packages/airflow/example_dags/example_branch_day_of_week_operator.py
[2024-06-04T23:55:00.725+0000] {processor.py:840} INFO - DAG(s) 'example_weekday_branch_operator' retrieved from /home/airflow/.local/lib/python3.12/site-packages/airflow/example_dags/example_branch_day_of_week_operator.py
[2024-06-04T23:55:00.771+0000] {logging_mixin.py:188} INFO - [2024-06-04T23:55:00.771+0000] {dag.py:3096} INFO - Sync 1 DAGs
[2024-06-04T23:55:00.826+0000] {logging_mixin.py:188} INFO - [2024-06-04T23:55:00.825+0000] {dag.py:3954} INFO - Setting next_dagrun for example_weekday_branch_operator to 2024-06-03 00:00:00+00:00, run_after=2024-06-04 00:00:00+00:00
[2024-06-04T23:55:00.876+0000] {processor.py:183} INFO - Processing /home/airflow/.local/lib/python3.12/site-packages/airflow/example_dags/example_branch_day_of_week_operator.py took 0.193 seconds
[2024-06-04T23:55:31.292+0000] {processor.py:161} INFO - Started process (PID=175455) to work on /home/airflow/.local/lib/python3.12/site-packages/airflow/example_dags/example_branch_day_of_week_operator.py
[2024-06-04T23:55:31.293+0000] {processor.py:830} INFO - Processing file /home/airflow/.local/lib/python3.12/site-packages/airflow/example_dags/example_branch_day_of_week_operator.py for tasks to queue
[2024-06-04T23:55:31.296+0000] {logging_mixin.py:188} INFO - [2024-06-04T23:55:31.295+0000] {dagbag.py:545} INFO - Filling up the DagBag from /home/airflow/.local/lib/python3.12/site-packages/airflow/example_dags/example_branch_day_of_week_operator.py
[2024-06-04T23:55:31.308+0000] {processor.py:840} INFO - DAG(s) 'example_weekday_branch_operator' retrieved from /home/airflow/.local/lib/python3.12/site-packages/airflow/example_dags/example_branch_day_of_week_operator.py
[2024-06-04T23:55:31.357+0000] {logging_mixin.py:188} INFO - [2024-06-04T23:55:31.356+0000] {dag.py:3096} INFO - Sync 1 DAGs
[2024-06-04T23:55:31.419+0000] {logging_mixin.py:188} INFO - [2024-06-04T23:55:31.418+0000] {dag.py:3954} INFO - Setting next_dagrun for example_weekday_branch_operator to 2024-06-03 00:00:00+00:00, run_after=2024-06-04 00:00:00+00:00
[2024-06-04T23:55:31.489+0000] {processor.py:183} INFO - Processing /home/airflow/.local/lib/python3.12/site-packages/airflow/example_dags/example_branch_day_of_week_operator.py took 0.210 seconds
[2024-06-04T23:56:02.525+0000] {processor.py:161} INFO - Started process (PID=175718) to work on /home/airflow/.local/lib/python3.12/site-packages/airflow/example_dags/example_branch_day_of_week_operator.py
[2024-06-04T23:56:02.531+0000] {processor.py:830} INFO - Processing file /home/airflow/.local/lib/python3.12/site-packages/airflow/example_dags/example_branch_day_of_week_operator.py for tasks to queue
[2024-06-04T23:56:02.537+0000] {logging_mixin.py:188} INFO - [2024-06-04T23:56:02.536+0000] {dagbag.py:545} INFO - Filling up the DagBag from /home/airflow/.local/lib/python3.12/site-packages/airflow/example_dags/example_branch_day_of_week_operator.py
[2024-06-04T23:56:02.583+0000] {processor.py:840} INFO - DAG(s) 'example_weekday_branch_operator' retrieved from /home/airflow/.local/lib/python3.12/site-packages/airflow/example_dags/example_branch_day_of_week_operator.py
[2024-06-04T23:56:02.664+0000] {logging_mixin.py:188} INFO - [2024-06-04T23:56:02.664+0000] {dag.py:3096} INFO - Sync 1 DAGs
[2024-06-04T23:56:02.781+0000] {logging_mixin.py:188} INFO - [2024-06-04T23:56:02.781+0000] {dag.py:3954} INFO - Setting next_dagrun for example_weekday_branch_operator to 2024-06-03 00:00:00+00:00, run_after=2024-06-04 00:00:00+00:00
[2024-06-04T23:56:02.841+0000] {processor.py:183} INFO - Processing /home/airflow/.local/lib/python3.12/site-packages/airflow/example_dags/example_branch_day_of_week_operator.py took 0.344 seconds
[2024-06-04T23:56:33.673+0000] {processor.py:161} INFO - Started process (PID=175979) to work on /home/airflow/.local/lib/python3.12/site-packages/airflow/example_dags/example_branch_day_of_week_operator.py
[2024-06-04T23:56:33.679+0000] {processor.py:830} INFO - Processing file /home/airflow/.local/lib/python3.12/site-packages/airflow/example_dags/example_branch_day_of_week_operator.py for tasks to queue
[2024-06-04T23:56:33.685+0000] {logging_mixin.py:188} INFO - [2024-06-04T23:56:33.684+0000] {dagbag.py:545} INFO - Filling up the DagBag from /home/airflow/.local/lib/python3.12/site-packages/airflow/example_dags/example_branch_day_of_week_operator.py
[2024-06-04T23:56:33.714+0000] {processor.py:840} INFO - DAG(s) 'example_weekday_branch_operator' retrieved from /home/airflow/.local/lib/python3.12/site-packages/airflow/example_dags/example_branch_day_of_week_operator.py
[2024-06-04T23:56:33.814+0000] {logging_mixin.py:188} INFO - [2024-06-04T23:56:33.814+0000] {dag.py:3096} INFO - Sync 1 DAGs
[2024-06-04T23:56:33.929+0000] {logging_mixin.py:188} INFO - [2024-06-04T23:56:33.929+0000] {dag.py:3954} INFO - Setting next_dagrun for example_weekday_branch_operator to 2024-06-03 00:00:00+00:00, run_after=2024-06-04 00:00:00+00:00
[2024-06-04T23:56:34.031+0000] {processor.py:183} INFO - Processing /home/airflow/.local/lib/python3.12/site-packages/airflow/example_dags/example_branch_day_of_week_operator.py took 0.385 seconds
[2024-06-04T23:57:04.708+0000] {processor.py:161} INFO - Started process (PID=176240) to work on /home/airflow/.local/lib/python3.12/site-packages/airflow/example_dags/example_branch_day_of_week_operator.py
[2024-06-04T23:57:04.710+0000] {processor.py:830} INFO - Processing file /home/airflow/.local/lib/python3.12/site-packages/airflow/example_dags/example_branch_day_of_week_operator.py for tasks to queue
[2024-06-04T23:57:04.714+0000] {logging_mixin.py:188} INFO - [2024-06-04T23:57:04.713+0000] {dagbag.py:545} INFO - Filling up the DagBag from /home/airflow/.local/lib/python3.12/site-packages/airflow/example_dags/example_branch_day_of_week_operator.py
[2024-06-04T23:57:04.730+0000] {processor.py:840} INFO - DAG(s) 'example_weekday_branch_operator' retrieved from /home/airflow/.local/lib/python3.12/site-packages/airflow/example_dags/example_branch_day_of_week_operator.py
[2024-06-04T23:57:04.775+0000] {logging_mixin.py:188} INFO - [2024-06-04T23:57:04.775+0000] {dag.py:3096} INFO - Sync 1 DAGs
[2024-06-04T23:57:04.830+0000] {logging_mixin.py:188} INFO - [2024-06-04T23:57:04.830+0000] {dag.py:3954} INFO - Setting next_dagrun for example_weekday_branch_operator to 2024-06-03 00:00:00+00:00, run_after=2024-06-04 00:00:00+00:00
[2024-06-04T23:57:04.882+0000] {processor.py:183} INFO - Processing /home/airflow/.local/lib/python3.12/site-packages/airflow/example_dags/example_branch_day_of_week_operator.py took 0.187 seconds
[2024-06-04T23:57:34.968+0000] {processor.py:161} INFO - Started process (PID=176498) to work on /home/airflow/.local/lib/python3.12/site-packages/airflow/example_dags/example_branch_day_of_week_operator.py
[2024-06-04T23:57:34.970+0000] {processor.py:830} INFO - Processing file /home/airflow/.local/lib/python3.12/site-packages/airflow/example_dags/example_branch_day_of_week_operator.py for tasks to queue
[2024-06-04T23:57:34.974+0000] {logging_mixin.py:188} INFO - [2024-06-04T23:57:34.973+0000] {dagbag.py:545} INFO - Filling up the DagBag from /home/airflow/.local/lib/python3.12/site-packages/airflow/example_dags/example_branch_day_of_week_operator.py
[2024-06-04T23:57:34.994+0000] {processor.py:840} INFO - DAG(s) 'example_weekday_branch_operator' retrieved from /home/airflow/.local/lib/python3.12/site-packages/airflow/example_dags/example_branch_day_of_week_operator.py
[2024-06-04T23:57:35.048+0000] {logging_mixin.py:188} INFO - [2024-06-04T23:57:35.045+0000] {dag.py:3096} INFO - Sync 1 DAGs
[2024-06-04T23:57:35.114+0000] {logging_mixin.py:188} INFO - [2024-06-04T23:57:35.114+0000] {dag.py:3954} INFO - Setting next_dagrun for example_weekday_branch_operator to 2024-06-03 00:00:00+00:00, run_after=2024-06-04 00:00:00+00:00
[2024-06-04T23:57:35.204+0000] {processor.py:183} INFO - Processing /home/airflow/.local/lib/python3.12/site-packages/airflow/example_dags/example_branch_day_of_week_operator.py took 0.254 seconds
[2024-06-04T23:58:05.612+0000] {processor.py:161} INFO - Started process (PID=176760) to work on /home/airflow/.local/lib/python3.12/site-packages/airflow/example_dags/example_branch_day_of_week_operator.py
[2024-06-04T23:58:05.614+0000] {processor.py:830} INFO - Processing file /home/airflow/.local/lib/python3.12/site-packages/airflow/example_dags/example_branch_day_of_week_operator.py for tasks to queue
[2024-06-04T23:58:05.618+0000] {logging_mixin.py:188} INFO - [2024-06-04T23:58:05.618+0000] {dagbag.py:545} INFO - Filling up the DagBag from /home/airflow/.local/lib/python3.12/site-packages/airflow/example_dags/example_branch_day_of_week_operator.py
[2024-06-04T23:58:05.639+0000] {processor.py:840} INFO - DAG(s) 'example_weekday_branch_operator' retrieved from /home/airflow/.local/lib/python3.12/site-packages/airflow/example_dags/example_branch_day_of_week_operator.py
[2024-06-04T23:58:05.695+0000] {logging_mixin.py:188} INFO - [2024-06-04T23:58:05.694+0000] {dag.py:3096} INFO - Sync 1 DAGs
[2024-06-04T23:58:05.796+0000] {logging_mixin.py:188} INFO - [2024-06-04T23:58:05.796+0000] {dag.py:3954} INFO - Setting next_dagrun for example_weekday_branch_operator to 2024-06-03 00:00:00+00:00, run_after=2024-06-04 00:00:00+00:00
[2024-06-04T23:58:05.870+0000] {processor.py:183} INFO - Processing /home/airflow/.local/lib/python3.12/site-packages/airflow/example_dags/example_branch_day_of_week_operator.py took 0.272 seconds
[2024-06-04T23:58:36.471+0000] {processor.py:161} INFO - Started process (PID=177021) to work on /home/airflow/.local/lib/python3.12/site-packages/airflow/example_dags/example_branch_day_of_week_operator.py
[2024-06-04T23:58:36.473+0000] {processor.py:830} INFO - Processing file /home/airflow/.local/lib/python3.12/site-packages/airflow/example_dags/example_branch_day_of_week_operator.py for tasks to queue
[2024-06-04T23:58:36.478+0000] {logging_mixin.py:188} INFO - [2024-06-04T23:58:36.477+0000] {dagbag.py:545} INFO - Filling up the DagBag from /home/airflow/.local/lib/python3.12/site-packages/airflow/example_dags/example_branch_day_of_week_operator.py
[2024-06-04T23:58:36.498+0000] {processor.py:840} INFO - DAG(s) 'example_weekday_branch_operator' retrieved from /home/airflow/.local/lib/python3.12/site-packages/airflow/example_dags/example_branch_day_of_week_operator.py
[2024-06-04T23:58:36.560+0000] {logging_mixin.py:188} INFO - [2024-06-04T23:58:36.559+0000] {dag.py:3096} INFO - Sync 1 DAGs
[2024-06-04T23:58:36.623+0000] {logging_mixin.py:188} INFO - [2024-06-04T23:58:36.622+0000] {dag.py:3954} INFO - Setting next_dagrun for example_weekday_branch_operator to 2024-06-03 00:00:00+00:00, run_after=2024-06-04 00:00:00+00:00
[2024-06-04T23:58:36.735+0000] {processor.py:183} INFO - Processing /home/airflow/.local/lib/python3.12/site-packages/airflow/example_dags/example_branch_day_of_week_operator.py took 0.283 seconds
[2024-06-04T23:59:07.360+0000] {processor.py:161} INFO - Started process (PID=177282) to work on /home/airflow/.local/lib/python3.12/site-packages/airflow/example_dags/example_branch_day_of_week_operator.py
[2024-06-04T23:59:07.362+0000] {processor.py:830} INFO - Processing file /home/airflow/.local/lib/python3.12/site-packages/airflow/example_dags/example_branch_day_of_week_operator.py for tasks to queue
[2024-06-04T23:59:07.366+0000] {logging_mixin.py:188} INFO - [2024-06-04T23:59:07.365+0000] {dagbag.py:545} INFO - Filling up the DagBag from /home/airflow/.local/lib/python3.12/site-packages/airflow/example_dags/example_branch_day_of_week_operator.py
[2024-06-04T23:59:07.384+0000] {processor.py:840} INFO - DAG(s) 'example_weekday_branch_operator' retrieved from /home/airflow/.local/lib/python3.12/site-packages/airflow/example_dags/example_branch_day_of_week_operator.py
[2024-06-04T23:59:07.448+0000] {logging_mixin.py:188} INFO - [2024-06-04T23:59:07.448+0000] {dag.py:3096} INFO - Sync 1 DAGs
[2024-06-04T23:59:07.586+0000] {logging_mixin.py:188} INFO - [2024-06-04T23:59:07.585+0000] {dag.py:3954} INFO - Setting next_dagrun for example_weekday_branch_operator to 2024-06-03 00:00:00+00:00, run_after=2024-06-04 00:00:00+00:00
[2024-06-04T23:59:07.659+0000] {processor.py:183} INFO - Processing /home/airflow/.local/lib/python3.12/site-packages/airflow/example_dags/example_branch_day_of_week_operator.py took 0.313 seconds
[2024-06-04T23:59:38.028+0000] {processor.py:161} INFO - Started process (PID=177544) to work on /home/airflow/.local/lib/python3.12/site-packages/airflow/example_dags/example_branch_day_of_week_operator.py
[2024-06-04T23:59:38.033+0000] {processor.py:830} INFO - Processing file /home/airflow/.local/lib/python3.12/site-packages/airflow/example_dags/example_branch_day_of_week_operator.py for tasks to queue
[2024-06-04T23:59:38.038+0000] {logging_mixin.py:188} INFO - [2024-06-04T23:59:38.038+0000] {dagbag.py:545} INFO - Filling up the DagBag from /home/airflow/.local/lib/python3.12/site-packages/airflow/example_dags/example_branch_day_of_week_operator.py
[2024-06-04T23:59:38.069+0000] {processor.py:840} INFO - DAG(s) 'example_weekday_branch_operator' retrieved from /home/airflow/.local/lib/python3.12/site-packages/airflow/example_dags/example_branch_day_of_week_operator.py
[2024-06-04T23:59:38.122+0000] {logging_mixin.py:188} INFO - [2024-06-04T23:59:38.121+0000] {dag.py:3096} INFO - Sync 1 DAGs
[2024-06-04T23:59:38.218+0000] {logging_mixin.py:188} INFO - [2024-06-04T23:59:38.217+0000] {dag.py:3954} INFO - Setting next_dagrun for example_weekday_branch_operator to 2024-06-03 00:00:00+00:00, run_after=2024-06-04 00:00:00+00:00
[2024-06-04T23:59:38.396+0000] {processor.py:183} INFO - Processing /home/airflow/.local/lib/python3.12/site-packages/airflow/example_dags/example_branch_day_of_week_operator.py took 0.404 seconds
