[2024-06-04T23:44:10.408+0000] {processor.py:161} INFO - Started process (PID=169677) to work on /home/airflow/.local/lib/python3.12/site-packages/airflow/example_dags/example_branch_operator.py
[2024-06-04T23:44:10.412+0000] {processor.py:830} INFO - Processing file /home/airflow/.local/lib/python3.12/site-packages/airflow/example_dags/example_branch_operator.py for tasks to queue
[2024-06-04T23:44:10.420+0000] {logging_mixin.py:188} INFO - [2024-06-04T23:44:10.419+0000] {dagbag.py:545} INFO - Filling up the DagBag from /home/airflow/.local/lib/python3.12/site-packages/airflow/example_dags/example_branch_operator.py
[2024-06-04T23:44:10.464+0000] {processor.py:840} INFO - DAG(s) 'example_branch_operator' retrieved from /home/airflow/.local/lib/python3.12/site-packages/airflow/example_dags/example_branch_operator.py
[2024-06-04T23:44:10.750+0000] {logging_mixin.py:188} INFO - [2024-06-04T23:44:10.749+0000] {dag.py:3096} INFO - Sync 1 DAGs
[2024-06-04T23:44:11.032+0000] {logging_mixin.py:188} INFO - [2024-06-04T23:44:11.031+0000] {dag.py:3954} INFO - Setting next_dagrun for example_branch_operator to 2024-06-03 00:00:00+00:00, run_after=2024-06-04 00:00:00+00:00
[2024-06-04T23:44:11.304+0000] {processor.py:183} INFO - Processing /home/airflow/.local/lib/python3.12/site-packages/airflow/example_dags/example_branch_operator.py took 0.928 seconds
[2024-06-04T23:44:42.281+0000] {processor.py:161} INFO - Started process (PID=169939) to work on /home/airflow/.local/lib/python3.12/site-packages/airflow/example_dags/example_branch_operator.py
[2024-06-04T23:44:42.295+0000] {processor.py:830} INFO - Processing file /home/airflow/.local/lib/python3.12/site-packages/airflow/example_dags/example_branch_operator.py for tasks to queue
[2024-06-04T23:44:42.326+0000] {logging_mixin.py:188} INFO - [2024-06-04T23:44:42.325+0000] {dagbag.py:545} INFO - Filling up the DagBag from /home/airflow/.local/lib/python3.12/site-packages/airflow/example_dags/example_branch_operator.py
[2024-06-04T23:44:42.452+0000] {processor.py:840} INFO - DAG(s) 'example_branch_operator' retrieved from /home/airflow/.local/lib/python3.12/site-packages/airflow/example_dags/example_branch_operator.py
[2024-06-04T23:44:42.634+0000] {logging_mixin.py:188} INFO - [2024-06-04T23:44:42.634+0000] {dag.py:3096} INFO - Sync 1 DAGs
[2024-06-04T23:44:42.752+0000] {logging_mixin.py:188} INFO - [2024-06-04T23:44:42.751+0000] {dag.py:3954} INFO - Setting next_dagrun for example_branch_operator to 2024-06-03 00:00:00+00:00, run_after=2024-06-04 00:00:00+00:00
[2024-06-04T23:44:42.853+0000] {processor.py:183} INFO - Processing /home/airflow/.local/lib/python3.12/site-packages/airflow/example_dags/example_branch_operator.py took 0.610 seconds
[2024-06-04T23:45:13.828+0000] {processor.py:161} INFO - Started process (PID=170203) to work on /home/airflow/.local/lib/python3.12/site-packages/airflow/example_dags/example_branch_operator.py
[2024-06-04T23:45:13.833+0000] {processor.py:830} INFO - Processing file /home/airflow/.local/lib/python3.12/site-packages/airflow/example_dags/example_branch_operator.py for tasks to queue
[2024-06-04T23:45:13.842+0000] {logging_mixin.py:188} INFO - [2024-06-04T23:45:13.841+0000] {dagbag.py:545} INFO - Filling up the DagBag from /home/airflow/.local/lib/python3.12/site-packages/airflow/example_dags/example_branch_operator.py
[2024-06-04T23:45:13.898+0000] {processor.py:840} INFO - DAG(s) 'example_branch_operator' retrieved from /home/airflow/.local/lib/python3.12/site-packages/airflow/example_dags/example_branch_operator.py
[2024-06-04T23:45:14.029+0000] {logging_mixin.py:188} INFO - [2024-06-04T23:45:14.028+0000] {dag.py:3096} INFO - Sync 1 DAGs
[2024-06-04T23:45:14.082+0000] {logging_mixin.py:188} INFO - [2024-06-04T23:45:14.081+0000] {dag.py:3954} INFO - Setting next_dagrun for example_branch_operator to 2024-06-03 00:00:00+00:00, run_after=2024-06-04 00:00:00+00:00
[2024-06-04T23:45:14.143+0000] {processor.py:183} INFO - Processing /home/airflow/.local/lib/python3.12/site-packages/airflow/example_dags/example_branch_operator.py took 0.331 seconds
[2024-06-04T23:45:44.496+0000] {processor.py:161} INFO - Started process (PID=170465) to work on /home/airflow/.local/lib/python3.12/site-packages/airflow/example_dags/example_branch_operator.py
[2024-06-04T23:45:44.498+0000] {processor.py:830} INFO - Processing file /home/airflow/.local/lib/python3.12/site-packages/airflow/example_dags/example_branch_operator.py for tasks to queue
[2024-06-04T23:45:44.513+0000] {logging_mixin.py:188} INFO - [2024-06-04T23:45:44.512+0000] {dagbag.py:545} INFO - Filling up the DagBag from /home/airflow/.local/lib/python3.12/site-packages/airflow/example_dags/example_branch_operator.py
[2024-06-04T23:45:44.657+0000] {processor.py:840} INFO - DAG(s) 'example_branch_operator' retrieved from /home/airflow/.local/lib/python3.12/site-packages/airflow/example_dags/example_branch_operator.py
[2024-06-04T23:45:44.879+0000] {logging_mixin.py:188} INFO - [2024-06-04T23:45:44.878+0000] {dag.py:3096} INFO - Sync 1 DAGs
[2024-06-04T23:45:44.978+0000] {logging_mixin.py:188} INFO - [2024-06-04T23:45:44.977+0000] {dag.py:3954} INFO - Setting next_dagrun for example_branch_operator to 2024-06-03 00:00:00+00:00, run_after=2024-06-04 00:00:00+00:00
[2024-06-04T23:45:45.100+0000] {processor.py:183} INFO - Processing /home/airflow/.local/lib/python3.12/site-packages/airflow/example_dags/example_branch_operator.py took 0.645 seconds
[2024-06-04T23:46:15.899+0000] {processor.py:161} INFO - Started process (PID=170727) to work on /home/airflow/.local/lib/python3.12/site-packages/airflow/example_dags/example_branch_operator.py
[2024-06-04T23:46:15.907+0000] {processor.py:830} INFO - Processing file /home/airflow/.local/lib/python3.12/site-packages/airflow/example_dags/example_branch_operator.py for tasks to queue
[2024-06-04T23:46:15.921+0000] {logging_mixin.py:188} INFO - [2024-06-04T23:46:15.920+0000] {dagbag.py:545} INFO - Filling up the DagBag from /home/airflow/.local/lib/python3.12/site-packages/airflow/example_dags/example_branch_operator.py
[2024-06-04T23:46:16.074+0000] {processor.py:840} INFO - DAG(s) 'example_branch_operator' retrieved from /home/airflow/.local/lib/python3.12/site-packages/airflow/example_dags/example_branch_operator.py
[2024-06-04T23:46:16.290+0000] {logging_mixin.py:188} INFO - [2024-06-04T23:46:16.289+0000] {dag.py:3096} INFO - Sync 1 DAGs
[2024-06-04T23:46:16.415+0000] {logging_mixin.py:188} INFO - [2024-06-04T23:46:16.414+0000] {dag.py:3954} INFO - Setting next_dagrun for example_branch_operator to 2024-06-03 00:00:00+00:00, run_after=2024-06-04 00:00:00+00:00
[2024-06-04T23:46:16.501+0000] {processor.py:183} INFO - Processing /home/airflow/.local/lib/python3.12/site-packages/airflow/example_dags/example_branch_operator.py took 0.657 seconds
[2024-06-04T23:46:46.890+0000] {processor.py:161} INFO - Started process (PID=170989) to work on /home/airflow/.local/lib/python3.12/site-packages/airflow/example_dags/example_branch_operator.py
[2024-06-04T23:46:46.897+0000] {processor.py:830} INFO - Processing file /home/airflow/.local/lib/python3.12/site-packages/airflow/example_dags/example_branch_operator.py for tasks to queue
[2024-06-04T23:46:46.904+0000] {logging_mixin.py:188} INFO - [2024-06-04T23:46:46.903+0000] {dagbag.py:545} INFO - Filling up the DagBag from /home/airflow/.local/lib/python3.12/site-packages/airflow/example_dags/example_branch_operator.py
[2024-06-04T23:46:46.972+0000] {processor.py:840} INFO - DAG(s) 'example_branch_operator' retrieved from /home/airflow/.local/lib/python3.12/site-packages/airflow/example_dags/example_branch_operator.py
[2024-06-04T23:46:47.071+0000] {logging_mixin.py:188} INFO - [2024-06-04T23:46:47.070+0000] {dag.py:3096} INFO - Sync 1 DAGs
[2024-06-04T23:46:47.137+0000] {logging_mixin.py:188} INFO - [2024-06-04T23:46:47.137+0000] {dag.py:3954} INFO - Setting next_dagrun for example_branch_operator to 2024-06-03 00:00:00+00:00, run_after=2024-06-04 00:00:00+00:00
[2024-06-04T23:46:47.189+0000] {processor.py:183} INFO - Processing /home/airflow/.local/lib/python3.12/site-packages/airflow/example_dags/example_branch_operator.py took 0.335 seconds
[2024-06-04T23:47:17.739+0000] {processor.py:161} INFO - Started process (PID=171250) to work on /home/airflow/.local/lib/python3.12/site-packages/airflow/example_dags/example_branch_operator.py
[2024-06-04T23:47:17.747+0000] {processor.py:830} INFO - Processing file /home/airflow/.local/lib/python3.12/site-packages/airflow/example_dags/example_branch_operator.py for tasks to queue
[2024-06-04T23:47:17.752+0000] {logging_mixin.py:188} INFO - [2024-06-04T23:47:17.751+0000] {dagbag.py:545} INFO - Filling up the DagBag from /home/airflow/.local/lib/python3.12/site-packages/airflow/example_dags/example_branch_operator.py
[2024-06-04T23:47:17.941+0000] {processor.py:840} INFO - DAG(s) 'example_branch_operator' retrieved from /home/airflow/.local/lib/python3.12/site-packages/airflow/example_dags/example_branch_operator.py
[2024-06-04T23:47:18.101+0000] {logging_mixin.py:188} INFO - [2024-06-04T23:47:18.101+0000] {dag.py:3096} INFO - Sync 1 DAGs
[2024-06-04T23:47:18.194+0000] {logging_mixin.py:188} INFO - [2024-06-04T23:47:18.193+0000] {dag.py:3954} INFO - Setting next_dagrun for example_branch_operator to 2024-06-03 00:00:00+00:00, run_after=2024-06-04 00:00:00+00:00
[2024-06-04T23:47:18.260+0000] {processor.py:183} INFO - Processing /home/airflow/.local/lib/python3.12/site-packages/airflow/example_dags/example_branch_operator.py took 0.549 seconds
[2024-06-04T23:47:48.776+0000] {processor.py:161} INFO - Started process (PID=171517) to work on /home/airflow/.local/lib/python3.12/site-packages/airflow/example_dags/example_branch_operator.py
[2024-06-04T23:47:48.791+0000] {processor.py:830} INFO - Processing file /home/airflow/.local/lib/python3.12/site-packages/airflow/example_dags/example_branch_operator.py for tasks to queue
[2024-06-04T23:47:48.794+0000] {logging_mixin.py:188} INFO - [2024-06-04T23:47:48.794+0000] {dagbag.py:545} INFO - Filling up the DagBag from /home/airflow/.local/lib/python3.12/site-packages/airflow/example_dags/example_branch_operator.py
[2024-06-04T23:47:48.831+0000] {processor.py:840} INFO - DAG(s) 'example_branch_operator' retrieved from /home/airflow/.local/lib/python3.12/site-packages/airflow/example_dags/example_branch_operator.py
[2024-06-04T23:47:48.909+0000] {logging_mixin.py:188} INFO - [2024-06-04T23:47:48.908+0000] {dag.py:3096} INFO - Sync 1 DAGs
[2024-06-04T23:47:48.970+0000] {logging_mixin.py:188} INFO - [2024-06-04T23:47:48.970+0000] {dag.py:3954} INFO - Setting next_dagrun for example_branch_operator to 2024-06-03 00:00:00+00:00, run_after=2024-06-04 00:00:00+00:00
[2024-06-04T23:47:49.028+0000] {processor.py:183} INFO - Processing /home/airflow/.local/lib/python3.12/site-packages/airflow/example_dags/example_branch_operator.py took 0.267 seconds
[2024-06-04T23:48:19.672+0000] {processor.py:161} INFO - Started process (PID=171779) to work on /home/airflow/.local/lib/python3.12/site-packages/airflow/example_dags/example_branch_operator.py
[2024-06-04T23:48:19.674+0000] {processor.py:830} INFO - Processing file /home/airflow/.local/lib/python3.12/site-packages/airflow/example_dags/example_branch_operator.py for tasks to queue
[2024-06-04T23:48:19.678+0000] {logging_mixin.py:188} INFO - [2024-06-04T23:48:19.677+0000] {dagbag.py:545} INFO - Filling up the DagBag from /home/airflow/.local/lib/python3.12/site-packages/airflow/example_dags/example_branch_operator.py
[2024-06-04T23:48:19.723+0000] {processor.py:840} INFO - DAG(s) 'example_branch_operator' retrieved from /home/airflow/.local/lib/python3.12/site-packages/airflow/example_dags/example_branch_operator.py
[2024-06-04T23:48:19.809+0000] {logging_mixin.py:188} INFO - [2024-06-04T23:48:19.808+0000] {dag.py:3096} INFO - Sync 1 DAGs
[2024-06-04T23:48:19.873+0000] {logging_mixin.py:188} INFO - [2024-06-04T23:48:19.872+0000] {dag.py:3954} INFO - Setting next_dagrun for example_branch_operator to 2024-06-03 00:00:00+00:00, run_after=2024-06-04 00:00:00+00:00
[2024-06-04T23:48:19.921+0000] {processor.py:183} INFO - Processing /home/airflow/.local/lib/python3.12/site-packages/airflow/example_dags/example_branch_operator.py took 0.266 seconds
[2024-06-04T23:48:50.154+0000] {processor.py:161} INFO - Started process (PID=172041) to work on /home/airflow/.local/lib/python3.12/site-packages/airflow/example_dags/example_branch_operator.py
[2024-06-04T23:48:50.157+0000] {processor.py:830} INFO - Processing file /home/airflow/.local/lib/python3.12/site-packages/airflow/example_dags/example_branch_operator.py for tasks to queue
[2024-06-04T23:48:50.161+0000] {logging_mixin.py:188} INFO - [2024-06-04T23:48:50.160+0000] {dagbag.py:545} INFO - Filling up the DagBag from /home/airflow/.local/lib/python3.12/site-packages/airflow/example_dags/example_branch_operator.py
[2024-06-04T23:48:50.212+0000] {processor.py:840} INFO - DAG(s) 'example_branch_operator' retrieved from /home/airflow/.local/lib/python3.12/site-packages/airflow/example_dags/example_branch_operator.py
[2024-06-04T23:48:50.298+0000] {logging_mixin.py:188} INFO - [2024-06-04T23:48:50.298+0000] {dag.py:3096} INFO - Sync 1 DAGs
[2024-06-04T23:48:50.358+0000] {logging_mixin.py:188} INFO - [2024-06-04T23:48:50.358+0000] {dag.py:3954} INFO - Setting next_dagrun for example_branch_operator to 2024-06-03 00:00:00+00:00, run_after=2024-06-04 00:00:00+00:00
[2024-06-04T23:48:50.414+0000] {processor.py:183} INFO - Processing /home/airflow/.local/lib/python3.12/site-packages/airflow/example_dags/example_branch_operator.py took 0.274 seconds
[2024-06-04T23:49:20.889+0000] {processor.py:161} INFO - Started process (PID=172302) to work on /home/airflow/.local/lib/python3.12/site-packages/airflow/example_dags/example_branch_operator.py
[2024-06-04T23:49:20.891+0000] {processor.py:830} INFO - Processing file /home/airflow/.local/lib/python3.12/site-packages/airflow/example_dags/example_branch_operator.py for tasks to queue
[2024-06-04T23:49:20.895+0000] {logging_mixin.py:188} INFO - [2024-06-04T23:49:20.894+0000] {dagbag.py:545} INFO - Filling up the DagBag from /home/airflow/.local/lib/python3.12/site-packages/airflow/example_dags/example_branch_operator.py
[2024-06-04T23:49:20.944+0000] {processor.py:840} INFO - DAG(s) 'example_branch_operator' retrieved from /home/airflow/.local/lib/python3.12/site-packages/airflow/example_dags/example_branch_operator.py
[2024-06-04T23:49:21.032+0000] {logging_mixin.py:188} INFO - [2024-06-04T23:49:21.031+0000] {dag.py:3096} INFO - Sync 1 DAGs
[2024-06-04T23:49:21.095+0000] {logging_mixin.py:188} INFO - [2024-06-04T23:49:21.095+0000] {dag.py:3954} INFO - Setting next_dagrun for example_branch_operator to 2024-06-03 00:00:00+00:00, run_after=2024-06-04 00:00:00+00:00
[2024-06-04T23:49:21.156+0000] {processor.py:183} INFO - Processing /home/airflow/.local/lib/python3.12/site-packages/airflow/example_dags/example_branch_operator.py took 0.288 seconds
[2024-06-04T23:49:51.745+0000] {processor.py:161} INFO - Started process (PID=172564) to work on /home/airflow/.local/lib/python3.12/site-packages/airflow/example_dags/example_branch_operator.py
[2024-06-04T23:49:51.748+0000] {processor.py:830} INFO - Processing file /home/airflow/.local/lib/python3.12/site-packages/airflow/example_dags/example_branch_operator.py for tasks to queue
[2024-06-04T23:49:51.752+0000] {logging_mixin.py:188} INFO - [2024-06-04T23:49:51.751+0000] {dagbag.py:545} INFO - Filling up the DagBag from /home/airflow/.local/lib/python3.12/site-packages/airflow/example_dags/example_branch_operator.py
[2024-06-04T23:49:51.811+0000] {processor.py:840} INFO - DAG(s) 'example_branch_operator' retrieved from /home/airflow/.local/lib/python3.12/site-packages/airflow/example_dags/example_branch_operator.py
[2024-06-04T23:49:51.894+0000] {logging_mixin.py:188} INFO - [2024-06-04T23:49:51.893+0000] {dag.py:3096} INFO - Sync 1 DAGs
[2024-06-04T23:49:51.990+0000] {logging_mixin.py:188} INFO - [2024-06-04T23:49:51.989+0000] {dag.py:3954} INFO - Setting next_dagrun for example_branch_operator to 2024-06-03 00:00:00+00:00, run_after=2024-06-04 00:00:00+00:00
[2024-06-04T23:49:52.038+0000] {processor.py:183} INFO - Processing /home/airflow/.local/lib/python3.12/site-packages/airflow/example_dags/example_branch_operator.py took 0.308 seconds
[2024-06-04T23:50:22.248+0000] {processor.py:161} INFO - Started process (PID=172824) to work on /home/airflow/.local/lib/python3.12/site-packages/airflow/example_dags/example_branch_operator.py
[2024-06-04T23:50:22.252+0000] {processor.py:830} INFO - Processing file /home/airflow/.local/lib/python3.12/site-packages/airflow/example_dags/example_branch_operator.py for tasks to queue
[2024-06-04T23:50:22.257+0000] {logging_mixin.py:188} INFO - [2024-06-04T23:50:22.255+0000] {dagbag.py:545} INFO - Filling up the DagBag from /home/airflow/.local/lib/python3.12/site-packages/airflow/example_dags/example_branch_operator.py
[2024-06-04T23:50:22.339+0000] {processor.py:840} INFO - DAG(s) 'example_branch_operator' retrieved from /home/airflow/.local/lib/python3.12/site-packages/airflow/example_dags/example_branch_operator.py
[2024-06-04T23:50:22.608+0000] {logging_mixin.py:188} INFO - [2024-06-04T23:50:22.600+0000] {dag.py:3096} INFO - Sync 1 DAGs
[2024-06-04T23:50:22.709+0000] {logging_mixin.py:188} INFO - [2024-06-04T23:50:22.708+0000] {dag.py:3954} INFO - Setting next_dagrun for example_branch_operator to 2024-06-03 00:00:00+00:00, run_after=2024-06-04 00:00:00+00:00
[2024-06-04T23:50:22.795+0000] {processor.py:183} INFO - Processing /home/airflow/.local/lib/python3.12/site-packages/airflow/example_dags/example_branch_operator.py took 0.574 seconds
[2024-06-04T23:50:52.916+0000] {processor.py:161} INFO - Started process (PID=173086) to work on /home/airflow/.local/lib/python3.12/site-packages/airflow/example_dags/example_branch_operator.py
[2024-06-04T23:50:52.918+0000] {processor.py:830} INFO - Processing file /home/airflow/.local/lib/python3.12/site-packages/airflow/example_dags/example_branch_operator.py for tasks to queue
[2024-06-04T23:50:52.921+0000] {logging_mixin.py:188} INFO - [2024-06-04T23:50:52.920+0000] {dagbag.py:545} INFO - Filling up the DagBag from /home/airflow/.local/lib/python3.12/site-packages/airflow/example_dags/example_branch_operator.py
[2024-06-04T23:50:52.973+0000] {processor.py:840} INFO - DAG(s) 'example_branch_operator' retrieved from /home/airflow/.local/lib/python3.12/site-packages/airflow/example_dags/example_branch_operator.py
[2024-06-04T23:50:53.060+0000] {logging_mixin.py:188} INFO - [2024-06-04T23:50:53.060+0000] {dag.py:3096} INFO - Sync 1 DAGs
[2024-06-04T23:50:53.114+0000] {logging_mixin.py:188} INFO - [2024-06-04T23:50:53.113+0000] {dag.py:3954} INFO - Setting next_dagrun for example_branch_operator to 2024-06-03 00:00:00+00:00, run_after=2024-06-04 00:00:00+00:00
[2024-06-04T23:50:53.196+0000] {processor.py:183} INFO - Processing /home/airflow/.local/lib/python3.12/site-packages/airflow/example_dags/example_branch_operator.py took 0.291 seconds
[2024-06-04T23:51:24.112+0000] {processor.py:161} INFO - Started process (PID=173344) to work on /home/airflow/.local/lib/python3.12/site-packages/airflow/example_dags/example_branch_operator.py
[2024-06-04T23:51:24.114+0000] {processor.py:830} INFO - Processing file /home/airflow/.local/lib/python3.12/site-packages/airflow/example_dags/example_branch_operator.py for tasks to queue
[2024-06-04T23:51:24.117+0000] {logging_mixin.py:188} INFO - [2024-06-04T23:51:24.117+0000] {dagbag.py:545} INFO - Filling up the DagBag from /home/airflow/.local/lib/python3.12/site-packages/airflow/example_dags/example_branch_operator.py
[2024-06-04T23:51:24.166+0000] {processor.py:840} INFO - DAG(s) 'example_branch_operator' retrieved from /home/airflow/.local/lib/python3.12/site-packages/airflow/example_dags/example_branch_operator.py
[2024-06-04T23:51:24.236+0000] {logging_mixin.py:188} INFO - [2024-06-04T23:51:24.236+0000] {dag.py:3096} INFO - Sync 1 DAGs
[2024-06-04T23:51:24.287+0000] {logging_mixin.py:188} INFO - [2024-06-04T23:51:24.286+0000] {dag.py:3954} INFO - Setting next_dagrun for example_branch_operator to 2024-06-03 00:00:00+00:00, run_after=2024-06-04 00:00:00+00:00
[2024-06-04T23:51:24.326+0000] {processor.py:183} INFO - Processing /home/airflow/.local/lib/python3.12/site-packages/airflow/example_dags/example_branch_operator.py took 0.230 seconds
[2024-06-04T23:51:54.899+0000] {processor.py:161} INFO - Started process (PID=173607) to work on /home/airflow/.local/lib/python3.12/site-packages/airflow/example_dags/example_branch_operator.py
[2024-06-04T23:51:54.901+0000] {processor.py:830} INFO - Processing file /home/airflow/.local/lib/python3.12/site-packages/airflow/example_dags/example_branch_operator.py for tasks to queue
[2024-06-04T23:51:54.904+0000] {logging_mixin.py:188} INFO - [2024-06-04T23:51:54.904+0000] {dagbag.py:545} INFO - Filling up the DagBag from /home/airflow/.local/lib/python3.12/site-packages/airflow/example_dags/example_branch_operator.py
[2024-06-04T23:51:54.942+0000] {processor.py:840} INFO - DAG(s) 'example_branch_operator' retrieved from /home/airflow/.local/lib/python3.12/site-packages/airflow/example_dags/example_branch_operator.py
[2024-06-04T23:51:55.005+0000] {logging_mixin.py:188} INFO - [2024-06-04T23:51:55.005+0000] {dag.py:3096} INFO - Sync 1 DAGs
[2024-06-04T23:51:55.047+0000] {logging_mixin.py:188} INFO - [2024-06-04T23:51:55.046+0000] {dag.py:3954} INFO - Setting next_dagrun for example_branch_operator to 2024-06-03 00:00:00+00:00, run_after=2024-06-04 00:00:00+00:00
[2024-06-04T23:51:55.083+0000] {processor.py:183} INFO - Processing /home/airflow/.local/lib/python3.12/site-packages/airflow/example_dags/example_branch_operator.py took 0.199 seconds
[2024-06-04T23:52:25.656+0000] {processor.py:161} INFO - Started process (PID=173867) to work on /home/airflow/.local/lib/python3.12/site-packages/airflow/example_dags/example_branch_operator.py
[2024-06-04T23:52:25.660+0000] {processor.py:830} INFO - Processing file /home/airflow/.local/lib/python3.12/site-packages/airflow/example_dags/example_branch_operator.py for tasks to queue
[2024-06-04T23:52:25.669+0000] {logging_mixin.py:188} INFO - [2024-06-04T23:52:25.669+0000] {dagbag.py:545} INFO - Filling up the DagBag from /home/airflow/.local/lib/python3.12/site-packages/airflow/example_dags/example_branch_operator.py
[2024-06-04T23:52:25.742+0000] {processor.py:840} INFO - DAG(s) 'example_branch_operator' retrieved from /home/airflow/.local/lib/python3.12/site-packages/airflow/example_dags/example_branch_operator.py
[2024-06-04T23:52:25.818+0000] {logging_mixin.py:188} INFO - [2024-06-04T23:52:25.817+0000] {dag.py:3096} INFO - Sync 1 DAGs
[2024-06-04T23:52:25.869+0000] {logging_mixin.py:188} INFO - [2024-06-04T23:52:25.869+0000] {dag.py:3954} INFO - Setting next_dagrun for example_branch_operator to 2024-06-03 00:00:00+00:00, run_after=2024-06-04 00:00:00+00:00
[2024-06-04T23:52:25.938+0000] {processor.py:183} INFO - Processing /home/airflow/.local/lib/python3.12/site-packages/airflow/example_dags/example_branch_operator.py took 0.303 seconds
[2024-06-04T23:52:56.698+0000] {processor.py:161} INFO - Started process (PID=174129) to work on /home/airflow/.local/lib/python3.12/site-packages/airflow/example_dags/example_branch_operator.py
[2024-06-04T23:52:56.714+0000] {processor.py:830} INFO - Processing file /home/airflow/.local/lib/python3.12/site-packages/airflow/example_dags/example_branch_operator.py for tasks to queue
[2024-06-04T23:52:56.719+0000] {logging_mixin.py:188} INFO - [2024-06-04T23:52:56.717+0000] {dagbag.py:545} INFO - Filling up the DagBag from /home/airflow/.local/lib/python3.12/site-packages/airflow/example_dags/example_branch_operator.py
[2024-06-04T23:52:56.761+0000] {processor.py:840} INFO - DAG(s) 'example_branch_operator' retrieved from /home/airflow/.local/lib/python3.12/site-packages/airflow/example_dags/example_branch_operator.py
[2024-06-04T23:52:56.839+0000] {logging_mixin.py:188} INFO - [2024-06-04T23:52:56.838+0000] {dag.py:3096} INFO - Sync 1 DAGs
[2024-06-04T23:52:56.891+0000] {logging_mixin.py:188} INFO - [2024-06-04T23:52:56.890+0000] {dag.py:3954} INFO - Setting next_dagrun for example_branch_operator to 2024-06-03 00:00:00+00:00, run_after=2024-06-04 00:00:00+00:00
[2024-06-04T23:52:56.938+0000] {processor.py:183} INFO - Processing /home/airflow/.local/lib/python3.12/site-packages/airflow/example_dags/example_branch_operator.py took 0.254 seconds
[2024-06-04T23:53:27.382+0000] {processor.py:161} INFO - Started process (PID=174394) to work on /home/airflow/.local/lib/python3.12/site-packages/airflow/example_dags/example_branch_operator.py
[2024-06-04T23:53:27.383+0000] {processor.py:830} INFO - Processing file /home/airflow/.local/lib/python3.12/site-packages/airflow/example_dags/example_branch_operator.py for tasks to queue
[2024-06-04T23:53:27.387+0000] {logging_mixin.py:188} INFO - [2024-06-04T23:53:27.386+0000] {dagbag.py:545} INFO - Filling up the DagBag from /home/airflow/.local/lib/python3.12/site-packages/airflow/example_dags/example_branch_operator.py
[2024-06-04T23:53:27.541+0000] {processor.py:840} INFO - DAG(s) 'example_branch_operator' retrieved from /home/airflow/.local/lib/python3.12/site-packages/airflow/example_dags/example_branch_operator.py
[2024-06-04T23:53:27.681+0000] {logging_mixin.py:188} INFO - [2024-06-04T23:53:27.680+0000] {dag.py:3096} INFO - Sync 1 DAGs
[2024-06-04T23:53:27.754+0000] {logging_mixin.py:188} INFO - [2024-06-04T23:53:27.754+0000] {dag.py:3954} INFO - Setting next_dagrun for example_branch_operator to 2024-06-03 00:00:00+00:00, run_after=2024-06-04 00:00:00+00:00
[2024-06-04T23:53:27.810+0000] {processor.py:183} INFO - Processing /home/airflow/.local/lib/python3.12/site-packages/airflow/example_dags/example_branch_operator.py took 0.478 seconds
[2024-06-04T23:53:58.623+0000] {processor.py:161} INFO - Started process (PID=174655) to work on /home/airflow/.local/lib/python3.12/site-packages/airflow/example_dags/example_branch_operator.py
[2024-06-04T23:53:58.629+0000] {processor.py:830} INFO - Processing file /home/airflow/.local/lib/python3.12/site-packages/airflow/example_dags/example_branch_operator.py for tasks to queue
[2024-06-04T23:53:58.632+0000] {logging_mixin.py:188} INFO - [2024-06-04T23:53:58.632+0000] {dagbag.py:545} INFO - Filling up the DagBag from /home/airflow/.local/lib/python3.12/site-packages/airflow/example_dags/example_branch_operator.py
[2024-06-04T23:53:58.694+0000] {processor.py:840} INFO - DAG(s) 'example_branch_operator' retrieved from /home/airflow/.local/lib/python3.12/site-packages/airflow/example_dags/example_branch_operator.py
[2024-06-04T23:53:58.817+0000] {logging_mixin.py:188} INFO - [2024-06-04T23:53:58.816+0000] {dag.py:3096} INFO - Sync 1 DAGs
[2024-06-04T23:53:58.912+0000] {logging_mixin.py:188} INFO - [2024-06-04T23:53:58.911+0000] {dag.py:3954} INFO - Setting next_dagrun for example_branch_operator to 2024-06-03 00:00:00+00:00, run_after=2024-06-04 00:00:00+00:00
[2024-06-04T23:53:58.990+0000] {processor.py:183} INFO - Processing /home/airflow/.local/lib/python3.12/site-packages/airflow/example_dags/example_branch_operator.py took 0.391 seconds
[2024-06-04T23:54:29.840+0000] {processor.py:161} INFO - Started process (PID=174917) to work on /home/airflow/.local/lib/python3.12/site-packages/airflow/example_dags/example_branch_operator.py
[2024-06-04T23:54:29.841+0000] {processor.py:830} INFO - Processing file /home/airflow/.local/lib/python3.12/site-packages/airflow/example_dags/example_branch_operator.py for tasks to queue
[2024-06-04T23:54:29.845+0000] {logging_mixin.py:188} INFO - [2024-06-04T23:54:29.844+0000] {dagbag.py:545} INFO - Filling up the DagBag from /home/airflow/.local/lib/python3.12/site-packages/airflow/example_dags/example_branch_operator.py
[2024-06-04T23:54:29.945+0000] {processor.py:840} INFO - DAG(s) 'example_branch_operator' retrieved from /home/airflow/.local/lib/python3.12/site-packages/airflow/example_dags/example_branch_operator.py
[2024-06-04T23:54:30.028+0000] {logging_mixin.py:188} INFO - [2024-06-04T23:54:30.027+0000] {dag.py:3096} INFO - Sync 1 DAGs
[2024-06-04T23:54:30.092+0000] {logging_mixin.py:188} INFO - [2024-06-04T23:54:30.091+0000] {dag.py:3954} INFO - Setting next_dagrun for example_branch_operator to 2024-06-03 00:00:00+00:00, run_after=2024-06-04 00:00:00+00:00
[2024-06-04T23:54:30.146+0000] {processor.py:183} INFO - Processing /home/airflow/.local/lib/python3.12/site-packages/airflow/example_dags/example_branch_operator.py took 0.323 seconds
[2024-06-04T23:55:00.270+0000] {processor.py:161} INFO - Started process (PID=175183) to work on /home/airflow/.local/lib/python3.12/site-packages/airflow/example_dags/example_branch_operator.py
[2024-06-04T23:55:00.272+0000] {processor.py:830} INFO - Processing file /home/airflow/.local/lib/python3.12/site-packages/airflow/example_dags/example_branch_operator.py for tasks to queue
[2024-06-04T23:55:00.276+0000] {logging_mixin.py:188} INFO - [2024-06-04T23:55:00.275+0000] {dagbag.py:545} INFO - Filling up the DagBag from /home/airflow/.local/lib/python3.12/site-packages/airflow/example_dags/example_branch_operator.py
[2024-06-04T23:55:00.361+0000] {processor.py:840} INFO - DAG(s) 'example_branch_operator' retrieved from /home/airflow/.local/lib/python3.12/site-packages/airflow/example_dags/example_branch_operator.py
[2024-06-04T23:55:00.512+0000] {logging_mixin.py:188} INFO - [2024-06-04T23:55:00.509+0000] {dag.py:3096} INFO - Sync 1 DAGs
[2024-06-04T23:55:00.583+0000] {logging_mixin.py:188} INFO - [2024-06-04T23:55:00.582+0000] {dag.py:3954} INFO - Setting next_dagrun for example_branch_operator to 2024-06-03 00:00:00+00:00, run_after=2024-06-04 00:00:00+00:00
[2024-06-04T23:55:00.634+0000] {processor.py:183} INFO - Processing /home/airflow/.local/lib/python3.12/site-packages/airflow/example_dags/example_branch_operator.py took 0.379 seconds
[2024-06-04T23:55:30.958+0000] {processor.py:161} INFO - Started process (PID=175447) to work on /home/airflow/.local/lib/python3.12/site-packages/airflow/example_dags/example_branch_operator.py
[2024-06-04T23:55:30.959+0000] {processor.py:830} INFO - Processing file /home/airflow/.local/lib/python3.12/site-packages/airflow/example_dags/example_branch_operator.py for tasks to queue
[2024-06-04T23:55:30.965+0000] {logging_mixin.py:188} INFO - [2024-06-04T23:55:30.964+0000] {dagbag.py:545} INFO - Filling up the DagBag from /home/airflow/.local/lib/python3.12/site-packages/airflow/example_dags/example_branch_operator.py
[2024-06-04T23:55:31.028+0000] {processor.py:840} INFO - DAG(s) 'example_branch_operator' retrieved from /home/airflow/.local/lib/python3.12/site-packages/airflow/example_dags/example_branch_operator.py
[2024-06-04T23:55:31.162+0000] {logging_mixin.py:188} INFO - [2024-06-04T23:55:31.161+0000] {dag.py:3096} INFO - Sync 1 DAGs
[2024-06-04T23:55:31.266+0000] {logging_mixin.py:188} INFO - [2024-06-04T23:55:31.266+0000] {dag.py:3954} INFO - Setting next_dagrun for example_branch_operator to 2024-06-03 00:00:00+00:00, run_after=2024-06-04 00:00:00+00:00
[2024-06-04T23:55:31.354+0000] {processor.py:183} INFO - Processing /home/airflow/.local/lib/python3.12/site-packages/airflow/example_dags/example_branch_operator.py took 0.413 seconds
[2024-06-04T23:56:02.198+0000] {processor.py:161} INFO - Started process (PID=175709) to work on /home/airflow/.local/lib/python3.12/site-packages/airflow/example_dags/example_branch_operator.py
[2024-06-04T23:56:02.201+0000] {processor.py:830} INFO - Processing file /home/airflow/.local/lib/python3.12/site-packages/airflow/example_dags/example_branch_operator.py for tasks to queue
[2024-06-04T23:56:02.205+0000] {logging_mixin.py:188} INFO - [2024-06-04T23:56:02.204+0000] {dagbag.py:545} INFO - Filling up the DagBag from /home/airflow/.local/lib/python3.12/site-packages/airflow/example_dags/example_branch_operator.py
[2024-06-04T23:56:02.248+0000] {processor.py:840} INFO - DAG(s) 'example_branch_operator' retrieved from /home/airflow/.local/lib/python3.12/site-packages/airflow/example_dags/example_branch_operator.py
[2024-06-04T23:56:02.338+0000] {logging_mixin.py:188} INFO - [2024-06-04T23:56:02.338+0000] {dag.py:3096} INFO - Sync 1 DAGs
[2024-06-04T23:56:02.401+0000] {logging_mixin.py:188} INFO - [2024-06-04T23:56:02.401+0000] {dag.py:3954} INFO - Setting next_dagrun for example_branch_operator to 2024-06-03 00:00:00+00:00, run_after=2024-06-04 00:00:00+00:00
[2024-06-04T23:56:02.453+0000] {processor.py:183} INFO - Processing /home/airflow/.local/lib/python3.12/site-packages/airflow/example_dags/example_branch_operator.py took 0.270 seconds
[2024-06-04T23:56:32.856+0000] {processor.py:161} INFO - Started process (PID=175969) to work on /home/airflow/.local/lib/python3.12/site-packages/airflow/example_dags/example_branch_operator.py
[2024-06-04T23:56:32.858+0000] {processor.py:830} INFO - Processing file /home/airflow/.local/lib/python3.12/site-packages/airflow/example_dags/example_branch_operator.py for tasks to queue
[2024-06-04T23:56:32.861+0000] {logging_mixin.py:188} INFO - [2024-06-04T23:56:32.861+0000] {dagbag.py:545} INFO - Filling up the DagBag from /home/airflow/.local/lib/python3.12/site-packages/airflow/example_dags/example_branch_operator.py
[2024-06-04T23:56:32.901+0000] {processor.py:840} INFO - DAG(s) 'example_branch_operator' retrieved from /home/airflow/.local/lib/python3.12/site-packages/airflow/example_dags/example_branch_operator.py
[2024-06-04T23:56:32.971+0000] {logging_mixin.py:188} INFO - [2024-06-04T23:56:32.971+0000] {dag.py:3096} INFO - Sync 1 DAGs
[2024-06-04T23:56:33.026+0000] {logging_mixin.py:188} INFO - [2024-06-04T23:56:33.025+0000] {dag.py:3954} INFO - Setting next_dagrun for example_branch_operator to 2024-06-03 00:00:00+00:00, run_after=2024-06-04 00:00:00+00:00
[2024-06-04T23:56:33.085+0000] {processor.py:183} INFO - Processing /home/airflow/.local/lib/python3.12/site-packages/airflow/example_dags/example_branch_operator.py took 0.244 seconds
[2024-06-04T23:57:03.349+0000] {processor.py:161} INFO - Started process (PID=176226) to work on /home/airflow/.local/lib/python3.12/site-packages/airflow/example_dags/example_branch_operator.py
[2024-06-04T23:57:03.351+0000] {processor.py:830} INFO - Processing file /home/airflow/.local/lib/python3.12/site-packages/airflow/example_dags/example_branch_operator.py for tasks to queue
[2024-06-04T23:57:03.354+0000] {logging_mixin.py:188} INFO - [2024-06-04T23:57:03.353+0000] {dagbag.py:545} INFO - Filling up the DagBag from /home/airflow/.local/lib/python3.12/site-packages/airflow/example_dags/example_branch_operator.py
[2024-06-04T23:57:03.392+0000] {processor.py:840} INFO - DAG(s) 'example_branch_operator' retrieved from /home/airflow/.local/lib/python3.12/site-packages/airflow/example_dags/example_branch_operator.py
[2024-06-04T23:57:03.460+0000] {logging_mixin.py:188} INFO - [2024-06-04T23:57:03.459+0000] {dag.py:3096} INFO - Sync 1 DAGs
[2024-06-04T23:57:03.521+0000] {logging_mixin.py:188} INFO - [2024-06-04T23:57:03.518+0000] {dag.py:3954} INFO - Setting next_dagrun for example_branch_operator to 2024-06-03 00:00:00+00:00, run_after=2024-06-04 00:00:00+00:00
[2024-06-04T23:57:03.591+0000] {processor.py:183} INFO - Processing /home/airflow/.local/lib/python3.12/site-packages/airflow/example_dags/example_branch_operator.py took 0.254 seconds
[2024-06-04T23:57:33.671+0000] {processor.py:161} INFO - Started process (PID=176488) to work on /home/airflow/.local/lib/python3.12/site-packages/airflow/example_dags/example_branch_operator.py
[2024-06-04T23:57:33.673+0000] {processor.py:830} INFO - Processing file /home/airflow/.local/lib/python3.12/site-packages/airflow/example_dags/example_branch_operator.py for tasks to queue
[2024-06-04T23:57:33.676+0000] {logging_mixin.py:188} INFO - [2024-06-04T23:57:33.675+0000] {dagbag.py:545} INFO - Filling up the DagBag from /home/airflow/.local/lib/python3.12/site-packages/airflow/example_dags/example_branch_operator.py
[2024-06-04T23:57:33.716+0000] {processor.py:840} INFO - DAG(s) 'example_branch_operator' retrieved from /home/airflow/.local/lib/python3.12/site-packages/airflow/example_dags/example_branch_operator.py
[2024-06-04T23:57:33.784+0000] {logging_mixin.py:188} INFO - [2024-06-04T23:57:33.784+0000] {dag.py:3096} INFO - Sync 1 DAGs
[2024-06-04T23:57:33.837+0000] {logging_mixin.py:188} INFO - [2024-06-04T23:57:33.837+0000] {dag.py:3954} INFO - Setting next_dagrun for example_branch_operator to 2024-06-03 00:00:00+00:00, run_after=2024-06-04 00:00:00+00:00
[2024-06-04T23:57:33.882+0000] {processor.py:183} INFO - Processing /home/airflow/.local/lib/python3.12/site-packages/airflow/example_dags/example_branch_operator.py took 0.224 seconds
[2024-06-04T23:58:04.287+0000] {processor.py:161} INFO - Started process (PID=176750) to work on /home/airflow/.local/lib/python3.12/site-packages/airflow/example_dags/example_branch_operator.py
[2024-06-04T23:58:04.290+0000] {processor.py:830} INFO - Processing file /home/airflow/.local/lib/python3.12/site-packages/airflow/example_dags/example_branch_operator.py for tasks to queue
[2024-06-04T23:58:04.294+0000] {logging_mixin.py:188} INFO - [2024-06-04T23:58:04.293+0000] {dagbag.py:545} INFO - Filling up the DagBag from /home/airflow/.local/lib/python3.12/site-packages/airflow/example_dags/example_branch_operator.py
[2024-06-04T23:58:04.408+0000] {processor.py:840} INFO - DAG(s) 'example_branch_operator' retrieved from /home/airflow/.local/lib/python3.12/site-packages/airflow/example_dags/example_branch_operator.py
[2024-06-04T23:58:04.543+0000] {logging_mixin.py:188} INFO - [2024-06-04T23:58:04.542+0000] {dag.py:3096} INFO - Sync 1 DAGs
[2024-06-04T23:58:04.603+0000] {logging_mixin.py:188} INFO - [2024-06-04T23:58:04.603+0000] {dag.py:3954} INFO - Setting next_dagrun for example_branch_operator to 2024-06-03 00:00:00+00:00, run_after=2024-06-04 00:00:00+00:00
[2024-06-04T23:58:04.666+0000] {processor.py:183} INFO - Processing /home/airflow/.local/lib/python3.12/site-packages/airflow/example_dags/example_branch_operator.py took 0.396 seconds
[2024-06-04T23:58:35.101+0000] {processor.py:161} INFO - Started process (PID=177011) to work on /home/airflow/.local/lib/python3.12/site-packages/airflow/example_dags/example_branch_operator.py
[2024-06-04T23:58:35.103+0000] {processor.py:830} INFO - Processing file /home/airflow/.local/lib/python3.12/site-packages/airflow/example_dags/example_branch_operator.py for tasks to queue
[2024-06-04T23:58:35.108+0000] {logging_mixin.py:188} INFO - [2024-06-04T23:58:35.107+0000] {dagbag.py:545} INFO - Filling up the DagBag from /home/airflow/.local/lib/python3.12/site-packages/airflow/example_dags/example_branch_operator.py
[2024-06-04T23:58:35.183+0000] {processor.py:840} INFO - DAG(s) 'example_branch_operator' retrieved from /home/airflow/.local/lib/python3.12/site-packages/airflow/example_dags/example_branch_operator.py
[2024-06-04T23:58:35.294+0000] {logging_mixin.py:188} INFO - [2024-06-04T23:58:35.293+0000] {dag.py:3096} INFO - Sync 1 DAGs
[2024-06-04T23:58:35.361+0000] {logging_mixin.py:188} INFO - [2024-06-04T23:58:35.360+0000] {dag.py:3954} INFO - Setting next_dagrun for example_branch_operator to 2024-06-03 00:00:00+00:00, run_after=2024-06-04 00:00:00+00:00
[2024-06-04T23:58:35.420+0000] {processor.py:183} INFO - Processing /home/airflow/.local/lib/python3.12/site-packages/airflow/example_dags/example_branch_operator.py took 0.336 seconds
[2024-06-04T23:59:06.037+0000] {processor.py:161} INFO - Started process (PID=177272) to work on /home/airflow/.local/lib/python3.12/site-packages/airflow/example_dags/example_branch_operator.py
[2024-06-04T23:59:06.039+0000] {processor.py:830} INFO - Processing file /home/airflow/.local/lib/python3.12/site-packages/airflow/example_dags/example_branch_operator.py for tasks to queue
[2024-06-04T23:59:06.042+0000] {logging_mixin.py:188} INFO - [2024-06-04T23:59:06.042+0000] {dagbag.py:545} INFO - Filling up the DagBag from /home/airflow/.local/lib/python3.12/site-packages/airflow/example_dags/example_branch_operator.py
[2024-06-04T23:59:06.094+0000] {processor.py:840} INFO - DAG(s) 'example_branch_operator' retrieved from /home/airflow/.local/lib/python3.12/site-packages/airflow/example_dags/example_branch_operator.py
[2024-06-04T23:59:06.183+0000] {logging_mixin.py:188} INFO - [2024-06-04T23:59:06.182+0000] {dag.py:3096} INFO - Sync 1 DAGs
[2024-06-04T23:59:06.235+0000] {logging_mixin.py:188} INFO - [2024-06-04T23:59:06.235+0000] {dag.py:3954} INFO - Setting next_dagrun for example_branch_operator to 2024-06-03 00:00:00+00:00, run_after=2024-06-04 00:00:00+00:00
[2024-06-04T23:59:06.288+0000] {processor.py:183} INFO - Processing /home/airflow/.local/lib/python3.12/site-packages/airflow/example_dags/example_branch_operator.py took 0.267 seconds
[2024-06-04T23:59:36.441+0000] {processor.py:161} INFO - Started process (PID=177534) to work on /home/airflow/.local/lib/python3.12/site-packages/airflow/example_dags/example_branch_operator.py
[2024-06-04T23:59:36.449+0000] {processor.py:830} INFO - Processing file /home/airflow/.local/lib/python3.12/site-packages/airflow/example_dags/example_branch_operator.py for tasks to queue
[2024-06-04T23:59:36.459+0000] {logging_mixin.py:188} INFO - [2024-06-04T23:59:36.455+0000] {dagbag.py:545} INFO - Filling up the DagBag from /home/airflow/.local/lib/python3.12/site-packages/airflow/example_dags/example_branch_operator.py
[2024-06-04T23:59:36.531+0000] {processor.py:840} INFO - DAG(s) 'example_branch_operator' retrieved from /home/airflow/.local/lib/python3.12/site-packages/airflow/example_dags/example_branch_operator.py
[2024-06-04T23:59:36.625+0000] {logging_mixin.py:188} INFO - [2024-06-04T23:59:36.624+0000] {dag.py:3096} INFO - Sync 1 DAGs
[2024-06-04T23:59:36.769+0000] {logging_mixin.py:188} INFO - [2024-06-04T23:59:36.769+0000] {dag.py:3954} INFO - Setting next_dagrun for example_branch_operator to 2024-06-03 00:00:00+00:00, run_after=2024-06-04 00:00:00+00:00
[2024-06-04T23:59:36.912+0000] {processor.py:183} INFO - Processing /home/airflow/.local/lib/python3.12/site-packages/airflow/example_dags/example_branch_operator.py took 0.484 seconds
