[2024-06-04T23:43:53.573+0000] {processor.py:161} INFO - Started process (PID=169499) to work on /home/airflow/.local/lib/python3.12/site-packages/airflow/example_dags/example_trigger_target_dag.py
[2024-06-04T23:43:53.583+0000] {processor.py:830} INFO - Processing file /home/airflow/.local/lib/python3.12/site-packages/airflow/example_dags/example_trigger_target_dag.py for tasks to queue
[2024-06-04T23:43:53.593+0000] {logging_mixin.py:188} INFO - [2024-06-04T23:43:53.592+0000] {dagbag.py:545} INFO - Filling up the DagBag from /home/airflow/.local/lib/python3.12/site-packages/airflow/example_dags/example_trigger_target_dag.py
[2024-06-04T23:43:53.629+0000] {processor.py:840} INFO - DAG(s) 'example_trigger_target_dag' retrieved from /home/airflow/.local/lib/python3.12/site-packages/airflow/example_dags/example_trigger_target_dag.py
[2024-06-04T23:43:53.844+0000] {logging_mixin.py:188} INFO - [2024-06-04T23:43:53.843+0000] {dag.py:3096} INFO - Sync 1 DAGs
[2024-06-04T23:43:54.008+0000] {logging_mixin.py:188} INFO - [2024-06-04T23:43:54.007+0000] {dag.py:3954} INFO - Setting next_dagrun for example_trigger_target_dag to None, run_after=None
[2024-06-04T23:43:54.692+0000] {processor.py:183} INFO - Processing /home/airflow/.local/lib/python3.12/site-packages/airflow/example_dags/example_trigger_target_dag.py took 1.260 seconds
[2024-06-04T23:44:25.314+0000] {processor.py:161} INFO - Started process (PID=169764) to work on /home/airflow/.local/lib/python3.12/site-packages/airflow/example_dags/example_trigger_target_dag.py
[2024-06-04T23:44:25.333+0000] {processor.py:830} INFO - Processing file /home/airflow/.local/lib/python3.12/site-packages/airflow/example_dags/example_trigger_target_dag.py for tasks to queue
[2024-06-04T23:44:25.336+0000] {logging_mixin.py:188} INFO - [2024-06-04T23:44:25.336+0000] {dagbag.py:545} INFO - Filling up the DagBag from /home/airflow/.local/lib/python3.12/site-packages/airflow/example_dags/example_trigger_target_dag.py
[2024-06-04T23:44:25.346+0000] {processor.py:840} INFO - DAG(s) 'example_trigger_target_dag' retrieved from /home/airflow/.local/lib/python3.12/site-packages/airflow/example_dags/example_trigger_target_dag.py
[2024-06-04T23:44:25.391+0000] {logging_mixin.py:188} INFO - [2024-06-04T23:44:25.390+0000] {dag.py:3096} INFO - Sync 1 DAGs
[2024-06-04T23:44:25.438+0000] {logging_mixin.py:188} INFO - [2024-06-04T23:44:25.438+0000] {dag.py:3954} INFO - Setting next_dagrun for example_trigger_target_dag to None, run_after=None
[2024-06-04T23:44:25.575+0000] {processor.py:183} INFO - Processing /home/airflow/.local/lib/python3.12/site-packages/airflow/example_dags/example_trigger_target_dag.py took 0.271 seconds
[2024-06-04T23:44:56.466+0000] {processor.py:161} INFO - Started process (PID=170036) to work on /home/airflow/.local/lib/python3.12/site-packages/airflow/example_dags/example_trigger_target_dag.py
[2024-06-04T23:44:56.467+0000] {processor.py:830} INFO - Processing file /home/airflow/.local/lib/python3.12/site-packages/airflow/example_dags/example_trigger_target_dag.py for tasks to queue
[2024-06-04T23:44:56.470+0000] {logging_mixin.py:188} INFO - [2024-06-04T23:44:56.470+0000] {dagbag.py:545} INFO - Filling up the DagBag from /home/airflow/.local/lib/python3.12/site-packages/airflow/example_dags/example_trigger_target_dag.py
[2024-06-04T23:44:56.483+0000] {processor.py:840} INFO - DAG(s) 'example_trigger_target_dag' retrieved from /home/airflow/.local/lib/python3.12/site-packages/airflow/example_dags/example_trigger_target_dag.py
[2024-06-04T23:44:56.519+0000] {logging_mixin.py:188} INFO - [2024-06-04T23:44:56.518+0000] {dag.py:3096} INFO - Sync 1 DAGs
[2024-06-04T23:44:56.562+0000] {logging_mixin.py:188} INFO - [2024-06-04T23:44:56.562+0000] {dag.py:3954} INFO - Setting next_dagrun for example_trigger_target_dag to None, run_after=None
[2024-06-04T23:44:56.618+0000] {processor.py:183} INFO - Processing /home/airflow/.local/lib/python3.12/site-packages/airflow/example_dags/example_trigger_target_dag.py took 0.177 seconds
[2024-06-04T23:45:28.517+0000] {processor.py:161} INFO - Started process (PID=170300) to work on /home/airflow/.local/lib/python3.12/site-packages/airflow/example_dags/example_trigger_target_dag.py
[2024-06-04T23:45:28.532+0000] {processor.py:830} INFO - Processing file /home/airflow/.local/lib/python3.12/site-packages/airflow/example_dags/example_trigger_target_dag.py for tasks to queue
[2024-06-04T23:45:28.536+0000] {logging_mixin.py:188} INFO - [2024-06-04T23:45:28.535+0000] {dagbag.py:545} INFO - Filling up the DagBag from /home/airflow/.local/lib/python3.12/site-packages/airflow/example_dags/example_trigger_target_dag.py
[2024-06-04T23:45:28.554+0000] {processor.py:840} INFO - DAG(s) 'example_trigger_target_dag' retrieved from /home/airflow/.local/lib/python3.12/site-packages/airflow/example_dags/example_trigger_target_dag.py
[2024-06-04T23:45:28.625+0000] {logging_mixin.py:188} INFO - [2024-06-04T23:45:28.624+0000] {dag.py:3096} INFO - Sync 1 DAGs
[2024-06-04T23:45:28.672+0000] {logging_mixin.py:188} INFO - [2024-06-04T23:45:28.671+0000] {dag.py:3954} INFO - Setting next_dagrun for example_trigger_target_dag to None, run_after=None
[2024-06-04T23:45:28.764+0000] {processor.py:183} INFO - Processing /home/airflow/.local/lib/python3.12/site-packages/airflow/example_dags/example_trigger_target_dag.py took 0.266 seconds
[2024-06-04T23:46:00.301+0000] {processor.py:161} INFO - Started process (PID=170560) to work on /home/airflow/.local/lib/python3.12/site-packages/airflow/example_dags/example_trigger_target_dag.py
[2024-06-04T23:46:00.308+0000] {processor.py:830} INFO - Processing file /home/airflow/.local/lib/python3.12/site-packages/airflow/example_dags/example_trigger_target_dag.py for tasks to queue
[2024-06-04T23:46:00.311+0000] {logging_mixin.py:188} INFO - [2024-06-04T23:46:00.310+0000] {dagbag.py:545} INFO - Filling up the DagBag from /home/airflow/.local/lib/python3.12/site-packages/airflow/example_dags/example_trigger_target_dag.py
[2024-06-04T23:46:00.370+0000] {processor.py:840} INFO - DAG(s) 'example_trigger_target_dag' retrieved from /home/airflow/.local/lib/python3.12/site-packages/airflow/example_dags/example_trigger_target_dag.py
[2024-06-04T23:46:00.640+0000] {logging_mixin.py:188} INFO - [2024-06-04T23:46:00.640+0000] {dag.py:3096} INFO - Sync 1 DAGs
[2024-06-04T23:46:00.838+0000] {logging_mixin.py:188} INFO - [2024-06-04T23:46:00.838+0000] {dag.py:3954} INFO - Setting next_dagrun for example_trigger_target_dag to None, run_after=None
[2024-06-04T23:46:01.268+0000] {processor.py:183} INFO - Processing /home/airflow/.local/lib/python3.12/site-packages/airflow/example_dags/example_trigger_target_dag.py took 1.022 seconds
[2024-06-04T23:46:31.458+0000] {processor.py:161} INFO - Started process (PID=170824) to work on /home/airflow/.local/lib/python3.12/site-packages/airflow/example_dags/example_trigger_target_dag.py
[2024-06-04T23:46:31.473+0000] {processor.py:830} INFO - Processing file /home/airflow/.local/lib/python3.12/site-packages/airflow/example_dags/example_trigger_target_dag.py for tasks to queue
[2024-06-04T23:46:31.476+0000] {logging_mixin.py:188} INFO - [2024-06-04T23:46:31.476+0000] {dagbag.py:545} INFO - Filling up the DagBag from /home/airflow/.local/lib/python3.12/site-packages/airflow/example_dags/example_trigger_target_dag.py
[2024-06-04T23:46:31.488+0000] {processor.py:840} INFO - DAG(s) 'example_trigger_target_dag' retrieved from /home/airflow/.local/lib/python3.12/site-packages/airflow/example_dags/example_trigger_target_dag.py
[2024-06-04T23:46:31.534+0000] {logging_mixin.py:188} INFO - [2024-06-04T23:46:31.533+0000] {dag.py:3096} INFO - Sync 1 DAGs
[2024-06-04T23:46:31.564+0000] {logging_mixin.py:188} INFO - [2024-06-04T23:46:31.563+0000] {dag.py:3954} INFO - Setting next_dagrun for example_trigger_target_dag to None, run_after=None
[2024-06-04T23:46:31.611+0000] {processor.py:183} INFO - Processing /home/airflow/.local/lib/python3.12/site-packages/airflow/example_dags/example_trigger_target_dag.py took 0.166 seconds
[2024-06-04T23:47:01.982+0000] {processor.py:161} INFO - Started process (PID=171083) to work on /home/airflow/.local/lib/python3.12/site-packages/airflow/example_dags/example_trigger_target_dag.py
[2024-06-04T23:47:01.984+0000] {processor.py:830} INFO - Processing file /home/airflow/.local/lib/python3.12/site-packages/airflow/example_dags/example_trigger_target_dag.py for tasks to queue
[2024-06-04T23:47:01.989+0000] {logging_mixin.py:188} INFO - [2024-06-04T23:47:01.989+0000] {dagbag.py:545} INFO - Filling up the DagBag from /home/airflow/.local/lib/python3.12/site-packages/airflow/example_dags/example_trigger_target_dag.py
[2024-06-04T23:47:02.003+0000] {processor.py:840} INFO - DAG(s) 'example_trigger_target_dag' retrieved from /home/airflow/.local/lib/python3.12/site-packages/airflow/example_dags/example_trigger_target_dag.py
[2024-06-04T23:47:02.049+0000] {logging_mixin.py:188} INFO - [2024-06-04T23:47:02.048+0000] {dag.py:3096} INFO - Sync 1 DAGs
[2024-06-04T23:47:02.089+0000] {logging_mixin.py:188} INFO - [2024-06-04T23:47:02.088+0000] {dag.py:3954} INFO - Setting next_dagrun for example_trigger_target_dag to None, run_after=None
[2024-06-04T23:47:02.147+0000] {processor.py:183} INFO - Processing /home/airflow/.local/lib/python3.12/site-packages/airflow/example_dags/example_trigger_target_dag.py took 0.181 seconds
[2024-06-04T23:47:32.534+0000] {processor.py:161} INFO - Started process (PID=171344) to work on /home/airflow/.local/lib/python3.12/site-packages/airflow/example_dags/example_trigger_target_dag.py
[2024-06-04T23:47:32.538+0000] {processor.py:830} INFO - Processing file /home/airflow/.local/lib/python3.12/site-packages/airflow/example_dags/example_trigger_target_dag.py for tasks to queue
[2024-06-04T23:47:32.542+0000] {logging_mixin.py:188} INFO - [2024-06-04T23:47:32.542+0000] {dagbag.py:545} INFO - Filling up the DagBag from /home/airflow/.local/lib/python3.12/site-packages/airflow/example_dags/example_trigger_target_dag.py
[2024-06-04T23:47:32.571+0000] {processor.py:840} INFO - DAG(s) 'example_trigger_target_dag' retrieved from /home/airflow/.local/lib/python3.12/site-packages/airflow/example_dags/example_trigger_target_dag.py
[2024-06-04T23:47:32.682+0000] {logging_mixin.py:188} INFO - [2024-06-04T23:47:32.682+0000] {dag.py:3096} INFO - Sync 1 DAGs
[2024-06-04T23:47:32.748+0000] {logging_mixin.py:188} INFO - [2024-06-04T23:47:32.747+0000] {dag.py:3954} INFO - Setting next_dagrun for example_trigger_target_dag to None, run_after=None
[2024-06-04T23:47:32.858+0000] {processor.py:183} INFO - Processing /home/airflow/.local/lib/python3.12/site-packages/airflow/example_dags/example_trigger_target_dag.py took 0.344 seconds
[2024-06-04T23:48:03.312+0000] {processor.py:161} INFO - Started process (PID=171606) to work on /home/airflow/.local/lib/python3.12/site-packages/airflow/example_dags/example_trigger_target_dag.py
[2024-06-04T23:48:03.313+0000] {processor.py:830} INFO - Processing file /home/airflow/.local/lib/python3.12/site-packages/airflow/example_dags/example_trigger_target_dag.py for tasks to queue
[2024-06-04T23:48:03.317+0000] {logging_mixin.py:188} INFO - [2024-06-04T23:48:03.316+0000] {dagbag.py:545} INFO - Filling up the DagBag from /home/airflow/.local/lib/python3.12/site-packages/airflow/example_dags/example_trigger_target_dag.py
[2024-06-04T23:48:03.331+0000] {processor.py:840} INFO - DAG(s) 'example_trigger_target_dag' retrieved from /home/airflow/.local/lib/python3.12/site-packages/airflow/example_dags/example_trigger_target_dag.py
[2024-06-04T23:48:03.390+0000] {logging_mixin.py:188} INFO - [2024-06-04T23:48:03.389+0000] {dag.py:3096} INFO - Sync 1 DAGs
[2024-06-04T23:48:03.448+0000] {logging_mixin.py:188} INFO - [2024-06-04T23:48:03.448+0000] {dag.py:3954} INFO - Setting next_dagrun for example_trigger_target_dag to None, run_after=None
[2024-06-04T23:48:03.528+0000] {processor.py:183} INFO - Processing /home/airflow/.local/lib/python3.12/site-packages/airflow/example_dags/example_trigger_target_dag.py took 0.231 seconds
[2024-06-04T23:48:34.682+0000] {processor.py:161} INFO - Started process (PID=171869) to work on /home/airflow/.local/lib/python3.12/site-packages/airflow/example_dags/example_trigger_target_dag.py
[2024-06-04T23:48:34.696+0000] {processor.py:830} INFO - Processing file /home/airflow/.local/lib/python3.12/site-packages/airflow/example_dags/example_trigger_target_dag.py for tasks to queue
[2024-06-04T23:48:34.699+0000] {logging_mixin.py:188} INFO - [2024-06-04T23:48:34.698+0000] {dagbag.py:545} INFO - Filling up the DagBag from /home/airflow/.local/lib/python3.12/site-packages/airflow/example_dags/example_trigger_target_dag.py
[2024-06-04T23:48:34.718+0000] {processor.py:840} INFO - DAG(s) 'example_trigger_target_dag' retrieved from /home/airflow/.local/lib/python3.12/site-packages/airflow/example_dags/example_trigger_target_dag.py
[2024-06-04T23:48:34.754+0000] {logging_mixin.py:188} INFO - [2024-06-04T23:48:34.753+0000] {dag.py:3096} INFO - Sync 1 DAGs
[2024-06-04T23:48:34.778+0000] {logging_mixin.py:188} INFO - [2024-06-04T23:48:34.777+0000] {dag.py:3954} INFO - Setting next_dagrun for example_trigger_target_dag to None, run_after=None
[2024-06-04T23:48:34.833+0000] {processor.py:183} INFO - Processing /home/airflow/.local/lib/python3.12/site-packages/airflow/example_dags/example_trigger_target_dag.py took 0.165 seconds
[2024-06-04T23:49:05.699+0000] {processor.py:161} INFO - Started process (PID=172129) to work on /home/airflow/.local/lib/python3.12/site-packages/airflow/example_dags/example_trigger_target_dag.py
[2024-06-04T23:49:05.701+0000] {processor.py:830} INFO - Processing file /home/airflow/.local/lib/python3.12/site-packages/airflow/example_dags/example_trigger_target_dag.py for tasks to queue
[2024-06-04T23:49:05.713+0000] {logging_mixin.py:188} INFO - [2024-06-04T23:49:05.712+0000] {dagbag.py:545} INFO - Filling up the DagBag from /home/airflow/.local/lib/python3.12/site-packages/airflow/example_dags/example_trigger_target_dag.py
[2024-06-04T23:49:05.738+0000] {processor.py:840} INFO - DAG(s) 'example_trigger_target_dag' retrieved from /home/airflow/.local/lib/python3.12/site-packages/airflow/example_dags/example_trigger_target_dag.py
[2024-06-04T23:49:05.870+0000] {logging_mixin.py:188} INFO - [2024-06-04T23:49:05.864+0000] {dag.py:3096} INFO - Sync 1 DAGs
[2024-06-04T23:49:05.927+0000] {logging_mixin.py:188} INFO - [2024-06-04T23:49:05.927+0000] {dag.py:3954} INFO - Setting next_dagrun for example_trigger_target_dag to None, run_after=None
[2024-06-04T23:49:06.004+0000] {processor.py:183} INFO - Processing /home/airflow/.local/lib/python3.12/site-packages/airflow/example_dags/example_trigger_target_dag.py took 0.319 seconds
[2024-06-04T23:49:36.196+0000] {processor.py:161} INFO - Started process (PID=172390) to work on /home/airflow/.local/lib/python3.12/site-packages/airflow/example_dags/example_trigger_target_dag.py
[2024-06-04T23:49:36.198+0000] {processor.py:830} INFO - Processing file /home/airflow/.local/lib/python3.12/site-packages/airflow/example_dags/example_trigger_target_dag.py for tasks to queue
[2024-06-04T23:49:36.201+0000] {logging_mixin.py:188} INFO - [2024-06-04T23:49:36.200+0000] {dagbag.py:545} INFO - Filling up the DagBag from /home/airflow/.local/lib/python3.12/site-packages/airflow/example_dags/example_trigger_target_dag.py
[2024-06-04T23:49:36.212+0000] {processor.py:840} INFO - DAG(s) 'example_trigger_target_dag' retrieved from /home/airflow/.local/lib/python3.12/site-packages/airflow/example_dags/example_trigger_target_dag.py
[2024-06-04T23:49:36.249+0000] {logging_mixin.py:188} INFO - [2024-06-04T23:49:36.249+0000] {dag.py:3096} INFO - Sync 1 DAGs
[2024-06-04T23:49:36.278+0000] {logging_mixin.py:188} INFO - [2024-06-04T23:49:36.277+0000] {dag.py:3954} INFO - Setting next_dagrun for example_trigger_target_dag to None, run_after=None
[2024-06-04T23:49:36.319+0000] {processor.py:183} INFO - Processing /home/airflow/.local/lib/python3.12/site-packages/airflow/example_dags/example_trigger_target_dag.py took 0.138 seconds
[2024-06-04T23:50:06.971+0000] {processor.py:161} INFO - Started process (PID=172652) to work on /home/airflow/.local/lib/python3.12/site-packages/airflow/example_dags/example_trigger_target_dag.py
[2024-06-04T23:50:06.972+0000] {processor.py:830} INFO - Processing file /home/airflow/.local/lib/python3.12/site-packages/airflow/example_dags/example_trigger_target_dag.py for tasks to queue
[2024-06-04T23:50:06.975+0000] {logging_mixin.py:188} INFO - [2024-06-04T23:50:06.975+0000] {dagbag.py:545} INFO - Filling up the DagBag from /home/airflow/.local/lib/python3.12/site-packages/airflow/example_dags/example_trigger_target_dag.py
[2024-06-04T23:50:06.986+0000] {processor.py:840} INFO - DAG(s) 'example_trigger_target_dag' retrieved from /home/airflow/.local/lib/python3.12/site-packages/airflow/example_dags/example_trigger_target_dag.py
[2024-06-04T23:50:07.023+0000] {logging_mixin.py:188} INFO - [2024-06-04T23:50:07.022+0000] {dag.py:3096} INFO - Sync 1 DAGs
[2024-06-04T23:50:07.051+0000] {logging_mixin.py:188} INFO - [2024-06-04T23:50:07.051+0000] {dag.py:3954} INFO - Setting next_dagrun for example_trigger_target_dag to None, run_after=None
[2024-06-04T23:50:07.110+0000] {processor.py:183} INFO - Processing /home/airflow/.local/lib/python3.12/site-packages/airflow/example_dags/example_trigger_target_dag.py took 0.160 seconds
[2024-06-04T23:50:37.698+0000] {processor.py:161} INFO - Started process (PID=172914) to work on /home/airflow/.local/lib/python3.12/site-packages/airflow/example_dags/example_trigger_target_dag.py
[2024-06-04T23:50:37.701+0000] {processor.py:830} INFO - Processing file /home/airflow/.local/lib/python3.12/site-packages/airflow/example_dags/example_trigger_target_dag.py for tasks to queue
[2024-06-04T23:50:37.708+0000] {logging_mixin.py:188} INFO - [2024-06-04T23:50:37.707+0000] {dagbag.py:545} INFO - Filling up the DagBag from /home/airflow/.local/lib/python3.12/site-packages/airflow/example_dags/example_trigger_target_dag.py
[2024-06-04T23:50:37.720+0000] {processor.py:840} INFO - DAG(s) 'example_trigger_target_dag' retrieved from /home/airflow/.local/lib/python3.12/site-packages/airflow/example_dags/example_trigger_target_dag.py
[2024-06-04T23:50:37.762+0000] {logging_mixin.py:188} INFO - [2024-06-04T23:50:37.762+0000] {dag.py:3096} INFO - Sync 1 DAGs
[2024-06-04T23:50:37.795+0000] {logging_mixin.py:188} INFO - [2024-06-04T23:50:37.795+0000] {dag.py:3954} INFO - Setting next_dagrun for example_trigger_target_dag to None, run_after=None
[2024-06-04T23:50:37.844+0000] {processor.py:183} INFO - Processing /home/airflow/.local/lib/python3.12/site-packages/airflow/example_dags/example_trigger_target_dag.py took 0.159 seconds
[2024-06-04T23:51:08.565+0000] {processor.py:161} INFO - Started process (PID=173176) to work on /home/airflow/.local/lib/python3.12/site-packages/airflow/example_dags/example_trigger_target_dag.py
[2024-06-04T23:51:08.566+0000] {processor.py:830} INFO - Processing file /home/airflow/.local/lib/python3.12/site-packages/airflow/example_dags/example_trigger_target_dag.py for tasks to queue
[2024-06-04T23:51:08.570+0000] {logging_mixin.py:188} INFO - [2024-06-04T23:51:08.570+0000] {dagbag.py:545} INFO - Filling up the DagBag from /home/airflow/.local/lib/python3.12/site-packages/airflow/example_dags/example_trigger_target_dag.py
[2024-06-04T23:51:08.581+0000] {processor.py:840} INFO - DAG(s) 'example_trigger_target_dag' retrieved from /home/airflow/.local/lib/python3.12/site-packages/airflow/example_dags/example_trigger_target_dag.py
[2024-06-04T23:51:08.619+0000] {logging_mixin.py:188} INFO - [2024-06-04T23:51:08.618+0000] {dag.py:3096} INFO - Sync 1 DAGs
[2024-06-04T23:51:08.647+0000] {logging_mixin.py:188} INFO - [2024-06-04T23:51:08.646+0000] {dag.py:3954} INFO - Setting next_dagrun for example_trigger_target_dag to None, run_after=None
[2024-06-04T23:51:08.691+0000] {processor.py:183} INFO - Processing /home/airflow/.local/lib/python3.12/site-packages/airflow/example_dags/example_trigger_target_dag.py took 0.140 seconds
[2024-06-04T23:51:39.386+0000] {processor.py:161} INFO - Started process (PID=173441) to work on /home/airflow/.local/lib/python3.12/site-packages/airflow/example_dags/example_trigger_target_dag.py
[2024-06-04T23:51:39.388+0000] {processor.py:830} INFO - Processing file /home/airflow/.local/lib/python3.12/site-packages/airflow/example_dags/example_trigger_target_dag.py for tasks to queue
[2024-06-04T23:51:39.392+0000] {logging_mixin.py:188} INFO - [2024-06-04T23:51:39.391+0000] {dagbag.py:545} INFO - Filling up the DagBag from /home/airflow/.local/lib/python3.12/site-packages/airflow/example_dags/example_trigger_target_dag.py
[2024-06-04T23:51:39.404+0000] {processor.py:840} INFO - DAG(s) 'example_trigger_target_dag' retrieved from /home/airflow/.local/lib/python3.12/site-packages/airflow/example_dags/example_trigger_target_dag.py
[2024-06-04T23:51:39.450+0000] {logging_mixin.py:188} INFO - [2024-06-04T23:51:39.449+0000] {dag.py:3096} INFO - Sync 1 DAGs
[2024-06-04T23:51:39.481+0000] {logging_mixin.py:188} INFO - [2024-06-04T23:51:39.480+0000] {dag.py:3954} INFO - Setting next_dagrun for example_trigger_target_dag to None, run_after=None
[2024-06-04T23:51:39.530+0000] {processor.py:183} INFO - Processing /home/airflow/.local/lib/python3.12/site-packages/airflow/example_dags/example_trigger_target_dag.py took 0.155 seconds
[2024-06-04T23:52:09.784+0000] {processor.py:161} INFO - Started process (PID=173702) to work on /home/airflow/.local/lib/python3.12/site-packages/airflow/example_dags/example_trigger_target_dag.py
[2024-06-04T23:52:09.786+0000] {processor.py:830} INFO - Processing file /home/airflow/.local/lib/python3.12/site-packages/airflow/example_dags/example_trigger_target_dag.py for tasks to queue
[2024-06-04T23:52:09.791+0000] {logging_mixin.py:188} INFO - [2024-06-04T23:52:09.790+0000] {dagbag.py:545} INFO - Filling up the DagBag from /home/airflow/.local/lib/python3.12/site-packages/airflow/example_dags/example_trigger_target_dag.py
[2024-06-04T23:52:09.804+0000] {processor.py:840} INFO - DAG(s) 'example_trigger_target_dag' retrieved from /home/airflow/.local/lib/python3.12/site-packages/airflow/example_dags/example_trigger_target_dag.py
[2024-06-04T23:52:09.890+0000] {logging_mixin.py:188} INFO - [2024-06-04T23:52:09.890+0000] {dag.py:3096} INFO - Sync 1 DAGs
[2024-06-04T23:52:09.953+0000] {logging_mixin.py:188} INFO - [2024-06-04T23:52:09.952+0000] {dag.py:3954} INFO - Setting next_dagrun for example_trigger_target_dag to None, run_after=None
[2024-06-04T23:52:10.029+0000] {processor.py:183} INFO - Processing /home/airflow/.local/lib/python3.12/site-packages/airflow/example_dags/example_trigger_target_dag.py took 0.259 seconds
[2024-06-04T23:52:40.710+0000] {processor.py:161} INFO - Started process (PID=173962) to work on /home/airflow/.local/lib/python3.12/site-packages/airflow/example_dags/example_trigger_target_dag.py
[2024-06-04T23:52:40.714+0000] {processor.py:830} INFO - Processing file /home/airflow/.local/lib/python3.12/site-packages/airflow/example_dags/example_trigger_target_dag.py for tasks to queue
[2024-06-04T23:52:40.722+0000] {logging_mixin.py:188} INFO - [2024-06-04T23:52:40.717+0000] {dagbag.py:545} INFO - Filling up the DagBag from /home/airflow/.local/lib/python3.12/site-packages/airflow/example_dags/example_trigger_target_dag.py
[2024-06-04T23:52:40.740+0000] {processor.py:840} INFO - DAG(s) 'example_trigger_target_dag' retrieved from /home/airflow/.local/lib/python3.12/site-packages/airflow/example_dags/example_trigger_target_dag.py
[2024-06-04T23:52:40.795+0000] {logging_mixin.py:188} INFO - [2024-06-04T23:52:40.794+0000] {dag.py:3096} INFO - Sync 1 DAGs
[2024-06-04T23:52:40.829+0000] {logging_mixin.py:188} INFO - [2024-06-04T23:52:40.829+0000] {dag.py:3954} INFO - Setting next_dagrun for example_trigger_target_dag to None, run_after=None
[2024-06-04T23:52:40.881+0000] {processor.py:183} INFO - Processing /home/airflow/.local/lib/python3.12/site-packages/airflow/example_dags/example_trigger_target_dag.py took 0.204 seconds
[2024-06-04T23:53:11.263+0000] {processor.py:161} INFO - Started process (PID=174224) to work on /home/airflow/.local/lib/python3.12/site-packages/airflow/example_dags/example_trigger_target_dag.py
[2024-06-04T23:53:11.265+0000] {processor.py:830} INFO - Processing file /home/airflow/.local/lib/python3.12/site-packages/airflow/example_dags/example_trigger_target_dag.py for tasks to queue
[2024-06-04T23:53:11.269+0000] {logging_mixin.py:188} INFO - [2024-06-04T23:53:11.269+0000] {dagbag.py:545} INFO - Filling up the DagBag from /home/airflow/.local/lib/python3.12/site-packages/airflow/example_dags/example_trigger_target_dag.py
[2024-06-04T23:53:11.286+0000] {processor.py:840} INFO - DAG(s) 'example_trigger_target_dag' retrieved from /home/airflow/.local/lib/python3.12/site-packages/airflow/example_dags/example_trigger_target_dag.py
[2024-06-04T23:53:11.340+0000] {logging_mixin.py:188} INFO - [2024-06-04T23:53:11.340+0000] {dag.py:3096} INFO - Sync 1 DAGs
[2024-06-04T23:53:11.376+0000] {logging_mixin.py:188} INFO - [2024-06-04T23:53:11.376+0000] {dag.py:3954} INFO - Setting next_dagrun for example_trigger_target_dag to None, run_after=None
[2024-06-04T23:53:11.461+0000] {processor.py:183} INFO - Processing /home/airflow/.local/lib/python3.12/site-packages/airflow/example_dags/example_trigger_target_dag.py took 0.214 seconds
[2024-06-04T23:53:42.337+0000] {processor.py:161} INFO - Started process (PID=174487) to work on /home/airflow/.local/lib/python3.12/site-packages/airflow/example_dags/example_trigger_target_dag.py
[2024-06-04T23:53:42.345+0000] {processor.py:830} INFO - Processing file /home/airflow/.local/lib/python3.12/site-packages/airflow/example_dags/example_trigger_target_dag.py for tasks to queue
[2024-06-04T23:53:42.349+0000] {logging_mixin.py:188} INFO - [2024-06-04T23:53:42.349+0000] {dagbag.py:545} INFO - Filling up the DagBag from /home/airflow/.local/lib/python3.12/site-packages/airflow/example_dags/example_trigger_target_dag.py
[2024-06-04T23:53:42.374+0000] {processor.py:840} INFO - DAG(s) 'example_trigger_target_dag' retrieved from /home/airflow/.local/lib/python3.12/site-packages/airflow/example_dags/example_trigger_target_dag.py
[2024-06-04T23:53:42.477+0000] {logging_mixin.py:188} INFO - [2024-06-04T23:53:42.477+0000] {dag.py:3096} INFO - Sync 1 DAGs
[2024-06-04T23:53:42.547+0000] {logging_mixin.py:188} INFO - [2024-06-04T23:53:42.546+0000] {dag.py:3954} INFO - Setting next_dagrun for example_trigger_target_dag to None, run_after=None
[2024-06-04T23:53:42.631+0000] {processor.py:183} INFO - Processing /home/airflow/.local/lib/python3.12/site-packages/airflow/example_dags/example_trigger_target_dag.py took 0.384 seconds
[2024-06-04T23:54:13.121+0000] {processor.py:161} INFO - Started process (PID=174747) to work on /home/airflow/.local/lib/python3.12/site-packages/airflow/example_dags/example_trigger_target_dag.py
[2024-06-04T23:54:13.123+0000] {processor.py:830} INFO - Processing file /home/airflow/.local/lib/python3.12/site-packages/airflow/example_dags/example_trigger_target_dag.py for tasks to queue
[2024-06-04T23:54:13.127+0000] {logging_mixin.py:188} INFO - [2024-06-04T23:54:13.126+0000] {dagbag.py:545} INFO - Filling up the DagBag from /home/airflow/.local/lib/python3.12/site-packages/airflow/example_dags/example_trigger_target_dag.py
[2024-06-04T23:54:13.141+0000] {processor.py:840} INFO - DAG(s) 'example_trigger_target_dag' retrieved from /home/airflow/.local/lib/python3.12/site-packages/airflow/example_dags/example_trigger_target_dag.py
[2024-06-04T23:54:13.188+0000] {logging_mixin.py:188} INFO - [2024-06-04T23:54:13.187+0000] {dag.py:3096} INFO - Sync 1 DAGs
[2024-06-04T23:54:13.223+0000] {logging_mixin.py:188} INFO - [2024-06-04T23:54:13.223+0000] {dag.py:3954} INFO - Setting next_dagrun for example_trigger_target_dag to None, run_after=None
[2024-06-04T23:54:13.269+0000] {processor.py:183} INFO - Processing /home/airflow/.local/lib/python3.12/site-packages/airflow/example_dags/example_trigger_target_dag.py took 0.163 seconds
[2024-06-04T23:54:44.050+0000] {processor.py:161} INFO - Started process (PID=175010) to work on /home/airflow/.local/lib/python3.12/site-packages/airflow/example_dags/example_trigger_target_dag.py
[2024-06-04T23:54:44.051+0000] {processor.py:830} INFO - Processing file /home/airflow/.local/lib/python3.12/site-packages/airflow/example_dags/example_trigger_target_dag.py for tasks to queue
[2024-06-04T23:54:44.069+0000] {logging_mixin.py:188} INFO - [2024-06-04T23:54:44.068+0000] {dagbag.py:545} INFO - Filling up the DagBag from /home/airflow/.local/lib/python3.12/site-packages/airflow/example_dags/example_trigger_target_dag.py
[2024-06-04T23:54:44.092+0000] {processor.py:840} INFO - DAG(s) 'example_trigger_target_dag' retrieved from /home/airflow/.local/lib/python3.12/site-packages/airflow/example_dags/example_trigger_target_dag.py
[2024-06-04T23:54:44.179+0000] {logging_mixin.py:188} INFO - [2024-06-04T23:54:44.179+0000] {dag.py:3096} INFO - Sync 1 DAGs
[2024-06-04T23:54:44.237+0000] {logging_mixin.py:188} INFO - [2024-06-04T23:54:44.236+0000] {dag.py:3954} INFO - Setting next_dagrun for example_trigger_target_dag to None, run_after=None
[2024-06-04T23:54:44.340+0000] {processor.py:183} INFO - Processing /home/airflow/.local/lib/python3.12/site-packages/airflow/example_dags/example_trigger_target_dag.py took 0.310 seconds
[2024-06-04T23:55:14.637+0000] {processor.py:161} INFO - Started process (PID=175273) to work on /home/airflow/.local/lib/python3.12/site-packages/airflow/example_dags/example_trigger_target_dag.py
[2024-06-04T23:55:14.644+0000] {processor.py:830} INFO - Processing file /home/airflow/.local/lib/python3.12/site-packages/airflow/example_dags/example_trigger_target_dag.py for tasks to queue
[2024-06-04T23:55:14.660+0000] {logging_mixin.py:188} INFO - [2024-06-04T23:55:14.647+0000] {dagbag.py:545} INFO - Filling up the DagBag from /home/airflow/.local/lib/python3.12/site-packages/airflow/example_dags/example_trigger_target_dag.py
[2024-06-04T23:55:14.709+0000] {processor.py:840} INFO - DAG(s) 'example_trigger_target_dag' retrieved from /home/airflow/.local/lib/python3.12/site-packages/airflow/example_dags/example_trigger_target_dag.py
[2024-06-04T23:55:14.771+0000] {logging_mixin.py:188} INFO - [2024-06-04T23:55:14.770+0000] {dag.py:3096} INFO - Sync 1 DAGs
[2024-06-04T23:55:14.805+0000] {logging_mixin.py:188} INFO - [2024-06-04T23:55:14.805+0000] {dag.py:3954} INFO - Setting next_dagrun for example_trigger_target_dag to None, run_after=None
[2024-06-04T23:55:14.853+0000] {processor.py:183} INFO - Processing /home/airflow/.local/lib/python3.12/site-packages/airflow/example_dags/example_trigger_target_dag.py took 0.273 seconds
[2024-06-04T23:55:45.551+0000] {processor.py:161} INFO - Started process (PID=175535) to work on /home/airflow/.local/lib/python3.12/site-packages/airflow/example_dags/example_trigger_target_dag.py
[2024-06-04T23:55:45.553+0000] {processor.py:830} INFO - Processing file /home/airflow/.local/lib/python3.12/site-packages/airflow/example_dags/example_trigger_target_dag.py for tasks to queue
[2024-06-04T23:55:45.559+0000] {logging_mixin.py:188} INFO - [2024-06-04T23:55:45.558+0000] {dagbag.py:545} INFO - Filling up the DagBag from /home/airflow/.local/lib/python3.12/site-packages/airflow/example_dags/example_trigger_target_dag.py
[2024-06-04T23:55:45.573+0000] {processor.py:840} INFO - DAG(s) 'example_trigger_target_dag' retrieved from /home/airflow/.local/lib/python3.12/site-packages/airflow/example_dags/example_trigger_target_dag.py
[2024-06-04T23:55:45.620+0000] {logging_mixin.py:188} INFO - [2024-06-04T23:55:45.620+0000] {dag.py:3096} INFO - Sync 1 DAGs
[2024-06-04T23:55:45.655+0000] {logging_mixin.py:188} INFO - [2024-06-04T23:55:45.655+0000] {dag.py:3954} INFO - Setting next_dagrun for example_trigger_target_dag to None, run_after=None
[2024-06-04T23:55:45.719+0000] {processor.py:183} INFO - Processing /home/airflow/.local/lib/python3.12/site-packages/airflow/example_dags/example_trigger_target_dag.py took 0.183 seconds
[2024-06-04T23:56:15.858+0000] {processor.py:161} INFO - Started process (PID=175797) to work on /home/airflow/.local/lib/python3.12/site-packages/airflow/example_dags/example_trigger_target_dag.py
[2024-06-04T23:56:15.871+0000] {processor.py:830} INFO - Processing file /home/airflow/.local/lib/python3.12/site-packages/airflow/example_dags/example_trigger_target_dag.py for tasks to queue
[2024-06-04T23:56:15.875+0000] {logging_mixin.py:188} INFO - [2024-06-04T23:56:15.874+0000] {dagbag.py:545} INFO - Filling up the DagBag from /home/airflow/.local/lib/python3.12/site-packages/airflow/example_dags/example_trigger_target_dag.py
[2024-06-04T23:56:15.887+0000] {processor.py:840} INFO - DAG(s) 'example_trigger_target_dag' retrieved from /home/airflow/.local/lib/python3.12/site-packages/airflow/example_dags/example_trigger_target_dag.py
[2024-06-04T23:56:15.936+0000] {logging_mixin.py:188} INFO - [2024-06-04T23:56:15.935+0000] {dag.py:3096} INFO - Sync 1 DAGs
[2024-06-04T23:56:15.972+0000] {logging_mixin.py:188} INFO - [2024-06-04T23:56:15.971+0000] {dag.py:3954} INFO - Setting next_dagrun for example_trigger_target_dag to None, run_after=None
[2024-06-04T23:56:16.019+0000] {processor.py:183} INFO - Processing /home/airflow/.local/lib/python3.12/site-packages/airflow/example_dags/example_trigger_target_dag.py took 0.180 seconds
[2024-06-04T23:56:46.322+0000] {processor.py:161} INFO - Started process (PID=176059) to work on /home/airflow/.local/lib/python3.12/site-packages/airflow/example_dags/example_trigger_target_dag.py
[2024-06-04T23:56:46.323+0000] {processor.py:830} INFO - Processing file /home/airflow/.local/lib/python3.12/site-packages/airflow/example_dags/example_trigger_target_dag.py for tasks to queue
[2024-06-04T23:56:46.327+0000] {logging_mixin.py:188} INFO - [2024-06-04T23:56:46.326+0000] {dagbag.py:545} INFO - Filling up the DagBag from /home/airflow/.local/lib/python3.12/site-packages/airflow/example_dags/example_trigger_target_dag.py
[2024-06-04T23:56:46.341+0000] {processor.py:840} INFO - DAG(s) 'example_trigger_target_dag' retrieved from /home/airflow/.local/lib/python3.12/site-packages/airflow/example_dags/example_trigger_target_dag.py
[2024-06-04T23:56:46.419+0000] {logging_mixin.py:188} INFO - [2024-06-04T23:56:46.419+0000] {dag.py:3096} INFO - Sync 1 DAGs
[2024-06-04T23:56:46.457+0000] {logging_mixin.py:188} INFO - [2024-06-04T23:56:46.456+0000] {dag.py:3954} INFO - Setting next_dagrun for example_trigger_target_dag to None, run_after=None
[2024-06-04T23:56:46.510+0000] {processor.py:183} INFO - Processing /home/airflow/.local/lib/python3.12/site-packages/airflow/example_dags/example_trigger_target_dag.py took 0.203 seconds
[2024-06-04T23:57:17.158+0000] {processor.py:161} INFO - Started process (PID=176320) to work on /home/airflow/.local/lib/python3.12/site-packages/airflow/example_dags/example_trigger_target_dag.py
[2024-06-04T23:57:17.161+0000] {processor.py:830} INFO - Processing file /home/airflow/.local/lib/python3.12/site-packages/airflow/example_dags/example_trigger_target_dag.py for tasks to queue
[2024-06-04T23:57:17.165+0000] {logging_mixin.py:188} INFO - [2024-06-04T23:57:17.164+0000] {dagbag.py:545} INFO - Filling up the DagBag from /home/airflow/.local/lib/python3.12/site-packages/airflow/example_dags/example_trigger_target_dag.py
[2024-06-04T23:57:17.180+0000] {processor.py:840} INFO - DAG(s) 'example_trigger_target_dag' retrieved from /home/airflow/.local/lib/python3.12/site-packages/airflow/example_dags/example_trigger_target_dag.py
[2024-06-04T23:57:17.234+0000] {logging_mixin.py:188} INFO - [2024-06-04T23:57:17.234+0000] {dag.py:3096} INFO - Sync 1 DAGs
[2024-06-04T23:57:17.269+0000] {logging_mixin.py:188} INFO - [2024-06-04T23:57:17.268+0000] {dag.py:3954} INFO - Setting next_dagrun for example_trigger_target_dag to None, run_after=None
[2024-06-04T23:57:17.318+0000] {processor.py:183} INFO - Processing /home/airflow/.local/lib/python3.12/site-packages/airflow/example_dags/example_trigger_target_dag.py took 0.175 seconds
[2024-06-04T23:57:47.432+0000] {processor.py:161} INFO - Started process (PID=176581) to work on /home/airflow/.local/lib/python3.12/site-packages/airflow/example_dags/example_trigger_target_dag.py
[2024-06-04T23:57:47.437+0000] {processor.py:830} INFO - Processing file /home/airflow/.local/lib/python3.12/site-packages/airflow/example_dags/example_trigger_target_dag.py for tasks to queue
[2024-06-04T23:57:47.441+0000] {logging_mixin.py:188} INFO - [2024-06-04T23:57:47.440+0000] {dagbag.py:545} INFO - Filling up the DagBag from /home/airflow/.local/lib/python3.12/site-packages/airflow/example_dags/example_trigger_target_dag.py
[2024-06-04T23:57:47.454+0000] {processor.py:840} INFO - DAG(s) 'example_trigger_target_dag' retrieved from /home/airflow/.local/lib/python3.12/site-packages/airflow/example_dags/example_trigger_target_dag.py
[2024-06-04T23:57:47.507+0000] {logging_mixin.py:188} INFO - [2024-06-04T23:57:47.506+0000] {dag.py:3096} INFO - Sync 1 DAGs
[2024-06-04T23:57:47.558+0000] {logging_mixin.py:188} INFO - [2024-06-04T23:57:47.557+0000] {dag.py:3954} INFO - Setting next_dagrun for example_trigger_target_dag to None, run_after=None
[2024-06-04T23:57:47.655+0000] {processor.py:183} INFO - Processing /home/airflow/.local/lib/python3.12/site-packages/airflow/example_dags/example_trigger_target_dag.py took 0.248 seconds
[2024-06-04T23:58:18.536+0000] {processor.py:161} INFO - Started process (PID=176844) to work on /home/airflow/.local/lib/python3.12/site-packages/airflow/example_dags/example_trigger_target_dag.py
[2024-06-04T23:58:18.538+0000] {processor.py:830} INFO - Processing file /home/airflow/.local/lib/python3.12/site-packages/airflow/example_dags/example_trigger_target_dag.py for tasks to queue
[2024-06-04T23:58:18.541+0000] {logging_mixin.py:188} INFO - [2024-06-04T23:58:18.540+0000] {dagbag.py:545} INFO - Filling up the DagBag from /home/airflow/.local/lib/python3.12/site-packages/airflow/example_dags/example_trigger_target_dag.py
[2024-06-04T23:58:18.552+0000] {processor.py:840} INFO - DAG(s) 'example_trigger_target_dag' retrieved from /home/airflow/.local/lib/python3.12/site-packages/airflow/example_dags/example_trigger_target_dag.py
[2024-06-04T23:58:18.609+0000] {logging_mixin.py:188} INFO - [2024-06-04T23:58:18.609+0000] {dag.py:3096} INFO - Sync 1 DAGs
[2024-06-04T23:58:18.650+0000] {logging_mixin.py:188} INFO - [2024-06-04T23:58:18.650+0000] {dag.py:3954} INFO - Setting next_dagrun for example_trigger_target_dag to None, run_after=None
[2024-06-04T23:58:18.694+0000] {processor.py:183} INFO - Processing /home/airflow/.local/lib/python3.12/site-packages/airflow/example_dags/example_trigger_target_dag.py took 0.172 seconds
[2024-06-04T23:58:49.418+0000] {processor.py:161} INFO - Started process (PID=177105) to work on /home/airflow/.local/lib/python3.12/site-packages/airflow/example_dags/example_trigger_target_dag.py
[2024-06-04T23:58:49.425+0000] {processor.py:830} INFO - Processing file /home/airflow/.local/lib/python3.12/site-packages/airflow/example_dags/example_trigger_target_dag.py for tasks to queue
[2024-06-04T23:58:49.429+0000] {logging_mixin.py:188} INFO - [2024-06-04T23:58:49.428+0000] {dagbag.py:545} INFO - Filling up the DagBag from /home/airflow/.local/lib/python3.12/site-packages/airflow/example_dags/example_trigger_target_dag.py
[2024-06-04T23:58:49.457+0000] {processor.py:840} INFO - DAG(s) 'example_trigger_target_dag' retrieved from /home/airflow/.local/lib/python3.12/site-packages/airflow/example_dags/example_trigger_target_dag.py
[2024-06-04T23:58:49.515+0000] {logging_mixin.py:188} INFO - [2024-06-04T23:58:49.515+0000] {dag.py:3096} INFO - Sync 1 DAGs
[2024-06-04T23:58:49.562+0000] {logging_mixin.py:188} INFO - [2024-06-04T23:58:49.562+0000] {dag.py:3954} INFO - Setting next_dagrun for example_trigger_target_dag to None, run_after=None
[2024-06-04T23:58:49.605+0000] {processor.py:183} INFO - Processing /home/airflow/.local/lib/python3.12/site-packages/airflow/example_dags/example_trigger_target_dag.py took 0.202 seconds
[2024-06-04T23:59:20.495+0000] {processor.py:161} INFO - Started process (PID=177366) to work on /home/airflow/.local/lib/python3.12/site-packages/airflow/example_dags/example_trigger_target_dag.py
[2024-06-04T23:59:20.497+0000] {processor.py:830} INFO - Processing file /home/airflow/.local/lib/python3.12/site-packages/airflow/example_dags/example_trigger_target_dag.py for tasks to queue
[2024-06-04T23:59:20.501+0000] {logging_mixin.py:188} INFO - [2024-06-04T23:59:20.500+0000] {dagbag.py:545} INFO - Filling up the DagBag from /home/airflow/.local/lib/python3.12/site-packages/airflow/example_dags/example_trigger_target_dag.py
[2024-06-04T23:59:20.515+0000] {processor.py:840} INFO - DAG(s) 'example_trigger_target_dag' retrieved from /home/airflow/.local/lib/python3.12/site-packages/airflow/example_dags/example_trigger_target_dag.py
[2024-06-04T23:59:20.557+0000] {logging_mixin.py:188} INFO - [2024-06-04T23:59:20.556+0000] {dag.py:3096} INFO - Sync 1 DAGs
[2024-06-04T23:59:20.581+0000] {logging_mixin.py:188} INFO - [2024-06-04T23:59:20.580+0000] {dag.py:3954} INFO - Setting next_dagrun for example_trigger_target_dag to None, run_after=None
[2024-06-04T23:59:20.629+0000] {processor.py:183} INFO - Processing /home/airflow/.local/lib/python3.12/site-packages/airflow/example_dags/example_trigger_target_dag.py took 0.148 seconds
[2024-06-04T23:59:51.196+0000] {processor.py:161} INFO - Started process (PID=177628) to work on /home/airflow/.local/lib/python3.12/site-packages/airflow/example_dags/example_trigger_target_dag.py
[2024-06-04T23:59:51.198+0000] {processor.py:830} INFO - Processing file /home/airflow/.local/lib/python3.12/site-packages/airflow/example_dags/example_trigger_target_dag.py for tasks to queue
[2024-06-04T23:59:51.202+0000] {logging_mixin.py:188} INFO - [2024-06-04T23:59:51.201+0000] {dagbag.py:545} INFO - Filling up the DagBag from /home/airflow/.local/lib/python3.12/site-packages/airflow/example_dags/example_trigger_target_dag.py
[2024-06-04T23:59:51.213+0000] {processor.py:840} INFO - DAG(s) 'example_trigger_target_dag' retrieved from /home/airflow/.local/lib/python3.12/site-packages/airflow/example_dags/example_trigger_target_dag.py
[2024-06-04T23:59:51.245+0000] {logging_mixin.py:188} INFO - [2024-06-04T23:59:51.244+0000] {dag.py:3096} INFO - Sync 1 DAGs
[2024-06-04T23:59:51.272+0000] {logging_mixin.py:188} INFO - [2024-06-04T23:59:51.271+0000] {dag.py:3954} INFO - Setting next_dagrun for example_trigger_target_dag to None, run_after=None
[2024-06-04T23:59:51.316+0000] {processor.py:183} INFO - Processing /home/airflow/.local/lib/python3.12/site-packages/airflow/example_dags/example_trigger_target_dag.py took 0.132 seconds
