[2024-06-04T23:44:04.477+0000] {processor.py:161} INFO - Started process (PID=169617) to work on /home/airflow/.local/lib/python3.12/site-packages/airflow/example_dags/example_branch_labels.py
[2024-06-04T23:44:04.482+0000] {processor.py:830} INFO - Processing file /home/airflow/.local/lib/python3.12/site-packages/airflow/example_dags/example_branch_labels.py for tasks to queue
[2024-06-04T23:44:04.493+0000] {logging_mixin.py:188} INFO - [2024-06-04T23:44:04.493+0000] {dagbag.py:545} INFO - Filling up the DagBag from /home/airflow/.local/lib/python3.12/site-packages/airflow/example_dags/example_branch_labels.py
[2024-06-04T23:44:04.525+0000] {processor.py:840} INFO - DAG(s) 'example_branch_labels' retrieved from /home/airflow/.local/lib/python3.12/site-packages/airflow/example_dags/example_branch_labels.py
[2024-06-04T23:44:04.682+0000] {logging_mixin.py:188} INFO - [2024-06-04T23:44:04.682+0000] {dag.py:3096} INFO - Sync 1 DAGs
[2024-06-04T23:44:04.888+0000] {logging_mixin.py:188} INFO - [2024-06-04T23:44:04.888+0000] {dag.py:3954} INFO - Setting next_dagrun for example_branch_labels to 2024-06-03 00:00:00+00:00, run_after=2024-06-04 00:00:00+00:00
[2024-06-04T23:44:05.593+0000] {processor.py:183} INFO - Processing /home/airflow/.local/lib/python3.12/site-packages/airflow/example_dags/example_branch_labels.py took 1.138 seconds
[2024-06-04T23:44:36.623+0000] {processor.py:161} INFO - Started process (PID=169879) to work on /home/airflow/.local/lib/python3.12/site-packages/airflow/example_dags/example_branch_labels.py
[2024-06-04T23:44:36.634+0000] {processor.py:830} INFO - Processing file /home/airflow/.local/lib/python3.12/site-packages/airflow/example_dags/example_branch_labels.py for tasks to queue
[2024-06-04T23:44:36.640+0000] {logging_mixin.py:188} INFO - [2024-06-04T23:44:36.640+0000] {dagbag.py:545} INFO - Filling up the DagBag from /home/airflow/.local/lib/python3.12/site-packages/airflow/example_dags/example_branch_labels.py
[2024-06-04T23:44:36.722+0000] {processor.py:840} INFO - DAG(s) 'example_branch_labels' retrieved from /home/airflow/.local/lib/python3.12/site-packages/airflow/example_dags/example_branch_labels.py
[2024-06-04T23:44:36.879+0000] {logging_mixin.py:188} INFO - [2024-06-04T23:44:36.879+0000] {dag.py:3096} INFO - Sync 1 DAGs
[2024-06-04T23:44:37.080+0000] {logging_mixin.py:188} INFO - [2024-06-04T23:44:37.080+0000] {dag.py:3954} INFO - Setting next_dagrun for example_branch_labels to 2024-06-03 00:00:00+00:00, run_after=2024-06-04 00:00:00+00:00
[2024-06-04T23:44:37.192+0000] {processor.py:183} INFO - Processing /home/airflow/.local/lib/python3.12/site-packages/airflow/example_dags/example_branch_labels.py took 0.653 seconds
[2024-06-04T23:45:07.735+0000] {processor.py:161} INFO - Started process (PID=170138) to work on /home/airflow/.local/lib/python3.12/site-packages/airflow/example_dags/example_branch_labels.py
[2024-06-04T23:45:07.738+0000] {processor.py:830} INFO - Processing file /home/airflow/.local/lib/python3.12/site-packages/airflow/example_dags/example_branch_labels.py for tasks to queue
[2024-06-04T23:45:07.743+0000] {logging_mixin.py:188} INFO - [2024-06-04T23:45:07.742+0000] {dagbag.py:545} INFO - Filling up the DagBag from /home/airflow/.local/lib/python3.12/site-packages/airflow/example_dags/example_branch_labels.py
[2024-06-04T23:45:07.767+0000] {processor.py:840} INFO - DAG(s) 'example_branch_labels' retrieved from /home/airflow/.local/lib/python3.12/site-packages/airflow/example_dags/example_branch_labels.py
[2024-06-04T23:45:07.822+0000] {logging_mixin.py:188} INFO - [2024-06-04T23:45:07.822+0000] {dag.py:3096} INFO - Sync 1 DAGs
[2024-06-04T23:45:07.876+0000] {logging_mixin.py:188} INFO - [2024-06-04T23:45:07.875+0000] {dag.py:3954} INFO - Setting next_dagrun for example_branch_labels to 2024-06-03 00:00:00+00:00, run_after=2024-06-04 00:00:00+00:00
[2024-06-04T23:45:07.925+0000] {processor.py:183} INFO - Processing /home/airflow/.local/lib/python3.12/site-packages/airflow/example_dags/example_branch_labels.py took 0.206 seconds
[2024-06-04T23:45:37.998+0000] {processor.py:161} INFO - Started process (PID=170400) to work on /home/airflow/.local/lib/python3.12/site-packages/airflow/example_dags/example_branch_labels.py
[2024-06-04T23:45:38.000+0000] {processor.py:830} INFO - Processing file /home/airflow/.local/lib/python3.12/site-packages/airflow/example_dags/example_branch_labels.py for tasks to queue
[2024-06-04T23:45:38.003+0000] {logging_mixin.py:188} INFO - [2024-06-04T23:45:38.003+0000] {dagbag.py:545} INFO - Filling up the DagBag from /home/airflow/.local/lib/python3.12/site-packages/airflow/example_dags/example_branch_labels.py
[2024-06-04T23:45:38.019+0000] {processor.py:840} INFO - DAG(s) 'example_branch_labels' retrieved from /home/airflow/.local/lib/python3.12/site-packages/airflow/example_dags/example_branch_labels.py
[2024-06-04T23:45:38.062+0000] {logging_mixin.py:188} INFO - [2024-06-04T23:45:38.062+0000] {dag.py:3096} INFO - Sync 1 DAGs
[2024-06-04T23:45:38.115+0000] {logging_mixin.py:188} INFO - [2024-06-04T23:45:38.115+0000] {dag.py:3954} INFO - Setting next_dagrun for example_branch_labels to 2024-06-03 00:00:00+00:00, run_after=2024-06-04 00:00:00+00:00
[2024-06-04T23:45:38.240+0000] {processor.py:183} INFO - Processing /home/airflow/.local/lib/python3.12/site-packages/airflow/example_dags/example_branch_labels.py took 0.254 seconds
[2024-06-04T23:46:10.489+0000] {processor.py:161} INFO - Started process (PID=170662) to work on /home/airflow/.local/lib/python3.12/site-packages/airflow/example_dags/example_branch_labels.py
[2024-06-04T23:46:10.491+0000] {processor.py:830} INFO - Processing file /home/airflow/.local/lib/python3.12/site-packages/airflow/example_dags/example_branch_labels.py for tasks to queue
[2024-06-04T23:46:10.496+0000] {logging_mixin.py:188} INFO - [2024-06-04T23:46:10.495+0000] {dagbag.py:545} INFO - Filling up the DagBag from /home/airflow/.local/lib/python3.12/site-packages/airflow/example_dags/example_branch_labels.py
[2024-06-04T23:46:10.533+0000] {processor.py:840} INFO - DAG(s) 'example_branch_labels' retrieved from /home/airflow/.local/lib/python3.12/site-packages/airflow/example_dags/example_branch_labels.py
[2024-06-04T23:46:10.613+0000] {logging_mixin.py:188} INFO - [2024-06-04T23:46:10.612+0000] {dag.py:3096} INFO - Sync 1 DAGs
[2024-06-04T23:46:10.769+0000] {logging_mixin.py:188} INFO - [2024-06-04T23:46:10.768+0000] {dag.py:3954} INFO - Setting next_dagrun for example_branch_labels to 2024-06-03 00:00:00+00:00, run_after=2024-06-04 00:00:00+00:00
[2024-06-04T23:46:10.850+0000] {processor.py:183} INFO - Processing /home/airflow/.local/lib/python3.12/site-packages/airflow/example_dags/example_branch_labels.py took 0.385 seconds
[2024-06-04T23:46:41.306+0000] {processor.py:161} INFO - Started process (PID=170922) to work on /home/airflow/.local/lib/python3.12/site-packages/airflow/example_dags/example_branch_labels.py
[2024-06-04T23:46:41.324+0000] {processor.py:830} INFO - Processing file /home/airflow/.local/lib/python3.12/site-packages/airflow/example_dags/example_branch_labels.py for tasks to queue
[2024-06-04T23:46:41.328+0000] {logging_mixin.py:188} INFO - [2024-06-04T23:46:41.327+0000] {dagbag.py:545} INFO - Filling up the DagBag from /home/airflow/.local/lib/python3.12/site-packages/airflow/example_dags/example_branch_labels.py
[2024-06-04T23:46:41.352+0000] {processor.py:840} INFO - DAG(s) 'example_branch_labels' retrieved from /home/airflow/.local/lib/python3.12/site-packages/airflow/example_dags/example_branch_labels.py
[2024-06-04T23:46:41.399+0000] {logging_mixin.py:188} INFO - [2024-06-04T23:46:41.399+0000] {dag.py:3096} INFO - Sync 1 DAGs
[2024-06-04T23:46:41.454+0000] {logging_mixin.py:188} INFO - [2024-06-04T23:46:41.453+0000] {dag.py:3954} INFO - Setting next_dagrun for example_branch_labels to 2024-06-03 00:00:00+00:00, run_after=2024-06-04 00:00:00+00:00
[2024-06-04T23:46:41.514+0000] {processor.py:183} INFO - Processing /home/airflow/.local/lib/python3.12/site-packages/airflow/example_dags/example_branch_labels.py took 0.219 seconds
[2024-06-04T23:47:12.217+0000] {processor.py:161} INFO - Started process (PID=171183) to work on /home/airflow/.local/lib/python3.12/site-packages/airflow/example_dags/example_branch_labels.py
[2024-06-04T23:47:12.232+0000] {processor.py:830} INFO - Processing file /home/airflow/.local/lib/python3.12/site-packages/airflow/example_dags/example_branch_labels.py for tasks to queue
[2024-06-04T23:47:12.235+0000] {logging_mixin.py:188} INFO - [2024-06-04T23:47:12.234+0000] {dagbag.py:545} INFO - Filling up the DagBag from /home/airflow/.local/lib/python3.12/site-packages/airflow/example_dags/example_branch_labels.py
[2024-06-04T23:47:12.274+0000] {processor.py:840} INFO - DAG(s) 'example_branch_labels' retrieved from /home/airflow/.local/lib/python3.12/site-packages/airflow/example_dags/example_branch_labels.py
[2024-06-04T23:47:12.340+0000] {logging_mixin.py:188} INFO - [2024-06-04T23:47:12.339+0000] {dag.py:3096} INFO - Sync 1 DAGs
[2024-06-04T23:47:12.461+0000] {logging_mixin.py:188} INFO - [2024-06-04T23:47:12.460+0000] {dag.py:3954} INFO - Setting next_dagrun for example_branch_labels to 2024-06-03 00:00:00+00:00, run_after=2024-06-04 00:00:00+00:00
[2024-06-04T23:47:12.581+0000] {processor.py:183} INFO - Processing /home/airflow/.local/lib/python3.12/site-packages/airflow/example_dags/example_branch_labels.py took 0.413 seconds
[2024-06-04T23:47:42.752+0000] {processor.py:161} INFO - Started process (PID=171446) to work on /home/airflow/.local/lib/python3.12/site-packages/airflow/example_dags/example_branch_labels.py
[2024-06-04T23:47:42.753+0000] {processor.py:830} INFO - Processing file /home/airflow/.local/lib/python3.12/site-packages/airflow/example_dags/example_branch_labels.py for tasks to queue
[2024-06-04T23:47:42.756+0000] {logging_mixin.py:188} INFO - [2024-06-04T23:47:42.755+0000] {dagbag.py:545} INFO - Filling up the DagBag from /home/airflow/.local/lib/python3.12/site-packages/airflow/example_dags/example_branch_labels.py
[2024-06-04T23:47:42.769+0000] {processor.py:840} INFO - DAG(s) 'example_branch_labels' retrieved from /home/airflow/.local/lib/python3.12/site-packages/airflow/example_dags/example_branch_labels.py
[2024-06-04T23:47:42.804+0000] {logging_mixin.py:188} INFO - [2024-06-04T23:47:42.804+0000] {dag.py:3096} INFO - Sync 1 DAGs
[2024-06-04T23:47:42.845+0000] {logging_mixin.py:188} INFO - [2024-06-04T23:47:42.845+0000] {dag.py:3954} INFO - Setting next_dagrun for example_branch_labels to 2024-06-03 00:00:00+00:00, run_after=2024-06-04 00:00:00+00:00
[2024-06-04T23:47:42.883+0000] {processor.py:183} INFO - Processing /home/airflow/.local/lib/python3.12/site-packages/airflow/example_dags/example_branch_labels.py took 0.141 seconds
[2024-06-04T23:48:13.691+0000] {processor.py:161} INFO - Started process (PID=171708) to work on /home/airflow/.local/lib/python3.12/site-packages/airflow/example_dags/example_branch_labels.py
[2024-06-04T23:48:13.693+0000] {processor.py:830} INFO - Processing file /home/airflow/.local/lib/python3.12/site-packages/airflow/example_dags/example_branch_labels.py for tasks to queue
[2024-06-04T23:48:13.697+0000] {logging_mixin.py:188} INFO - [2024-06-04T23:48:13.696+0000] {dagbag.py:545} INFO - Filling up the DagBag from /home/airflow/.local/lib/python3.12/site-packages/airflow/example_dags/example_branch_labels.py
[2024-06-04T23:48:13.714+0000] {processor.py:840} INFO - DAG(s) 'example_branch_labels' retrieved from /home/airflow/.local/lib/python3.12/site-packages/airflow/example_dags/example_branch_labels.py
[2024-06-04T23:48:13.774+0000] {logging_mixin.py:188} INFO - [2024-06-04T23:48:13.774+0000] {dag.py:3096} INFO - Sync 1 DAGs
[2024-06-04T23:48:13.830+0000] {logging_mixin.py:188} INFO - [2024-06-04T23:48:13.829+0000] {dag.py:3954} INFO - Setting next_dagrun for example_branch_labels to 2024-06-03 00:00:00+00:00, run_after=2024-06-04 00:00:00+00:00
[2024-06-04T23:48:13.876+0000] {processor.py:183} INFO - Processing /home/airflow/.local/lib/python3.12/site-packages/airflow/example_dags/example_branch_labels.py took 0.198 seconds
[2024-06-04T23:48:44.764+0000] {processor.py:161} INFO - Started process (PID=171968) to work on /home/airflow/.local/lib/python3.12/site-packages/airflow/example_dags/example_branch_labels.py
[2024-06-04T23:48:44.776+0000] {processor.py:830} INFO - Processing file /home/airflow/.local/lib/python3.12/site-packages/airflow/example_dags/example_branch_labels.py for tasks to queue
[2024-06-04T23:48:44.778+0000] {logging_mixin.py:188} INFO - [2024-06-04T23:48:44.778+0000] {dagbag.py:545} INFO - Filling up the DagBag from /home/airflow/.local/lib/python3.12/site-packages/airflow/example_dags/example_branch_labels.py
[2024-06-04T23:48:44.805+0000] {processor.py:840} INFO - DAG(s) 'example_branch_labels' retrieved from /home/airflow/.local/lib/python3.12/site-packages/airflow/example_dags/example_branch_labels.py
[2024-06-04T23:48:44.863+0000] {logging_mixin.py:188} INFO - [2024-06-04T23:48:44.862+0000] {dag.py:3096} INFO - Sync 1 DAGs
[2024-06-04T23:48:44.915+0000] {logging_mixin.py:188} INFO - [2024-06-04T23:48:44.914+0000] {dag.py:3954} INFO - Setting next_dagrun for example_branch_labels to 2024-06-03 00:00:00+00:00, run_after=2024-06-04 00:00:00+00:00
[2024-06-04T23:48:44.959+0000] {processor.py:183} INFO - Processing /home/airflow/.local/lib/python3.12/site-packages/airflow/example_dags/example_branch_labels.py took 0.220 seconds
[2024-06-04T23:49:15.691+0000] {processor.py:161} INFO - Started process (PID=172230) to work on /home/airflow/.local/lib/python3.12/site-packages/airflow/example_dags/example_branch_labels.py
[2024-06-04T23:49:15.694+0000] {processor.py:830} INFO - Processing file /home/airflow/.local/lib/python3.12/site-packages/airflow/example_dags/example_branch_labels.py for tasks to queue
[2024-06-04T23:49:15.698+0000] {logging_mixin.py:188} INFO - [2024-06-04T23:49:15.697+0000] {dagbag.py:545} INFO - Filling up the DagBag from /home/airflow/.local/lib/python3.12/site-packages/airflow/example_dags/example_branch_labels.py
[2024-06-04T23:49:15.722+0000] {processor.py:840} INFO - DAG(s) 'example_branch_labels' retrieved from /home/airflow/.local/lib/python3.12/site-packages/airflow/example_dags/example_branch_labels.py
[2024-06-04T23:49:15.767+0000] {logging_mixin.py:188} INFO - [2024-06-04T23:49:15.767+0000] {dag.py:3096} INFO - Sync 1 DAGs
[2024-06-04T23:49:15.822+0000] {logging_mixin.py:188} INFO - [2024-06-04T23:49:15.822+0000] {dag.py:3954} INFO - Setting next_dagrun for example_branch_labels to 2024-06-03 00:00:00+00:00, run_after=2024-06-04 00:00:00+00:00
[2024-06-04T23:49:15.876+0000] {processor.py:183} INFO - Processing /home/airflow/.local/lib/python3.12/site-packages/airflow/example_dags/example_branch_labels.py took 0.200 seconds
[2024-06-04T23:49:46.751+0000] {processor.py:161} INFO - Started process (PID=172491) to work on /home/airflow/.local/lib/python3.12/site-packages/airflow/example_dags/example_branch_labels.py
[2024-06-04T23:49:46.753+0000] {processor.py:830} INFO - Processing file /home/airflow/.local/lib/python3.12/site-packages/airflow/example_dags/example_branch_labels.py for tasks to queue
[2024-06-04T23:49:46.757+0000] {logging_mixin.py:188} INFO - [2024-06-04T23:49:46.756+0000] {dagbag.py:545} INFO - Filling up the DagBag from /home/airflow/.local/lib/python3.12/site-packages/airflow/example_dags/example_branch_labels.py
[2024-06-04T23:49:46.776+0000] {processor.py:840} INFO - DAG(s) 'example_branch_labels' retrieved from /home/airflow/.local/lib/python3.12/site-packages/airflow/example_dags/example_branch_labels.py
[2024-06-04T23:49:46.827+0000] {logging_mixin.py:188} INFO - [2024-06-04T23:49:46.826+0000] {dag.py:3096} INFO - Sync 1 DAGs
[2024-06-04T23:49:46.893+0000] {logging_mixin.py:188} INFO - [2024-06-04T23:49:46.892+0000] {dag.py:3954} INFO - Setting next_dagrun for example_branch_labels to 2024-06-03 00:00:00+00:00, run_after=2024-06-04 00:00:00+00:00
[2024-06-04T23:49:46.986+0000] {processor.py:183} INFO - Processing /home/airflow/.local/lib/python3.12/site-packages/airflow/example_dags/example_branch_labels.py took 0.257 seconds
[2024-06-04T23:50:17.542+0000] {processor.py:161} INFO - Started process (PID=172753) to work on /home/airflow/.local/lib/python3.12/site-packages/airflow/example_dags/example_branch_labels.py
[2024-06-04T23:50:17.544+0000] {processor.py:830} INFO - Processing file /home/airflow/.local/lib/python3.12/site-packages/airflow/example_dags/example_branch_labels.py for tasks to queue
[2024-06-04T23:50:17.548+0000] {logging_mixin.py:188} INFO - [2024-06-04T23:50:17.547+0000] {dagbag.py:545} INFO - Filling up the DagBag from /home/airflow/.local/lib/python3.12/site-packages/airflow/example_dags/example_branch_labels.py
[2024-06-04T23:50:17.569+0000] {processor.py:840} INFO - DAG(s) 'example_branch_labels' retrieved from /home/airflow/.local/lib/python3.12/site-packages/airflow/example_dags/example_branch_labels.py
[2024-06-04T23:50:17.625+0000] {logging_mixin.py:188} INFO - [2024-06-04T23:50:17.625+0000] {dag.py:3096} INFO - Sync 1 DAGs
[2024-06-04T23:50:17.713+0000] {logging_mixin.py:188} INFO - [2024-06-04T23:50:17.712+0000] {dag.py:3954} INFO - Setting next_dagrun for example_branch_labels to 2024-06-03 00:00:00+00:00, run_after=2024-06-04 00:00:00+00:00
[2024-06-04T23:50:17.770+0000] {processor.py:183} INFO - Processing /home/airflow/.local/lib/python3.12/site-packages/airflow/example_dags/example_branch_labels.py took 0.242 seconds
[2024-06-04T23:50:48.161+0000] {processor.py:161} INFO - Started process (PID=173015) to work on /home/airflow/.local/lib/python3.12/site-packages/airflow/example_dags/example_branch_labels.py
[2024-06-04T23:50:48.162+0000] {processor.py:830} INFO - Processing file /home/airflow/.local/lib/python3.12/site-packages/airflow/example_dags/example_branch_labels.py for tasks to queue
[2024-06-04T23:50:48.166+0000] {logging_mixin.py:188} INFO - [2024-06-04T23:50:48.165+0000] {dagbag.py:545} INFO - Filling up the DagBag from /home/airflow/.local/lib/python3.12/site-packages/airflow/example_dags/example_branch_labels.py
[2024-06-04T23:50:48.186+0000] {processor.py:840} INFO - DAG(s) 'example_branch_labels' retrieved from /home/airflow/.local/lib/python3.12/site-packages/airflow/example_dags/example_branch_labels.py
[2024-06-04T23:50:48.233+0000] {logging_mixin.py:188} INFO - [2024-06-04T23:50:48.232+0000] {dag.py:3096} INFO - Sync 1 DAGs
[2024-06-04T23:50:48.284+0000] {logging_mixin.py:188} INFO - [2024-06-04T23:50:48.283+0000] {dag.py:3954} INFO - Setting next_dagrun for example_branch_labels to 2024-06-03 00:00:00+00:00, run_after=2024-06-04 00:00:00+00:00
[2024-06-04T23:50:48.336+0000] {processor.py:183} INFO - Processing /home/airflow/.local/lib/python3.12/site-packages/airflow/example_dags/example_branch_labels.py took 0.191 seconds
[2024-06-04T23:51:19.095+0000] {processor.py:161} INFO - Started process (PID=173277) to work on /home/airflow/.local/lib/python3.12/site-packages/airflow/example_dags/example_branch_labels.py
[2024-06-04T23:51:19.097+0000] {processor.py:830} INFO - Processing file /home/airflow/.local/lib/python3.12/site-packages/airflow/example_dags/example_branch_labels.py for tasks to queue
[2024-06-04T23:51:19.103+0000] {logging_mixin.py:188} INFO - [2024-06-04T23:51:19.102+0000] {dagbag.py:545} INFO - Filling up the DagBag from /home/airflow/.local/lib/python3.12/site-packages/airflow/example_dags/example_branch_labels.py
[2024-06-04T23:51:19.126+0000] {processor.py:840} INFO - DAG(s) 'example_branch_labels' retrieved from /home/airflow/.local/lib/python3.12/site-packages/airflow/example_dags/example_branch_labels.py
[2024-06-04T23:51:19.174+0000] {logging_mixin.py:188} INFO - [2024-06-04T23:51:19.174+0000] {dag.py:3096} INFO - Sync 1 DAGs
[2024-06-04T23:51:19.223+0000] {logging_mixin.py:188} INFO - [2024-06-04T23:51:19.222+0000] {dag.py:3954} INFO - Setting next_dagrun for example_branch_labels to 2024-06-03 00:00:00+00:00, run_after=2024-06-04 00:00:00+00:00
[2024-06-04T23:51:19.268+0000] {processor.py:183} INFO - Processing /home/airflow/.local/lib/python3.12/site-packages/airflow/example_dags/example_branch_labels.py took 0.188 seconds
[2024-06-04T23:51:49.843+0000] {processor.py:161} INFO - Started process (PID=173542) to work on /home/airflow/.local/lib/python3.12/site-packages/airflow/example_dags/example_branch_labels.py
[2024-06-04T23:51:49.844+0000] {processor.py:830} INFO - Processing file /home/airflow/.local/lib/python3.12/site-packages/airflow/example_dags/example_branch_labels.py for tasks to queue
[2024-06-04T23:51:49.847+0000] {logging_mixin.py:188} INFO - [2024-06-04T23:51:49.847+0000] {dagbag.py:545} INFO - Filling up the DagBag from /home/airflow/.local/lib/python3.12/site-packages/airflow/example_dags/example_branch_labels.py
[2024-06-04T23:51:49.861+0000] {processor.py:840} INFO - DAG(s) 'example_branch_labels' retrieved from /home/airflow/.local/lib/python3.12/site-packages/airflow/example_dags/example_branch_labels.py
[2024-06-04T23:51:49.896+0000] {logging_mixin.py:188} INFO - [2024-06-04T23:51:49.895+0000] {dag.py:3096} INFO - Sync 1 DAGs
[2024-06-04T23:51:49.938+0000] {logging_mixin.py:188} INFO - [2024-06-04T23:51:49.938+0000] {dag.py:3954} INFO - Setting next_dagrun for example_branch_labels to 2024-06-03 00:00:00+00:00, run_after=2024-06-04 00:00:00+00:00
[2024-06-04T23:51:49.973+0000] {processor.py:183} INFO - Processing /home/airflow/.local/lib/python3.12/site-packages/airflow/example_dags/example_branch_labels.py took 0.142 seconds
[2024-06-04T23:52:20.603+0000] {processor.py:161} INFO - Started process (PID=173803) to work on /home/airflow/.local/lib/python3.12/site-packages/airflow/example_dags/example_branch_labels.py
[2024-06-04T23:52:20.604+0000] {processor.py:830} INFO - Processing file /home/airflow/.local/lib/python3.12/site-packages/airflow/example_dags/example_branch_labels.py for tasks to queue
[2024-06-04T23:52:20.608+0000] {logging_mixin.py:188} INFO - [2024-06-04T23:52:20.607+0000] {dagbag.py:545} INFO - Filling up the DagBag from /home/airflow/.local/lib/python3.12/site-packages/airflow/example_dags/example_branch_labels.py
[2024-06-04T23:52:20.626+0000] {processor.py:840} INFO - DAG(s) 'example_branch_labels' retrieved from /home/airflow/.local/lib/python3.12/site-packages/airflow/example_dags/example_branch_labels.py
[2024-06-04T23:52:20.663+0000] {logging_mixin.py:188} INFO - [2024-06-04T23:52:20.662+0000] {dag.py:3096} INFO - Sync 1 DAGs
[2024-06-04T23:52:20.705+0000] {logging_mixin.py:188} INFO - [2024-06-04T23:52:20.705+0000] {dag.py:3954} INFO - Setting next_dagrun for example_branch_labels to 2024-06-03 00:00:00+00:00, run_after=2024-06-04 00:00:00+00:00
[2024-06-04T23:52:20.784+0000] {processor.py:183} INFO - Processing /home/airflow/.local/lib/python3.12/site-packages/airflow/example_dags/example_branch_labels.py took 0.195 seconds
[2024-06-04T23:52:51.575+0000] {processor.py:161} INFO - Started process (PID=174069) to work on /home/airflow/.local/lib/python3.12/site-packages/airflow/example_dags/example_branch_labels.py
[2024-06-04T23:52:51.578+0000] {processor.py:830} INFO - Processing file /home/airflow/.local/lib/python3.12/site-packages/airflow/example_dags/example_branch_labels.py for tasks to queue
[2024-06-04T23:52:51.584+0000] {logging_mixin.py:188} INFO - [2024-06-04T23:52:51.584+0000] {dagbag.py:545} INFO - Filling up the DagBag from /home/airflow/.local/lib/python3.12/site-packages/airflow/example_dags/example_branch_labels.py
[2024-06-04T23:52:51.624+0000] {processor.py:840} INFO - DAG(s) 'example_branch_labels' retrieved from /home/airflow/.local/lib/python3.12/site-packages/airflow/example_dags/example_branch_labels.py
[2024-06-04T23:52:51.701+0000] {logging_mixin.py:188} INFO - [2024-06-04T23:52:51.700+0000] {dag.py:3096} INFO - Sync 1 DAGs
[2024-06-04T23:52:51.796+0000] {logging_mixin.py:188} INFO - [2024-06-04T23:52:51.796+0000] {dag.py:3954} INFO - Setting next_dagrun for example_branch_labels to 2024-06-03 00:00:00+00:00, run_after=2024-06-04 00:00:00+00:00
[2024-06-04T23:52:52.008+0000] {processor.py:183} INFO - Processing /home/airflow/.local/lib/python3.12/site-packages/airflow/example_dags/example_branch_labels.py took 0.446 seconds
[2024-06-04T23:53:22.980+0000] {processor.py:161} INFO - Started process (PID=174334) to work on /home/airflow/.local/lib/python3.12/site-packages/airflow/example_dags/example_branch_labels.py
[2024-06-04T23:53:22.982+0000] {processor.py:830} INFO - Processing file /home/airflow/.local/lib/python3.12/site-packages/airflow/example_dags/example_branch_labels.py for tasks to queue
[2024-06-04T23:53:22.986+0000] {logging_mixin.py:188} INFO - [2024-06-04T23:53:22.985+0000] {dagbag.py:545} INFO - Filling up the DagBag from /home/airflow/.local/lib/python3.12/site-packages/airflow/example_dags/example_branch_labels.py
[2024-06-04T23:53:23.010+0000] {processor.py:840} INFO - DAG(s) 'example_branch_labels' retrieved from /home/airflow/.local/lib/python3.12/site-packages/airflow/example_dags/example_branch_labels.py
[2024-06-04T23:53:23.075+0000] {logging_mixin.py:188} INFO - [2024-06-04T23:53:23.075+0000] {dag.py:3096} INFO - Sync 1 DAGs
[2024-06-04T23:53:23.137+0000] {logging_mixin.py:188} INFO - [2024-06-04T23:53:23.136+0000] {dag.py:3954} INFO - Setting next_dagrun for example_branch_labels to 2024-06-03 00:00:00+00:00, run_after=2024-06-04 00:00:00+00:00
[2024-06-04T23:53:23.193+0000] {processor.py:183} INFO - Processing /home/airflow/.local/lib/python3.12/site-packages/airflow/example_dags/example_branch_labels.py took 0.229 seconds
[2024-06-04T23:53:53.646+0000] {processor.py:161} INFO - Started process (PID=174595) to work on /home/airflow/.local/lib/python3.12/site-packages/airflow/example_dags/example_branch_labels.py
[2024-06-04T23:53:53.658+0000] {processor.py:830} INFO - Processing file /home/airflow/.local/lib/python3.12/site-packages/airflow/example_dags/example_branch_labels.py for tasks to queue
[2024-06-04T23:53:53.661+0000] {logging_mixin.py:188} INFO - [2024-06-04T23:53:53.661+0000] {dagbag.py:545} INFO - Filling up the DagBag from /home/airflow/.local/lib/python3.12/site-packages/airflow/example_dags/example_branch_labels.py
[2024-06-04T23:53:53.676+0000] {processor.py:840} INFO - DAG(s) 'example_branch_labels' retrieved from /home/airflow/.local/lib/python3.12/site-packages/airflow/example_dags/example_branch_labels.py
[2024-06-04T23:53:53.723+0000] {logging_mixin.py:188} INFO - [2024-06-04T23:53:53.723+0000] {dag.py:3096} INFO - Sync 1 DAGs
[2024-06-04T23:53:53.777+0000] {logging_mixin.py:188} INFO - [2024-06-04T23:53:53.777+0000] {dag.py:3954} INFO - Setting next_dagrun for example_branch_labels to 2024-06-03 00:00:00+00:00, run_after=2024-06-04 00:00:00+00:00
[2024-06-04T23:53:54.080+0000] {processor.py:183} INFO - Processing /home/airflow/.local/lib/python3.12/site-packages/airflow/example_dags/example_branch_labels.py took 0.456 seconds
[2024-06-04T23:54:24.299+0000] {processor.py:161} INFO - Started process (PID=174854) to work on /home/airflow/.local/lib/python3.12/site-packages/airflow/example_dags/example_branch_labels.py
[2024-06-04T23:54:24.308+0000] {processor.py:830} INFO - Processing file /home/airflow/.local/lib/python3.12/site-packages/airflow/example_dags/example_branch_labels.py for tasks to queue
[2024-06-04T23:54:24.324+0000] {logging_mixin.py:188} INFO - [2024-06-04T23:54:24.323+0000] {dagbag.py:545} INFO - Filling up the DagBag from /home/airflow/.local/lib/python3.12/site-packages/airflow/example_dags/example_branch_labels.py
[2024-06-04T23:54:24.364+0000] {processor.py:840} INFO - DAG(s) 'example_branch_labels' retrieved from /home/airflow/.local/lib/python3.12/site-packages/airflow/example_dags/example_branch_labels.py
[2024-06-04T23:54:24.428+0000] {logging_mixin.py:188} INFO - [2024-06-04T23:54:24.427+0000] {dag.py:3096} INFO - Sync 1 DAGs
[2024-06-04T23:54:24.487+0000] {logging_mixin.py:188} INFO - [2024-06-04T23:54:24.486+0000] {dag.py:3954} INFO - Setting next_dagrun for example_branch_labels to 2024-06-03 00:00:00+00:00, run_after=2024-06-04 00:00:00+00:00
[2024-06-04T23:54:24.569+0000] {processor.py:183} INFO - Processing /home/airflow/.local/lib/python3.12/site-packages/airflow/example_dags/example_branch_labels.py took 0.315 seconds
[2024-06-04T23:54:54.738+0000] {processor.py:161} INFO - Started process (PID=175114) to work on /home/airflow/.local/lib/python3.12/site-packages/airflow/example_dags/example_branch_labels.py
[2024-06-04T23:54:54.750+0000] {processor.py:830} INFO - Processing file /home/airflow/.local/lib/python3.12/site-packages/airflow/example_dags/example_branch_labels.py for tasks to queue
[2024-06-04T23:54:54.754+0000] {logging_mixin.py:188} INFO - [2024-06-04T23:54:54.753+0000] {dagbag.py:545} INFO - Filling up the DagBag from /home/airflow/.local/lib/python3.12/site-packages/airflow/example_dags/example_branch_labels.py
[2024-06-04T23:54:54.771+0000] {processor.py:840} INFO - DAG(s) 'example_branch_labels' retrieved from /home/airflow/.local/lib/python3.12/site-packages/airflow/example_dags/example_branch_labels.py
[2024-06-04T23:54:54.813+0000] {logging_mixin.py:188} INFO - [2024-06-04T23:54:54.812+0000] {dag.py:3096} INFO - Sync 1 DAGs
[2024-06-04T23:54:54.864+0000] {logging_mixin.py:188} INFO - [2024-06-04T23:54:54.863+0000] {dag.py:3954} INFO - Setting next_dagrun for example_branch_labels to 2024-06-03 00:00:00+00:00, run_after=2024-06-04 00:00:00+00:00
[2024-06-04T23:54:54.909+0000] {processor.py:183} INFO - Processing /home/airflow/.local/lib/python3.12/site-packages/airflow/example_dags/example_branch_labels.py took 0.185 seconds
[2024-06-04T23:55:25.131+0000] {processor.py:161} INFO - Started process (PID=175376) to work on /home/airflow/.local/lib/python3.12/site-packages/airflow/example_dags/example_branch_labels.py
[2024-06-04T23:55:25.133+0000] {processor.py:830} INFO - Processing file /home/airflow/.local/lib/python3.12/site-packages/airflow/example_dags/example_branch_labels.py for tasks to queue
[2024-06-04T23:55:25.136+0000] {logging_mixin.py:188} INFO - [2024-06-04T23:55:25.135+0000] {dagbag.py:545} INFO - Filling up the DagBag from /home/airflow/.local/lib/python3.12/site-packages/airflow/example_dags/example_branch_labels.py
[2024-06-04T23:55:25.153+0000] {processor.py:840} INFO - DAG(s) 'example_branch_labels' retrieved from /home/airflow/.local/lib/python3.12/site-packages/airflow/example_dags/example_branch_labels.py
[2024-06-04T23:55:25.204+0000] {logging_mixin.py:188} INFO - [2024-06-04T23:55:25.203+0000] {dag.py:3096} INFO - Sync 1 DAGs
[2024-06-04T23:55:25.246+0000] {logging_mixin.py:188} INFO - [2024-06-04T23:55:25.246+0000] {dag.py:3954} INFO - Setting next_dagrun for example_branch_labels to 2024-06-03 00:00:00+00:00, run_after=2024-06-04 00:00:00+00:00
[2024-06-04T23:55:25.297+0000] {processor.py:183} INFO - Processing /home/airflow/.local/lib/python3.12/site-packages/airflow/example_dags/example_branch_labels.py took 0.178 seconds
[2024-06-04T23:55:56.364+0000] {processor.py:161} INFO - Started process (PID=175638) to work on /home/airflow/.local/lib/python3.12/site-packages/airflow/example_dags/example_branch_labels.py
[2024-06-04T23:55:56.385+0000] {processor.py:830} INFO - Processing file /home/airflow/.local/lib/python3.12/site-packages/airflow/example_dags/example_branch_labels.py for tasks to queue
[2024-06-04T23:55:56.388+0000] {logging_mixin.py:188} INFO - [2024-06-04T23:55:56.387+0000] {dagbag.py:545} INFO - Filling up the DagBag from /home/airflow/.local/lib/python3.12/site-packages/airflow/example_dags/example_branch_labels.py
[2024-06-04T23:55:56.404+0000] {processor.py:840} INFO - DAG(s) 'example_branch_labels' retrieved from /home/airflow/.local/lib/python3.12/site-packages/airflow/example_dags/example_branch_labels.py
[2024-06-04T23:55:56.448+0000] {logging_mixin.py:188} INFO - [2024-06-04T23:55:56.448+0000] {dag.py:3096} INFO - Sync 1 DAGs
[2024-06-04T23:55:56.502+0000] {logging_mixin.py:188} INFO - [2024-06-04T23:55:56.502+0000] {dag.py:3954} INFO - Setting next_dagrun for example_branch_labels to 2024-06-03 00:00:00+00:00, run_after=2024-06-04 00:00:00+00:00
[2024-06-04T23:55:56.565+0000] {processor.py:183} INFO - Processing /home/airflow/.local/lib/python3.12/site-packages/airflow/example_dags/example_branch_labels.py took 0.213 seconds
[2024-06-04T23:56:26.865+0000] {processor.py:161} INFO - Started process (PID=175898) to work on /home/airflow/.local/lib/python3.12/site-packages/airflow/example_dags/example_branch_labels.py
[2024-06-04T23:56:26.867+0000] {processor.py:830} INFO - Processing file /home/airflow/.local/lib/python3.12/site-packages/airflow/example_dags/example_branch_labels.py for tasks to queue
[2024-06-04T23:56:26.870+0000] {logging_mixin.py:188} INFO - [2024-06-04T23:56:26.869+0000] {dagbag.py:545} INFO - Filling up the DagBag from /home/airflow/.local/lib/python3.12/site-packages/airflow/example_dags/example_branch_labels.py
[2024-06-04T23:56:26.888+0000] {processor.py:840} INFO - DAG(s) 'example_branch_labels' retrieved from /home/airflow/.local/lib/python3.12/site-packages/airflow/example_dags/example_branch_labels.py
[2024-06-04T23:56:26.933+0000] {logging_mixin.py:188} INFO - [2024-06-04T23:56:26.933+0000] {dag.py:3096} INFO - Sync 1 DAGs
[2024-06-04T23:56:26.986+0000] {logging_mixin.py:188} INFO - [2024-06-04T23:56:26.985+0000] {dag.py:3954} INFO - Setting next_dagrun for example_branch_labels to 2024-06-03 00:00:00+00:00, run_after=2024-06-04 00:00:00+00:00
[2024-06-04T23:56:27.033+0000] {processor.py:183} INFO - Processing /home/airflow/.local/lib/python3.12/site-packages/airflow/example_dags/example_branch_labels.py took 0.183 seconds
[2024-06-04T23:56:57.317+0000] {processor.py:161} INFO - Started process (PID=176159) to work on /home/airflow/.local/lib/python3.12/site-packages/airflow/example_dags/example_branch_labels.py
[2024-06-04T23:56:57.318+0000] {processor.py:830} INFO - Processing file /home/airflow/.local/lib/python3.12/site-packages/airflow/example_dags/example_branch_labels.py for tasks to queue
[2024-06-04T23:56:57.321+0000] {logging_mixin.py:188} INFO - [2024-06-04T23:56:57.321+0000] {dagbag.py:545} INFO - Filling up the DagBag from /home/airflow/.local/lib/python3.12/site-packages/airflow/example_dags/example_branch_labels.py
[2024-06-04T23:56:57.338+0000] {processor.py:840} INFO - DAG(s) 'example_branch_labels' retrieved from /home/airflow/.local/lib/python3.12/site-packages/airflow/example_dags/example_branch_labels.py
[2024-06-04T23:56:57.388+0000] {logging_mixin.py:188} INFO - [2024-06-04T23:56:57.387+0000] {dag.py:3096} INFO - Sync 1 DAGs
[2024-06-04T23:56:57.450+0000] {logging_mixin.py:188} INFO - [2024-06-04T23:56:57.450+0000] {dag.py:3954} INFO - Setting next_dagrun for example_branch_labels to 2024-06-03 00:00:00+00:00, run_after=2024-06-04 00:00:00+00:00
[2024-06-04T23:56:57.541+0000] {processor.py:183} INFO - Processing /home/airflow/.local/lib/python3.12/site-packages/airflow/example_dags/example_branch_labels.py took 0.236 seconds
[2024-06-04T23:57:27.856+0000] {processor.py:161} INFO - Started process (PID=176421) to work on /home/airflow/.local/lib/python3.12/site-packages/airflow/example_dags/example_branch_labels.py
[2024-06-04T23:57:27.857+0000] {processor.py:830} INFO - Processing file /home/airflow/.local/lib/python3.12/site-packages/airflow/example_dags/example_branch_labels.py for tasks to queue
[2024-06-04T23:57:27.861+0000] {logging_mixin.py:188} INFO - [2024-06-04T23:57:27.860+0000] {dagbag.py:545} INFO - Filling up the DagBag from /home/airflow/.local/lib/python3.12/site-packages/airflow/example_dags/example_branch_labels.py
[2024-06-04T23:57:27.876+0000] {processor.py:840} INFO - DAG(s) 'example_branch_labels' retrieved from /home/airflow/.local/lib/python3.12/site-packages/airflow/example_dags/example_branch_labels.py
[2024-06-04T23:57:27.918+0000] {logging_mixin.py:188} INFO - [2024-06-04T23:57:27.918+0000] {dag.py:3096} INFO - Sync 1 DAGs
[2024-06-04T23:57:27.975+0000] {logging_mixin.py:188} INFO - [2024-06-04T23:57:27.974+0000] {dag.py:3954} INFO - Setting next_dagrun for example_branch_labels to 2024-06-03 00:00:00+00:00, run_after=2024-06-04 00:00:00+00:00
[2024-06-04T23:57:28.026+0000] {processor.py:183} INFO - Processing /home/airflow/.local/lib/python3.12/site-packages/airflow/example_dags/example_branch_labels.py took 0.181 seconds
[2024-06-04T23:57:58.624+0000] {processor.py:161} INFO - Started process (PID=176683) to work on /home/airflow/.local/lib/python3.12/site-packages/airflow/example_dags/example_branch_labels.py
[2024-06-04T23:57:58.626+0000] {processor.py:830} INFO - Processing file /home/airflow/.local/lib/python3.12/site-packages/airflow/example_dags/example_branch_labels.py for tasks to queue
[2024-06-04T23:57:58.630+0000] {logging_mixin.py:188} INFO - [2024-06-04T23:57:58.629+0000] {dagbag.py:545} INFO - Filling up the DagBag from /home/airflow/.local/lib/python3.12/site-packages/airflow/example_dags/example_branch_labels.py
[2024-06-04T23:57:58.648+0000] {processor.py:840} INFO - DAG(s) 'example_branch_labels' retrieved from /home/airflow/.local/lib/python3.12/site-packages/airflow/example_dags/example_branch_labels.py
[2024-06-04T23:57:58.693+0000] {logging_mixin.py:188} INFO - [2024-06-04T23:57:58.693+0000] {dag.py:3096} INFO - Sync 1 DAGs
[2024-06-04T23:57:58.744+0000] {logging_mixin.py:188} INFO - [2024-06-04T23:57:58.744+0000] {dag.py:3954} INFO - Setting next_dagrun for example_branch_labels to 2024-06-03 00:00:00+00:00, run_after=2024-06-04 00:00:00+00:00
[2024-06-04T23:57:58.795+0000] {processor.py:183} INFO - Processing /home/airflow/.local/lib/python3.12/site-packages/airflow/example_dags/example_branch_labels.py took 0.183 seconds
[2024-06-04T23:58:29.381+0000] {processor.py:161} INFO - Started process (PID=176944) to work on /home/airflow/.local/lib/python3.12/site-packages/airflow/example_dags/example_branch_labels.py
[2024-06-04T23:58:29.382+0000] {processor.py:830} INFO - Processing file /home/airflow/.local/lib/python3.12/site-packages/airflow/example_dags/example_branch_labels.py for tasks to queue
[2024-06-04T23:58:29.385+0000] {logging_mixin.py:188} INFO - [2024-06-04T23:58:29.385+0000] {dagbag.py:545} INFO - Filling up the DagBag from /home/airflow/.local/lib/python3.12/site-packages/airflow/example_dags/example_branch_labels.py
[2024-06-04T23:58:29.402+0000] {processor.py:840} INFO - DAG(s) 'example_branch_labels' retrieved from /home/airflow/.local/lib/python3.12/site-packages/airflow/example_dags/example_branch_labels.py
[2024-06-04T23:58:29.449+0000] {logging_mixin.py:188} INFO - [2024-06-04T23:58:29.449+0000] {dag.py:3096} INFO - Sync 1 DAGs
[2024-06-04T23:58:29.549+0000] {logging_mixin.py:188} INFO - [2024-06-04T23:58:29.548+0000] {dag.py:3954} INFO - Setting next_dagrun for example_branch_labels to 2024-06-03 00:00:00+00:00, run_after=2024-06-04 00:00:00+00:00
[2024-06-04T23:58:29.590+0000] {processor.py:183} INFO - Processing /home/airflow/.local/lib/python3.12/site-packages/airflow/example_dags/example_branch_labels.py took 0.222 seconds
[2024-06-04T23:59:00.266+0000] {processor.py:161} INFO - Started process (PID=177205) to work on /home/airflow/.local/lib/python3.12/site-packages/airflow/example_dags/example_branch_labels.py
[2024-06-04T23:59:00.271+0000] {processor.py:830} INFO - Processing file /home/airflow/.local/lib/python3.12/site-packages/airflow/example_dags/example_branch_labels.py for tasks to queue
[2024-06-04T23:59:00.276+0000] {logging_mixin.py:188} INFO - [2024-06-04T23:59:00.276+0000] {dagbag.py:545} INFO - Filling up the DagBag from /home/airflow/.local/lib/python3.12/site-packages/airflow/example_dags/example_branch_labels.py
[2024-06-04T23:59:00.294+0000] {processor.py:840} INFO - DAG(s) 'example_branch_labels' retrieved from /home/airflow/.local/lib/python3.12/site-packages/airflow/example_dags/example_branch_labels.py
[2024-06-04T23:59:00.345+0000] {logging_mixin.py:188} INFO - [2024-06-04T23:59:00.344+0000] {dag.py:3096} INFO - Sync 1 DAGs
[2024-06-04T23:59:00.401+0000] {logging_mixin.py:188} INFO - [2024-06-04T23:59:00.401+0000] {dag.py:3954} INFO - Setting next_dagrun for example_branch_labels to 2024-06-03 00:00:00+00:00, run_after=2024-06-04 00:00:00+00:00
[2024-06-04T23:59:00.467+0000] {processor.py:183} INFO - Processing /home/airflow/.local/lib/python3.12/site-packages/airflow/example_dags/example_branch_labels.py took 0.225 seconds
[2024-06-04T23:59:30.536+0000] {processor.py:161} INFO - Started process (PID=177469) to work on /home/airflow/.local/lib/python3.12/site-packages/airflow/example_dags/example_branch_labels.py
[2024-06-04T23:59:30.544+0000] {processor.py:830} INFO - Processing file /home/airflow/.local/lib/python3.12/site-packages/airflow/example_dags/example_branch_labels.py for tasks to queue
[2024-06-04T23:59:30.547+0000] {logging_mixin.py:188} INFO - [2024-06-04T23:59:30.546+0000] {dagbag.py:545} INFO - Filling up the DagBag from /home/airflow/.local/lib/python3.12/site-packages/airflow/example_dags/example_branch_labels.py
[2024-06-04T23:59:30.561+0000] {processor.py:840} INFO - DAG(s) 'example_branch_labels' retrieved from /home/airflow/.local/lib/python3.12/site-packages/airflow/example_dags/example_branch_labels.py
[2024-06-04T23:59:30.603+0000] {logging_mixin.py:188} INFO - [2024-06-04T23:59:30.602+0000] {dag.py:3096} INFO - Sync 1 DAGs
[2024-06-04T23:59:30.645+0000] {logging_mixin.py:188} INFO - [2024-06-04T23:59:30.645+0000] {dag.py:3954} INFO - Setting next_dagrun for example_branch_labels to 2024-06-03 00:00:00+00:00, run_after=2024-06-04 00:00:00+00:00
[2024-06-04T23:59:30.681+0000] {processor.py:183} INFO - Processing /home/airflow/.local/lib/python3.12/site-packages/airflow/example_dags/example_branch_labels.py took 0.155 seconds
