[2024-06-04T23:43:55.894+0000] {processor.py:161} INFO - Started process (PID=169522) to work on /home/airflow/.local/lib/python3.12/site-packages/airflow/example_dags/example_branch_operator_decorator.py
[2024-06-04T23:43:55.896+0000] {processor.py:830} INFO - Processing file /home/airflow/.local/lib/python3.12/site-packages/airflow/example_dags/example_branch_operator_decorator.py for tasks to queue
[2024-06-04T23:43:55.901+0000] {logging_mixin.py:188} INFO - [2024-06-04T23:43:55.900+0000] {dagbag.py:545} INFO - Filling up the DagBag from /home/airflow/.local/lib/python3.12/site-packages/airflow/example_dags/example_branch_operator_decorator.py
[2024-06-04T23:43:55.968+0000] {processor.py:840} INFO - DAG(s) 'example_branch_python_operator_decorator' retrieved from /home/airflow/.local/lib/python3.12/site-packages/airflow/example_dags/example_branch_operator_decorator.py
[2024-06-04T23:43:56.134+0000] {logging_mixin.py:188} INFO - [2024-06-04T23:43:56.134+0000] {dag.py:3096} INFO - Sync 1 DAGs
[2024-06-04T23:43:56.189+0000] {logging_mixin.py:188} INFO - [2024-06-04T23:43:56.188+0000] {dag.py:3954} INFO - Setting next_dagrun for example_branch_python_operator_decorator to 2024-06-03 00:00:00+00:00, run_after=2024-06-04 00:00:00+00:00
[2024-06-04T23:43:57.346+0000] {processor.py:183} INFO - Processing /home/airflow/.local/lib/python3.12/site-packages/airflow/example_dags/example_branch_operator_decorator.py took 1.471 seconds
[2024-06-04T23:44:27.954+0000] {processor.py:161} INFO - Started process (PID=169784) to work on /home/airflow/.local/lib/python3.12/site-packages/airflow/example_dags/example_branch_operator_decorator.py
[2024-06-04T23:44:27.956+0000] {processor.py:830} INFO - Processing file /home/airflow/.local/lib/python3.12/site-packages/airflow/example_dags/example_branch_operator_decorator.py for tasks to queue
[2024-06-04T23:44:27.961+0000] {logging_mixin.py:188} INFO - [2024-06-04T23:44:27.960+0000] {dagbag.py:545} INFO - Filling up the DagBag from /home/airflow/.local/lib/python3.12/site-packages/airflow/example_dags/example_branch_operator_decorator.py
[2024-06-04T23:44:28.098+0000] {processor.py:840} INFO - DAG(s) 'example_branch_python_operator_decorator' retrieved from /home/airflow/.local/lib/python3.12/site-packages/airflow/example_dags/example_branch_operator_decorator.py
[2024-06-04T23:44:28.270+0000] {logging_mixin.py:188} INFO - [2024-06-04T23:44:28.270+0000] {dag.py:3096} INFO - Sync 1 DAGs
[2024-06-04T23:44:28.326+0000] {logging_mixin.py:188} INFO - [2024-06-04T23:44:28.326+0000] {dag.py:3954} INFO - Setting next_dagrun for example_branch_python_operator_decorator to 2024-06-03 00:00:00+00:00, run_after=2024-06-04 00:00:00+00:00
[2024-06-04T23:44:28.385+0000] {processor.py:183} INFO - Processing /home/airflow/.local/lib/python3.12/site-packages/airflow/example_dags/example_branch_operator_decorator.py took 0.445 seconds
[2024-06-04T23:44:58.751+0000] {processor.py:161} INFO - Started process (PID=170045) to work on /home/airflow/.local/lib/python3.12/site-packages/airflow/example_dags/example_branch_operator_decorator.py
[2024-06-04T23:44:58.755+0000] {processor.py:830} INFO - Processing file /home/airflow/.local/lib/python3.12/site-packages/airflow/example_dags/example_branch_operator_decorator.py for tasks to queue
[2024-06-04T23:44:58.758+0000] {logging_mixin.py:188} INFO - [2024-06-04T23:44:58.758+0000] {dagbag.py:545} INFO - Filling up the DagBag from /home/airflow/.local/lib/python3.12/site-packages/airflow/example_dags/example_branch_operator_decorator.py
[2024-06-04T23:44:58.955+0000] {processor.py:840} INFO - DAG(s) 'example_branch_python_operator_decorator' retrieved from /home/airflow/.local/lib/python3.12/site-packages/airflow/example_dags/example_branch_operator_decorator.py
[2024-06-04T23:44:59.142+0000] {logging_mixin.py:188} INFO - [2024-06-04T23:44:59.142+0000] {dag.py:3096} INFO - Sync 1 DAGs
[2024-06-04T23:44:59.300+0000] {logging_mixin.py:188} INFO - [2024-06-04T23:44:59.299+0000] {dag.py:3954} INFO - Setting next_dagrun for example_branch_python_operator_decorator to 2024-06-03 00:00:00+00:00, run_after=2024-06-04 00:00:00+00:00
[2024-06-04T23:44:59.424+0000] {processor.py:183} INFO - Processing /home/airflow/.local/lib/python3.12/site-packages/airflow/example_dags/example_branch_operator_decorator.py took 0.740 seconds
[2024-06-04T23:45:29.654+0000] {processor.py:161} INFO - Started process (PID=170308) to work on /home/airflow/.local/lib/python3.12/site-packages/airflow/example_dags/example_branch_operator_decorator.py
[2024-06-04T23:45:29.876+0000] {processor.py:830} INFO - Processing file /home/airflow/.local/lib/python3.12/site-packages/airflow/example_dags/example_branch_operator_decorator.py for tasks to queue
[2024-06-04T23:45:29.879+0000] {logging_mixin.py:188} INFO - [2024-06-04T23:45:29.878+0000] {dagbag.py:545} INFO - Filling up the DagBag from /home/airflow/.local/lib/python3.12/site-packages/airflow/example_dags/example_branch_operator_decorator.py
[2024-06-04T23:45:29.985+0000] {processor.py:840} INFO - DAG(s) 'example_branch_python_operator_decorator' retrieved from /home/airflow/.local/lib/python3.12/site-packages/airflow/example_dags/example_branch_operator_decorator.py
[2024-06-04T23:45:30.174+0000] {logging_mixin.py:188} INFO - [2024-06-04T23:45:30.173+0000] {dag.py:3096} INFO - Sync 1 DAGs
[2024-06-04T23:45:30.304+0000] {logging_mixin.py:188} INFO - [2024-06-04T23:45:30.304+0000] {dag.py:3954} INFO - Setting next_dagrun for example_branch_python_operator_decorator to 2024-06-03 00:00:00+00:00, run_after=2024-06-04 00:00:00+00:00
[2024-06-04T23:45:30.422+0000] {processor.py:183} INFO - Processing /home/airflow/.local/lib/python3.12/site-packages/airflow/example_dags/example_branch_operator_decorator.py took 0.800 seconds
[2024-06-04T23:46:01.490+0000] {processor.py:161} INFO - Started process (PID=170570) to work on /home/airflow/.local/lib/python3.12/site-packages/airflow/example_dags/example_branch_operator_decorator.py
[2024-06-04T23:46:01.517+0000] {processor.py:830} INFO - Processing file /home/airflow/.local/lib/python3.12/site-packages/airflow/example_dags/example_branch_operator_decorator.py for tasks to queue
[2024-06-04T23:46:01.539+0000] {logging_mixin.py:188} INFO - [2024-06-04T23:46:01.538+0000] {dagbag.py:545} INFO - Filling up the DagBag from /home/airflow/.local/lib/python3.12/site-packages/airflow/example_dags/example_branch_operator_decorator.py
[2024-06-04T23:46:01.971+0000] {processor.py:840} INFO - DAG(s) 'example_branch_python_operator_decorator' retrieved from /home/airflow/.local/lib/python3.12/site-packages/airflow/example_dags/example_branch_operator_decorator.py
[2024-06-04T23:46:02.447+0000] {logging_mixin.py:188} INFO - [2024-06-04T23:46:02.446+0000] {dag.py:3096} INFO - Sync 1 DAGs
[2024-06-04T23:46:02.790+0000] {logging_mixin.py:188} INFO - [2024-06-04T23:46:02.789+0000] {dag.py:3954} INFO - Setting next_dagrun for example_branch_python_operator_decorator to 2024-06-03 00:00:00+00:00, run_after=2024-06-04 00:00:00+00:00
[2024-06-04T23:46:03.094+0000] {processor.py:183} INFO - Processing /home/airflow/.local/lib/python3.12/site-packages/airflow/example_dags/example_branch_operator_decorator.py took 1.672 seconds
[2024-06-04T23:46:33.785+0000] {processor.py:161} INFO - Started process (PID=170834) to work on /home/airflow/.local/lib/python3.12/site-packages/airflow/example_dags/example_branch_operator_decorator.py
[2024-06-04T23:46:33.824+0000] {processor.py:830} INFO - Processing file /home/airflow/.local/lib/python3.12/site-packages/airflow/example_dags/example_branch_operator_decorator.py for tasks to queue
[2024-06-04T23:46:33.828+0000] {logging_mixin.py:188} INFO - [2024-06-04T23:46:33.827+0000] {dagbag.py:545} INFO - Filling up the DagBag from /home/airflow/.local/lib/python3.12/site-packages/airflow/example_dags/example_branch_operator_decorator.py
[2024-06-04T23:46:33.936+0000] {processor.py:840} INFO - DAG(s) 'example_branch_python_operator_decorator' retrieved from /home/airflow/.local/lib/python3.12/site-packages/airflow/example_dags/example_branch_operator_decorator.py
[2024-06-04T23:46:34.037+0000] {logging_mixin.py:188} INFO - [2024-06-04T23:46:34.036+0000] {dag.py:3096} INFO - Sync 1 DAGs
[2024-06-04T23:46:34.105+0000] {logging_mixin.py:188} INFO - [2024-06-04T23:46:34.104+0000] {dag.py:3954} INFO - Setting next_dagrun for example_branch_python_operator_decorator to 2024-06-03 00:00:00+00:00, run_after=2024-06-04 00:00:00+00:00
[2024-06-04T23:46:34.177+0000] {processor.py:183} INFO - Processing /home/airflow/.local/lib/python3.12/site-packages/airflow/example_dags/example_branch_operator_decorator.py took 0.434 seconds
[2024-06-04T23:47:04.277+0000] {processor.py:161} INFO - Started process (PID=171095) to work on /home/airflow/.local/lib/python3.12/site-packages/airflow/example_dags/example_branch_operator_decorator.py
[2024-06-04T23:47:04.279+0000] {processor.py:830} INFO - Processing file /home/airflow/.local/lib/python3.12/site-packages/airflow/example_dags/example_branch_operator_decorator.py for tasks to queue
[2024-06-04T23:47:04.283+0000] {logging_mixin.py:188} INFO - [2024-06-04T23:47:04.282+0000] {dagbag.py:545} INFO - Filling up the DagBag from /home/airflow/.local/lib/python3.12/site-packages/airflow/example_dags/example_branch_operator_decorator.py
[2024-06-04T23:47:04.347+0000] {processor.py:840} INFO - DAG(s) 'example_branch_python_operator_decorator' retrieved from /home/airflow/.local/lib/python3.12/site-packages/airflow/example_dags/example_branch_operator_decorator.py
[2024-06-04T23:47:04.456+0000] {logging_mixin.py:188} INFO - [2024-06-04T23:47:04.455+0000] {dag.py:3096} INFO - Sync 1 DAGs
[2024-06-04T23:47:04.518+0000] {logging_mixin.py:188} INFO - [2024-06-04T23:47:04.518+0000] {dag.py:3954} INFO - Setting next_dagrun for example_branch_python_operator_decorator to 2024-06-03 00:00:00+00:00, run_after=2024-06-04 00:00:00+00:00
[2024-06-04T23:47:04.575+0000] {processor.py:183} INFO - Processing /home/airflow/.local/lib/python3.12/site-packages/airflow/example_dags/example_branch_operator_decorator.py took 0.313 seconds
[2024-06-04T23:47:34.808+0000] {processor.py:161} INFO - Started process (PID=171359) to work on /home/airflow/.local/lib/python3.12/site-packages/airflow/example_dags/example_branch_operator_decorator.py
[2024-06-04T23:47:34.810+0000] {processor.py:830} INFO - Processing file /home/airflow/.local/lib/python3.12/site-packages/airflow/example_dags/example_branch_operator_decorator.py for tasks to queue
[2024-06-04T23:47:34.814+0000] {logging_mixin.py:188} INFO - [2024-06-04T23:47:34.813+0000] {dagbag.py:545} INFO - Filling up the DagBag from /home/airflow/.local/lib/python3.12/site-packages/airflow/example_dags/example_branch_operator_decorator.py
[2024-06-04T23:47:34.867+0000] {processor.py:840} INFO - DAG(s) 'example_branch_python_operator_decorator' retrieved from /home/airflow/.local/lib/python3.12/site-packages/airflow/example_dags/example_branch_operator_decorator.py
[2024-06-04T23:47:34.953+0000] {logging_mixin.py:188} INFO - [2024-06-04T23:47:34.952+0000] {dag.py:3096} INFO - Sync 1 DAGs
[2024-06-04T23:47:35.025+0000] {logging_mixin.py:188} INFO - [2024-06-04T23:47:35.024+0000] {dag.py:3954} INFO - Setting next_dagrun for example_branch_python_operator_decorator to 2024-06-03 00:00:00+00:00, run_after=2024-06-04 00:00:00+00:00
[2024-06-04T23:47:35.070+0000] {processor.py:183} INFO - Processing /home/airflow/.local/lib/python3.12/site-packages/airflow/example_dags/example_branch_operator_decorator.py took 0.276 seconds
[2024-06-04T23:48:05.694+0000] {processor.py:161} INFO - Started process (PID=171618) to work on /home/airflow/.local/lib/python3.12/site-packages/airflow/example_dags/example_branch_operator_decorator.py
[2024-06-04T23:48:05.695+0000] {processor.py:830} INFO - Processing file /home/airflow/.local/lib/python3.12/site-packages/airflow/example_dags/example_branch_operator_decorator.py for tasks to queue
[2024-06-04T23:48:05.700+0000] {logging_mixin.py:188} INFO - [2024-06-04T23:48:05.699+0000] {dagbag.py:545} INFO - Filling up the DagBag from /home/airflow/.local/lib/python3.12/site-packages/airflow/example_dags/example_branch_operator_decorator.py
[2024-06-04T23:48:05.833+0000] {processor.py:840} INFO - DAG(s) 'example_branch_python_operator_decorator' retrieved from /home/airflow/.local/lib/python3.12/site-packages/airflow/example_dags/example_branch_operator_decorator.py
[2024-06-04T23:48:05.928+0000] {logging_mixin.py:188} INFO - [2024-06-04T23:48:05.927+0000] {dag.py:3096} INFO - Sync 1 DAGs
[2024-06-04T23:48:06.023+0000] {logging_mixin.py:188} INFO - [2024-06-04T23:48:06.019+0000] {dag.py:3954} INFO - Setting next_dagrun for example_branch_python_operator_decorator to 2024-06-03 00:00:00+00:00, run_after=2024-06-04 00:00:00+00:00
[2024-06-04T23:48:06.114+0000] {processor.py:183} INFO - Processing /home/airflow/.local/lib/python3.12/site-packages/airflow/example_dags/example_branch_operator_decorator.py took 0.436 seconds
[2024-06-04T23:48:36.925+0000] {processor.py:161} INFO - Started process (PID=171880) to work on /home/airflow/.local/lib/python3.12/site-packages/airflow/example_dags/example_branch_operator_decorator.py
[2024-06-04T23:48:36.928+0000] {processor.py:830} INFO - Processing file /home/airflow/.local/lib/python3.12/site-packages/airflow/example_dags/example_branch_operator_decorator.py for tasks to queue
[2024-06-04T23:48:36.932+0000] {logging_mixin.py:188} INFO - [2024-06-04T23:48:36.931+0000] {dagbag.py:545} INFO - Filling up the DagBag from /home/airflow/.local/lib/python3.12/site-packages/airflow/example_dags/example_branch_operator_decorator.py
[2024-06-04T23:48:36.997+0000] {processor.py:840} INFO - DAG(s) 'example_branch_python_operator_decorator' retrieved from /home/airflow/.local/lib/python3.12/site-packages/airflow/example_dags/example_branch_operator_decorator.py
[2024-06-04T23:48:37.110+0000] {logging_mixin.py:188} INFO - [2024-06-04T23:48:37.109+0000] {dag.py:3096} INFO - Sync 1 DAGs
[2024-06-04T23:48:37.175+0000] {logging_mixin.py:188} INFO - [2024-06-04T23:48:37.174+0000] {dag.py:3954} INFO - Setting next_dagrun for example_branch_python_operator_decorator to 2024-06-03 00:00:00+00:00, run_after=2024-06-04 00:00:00+00:00
[2024-06-04T23:48:37.265+0000] {processor.py:183} INFO - Processing /home/airflow/.local/lib/python3.12/site-packages/airflow/example_dags/example_branch_operator_decorator.py took 0.355 seconds
[2024-06-04T23:49:07.498+0000] {processor.py:161} INFO - Started process (PID=172147) to work on /home/airflow/.local/lib/python3.12/site-packages/airflow/example_dags/example_branch_operator_decorator.py
[2024-06-04T23:49:07.500+0000] {processor.py:830} INFO - Processing file /home/airflow/.local/lib/python3.12/site-packages/airflow/example_dags/example_branch_operator_decorator.py for tasks to queue
[2024-06-04T23:49:07.504+0000] {logging_mixin.py:188} INFO - [2024-06-04T23:49:07.503+0000] {dagbag.py:545} INFO - Filling up the DagBag from /home/airflow/.local/lib/python3.12/site-packages/airflow/example_dags/example_branch_operator_decorator.py
[2024-06-04T23:49:07.559+0000] {processor.py:840} INFO - DAG(s) 'example_branch_python_operator_decorator' retrieved from /home/airflow/.local/lib/python3.12/site-packages/airflow/example_dags/example_branch_operator_decorator.py
[2024-06-04T23:49:07.632+0000] {logging_mixin.py:188} INFO - [2024-06-04T23:49:07.631+0000] {dag.py:3096} INFO - Sync 1 DAGs
[2024-06-04T23:49:07.687+0000] {logging_mixin.py:188} INFO - [2024-06-04T23:49:07.686+0000] {dag.py:3954} INFO - Setting next_dagrun for example_branch_python_operator_decorator to 2024-06-03 00:00:00+00:00, run_after=2024-06-04 00:00:00+00:00
[2024-06-04T23:49:07.736+0000] {processor.py:183} INFO - Processing /home/airflow/.local/lib/python3.12/site-packages/airflow/example_dags/example_branch_operator_decorator.py took 0.250 seconds
[2024-06-04T23:49:38.256+0000] {processor.py:161} INFO - Started process (PID=172403) to work on /home/airflow/.local/lib/python3.12/site-packages/airflow/example_dags/example_branch_operator_decorator.py
[2024-06-04T23:49:38.273+0000] {processor.py:830} INFO - Processing file /home/airflow/.local/lib/python3.12/site-packages/airflow/example_dags/example_branch_operator_decorator.py for tasks to queue
[2024-06-04T23:49:38.277+0000] {logging_mixin.py:188} INFO - [2024-06-04T23:49:38.276+0000] {dagbag.py:545} INFO - Filling up the DagBag from /home/airflow/.local/lib/python3.12/site-packages/airflow/example_dags/example_branch_operator_decorator.py
[2024-06-04T23:49:38.331+0000] {processor.py:840} INFO - DAG(s) 'example_branch_python_operator_decorator' retrieved from /home/airflow/.local/lib/python3.12/site-packages/airflow/example_dags/example_branch_operator_decorator.py
[2024-06-04T23:49:38.404+0000] {logging_mixin.py:188} INFO - [2024-06-04T23:49:38.404+0000] {dag.py:3096} INFO - Sync 1 DAGs
[2024-06-04T23:49:38.457+0000] {logging_mixin.py:188} INFO - [2024-06-04T23:49:38.456+0000] {dag.py:3954} INFO - Setting next_dagrun for example_branch_python_operator_decorator to 2024-06-03 00:00:00+00:00, run_after=2024-06-04 00:00:00+00:00
[2024-06-04T23:49:38.505+0000] {processor.py:183} INFO - Processing /home/airflow/.local/lib/python3.12/site-packages/airflow/example_dags/example_branch_operator_decorator.py took 0.261 seconds
[2024-06-04T23:50:09.033+0000] {processor.py:161} INFO - Started process (PID=172659) to work on /home/airflow/.local/lib/python3.12/site-packages/airflow/example_dags/example_branch_operator_decorator.py
[2024-06-04T23:50:09.035+0000] {processor.py:830} INFO - Processing file /home/airflow/.local/lib/python3.12/site-packages/airflow/example_dags/example_branch_operator_decorator.py for tasks to queue
[2024-06-04T23:50:09.039+0000] {logging_mixin.py:188} INFO - [2024-06-04T23:50:09.038+0000] {dagbag.py:545} INFO - Filling up the DagBag from /home/airflow/.local/lib/python3.12/site-packages/airflow/example_dags/example_branch_operator_decorator.py
[2024-06-04T23:50:09.101+0000] {processor.py:840} INFO - DAG(s) 'example_branch_python_operator_decorator' retrieved from /home/airflow/.local/lib/python3.12/site-packages/airflow/example_dags/example_branch_operator_decorator.py
[2024-06-04T23:50:09.192+0000] {logging_mixin.py:188} INFO - [2024-06-04T23:50:09.192+0000] {dag.py:3096} INFO - Sync 1 DAGs
[2024-06-04T23:50:09.256+0000] {logging_mixin.py:188} INFO - [2024-06-04T23:50:09.256+0000] {dag.py:3954} INFO - Setting next_dagrun for example_branch_python_operator_decorator to 2024-06-03 00:00:00+00:00, run_after=2024-06-04 00:00:00+00:00
[2024-06-04T23:50:09.340+0000] {processor.py:183} INFO - Processing /home/airflow/.local/lib/python3.12/site-packages/airflow/example_dags/example_branch_operator_decorator.py took 0.322 seconds
[2024-06-04T23:50:39.766+0000] {processor.py:161} INFO - Started process (PID=172921) to work on /home/airflow/.local/lib/python3.12/site-packages/airflow/example_dags/example_branch_operator_decorator.py
[2024-06-04T23:50:39.773+0000] {processor.py:830} INFO - Processing file /home/airflow/.local/lib/python3.12/site-packages/airflow/example_dags/example_branch_operator_decorator.py for tasks to queue
[2024-06-04T23:50:39.777+0000] {logging_mixin.py:188} INFO - [2024-06-04T23:50:39.776+0000] {dagbag.py:545} INFO - Filling up the DagBag from /home/airflow/.local/lib/python3.12/site-packages/airflow/example_dags/example_branch_operator_decorator.py
[2024-06-04T23:50:39.840+0000] {processor.py:840} INFO - DAG(s) 'example_branch_python_operator_decorator' retrieved from /home/airflow/.local/lib/python3.12/site-packages/airflow/example_dags/example_branch_operator_decorator.py
[2024-06-04T23:50:39.955+0000] {logging_mixin.py:188} INFO - [2024-06-04T23:50:39.954+0000] {dag.py:3096} INFO - Sync 1 DAGs
[2024-06-04T23:50:40.021+0000] {logging_mixin.py:188} INFO - [2024-06-04T23:50:40.020+0000] {dag.py:3954} INFO - Setting next_dagrun for example_branch_python_operator_decorator to 2024-06-03 00:00:00+00:00, run_after=2024-06-04 00:00:00+00:00
[2024-06-04T23:50:40.074+0000] {processor.py:183} INFO - Processing /home/airflow/.local/lib/python3.12/site-packages/airflow/example_dags/example_branch_operator_decorator.py took 0.323 seconds
[2024-06-04T23:51:10.633+0000] {processor.py:161} INFO - Started process (PID=173183) to work on /home/airflow/.local/lib/python3.12/site-packages/airflow/example_dags/example_branch_operator_decorator.py
[2024-06-04T23:51:10.635+0000] {processor.py:830} INFO - Processing file /home/airflow/.local/lib/python3.12/site-packages/airflow/example_dags/example_branch_operator_decorator.py for tasks to queue
[2024-06-04T23:51:10.639+0000] {logging_mixin.py:188} INFO - [2024-06-04T23:51:10.638+0000] {dagbag.py:545} INFO - Filling up the DagBag from /home/airflow/.local/lib/python3.12/site-packages/airflow/example_dags/example_branch_operator_decorator.py
[2024-06-04T23:51:10.699+0000] {processor.py:840} INFO - DAG(s) 'example_branch_python_operator_decorator' retrieved from /home/airflow/.local/lib/python3.12/site-packages/airflow/example_dags/example_branch_operator_decorator.py
[2024-06-04T23:51:10.787+0000] {logging_mixin.py:188} INFO - [2024-06-04T23:51:10.786+0000] {dag.py:3096} INFO - Sync 1 DAGs
[2024-06-04T23:51:10.851+0000] {logging_mixin.py:188} INFO - [2024-06-04T23:51:10.850+0000] {dag.py:3954} INFO - Setting next_dagrun for example_branch_python_operator_decorator to 2024-06-03 00:00:00+00:00, run_after=2024-06-04 00:00:00+00:00
[2024-06-04T23:51:10.914+0000] {processor.py:183} INFO - Processing /home/airflow/.local/lib/python3.12/site-packages/airflow/example_dags/example_branch_operator_decorator.py took 0.295 seconds
[2024-06-04T23:51:41.431+0000] {processor.py:161} INFO - Started process (PID=173446) to work on /home/airflow/.local/lib/python3.12/site-packages/airflow/example_dags/example_branch_operator_decorator.py
[2024-06-04T23:51:41.433+0000] {processor.py:830} INFO - Processing file /home/airflow/.local/lib/python3.12/site-packages/airflow/example_dags/example_branch_operator_decorator.py for tasks to queue
[2024-06-04T23:51:41.437+0000] {logging_mixin.py:188} INFO - [2024-06-04T23:51:41.437+0000] {dagbag.py:545} INFO - Filling up the DagBag from /home/airflow/.local/lib/python3.12/site-packages/airflow/example_dags/example_branch_operator_decorator.py
[2024-06-04T23:51:41.499+0000] {processor.py:840} INFO - DAG(s) 'example_branch_python_operator_decorator' retrieved from /home/airflow/.local/lib/python3.12/site-packages/airflow/example_dags/example_branch_operator_decorator.py
[2024-06-04T23:51:41.589+0000] {logging_mixin.py:188} INFO - [2024-06-04T23:51:41.589+0000] {dag.py:3096} INFO - Sync 1 DAGs
[2024-06-04T23:51:41.652+0000] {logging_mixin.py:188} INFO - [2024-06-04T23:51:41.651+0000] {dag.py:3954} INFO - Setting next_dagrun for example_branch_python_operator_decorator to 2024-06-03 00:00:00+00:00, run_after=2024-06-04 00:00:00+00:00
[2024-06-04T23:51:41.705+0000] {processor.py:183} INFO - Processing /home/airflow/.local/lib/python3.12/site-packages/airflow/example_dags/example_branch_operator_decorator.py took 0.289 seconds
[2024-06-04T23:52:11.845+0000] {processor.py:161} INFO - Started process (PID=173707) to work on /home/airflow/.local/lib/python3.12/site-packages/airflow/example_dags/example_branch_operator_decorator.py
[2024-06-04T23:52:11.858+0000] {processor.py:830} INFO - Processing file /home/airflow/.local/lib/python3.12/site-packages/airflow/example_dags/example_branch_operator_decorator.py for tasks to queue
[2024-06-04T23:52:11.861+0000] {logging_mixin.py:188} INFO - [2024-06-04T23:52:11.860+0000] {dagbag.py:545} INFO - Filling up the DagBag from /home/airflow/.local/lib/python3.12/site-packages/airflow/example_dags/example_branch_operator_decorator.py
[2024-06-04T23:52:11.971+0000] {processor.py:840} INFO - DAG(s) 'example_branch_python_operator_decorator' retrieved from /home/airflow/.local/lib/python3.12/site-packages/airflow/example_dags/example_branch_operator_decorator.py
[2024-06-04T23:52:12.173+0000] {logging_mixin.py:188} INFO - [2024-06-04T23:52:12.173+0000] {dag.py:3096} INFO - Sync 1 DAGs
[2024-06-04T23:52:12.234+0000] {logging_mixin.py:188} INFO - [2024-06-04T23:52:12.233+0000] {dag.py:3954} INFO - Setting next_dagrun for example_branch_python_operator_decorator to 2024-06-03 00:00:00+00:00, run_after=2024-06-04 00:00:00+00:00
[2024-06-04T23:52:12.299+0000] {processor.py:183} INFO - Processing /home/airflow/.local/lib/python3.12/site-packages/airflow/example_dags/example_branch_operator_decorator.py took 0.468 seconds
[2024-06-04T23:52:42.956+0000] {processor.py:161} INFO - Started process (PID=173969) to work on /home/airflow/.local/lib/python3.12/site-packages/airflow/example_dags/example_branch_operator_decorator.py
[2024-06-04T23:52:42.967+0000] {processor.py:830} INFO - Processing file /home/airflow/.local/lib/python3.12/site-packages/airflow/example_dags/example_branch_operator_decorator.py for tasks to queue
[2024-06-04T23:52:42.971+0000] {logging_mixin.py:188} INFO - [2024-06-04T23:52:42.970+0000] {dagbag.py:545} INFO - Filling up the DagBag from /home/airflow/.local/lib/python3.12/site-packages/airflow/example_dags/example_branch_operator_decorator.py
[2024-06-04T23:52:43.031+0000] {processor.py:840} INFO - DAG(s) 'example_branch_python_operator_decorator' retrieved from /home/airflow/.local/lib/python3.12/site-packages/airflow/example_dags/example_branch_operator_decorator.py
[2024-06-04T23:52:43.118+0000] {logging_mixin.py:188} INFO - [2024-06-04T23:52:43.117+0000] {dag.py:3096} INFO - Sync 1 DAGs
[2024-06-04T23:52:43.180+0000] {logging_mixin.py:188} INFO - [2024-06-04T23:52:43.179+0000] {dag.py:3954} INFO - Setting next_dagrun for example_branch_python_operator_decorator to 2024-06-03 00:00:00+00:00, run_after=2024-06-04 00:00:00+00:00
[2024-06-04T23:52:43.231+0000] {processor.py:183} INFO - Processing /home/airflow/.local/lib/python3.12/site-packages/airflow/example_dags/example_branch_operator_decorator.py took 0.291 seconds
[2024-06-04T23:53:13.558+0000] {processor.py:161} INFO - Started process (PID=174231) to work on /home/airflow/.local/lib/python3.12/site-packages/airflow/example_dags/example_branch_operator_decorator.py
[2024-06-04T23:53:13.560+0000] {processor.py:830} INFO - Processing file /home/airflow/.local/lib/python3.12/site-packages/airflow/example_dags/example_branch_operator_decorator.py for tasks to queue
[2024-06-04T23:53:13.564+0000] {logging_mixin.py:188} INFO - [2024-06-04T23:53:13.563+0000] {dagbag.py:545} INFO - Filling up the DagBag from /home/airflow/.local/lib/python3.12/site-packages/airflow/example_dags/example_branch_operator_decorator.py
[2024-06-04T23:53:13.626+0000] {processor.py:840} INFO - DAG(s) 'example_branch_python_operator_decorator' retrieved from /home/airflow/.local/lib/python3.12/site-packages/airflow/example_dags/example_branch_operator_decorator.py
[2024-06-04T23:53:13.805+0000] {logging_mixin.py:188} INFO - [2024-06-04T23:53:13.805+0000] {dag.py:3096} INFO - Sync 1 DAGs
[2024-06-04T23:53:13.870+0000] {logging_mixin.py:188} INFO - [2024-06-04T23:53:13.870+0000] {dag.py:3954} INFO - Setting next_dagrun for example_branch_python_operator_decorator to 2024-06-03 00:00:00+00:00, run_after=2024-06-04 00:00:00+00:00
[2024-06-04T23:53:13.930+0000] {processor.py:183} INFO - Processing /home/airflow/.local/lib/python3.12/site-packages/airflow/example_dags/example_branch_operator_decorator.py took 0.387 seconds
[2024-06-04T23:53:44.708+0000] {processor.py:161} INFO - Started process (PID=174494) to work on /home/airflow/.local/lib/python3.12/site-packages/airflow/example_dags/example_branch_operator_decorator.py
[2024-06-04T23:53:44.725+0000] {processor.py:830} INFO - Processing file /home/airflow/.local/lib/python3.12/site-packages/airflow/example_dags/example_branch_operator_decorator.py for tasks to queue
[2024-06-04T23:53:44.729+0000] {logging_mixin.py:188} INFO - [2024-06-04T23:53:44.728+0000] {dagbag.py:545} INFO - Filling up the DagBag from /home/airflow/.local/lib/python3.12/site-packages/airflow/example_dags/example_branch_operator_decorator.py
[2024-06-04T23:53:44.913+0000] {processor.py:840} INFO - DAG(s) 'example_branch_python_operator_decorator' retrieved from /home/airflow/.local/lib/python3.12/site-packages/airflow/example_dags/example_branch_operator_decorator.py
[2024-06-04T23:53:45.277+0000] {logging_mixin.py:188} INFO - [2024-06-04T23:53:45.276+0000] {dag.py:3096} INFO - Sync 1 DAGs
[2024-06-04T23:53:45.433+0000] {logging_mixin.py:188} INFO - [2024-06-04T23:53:45.433+0000] {dag.py:3954} INFO - Setting next_dagrun for example_branch_python_operator_decorator to 2024-06-03 00:00:00+00:00, run_after=2024-06-04 00:00:00+00:00
[2024-06-04T23:53:45.560+0000] {processor.py:183} INFO - Processing /home/airflow/.local/lib/python3.12/site-packages/airflow/example_dags/example_branch_operator_decorator.py took 0.897 seconds
[2024-06-04T23:54:16.412+0000] {processor.py:161} INFO - Started process (PID=174760) to work on /home/airflow/.local/lib/python3.12/site-packages/airflow/example_dags/example_branch_operator_decorator.py
[2024-06-04T23:54:16.414+0000] {processor.py:830} INFO - Processing file /home/airflow/.local/lib/python3.12/site-packages/airflow/example_dags/example_branch_operator_decorator.py for tasks to queue
[2024-06-04T23:54:16.419+0000] {logging_mixin.py:188} INFO - [2024-06-04T23:54:16.418+0000] {dagbag.py:545} INFO - Filling up the DagBag from /home/airflow/.local/lib/python3.12/site-packages/airflow/example_dags/example_branch_operator_decorator.py
[2024-06-04T23:54:16.483+0000] {processor.py:840} INFO - DAG(s) 'example_branch_python_operator_decorator' retrieved from /home/airflow/.local/lib/python3.12/site-packages/airflow/example_dags/example_branch_operator_decorator.py
[2024-06-04T23:54:16.575+0000] {logging_mixin.py:188} INFO - [2024-06-04T23:54:16.575+0000] {dag.py:3096} INFO - Sync 1 DAGs
[2024-06-04T23:54:16.641+0000] {logging_mixin.py:188} INFO - [2024-06-04T23:54:16.640+0000] {dag.py:3954} INFO - Setting next_dagrun for example_branch_python_operator_decorator to 2024-06-03 00:00:00+00:00, run_after=2024-06-04 00:00:00+00:00
[2024-06-04T23:54:16.693+0000] {processor.py:183} INFO - Processing /home/airflow/.local/lib/python3.12/site-packages/airflow/example_dags/example_branch_operator_decorator.py took 0.296 seconds
[2024-06-04T23:54:47.448+0000] {processor.py:161} INFO - Started process (PID=175022) to work on /home/airflow/.local/lib/python3.12/site-packages/airflow/example_dags/example_branch_operator_decorator.py
[2024-06-04T23:54:47.450+0000] {processor.py:830} INFO - Processing file /home/airflow/.local/lib/python3.12/site-packages/airflow/example_dags/example_branch_operator_decorator.py for tasks to queue
[2024-06-04T23:54:47.454+0000] {logging_mixin.py:188} INFO - [2024-06-04T23:54:47.454+0000] {dagbag.py:545} INFO - Filling up the DagBag from /home/airflow/.local/lib/python3.12/site-packages/airflow/example_dags/example_branch_operator_decorator.py
[2024-06-04T23:54:47.516+0000] {processor.py:840} INFO - DAG(s) 'example_branch_python_operator_decorator' retrieved from /home/airflow/.local/lib/python3.12/site-packages/airflow/example_dags/example_branch_operator_decorator.py
[2024-06-04T23:54:47.745+0000] {logging_mixin.py:188} INFO - [2024-06-04T23:54:47.744+0000] {dag.py:3096} INFO - Sync 1 DAGs
[2024-06-04T23:54:47.813+0000] {logging_mixin.py:188} INFO - [2024-06-04T23:54:47.812+0000] {dag.py:3954} INFO - Setting next_dagrun for example_branch_python_operator_decorator to 2024-06-03 00:00:00+00:00, run_after=2024-06-04 00:00:00+00:00
[2024-06-04T23:54:47.869+0000] {processor.py:183} INFO - Processing /home/airflow/.local/lib/python3.12/site-packages/airflow/example_dags/example_branch_operator_decorator.py took 0.436 seconds
[2024-06-04T23:55:18.007+0000] {processor.py:161} INFO - Started process (PID=175285) to work on /home/airflow/.local/lib/python3.12/site-packages/airflow/example_dags/example_branch_operator_decorator.py
[2024-06-04T23:55:18.012+0000] {processor.py:830} INFO - Processing file /home/airflow/.local/lib/python3.12/site-packages/airflow/example_dags/example_branch_operator_decorator.py for tasks to queue
[2024-06-04T23:55:18.019+0000] {logging_mixin.py:188} INFO - [2024-06-04T23:55:18.018+0000] {dagbag.py:545} INFO - Filling up the DagBag from /home/airflow/.local/lib/python3.12/site-packages/airflow/example_dags/example_branch_operator_decorator.py
[2024-06-04T23:55:18.146+0000] {processor.py:840} INFO - DAG(s) 'example_branch_python_operator_decorator' retrieved from /home/airflow/.local/lib/python3.12/site-packages/airflow/example_dags/example_branch_operator_decorator.py
[2024-06-04T23:55:18.298+0000] {logging_mixin.py:188} INFO - [2024-06-04T23:55:18.298+0000] {dag.py:3096} INFO - Sync 1 DAGs
[2024-06-04T23:55:18.471+0000] {logging_mixin.py:188} INFO - [2024-06-04T23:55:18.470+0000] {dag.py:3954} INFO - Setting next_dagrun for example_branch_python_operator_decorator to 2024-06-03 00:00:00+00:00, run_after=2024-06-04 00:00:00+00:00
[2024-06-04T23:55:18.569+0000] {processor.py:183} INFO - Processing /home/airflow/.local/lib/python3.12/site-packages/airflow/example_dags/example_branch_operator_decorator.py took 0.586 seconds
[2024-06-04T23:55:48.825+0000] {processor.py:161} INFO - Started process (PID=175547) to work on /home/airflow/.local/lib/python3.12/site-packages/airflow/example_dags/example_branch_operator_decorator.py
[2024-06-04T23:55:48.826+0000] {processor.py:830} INFO - Processing file /home/airflow/.local/lib/python3.12/site-packages/airflow/example_dags/example_branch_operator_decorator.py for tasks to queue
[2024-06-04T23:55:48.830+0000] {logging_mixin.py:188} INFO - [2024-06-04T23:55:48.830+0000] {dagbag.py:545} INFO - Filling up the DagBag from /home/airflow/.local/lib/python3.12/site-packages/airflow/example_dags/example_branch_operator_decorator.py
[2024-06-04T23:55:48.919+0000] {processor.py:840} INFO - DAG(s) 'example_branch_python_operator_decorator' retrieved from /home/airflow/.local/lib/python3.12/site-packages/airflow/example_dags/example_branch_operator_decorator.py
[2024-06-04T23:55:49.031+0000] {logging_mixin.py:188} INFO - [2024-06-04T23:55:49.031+0000] {dag.py:3096} INFO - Sync 1 DAGs
[2024-06-04T23:55:49.091+0000] {logging_mixin.py:188} INFO - [2024-06-04T23:55:49.091+0000] {dag.py:3954} INFO - Setting next_dagrun for example_branch_python_operator_decorator to 2024-06-03 00:00:00+00:00, run_after=2024-06-04 00:00:00+00:00
[2024-06-04T23:55:49.159+0000] {processor.py:183} INFO - Processing /home/airflow/.local/lib/python3.12/site-packages/airflow/example_dags/example_branch_operator_decorator.py took 0.364 seconds
[2024-06-04T23:56:19.316+0000] {processor.py:161} INFO - Started process (PID=175809) to work on /home/airflow/.local/lib/python3.12/site-packages/airflow/example_dags/example_branch_operator_decorator.py
[2024-06-04T23:56:19.318+0000] {processor.py:830} INFO - Processing file /home/airflow/.local/lib/python3.12/site-packages/airflow/example_dags/example_branch_operator_decorator.py for tasks to queue
[2024-06-04T23:56:19.321+0000] {logging_mixin.py:188} INFO - [2024-06-04T23:56:19.320+0000] {dagbag.py:545} INFO - Filling up the DagBag from /home/airflow/.local/lib/python3.12/site-packages/airflow/example_dags/example_branch_operator_decorator.py
[2024-06-04T23:56:19.383+0000] {processor.py:840} INFO - DAG(s) 'example_branch_python_operator_decorator' retrieved from /home/airflow/.local/lib/python3.12/site-packages/airflow/example_dags/example_branch_operator_decorator.py
[2024-06-04T23:56:19.468+0000] {logging_mixin.py:188} INFO - [2024-06-04T23:56:19.468+0000] {dag.py:3096} INFO - Sync 1 DAGs
[2024-06-04T23:56:19.536+0000] {logging_mixin.py:188} INFO - [2024-06-04T23:56:19.535+0000] {dag.py:3954} INFO - Setting next_dagrun for example_branch_python_operator_decorator to 2024-06-03 00:00:00+00:00, run_after=2024-06-04 00:00:00+00:00
[2024-06-04T23:56:19.621+0000] {processor.py:183} INFO - Processing /home/airflow/.local/lib/python3.12/site-packages/airflow/example_dags/example_branch_operator_decorator.py took 0.320 seconds
[2024-06-04T23:56:49.806+0000] {processor.py:161} INFO - Started process (PID=176074) to work on /home/airflow/.local/lib/python3.12/site-packages/airflow/example_dags/example_branch_operator_decorator.py
[2024-06-04T23:56:49.808+0000] {processor.py:830} INFO - Processing file /home/airflow/.local/lib/python3.12/site-packages/airflow/example_dags/example_branch_operator_decorator.py for tasks to queue
[2024-06-04T23:56:49.812+0000] {logging_mixin.py:188} INFO - [2024-06-04T23:56:49.811+0000] {dagbag.py:545} INFO - Filling up the DagBag from /home/airflow/.local/lib/python3.12/site-packages/airflow/example_dags/example_branch_operator_decorator.py
[2024-06-04T23:56:49.877+0000] {processor.py:840} INFO - DAG(s) 'example_branch_python_operator_decorator' retrieved from /home/airflow/.local/lib/python3.12/site-packages/airflow/example_dags/example_branch_operator_decorator.py
[2024-06-04T23:56:49.960+0000] {logging_mixin.py:188} INFO - [2024-06-04T23:56:49.960+0000] {dag.py:3096} INFO - Sync 1 DAGs
[2024-06-04T23:56:50.096+0000] {logging_mixin.py:188} INFO - [2024-06-04T23:56:50.096+0000] {dag.py:3954} INFO - Setting next_dagrun for example_branch_python_operator_decorator to 2024-06-03 00:00:00+00:00, run_after=2024-06-04 00:00:00+00:00
[2024-06-04T23:56:50.151+0000] {processor.py:183} INFO - Processing /home/airflow/.local/lib/python3.12/site-packages/airflow/example_dags/example_branch_operator_decorator.py took 0.360 seconds
[2024-06-04T23:57:20.441+0000] {processor.py:161} INFO - Started process (PID=176332) to work on /home/airflow/.local/lib/python3.12/site-packages/airflow/example_dags/example_branch_operator_decorator.py
[2024-06-04T23:57:20.453+0000] {processor.py:830} INFO - Processing file /home/airflow/.local/lib/python3.12/site-packages/airflow/example_dags/example_branch_operator_decorator.py for tasks to queue
[2024-06-04T23:57:20.456+0000] {logging_mixin.py:188} INFO - [2024-06-04T23:57:20.455+0000] {dagbag.py:545} INFO - Filling up the DagBag from /home/airflow/.local/lib/python3.12/site-packages/airflow/example_dags/example_branch_operator_decorator.py
[2024-06-04T23:57:20.523+0000] {processor.py:840} INFO - DAG(s) 'example_branch_python_operator_decorator' retrieved from /home/airflow/.local/lib/python3.12/site-packages/airflow/example_dags/example_branch_operator_decorator.py
[2024-06-04T23:57:20.625+0000] {logging_mixin.py:188} INFO - [2024-06-04T23:57:20.625+0000] {dag.py:3096} INFO - Sync 1 DAGs
[2024-06-04T23:57:20.694+0000] {logging_mixin.py:188} INFO - [2024-06-04T23:57:20.694+0000] {dag.py:3954} INFO - Setting next_dagrun for example_branch_python_operator_decorator to 2024-06-03 00:00:00+00:00, run_after=2024-06-04 00:00:00+00:00
[2024-06-04T23:57:20.744+0000] {processor.py:183} INFO - Processing /home/airflow/.local/lib/python3.12/site-packages/airflow/example_dags/example_branch_operator_decorator.py took 0.318 seconds
[2024-06-04T23:57:50.993+0000] {processor.py:161} INFO - Started process (PID=176597) to work on /home/airflow/.local/lib/python3.12/site-packages/airflow/example_dags/example_branch_operator_decorator.py
[2024-06-04T23:57:50.994+0000] {processor.py:830} INFO - Processing file /home/airflow/.local/lib/python3.12/site-packages/airflow/example_dags/example_branch_operator_decorator.py for tasks to queue
[2024-06-04T23:57:50.998+0000] {logging_mixin.py:188} INFO - [2024-06-04T23:57:50.997+0000] {dagbag.py:545} INFO - Filling up the DagBag from /home/airflow/.local/lib/python3.12/site-packages/airflow/example_dags/example_branch_operator_decorator.py
[2024-06-04T23:57:51.042+0000] {processor.py:840} INFO - DAG(s) 'example_branch_python_operator_decorator' retrieved from /home/airflow/.local/lib/python3.12/site-packages/airflow/example_dags/example_branch_operator_decorator.py
[2024-06-04T23:57:51.099+0000] {logging_mixin.py:188} INFO - [2024-06-04T23:57:51.099+0000] {dag.py:3096} INFO - Sync 1 DAGs
[2024-06-04T23:57:51.140+0000] {logging_mixin.py:188} INFO - [2024-06-04T23:57:51.140+0000] {dag.py:3954} INFO - Setting next_dagrun for example_branch_python_operator_decorator to 2024-06-03 00:00:00+00:00, run_after=2024-06-04 00:00:00+00:00
[2024-06-04T23:57:51.184+0000] {processor.py:183} INFO - Processing /home/airflow/.local/lib/python3.12/site-packages/airflow/example_dags/example_branch_operator_decorator.py took 0.205 seconds
[2024-06-04T23:58:21.819+0000] {processor.py:161} INFO - Started process (PID=176856) to work on /home/airflow/.local/lib/python3.12/site-packages/airflow/example_dags/example_branch_operator_decorator.py
[2024-06-04T23:58:21.838+0000] {processor.py:830} INFO - Processing file /home/airflow/.local/lib/python3.12/site-packages/airflow/example_dags/example_branch_operator_decorator.py for tasks to queue
[2024-06-04T23:58:21.844+0000] {logging_mixin.py:188} INFO - [2024-06-04T23:58:21.844+0000] {dagbag.py:545} INFO - Filling up the DagBag from /home/airflow/.local/lib/python3.12/site-packages/airflow/example_dags/example_branch_operator_decorator.py
[2024-06-04T23:58:21.975+0000] {processor.py:840} INFO - DAG(s) 'example_branch_python_operator_decorator' retrieved from /home/airflow/.local/lib/python3.12/site-packages/airflow/example_dags/example_branch_operator_decorator.py
[2024-06-04T23:58:22.066+0000] {logging_mixin.py:188} INFO - [2024-06-04T23:58:22.066+0000] {dag.py:3096} INFO - Sync 1 DAGs
[2024-06-04T23:58:22.149+0000] {logging_mixin.py:188} INFO - [2024-06-04T23:58:22.148+0000] {dag.py:3954} INFO - Setting next_dagrun for example_branch_python_operator_decorator to 2024-06-03 00:00:00+00:00, run_after=2024-06-04 00:00:00+00:00
[2024-06-04T23:58:22.284+0000] {processor.py:183} INFO - Processing /home/airflow/.local/lib/python3.12/site-packages/airflow/example_dags/example_branch_operator_decorator.py took 0.486 seconds
[2024-06-04T23:58:52.695+0000] {processor.py:161} INFO - Started process (PID=177117) to work on /home/airflow/.local/lib/python3.12/site-packages/airflow/example_dags/example_branch_operator_decorator.py
[2024-06-04T23:58:52.697+0000] {processor.py:830} INFO - Processing file /home/airflow/.local/lib/python3.12/site-packages/airflow/example_dags/example_branch_operator_decorator.py for tasks to queue
[2024-06-04T23:58:52.701+0000] {logging_mixin.py:188} INFO - [2024-06-04T23:58:52.700+0000] {dagbag.py:545} INFO - Filling up the DagBag from /home/airflow/.local/lib/python3.12/site-packages/airflow/example_dags/example_branch_operator_decorator.py
[2024-06-04T23:58:52.763+0000] {processor.py:840} INFO - DAG(s) 'example_branch_python_operator_decorator' retrieved from /home/airflow/.local/lib/python3.12/site-packages/airflow/example_dags/example_branch_operator_decorator.py
[2024-06-04T23:58:52.886+0000] {logging_mixin.py:188} INFO - [2024-06-04T23:58:52.886+0000] {dag.py:3096} INFO - Sync 1 DAGs
[2024-06-04T23:58:52.960+0000] {logging_mixin.py:188} INFO - [2024-06-04T23:58:52.959+0000] {dag.py:3954} INFO - Setting next_dagrun for example_branch_python_operator_decorator to 2024-06-03 00:00:00+00:00, run_after=2024-06-04 00:00:00+00:00
[2024-06-04T23:58:53.016+0000] {processor.py:183} INFO - Processing /home/airflow/.local/lib/python3.12/site-packages/airflow/example_dags/example_branch_operator_decorator.py took 0.335 seconds
[2024-06-04T23:59:23.755+0000] {processor.py:161} INFO - Started process (PID=177378) to work on /home/airflow/.local/lib/python3.12/site-packages/airflow/example_dags/example_branch_operator_decorator.py
[2024-06-04T23:59:23.764+0000] {processor.py:830} INFO - Processing file /home/airflow/.local/lib/python3.12/site-packages/airflow/example_dags/example_branch_operator_decorator.py for tasks to queue
[2024-06-04T23:59:23.770+0000] {logging_mixin.py:188} INFO - [2024-06-04T23:59:23.769+0000] {dagbag.py:545} INFO - Filling up the DagBag from /home/airflow/.local/lib/python3.12/site-packages/airflow/example_dags/example_branch_operator_decorator.py
[2024-06-04T23:59:23.830+0000] {processor.py:840} INFO - DAG(s) 'example_branch_python_operator_decorator' retrieved from /home/airflow/.local/lib/python3.12/site-packages/airflow/example_dags/example_branch_operator_decorator.py
[2024-06-04T23:59:23.945+0000] {logging_mixin.py:188} INFO - [2024-06-04T23:59:23.945+0000] {dag.py:3096} INFO - Sync 1 DAGs
[2024-06-04T23:59:24.027+0000] {logging_mixin.py:188} INFO - [2024-06-04T23:59:24.026+0000] {dag.py:3954} INFO - Setting next_dagrun for example_branch_python_operator_decorator to 2024-06-03 00:00:00+00:00, run_after=2024-06-04 00:00:00+00:00
[2024-06-04T23:59:24.116+0000] {processor.py:183} INFO - Processing /home/airflow/.local/lib/python3.12/site-packages/airflow/example_dags/example_branch_operator_decorator.py took 0.375 seconds
[2024-06-04T23:59:54.416+0000] {processor.py:161} INFO - Started process (PID=177640) to work on /home/airflow/.local/lib/python3.12/site-packages/airflow/example_dags/example_branch_operator_decorator.py
[2024-06-04T23:59:54.418+0000] {processor.py:830} INFO - Processing file /home/airflow/.local/lib/python3.12/site-packages/airflow/example_dags/example_branch_operator_decorator.py for tasks to queue
[2024-06-04T23:59:54.422+0000] {logging_mixin.py:188} INFO - [2024-06-04T23:59:54.421+0000] {dagbag.py:545} INFO - Filling up the DagBag from /home/airflow/.local/lib/python3.12/site-packages/airflow/example_dags/example_branch_operator_decorator.py
[2024-06-04T23:59:54.485+0000] {processor.py:840} INFO - DAG(s) 'example_branch_python_operator_decorator' retrieved from /home/airflow/.local/lib/python3.12/site-packages/airflow/example_dags/example_branch_operator_decorator.py
[2024-06-04T23:59:54.576+0000] {logging_mixin.py:188} INFO - [2024-06-04T23:59:54.575+0000] {dag.py:3096} INFO - Sync 1 DAGs
[2024-06-04T23:59:55.079+0000] {logging_mixin.py:188} INFO - [2024-06-04T23:59:55.078+0000] {dag.py:3954} INFO - Setting next_dagrun for example_branch_python_operator_decorator to 2024-06-03 00:00:00+00:00, run_after=2024-06-04 00:00:00+00:00
[2024-06-04T23:59:55.158+0000] {processor.py:183} INFO - Processing /home/airflow/.local/lib/python3.12/site-packages/airflow/example_dags/example_branch_operator_decorator.py took 0.757 seconds
