[2024-06-04T23:43:55.109+0000] {processor.py:161} INFO - Started process (PID=169512) to work on /home/airflow/.local/lib/python3.12/site-packages/airflow/example_dags/example_sensor_decorator.py
[2024-06-04T23:43:55.117+0000] {processor.py:830} INFO - Processing file /home/airflow/.local/lib/python3.12/site-packages/airflow/example_dags/example_sensor_decorator.py for tasks to queue
[2024-06-04T23:43:55.129+0000] {logging_mixin.py:188} INFO - [2024-06-04T23:43:55.128+0000] {dagbag.py:545} INFO - Filling up the DagBag from /home/airflow/.local/lib/python3.12/site-packages/airflow/example_dags/example_sensor_decorator.py
[2024-06-04T23:43:55.177+0000] {processor.py:840} INFO - DAG(s) 'example_sensor_decorator' retrieved from /home/airflow/.local/lib/python3.12/site-packages/airflow/example_dags/example_sensor_decorator.py
[2024-06-04T23:43:55.217+0000] {logging_mixin.py:188} INFO - [2024-06-04T23:43:55.217+0000] {dag.py:3096} INFO - Sync 1 DAGs
[2024-06-04T23:43:55.302+0000] {logging_mixin.py:188} INFO - [2024-06-04T23:43:55.301+0000] {dag.py:3954} INFO - Setting next_dagrun for example_sensor_decorator to None, run_after=None
[2024-06-04T23:43:55.606+0000] {processor.py:183} INFO - Processing /home/airflow/.local/lib/python3.12/site-packages/airflow/example_dags/example_sensor_decorator.py took 0.519 seconds
[2024-06-04T23:44:25.887+0000] {processor.py:161} INFO - Started process (PID=169776) to work on /home/airflow/.local/lib/python3.12/site-packages/airflow/example_dags/example_sensor_decorator.py
[2024-06-04T23:44:25.889+0000] {processor.py:830} INFO - Processing file /home/airflow/.local/lib/python3.12/site-packages/airflow/example_dags/example_sensor_decorator.py for tasks to queue
[2024-06-04T23:44:25.892+0000] {logging_mixin.py:188} INFO - [2024-06-04T23:44:25.891+0000] {dagbag.py:545} INFO - Filling up the DagBag from /home/airflow/.local/lib/python3.12/site-packages/airflow/example_dags/example_sensor_decorator.py
[2024-06-04T23:44:25.906+0000] {processor.py:840} INFO - DAG(s) 'example_sensor_decorator' retrieved from /home/airflow/.local/lib/python3.12/site-packages/airflow/example_dags/example_sensor_decorator.py
[2024-06-04T23:44:25.941+0000] {logging_mixin.py:188} INFO - [2024-06-04T23:44:25.940+0000] {dag.py:3096} INFO - Sync 1 DAGs
[2024-06-04T23:44:25.969+0000] {logging_mixin.py:188} INFO - [2024-06-04T23:44:25.969+0000] {dag.py:3954} INFO - Setting next_dagrun for example_sensor_decorator to None, run_after=None
[2024-06-04T23:44:26.037+0000] {processor.py:183} INFO - Processing /home/airflow/.local/lib/python3.12/site-packages/airflow/example_dags/example_sensor_decorator.py took 0.162 seconds
[2024-06-04T23:44:56.326+0000] {processor.py:161} INFO - Started process (PID=170031) to work on /home/airflow/.local/lib/python3.12/site-packages/airflow/example_dags/example_sensor_decorator.py
[2024-06-04T23:44:56.328+0000] {processor.py:830} INFO - Processing file /home/airflow/.local/lib/python3.12/site-packages/airflow/example_dags/example_sensor_decorator.py for tasks to queue
[2024-06-04T23:44:56.340+0000] {logging_mixin.py:188} INFO - [2024-06-04T23:44:56.331+0000] {dagbag.py:545} INFO - Filling up the DagBag from /home/airflow/.local/lib/python3.12/site-packages/airflow/example_dags/example_sensor_decorator.py
[2024-06-04T23:44:56.367+0000] {processor.py:840} INFO - DAG(s) 'example_sensor_decorator' retrieved from /home/airflow/.local/lib/python3.12/site-packages/airflow/example_dags/example_sensor_decorator.py
[2024-06-04T23:44:56.411+0000] {logging_mixin.py:188} INFO - [2024-06-04T23:44:56.410+0000] {dag.py:3096} INFO - Sync 1 DAGs
[2024-06-04T23:44:56.451+0000] {logging_mixin.py:188} INFO - [2024-06-04T23:44:56.451+0000] {dag.py:3954} INFO - Setting next_dagrun for example_sensor_decorator to None, run_after=None
[2024-06-04T23:44:56.522+0000] {processor.py:183} INFO - Processing /home/airflow/.local/lib/python3.12/site-packages/airflow/example_dags/example_sensor_decorator.py took 0.209 seconds
[2024-06-04T23:45:27.955+0000] {processor.py:161} INFO - Started process (PID=170290) to work on /home/airflow/.local/lib/python3.12/site-packages/airflow/example_dags/example_sensor_decorator.py
[2024-06-04T23:45:27.962+0000] {processor.py:830} INFO - Processing file /home/airflow/.local/lib/python3.12/site-packages/airflow/example_dags/example_sensor_decorator.py for tasks to queue
[2024-06-04T23:45:27.969+0000] {logging_mixin.py:188} INFO - [2024-06-04T23:45:27.969+0000] {dagbag.py:545} INFO - Filling up the DagBag from /home/airflow/.local/lib/python3.12/site-packages/airflow/example_dags/example_sensor_decorator.py
[2024-06-04T23:45:28.039+0000] {processor.py:840} INFO - DAG(s) 'example_sensor_decorator' retrieved from /home/airflow/.local/lib/python3.12/site-packages/airflow/example_dags/example_sensor_decorator.py
[2024-06-04T23:45:28.205+0000] {logging_mixin.py:188} INFO - [2024-06-04T23:45:28.204+0000] {dag.py:3096} INFO - Sync 1 DAGs
[2024-06-04T23:45:28.283+0000] {logging_mixin.py:188} INFO - [2024-06-04T23:45:28.282+0000] {dag.py:3954} INFO - Setting next_dagrun for example_sensor_decorator to None, run_after=None
[2024-06-04T23:45:28.384+0000] {processor.py:183} INFO - Processing /home/airflow/.local/lib/python3.12/site-packages/airflow/example_dags/example_sensor_decorator.py took 0.465 seconds
[2024-06-04T23:45:59.247+0000] {processor.py:161} INFO - Started process (PID=170550) to work on /home/airflow/.local/lib/python3.12/site-packages/airflow/example_dags/example_sensor_decorator.py
[2024-06-04T23:45:59.248+0000] {processor.py:830} INFO - Processing file /home/airflow/.local/lib/python3.12/site-packages/airflow/example_dags/example_sensor_decorator.py for tasks to queue
[2024-06-04T23:45:59.263+0000] {logging_mixin.py:188} INFO - [2024-06-04T23:45:59.262+0000] {dagbag.py:545} INFO - Filling up the DagBag from /home/airflow/.local/lib/python3.12/site-packages/airflow/example_dags/example_sensor_decorator.py
[2024-06-04T23:45:59.362+0000] {processor.py:840} INFO - DAG(s) 'example_sensor_decorator' retrieved from /home/airflow/.local/lib/python3.12/site-packages/airflow/example_dags/example_sensor_decorator.py
[2024-06-04T23:45:59.615+0000] {logging_mixin.py:188} INFO - [2024-06-04T23:45:59.614+0000] {dag.py:3096} INFO - Sync 1 DAGs
[2024-06-04T23:45:59.774+0000] {logging_mixin.py:188} INFO - [2024-06-04T23:45:59.774+0000] {dag.py:3954} INFO - Setting next_dagrun for example_sensor_decorator to None, run_after=None
[2024-06-04T23:46:00.048+0000] {processor.py:183} INFO - Processing /home/airflow/.local/lib/python3.12/site-packages/airflow/example_dags/example_sensor_decorator.py took 0.863 seconds
[2024-06-04T23:46:30.220+0000] {processor.py:161} INFO - Started process (PID=170814) to work on /home/airflow/.local/lib/python3.12/site-packages/airflow/example_dags/example_sensor_decorator.py
[2024-06-04T23:46:30.227+0000] {processor.py:830} INFO - Processing file /home/airflow/.local/lib/python3.12/site-packages/airflow/example_dags/example_sensor_decorator.py for tasks to queue
[2024-06-04T23:46:30.231+0000] {logging_mixin.py:188} INFO - [2024-06-04T23:46:30.230+0000] {dagbag.py:545} INFO - Filling up the DagBag from /home/airflow/.local/lib/python3.12/site-packages/airflow/example_dags/example_sensor_decorator.py
[2024-06-04T23:46:30.243+0000] {processor.py:840} INFO - DAG(s) 'example_sensor_decorator' retrieved from /home/airflow/.local/lib/python3.12/site-packages/airflow/example_dags/example_sensor_decorator.py
[2024-06-04T23:46:30.339+0000] {logging_mixin.py:188} INFO - [2024-06-04T23:46:30.338+0000] {dag.py:3096} INFO - Sync 1 DAGs
[2024-06-04T23:46:30.388+0000] {logging_mixin.py:188} INFO - [2024-06-04T23:46:30.387+0000] {dag.py:3954} INFO - Setting next_dagrun for example_sensor_decorator to None, run_after=None
[2024-06-04T23:46:30.437+0000] {processor.py:183} INFO - Processing /home/airflow/.local/lib/python3.12/site-packages/airflow/example_dags/example_sensor_decorator.py took 0.229 seconds
[2024-06-04T23:47:00.738+0000] {processor.py:161} INFO - Started process (PID=171070) to work on /home/airflow/.local/lib/python3.12/site-packages/airflow/example_dags/example_sensor_decorator.py
[2024-06-04T23:47:00.741+0000] {processor.py:830} INFO - Processing file /home/airflow/.local/lib/python3.12/site-packages/airflow/example_dags/example_sensor_decorator.py for tasks to queue
[2024-06-04T23:47:00.747+0000] {logging_mixin.py:188} INFO - [2024-06-04T23:47:00.746+0000] {dagbag.py:545} INFO - Filling up the DagBag from /home/airflow/.local/lib/python3.12/site-packages/airflow/example_dags/example_sensor_decorator.py
[2024-06-04T23:47:00.761+0000] {processor.py:840} INFO - DAG(s) 'example_sensor_decorator' retrieved from /home/airflow/.local/lib/python3.12/site-packages/airflow/example_dags/example_sensor_decorator.py
[2024-06-04T23:47:00.806+0000] {logging_mixin.py:188} INFO - [2024-06-04T23:47:00.806+0000] {dag.py:3096} INFO - Sync 1 DAGs
[2024-06-04T23:47:00.845+0000] {logging_mixin.py:188} INFO - [2024-06-04T23:47:00.844+0000] {dag.py:3954} INFO - Setting next_dagrun for example_sensor_decorator to None, run_after=None
[2024-06-04T23:47:00.897+0000] {processor.py:183} INFO - Processing /home/airflow/.local/lib/python3.12/site-packages/airflow/example_dags/example_sensor_decorator.py took 0.177 seconds
[2024-06-04T23:47:31.227+0000] {processor.py:161} INFO - Started process (PID=171331) to work on /home/airflow/.local/lib/python3.12/site-packages/airflow/example_dags/example_sensor_decorator.py
[2024-06-04T23:47:31.229+0000] {processor.py:830} INFO - Processing file /home/airflow/.local/lib/python3.12/site-packages/airflow/example_dags/example_sensor_decorator.py for tasks to queue
[2024-06-04T23:47:31.234+0000] {logging_mixin.py:188} INFO - [2024-06-04T23:47:31.233+0000] {dagbag.py:545} INFO - Filling up the DagBag from /home/airflow/.local/lib/python3.12/site-packages/airflow/example_dags/example_sensor_decorator.py
[2024-06-04T23:47:31.248+0000] {processor.py:840} INFO - DAG(s) 'example_sensor_decorator' retrieved from /home/airflow/.local/lib/python3.12/site-packages/airflow/example_dags/example_sensor_decorator.py
[2024-06-04T23:47:31.297+0000] {logging_mixin.py:188} INFO - [2024-06-04T23:47:31.296+0000] {dag.py:3096} INFO - Sync 1 DAGs
[2024-06-04T23:47:31.333+0000] {logging_mixin.py:188} INFO - [2024-06-04T23:47:31.333+0000] {dag.py:3954} INFO - Setting next_dagrun for example_sensor_decorator to None, run_after=None
[2024-06-04T23:47:31.397+0000] {processor.py:183} INFO - Processing /home/airflow/.local/lib/python3.12/site-packages/airflow/example_dags/example_sensor_decorator.py took 0.185 seconds
[2024-06-04T23:48:02.079+0000] {processor.py:161} INFO - Started process (PID=171593) to work on /home/airflow/.local/lib/python3.12/site-packages/airflow/example_dags/example_sensor_decorator.py
[2024-06-04T23:48:02.081+0000] {processor.py:830} INFO - Processing file /home/airflow/.local/lib/python3.12/site-packages/airflow/example_dags/example_sensor_decorator.py for tasks to queue
[2024-06-04T23:48:02.084+0000] {logging_mixin.py:188} INFO - [2024-06-04T23:48:02.083+0000] {dagbag.py:545} INFO - Filling up the DagBag from /home/airflow/.local/lib/python3.12/site-packages/airflow/example_dags/example_sensor_decorator.py
[2024-06-04T23:48:02.096+0000] {processor.py:840} INFO - DAG(s) 'example_sensor_decorator' retrieved from /home/airflow/.local/lib/python3.12/site-packages/airflow/example_dags/example_sensor_decorator.py
[2024-06-04T23:48:02.139+0000] {logging_mixin.py:188} INFO - [2024-06-04T23:48:02.139+0000] {dag.py:3096} INFO - Sync 1 DAGs
[2024-06-04T23:48:02.169+0000] {logging_mixin.py:188} INFO - [2024-06-04T23:48:02.169+0000] {dag.py:3954} INFO - Setting next_dagrun for example_sensor_decorator to None, run_after=None
[2024-06-04T23:48:02.220+0000] {processor.py:183} INFO - Processing /home/airflow/.local/lib/python3.12/site-packages/airflow/example_dags/example_sensor_decorator.py took 0.153 seconds
[2024-06-04T23:48:32.634+0000] {processor.py:161} INFO - Started process (PID=171849) to work on /home/airflow/.local/lib/python3.12/site-packages/airflow/example_dags/example_sensor_decorator.py
[2024-06-04T23:48:32.636+0000] {processor.py:830} INFO - Processing file /home/airflow/.local/lib/python3.12/site-packages/airflow/example_dags/example_sensor_decorator.py for tasks to queue
[2024-06-04T23:48:32.646+0000] {logging_mixin.py:188} INFO - [2024-06-04T23:48:32.646+0000] {dagbag.py:545} INFO - Filling up the DagBag from /home/airflow/.local/lib/python3.12/site-packages/airflow/example_dags/example_sensor_decorator.py
[2024-06-04T23:48:32.665+0000] {processor.py:840} INFO - DAG(s) 'example_sensor_decorator' retrieved from /home/airflow/.local/lib/python3.12/site-packages/airflow/example_dags/example_sensor_decorator.py
[2024-06-04T23:48:32.836+0000] {logging_mixin.py:188} INFO - [2024-06-04T23:48:32.836+0000] {dag.py:3096} INFO - Sync 1 DAGs
[2024-06-04T23:48:32.923+0000] {logging_mixin.py:188} INFO - [2024-06-04T23:48:32.915+0000] {dag.py:3954} INFO - Setting next_dagrun for example_sensor_decorator to None, run_after=None
[2024-06-04T23:48:33.060+0000] {processor.py:183} INFO - Processing /home/airflow/.local/lib/python3.12/site-packages/airflow/example_dags/example_sensor_decorator.py took 0.441 seconds
[2024-06-04T23:49:03.147+0000] {processor.py:161} INFO - Started process (PID=172111) to work on /home/airflow/.local/lib/python3.12/site-packages/airflow/example_dags/example_sensor_decorator.py
[2024-06-04T23:49:03.148+0000] {processor.py:830} INFO - Processing file /home/airflow/.local/lib/python3.12/site-packages/airflow/example_dags/example_sensor_decorator.py for tasks to queue
[2024-06-04T23:49:03.152+0000] {logging_mixin.py:188} INFO - [2024-06-04T23:49:03.151+0000] {dagbag.py:545} INFO - Filling up the DagBag from /home/airflow/.local/lib/python3.12/site-packages/airflow/example_dags/example_sensor_decorator.py
[2024-06-04T23:49:03.162+0000] {processor.py:840} INFO - DAG(s) 'example_sensor_decorator' retrieved from /home/airflow/.local/lib/python3.12/site-packages/airflow/example_dags/example_sensor_decorator.py
[2024-06-04T23:49:03.199+0000] {logging_mixin.py:188} INFO - [2024-06-04T23:49:03.198+0000] {dag.py:3096} INFO - Sync 1 DAGs
[2024-06-04T23:49:03.228+0000] {logging_mixin.py:188} INFO - [2024-06-04T23:49:03.227+0000] {dag.py:3954} INFO - Setting next_dagrun for example_sensor_decorator to None, run_after=None
[2024-06-04T23:49:03.285+0000] {processor.py:183} INFO - Processing /home/airflow/.local/lib/python3.12/site-packages/airflow/example_dags/example_sensor_decorator.py took 0.152 seconds
[2024-06-04T23:49:33.752+0000] {processor.py:161} INFO - Started process (PID=172372) to work on /home/airflow/.local/lib/python3.12/site-packages/airflow/example_dags/example_sensor_decorator.py
[2024-06-04T23:49:33.753+0000] {processor.py:830} INFO - Processing file /home/airflow/.local/lib/python3.12/site-packages/airflow/example_dags/example_sensor_decorator.py for tasks to queue
[2024-06-04T23:49:33.758+0000] {logging_mixin.py:188} INFO - [2024-06-04T23:49:33.757+0000] {dagbag.py:545} INFO - Filling up the DagBag from /home/airflow/.local/lib/python3.12/site-packages/airflow/example_dags/example_sensor_decorator.py
[2024-06-04T23:49:33.768+0000] {processor.py:840} INFO - DAG(s) 'example_sensor_decorator' retrieved from /home/airflow/.local/lib/python3.12/site-packages/airflow/example_dags/example_sensor_decorator.py
[2024-06-04T23:49:33.805+0000] {logging_mixin.py:188} INFO - [2024-06-04T23:49:33.804+0000] {dag.py:3096} INFO - Sync 1 DAGs
[2024-06-04T23:49:33.834+0000] {logging_mixin.py:188} INFO - [2024-06-04T23:49:33.834+0000] {dag.py:3954} INFO - Setting next_dagrun for example_sensor_decorator to None, run_after=None
[2024-06-04T23:49:33.885+0000] {processor.py:183} INFO - Processing /home/airflow/.local/lib/python3.12/site-packages/airflow/example_dags/example_sensor_decorator.py took 0.147 seconds
[2024-06-04T23:50:04.527+0000] {processor.py:161} INFO - Started process (PID=172634) to work on /home/airflow/.local/lib/python3.12/site-packages/airflow/example_dags/example_sensor_decorator.py
[2024-06-04T23:50:04.528+0000] {processor.py:830} INFO - Processing file /home/airflow/.local/lib/python3.12/site-packages/airflow/example_dags/example_sensor_decorator.py for tasks to queue
[2024-06-04T23:50:04.533+0000] {logging_mixin.py:188} INFO - [2024-06-04T23:50:04.532+0000] {dagbag.py:545} INFO - Filling up the DagBag from /home/airflow/.local/lib/python3.12/site-packages/airflow/example_dags/example_sensor_decorator.py
[2024-06-04T23:50:04.543+0000] {processor.py:840} INFO - DAG(s) 'example_sensor_decorator' retrieved from /home/airflow/.local/lib/python3.12/site-packages/airflow/example_dags/example_sensor_decorator.py
[2024-06-04T23:50:04.581+0000] {logging_mixin.py:188} INFO - [2024-06-04T23:50:04.581+0000] {dag.py:3096} INFO - Sync 1 DAGs
[2024-06-04T23:50:04.610+0000] {logging_mixin.py:188} INFO - [2024-06-04T23:50:04.609+0000] {dag.py:3954} INFO - Setting next_dagrun for example_sensor_decorator to None, run_after=None
[2024-06-04T23:50:04.660+0000] {processor.py:183} INFO - Processing /home/airflow/.local/lib/python3.12/site-packages/airflow/example_dags/example_sensor_decorator.py took 0.145 seconds
[2024-06-04T23:50:35.210+0000] {processor.py:161} INFO - Started process (PID=172896) to work on /home/airflow/.local/lib/python3.12/site-packages/airflow/example_dags/example_sensor_decorator.py
[2024-06-04T23:50:35.219+0000] {processor.py:830} INFO - Processing file /home/airflow/.local/lib/python3.12/site-packages/airflow/example_dags/example_sensor_decorator.py for tasks to queue
[2024-06-04T23:50:35.223+0000] {logging_mixin.py:188} INFO - [2024-06-04T23:50:35.222+0000] {dagbag.py:545} INFO - Filling up the DagBag from /home/airflow/.local/lib/python3.12/site-packages/airflow/example_dags/example_sensor_decorator.py
[2024-06-04T23:50:35.234+0000] {processor.py:840} INFO - DAG(s) 'example_sensor_decorator' retrieved from /home/airflow/.local/lib/python3.12/site-packages/airflow/example_dags/example_sensor_decorator.py
[2024-06-04T23:50:35.271+0000] {logging_mixin.py:188} INFO - [2024-06-04T23:50:35.271+0000] {dag.py:3096} INFO - Sync 1 DAGs
[2024-06-04T23:50:35.300+0000] {logging_mixin.py:188} INFO - [2024-06-04T23:50:35.299+0000] {dag.py:3954} INFO - Setting next_dagrun for example_sensor_decorator to None, run_after=None
[2024-06-04T23:50:35.346+0000] {processor.py:183} INFO - Processing /home/airflow/.local/lib/python3.12/site-packages/airflow/example_dags/example_sensor_decorator.py took 0.151 seconds
[2024-06-04T23:51:06.114+0000] {processor.py:161} INFO - Started process (PID=173158) to work on /home/airflow/.local/lib/python3.12/site-packages/airflow/example_dags/example_sensor_decorator.py
[2024-06-04T23:51:06.115+0000] {processor.py:830} INFO - Processing file /home/airflow/.local/lib/python3.12/site-packages/airflow/example_dags/example_sensor_decorator.py for tasks to queue
[2024-06-04T23:51:06.120+0000] {logging_mixin.py:188} INFO - [2024-06-04T23:51:06.119+0000] {dagbag.py:545} INFO - Filling up the DagBag from /home/airflow/.local/lib/python3.12/site-packages/airflow/example_dags/example_sensor_decorator.py
[2024-06-04T23:51:06.130+0000] {processor.py:840} INFO - DAG(s) 'example_sensor_decorator' retrieved from /home/airflow/.local/lib/python3.12/site-packages/airflow/example_dags/example_sensor_decorator.py
[2024-06-04T23:51:06.172+0000] {logging_mixin.py:188} INFO - [2024-06-04T23:51:06.171+0000] {dag.py:3096} INFO - Sync 1 DAGs
[2024-06-04T23:51:06.202+0000] {logging_mixin.py:188} INFO - [2024-06-04T23:51:06.201+0000] {dag.py:3954} INFO - Setting next_dagrun for example_sensor_decorator to None, run_after=None
[2024-06-04T23:51:06.251+0000] {processor.py:183} INFO - Processing /home/airflow/.local/lib/python3.12/site-packages/airflow/example_dags/example_sensor_decorator.py took 0.150 seconds
[2024-06-04T23:51:36.637+0000] {processor.py:161} INFO - Started process (PID=173421) to work on /home/airflow/.local/lib/python3.12/site-packages/airflow/example_dags/example_sensor_decorator.py
[2024-06-04T23:51:36.648+0000] {processor.py:830} INFO - Processing file /home/airflow/.local/lib/python3.12/site-packages/airflow/example_dags/example_sensor_decorator.py for tasks to queue
[2024-06-04T23:51:36.652+0000] {logging_mixin.py:188} INFO - [2024-06-04T23:51:36.652+0000] {dagbag.py:545} INFO - Filling up the DagBag from /home/airflow/.local/lib/python3.12/site-packages/airflow/example_dags/example_sensor_decorator.py
[2024-06-04T23:51:36.664+0000] {processor.py:840} INFO - DAG(s) 'example_sensor_decorator' retrieved from /home/airflow/.local/lib/python3.12/site-packages/airflow/example_dags/example_sensor_decorator.py
[2024-06-04T23:51:36.701+0000] {logging_mixin.py:188} INFO - [2024-06-04T23:51:36.701+0000] {dag.py:3096} INFO - Sync 1 DAGs
[2024-06-04T23:51:36.730+0000] {logging_mixin.py:188} INFO - [2024-06-04T23:51:36.729+0000] {dag.py:3954} INFO - Setting next_dagrun for example_sensor_decorator to None, run_after=None
[2024-06-04T23:51:36.824+0000] {processor.py:183} INFO - Processing /home/airflow/.local/lib/python3.12/site-packages/airflow/example_dags/example_sensor_decorator.py took 0.198 seconds
[2024-06-04T23:52:07.158+0000] {processor.py:161} INFO - Started process (PID=173682) to work on /home/airflow/.local/lib/python3.12/site-packages/airflow/example_dags/example_sensor_decorator.py
[2024-06-04T23:52:07.159+0000] {processor.py:830} INFO - Processing file /home/airflow/.local/lib/python3.12/site-packages/airflow/example_dags/example_sensor_decorator.py for tasks to queue
[2024-06-04T23:52:07.163+0000] {logging_mixin.py:188} INFO - [2024-06-04T23:52:07.163+0000] {dagbag.py:545} INFO - Filling up the DagBag from /home/airflow/.local/lib/python3.12/site-packages/airflow/example_dags/example_sensor_decorator.py
[2024-06-04T23:52:07.176+0000] {processor.py:840} INFO - DAG(s) 'example_sensor_decorator' retrieved from /home/airflow/.local/lib/python3.12/site-packages/airflow/example_dags/example_sensor_decorator.py
[2024-06-04T23:52:07.213+0000] {logging_mixin.py:188} INFO - [2024-06-04T23:52:07.212+0000] {dag.py:3096} INFO - Sync 1 DAGs
[2024-06-04T23:52:07.242+0000] {logging_mixin.py:188} INFO - [2024-06-04T23:52:07.241+0000] {dag.py:3954} INFO - Setting next_dagrun for example_sensor_decorator to None, run_after=None
[2024-06-04T23:52:07.301+0000] {processor.py:183} INFO - Processing /home/airflow/.local/lib/python3.12/site-packages/airflow/example_dags/example_sensor_decorator.py took 0.156 seconds
[2024-06-04T23:52:38.239+0000] {processor.py:161} INFO - Started process (PID=173944) to work on /home/airflow/.local/lib/python3.12/site-packages/airflow/example_dags/example_sensor_decorator.py
[2024-06-04T23:52:38.241+0000] {processor.py:830} INFO - Processing file /home/airflow/.local/lib/python3.12/site-packages/airflow/example_dags/example_sensor_decorator.py for tasks to queue
[2024-06-04T23:52:38.246+0000] {logging_mixin.py:188} INFO - [2024-06-04T23:52:38.245+0000] {dagbag.py:545} INFO - Filling up the DagBag from /home/airflow/.local/lib/python3.12/site-packages/airflow/example_dags/example_sensor_decorator.py
[2024-06-04T23:52:38.259+0000] {processor.py:840} INFO - DAG(s) 'example_sensor_decorator' retrieved from /home/airflow/.local/lib/python3.12/site-packages/airflow/example_dags/example_sensor_decorator.py
[2024-06-04T23:52:38.297+0000] {logging_mixin.py:188} INFO - [2024-06-04T23:52:38.296+0000] {dag.py:3096} INFO - Sync 1 DAGs
[2024-06-04T23:52:38.333+0000] {logging_mixin.py:188} INFO - [2024-06-04T23:52:38.333+0000] {dag.py:3954} INFO - Setting next_dagrun for example_sensor_decorator to None, run_after=None
[2024-06-04T23:52:38.388+0000] {processor.py:183} INFO - Processing /home/airflow/.local/lib/python3.12/site-packages/airflow/example_dags/example_sensor_decorator.py took 0.163 seconds
[2024-06-04T23:53:08.970+0000] {processor.py:161} INFO - Started process (PID=174206) to work on /home/airflow/.local/lib/python3.12/site-packages/airflow/example_dags/example_sensor_decorator.py
[2024-06-04T23:53:08.971+0000] {processor.py:830} INFO - Processing file /home/airflow/.local/lib/python3.12/site-packages/airflow/example_dags/example_sensor_decorator.py for tasks to queue
[2024-06-04T23:53:08.975+0000] {logging_mixin.py:188} INFO - [2024-06-04T23:53:08.975+0000] {dagbag.py:545} INFO - Filling up the DagBag from /home/airflow/.local/lib/python3.12/site-packages/airflow/example_dags/example_sensor_decorator.py
[2024-06-04T23:53:08.986+0000] {processor.py:840} INFO - DAG(s) 'example_sensor_decorator' retrieved from /home/airflow/.local/lib/python3.12/site-packages/airflow/example_dags/example_sensor_decorator.py
[2024-06-04T23:53:09.022+0000] {logging_mixin.py:188} INFO - [2024-06-04T23:53:09.022+0000] {dag.py:3096} INFO - Sync 1 DAGs
[2024-06-04T23:53:09.051+0000] {logging_mixin.py:188} INFO - [2024-06-04T23:53:09.051+0000] {dag.py:3954} INFO - Setting next_dagrun for example_sensor_decorator to None, run_after=None
[2024-06-04T23:53:09.109+0000] {processor.py:183} INFO - Processing /home/airflow/.local/lib/python3.12/site-packages/airflow/example_dags/example_sensor_decorator.py took 0.151 seconds
[2024-06-04T23:53:39.744+0000] {processor.py:161} INFO - Started process (PID=174469) to work on /home/airflow/.local/lib/python3.12/site-packages/airflow/example_dags/example_sensor_decorator.py
[2024-06-04T23:53:39.764+0000] {processor.py:830} INFO - Processing file /home/airflow/.local/lib/python3.12/site-packages/airflow/example_dags/example_sensor_decorator.py for tasks to queue
[2024-06-04T23:53:39.769+0000] {logging_mixin.py:188} INFO - [2024-06-04T23:53:39.768+0000] {dagbag.py:545} INFO - Filling up the DagBag from /home/airflow/.local/lib/python3.12/site-packages/airflow/example_dags/example_sensor_decorator.py
[2024-06-04T23:53:39.780+0000] {processor.py:840} INFO - DAG(s) 'example_sensor_decorator' retrieved from /home/airflow/.local/lib/python3.12/site-packages/airflow/example_dags/example_sensor_decorator.py
[2024-06-04T23:53:39.820+0000] {logging_mixin.py:188} INFO - [2024-06-04T23:53:39.820+0000] {dag.py:3096} INFO - Sync 1 DAGs
[2024-06-04T23:53:39.858+0000] {logging_mixin.py:188} INFO - [2024-06-04T23:53:39.858+0000] {dag.py:3954} INFO - Setting next_dagrun for example_sensor_decorator to None, run_after=None
[2024-06-04T23:53:39.918+0000] {processor.py:183} INFO - Processing /home/airflow/.local/lib/python3.12/site-packages/airflow/example_dags/example_sensor_decorator.py took 0.187 seconds
[2024-06-04T23:54:10.820+0000] {processor.py:161} INFO - Started process (PID=174730) to work on /home/airflow/.local/lib/python3.12/site-packages/airflow/example_dags/example_sensor_decorator.py
[2024-06-04T23:54:10.839+0000] {processor.py:830} INFO - Processing file /home/airflow/.local/lib/python3.12/site-packages/airflow/example_dags/example_sensor_decorator.py for tasks to queue
[2024-06-04T23:54:10.844+0000] {logging_mixin.py:188} INFO - [2024-06-04T23:54:10.843+0000] {dagbag.py:545} INFO - Filling up the DagBag from /home/airflow/.local/lib/python3.12/site-packages/airflow/example_dags/example_sensor_decorator.py
[2024-06-04T23:54:10.862+0000] {processor.py:840} INFO - DAG(s) 'example_sensor_decorator' retrieved from /home/airflow/.local/lib/python3.12/site-packages/airflow/example_dags/example_sensor_decorator.py
[2024-06-04T23:54:10.899+0000] {logging_mixin.py:188} INFO - [2024-06-04T23:54:10.898+0000] {dag.py:3096} INFO - Sync 1 DAGs
[2024-06-04T23:54:10.928+0000] {logging_mixin.py:188} INFO - [2024-06-04T23:54:10.927+0000] {dag.py:3954} INFO - Setting next_dagrun for example_sensor_decorator to None, run_after=None
[2024-06-04T23:54:10.983+0000] {processor.py:183} INFO - Processing /home/airflow/.local/lib/python3.12/site-packages/airflow/example_dags/example_sensor_decorator.py took 0.180 seconds
[2024-06-04T23:54:41.650+0000] {processor.py:161} INFO - Started process (PID=174992) to work on /home/airflow/.local/lib/python3.12/site-packages/airflow/example_dags/example_sensor_decorator.py
[2024-06-04T23:54:41.652+0000] {processor.py:830} INFO - Processing file /home/airflow/.local/lib/python3.12/site-packages/airflow/example_dags/example_sensor_decorator.py for tasks to queue
[2024-06-04T23:54:41.656+0000] {logging_mixin.py:188} INFO - [2024-06-04T23:54:41.655+0000] {dagbag.py:545} INFO - Filling up the DagBag from /home/airflow/.local/lib/python3.12/site-packages/airflow/example_dags/example_sensor_decorator.py
[2024-06-04T23:54:41.667+0000] {processor.py:840} INFO - DAG(s) 'example_sensor_decorator' retrieved from /home/airflow/.local/lib/python3.12/site-packages/airflow/example_dags/example_sensor_decorator.py
[2024-06-04T23:54:41.705+0000] {logging_mixin.py:188} INFO - [2024-06-04T23:54:41.704+0000] {dag.py:3096} INFO - Sync 1 DAGs
[2024-06-04T23:54:41.751+0000] {logging_mixin.py:188} INFO - [2024-06-04T23:54:41.751+0000] {dag.py:3954} INFO - Setting next_dagrun for example_sensor_decorator to None, run_after=None
[2024-06-04T23:54:41.811+0000] {processor.py:183} INFO - Processing /home/airflow/.local/lib/python3.12/site-packages/airflow/example_dags/example_sensor_decorator.py took 0.210 seconds
[2024-06-04T23:55:12.011+0000] {processor.py:161} INFO - Started process (PID=175255) to work on /home/airflow/.local/lib/python3.12/site-packages/airflow/example_dags/example_sensor_decorator.py
[2024-06-04T23:55:12.027+0000] {processor.py:830} INFO - Processing file /home/airflow/.local/lib/python3.12/site-packages/airflow/example_dags/example_sensor_decorator.py for tasks to queue
[2024-06-04T23:55:12.032+0000] {logging_mixin.py:188} INFO - [2024-06-04T23:55:12.031+0000] {dagbag.py:545} INFO - Filling up the DagBag from /home/airflow/.local/lib/python3.12/site-packages/airflow/example_dags/example_sensor_decorator.py
[2024-06-04T23:55:12.046+0000] {processor.py:840} INFO - DAG(s) 'example_sensor_decorator' retrieved from /home/airflow/.local/lib/python3.12/site-packages/airflow/example_dags/example_sensor_decorator.py
[2024-06-04T23:55:12.084+0000] {logging_mixin.py:188} INFO - [2024-06-04T23:55:12.083+0000] {dag.py:3096} INFO - Sync 1 DAGs
[2024-06-04T23:55:12.113+0000] {logging_mixin.py:188} INFO - [2024-06-04T23:55:12.113+0000] {dag.py:3954} INFO - Setting next_dagrun for example_sensor_decorator to None, run_after=None
[2024-06-04T23:55:12.168+0000] {processor.py:183} INFO - Processing /home/airflow/.local/lib/python3.12/site-packages/airflow/example_dags/example_sensor_decorator.py took 0.172 seconds
[2024-06-04T23:55:43.068+0000] {processor.py:161} INFO - Started process (PID=175517) to work on /home/airflow/.local/lib/python3.12/site-packages/airflow/example_dags/example_sensor_decorator.py
[2024-06-04T23:55:43.070+0000] {processor.py:830} INFO - Processing file /home/airflow/.local/lib/python3.12/site-packages/airflow/example_dags/example_sensor_decorator.py for tasks to queue
[2024-06-04T23:55:43.074+0000] {logging_mixin.py:188} INFO - [2024-06-04T23:55:43.073+0000] {dagbag.py:545} INFO - Filling up the DagBag from /home/airflow/.local/lib/python3.12/site-packages/airflow/example_dags/example_sensor_decorator.py
[2024-06-04T23:55:43.084+0000] {processor.py:840} INFO - DAG(s) 'example_sensor_decorator' retrieved from /home/airflow/.local/lib/python3.12/site-packages/airflow/example_dags/example_sensor_decorator.py
[2024-06-04T23:55:43.123+0000] {logging_mixin.py:188} INFO - [2024-06-04T23:55:43.122+0000] {dag.py:3096} INFO - Sync 1 DAGs
[2024-06-04T23:55:43.160+0000] {logging_mixin.py:188} INFO - [2024-06-04T23:55:43.159+0000] {dag.py:3954} INFO - Setting next_dagrun for example_sensor_decorator to None, run_after=None
[2024-06-04T23:55:43.248+0000] {processor.py:183} INFO - Processing /home/airflow/.local/lib/python3.12/site-packages/airflow/example_dags/example_sensor_decorator.py took 0.193 seconds
[2024-06-04T23:56:13.371+0000] {processor.py:161} INFO - Started process (PID=175779) to work on /home/airflow/.local/lib/python3.12/site-packages/airflow/example_dags/example_sensor_decorator.py
[2024-06-04T23:56:13.372+0000] {processor.py:830} INFO - Processing file /home/airflow/.local/lib/python3.12/site-packages/airflow/example_dags/example_sensor_decorator.py for tasks to queue
[2024-06-04T23:56:13.377+0000] {logging_mixin.py:188} INFO - [2024-06-04T23:56:13.376+0000] {dagbag.py:545} INFO - Filling up the DagBag from /home/airflow/.local/lib/python3.12/site-packages/airflow/example_dags/example_sensor_decorator.py
[2024-06-04T23:56:13.387+0000] {processor.py:840} INFO - DAG(s) 'example_sensor_decorator' retrieved from /home/airflow/.local/lib/python3.12/site-packages/airflow/example_dags/example_sensor_decorator.py
[2024-06-04T23:56:13.426+0000] {logging_mixin.py:188} INFO - [2024-06-04T23:56:13.425+0000] {dag.py:3096} INFO - Sync 1 DAGs
[2024-06-04T23:56:13.454+0000] {logging_mixin.py:188} INFO - [2024-06-04T23:56:13.454+0000] {dag.py:3954} INFO - Setting next_dagrun for example_sensor_decorator to None, run_after=None
[2024-06-04T23:56:13.500+0000] {processor.py:183} INFO - Processing /home/airflow/.local/lib/python3.12/site-packages/airflow/example_dags/example_sensor_decorator.py took 0.140 seconds
[2024-06-04T23:56:43.931+0000] {processor.py:161} INFO - Started process (PID=176041) to work on /home/airflow/.local/lib/python3.12/site-packages/airflow/example_dags/example_sensor_decorator.py
[2024-06-04T23:56:43.933+0000] {processor.py:830} INFO - Processing file /home/airflow/.local/lib/python3.12/site-packages/airflow/example_dags/example_sensor_decorator.py for tasks to queue
[2024-06-04T23:56:43.937+0000] {logging_mixin.py:188} INFO - [2024-06-04T23:56:43.936+0000] {dagbag.py:545} INFO - Filling up the DagBag from /home/airflow/.local/lib/python3.12/site-packages/airflow/example_dags/example_sensor_decorator.py
[2024-06-04T23:56:43.968+0000] {processor.py:840} INFO - DAG(s) 'example_sensor_decorator' retrieved from /home/airflow/.local/lib/python3.12/site-packages/airflow/example_dags/example_sensor_decorator.py
[2024-06-04T23:56:44.052+0000] {logging_mixin.py:188} INFO - [2024-06-04T23:56:44.051+0000] {dag.py:3096} INFO - Sync 1 DAGs
[2024-06-04T23:56:44.124+0000] {logging_mixin.py:188} INFO - [2024-06-04T23:56:44.123+0000] {dag.py:3954} INFO - Setting next_dagrun for example_sensor_decorator to None, run_after=None
[2024-06-04T23:56:44.179+0000] {processor.py:183} INFO - Processing /home/airflow/.local/lib/python3.12/site-packages/airflow/example_dags/example_sensor_decorator.py took 0.262 seconds
[2024-06-04T23:57:14.850+0000] {processor.py:161} INFO - Started process (PID=176302) to work on /home/airflow/.local/lib/python3.12/site-packages/airflow/example_dags/example_sensor_decorator.py
[2024-06-04T23:57:14.861+0000] {processor.py:830} INFO - Processing file /home/airflow/.local/lib/python3.12/site-packages/airflow/example_dags/example_sensor_decorator.py for tasks to queue
[2024-06-04T23:57:14.866+0000] {logging_mixin.py:188} INFO - [2024-06-04T23:57:14.865+0000] {dagbag.py:545} INFO - Filling up the DagBag from /home/airflow/.local/lib/python3.12/site-packages/airflow/example_dags/example_sensor_decorator.py
[2024-06-04T23:57:14.890+0000] {processor.py:840} INFO - DAG(s) 'example_sensor_decorator' retrieved from /home/airflow/.local/lib/python3.12/site-packages/airflow/example_dags/example_sensor_decorator.py
[2024-06-04T23:57:14.942+0000] {logging_mixin.py:188} INFO - [2024-06-04T23:57:14.941+0000] {dag.py:3096} INFO - Sync 1 DAGs
[2024-06-04T23:57:14.976+0000] {logging_mixin.py:188} INFO - [2024-06-04T23:57:14.975+0000] {dag.py:3954} INFO - Setting next_dagrun for example_sensor_decorator to None, run_after=None
[2024-06-04T23:57:15.060+0000] {processor.py:183} INFO - Processing /home/airflow/.local/lib/python3.12/site-packages/airflow/example_dags/example_sensor_decorator.py took 0.244 seconds
[2024-06-04T23:57:45.614+0000] {processor.py:161} INFO - Started process (PID=176564) to work on /home/airflow/.local/lib/python3.12/site-packages/airflow/example_dags/example_sensor_decorator.py
[2024-06-04T23:57:45.618+0000] {processor.py:830} INFO - Processing file /home/airflow/.local/lib/python3.12/site-packages/airflow/example_dags/example_sensor_decorator.py for tasks to queue
[2024-06-04T23:57:45.664+0000] {logging_mixin.py:188} INFO - [2024-06-04T23:57:45.640+0000] {dagbag.py:545} INFO - Filling up the DagBag from /home/airflow/.local/lib/python3.12/site-packages/airflow/example_dags/example_sensor_decorator.py
[2024-06-04T23:57:45.691+0000] {processor.py:840} INFO - DAG(s) 'example_sensor_decorator' retrieved from /home/airflow/.local/lib/python3.12/site-packages/airflow/example_dags/example_sensor_decorator.py
[2024-06-04T23:57:45.816+0000] {logging_mixin.py:188} INFO - [2024-06-04T23:57:45.815+0000] {dag.py:3096} INFO - Sync 1 DAGs
[2024-06-04T23:57:45.871+0000] {logging_mixin.py:188} INFO - [2024-06-04T23:57:45.871+0000] {dag.py:3954} INFO - Setting next_dagrun for example_sensor_decorator to None, run_after=None
[2024-06-04T23:57:45.942+0000] {processor.py:183} INFO - Processing /home/airflow/.local/lib/python3.12/site-packages/airflow/example_dags/example_sensor_decorator.py took 0.356 seconds
[2024-06-04T23:58:16.896+0000] {processor.py:161} INFO - Started process (PID=176826) to work on /home/airflow/.local/lib/python3.12/site-packages/airflow/example_dags/example_sensor_decorator.py
[2024-06-04T23:58:16.904+0000] {processor.py:830} INFO - Processing file /home/airflow/.local/lib/python3.12/site-packages/airflow/example_dags/example_sensor_decorator.py for tasks to queue
[2024-06-04T23:58:16.913+0000] {logging_mixin.py:188} INFO - [2024-06-04T23:58:16.912+0000] {dagbag.py:545} INFO - Filling up the DagBag from /home/airflow/.local/lib/python3.12/site-packages/airflow/example_dags/example_sensor_decorator.py
[2024-06-04T23:58:16.942+0000] {processor.py:840} INFO - DAG(s) 'example_sensor_decorator' retrieved from /home/airflow/.local/lib/python3.12/site-packages/airflow/example_dags/example_sensor_decorator.py
[2024-06-04T23:58:16.995+0000] {logging_mixin.py:188} INFO - [2024-06-04T23:58:16.994+0000] {dag.py:3096} INFO - Sync 1 DAGs
[2024-06-04T23:58:17.070+0000] {logging_mixin.py:188} INFO - [2024-06-04T23:58:17.070+0000] {dag.py:3954} INFO - Setting next_dagrun for example_sensor_decorator to None, run_after=None
[2024-06-04T23:58:17.191+0000] {processor.py:183} INFO - Processing /home/airflow/.local/lib/python3.12/site-packages/airflow/example_dags/example_sensor_decorator.py took 0.310 seconds
[2024-06-04T23:58:47.822+0000] {processor.py:161} INFO - Started process (PID=177087) to work on /home/airflow/.local/lib/python3.12/site-packages/airflow/example_dags/example_sensor_decorator.py
[2024-06-04T23:58:47.824+0000] {processor.py:830} INFO - Processing file /home/airflow/.local/lib/python3.12/site-packages/airflow/example_dags/example_sensor_decorator.py for tasks to queue
[2024-06-04T23:58:47.829+0000] {logging_mixin.py:188} INFO - [2024-06-04T23:58:47.828+0000] {dagbag.py:545} INFO - Filling up the DagBag from /home/airflow/.local/lib/python3.12/site-packages/airflow/example_dags/example_sensor_decorator.py
[2024-06-04T23:58:47.843+0000] {processor.py:840} INFO - DAG(s) 'example_sensor_decorator' retrieved from /home/airflow/.local/lib/python3.12/site-packages/airflow/example_dags/example_sensor_decorator.py
[2024-06-04T23:58:47.890+0000] {logging_mixin.py:188} INFO - [2024-06-04T23:58:47.889+0000] {dag.py:3096} INFO - Sync 1 DAGs
[2024-06-04T23:58:47.992+0000] {logging_mixin.py:188} INFO - [2024-06-04T23:58:47.992+0000] {dag.py:3954} INFO - Setting next_dagrun for example_sensor_decorator to None, run_after=None
[2024-06-04T23:58:48.067+0000] {processor.py:183} INFO - Processing /home/airflow/.local/lib/python3.12/site-packages/airflow/example_dags/example_sensor_decorator.py took 0.265 seconds
[2024-06-04T23:59:18.837+0000] {processor.py:161} INFO - Started process (PID=177348) to work on /home/airflow/.local/lib/python3.12/site-packages/airflow/example_dags/example_sensor_decorator.py
[2024-06-04T23:59:18.845+0000] {processor.py:830} INFO - Processing file /home/airflow/.local/lib/python3.12/site-packages/airflow/example_dags/example_sensor_decorator.py for tasks to queue
[2024-06-04T23:59:18.850+0000] {logging_mixin.py:188} INFO - [2024-06-04T23:59:18.849+0000] {dagbag.py:545} INFO - Filling up the DagBag from /home/airflow/.local/lib/python3.12/site-packages/airflow/example_dags/example_sensor_decorator.py
[2024-06-04T23:59:18.864+0000] {processor.py:840} INFO - DAG(s) 'example_sensor_decorator' retrieved from /home/airflow/.local/lib/python3.12/site-packages/airflow/example_dags/example_sensor_decorator.py
[2024-06-04T23:59:18.915+0000] {logging_mixin.py:188} INFO - [2024-06-04T23:59:18.914+0000] {dag.py:3096} INFO - Sync 1 DAGs
[2024-06-04T23:59:18.952+0000] {logging_mixin.py:188} INFO - [2024-06-04T23:59:18.951+0000] {dag.py:3954} INFO - Setting next_dagrun for example_sensor_decorator to None, run_after=None
[2024-06-04T23:59:19.010+0000] {processor.py:183} INFO - Processing /home/airflow/.local/lib/python3.12/site-packages/airflow/example_dags/example_sensor_decorator.py took 0.188 seconds
[2024-06-04T23:59:49.190+0000] {processor.py:161} INFO - Started process (PID=177610) to work on /home/airflow/.local/lib/python3.12/site-packages/airflow/example_dags/example_sensor_decorator.py
[2024-06-04T23:59:49.193+0000] {processor.py:830} INFO - Processing file /home/airflow/.local/lib/python3.12/site-packages/airflow/example_dags/example_sensor_decorator.py for tasks to queue
[2024-06-04T23:59:49.200+0000] {logging_mixin.py:188} INFO - [2024-06-04T23:59:49.199+0000] {dagbag.py:545} INFO - Filling up the DagBag from /home/airflow/.local/lib/python3.12/site-packages/airflow/example_dags/example_sensor_decorator.py
[2024-06-04T23:59:49.213+0000] {processor.py:840} INFO - DAG(s) 'example_sensor_decorator' retrieved from /home/airflow/.local/lib/python3.12/site-packages/airflow/example_dags/example_sensor_decorator.py
[2024-06-04T23:59:49.251+0000] {logging_mixin.py:188} INFO - [2024-06-04T23:59:49.250+0000] {dag.py:3096} INFO - Sync 1 DAGs
[2024-06-04T23:59:49.280+0000] {logging_mixin.py:188} INFO - [2024-06-04T23:59:49.279+0000] {dag.py:3954} INFO - Setting next_dagrun for example_sensor_decorator to None, run_after=None
[2024-06-04T23:59:49.325+0000] {processor.py:183} INFO - Processing /home/airflow/.local/lib/python3.12/site-packages/airflow/example_dags/example_sensor_decorator.py took 0.152 seconds
