[2024-06-04T23:44:14.726+0000] {processor.py:161} INFO - Started process (PID=169718) to work on /home/airflow/.local/lib/python3.12/site-packages/airflow/example_dags/example_bash_operator.py
[2024-06-04T23:44:14.739+0000] {processor.py:830} INFO - Processing file /home/airflow/.local/lib/python3.12/site-packages/airflow/example_dags/example_bash_operator.py for tasks to queue
[2024-06-04T23:44:14.742+0000] {logging_mixin.py:188} INFO - [2024-06-04T23:44:14.742+0000] {dagbag.py:545} INFO - Filling up the DagBag from /home/airflow/.local/lib/python3.12/site-packages/airflow/example_dags/example_bash_operator.py
[2024-06-04T23:44:14.791+0000] {processor.py:840} INFO - DAG(s) 'example_bash_operator' retrieved from /home/airflow/.local/lib/python3.12/site-packages/airflow/example_dags/example_bash_operator.py
[2024-06-04T23:44:14.882+0000] {logging_mixin.py:188} INFO - [2024-06-04T23:44:14.882+0000] {dag.py:3096} INFO - Sync 1 DAGs
[2024-06-04T23:44:15.018+0000] {logging_mixin.py:188} INFO - [2024-06-04T23:44:15.018+0000] {dag.py:3954} INFO - Setting next_dagrun for example_bash_operator to 2024-06-03 00:00:00+00:00, run_after=2024-06-04 00:00:00+00:00
[2024-06-04T23:44:15.376+0000] {processor.py:183} INFO - Processing /home/airflow/.local/lib/python3.12/site-packages/airflow/example_dags/example_bash_operator.py took 0.676 seconds
[2024-06-04T23:44:45.548+0000] {processor.py:161} INFO - Started process (PID=169974) to work on /home/airflow/.local/lib/python3.12/site-packages/airflow/example_dags/example_bash_operator.py
[2024-06-04T23:44:45.550+0000] {processor.py:830} INFO - Processing file /home/airflow/.local/lib/python3.12/site-packages/airflow/example_dags/example_bash_operator.py for tasks to queue
[2024-06-04T23:44:45.553+0000] {logging_mixin.py:188} INFO - [2024-06-04T23:44:45.552+0000] {dagbag.py:545} INFO - Filling up the DagBag from /home/airflow/.local/lib/python3.12/site-packages/airflow/example_dags/example_bash_operator.py
[2024-06-04T23:44:45.579+0000] {processor.py:840} INFO - DAG(s) 'example_bash_operator' retrieved from /home/airflow/.local/lib/python3.12/site-packages/airflow/example_dags/example_bash_operator.py
[2024-06-04T23:44:45.681+0000] {logging_mixin.py:188} INFO - [2024-06-04T23:44:45.681+0000] {dag.py:3096} INFO - Sync 1 DAGs
[2024-06-04T23:44:45.767+0000] {logging_mixin.py:188} INFO - [2024-06-04T23:44:45.767+0000] {dag.py:3954} INFO - Setting next_dagrun for example_bash_operator to 2024-06-03 00:00:00+00:00, run_after=2024-06-04 00:00:00+00:00
[2024-06-04T23:44:46.169+0000] {processor.py:183} INFO - Processing /home/airflow/.local/lib/python3.12/site-packages/airflow/example_dags/example_bash_operator.py took 0.632 seconds
[2024-06-04T23:45:17.327+0000] {processor.py:161} INFO - Started process (PID=170242) to work on /home/airflow/.local/lib/python3.12/site-packages/airflow/example_dags/example_bash_operator.py
[2024-06-04T23:45:17.348+0000] {processor.py:830} INFO - Processing file /home/airflow/.local/lib/python3.12/site-packages/airflow/example_dags/example_bash_operator.py for tasks to queue
[2024-06-04T23:45:17.351+0000] {logging_mixin.py:188} INFO - [2024-06-04T23:45:17.350+0000] {dagbag.py:545} INFO - Filling up the DagBag from /home/airflow/.local/lib/python3.12/site-packages/airflow/example_dags/example_bash_operator.py
[2024-06-04T23:45:17.493+0000] {processor.py:840} INFO - DAG(s) 'example_bash_operator' retrieved from /home/airflow/.local/lib/python3.12/site-packages/airflow/example_dags/example_bash_operator.py
[2024-06-04T23:45:17.792+0000] {logging_mixin.py:188} INFO - [2024-06-04T23:45:17.792+0000] {dag.py:3096} INFO - Sync 1 DAGs
[2024-06-04T23:45:18.025+0000] {logging_mixin.py:188} INFO - [2024-06-04T23:45:18.024+0000] {dag.py:3954} INFO - Setting next_dagrun for example_bash_operator to 2024-06-03 00:00:00+00:00, run_after=2024-06-04 00:00:00+00:00
[2024-06-04T23:45:18.198+0000] {processor.py:183} INFO - Processing /home/airflow/.local/lib/python3.12/site-packages/airflow/example_dags/example_bash_operator.py took 0.974 seconds
[2024-06-04T23:45:48.737+0000] {processor.py:161} INFO - Started process (PID=170504) to work on /home/airflow/.local/lib/python3.12/site-packages/airflow/example_dags/example_bash_operator.py
[2024-06-04T23:45:48.739+0000] {processor.py:830} INFO - Processing file /home/airflow/.local/lib/python3.12/site-packages/airflow/example_dags/example_bash_operator.py for tasks to queue
[2024-06-04T23:45:48.744+0000] {logging_mixin.py:188} INFO - [2024-06-04T23:45:48.742+0000] {dagbag.py:545} INFO - Filling up the DagBag from /home/airflow/.local/lib/python3.12/site-packages/airflow/example_dags/example_bash_operator.py
[2024-06-04T23:45:48.787+0000] {processor.py:840} INFO - DAG(s) 'example_bash_operator' retrieved from /home/airflow/.local/lib/python3.12/site-packages/airflow/example_dags/example_bash_operator.py
[2024-06-04T23:45:48.928+0000] {logging_mixin.py:188} INFO - [2024-06-04T23:45:48.923+0000] {dag.py:3096} INFO - Sync 1 DAGs
[2024-06-04T23:45:49.068+0000] {logging_mixin.py:188} INFO - [2024-06-04T23:45:49.067+0000] {dag.py:3954} INFO - Setting next_dagrun for example_bash_operator to 2024-06-03 00:00:00+00:00, run_after=2024-06-04 00:00:00+00:00
[2024-06-04T23:45:49.283+0000] {processor.py:183} INFO - Processing /home/airflow/.local/lib/python3.12/site-packages/airflow/example_dags/example_bash_operator.py took 0.569 seconds
[2024-06-04T23:46:20.198+0000] {processor.py:161} INFO - Started process (PID=170766) to work on /home/airflow/.local/lib/python3.12/site-packages/airflow/example_dags/example_bash_operator.py
[2024-06-04T23:46:20.200+0000] {processor.py:830} INFO - Processing file /home/airflow/.local/lib/python3.12/site-packages/airflow/example_dags/example_bash_operator.py for tasks to queue
[2024-06-04T23:46:20.203+0000] {logging_mixin.py:188} INFO - [2024-06-04T23:46:20.202+0000] {dagbag.py:545} INFO - Filling up the DagBag from /home/airflow/.local/lib/python3.12/site-packages/airflow/example_dags/example_bash_operator.py
[2024-06-04T23:46:20.233+0000] {processor.py:840} INFO - DAG(s) 'example_bash_operator' retrieved from /home/airflow/.local/lib/python3.12/site-packages/airflow/example_dags/example_bash_operator.py
[2024-06-04T23:46:20.314+0000] {logging_mixin.py:188} INFO - [2024-06-04T23:46:20.313+0000] {dag.py:3096} INFO - Sync 1 DAGs
[2024-06-04T23:46:20.382+0000] {logging_mixin.py:188} INFO - [2024-06-04T23:46:20.381+0000] {dag.py:3954} INFO - Setting next_dagrun for example_bash_operator to 2024-06-03 00:00:00+00:00, run_after=2024-06-04 00:00:00+00:00
[2024-06-04T23:46:20.447+0000] {processor.py:183} INFO - Processing /home/airflow/.local/lib/python3.12/site-packages/airflow/example_dags/example_bash_operator.py took 0.262 seconds
[2024-06-04T23:46:50.754+0000] {processor.py:161} INFO - Started process (PID=171027) to work on /home/airflow/.local/lib/python3.12/site-packages/airflow/example_dags/example_bash_operator.py
[2024-06-04T23:46:50.755+0000] {processor.py:830} INFO - Processing file /home/airflow/.local/lib/python3.12/site-packages/airflow/example_dags/example_bash_operator.py for tasks to queue
[2024-06-04T23:46:50.759+0000] {logging_mixin.py:188} INFO - [2024-06-04T23:46:50.758+0000] {dagbag.py:545} INFO - Filling up the DagBag from /home/airflow/.local/lib/python3.12/site-packages/airflow/example_dags/example_bash_operator.py
[2024-06-04T23:46:50.788+0000] {processor.py:840} INFO - DAG(s) 'example_bash_operator' retrieved from /home/airflow/.local/lib/python3.12/site-packages/airflow/example_dags/example_bash_operator.py
[2024-06-04T23:46:50.865+0000] {logging_mixin.py:188} INFO - [2024-06-04T23:46:50.864+0000] {dag.py:3096} INFO - Sync 1 DAGs
[2024-06-04T23:46:50.964+0000] {logging_mixin.py:188} INFO - [2024-06-04T23:46:50.963+0000] {dag.py:3954} INFO - Setting next_dagrun for example_bash_operator to 2024-06-03 00:00:00+00:00, run_after=2024-06-04 00:00:00+00:00
[2024-06-04T23:46:51.015+0000] {processor.py:183} INFO - Processing /home/airflow/.local/lib/python3.12/site-packages/airflow/example_dags/example_bash_operator.py took 0.276 seconds
[2024-06-04T23:47:21.496+0000] {processor.py:161} INFO - Started process (PID=171287) to work on /home/airflow/.local/lib/python3.12/site-packages/airflow/example_dags/example_bash_operator.py
[2024-06-04T23:47:21.504+0000] {processor.py:830} INFO - Processing file /home/airflow/.local/lib/python3.12/site-packages/airflow/example_dags/example_bash_operator.py for tasks to queue
[2024-06-04T23:47:21.508+0000] {logging_mixin.py:188} INFO - [2024-06-04T23:47:21.507+0000] {dagbag.py:545} INFO - Filling up the DagBag from /home/airflow/.local/lib/python3.12/site-packages/airflow/example_dags/example_bash_operator.py
[2024-06-04T23:47:21.554+0000] {processor.py:840} INFO - DAG(s) 'example_bash_operator' retrieved from /home/airflow/.local/lib/python3.12/site-packages/airflow/example_dags/example_bash_operator.py
[2024-06-04T23:47:21.652+0000] {logging_mixin.py:188} INFO - [2024-06-04T23:47:21.652+0000] {dag.py:3096} INFO - Sync 1 DAGs
[2024-06-04T23:47:21.706+0000] {logging_mixin.py:188} INFO - [2024-06-04T23:47:21.705+0000] {dag.py:3954} INFO - Setting next_dagrun for example_bash_operator to 2024-06-03 00:00:00+00:00, run_after=2024-06-04 00:00:00+00:00
[2024-06-04T23:47:21.762+0000] {processor.py:183} INFO - Processing /home/airflow/.local/lib/python3.12/site-packages/airflow/example_dags/example_bash_operator.py took 0.291 seconds
[2024-06-04T23:47:51.863+0000] {processor.py:161} INFO - Started process (PID=171549) to work on /home/airflow/.local/lib/python3.12/site-packages/airflow/example_dags/example_bash_operator.py
[2024-06-04T23:47:51.865+0000] {processor.py:830} INFO - Processing file /home/airflow/.local/lib/python3.12/site-packages/airflow/example_dags/example_bash_operator.py for tasks to queue
[2024-06-04T23:47:51.870+0000] {logging_mixin.py:188} INFO - [2024-06-04T23:47:51.869+0000] {dagbag.py:545} INFO - Filling up the DagBag from /home/airflow/.local/lib/python3.12/site-packages/airflow/example_dags/example_bash_operator.py
[2024-06-04T23:47:51.899+0000] {processor.py:840} INFO - DAG(s) 'example_bash_operator' retrieved from /home/airflow/.local/lib/python3.12/site-packages/airflow/example_dags/example_bash_operator.py
[2024-06-04T23:47:51.982+0000] {logging_mixin.py:188} INFO - [2024-06-04T23:47:51.981+0000] {dag.py:3096} INFO - Sync 1 DAGs
[2024-06-04T23:47:52.076+0000] {logging_mixin.py:188} INFO - [2024-06-04T23:47:52.075+0000] {dag.py:3954} INFO - Setting next_dagrun for example_bash_operator to 2024-06-03 00:00:00+00:00, run_after=2024-06-04 00:00:00+00:00
[2024-06-04T23:47:52.180+0000] {processor.py:183} INFO - Processing /home/airflow/.local/lib/python3.12/site-packages/airflow/example_dags/example_bash_operator.py took 0.332 seconds
[2024-06-04T23:48:22.599+0000] {processor.py:161} INFO - Started process (PID=171812) to work on /home/airflow/.local/lib/python3.12/site-packages/airflow/example_dags/example_bash_operator.py
[2024-06-04T23:48:22.605+0000] {processor.py:830} INFO - Processing file /home/airflow/.local/lib/python3.12/site-packages/airflow/example_dags/example_bash_operator.py for tasks to queue
[2024-06-04T23:48:22.609+0000] {logging_mixin.py:188} INFO - [2024-06-04T23:48:22.608+0000] {dagbag.py:545} INFO - Filling up the DagBag from /home/airflow/.local/lib/python3.12/site-packages/airflow/example_dags/example_bash_operator.py
[2024-06-04T23:48:22.649+0000] {processor.py:840} INFO - DAG(s) 'example_bash_operator' retrieved from /home/airflow/.local/lib/python3.12/site-packages/airflow/example_dags/example_bash_operator.py
[2024-06-04T23:48:22.724+0000] {logging_mixin.py:188} INFO - [2024-06-04T23:48:22.723+0000] {dag.py:3096} INFO - Sync 1 DAGs
[2024-06-04T23:48:22.790+0000] {logging_mixin.py:188} INFO - [2024-06-04T23:48:22.789+0000] {dag.py:3954} INFO - Setting next_dagrun for example_bash_operator to 2024-06-03 00:00:00+00:00, run_after=2024-06-04 00:00:00+00:00
[2024-06-04T23:48:22.841+0000] {processor.py:183} INFO - Processing /home/airflow/.local/lib/python3.12/site-packages/airflow/example_dags/example_bash_operator.py took 0.270 seconds
[2024-06-04T23:48:53.148+0000] {processor.py:161} INFO - Started process (PID=172074) to work on /home/airflow/.local/lib/python3.12/site-packages/airflow/example_dags/example_bash_operator.py
[2024-06-04T23:48:53.150+0000] {processor.py:830} INFO - Processing file /home/airflow/.local/lib/python3.12/site-packages/airflow/example_dags/example_bash_operator.py for tasks to queue
[2024-06-04T23:48:53.153+0000] {logging_mixin.py:188} INFO - [2024-06-04T23:48:53.152+0000] {dagbag.py:545} INFO - Filling up the DagBag from /home/airflow/.local/lib/python3.12/site-packages/airflow/example_dags/example_bash_operator.py
[2024-06-04T23:48:53.180+0000] {processor.py:840} INFO - DAG(s) 'example_bash_operator' retrieved from /home/airflow/.local/lib/python3.12/site-packages/airflow/example_dags/example_bash_operator.py
[2024-06-04T23:48:53.258+0000] {logging_mixin.py:188} INFO - [2024-06-04T23:48:53.257+0000] {dag.py:3096} INFO - Sync 1 DAGs
[2024-06-04T23:48:53.324+0000] {logging_mixin.py:188} INFO - [2024-06-04T23:48:53.324+0000] {dag.py:3954} INFO - Setting next_dagrun for example_bash_operator to 2024-06-03 00:00:00+00:00, run_after=2024-06-04 00:00:00+00:00
[2024-06-04T23:48:53.473+0000] {processor.py:183} INFO - Processing /home/airflow/.local/lib/python3.12/site-packages/airflow/example_dags/example_bash_operator.py took 0.338 seconds
[2024-06-04T23:49:23.792+0000] {processor.py:161} INFO - Started process (PID=172335) to work on /home/airflow/.local/lib/python3.12/site-packages/airflow/example_dags/example_bash_operator.py
[2024-06-04T23:49:23.801+0000] {processor.py:830} INFO - Processing file /home/airflow/.local/lib/python3.12/site-packages/airflow/example_dags/example_bash_operator.py for tasks to queue
[2024-06-04T23:49:23.804+0000] {logging_mixin.py:188} INFO - [2024-06-04T23:49:23.804+0000] {dagbag.py:545} INFO - Filling up the DagBag from /home/airflow/.local/lib/python3.12/site-packages/airflow/example_dags/example_bash_operator.py
[2024-06-04T23:49:23.911+0000] {processor.py:840} INFO - DAG(s) 'example_bash_operator' retrieved from /home/airflow/.local/lib/python3.12/site-packages/airflow/example_dags/example_bash_operator.py
[2024-06-04T23:49:23.998+0000] {logging_mixin.py:188} INFO - [2024-06-04T23:49:23.997+0000] {dag.py:3096} INFO - Sync 1 DAGs
[2024-06-04T23:49:24.067+0000] {logging_mixin.py:188} INFO - [2024-06-04T23:49:24.066+0000] {dag.py:3954} INFO - Setting next_dagrun for example_bash_operator to 2024-06-03 00:00:00+00:00, run_after=2024-06-04 00:00:00+00:00
[2024-06-04T23:49:24.125+0000] {processor.py:183} INFO - Processing /home/airflow/.local/lib/python3.12/site-packages/airflow/example_dags/example_bash_operator.py took 0.374 seconds
[2024-06-04T23:49:54.673+0000] {processor.py:161} INFO - Started process (PID=172597) to work on /home/airflow/.local/lib/python3.12/site-packages/airflow/example_dags/example_bash_operator.py
[2024-06-04T23:49:54.675+0000] {processor.py:830} INFO - Processing file /home/airflow/.local/lib/python3.12/site-packages/airflow/example_dags/example_bash_operator.py for tasks to queue
[2024-06-04T23:49:54.678+0000] {logging_mixin.py:188} INFO - [2024-06-04T23:49:54.677+0000] {dagbag.py:545} INFO - Filling up the DagBag from /home/airflow/.local/lib/python3.12/site-packages/airflow/example_dags/example_bash_operator.py
[2024-06-04T23:49:54.708+0000] {processor.py:840} INFO - DAG(s) 'example_bash_operator' retrieved from /home/airflow/.local/lib/python3.12/site-packages/airflow/example_dags/example_bash_operator.py
[2024-06-04T23:49:54.782+0000] {logging_mixin.py:188} INFO - [2024-06-04T23:49:54.781+0000] {dag.py:3096} INFO - Sync 1 DAGs
[2024-06-04T23:49:54.842+0000] {logging_mixin.py:188} INFO - [2024-06-04T23:49:54.842+0000] {dag.py:3954} INFO - Setting next_dagrun for example_bash_operator to 2024-06-03 00:00:00+00:00, run_after=2024-06-04 00:00:00+00:00
[2024-06-04T23:49:54.919+0000] {processor.py:183} INFO - Processing /home/airflow/.local/lib/python3.12/site-packages/airflow/example_dags/example_bash_operator.py took 0.261 seconds
[2024-06-04T23:50:25.072+0000] {processor.py:161} INFO - Started process (PID=172859) to work on /home/airflow/.local/lib/python3.12/site-packages/airflow/example_dags/example_bash_operator.py
[2024-06-04T23:50:25.078+0000] {processor.py:830} INFO - Processing file /home/airflow/.local/lib/python3.12/site-packages/airflow/example_dags/example_bash_operator.py for tasks to queue
[2024-06-04T23:50:25.082+0000] {logging_mixin.py:188} INFO - [2024-06-04T23:50:25.081+0000] {dagbag.py:545} INFO - Filling up the DagBag from /home/airflow/.local/lib/python3.12/site-packages/airflow/example_dags/example_bash_operator.py
[2024-06-04T23:50:25.135+0000] {processor.py:840} INFO - DAG(s) 'example_bash_operator' retrieved from /home/airflow/.local/lib/python3.12/site-packages/airflow/example_dags/example_bash_operator.py
[2024-06-04T23:50:25.269+0000] {logging_mixin.py:188} INFO - [2024-06-04T23:50:25.268+0000] {dag.py:3096} INFO - Sync 1 DAGs
[2024-06-04T23:50:25.373+0000] {logging_mixin.py:188} INFO - [2024-06-04T23:50:25.373+0000] {dag.py:3954} INFO - Setting next_dagrun for example_bash_operator to 2024-06-03 00:00:00+00:00, run_after=2024-06-04 00:00:00+00:00
[2024-06-04T23:50:25.523+0000] {processor.py:183} INFO - Processing /home/airflow/.local/lib/python3.12/site-packages/airflow/example_dags/example_bash_operator.py took 0.477 seconds
[2024-06-04T23:50:56.305+0000] {processor.py:161} INFO - Started process (PID=173121) to work on /home/airflow/.local/lib/python3.12/site-packages/airflow/example_dags/example_bash_operator.py
[2024-06-04T23:50:56.307+0000] {processor.py:830} INFO - Processing file /home/airflow/.local/lib/python3.12/site-packages/airflow/example_dags/example_bash_operator.py for tasks to queue
[2024-06-04T23:50:56.311+0000] {logging_mixin.py:188} INFO - [2024-06-04T23:50:56.310+0000] {dagbag.py:545} INFO - Filling up the DagBag from /home/airflow/.local/lib/python3.12/site-packages/airflow/example_dags/example_bash_operator.py
[2024-06-04T23:50:56.339+0000] {processor.py:840} INFO - DAG(s) 'example_bash_operator' retrieved from /home/airflow/.local/lib/python3.12/site-packages/airflow/example_dags/example_bash_operator.py
[2024-06-04T23:50:56.413+0000] {logging_mixin.py:188} INFO - [2024-06-04T23:50:56.413+0000] {dag.py:3096} INFO - Sync 1 DAGs
[2024-06-04T23:50:56.475+0000] {logging_mixin.py:188} INFO - [2024-06-04T23:50:56.475+0000] {dag.py:3954} INFO - Setting next_dagrun for example_bash_operator to 2024-06-03 00:00:00+00:00, run_after=2024-06-04 00:00:00+00:00
[2024-06-04T23:50:56.537+0000] {processor.py:183} INFO - Processing /home/airflow/.local/lib/python3.12/site-packages/airflow/example_dags/example_bash_operator.py took 0.245 seconds
[2024-06-04T23:51:27.553+0000] {processor.py:161} INFO - Started process (PID=173384) to work on /home/airflow/.local/lib/python3.12/site-packages/airflow/example_dags/example_bash_operator.py
[2024-06-04T23:51:27.554+0000] {processor.py:830} INFO - Processing file /home/airflow/.local/lib/python3.12/site-packages/airflow/example_dags/example_bash_operator.py for tasks to queue
[2024-06-04T23:51:27.558+0000] {logging_mixin.py:188} INFO - [2024-06-04T23:51:27.557+0000] {dagbag.py:545} INFO - Filling up the DagBag from /home/airflow/.local/lib/python3.12/site-packages/airflow/example_dags/example_bash_operator.py
[2024-06-04T23:51:27.588+0000] {processor.py:840} INFO - DAG(s) 'example_bash_operator' retrieved from /home/airflow/.local/lib/python3.12/site-packages/airflow/example_dags/example_bash_operator.py
[2024-06-04T23:51:27.665+0000] {logging_mixin.py:188} INFO - [2024-06-04T23:51:27.664+0000] {dag.py:3096} INFO - Sync 1 DAGs
[2024-06-04T23:51:27.793+0000] {logging_mixin.py:188} INFO - [2024-06-04T23:51:27.792+0000] {dag.py:3954} INFO - Setting next_dagrun for example_bash_operator to 2024-06-03 00:00:00+00:00, run_after=2024-06-04 00:00:00+00:00
[2024-06-04T23:51:27.907+0000] {processor.py:183} INFO - Processing /home/airflow/.local/lib/python3.12/site-packages/airflow/example_dags/example_bash_operator.py took 0.368 seconds
[2024-06-04T23:51:58.246+0000] {processor.py:161} INFO - Started process (PID=173645) to work on /home/airflow/.local/lib/python3.12/site-packages/airflow/example_dags/example_bash_operator.py
[2024-06-04T23:51:58.265+0000] {processor.py:830} INFO - Processing file /home/airflow/.local/lib/python3.12/site-packages/airflow/example_dags/example_bash_operator.py for tasks to queue
[2024-06-04T23:51:58.269+0000] {logging_mixin.py:188} INFO - [2024-06-04T23:51:58.268+0000] {dagbag.py:545} INFO - Filling up the DagBag from /home/airflow/.local/lib/python3.12/site-packages/airflow/example_dags/example_bash_operator.py
[2024-06-04T23:51:58.300+0000] {processor.py:840} INFO - DAG(s) 'example_bash_operator' retrieved from /home/airflow/.local/lib/python3.12/site-packages/airflow/example_dags/example_bash_operator.py
[2024-06-04T23:51:58.378+0000] {logging_mixin.py:188} INFO - [2024-06-04T23:51:58.377+0000] {dag.py:3096} INFO - Sync 1 DAGs
[2024-06-04T23:51:58.459+0000] {logging_mixin.py:188} INFO - [2024-06-04T23:51:58.458+0000] {dag.py:3954} INFO - Setting next_dagrun for example_bash_operator to 2024-06-03 00:00:00+00:00, run_after=2024-06-04 00:00:00+00:00
[2024-06-04T23:51:58.513+0000] {processor.py:183} INFO - Processing /home/airflow/.local/lib/python3.12/site-packages/airflow/example_dags/example_bash_operator.py took 0.281 seconds
[2024-06-04T23:52:29.369+0000] {processor.py:161} INFO - Started process (PID=173907) to work on /home/airflow/.local/lib/python3.12/site-packages/airflow/example_dags/example_bash_operator.py
[2024-06-04T23:52:29.384+0000] {processor.py:830} INFO - Processing file /home/airflow/.local/lib/python3.12/site-packages/airflow/example_dags/example_bash_operator.py for tasks to queue
[2024-06-04T23:52:29.388+0000] {logging_mixin.py:188} INFO - [2024-06-04T23:52:29.387+0000] {dagbag.py:545} INFO - Filling up the DagBag from /home/airflow/.local/lib/python3.12/site-packages/airflow/example_dags/example_bash_operator.py
[2024-06-04T23:52:29.442+0000] {processor.py:840} INFO - DAG(s) 'example_bash_operator' retrieved from /home/airflow/.local/lib/python3.12/site-packages/airflow/example_dags/example_bash_operator.py
[2024-06-04T23:52:29.572+0000] {logging_mixin.py:188} INFO - [2024-06-04T23:52:29.571+0000] {dag.py:3096} INFO - Sync 1 DAGs
[2024-06-04T23:52:29.638+0000] {logging_mixin.py:188} INFO - [2024-06-04T23:52:29.638+0000] {dag.py:3954} INFO - Setting next_dagrun for example_bash_operator to 2024-06-03 00:00:00+00:00, run_after=2024-06-04 00:00:00+00:00
[2024-06-04T23:52:29.687+0000] {processor.py:183} INFO - Processing /home/airflow/.local/lib/python3.12/site-packages/airflow/example_dags/example_bash_operator.py took 0.341 seconds
[2024-06-04T23:52:59.985+0000] {processor.py:161} INFO - Started process (PID=174169) to work on /home/airflow/.local/lib/python3.12/site-packages/airflow/example_dags/example_bash_operator.py
[2024-06-04T23:52:59.992+0000] {processor.py:830} INFO - Processing file /home/airflow/.local/lib/python3.12/site-packages/airflow/example_dags/example_bash_operator.py for tasks to queue
[2024-06-04T23:52:59.995+0000] {logging_mixin.py:188} INFO - [2024-06-04T23:52:59.995+0000] {dagbag.py:545} INFO - Filling up the DagBag from /home/airflow/.local/lib/python3.12/site-packages/airflow/example_dags/example_bash_operator.py
[2024-06-04T23:53:00.025+0000] {processor.py:840} INFO - DAG(s) 'example_bash_operator' retrieved from /home/airflow/.local/lib/python3.12/site-packages/airflow/example_dags/example_bash_operator.py
[2024-06-04T23:53:00.103+0000] {logging_mixin.py:188} INFO - [2024-06-04T23:53:00.102+0000] {dag.py:3096} INFO - Sync 1 DAGs
[2024-06-04T23:53:00.240+0000] {logging_mixin.py:188} INFO - [2024-06-04T23:53:00.236+0000] {dag.py:3954} INFO - Setting next_dagrun for example_bash_operator to 2024-06-03 00:00:00+00:00, run_after=2024-06-04 00:00:00+00:00
[2024-06-04T23:53:00.341+0000] {processor.py:183} INFO - Processing /home/airflow/.local/lib/python3.12/site-packages/airflow/example_dags/example_bash_operator.py took 0.370 seconds
[2024-06-04T23:53:30.498+0000] {processor.py:161} INFO - Started process (PID=174431) to work on /home/airflow/.local/lib/python3.12/site-packages/airflow/example_dags/example_bash_operator.py
[2024-06-04T23:53:30.502+0000] {processor.py:830} INFO - Processing file /home/airflow/.local/lib/python3.12/site-packages/airflow/example_dags/example_bash_operator.py for tasks to queue
[2024-06-04T23:53:30.509+0000] {logging_mixin.py:188} INFO - [2024-06-04T23:53:30.508+0000] {dagbag.py:545} INFO - Filling up the DagBag from /home/airflow/.local/lib/python3.12/site-packages/airflow/example_dags/example_bash_operator.py
[2024-06-04T23:53:30.558+0000] {processor.py:840} INFO - DAG(s) 'example_bash_operator' retrieved from /home/airflow/.local/lib/python3.12/site-packages/airflow/example_dags/example_bash_operator.py
[2024-06-04T23:53:30.687+0000] {logging_mixin.py:188} INFO - [2024-06-04T23:53:30.687+0000] {dag.py:3096} INFO - Sync 1 DAGs
[2024-06-04T23:53:30.784+0000] {logging_mixin.py:188} INFO - [2024-06-04T23:53:30.784+0000] {dag.py:3954} INFO - Setting next_dagrun for example_bash_operator to 2024-06-03 00:00:00+00:00, run_after=2024-06-04 00:00:00+00:00
[2024-06-04T23:53:30.902+0000] {processor.py:183} INFO - Processing /home/airflow/.local/lib/python3.12/site-packages/airflow/example_dags/example_bash_operator.py took 0.427 seconds
[2024-06-04T23:54:01.576+0000] {processor.py:161} INFO - Started process (PID=174691) to work on /home/airflow/.local/lib/python3.12/site-packages/airflow/example_dags/example_bash_operator.py
[2024-06-04T23:54:01.583+0000] {processor.py:830} INFO - Processing file /home/airflow/.local/lib/python3.12/site-packages/airflow/example_dags/example_bash_operator.py for tasks to queue
[2024-06-04T23:54:01.586+0000] {logging_mixin.py:188} INFO - [2024-06-04T23:54:01.586+0000] {dagbag.py:545} INFO - Filling up the DagBag from /home/airflow/.local/lib/python3.12/site-packages/airflow/example_dags/example_bash_operator.py
[2024-06-04T23:54:01.632+0000] {processor.py:840} INFO - DAG(s) 'example_bash_operator' retrieved from /home/airflow/.local/lib/python3.12/site-packages/airflow/example_dags/example_bash_operator.py
[2024-06-04T23:54:01.768+0000] {logging_mixin.py:188} INFO - [2024-06-04T23:54:01.767+0000] {dag.py:3096} INFO - Sync 1 DAGs
[2024-06-04T23:54:01.885+0000] {logging_mixin.py:188} INFO - [2024-06-04T23:54:01.884+0000] {dag.py:3954} INFO - Setting next_dagrun for example_bash_operator to 2024-06-03 00:00:00+00:00, run_after=2024-06-04 00:00:00+00:00
[2024-06-04T23:54:01.968+0000] {processor.py:183} INFO - Processing /home/airflow/.local/lib/python3.12/site-packages/airflow/example_dags/example_bash_operator.py took 0.418 seconds
[2024-06-04T23:54:32.464+0000] {processor.py:161} INFO - Started process (PID=174955) to work on /home/airflow/.local/lib/python3.12/site-packages/airflow/example_dags/example_bash_operator.py
[2024-06-04T23:54:32.466+0000] {processor.py:830} INFO - Processing file /home/airflow/.local/lib/python3.12/site-packages/airflow/example_dags/example_bash_operator.py for tasks to queue
[2024-06-04T23:54:32.470+0000] {logging_mixin.py:188} INFO - [2024-06-04T23:54:32.469+0000] {dagbag.py:545} INFO - Filling up the DagBag from /home/airflow/.local/lib/python3.12/site-packages/airflow/example_dags/example_bash_operator.py
[2024-06-04T23:54:32.567+0000] {processor.py:840} INFO - DAG(s) 'example_bash_operator' retrieved from /home/airflow/.local/lib/python3.12/site-packages/airflow/example_dags/example_bash_operator.py
[2024-06-04T23:54:32.781+0000] {logging_mixin.py:188} INFO - [2024-06-04T23:54:32.780+0000] {dag.py:3096} INFO - Sync 1 DAGs
[2024-06-04T23:54:32.857+0000] {logging_mixin.py:188} INFO - [2024-06-04T23:54:32.856+0000] {dag.py:3954} INFO - Setting next_dagrun for example_bash_operator to 2024-06-03 00:00:00+00:00, run_after=2024-06-04 00:00:00+00:00
[2024-06-04T23:54:32.913+0000] {processor.py:183} INFO - Processing /home/airflow/.local/lib/python3.12/site-packages/airflow/example_dags/example_bash_operator.py took 0.467 seconds
[2024-06-04T23:55:03.096+0000] {processor.py:161} INFO - Started process (PID=175220) to work on /home/airflow/.local/lib/python3.12/site-packages/airflow/example_dags/example_bash_operator.py
[2024-06-04T23:55:03.107+0000] {processor.py:830} INFO - Processing file /home/airflow/.local/lib/python3.12/site-packages/airflow/example_dags/example_bash_operator.py for tasks to queue
[2024-06-04T23:55:03.110+0000] {logging_mixin.py:188} INFO - [2024-06-04T23:55:03.110+0000] {dagbag.py:545} INFO - Filling up the DagBag from /home/airflow/.local/lib/python3.12/site-packages/airflow/example_dags/example_bash_operator.py
[2024-06-04T23:55:03.136+0000] {processor.py:840} INFO - DAG(s) 'example_bash_operator' retrieved from /home/airflow/.local/lib/python3.12/site-packages/airflow/example_dags/example_bash_operator.py
[2024-06-04T23:55:03.221+0000] {logging_mixin.py:188} INFO - [2024-06-04T23:55:03.220+0000] {dag.py:3096} INFO - Sync 1 DAGs
[2024-06-04T23:55:03.299+0000] {logging_mixin.py:188} INFO - [2024-06-04T23:55:03.298+0000] {dag.py:3954} INFO - Setting next_dagrun for example_bash_operator to 2024-06-03 00:00:00+00:00, run_after=2024-06-04 00:00:00+00:00
[2024-06-04T23:55:03.359+0000] {processor.py:183} INFO - Processing /home/airflow/.local/lib/python3.12/site-packages/airflow/example_dags/example_bash_operator.py took 0.276 seconds
[2024-06-04T23:55:34.114+0000] {processor.py:161} INFO - Started process (PID=175480) to work on /home/airflow/.local/lib/python3.12/site-packages/airflow/example_dags/example_bash_operator.py
[2024-06-04T23:55:34.116+0000] {processor.py:830} INFO - Processing file /home/airflow/.local/lib/python3.12/site-packages/airflow/example_dags/example_bash_operator.py for tasks to queue
[2024-06-04T23:55:34.125+0000] {logging_mixin.py:188} INFO - [2024-06-04T23:55:34.125+0000] {dagbag.py:545} INFO - Filling up the DagBag from /home/airflow/.local/lib/python3.12/site-packages/airflow/example_dags/example_bash_operator.py
[2024-06-04T23:55:34.180+0000] {processor.py:840} INFO - DAG(s) 'example_bash_operator' retrieved from /home/airflow/.local/lib/python3.12/site-packages/airflow/example_dags/example_bash_operator.py
[2024-06-04T23:55:34.301+0000] {logging_mixin.py:188} INFO - [2024-06-04T23:55:34.300+0000] {dag.py:3096} INFO - Sync 1 DAGs
[2024-06-04T23:55:34.362+0000] {logging_mixin.py:188} INFO - [2024-06-04T23:55:34.361+0000] {dag.py:3954} INFO - Setting next_dagrun for example_bash_operator to 2024-06-03 00:00:00+00:00, run_after=2024-06-04 00:00:00+00:00
[2024-06-04T23:55:34.412+0000] {processor.py:183} INFO - Processing /home/airflow/.local/lib/python3.12/site-packages/airflow/example_dags/example_bash_operator.py took 0.315 seconds
[2024-06-04T23:56:05.290+0000] {processor.py:161} INFO - Started process (PID=175742) to work on /home/airflow/.local/lib/python3.12/site-packages/airflow/example_dags/example_bash_operator.py
[2024-06-04T23:56:05.292+0000] {processor.py:830} INFO - Processing file /home/airflow/.local/lib/python3.12/site-packages/airflow/example_dags/example_bash_operator.py for tasks to queue
[2024-06-04T23:56:05.298+0000] {logging_mixin.py:188} INFO - [2024-06-04T23:56:05.298+0000] {dagbag.py:545} INFO - Filling up the DagBag from /home/airflow/.local/lib/python3.12/site-packages/airflow/example_dags/example_bash_operator.py
[2024-06-04T23:56:05.330+0000] {processor.py:840} INFO - DAG(s) 'example_bash_operator' retrieved from /home/airflow/.local/lib/python3.12/site-packages/airflow/example_dags/example_bash_operator.py
[2024-06-04T23:56:05.405+0000] {logging_mixin.py:188} INFO - [2024-06-04T23:56:05.404+0000] {dag.py:3096} INFO - Sync 1 DAGs
[2024-06-04T23:56:05.456+0000] {logging_mixin.py:188} INFO - [2024-06-04T23:56:05.456+0000] {dag.py:3954} INFO - Setting next_dagrun for example_bash_operator to 2024-06-03 00:00:00+00:00, run_after=2024-06-04 00:00:00+00:00
[2024-06-04T23:56:05.605+0000] {processor.py:183} INFO - Processing /home/airflow/.local/lib/python3.12/site-packages/airflow/example_dags/example_bash_operator.py took 0.329 seconds
[2024-06-04T23:56:35.759+0000] {processor.py:161} INFO - Started process (PID=176001) to work on /home/airflow/.local/lib/python3.12/site-packages/airflow/example_dags/example_bash_operator.py
[2024-06-04T23:56:35.768+0000] {processor.py:830} INFO - Processing file /home/airflow/.local/lib/python3.12/site-packages/airflow/example_dags/example_bash_operator.py for tasks to queue
[2024-06-04T23:56:35.783+0000] {logging_mixin.py:188} INFO - [2024-06-04T23:56:35.770+0000] {dagbag.py:545} INFO - Filling up the DagBag from /home/airflow/.local/lib/python3.12/site-packages/airflow/example_dags/example_bash_operator.py
[2024-06-04T23:56:35.822+0000] {processor.py:840} INFO - DAG(s) 'example_bash_operator' retrieved from /home/airflow/.local/lib/python3.12/site-packages/airflow/example_dags/example_bash_operator.py
[2024-06-04T23:56:35.892+0000] {logging_mixin.py:188} INFO - [2024-06-04T23:56:35.891+0000] {dag.py:3096} INFO - Sync 1 DAGs
[2024-06-04T23:56:35.946+0000] {logging_mixin.py:188} INFO - [2024-06-04T23:56:35.946+0000] {dag.py:3954} INFO - Setting next_dagrun for example_bash_operator to 2024-06-03 00:00:00+00:00, run_after=2024-06-04 00:00:00+00:00
[2024-06-04T23:56:35.992+0000] {processor.py:183} INFO - Processing /home/airflow/.local/lib/python3.12/site-packages/airflow/example_dags/example_bash_operator.py took 0.261 seconds
[2024-06-04T23:57:06.072+0000] {processor.py:161} INFO - Started process (PID=176260) to work on /home/airflow/.local/lib/python3.12/site-packages/airflow/example_dags/example_bash_operator.py
[2024-06-04T23:57:06.086+0000] {processor.py:830} INFO - Processing file /home/airflow/.local/lib/python3.12/site-packages/airflow/example_dags/example_bash_operator.py for tasks to queue
[2024-06-04T23:57:06.089+0000] {logging_mixin.py:188} INFO - [2024-06-04T23:57:06.089+0000] {dagbag.py:545} INFO - Filling up the DagBag from /home/airflow/.local/lib/python3.12/site-packages/airflow/example_dags/example_bash_operator.py
[2024-06-04T23:57:06.120+0000] {processor.py:840} INFO - DAG(s) 'example_bash_operator' retrieved from /home/airflow/.local/lib/python3.12/site-packages/airflow/example_dags/example_bash_operator.py
[2024-06-04T23:57:06.204+0000] {logging_mixin.py:188} INFO - [2024-06-04T23:57:06.204+0000] {dag.py:3096} INFO - Sync 1 DAGs
[2024-06-04T23:57:06.267+0000] {logging_mixin.py:188} INFO - [2024-06-04T23:57:06.266+0000] {dag.py:3954} INFO - Setting next_dagrun for example_bash_operator to 2024-06-03 00:00:00+00:00, run_after=2024-06-04 00:00:00+00:00
[2024-06-04T23:57:06.311+0000] {processor.py:183} INFO - Processing /home/airflow/.local/lib/python3.12/site-packages/airflow/example_dags/example_bash_operator.py took 0.253 seconds
[2024-06-04T23:57:36.915+0000] {processor.py:161} INFO - Started process (PID=176522) to work on /home/airflow/.local/lib/python3.12/site-packages/airflow/example_dags/example_bash_operator.py
[2024-06-04T23:57:36.917+0000] {processor.py:830} INFO - Processing file /home/airflow/.local/lib/python3.12/site-packages/airflow/example_dags/example_bash_operator.py for tasks to queue
[2024-06-04T23:57:36.921+0000] {logging_mixin.py:188} INFO - [2024-06-04T23:57:36.920+0000] {dagbag.py:545} INFO - Filling up the DagBag from /home/airflow/.local/lib/python3.12/site-packages/airflow/example_dags/example_bash_operator.py
[2024-06-04T23:57:36.949+0000] {processor.py:840} INFO - DAG(s) 'example_bash_operator' retrieved from /home/airflow/.local/lib/python3.12/site-packages/airflow/example_dags/example_bash_operator.py
[2024-06-04T23:57:37.028+0000] {logging_mixin.py:188} INFO - [2024-06-04T23:57:37.027+0000] {dag.py:3096} INFO - Sync 1 DAGs
[2024-06-04T23:57:37.102+0000] {logging_mixin.py:188} INFO - [2024-06-04T23:57:37.101+0000] {dag.py:3954} INFO - Setting next_dagrun for example_bash_operator to 2024-06-03 00:00:00+00:00, run_after=2024-06-04 00:00:00+00:00
[2024-06-04T23:57:37.153+0000] {processor.py:183} INFO - Processing /home/airflow/.local/lib/python3.12/site-packages/airflow/example_dags/example_bash_operator.py took 0.251 seconds
[2024-06-04T23:58:08.111+0000] {processor.py:161} INFO - Started process (PID=176784) to work on /home/airflow/.local/lib/python3.12/site-packages/airflow/example_dags/example_bash_operator.py
[2024-06-04T23:58:08.120+0000] {processor.py:830} INFO - Processing file /home/airflow/.local/lib/python3.12/site-packages/airflow/example_dags/example_bash_operator.py for tasks to queue
[2024-06-04T23:58:08.132+0000] {logging_mixin.py:188} INFO - [2024-06-04T23:58:08.131+0000] {dagbag.py:545} INFO - Filling up the DagBag from /home/airflow/.local/lib/python3.12/site-packages/airflow/example_dags/example_bash_operator.py
[2024-06-04T23:58:08.178+0000] {processor.py:840} INFO - DAG(s) 'example_bash_operator' retrieved from /home/airflow/.local/lib/python3.12/site-packages/airflow/example_dags/example_bash_operator.py
[2024-06-04T23:58:08.298+0000] {logging_mixin.py:188} INFO - [2024-06-04T23:58:08.297+0000] {dag.py:3096} INFO - Sync 1 DAGs
[2024-06-04T23:58:08.413+0000] {logging_mixin.py:188} INFO - [2024-06-04T23:58:08.413+0000] {dag.py:3954} INFO - Setting next_dagrun for example_bash_operator to 2024-06-03 00:00:00+00:00, run_after=2024-06-04 00:00:00+00:00
[2024-06-04T23:58:08.490+0000] {processor.py:183} INFO - Processing /home/airflow/.local/lib/python3.12/site-packages/airflow/example_dags/example_bash_operator.py took 0.413 seconds
[2024-06-04T23:58:38.839+0000] {processor.py:161} INFO - Started process (PID=177045) to work on /home/airflow/.local/lib/python3.12/site-packages/airflow/example_dags/example_bash_operator.py
[2024-06-04T23:58:38.841+0000] {processor.py:830} INFO - Processing file /home/airflow/.local/lib/python3.12/site-packages/airflow/example_dags/example_bash_operator.py for tasks to queue
[2024-06-04T23:58:38.844+0000] {logging_mixin.py:188} INFO - [2024-06-04T23:58:38.844+0000] {dagbag.py:545} INFO - Filling up the DagBag from /home/airflow/.local/lib/python3.12/site-packages/airflow/example_dags/example_bash_operator.py
[2024-06-04T23:58:38.868+0000] {processor.py:840} INFO - DAG(s) 'example_bash_operator' retrieved from /home/airflow/.local/lib/python3.12/site-packages/airflow/example_dags/example_bash_operator.py
[2024-06-04T23:58:38.934+0000] {logging_mixin.py:188} INFO - [2024-06-04T23:58:38.934+0000] {dag.py:3096} INFO - Sync 1 DAGs
[2024-06-04T23:58:38.996+0000] {logging_mixin.py:188} INFO - [2024-06-04T23:58:38.995+0000] {dag.py:3954} INFO - Setting next_dagrun for example_bash_operator to 2024-06-03 00:00:00+00:00, run_after=2024-06-04 00:00:00+00:00
[2024-06-04T23:58:39.299+0000] {processor.py:183} INFO - Processing /home/airflow/.local/lib/python3.12/site-packages/airflow/example_dags/example_bash_operator.py took 0.474 seconds
[2024-06-04T23:59:09.942+0000] {processor.py:161} INFO - Started process (PID=177306) to work on /home/airflow/.local/lib/python3.12/site-packages/airflow/example_dags/example_bash_operator.py
[2024-06-04T23:59:09.943+0000] {processor.py:830} INFO - Processing file /home/airflow/.local/lib/python3.12/site-packages/airflow/example_dags/example_bash_operator.py for tasks to queue
[2024-06-04T23:59:09.946+0000] {logging_mixin.py:188} INFO - [2024-06-04T23:59:09.946+0000] {dagbag.py:545} INFO - Filling up the DagBag from /home/airflow/.local/lib/python3.12/site-packages/airflow/example_dags/example_bash_operator.py
[2024-06-04T23:59:09.969+0000] {processor.py:840} INFO - DAG(s) 'example_bash_operator' retrieved from /home/airflow/.local/lib/python3.12/site-packages/airflow/example_dags/example_bash_operator.py
[2024-06-04T23:59:10.032+0000] {logging_mixin.py:188} INFO - [2024-06-04T23:59:10.031+0000] {dag.py:3096} INFO - Sync 1 DAGs
[2024-06-04T23:59:10.098+0000] {logging_mixin.py:188} INFO - [2024-06-04T23:59:10.098+0000] {dag.py:3954} INFO - Setting next_dagrun for example_bash_operator to 2024-06-03 00:00:00+00:00, run_after=2024-06-04 00:00:00+00:00
[2024-06-04T23:59:10.408+0000] {processor.py:183} INFO - Processing /home/airflow/.local/lib/python3.12/site-packages/airflow/example_dags/example_bash_operator.py took 0.478 seconds
[2024-06-04T23:59:40.697+0000] {processor.py:161} INFO - Started process (PID=177561) to work on /home/airflow/.local/lib/python3.12/site-packages/airflow/example_dags/example_bash_operator.py
[2024-06-04T23:59:40.711+0000] {processor.py:830} INFO - Processing file /home/airflow/.local/lib/python3.12/site-packages/airflow/example_dags/example_bash_operator.py for tasks to queue
[2024-06-04T23:59:40.715+0000] {logging_mixin.py:188} INFO - [2024-06-04T23:59:40.714+0000] {dagbag.py:545} INFO - Filling up the DagBag from /home/airflow/.local/lib/python3.12/site-packages/airflow/example_dags/example_bash_operator.py
[2024-06-04T23:59:40.770+0000] {processor.py:840} INFO - DAG(s) 'example_bash_operator' retrieved from /home/airflow/.local/lib/python3.12/site-packages/airflow/example_dags/example_bash_operator.py
[2024-06-04T23:59:40.949+0000] {logging_mixin.py:188} INFO - [2024-06-04T23:59:40.948+0000] {dag.py:3096} INFO - Sync 1 DAGs
[2024-06-04T23:59:41.054+0000] {logging_mixin.py:188} INFO - [2024-06-04T23:59:41.054+0000] {dag.py:3954} INFO - Setting next_dagrun for example_bash_operator to 2024-06-03 00:00:00+00:00, run_after=2024-06-04 00:00:00+00:00
[2024-06-04T23:59:41.117+0000] {processor.py:183} INFO - Processing /home/airflow/.local/lib/python3.12/site-packages/airflow/example_dags/example_bash_operator.py took 0.457 seconds
