[2024-06-04T23:44:23.939+0000] {processor.py:161} INFO - Started process (PID=169754) to work on /home/airflow/.local/lib/python3.12/site-packages/airflow/example_dags/example_trigger_controller_dag.py
[2024-06-04T23:44:23.941+0000] {processor.py:830} INFO - Processing file /home/airflow/.local/lib/python3.12/site-packages/airflow/example_dags/example_trigger_controller_dag.py for tasks to queue
[2024-06-04T23:44:23.960+0000] {logging_mixin.py:188} INFO - [2024-06-04T23:44:23.959+0000] {dagbag.py:545} INFO - Filling up the DagBag from /home/airflow/.local/lib/python3.12/site-packages/airflow/example_dags/example_trigger_controller_dag.py
[2024-06-04T23:44:24.000+0000] {processor.py:840} INFO - DAG(s) 'example_trigger_controller_dag' retrieved from /home/airflow/.local/lib/python3.12/site-packages/airflow/example_dags/example_trigger_controller_dag.py
[2024-06-04T23:44:24.237+0000] {logging_mixin.py:188} INFO - [2024-06-04T23:44:24.236+0000] {dag.py:3096} INFO - Sync 1 DAGs
[2024-06-04T23:44:24.569+0000] {logging_mixin.py:188} INFO - [2024-06-04T23:44:24.568+0000] {dag.py:3954} INFO - Setting next_dagrun for example_trigger_controller_dag to 2021-01-01 00:00:00+00:00, run_after=2021-01-01 00:00:00+00:00
[2024-06-04T23:44:24.728+0000] {processor.py:183} INFO - Processing /home/airflow/.local/lib/python3.12/site-packages/airflow/example_dags/example_trigger_controller_dag.py took 0.855 seconds
[2024-06-04T23:44:55.999+0000] {processor.py:161} INFO - Started process (PID=170021) to work on /home/airflow/.local/lib/python3.12/site-packages/airflow/example_dags/example_trigger_controller_dag.py
[2024-06-04T23:44:56.001+0000] {processor.py:830} INFO - Processing file /home/airflow/.local/lib/python3.12/site-packages/airflow/example_dags/example_trigger_controller_dag.py for tasks to queue
[2024-06-04T23:44:56.005+0000] {logging_mixin.py:188} INFO - [2024-06-04T23:44:56.004+0000] {dagbag.py:545} INFO - Filling up the DagBag from /home/airflow/.local/lib/python3.12/site-packages/airflow/example_dags/example_trigger_controller_dag.py
[2024-06-04T23:44:56.015+0000] {processor.py:840} INFO - DAG(s) 'example_trigger_controller_dag' retrieved from /home/airflow/.local/lib/python3.12/site-packages/airflow/example_dags/example_trigger_controller_dag.py
[2024-06-04T23:44:56.049+0000] {logging_mixin.py:188} INFO - [2024-06-04T23:44:56.049+0000] {dag.py:3096} INFO - Sync 1 DAGs
[2024-06-04T23:44:56.098+0000] {logging_mixin.py:188} INFO - [2024-06-04T23:44:56.097+0000] {dag.py:3954} INFO - Setting next_dagrun for example_trigger_controller_dag to 2021-01-01 00:00:00+00:00, run_after=2021-01-01 00:00:00+00:00
[2024-06-04T23:44:56.273+0000] {processor.py:183} INFO - Processing /home/airflow/.local/lib/python3.12/site-packages/airflow/example_dags/example_trigger_controller_dag.py took 0.292 seconds
[2024-06-04T23:45:28.030+0000] {processor.py:161} INFO - Started process (PID=170292) to work on /home/airflow/.local/lib/python3.12/site-packages/airflow/example_dags/example_trigger_controller_dag.py
[2024-06-04T23:45:28.046+0000] {processor.py:830} INFO - Processing file /home/airflow/.local/lib/python3.12/site-packages/airflow/example_dags/example_trigger_controller_dag.py for tasks to queue
[2024-06-04T23:45:28.053+0000] {logging_mixin.py:188} INFO - [2024-06-04T23:45:28.052+0000] {dagbag.py:545} INFO - Filling up the DagBag from /home/airflow/.local/lib/python3.12/site-packages/airflow/example_dags/example_trigger_controller_dag.py
[2024-06-04T23:45:28.084+0000] {processor.py:840} INFO - DAG(s) 'example_trigger_controller_dag' retrieved from /home/airflow/.local/lib/python3.12/site-packages/airflow/example_dags/example_trigger_controller_dag.py
[2024-06-04T23:45:28.212+0000] {logging_mixin.py:188} INFO - [2024-06-04T23:45:28.212+0000] {dag.py:3096} INFO - Sync 1 DAGs
[2024-06-04T23:45:28.337+0000] {logging_mixin.py:188} INFO - [2024-06-04T23:45:28.337+0000] {dag.py:3954} INFO - Setting next_dagrun for example_trigger_controller_dag to 2021-01-01 00:00:00+00:00, run_after=2021-01-01 00:00:00+00:00
[2024-06-04T23:45:28.426+0000] {processor.py:183} INFO - Processing /home/airflow/.local/lib/python3.12/site-packages/airflow/example_dags/example_trigger_controller_dag.py took 0.446 seconds
[2024-06-04T23:45:59.818+0000] {processor.py:161} INFO - Started process (PID=170555) to work on /home/airflow/.local/lib/python3.12/site-packages/airflow/example_dags/example_trigger_controller_dag.py
[2024-06-04T23:45:59.840+0000] {processor.py:830} INFO - Processing file /home/airflow/.local/lib/python3.12/site-packages/airflow/example_dags/example_trigger_controller_dag.py for tasks to queue
[2024-06-04T23:45:59.860+0000] {logging_mixin.py:188} INFO - [2024-06-04T23:45:59.859+0000] {dagbag.py:545} INFO - Filling up the DagBag from /home/airflow/.local/lib/python3.12/site-packages/airflow/example_dags/example_trigger_controller_dag.py
[2024-06-04T23:45:59.917+0000] {processor.py:840} INFO - DAG(s) 'example_trigger_controller_dag' retrieved from /home/airflow/.local/lib/python3.12/site-packages/airflow/example_dags/example_trigger_controller_dag.py
[2024-06-04T23:46:00.131+0000] {logging_mixin.py:188} INFO - [2024-06-04T23:46:00.131+0000] {dag.py:3096} INFO - Sync 1 DAGs
[2024-06-04T23:46:00.343+0000] {logging_mixin.py:188} INFO - [2024-06-04T23:46:00.342+0000] {dag.py:3954} INFO - Setting next_dagrun for example_trigger_controller_dag to 2021-01-01 00:00:00+00:00, run_after=2021-01-01 00:00:00+00:00
[2024-06-04T23:46:00.664+0000] {processor.py:183} INFO - Processing /home/airflow/.local/lib/python3.12/site-packages/airflow/example_dags/example_trigger_controller_dag.py took 0.913 seconds
[2024-06-04T23:46:31.240+0000] {processor.py:161} INFO - Started process (PID=170819) to work on /home/airflow/.local/lib/python3.12/site-packages/airflow/example_dags/example_trigger_controller_dag.py
[2024-06-04T23:46:31.241+0000] {processor.py:830} INFO - Processing file /home/airflow/.local/lib/python3.12/site-packages/airflow/example_dags/example_trigger_controller_dag.py for tasks to queue
[2024-06-04T23:46:31.245+0000] {logging_mixin.py:188} INFO - [2024-06-04T23:46:31.244+0000] {dagbag.py:545} INFO - Filling up the DagBag from /home/airflow/.local/lib/python3.12/site-packages/airflow/example_dags/example_trigger_controller_dag.py
[2024-06-04T23:46:31.253+0000] {processor.py:840} INFO - DAG(s) 'example_trigger_controller_dag' retrieved from /home/airflow/.local/lib/python3.12/site-packages/airflow/example_dags/example_trigger_controller_dag.py
[2024-06-04T23:46:31.291+0000] {logging_mixin.py:188} INFO - [2024-06-04T23:46:31.290+0000] {dag.py:3096} INFO - Sync 1 DAGs
[2024-06-04T23:46:31.340+0000] {logging_mixin.py:188} INFO - [2024-06-04T23:46:31.339+0000] {dag.py:3954} INFO - Setting next_dagrun for example_trigger_controller_dag to 2021-01-01 00:00:00+00:00, run_after=2021-01-01 00:00:00+00:00
[2024-06-04T23:46:31.405+0000] {processor.py:183} INFO - Processing /home/airflow/.local/lib/python3.12/site-packages/airflow/example_dags/example_trigger_controller_dag.py took 0.178 seconds
[2024-06-04T23:47:01.963+0000] {processor.py:161} INFO - Started process (PID=171080) to work on /home/airflow/.local/lib/python3.12/site-packages/airflow/example_dags/example_trigger_controller_dag.py
[2024-06-04T23:47:01.965+0000] {processor.py:830} INFO - Processing file /home/airflow/.local/lib/python3.12/site-packages/airflow/example_dags/example_trigger_controller_dag.py for tasks to queue
[2024-06-04T23:47:01.969+0000] {logging_mixin.py:188} INFO - [2024-06-04T23:47:01.968+0000] {dagbag.py:545} INFO - Filling up the DagBag from /home/airflow/.local/lib/python3.12/site-packages/airflow/example_dags/example_trigger_controller_dag.py
[2024-06-04T23:47:01.980+0000] {processor.py:840} INFO - DAG(s) 'example_trigger_controller_dag' retrieved from /home/airflow/.local/lib/python3.12/site-packages/airflow/example_dags/example_trigger_controller_dag.py
[2024-06-04T23:47:02.028+0000] {logging_mixin.py:188} INFO - [2024-06-04T23:47:02.028+0000] {dag.py:3096} INFO - Sync 1 DAGs
[2024-06-04T23:47:02.093+0000] {logging_mixin.py:188} INFO - [2024-06-04T23:47:02.092+0000] {dag.py:3954} INFO - Setting next_dagrun for example_trigger_controller_dag to 2021-01-01 00:00:00+00:00, run_after=2021-01-01 00:00:00+00:00
[2024-06-04T23:47:02.164+0000] {processor.py:183} INFO - Processing /home/airflow/.local/lib/python3.12/site-packages/airflow/example_dags/example_trigger_controller_dag.py took 0.215 seconds
[2024-06-04T23:47:32.478+0000] {processor.py:161} INFO - Started process (PID=171341) to work on /home/airflow/.local/lib/python3.12/site-packages/airflow/example_dags/example_trigger_controller_dag.py
[2024-06-04T23:47:32.480+0000] {processor.py:830} INFO - Processing file /home/airflow/.local/lib/python3.12/site-packages/airflow/example_dags/example_trigger_controller_dag.py for tasks to queue
[2024-06-04T23:47:32.495+0000] {logging_mixin.py:188} INFO - [2024-06-04T23:47:32.483+0000] {dagbag.py:545} INFO - Filling up the DagBag from /home/airflow/.local/lib/python3.12/site-packages/airflow/example_dags/example_trigger_controller_dag.py
[2024-06-04T23:47:32.511+0000] {processor.py:840} INFO - DAG(s) 'example_trigger_controller_dag' retrieved from /home/airflow/.local/lib/python3.12/site-packages/airflow/example_dags/example_trigger_controller_dag.py
[2024-06-04T23:47:32.603+0000] {logging_mixin.py:188} INFO - [2024-06-04T23:47:32.603+0000] {dag.py:3096} INFO - Sync 1 DAGs
[2024-06-04T23:47:32.741+0000] {logging_mixin.py:188} INFO - [2024-06-04T23:47:32.740+0000] {dag.py:3954} INFO - Setting next_dagrun for example_trigger_controller_dag to 2021-01-01 00:00:00+00:00, run_after=2021-01-01 00:00:00+00:00
[2024-06-04T23:47:32.853+0000] {processor.py:183} INFO - Processing /home/airflow/.local/lib/python3.12/site-packages/airflow/example_dags/example_trigger_controller_dag.py took 0.394 seconds
[2024-06-04T23:48:03.295+0000] {processor.py:161} INFO - Started process (PID=171603) to work on /home/airflow/.local/lib/python3.12/site-packages/airflow/example_dags/example_trigger_controller_dag.py
[2024-06-04T23:48:03.297+0000] {processor.py:830} INFO - Processing file /home/airflow/.local/lib/python3.12/site-packages/airflow/example_dags/example_trigger_controller_dag.py for tasks to queue
[2024-06-04T23:48:03.302+0000] {logging_mixin.py:188} INFO - [2024-06-04T23:48:03.301+0000] {dagbag.py:545} INFO - Filling up the DagBag from /home/airflow/.local/lib/python3.12/site-packages/airflow/example_dags/example_trigger_controller_dag.py
[2024-06-04T23:48:03.313+0000] {processor.py:840} INFO - DAG(s) 'example_trigger_controller_dag' retrieved from /home/airflow/.local/lib/python3.12/site-packages/airflow/example_dags/example_trigger_controller_dag.py
[2024-06-04T23:48:03.362+0000] {logging_mixin.py:188} INFO - [2024-06-04T23:48:03.361+0000] {dag.py:3096} INFO - Sync 1 DAGs
[2024-06-04T23:48:03.442+0000] {logging_mixin.py:188} INFO - [2024-06-04T23:48:03.441+0000] {dag.py:3954} INFO - Setting next_dagrun for example_trigger_controller_dag to 2021-01-01 00:00:00+00:00, run_after=2021-01-01 00:00:00+00:00
[2024-06-04T23:48:03.560+0000] {processor.py:183} INFO - Processing /home/airflow/.local/lib/python3.12/site-packages/airflow/example_dags/example_trigger_controller_dag.py took 0.280 seconds
[2024-06-04T23:48:34.346+0000] {processor.py:161} INFO - Started process (PID=171863) to work on /home/airflow/.local/lib/python3.12/site-packages/airflow/example_dags/example_trigger_controller_dag.py
[2024-06-04T23:48:34.352+0000] {processor.py:830} INFO - Processing file /home/airflow/.local/lib/python3.12/site-packages/airflow/example_dags/example_trigger_controller_dag.py for tasks to queue
[2024-06-04T23:48:34.382+0000] {logging_mixin.py:188} INFO - [2024-06-04T23:48:34.381+0000] {dagbag.py:545} INFO - Filling up the DagBag from /home/airflow/.local/lib/python3.12/site-packages/airflow/example_dags/example_trigger_controller_dag.py
[2024-06-04T23:48:34.409+0000] {processor.py:840} INFO - DAG(s) 'example_trigger_controller_dag' retrieved from /home/airflow/.local/lib/python3.12/site-packages/airflow/example_dags/example_trigger_controller_dag.py
[2024-06-04T23:48:34.521+0000] {logging_mixin.py:188} INFO - [2024-06-04T23:48:34.520+0000] {dag.py:3096} INFO - Sync 1 DAGs
[2024-06-04T23:48:34.592+0000] {logging_mixin.py:188} INFO - [2024-06-04T23:48:34.592+0000] {dag.py:3954} INFO - Setting next_dagrun for example_trigger_controller_dag to 2021-01-01 00:00:00+00:00, run_after=2021-01-01 00:00:00+00:00
[2024-06-04T23:48:34.639+0000] {processor.py:183} INFO - Processing /home/airflow/.local/lib/python3.12/site-packages/airflow/example_dags/example_trigger_controller_dag.py took 0.335 seconds
[2024-06-04T23:49:05.434+0000] {processor.py:161} INFO - Started process (PID=172124) to work on /home/airflow/.local/lib/python3.12/site-packages/airflow/example_dags/example_trigger_controller_dag.py
[2024-06-04T23:49:05.437+0000] {processor.py:830} INFO - Processing file /home/airflow/.local/lib/python3.12/site-packages/airflow/example_dags/example_trigger_controller_dag.py for tasks to queue
[2024-06-04T23:49:05.443+0000] {logging_mixin.py:188} INFO - [2024-06-04T23:49:05.442+0000] {dagbag.py:545} INFO - Filling up the DagBag from /home/airflow/.local/lib/python3.12/site-packages/airflow/example_dags/example_trigger_controller_dag.py
[2024-06-04T23:49:05.462+0000] {processor.py:840} INFO - DAG(s) 'example_trigger_controller_dag' retrieved from /home/airflow/.local/lib/python3.12/site-packages/airflow/example_dags/example_trigger_controller_dag.py
[2024-06-04T23:49:05.540+0000] {logging_mixin.py:188} INFO - [2024-06-04T23:49:05.540+0000] {dag.py:3096} INFO - Sync 1 DAGs
[2024-06-04T23:49:05.610+0000] {logging_mixin.py:188} INFO - [2024-06-04T23:49:05.610+0000] {dag.py:3954} INFO - Setting next_dagrun for example_trigger_controller_dag to 2021-01-01 00:00:00+00:00, run_after=2021-01-01 00:00:00+00:00
[2024-06-04T23:49:05.704+0000] {processor.py:183} INFO - Processing /home/airflow/.local/lib/python3.12/site-packages/airflow/example_dags/example_trigger_controller_dag.py took 0.302 seconds
[2024-06-04T23:49:35.973+0000] {processor.py:161} INFO - Started process (PID=172385) to work on /home/airflow/.local/lib/python3.12/site-packages/airflow/example_dags/example_trigger_controller_dag.py
[2024-06-04T23:49:35.974+0000] {processor.py:830} INFO - Processing file /home/airflow/.local/lib/python3.12/site-packages/airflow/example_dags/example_trigger_controller_dag.py for tasks to queue
[2024-06-04T23:49:35.978+0000] {logging_mixin.py:188} INFO - [2024-06-04T23:49:35.977+0000] {dagbag.py:545} INFO - Filling up the DagBag from /home/airflow/.local/lib/python3.12/site-packages/airflow/example_dags/example_trigger_controller_dag.py
[2024-06-04T23:49:35.988+0000] {processor.py:840} INFO - DAG(s) 'example_trigger_controller_dag' retrieved from /home/airflow/.local/lib/python3.12/site-packages/airflow/example_dags/example_trigger_controller_dag.py
[2024-06-04T23:49:36.037+0000] {logging_mixin.py:188} INFO - [2024-06-04T23:49:36.036+0000] {dag.py:3096} INFO - Sync 1 DAGs
[2024-06-04T23:49:36.098+0000] {logging_mixin.py:188} INFO - [2024-06-04T23:49:36.097+0000] {dag.py:3954} INFO - Setting next_dagrun for example_trigger_controller_dag to 2021-01-01 00:00:00+00:00, run_after=2021-01-01 00:00:00+00:00
[2024-06-04T23:49:36.149+0000] {processor.py:183} INFO - Processing /home/airflow/.local/lib/python3.12/site-packages/airflow/example_dags/example_trigger_controller_dag.py took 0.191 seconds
[2024-06-04T23:50:06.750+0000] {processor.py:161} INFO - Started process (PID=172647) to work on /home/airflow/.local/lib/python3.12/site-packages/airflow/example_dags/example_trigger_controller_dag.py
[2024-06-04T23:50:06.752+0000] {processor.py:830} INFO - Processing file /home/airflow/.local/lib/python3.12/site-packages/airflow/example_dags/example_trigger_controller_dag.py for tasks to queue
[2024-06-04T23:50:06.756+0000] {logging_mixin.py:188} INFO - [2024-06-04T23:50:06.755+0000] {dagbag.py:545} INFO - Filling up the DagBag from /home/airflow/.local/lib/python3.12/site-packages/airflow/example_dags/example_trigger_controller_dag.py
[2024-06-04T23:50:06.770+0000] {processor.py:840} INFO - DAG(s) 'example_trigger_controller_dag' retrieved from /home/airflow/.local/lib/python3.12/site-packages/airflow/example_dags/example_trigger_controller_dag.py
[2024-06-04T23:50:06.815+0000] {logging_mixin.py:188} INFO - [2024-06-04T23:50:06.814+0000] {dag.py:3096} INFO - Sync 1 DAGs
[2024-06-04T23:50:06.875+0000] {logging_mixin.py:188} INFO - [2024-06-04T23:50:06.875+0000] {dag.py:3954} INFO - Setting next_dagrun for example_trigger_controller_dag to 2021-01-01 00:00:00+00:00, run_after=2021-01-01 00:00:00+00:00
[2024-06-04T23:50:06.937+0000] {processor.py:183} INFO - Processing /home/airflow/.local/lib/python3.12/site-packages/airflow/example_dags/example_trigger_controller_dag.py took 0.203 seconds
[2024-06-04T23:50:37.483+0000] {processor.py:161} INFO - Started process (PID=172909) to work on /home/airflow/.local/lib/python3.12/site-packages/airflow/example_dags/example_trigger_controller_dag.py
[2024-06-04T23:50:37.490+0000] {processor.py:830} INFO - Processing file /home/airflow/.local/lib/python3.12/site-packages/airflow/example_dags/example_trigger_controller_dag.py for tasks to queue
[2024-06-04T23:50:37.494+0000] {logging_mixin.py:188} INFO - [2024-06-04T23:50:37.493+0000] {dagbag.py:545} INFO - Filling up the DagBag from /home/airflow/.local/lib/python3.12/site-packages/airflow/example_dags/example_trigger_controller_dag.py
[2024-06-04T23:50:37.507+0000] {processor.py:840} INFO - DAG(s) 'example_trigger_controller_dag' retrieved from /home/airflow/.local/lib/python3.12/site-packages/airflow/example_dags/example_trigger_controller_dag.py
[2024-06-04T23:50:37.555+0000] {logging_mixin.py:188} INFO - [2024-06-04T23:50:37.554+0000] {dag.py:3096} INFO - Sync 1 DAGs
[2024-06-04T23:50:37.617+0000] {logging_mixin.py:188} INFO - [2024-06-04T23:50:37.617+0000] {dag.py:3954} INFO - Setting next_dagrun for example_trigger_controller_dag to 2021-01-01 00:00:00+00:00, run_after=2021-01-01 00:00:00+00:00
[2024-06-04T23:50:37.671+0000] {processor.py:183} INFO - Processing /home/airflow/.local/lib/python3.12/site-packages/airflow/example_dags/example_trigger_controller_dag.py took 0.223 seconds
[2024-06-04T23:51:08.342+0000] {processor.py:161} INFO - Started process (PID=173171) to work on /home/airflow/.local/lib/python3.12/site-packages/airflow/example_dags/example_trigger_controller_dag.py
[2024-06-04T23:51:08.344+0000] {processor.py:830} INFO - Processing file /home/airflow/.local/lib/python3.12/site-packages/airflow/example_dags/example_trigger_controller_dag.py for tasks to queue
[2024-06-04T23:51:08.347+0000] {logging_mixin.py:188} INFO - [2024-06-04T23:51:08.347+0000] {dagbag.py:545} INFO - Filling up the DagBag from /home/airflow/.local/lib/python3.12/site-packages/airflow/example_dags/example_trigger_controller_dag.py
[2024-06-04T23:51:08.359+0000] {processor.py:840} INFO - DAG(s) 'example_trigger_controller_dag' retrieved from /home/airflow/.local/lib/python3.12/site-packages/airflow/example_dags/example_trigger_controller_dag.py
[2024-06-04T23:51:08.408+0000] {logging_mixin.py:188} INFO - [2024-06-04T23:51:08.408+0000] {dag.py:3096} INFO - Sync 1 DAGs
[2024-06-04T23:51:08.467+0000] {logging_mixin.py:188} INFO - [2024-06-04T23:51:08.467+0000] {dag.py:3954} INFO - Setting next_dagrun for example_trigger_controller_dag to 2021-01-01 00:00:00+00:00, run_after=2021-01-01 00:00:00+00:00
[2024-06-04T23:51:08.537+0000] {processor.py:183} INFO - Processing /home/airflow/.local/lib/python3.12/site-packages/airflow/example_dags/example_trigger_controller_dag.py took 0.210 seconds
[2024-06-04T23:51:38.989+0000] {processor.py:161} INFO - Started process (PID=173434) to work on /home/airflow/.local/lib/python3.12/site-packages/airflow/example_dags/example_trigger_controller_dag.py
[2024-06-04T23:51:38.996+0000] {processor.py:830} INFO - Processing file /home/airflow/.local/lib/python3.12/site-packages/airflow/example_dags/example_trigger_controller_dag.py for tasks to queue
[2024-06-04T23:51:39.004+0000] {logging_mixin.py:188} INFO - [2024-06-04T23:51:38.999+0000] {dagbag.py:545} INFO - Filling up the DagBag from /home/airflow/.local/lib/python3.12/site-packages/airflow/example_dags/example_trigger_controller_dag.py
[2024-06-04T23:51:39.029+0000] {processor.py:840} INFO - DAG(s) 'example_trigger_controller_dag' retrieved from /home/airflow/.local/lib/python3.12/site-packages/airflow/example_dags/example_trigger_controller_dag.py
[2024-06-04T23:51:39.099+0000] {logging_mixin.py:188} INFO - [2024-06-04T23:51:39.099+0000] {dag.py:3096} INFO - Sync 1 DAGs
[2024-06-04T23:51:39.216+0000] {logging_mixin.py:188} INFO - [2024-06-04T23:51:39.216+0000] {dag.py:3954} INFO - Setting next_dagrun for example_trigger_controller_dag to 2021-01-01 00:00:00+00:00, run_after=2021-01-01 00:00:00+00:00
[2024-06-04T23:51:39.312+0000] {processor.py:183} INFO - Processing /home/airflow/.local/lib/python3.12/site-packages/airflow/example_dags/example_trigger_controller_dag.py took 0.349 seconds
[2024-06-04T23:52:09.580+0000] {processor.py:161} INFO - Started process (PID=173697) to work on /home/airflow/.local/lib/python3.12/site-packages/airflow/example_dags/example_trigger_controller_dag.py
[2024-06-04T23:52:09.582+0000] {processor.py:830} INFO - Processing file /home/airflow/.local/lib/python3.12/site-packages/airflow/example_dags/example_trigger_controller_dag.py for tasks to queue
[2024-06-04T23:52:09.585+0000] {logging_mixin.py:188} INFO - [2024-06-04T23:52:09.584+0000] {dagbag.py:545} INFO - Filling up the DagBag from /home/airflow/.local/lib/python3.12/site-packages/airflow/example_dags/example_trigger_controller_dag.py
[2024-06-04T23:52:09.593+0000] {processor.py:840} INFO - DAG(s) 'example_trigger_controller_dag' retrieved from /home/airflow/.local/lib/python3.12/site-packages/airflow/example_dags/example_trigger_controller_dag.py
[2024-06-04T23:52:09.630+0000] {logging_mixin.py:188} INFO - [2024-06-04T23:52:09.629+0000] {dag.py:3096} INFO - Sync 1 DAGs
[2024-06-04T23:52:09.680+0000] {logging_mixin.py:188} INFO - [2024-06-04T23:52:09.679+0000] {dag.py:3954} INFO - Setting next_dagrun for example_trigger_controller_dag to 2021-01-01 00:00:00+00:00, run_after=2021-01-01 00:00:00+00:00
[2024-06-04T23:52:09.726+0000] {processor.py:183} INFO - Processing /home/airflow/.local/lib/python3.12/site-packages/airflow/example_dags/example_trigger_controller_dag.py took 0.158 seconds
[2024-06-04T23:52:40.638+0000] {processor.py:161} INFO - Started process (PID=173959) to work on /home/airflow/.local/lib/python3.12/site-packages/airflow/example_dags/example_trigger_controller_dag.py
[2024-06-04T23:52:40.644+0000] {processor.py:830} INFO - Processing file /home/airflow/.local/lib/python3.12/site-packages/airflow/example_dags/example_trigger_controller_dag.py for tasks to queue
[2024-06-04T23:52:40.654+0000] {logging_mixin.py:188} INFO - [2024-06-04T23:52:40.653+0000] {dagbag.py:545} INFO - Filling up the DagBag from /home/airflow/.local/lib/python3.12/site-packages/airflow/example_dags/example_trigger_controller_dag.py
[2024-06-04T23:52:40.672+0000] {processor.py:840} INFO - DAG(s) 'example_trigger_controller_dag' retrieved from /home/airflow/.local/lib/python3.12/site-packages/airflow/example_dags/example_trigger_controller_dag.py
[2024-06-04T23:52:40.754+0000] {logging_mixin.py:188} INFO - [2024-06-04T23:52:40.753+0000] {dag.py:3096} INFO - Sync 1 DAGs
[2024-06-04T23:52:40.814+0000] {logging_mixin.py:188} INFO - [2024-06-04T23:52:40.813+0000] {dag.py:3954} INFO - Setting next_dagrun for example_trigger_controller_dag to 2021-01-01 00:00:00+00:00, run_after=2021-01-01 00:00:00+00:00
[2024-06-04T23:52:40.861+0000] {processor.py:183} INFO - Processing /home/airflow/.local/lib/python3.12/site-packages/airflow/example_dags/example_trigger_controller_dag.py took 0.240 seconds
[2024-06-04T23:53:11.244+0000] {processor.py:161} INFO - Started process (PID=174221) to work on /home/airflow/.local/lib/python3.12/site-packages/airflow/example_dags/example_trigger_controller_dag.py
[2024-06-04T23:53:11.246+0000] {processor.py:830} INFO - Processing file /home/airflow/.local/lib/python3.12/site-packages/airflow/example_dags/example_trigger_controller_dag.py for tasks to queue
[2024-06-04T23:53:11.249+0000] {logging_mixin.py:188} INFO - [2024-06-04T23:53:11.249+0000] {dagbag.py:545} INFO - Filling up the DagBag from /home/airflow/.local/lib/python3.12/site-packages/airflow/example_dags/example_trigger_controller_dag.py
[2024-06-04T23:53:11.260+0000] {processor.py:840} INFO - DAG(s) 'example_trigger_controller_dag' retrieved from /home/airflow/.local/lib/python3.12/site-packages/airflow/example_dags/example_trigger_controller_dag.py
[2024-06-04T23:53:11.309+0000] {logging_mixin.py:188} INFO - [2024-06-04T23:53:11.309+0000] {dag.py:3096} INFO - Sync 1 DAGs
[2024-06-04T23:53:11.371+0000] {logging_mixin.py:188} INFO - [2024-06-04T23:53:11.370+0000] {dag.py:3954} INFO - Setting next_dagrun for example_trigger_controller_dag to 2021-01-01 00:00:00+00:00, run_after=2021-01-01 00:00:00+00:00
[2024-06-04T23:53:11.444+0000] {processor.py:183} INFO - Processing /home/airflow/.local/lib/python3.12/site-packages/airflow/example_dags/example_trigger_controller_dag.py took 0.214 seconds
[2024-06-04T23:53:42.174+0000] {processor.py:161} INFO - Started process (PID=174484) to work on /home/airflow/.local/lib/python3.12/site-packages/airflow/example_dags/example_trigger_controller_dag.py
[2024-06-04T23:53:42.175+0000] {processor.py:830} INFO - Processing file /home/airflow/.local/lib/python3.12/site-packages/airflow/example_dags/example_trigger_controller_dag.py for tasks to queue
[2024-06-04T23:53:42.190+0000] {logging_mixin.py:188} INFO - [2024-06-04T23:53:42.189+0000] {dagbag.py:545} INFO - Filling up the DagBag from /home/airflow/.local/lib/python3.12/site-packages/airflow/example_dags/example_trigger_controller_dag.py
[2024-06-04T23:53:42.215+0000] {processor.py:840} INFO - DAG(s) 'example_trigger_controller_dag' retrieved from /home/airflow/.local/lib/python3.12/site-packages/airflow/example_dags/example_trigger_controller_dag.py
[2024-06-04T23:53:42.361+0000] {logging_mixin.py:188} INFO - [2024-06-04T23:53:42.360+0000] {dag.py:3096} INFO - Sync 1 DAGs
[2024-06-04T23:53:42.426+0000] {logging_mixin.py:188} INFO - [2024-06-04T23:53:42.425+0000] {dag.py:3954} INFO - Setting next_dagrun for example_trigger_controller_dag to 2021-01-01 00:00:00+00:00, run_after=2021-01-01 00:00:00+00:00
[2024-06-04T23:53:42.553+0000] {processor.py:183} INFO - Processing /home/airflow/.local/lib/python3.12/site-packages/airflow/example_dags/example_trigger_controller_dag.py took 0.395 seconds
[2024-06-04T23:54:13.107+0000] {processor.py:161} INFO - Started process (PID=174745) to work on /home/airflow/.local/lib/python3.12/site-packages/airflow/example_dags/example_trigger_controller_dag.py
[2024-06-04T23:54:13.110+0000] {processor.py:830} INFO - Processing file /home/airflow/.local/lib/python3.12/site-packages/airflow/example_dags/example_trigger_controller_dag.py for tasks to queue
[2024-06-04T23:54:13.114+0000] {logging_mixin.py:188} INFO - [2024-06-04T23:54:13.113+0000] {dagbag.py:545} INFO - Filling up the DagBag from /home/airflow/.local/lib/python3.12/site-packages/airflow/example_dags/example_trigger_controller_dag.py
[2024-06-04T23:54:13.125+0000] {processor.py:840} INFO - DAG(s) 'example_trigger_controller_dag' retrieved from /home/airflow/.local/lib/python3.12/site-packages/airflow/example_dags/example_trigger_controller_dag.py
[2024-06-04T23:54:13.174+0000] {logging_mixin.py:188} INFO - [2024-06-04T23:54:13.173+0000] {dag.py:3096} INFO - Sync 1 DAGs
[2024-06-04T23:54:13.241+0000] {logging_mixin.py:188} INFO - [2024-06-04T23:54:13.241+0000] {dag.py:3954} INFO - Setting next_dagrun for example_trigger_controller_dag to 2021-01-01 00:00:00+00:00, run_after=2021-01-01 00:00:00+00:00
[2024-06-04T23:54:13.319+0000] {processor.py:183} INFO - Processing /home/airflow/.local/lib/python3.12/site-packages/airflow/example_dags/example_trigger_controller_dag.py took 0.227 seconds
[2024-06-04T23:54:44.017+0000] {processor.py:161} INFO - Started process (PID=175007) to work on /home/airflow/.local/lib/python3.12/site-packages/airflow/example_dags/example_trigger_controller_dag.py
[2024-06-04T23:54:44.019+0000] {processor.py:830} INFO - Processing file /home/airflow/.local/lib/python3.12/site-packages/airflow/example_dags/example_trigger_controller_dag.py for tasks to queue
[2024-06-04T23:54:44.023+0000] {logging_mixin.py:188} INFO - [2024-06-04T23:54:44.022+0000] {dagbag.py:545} INFO - Filling up the DagBag from /home/airflow/.local/lib/python3.12/site-packages/airflow/example_dags/example_trigger_controller_dag.py
[2024-06-04T23:54:44.032+0000] {processor.py:840} INFO - DAG(s) 'example_trigger_controller_dag' retrieved from /home/airflow/.local/lib/python3.12/site-packages/airflow/example_dags/example_trigger_controller_dag.py
[2024-06-04T23:54:44.104+0000] {logging_mixin.py:188} INFO - [2024-06-04T23:54:44.103+0000] {dag.py:3096} INFO - Sync 1 DAGs
[2024-06-04T23:54:44.201+0000] {logging_mixin.py:188} INFO - [2024-06-04T23:54:44.200+0000] {dag.py:3954} INFO - Setting next_dagrun for example_trigger_controller_dag to 2021-01-01 00:00:00+00:00, run_after=2021-01-01 00:00:00+00:00
[2024-06-04T23:54:44.296+0000] {processor.py:183} INFO - Processing /home/airflow/.local/lib/python3.12/site-packages/airflow/example_dags/example_trigger_controller_dag.py took 0.293 seconds
[2024-06-04T23:55:14.575+0000] {processor.py:161} INFO - Started process (PID=175270) to work on /home/airflow/.local/lib/python3.12/site-packages/airflow/example_dags/example_trigger_controller_dag.py
[2024-06-04T23:55:14.577+0000] {processor.py:830} INFO - Processing file /home/airflow/.local/lib/python3.12/site-packages/airflow/example_dags/example_trigger_controller_dag.py for tasks to queue
[2024-06-04T23:55:14.581+0000] {logging_mixin.py:188} INFO - [2024-06-04T23:55:14.580+0000] {dagbag.py:545} INFO - Filling up the DagBag from /home/airflow/.local/lib/python3.12/site-packages/airflow/example_dags/example_trigger_controller_dag.py
[2024-06-04T23:55:14.592+0000] {processor.py:840} INFO - DAG(s) 'example_trigger_controller_dag' retrieved from /home/airflow/.local/lib/python3.12/site-packages/airflow/example_dags/example_trigger_controller_dag.py
[2024-06-04T23:55:14.680+0000] {logging_mixin.py:188} INFO - [2024-06-04T23:55:14.679+0000] {dag.py:3096} INFO - Sync 1 DAGs
[2024-06-04T23:55:14.785+0000] {logging_mixin.py:188} INFO - [2024-06-04T23:55:14.785+0000] {dag.py:3954} INFO - Setting next_dagrun for example_trigger_controller_dag to 2021-01-01 00:00:00+00:00, run_after=2021-01-01 00:00:00+00:00
[2024-06-04T23:55:14.847+0000] {processor.py:183} INFO - Processing /home/airflow/.local/lib/python3.12/site-packages/airflow/example_dags/example_trigger_controller_dag.py took 0.287 seconds
[2024-06-04T23:55:45.532+0000] {processor.py:161} INFO - Started process (PID=175532) to work on /home/airflow/.local/lib/python3.12/site-packages/airflow/example_dags/example_trigger_controller_dag.py
[2024-06-04T23:55:45.533+0000] {processor.py:830} INFO - Processing file /home/airflow/.local/lib/python3.12/site-packages/airflow/example_dags/example_trigger_controller_dag.py for tasks to queue
[2024-06-04T23:55:45.537+0000] {logging_mixin.py:188} INFO - [2024-06-04T23:55:45.537+0000] {dagbag.py:545} INFO - Filling up the DagBag from /home/airflow/.local/lib/python3.12/site-packages/airflow/example_dags/example_trigger_controller_dag.py
[2024-06-04T23:55:45.548+0000] {processor.py:840} INFO - DAG(s) 'example_trigger_controller_dag' retrieved from /home/airflow/.local/lib/python3.12/site-packages/airflow/example_dags/example_trigger_controller_dag.py
[2024-06-04T23:55:45.596+0000] {logging_mixin.py:188} INFO - [2024-06-04T23:55:45.595+0000] {dag.py:3096} INFO - Sync 1 DAGs
[2024-06-04T23:55:45.656+0000] {logging_mixin.py:188} INFO - [2024-06-04T23:55:45.655+0000] {dag.py:3954} INFO - Setting next_dagrun for example_trigger_controller_dag to 2021-01-01 00:00:00+00:00, run_after=2021-01-01 00:00:00+00:00
[2024-06-04T23:55:45.719+0000] {processor.py:183} INFO - Processing /home/airflow/.local/lib/python3.12/site-packages/airflow/example_dags/example_trigger_controller_dag.py took 0.202 seconds
[2024-06-04T23:56:15.812+0000] {processor.py:161} INFO - Started process (PID=175794) to work on /home/airflow/.local/lib/python3.12/site-packages/airflow/example_dags/example_trigger_controller_dag.py
[2024-06-04T23:56:15.816+0000] {processor.py:830} INFO - Processing file /home/airflow/.local/lib/python3.12/site-packages/airflow/example_dags/example_trigger_controller_dag.py for tasks to queue
[2024-06-04T23:56:15.820+0000] {logging_mixin.py:188} INFO - [2024-06-04T23:56:15.820+0000] {dagbag.py:545} INFO - Filling up the DagBag from /home/airflow/.local/lib/python3.12/site-packages/airflow/example_dags/example_trigger_controller_dag.py
[2024-06-04T23:56:15.832+0000] {processor.py:840} INFO - DAG(s) 'example_trigger_controller_dag' retrieved from /home/airflow/.local/lib/python3.12/site-packages/airflow/example_dags/example_trigger_controller_dag.py
[2024-06-04T23:56:15.894+0000] {logging_mixin.py:188} INFO - [2024-06-04T23:56:15.893+0000] {dag.py:3096} INFO - Sync 1 DAGs
[2024-06-04T23:56:15.981+0000] {logging_mixin.py:188} INFO - [2024-06-04T23:56:15.981+0000] {dag.py:3954} INFO - Setting next_dagrun for example_trigger_controller_dag to 2021-01-01 00:00:00+00:00, run_after=2021-01-01 00:00:00+00:00
[2024-06-04T23:56:16.041+0000] {processor.py:183} INFO - Processing /home/airflow/.local/lib/python3.12/site-packages/airflow/example_dags/example_trigger_controller_dag.py took 0.243 seconds
[2024-06-04T23:56:46.311+0000] {processor.py:161} INFO - Started process (PID=176056) to work on /home/airflow/.local/lib/python3.12/site-packages/airflow/example_dags/example_trigger_controller_dag.py
[2024-06-04T23:56:46.313+0000] {processor.py:830} INFO - Processing file /home/airflow/.local/lib/python3.12/site-packages/airflow/example_dags/example_trigger_controller_dag.py for tasks to queue
[2024-06-04T23:56:46.318+0000] {logging_mixin.py:188} INFO - [2024-06-04T23:56:46.317+0000] {dagbag.py:545} INFO - Filling up the DagBag from /home/airflow/.local/lib/python3.12/site-packages/airflow/example_dags/example_trigger_controller_dag.py
[2024-06-04T23:56:46.330+0000] {processor.py:840} INFO - DAG(s) 'example_trigger_controller_dag' retrieved from /home/airflow/.local/lib/python3.12/site-packages/airflow/example_dags/example_trigger_controller_dag.py
[2024-06-04T23:56:46.396+0000] {logging_mixin.py:188} INFO - [2024-06-04T23:56:46.395+0000] {dag.py:3096} INFO - Sync 1 DAGs
[2024-06-04T23:56:46.453+0000] {logging_mixin.py:188} INFO - [2024-06-04T23:56:46.452+0000] {dag.py:3954} INFO - Setting next_dagrun for example_trigger_controller_dag to 2021-01-01 00:00:00+00:00, run_after=2021-01-01 00:00:00+00:00
[2024-06-04T23:56:46.510+0000] {processor.py:183} INFO - Processing /home/airflow/.local/lib/python3.12/site-packages/airflow/example_dags/example_trigger_controller_dag.py took 0.214 seconds
[2024-06-04T23:57:17.145+0000] {processor.py:161} INFO - Started process (PID=176317) to work on /home/airflow/.local/lib/python3.12/site-packages/airflow/example_dags/example_trigger_controller_dag.py
[2024-06-04T23:57:17.152+0000] {processor.py:830} INFO - Processing file /home/airflow/.local/lib/python3.12/site-packages/airflow/example_dags/example_trigger_controller_dag.py for tasks to queue
[2024-06-04T23:57:17.156+0000] {logging_mixin.py:188} INFO - [2024-06-04T23:57:17.155+0000] {dagbag.py:545} INFO - Filling up the DagBag from /home/airflow/.local/lib/python3.12/site-packages/airflow/example_dags/example_trigger_controller_dag.py
[2024-06-04T23:57:17.166+0000] {processor.py:840} INFO - DAG(s) 'example_trigger_controller_dag' retrieved from /home/airflow/.local/lib/python3.12/site-packages/airflow/example_dags/example_trigger_controller_dag.py
[2024-06-04T23:57:17.214+0000] {logging_mixin.py:188} INFO - [2024-06-04T23:57:17.213+0000] {dag.py:3096} INFO - Sync 1 DAGs
[2024-06-04T23:57:17.274+0000] {logging_mixin.py:188} INFO - [2024-06-04T23:57:17.274+0000] {dag.py:3954} INFO - Setting next_dagrun for example_trigger_controller_dag to 2021-01-01 00:00:00+00:00, run_after=2021-01-01 00:00:00+00:00
[2024-06-04T23:57:17.329+0000] {processor.py:183} INFO - Processing /home/airflow/.local/lib/python3.12/site-packages/airflow/example_dags/example_trigger_controller_dag.py took 0.199 seconds
[2024-06-04T23:57:47.402+0000] {processor.py:161} INFO - Started process (PID=176579) to work on /home/airflow/.local/lib/python3.12/site-packages/airflow/example_dags/example_trigger_controller_dag.py
[2024-06-04T23:57:47.410+0000] {processor.py:830} INFO - Processing file /home/airflow/.local/lib/python3.12/site-packages/airflow/example_dags/example_trigger_controller_dag.py for tasks to queue
[2024-06-04T23:57:47.414+0000] {logging_mixin.py:188} INFO - [2024-06-04T23:57:47.413+0000] {dagbag.py:545} INFO - Filling up the DagBag from /home/airflow/.local/lib/python3.12/site-packages/airflow/example_dags/example_trigger_controller_dag.py
[2024-06-04T23:57:47.431+0000] {processor.py:840} INFO - DAG(s) 'example_trigger_controller_dag' retrieved from /home/airflow/.local/lib/python3.12/site-packages/airflow/example_dags/example_trigger_controller_dag.py
[2024-06-04T23:57:47.521+0000] {logging_mixin.py:188} INFO - [2024-06-04T23:57:47.521+0000] {dag.py:3096} INFO - Sync 1 DAGs
[2024-06-04T23:57:47.634+0000] {logging_mixin.py:188} INFO - [2024-06-04T23:57:47.634+0000] {dag.py:3954} INFO - Setting next_dagrun for example_trigger_controller_dag to 2021-01-01 00:00:00+00:00, run_after=2021-01-01 00:00:00+00:00
[2024-06-04T23:57:47.717+0000] {processor.py:183} INFO - Processing /home/airflow/.local/lib/python3.12/site-packages/airflow/example_dags/example_trigger_controller_dag.py took 0.326 seconds
[2024-06-04T23:58:18.292+0000] {processor.py:161} INFO - Started process (PID=176839) to work on /home/airflow/.local/lib/python3.12/site-packages/airflow/example_dags/example_trigger_controller_dag.py
[2024-06-04T23:58:18.294+0000] {processor.py:830} INFO - Processing file /home/airflow/.local/lib/python3.12/site-packages/airflow/example_dags/example_trigger_controller_dag.py for tasks to queue
[2024-06-04T23:58:18.297+0000] {logging_mixin.py:188} INFO - [2024-06-04T23:58:18.297+0000] {dagbag.py:545} INFO - Filling up the DagBag from /home/airflow/.local/lib/python3.12/site-packages/airflow/example_dags/example_trigger_controller_dag.py
[2024-06-04T23:58:18.307+0000] {processor.py:840} INFO - DAG(s) 'example_trigger_controller_dag' retrieved from /home/airflow/.local/lib/python3.12/site-packages/airflow/example_dags/example_trigger_controller_dag.py
[2024-06-04T23:58:18.355+0000] {logging_mixin.py:188} INFO - [2024-06-04T23:58:18.355+0000] {dag.py:3096} INFO - Sync 1 DAGs
[2024-06-04T23:58:18.414+0000] {logging_mixin.py:188} INFO - [2024-06-04T23:58:18.414+0000] {dag.py:3954} INFO - Setting next_dagrun for example_trigger_controller_dag to 2021-01-01 00:00:00+00:00, run_after=2021-01-01 00:00:00+00:00
[2024-06-04T23:58:18.468+0000] {processor.py:183} INFO - Processing /home/airflow/.local/lib/python3.12/site-packages/airflow/example_dags/example_trigger_controller_dag.py took 0.189 seconds
[2024-06-04T23:58:49.179+0000] {processor.py:161} INFO - Started process (PID=177100) to work on /home/airflow/.local/lib/python3.12/site-packages/airflow/example_dags/example_trigger_controller_dag.py
[2024-06-04T23:58:49.181+0000] {processor.py:830} INFO - Processing file /home/airflow/.local/lib/python3.12/site-packages/airflow/example_dags/example_trigger_controller_dag.py for tasks to queue
[2024-06-04T23:58:49.185+0000] {logging_mixin.py:188} INFO - [2024-06-04T23:58:49.184+0000] {dagbag.py:545} INFO - Filling up the DagBag from /home/airflow/.local/lib/python3.12/site-packages/airflow/example_dags/example_trigger_controller_dag.py
[2024-06-04T23:58:49.194+0000] {processor.py:840} INFO - DAG(s) 'example_trigger_controller_dag' retrieved from /home/airflow/.local/lib/python3.12/site-packages/airflow/example_dags/example_trigger_controller_dag.py
[2024-06-04T23:58:49.237+0000] {logging_mixin.py:188} INFO - [2024-06-04T23:58:49.237+0000] {dag.py:3096} INFO - Sync 1 DAGs
[2024-06-04T23:58:49.296+0000] {logging_mixin.py:188} INFO - [2024-06-04T23:58:49.296+0000] {dag.py:3954} INFO - Setting next_dagrun for example_trigger_controller_dag to 2021-01-01 00:00:00+00:00, run_after=2021-01-01 00:00:00+00:00
[2024-06-04T23:58:49.351+0000] {processor.py:183} INFO - Processing /home/airflow/.local/lib/python3.12/site-packages/airflow/example_dags/example_trigger_controller_dag.py took 0.186 seconds
[2024-06-04T23:59:20.147+0000] {processor.py:161} INFO - Started process (PID=177360) to work on /home/airflow/.local/lib/python3.12/site-packages/airflow/example_dags/example_trigger_controller_dag.py
[2024-06-04T23:59:20.149+0000] {processor.py:830} INFO - Processing file /home/airflow/.local/lib/python3.12/site-packages/airflow/example_dags/example_trigger_controller_dag.py for tasks to queue
[2024-06-04T23:59:20.153+0000] {logging_mixin.py:188} INFO - [2024-06-04T23:59:20.152+0000] {dagbag.py:545} INFO - Filling up the DagBag from /home/airflow/.local/lib/python3.12/site-packages/airflow/example_dags/example_trigger_controller_dag.py
[2024-06-04T23:59:20.164+0000] {processor.py:840} INFO - DAG(s) 'example_trigger_controller_dag' retrieved from /home/airflow/.local/lib/python3.12/site-packages/airflow/example_dags/example_trigger_controller_dag.py
[2024-06-04T23:59:20.245+0000] {logging_mixin.py:188} INFO - [2024-06-04T23:59:20.245+0000] {dag.py:3096} INFO - Sync 1 DAGs
[2024-06-04T23:59:20.382+0000] {logging_mixin.py:188} INFO - [2024-06-04T23:59:20.381+0000] {dag.py:3954} INFO - Setting next_dagrun for example_trigger_controller_dag to 2021-01-01 00:00:00+00:00, run_after=2021-01-01 00:00:00+00:00
[2024-06-04T23:59:20.433+0000] {processor.py:183} INFO - Processing /home/airflow/.local/lib/python3.12/site-packages/airflow/example_dags/example_trigger_controller_dag.py took 0.301 seconds
[2024-06-04T23:59:50.609+0000] {processor.py:161} INFO - Started process (PID=177623) to work on /home/airflow/.local/lib/python3.12/site-packages/airflow/example_dags/example_trigger_controller_dag.py
[2024-06-04T23:59:50.620+0000] {processor.py:830} INFO - Processing file /home/airflow/.local/lib/python3.12/site-packages/airflow/example_dags/example_trigger_controller_dag.py for tasks to queue
[2024-06-04T23:59:50.625+0000] {logging_mixin.py:188} INFO - [2024-06-04T23:59:50.624+0000] {dagbag.py:545} INFO - Filling up the DagBag from /home/airflow/.local/lib/python3.12/site-packages/airflow/example_dags/example_trigger_controller_dag.py
[2024-06-04T23:59:50.637+0000] {processor.py:840} INFO - DAG(s) 'example_trigger_controller_dag' retrieved from /home/airflow/.local/lib/python3.12/site-packages/airflow/example_dags/example_trigger_controller_dag.py
[2024-06-04T23:59:50.686+0000] {logging_mixin.py:188} INFO - [2024-06-04T23:59:50.685+0000] {dag.py:3096} INFO - Sync 1 DAGs
[2024-06-04T23:59:50.746+0000] {logging_mixin.py:188} INFO - [2024-06-04T23:59:50.745+0000] {dag.py:3954} INFO - Setting next_dagrun for example_trigger_controller_dag to 2021-01-01 00:00:00+00:00, run_after=2021-01-01 00:00:00+00:00
[2024-06-04T23:59:51.117+0000] {processor.py:183} INFO - Processing /home/airflow/.local/lib/python3.12/site-packages/airflow/example_dags/example_trigger_controller_dag.py took 0.523 seconds
