[2024-06-04T23:44:13.611+0000] {processor.py:161} INFO - Started process (PID=169702) to work on /home/airflow/.local/lib/python3.12/site-packages/airflow/example_dags/example_xcom.py
[2024-06-04T23:44:13.613+0000] {processor.py:830} INFO - Processing file /home/airflow/.local/lib/python3.12/site-packages/airflow/example_dags/example_xcom.py for tasks to queue
[2024-06-04T23:44:13.616+0000] {logging_mixin.py:188} INFO - [2024-06-04T23:44:13.615+0000] {dagbag.py:545} INFO - Filling up the DagBag from /home/airflow/.local/lib/python3.12/site-packages/airflow/example_dags/example_xcom.py
[2024-06-04T23:44:13.631+0000] {processor.py:840} INFO - DAG(s) 'example_xcom' retrieved from /home/airflow/.local/lib/python3.12/site-packages/airflow/example_dags/example_xcom.py
[2024-06-04T23:44:13.675+0000] {logging_mixin.py:188} INFO - [2024-06-04T23:44:13.674+0000] {dag.py:3096} INFO - Sync 1 DAGs
[2024-06-04T23:44:13.824+0000] {logging_mixin.py:188} INFO - [2024-06-04T23:44:13.823+0000] {dag.py:3954} INFO - Setting next_dagrun for example_xcom to 2021-01-01 00:00:00+00:00, run_after=2021-01-01 00:00:00+00:00
[2024-06-04T23:44:14.602+0000] {processor.py:183} INFO - Processing /home/airflow/.local/lib/python3.12/site-packages/airflow/example_dags/example_xcom.py took 1.003 seconds
[2024-06-04T23:44:44.805+0000] {processor.py:161} INFO - Started process (PID=169964) to work on /home/airflow/.local/lib/python3.12/site-packages/airflow/example_dags/example_xcom.py
[2024-06-04T23:44:44.807+0000] {processor.py:830} INFO - Processing file /home/airflow/.local/lib/python3.12/site-packages/airflow/example_dags/example_xcom.py for tasks to queue
[2024-06-04T23:44:44.812+0000] {logging_mixin.py:188} INFO - [2024-06-04T23:44:44.811+0000] {dagbag.py:545} INFO - Filling up the DagBag from /home/airflow/.local/lib/python3.12/site-packages/airflow/example_dags/example_xcom.py
[2024-06-04T23:44:44.831+0000] {processor.py:840} INFO - DAG(s) 'example_xcom' retrieved from /home/airflow/.local/lib/python3.12/site-packages/airflow/example_dags/example_xcom.py
[2024-06-04T23:44:44.894+0000] {logging_mixin.py:188} INFO - [2024-06-04T23:44:44.893+0000] {dag.py:3096} INFO - Sync 1 DAGs
[2024-06-04T23:44:45.012+0000] {logging_mixin.py:188} INFO - [2024-06-04T23:44:45.012+0000] {dag.py:3954} INFO - Setting next_dagrun for example_xcom to 2021-01-01 00:00:00+00:00, run_after=2021-01-01 00:00:00+00:00
[2024-06-04T23:44:45.453+0000] {processor.py:183} INFO - Processing /home/airflow/.local/lib/python3.12/site-packages/airflow/example_dags/example_xcom.py took 0.676 seconds
[2024-06-04T23:45:15.605+0000] {processor.py:161} INFO - Started process (PID=170226) to work on /home/airflow/.local/lib/python3.12/site-packages/airflow/example_dags/example_xcom.py
[2024-06-04T23:45:15.624+0000] {processor.py:830} INFO - Processing file /home/airflow/.local/lib/python3.12/site-packages/airflow/example_dags/example_xcom.py for tasks to queue
[2024-06-04T23:45:15.627+0000] {logging_mixin.py:188} INFO - [2024-06-04T23:45:15.626+0000] {dagbag.py:545} INFO - Filling up the DagBag from /home/airflow/.local/lib/python3.12/site-packages/airflow/example_dags/example_xcom.py
[2024-06-04T23:45:15.659+0000] {processor.py:840} INFO - DAG(s) 'example_xcom' retrieved from /home/airflow/.local/lib/python3.12/site-packages/airflow/example_dags/example_xcom.py
[2024-06-04T23:45:15.741+0000] {logging_mixin.py:188} INFO - [2024-06-04T23:45:15.741+0000] {dag.py:3096} INFO - Sync 1 DAGs
[2024-06-04T23:45:15.849+0000] {logging_mixin.py:188} INFO - [2024-06-04T23:45:15.848+0000] {dag.py:3954} INFO - Setting next_dagrun for example_xcom to 2021-01-01 00:00:00+00:00, run_after=2021-01-01 00:00:00+00:00
[2024-06-04T23:45:15.961+0000] {processor.py:183} INFO - Processing /home/airflow/.local/lib/python3.12/site-packages/airflow/example_dags/example_xcom.py took 0.376 seconds
[2024-06-04T23:45:46.865+0000] {processor.py:161} INFO - Started process (PID=170487) to work on /home/airflow/.local/lib/python3.12/site-packages/airflow/example_dags/example_xcom.py
[2024-06-04T23:45:46.867+0000] {processor.py:830} INFO - Processing file /home/airflow/.local/lib/python3.12/site-packages/airflow/example_dags/example_xcom.py for tasks to queue
[2024-06-04T23:45:46.875+0000] {logging_mixin.py:188} INFO - [2024-06-04T23:45:46.874+0000] {dagbag.py:545} INFO - Filling up the DagBag from /home/airflow/.local/lib/python3.12/site-packages/airflow/example_dags/example_xcom.py
[2024-06-04T23:45:46.923+0000] {processor.py:840} INFO - DAG(s) 'example_xcom' retrieved from /home/airflow/.local/lib/python3.12/site-packages/airflow/example_dags/example_xcom.py
[2024-06-04T23:45:46.993+0000] {logging_mixin.py:188} INFO - [2024-06-04T23:45:46.992+0000] {dag.py:3096} INFO - Sync 1 DAGs
[2024-06-04T23:45:47.193+0000] {logging_mixin.py:188} INFO - [2024-06-04T23:45:47.192+0000] {dag.py:3954} INFO - Setting next_dagrun for example_xcom to 2021-01-01 00:00:00+00:00, run_after=2021-01-01 00:00:00+00:00
[2024-06-04T23:45:47.532+0000] {processor.py:183} INFO - Processing /home/airflow/.local/lib/python3.12/site-packages/airflow/example_dags/example_xcom.py took 0.758 seconds
[2024-06-04T23:46:17.706+0000] {processor.py:161} INFO - Started process (PID=170747) to work on /home/airflow/.local/lib/python3.12/site-packages/airflow/example_dags/example_xcom.py
[2024-06-04T23:46:17.723+0000] {processor.py:830} INFO - Processing file /home/airflow/.local/lib/python3.12/site-packages/airflow/example_dags/example_xcom.py for tasks to queue
[2024-06-04T23:46:17.726+0000] {logging_mixin.py:188} INFO - [2024-06-04T23:46:17.726+0000] {dagbag.py:545} INFO - Filling up the DagBag from /home/airflow/.local/lib/python3.12/site-packages/airflow/example_dags/example_xcom.py
[2024-06-04T23:46:17.743+0000] {processor.py:840} INFO - DAG(s) 'example_xcom' retrieved from /home/airflow/.local/lib/python3.12/site-packages/airflow/example_dags/example_xcom.py
[2024-06-04T23:46:17.817+0000] {logging_mixin.py:188} INFO - [2024-06-04T23:46:17.816+0000] {dag.py:3096} INFO - Sync 1 DAGs
[2024-06-04T23:46:17.929+0000] {logging_mixin.py:188} INFO - [2024-06-04T23:46:17.928+0000] {dag.py:3954} INFO - Setting next_dagrun for example_xcom to 2021-01-01 00:00:00+00:00, run_after=2021-01-01 00:00:00+00:00
[2024-06-04T23:46:18.084+0000] {processor.py:183} INFO - Processing /home/airflow/.local/lib/python3.12/site-packages/airflow/example_dags/example_xcom.py took 0.391 seconds
[2024-06-04T23:46:48.448+0000] {processor.py:161} INFO - Started process (PID=171016) to work on /home/airflow/.local/lib/python3.12/site-packages/airflow/example_dags/example_xcom.py
[2024-06-04T23:46:48.449+0000] {processor.py:830} INFO - Processing file /home/airflow/.local/lib/python3.12/site-packages/airflow/example_dags/example_xcom.py for tasks to queue
[2024-06-04T23:46:48.453+0000] {logging_mixin.py:188} INFO - [2024-06-04T23:46:48.452+0000] {dagbag.py:545} INFO - Filling up the DagBag from /home/airflow/.local/lib/python3.12/site-packages/airflow/example_dags/example_xcom.py
[2024-06-04T23:46:48.471+0000] {processor.py:840} INFO - DAG(s) 'example_xcom' retrieved from /home/airflow/.local/lib/python3.12/site-packages/airflow/example_dags/example_xcom.py
[2024-06-04T23:46:48.527+0000] {logging_mixin.py:188} INFO - [2024-06-04T23:46:48.526+0000] {dag.py:3096} INFO - Sync 1 DAGs
[2024-06-04T23:46:48.582+0000] {logging_mixin.py:188} INFO - [2024-06-04T23:46:48.582+0000] {dag.py:3954} INFO - Setting next_dagrun for example_xcom to 2021-01-01 00:00:00+00:00, run_after=2021-01-01 00:00:00+00:00
[2024-06-04T23:46:48.648+0000] {processor.py:183} INFO - Processing /home/airflow/.local/lib/python3.12/site-packages/airflow/example_dags/example_xcom.py took 0.231 seconds
[2024-06-04T23:47:19.016+0000] {processor.py:161} INFO - Started process (PID=171278) to work on /home/airflow/.local/lib/python3.12/site-packages/airflow/example_dags/example_xcom.py
[2024-06-04T23:47:19.018+0000] {processor.py:830} INFO - Processing file /home/airflow/.local/lib/python3.12/site-packages/airflow/example_dags/example_xcom.py for tasks to queue
[2024-06-04T23:47:19.024+0000] {logging_mixin.py:188} INFO - [2024-06-04T23:47:19.024+0000] {dagbag.py:545} INFO - Filling up the DagBag from /home/airflow/.local/lib/python3.12/site-packages/airflow/example_dags/example_xcom.py
[2024-06-04T23:47:19.063+0000] {processor.py:840} INFO - DAG(s) 'example_xcom' retrieved from /home/airflow/.local/lib/python3.12/site-packages/airflow/example_dags/example_xcom.py
[2024-06-04T23:47:19.249+0000] {logging_mixin.py:188} INFO - [2024-06-04T23:47:19.248+0000] {dag.py:3096} INFO - Sync 1 DAGs
[2024-06-04T23:47:19.365+0000] {logging_mixin.py:188} INFO - [2024-06-04T23:47:19.364+0000] {dag.py:3954} INFO - Setting next_dagrun for example_xcom to 2021-01-01 00:00:00+00:00, run_after=2021-01-01 00:00:00+00:00
[2024-06-04T23:47:19.423+0000] {processor.py:183} INFO - Processing /home/airflow/.local/lib/python3.12/site-packages/airflow/example_dags/example_xcom.py took 0.433 seconds
[2024-06-04T23:47:49.647+0000] {processor.py:161} INFO - Started process (PID=171542) to work on /home/airflow/.local/lib/python3.12/site-packages/airflow/example_dags/example_xcom.py
[2024-06-04T23:47:49.648+0000] {processor.py:830} INFO - Processing file /home/airflow/.local/lib/python3.12/site-packages/airflow/example_dags/example_xcom.py for tasks to queue
[2024-06-04T23:47:49.651+0000] {logging_mixin.py:188} INFO - [2024-06-04T23:47:49.650+0000] {dagbag.py:545} INFO - Filling up the DagBag from /home/airflow/.local/lib/python3.12/site-packages/airflow/example_dags/example_xcom.py
[2024-06-04T23:47:49.664+0000] {processor.py:840} INFO - DAG(s) 'example_xcom' retrieved from /home/airflow/.local/lib/python3.12/site-packages/airflow/example_dags/example_xcom.py
[2024-06-04T23:47:49.699+0000] {logging_mixin.py:188} INFO - [2024-06-04T23:47:49.698+0000] {dag.py:3096} INFO - Sync 1 DAGs
[2024-06-04T23:47:49.738+0000] {logging_mixin.py:188} INFO - [2024-06-04T23:47:49.737+0000] {dag.py:3954} INFO - Setting next_dagrun for example_xcom to 2021-01-01 00:00:00+00:00, run_after=2021-01-01 00:00:00+00:00
[2024-06-04T23:47:49.775+0000] {processor.py:183} INFO - Processing /home/airflow/.local/lib/python3.12/site-packages/airflow/example_dags/example_xcom.py took 0.137 seconds
[2024-06-04T23:48:20.304+0000] {processor.py:161} INFO - Started process (PID=171802) to work on /home/airflow/.local/lib/python3.12/site-packages/airflow/example_dags/example_xcom.py
[2024-06-04T23:48:20.305+0000] {processor.py:830} INFO - Processing file /home/airflow/.local/lib/python3.12/site-packages/airflow/example_dags/example_xcom.py for tasks to queue
[2024-06-04T23:48:20.309+0000] {logging_mixin.py:188} INFO - [2024-06-04T23:48:20.308+0000] {dagbag.py:545} INFO - Filling up the DagBag from /home/airflow/.local/lib/python3.12/site-packages/airflow/example_dags/example_xcom.py
[2024-06-04T23:48:20.324+0000] {processor.py:840} INFO - DAG(s) 'example_xcom' retrieved from /home/airflow/.local/lib/python3.12/site-packages/airflow/example_dags/example_xcom.py
[2024-06-04T23:48:20.366+0000] {logging_mixin.py:188} INFO - [2024-06-04T23:48:20.366+0000] {dag.py:3096} INFO - Sync 1 DAGs
[2024-06-04T23:48:20.416+0000] {logging_mixin.py:188} INFO - [2024-06-04T23:48:20.415+0000] {dag.py:3954} INFO - Setting next_dagrun for example_xcom to 2021-01-01 00:00:00+00:00, run_after=2021-01-01 00:00:00+00:00
[2024-06-04T23:48:20.460+0000] {processor.py:183} INFO - Processing /home/airflow/.local/lib/python3.12/site-packages/airflow/example_dags/example_xcom.py took 0.169 seconds
[2024-06-04T23:48:50.759+0000] {processor.py:161} INFO - Started process (PID=172064) to work on /home/airflow/.local/lib/python3.12/site-packages/airflow/example_dags/example_xcom.py
[2024-06-04T23:48:50.760+0000] {processor.py:830} INFO - Processing file /home/airflow/.local/lib/python3.12/site-packages/airflow/example_dags/example_xcom.py for tasks to queue
[2024-06-04T23:48:50.771+0000] {logging_mixin.py:188} INFO - [2024-06-04T23:48:50.763+0000] {dagbag.py:545} INFO - Filling up the DagBag from /home/airflow/.local/lib/python3.12/site-packages/airflow/example_dags/example_xcom.py
[2024-06-04T23:48:50.811+0000] {processor.py:840} INFO - DAG(s) 'example_xcom' retrieved from /home/airflow/.local/lib/python3.12/site-packages/airflow/example_dags/example_xcom.py
[2024-06-04T23:48:50.892+0000] {logging_mixin.py:188} INFO - [2024-06-04T23:48:50.891+0000] {dag.py:3096} INFO - Sync 1 DAGs
[2024-06-04T23:48:50.939+0000] {logging_mixin.py:188} INFO - [2024-06-04T23:48:50.938+0000] {dag.py:3954} INFO - Setting next_dagrun for example_xcom to 2021-01-01 00:00:00+00:00, run_after=2021-01-01 00:00:00+00:00
[2024-06-04T23:48:50.984+0000] {processor.py:183} INFO - Processing /home/airflow/.local/lib/python3.12/site-packages/airflow/example_dags/example_xcom.py took 0.272 seconds
[2024-06-04T23:49:21.501+0000] {processor.py:161} INFO - Started process (PID=172325) to work on /home/airflow/.local/lib/python3.12/site-packages/airflow/example_dags/example_xcom.py
[2024-06-04T23:49:21.502+0000] {processor.py:830} INFO - Processing file /home/airflow/.local/lib/python3.12/site-packages/airflow/example_dags/example_xcom.py for tasks to queue
[2024-06-04T23:49:21.506+0000] {logging_mixin.py:188} INFO - [2024-06-04T23:49:21.505+0000] {dagbag.py:545} INFO - Filling up the DagBag from /home/airflow/.local/lib/python3.12/site-packages/airflow/example_dags/example_xcom.py
[2024-06-04T23:49:21.563+0000] {processor.py:840} INFO - DAG(s) 'example_xcom' retrieved from /home/airflow/.local/lib/python3.12/site-packages/airflow/example_dags/example_xcom.py
[2024-06-04T23:49:21.665+0000] {logging_mixin.py:188} INFO - [2024-06-04T23:49:21.665+0000] {dag.py:3096} INFO - Sync 1 DAGs
[2024-06-04T23:49:21.709+0000] {logging_mixin.py:188} INFO - [2024-06-04T23:49:21.708+0000] {dag.py:3954} INFO - Setting next_dagrun for example_xcom to 2021-01-01 00:00:00+00:00, run_after=2021-01-01 00:00:00+00:00
[2024-06-04T23:49:21.749+0000] {processor.py:183} INFO - Processing /home/airflow/.local/lib/python3.12/site-packages/airflow/example_dags/example_xcom.py took 0.261 seconds
[2024-06-04T23:49:52.343+0000] {processor.py:161} INFO - Started process (PID=172587) to work on /home/airflow/.local/lib/python3.12/site-packages/airflow/example_dags/example_xcom.py
[2024-06-04T23:49:52.347+0000] {processor.py:830} INFO - Processing file /home/airflow/.local/lib/python3.12/site-packages/airflow/example_dags/example_xcom.py for tasks to queue
[2024-06-04T23:49:52.351+0000] {logging_mixin.py:188} INFO - [2024-06-04T23:49:52.351+0000] {dagbag.py:545} INFO - Filling up the DagBag from /home/airflow/.local/lib/python3.12/site-packages/airflow/example_dags/example_xcom.py
[2024-06-04T23:49:52.382+0000] {processor.py:840} INFO - DAG(s) 'example_xcom' retrieved from /home/airflow/.local/lib/python3.12/site-packages/airflow/example_dags/example_xcom.py
[2024-06-04T23:49:52.472+0000] {logging_mixin.py:188} INFO - [2024-06-04T23:49:52.471+0000] {dag.py:3096} INFO - Sync 1 DAGs
[2024-06-04T23:49:52.572+0000] {logging_mixin.py:188} INFO - [2024-06-04T23:49:52.572+0000] {dag.py:3954} INFO - Setting next_dagrun for example_xcom to 2021-01-01 00:00:00+00:00, run_after=2021-01-01 00:00:00+00:00
[2024-06-04T23:49:52.616+0000] {processor.py:183} INFO - Processing /home/airflow/.local/lib/python3.12/site-packages/airflow/example_dags/example_xcom.py took 0.285 seconds
[2024-06-04T23:50:23.579+0000] {processor.py:161} INFO - Started process (PID=172849) to work on /home/airflow/.local/lib/python3.12/site-packages/airflow/example_dags/example_xcom.py
[2024-06-04T23:50:23.581+0000] {processor.py:830} INFO - Processing file /home/airflow/.local/lib/python3.12/site-packages/airflow/example_dags/example_xcom.py for tasks to queue
[2024-06-04T23:50:23.587+0000] {logging_mixin.py:188} INFO - [2024-06-04T23:50:23.587+0000] {dagbag.py:545} INFO - Filling up the DagBag from /home/airflow/.local/lib/python3.12/site-packages/airflow/example_dags/example_xcom.py
[2024-06-04T23:50:23.621+0000] {processor.py:840} INFO - DAG(s) 'example_xcom' retrieved from /home/airflow/.local/lib/python3.12/site-packages/airflow/example_dags/example_xcom.py
[2024-06-04T23:50:23.747+0000] {logging_mixin.py:188} INFO - [2024-06-04T23:50:23.746+0000] {dag.py:3096} INFO - Sync 1 DAGs
[2024-06-04T23:50:23.846+0000] {logging_mixin.py:188} INFO - [2024-06-04T23:50:23.845+0000] {dag.py:3954} INFO - Setting next_dagrun for example_xcom to 2021-01-01 00:00:00+00:00, run_after=2021-01-01 00:00:00+00:00
[2024-06-04T23:50:23.933+0000] {processor.py:183} INFO - Processing /home/airflow/.local/lib/python3.12/site-packages/airflow/example_dags/example_xcom.py took 0.382 seconds
[2024-06-04T23:50:54.832+0000] {processor.py:161} INFO - Started process (PID=173111) to work on /home/airflow/.local/lib/python3.12/site-packages/airflow/example_dags/example_xcom.py
[2024-06-04T23:50:54.834+0000] {processor.py:830} INFO - Processing file /home/airflow/.local/lib/python3.12/site-packages/airflow/example_dags/example_xcom.py for tasks to queue
[2024-06-04T23:50:54.838+0000] {logging_mixin.py:188} INFO - [2024-06-04T23:50:54.837+0000] {dagbag.py:545} INFO - Filling up the DagBag from /home/airflow/.local/lib/python3.12/site-packages/airflow/example_dags/example_xcom.py
[2024-06-04T23:50:54.858+0000] {processor.py:840} INFO - DAG(s) 'example_xcom' retrieved from /home/airflow/.local/lib/python3.12/site-packages/airflow/example_dags/example_xcom.py
[2024-06-04T23:50:54.951+0000] {logging_mixin.py:188} INFO - [2024-06-04T23:50:54.950+0000] {dag.py:3096} INFO - Sync 1 DAGs
[2024-06-04T23:50:55.086+0000] {logging_mixin.py:188} INFO - [2024-06-04T23:50:55.086+0000] {dag.py:3954} INFO - Setting next_dagrun for example_xcom to 2021-01-01 00:00:00+00:00, run_after=2021-01-01 00:00:00+00:00
[2024-06-04T23:50:55.216+0000] {processor.py:183} INFO - Processing /home/airflow/.local/lib/python3.12/site-packages/airflow/example_dags/example_xcom.py took 0.399 seconds
[2024-06-04T23:51:26.191+0000] {processor.py:161} INFO - Started process (PID=173374) to work on /home/airflow/.local/lib/python3.12/site-packages/airflow/example_dags/example_xcom.py
[2024-06-04T23:51:26.193+0000] {processor.py:830} INFO - Processing file /home/airflow/.local/lib/python3.12/site-packages/airflow/example_dags/example_xcom.py for tasks to queue
[2024-06-04T23:51:26.196+0000] {logging_mixin.py:188} INFO - [2024-06-04T23:51:26.196+0000] {dagbag.py:545} INFO - Filling up the DagBag from /home/airflow/.local/lib/python3.12/site-packages/airflow/example_dags/example_xcom.py
[2024-06-04T23:51:26.224+0000] {processor.py:840} INFO - DAG(s) 'example_xcom' retrieved from /home/airflow/.local/lib/python3.12/site-packages/airflow/example_dags/example_xcom.py
[2024-06-04T23:51:26.328+0000] {logging_mixin.py:188} INFO - [2024-06-04T23:51:26.327+0000] {dag.py:3096} INFO - Sync 1 DAGs
[2024-06-04T23:51:26.396+0000] {logging_mixin.py:188} INFO - [2024-06-04T23:51:26.396+0000] {dag.py:3954} INFO - Setting next_dagrun for example_xcom to 2021-01-01 00:00:00+00:00, run_after=2021-01-01 00:00:00+00:00
[2024-06-04T23:51:26.445+0000] {processor.py:183} INFO - Processing /home/airflow/.local/lib/python3.12/site-packages/airflow/example_dags/example_xcom.py took 0.268 seconds
[2024-06-04T23:51:56.872+0000] {processor.py:161} INFO - Started process (PID=173635) to work on /home/airflow/.local/lib/python3.12/site-packages/airflow/example_dags/example_xcom.py
[2024-06-04T23:51:56.874+0000] {processor.py:830} INFO - Processing file /home/airflow/.local/lib/python3.12/site-packages/airflow/example_dags/example_xcom.py for tasks to queue
[2024-06-04T23:51:56.877+0000] {logging_mixin.py:188} INFO - [2024-06-04T23:51:56.876+0000] {dagbag.py:545} INFO - Filling up the DagBag from /home/airflow/.local/lib/python3.12/site-packages/airflow/example_dags/example_xcom.py
[2024-06-04T23:51:56.895+0000] {processor.py:840} INFO - DAG(s) 'example_xcom' retrieved from /home/airflow/.local/lib/python3.12/site-packages/airflow/example_dags/example_xcom.py
[2024-06-04T23:51:56.959+0000] {logging_mixin.py:188} INFO - [2024-06-04T23:51:56.959+0000] {dag.py:3096} INFO - Sync 1 DAGs
[2024-06-04T23:51:57.061+0000] {logging_mixin.py:188} INFO - [2024-06-04T23:51:57.061+0000] {dag.py:3954} INFO - Setting next_dagrun for example_xcom to 2021-01-01 00:00:00+00:00, run_after=2021-01-01 00:00:00+00:00
[2024-06-04T23:51:57.139+0000] {processor.py:183} INFO - Processing /home/airflow/.local/lib/python3.12/site-packages/airflow/example_dags/example_xcom.py took 0.281 seconds
[2024-06-04T23:52:27.978+0000] {processor.py:161} INFO - Started process (PID=173897) to work on /home/airflow/.local/lib/python3.12/site-packages/airflow/example_dags/example_xcom.py
[2024-06-04T23:52:27.981+0000] {processor.py:830} INFO - Processing file /home/airflow/.local/lib/python3.12/site-packages/airflow/example_dags/example_xcom.py for tasks to queue
[2024-06-04T23:52:27.987+0000] {logging_mixin.py:188} INFO - [2024-06-04T23:52:27.986+0000] {dagbag.py:545} INFO - Filling up the DagBag from /home/airflow/.local/lib/python3.12/site-packages/airflow/example_dags/example_xcom.py
[2024-06-04T23:52:28.033+0000] {processor.py:840} INFO - DAG(s) 'example_xcom' retrieved from /home/airflow/.local/lib/python3.12/site-packages/airflow/example_dags/example_xcom.py
[2024-06-04T23:52:28.096+0000] {logging_mixin.py:188} INFO - [2024-06-04T23:52:28.086+0000] {dag.py:3096} INFO - Sync 1 DAGs
[2024-06-04T23:52:28.193+0000] {logging_mixin.py:188} INFO - [2024-06-04T23:52:28.193+0000] {dag.py:3954} INFO - Setting next_dagrun for example_xcom to 2021-01-01 00:00:00+00:00, run_after=2021-01-01 00:00:00+00:00
[2024-06-04T23:52:28.246+0000] {processor.py:183} INFO - Processing /home/airflow/.local/lib/python3.12/site-packages/airflow/example_dags/example_xcom.py took 0.279 seconds
[2024-06-04T23:52:58.586+0000] {processor.py:161} INFO - Started process (PID=174159) to work on /home/airflow/.local/lib/python3.12/site-packages/airflow/example_dags/example_xcom.py
[2024-06-04T23:52:58.588+0000] {processor.py:830} INFO - Processing file /home/airflow/.local/lib/python3.12/site-packages/airflow/example_dags/example_xcom.py for tasks to queue
[2024-06-04T23:52:58.591+0000] {logging_mixin.py:188} INFO - [2024-06-04T23:52:58.591+0000] {dagbag.py:545} INFO - Filling up the DagBag from /home/airflow/.local/lib/python3.12/site-packages/airflow/example_dags/example_xcom.py
[2024-06-04T23:52:58.609+0000] {processor.py:840} INFO - DAG(s) 'example_xcom' retrieved from /home/airflow/.local/lib/python3.12/site-packages/airflow/example_dags/example_xcom.py
[2024-06-04T23:52:58.763+0000] {logging_mixin.py:188} INFO - [2024-06-04T23:52:58.762+0000] {dag.py:3096} INFO - Sync 1 DAGs
[2024-06-04T23:52:58.824+0000] {logging_mixin.py:188} INFO - [2024-06-04T23:52:58.821+0000] {dag.py:3954} INFO - Setting next_dagrun for example_xcom to 2021-01-01 00:00:00+00:00, run_after=2021-01-01 00:00:00+00:00
[2024-06-04T23:52:58.896+0000] {processor.py:183} INFO - Processing /home/airflow/.local/lib/python3.12/site-packages/airflow/example_dags/example_xcom.py took 0.324 seconds
[2024-06-04T23:53:29.151+0000] {processor.py:161} INFO - Started process (PID=174422) to work on /home/airflow/.local/lib/python3.12/site-packages/airflow/example_dags/example_xcom.py
[2024-06-04T23:53:29.180+0000] {processor.py:830} INFO - Processing file /home/airflow/.local/lib/python3.12/site-packages/airflow/example_dags/example_xcom.py for tasks to queue
[2024-06-04T23:53:29.191+0000] {logging_mixin.py:188} INFO - [2024-06-04T23:53:29.190+0000] {dagbag.py:545} INFO - Filling up the DagBag from /home/airflow/.local/lib/python3.12/site-packages/airflow/example_dags/example_xcom.py
[2024-06-04T23:53:29.241+0000] {processor.py:840} INFO - DAG(s) 'example_xcom' retrieved from /home/airflow/.local/lib/python3.12/site-packages/airflow/example_dags/example_xcom.py
[2024-06-04T23:53:29.350+0000] {logging_mixin.py:188} INFO - [2024-06-04T23:53:29.349+0000] {dag.py:3096} INFO - Sync 1 DAGs
[2024-06-04T23:53:29.436+0000] {logging_mixin.py:188} INFO - [2024-06-04T23:53:29.435+0000] {dag.py:3954} INFO - Setting next_dagrun for example_xcom to 2021-01-01 00:00:00+00:00, run_after=2021-01-01 00:00:00+00:00
[2024-06-04T23:53:29.520+0000] {processor.py:183} INFO - Processing /home/airflow/.local/lib/python3.12/site-packages/airflow/example_dags/example_xcom.py took 0.395 seconds
[2024-06-04T23:54:00.164+0000] {processor.py:161} INFO - Started process (PID=174683) to work on /home/airflow/.local/lib/python3.12/site-packages/airflow/example_dags/example_xcom.py
[2024-06-04T23:54:00.179+0000] {processor.py:830} INFO - Processing file /home/airflow/.local/lib/python3.12/site-packages/airflow/example_dags/example_xcom.py for tasks to queue
[2024-06-04T23:54:00.182+0000] {logging_mixin.py:188} INFO - [2024-06-04T23:54:00.181+0000] {dagbag.py:545} INFO - Filling up the DagBag from /home/airflow/.local/lib/python3.12/site-packages/airflow/example_dags/example_xcom.py
[2024-06-04T23:54:00.200+0000] {processor.py:840} INFO - DAG(s) 'example_xcom' retrieved from /home/airflow/.local/lib/python3.12/site-packages/airflow/example_dags/example_xcom.py
[2024-06-04T23:54:00.289+0000] {logging_mixin.py:188} INFO - [2024-06-04T23:54:00.288+0000] {dag.py:3096} INFO - Sync 1 DAGs
[2024-06-04T23:54:00.411+0000] {logging_mixin.py:188} INFO - [2024-06-04T23:54:00.411+0000] {dag.py:3954} INFO - Setting next_dagrun for example_xcom to 2021-01-01 00:00:00+00:00, run_after=2021-01-01 00:00:00+00:00
[2024-06-04T23:54:00.477+0000] {processor.py:183} INFO - Processing /home/airflow/.local/lib/python3.12/site-packages/airflow/example_dags/example_xcom.py took 0.326 seconds
[2024-06-04T23:54:30.680+0000] {processor.py:161} INFO - Started process (PID=174945) to work on /home/airflow/.local/lib/python3.12/site-packages/airflow/example_dags/example_xcom.py
[2024-06-04T23:54:30.681+0000] {processor.py:830} INFO - Processing file /home/airflow/.local/lib/python3.12/site-packages/airflow/example_dags/example_xcom.py for tasks to queue
[2024-06-04T23:54:30.685+0000] {logging_mixin.py:188} INFO - [2024-06-04T23:54:30.684+0000] {dagbag.py:545} INFO - Filling up the DagBag from /home/airflow/.local/lib/python3.12/site-packages/airflow/example_dags/example_xcom.py
[2024-06-04T23:54:30.700+0000] {processor.py:840} INFO - DAG(s) 'example_xcom' retrieved from /home/airflow/.local/lib/python3.12/site-packages/airflow/example_dags/example_xcom.py
[2024-06-04T23:54:30.742+0000] {logging_mixin.py:188} INFO - [2024-06-04T23:54:30.742+0000] {dag.py:3096} INFO - Sync 1 DAGs
[2024-06-04T23:54:30.788+0000] {logging_mixin.py:188} INFO - [2024-06-04T23:54:30.787+0000] {dag.py:3954} INFO - Setting next_dagrun for example_xcom to 2021-01-01 00:00:00+00:00, run_after=2021-01-01 00:00:00+00:00
[2024-06-04T23:54:30.834+0000] {processor.py:183} INFO - Processing /home/airflow/.local/lib/python3.12/site-packages/airflow/example_dags/example_xcom.py took 0.166 seconds
[2024-06-04T23:55:00.932+0000] {processor.py:161} INFO - Started process (PID=175203) to work on /home/airflow/.local/lib/python3.12/site-packages/airflow/example_dags/example_xcom.py
[2024-06-04T23:55:00.943+0000] {processor.py:830} INFO - Processing file /home/airflow/.local/lib/python3.12/site-packages/airflow/example_dags/example_xcom.py for tasks to queue
[2024-06-04T23:55:00.946+0000] {logging_mixin.py:188} INFO - [2024-06-04T23:55:00.946+0000] {dagbag.py:545} INFO - Filling up the DagBag from /home/airflow/.local/lib/python3.12/site-packages/airflow/example_dags/example_xcom.py
[2024-06-04T23:55:00.960+0000] {processor.py:840} INFO - DAG(s) 'example_xcom' retrieved from /home/airflow/.local/lib/python3.12/site-packages/airflow/example_dags/example_xcom.py
[2024-06-04T23:55:01.005+0000] {logging_mixin.py:188} INFO - [2024-06-04T23:55:01.005+0000] {dag.py:3096} INFO - Sync 1 DAGs
[2024-06-04T23:55:01.045+0000] {logging_mixin.py:188} INFO - [2024-06-04T23:55:01.045+0000] {dag.py:3954} INFO - Setting next_dagrun for example_xcom to 2021-01-01 00:00:00+00:00, run_after=2021-01-01 00:00:00+00:00
[2024-06-04T23:55:01.093+0000] {processor.py:183} INFO - Processing /home/airflow/.local/lib/python3.12/site-packages/airflow/example_dags/example_xcom.py took 0.172 seconds
[2024-06-04T23:55:31.549+0000] {processor.py:161} INFO - Started process (PID=175465) to work on /home/airflow/.local/lib/python3.12/site-packages/airflow/example_dags/example_xcom.py
[2024-06-04T23:55:31.550+0000] {processor.py:830} INFO - Processing file /home/airflow/.local/lib/python3.12/site-packages/airflow/example_dags/example_xcom.py for tasks to queue
[2024-06-04T23:55:31.554+0000] {logging_mixin.py:188} INFO - [2024-06-04T23:55:31.553+0000] {dagbag.py:545} INFO - Filling up the DagBag from /home/airflow/.local/lib/python3.12/site-packages/airflow/example_dags/example_xcom.py
[2024-06-04T23:55:31.569+0000] {processor.py:840} INFO - DAG(s) 'example_xcom' retrieved from /home/airflow/.local/lib/python3.12/site-packages/airflow/example_dags/example_xcom.py
[2024-06-04T23:55:31.614+0000] {logging_mixin.py:188} INFO - [2024-06-04T23:55:31.613+0000] {dag.py:3096} INFO - Sync 1 DAGs
[2024-06-04T23:55:31.661+0000] {logging_mixin.py:188} INFO - [2024-06-04T23:55:31.660+0000] {dag.py:3954} INFO - Setting next_dagrun for example_xcom to 2021-01-01 00:00:00+00:00, run_after=2021-01-01 00:00:00+00:00
[2024-06-04T23:55:31.723+0000] {processor.py:183} INFO - Processing /home/airflow/.local/lib/python3.12/site-packages/airflow/example_dags/example_xcom.py took 0.187 seconds
[2024-06-04T23:56:02.894+0000] {processor.py:161} INFO - Started process (PID=175729) to work on /home/airflow/.local/lib/python3.12/site-packages/airflow/example_dags/example_xcom.py
[2024-06-04T23:56:02.896+0000] {processor.py:830} INFO - Processing file /home/airflow/.local/lib/python3.12/site-packages/airflow/example_dags/example_xcom.py for tasks to queue
[2024-06-04T23:56:02.899+0000] {logging_mixin.py:188} INFO - [2024-06-04T23:56:02.898+0000] {dagbag.py:545} INFO - Filling up the DagBag from /home/airflow/.local/lib/python3.12/site-packages/airflow/example_dags/example_xcom.py
[2024-06-04T23:56:02.911+0000] {processor.py:840} INFO - DAG(s) 'example_xcom' retrieved from /home/airflow/.local/lib/python3.12/site-packages/airflow/example_dags/example_xcom.py
[2024-06-04T23:56:02.946+0000] {logging_mixin.py:188} INFO - [2024-06-04T23:56:02.946+0000] {dag.py:3096} INFO - Sync 1 DAGs
[2024-06-04T23:56:02.985+0000] {logging_mixin.py:188} INFO - [2024-06-04T23:56:02.985+0000] {dag.py:3954} INFO - Setting next_dagrun for example_xcom to 2021-01-01 00:00:00+00:00, run_after=2021-01-01 00:00:00+00:00
[2024-06-04T23:56:03.022+0000] {processor.py:183} INFO - Processing /home/airflow/.local/lib/python3.12/site-packages/airflow/example_dags/example_xcom.py took 0.138 seconds
[2024-06-04T23:56:34.151+0000] {processor.py:161} INFO - Started process (PID=175989) to work on /home/airflow/.local/lib/python3.12/site-packages/airflow/example_dags/example_xcom.py
[2024-06-04T23:56:34.153+0000] {processor.py:830} INFO - Processing file /home/airflow/.local/lib/python3.12/site-packages/airflow/example_dags/example_xcom.py for tasks to queue
[2024-06-04T23:56:34.156+0000] {logging_mixin.py:188} INFO - [2024-06-04T23:56:34.155+0000] {dagbag.py:545} INFO - Filling up the DagBag from /home/airflow/.local/lib/python3.12/site-packages/airflow/example_dags/example_xcom.py
[2024-06-04T23:56:34.189+0000] {processor.py:840} INFO - DAG(s) 'example_xcom' retrieved from /home/airflow/.local/lib/python3.12/site-packages/airflow/example_dags/example_xcom.py
[2024-06-04T23:56:34.358+0000] {logging_mixin.py:188} INFO - [2024-06-04T23:56:34.358+0000] {dag.py:3096} INFO - Sync 1 DAGs
[2024-06-04T23:56:34.431+0000] {logging_mixin.py:188} INFO - [2024-06-04T23:56:34.430+0000] {dag.py:3954} INFO - Setting next_dagrun for example_xcom to 2021-01-01 00:00:00+00:00, run_after=2021-01-01 00:00:00+00:00
[2024-06-04T23:56:34.485+0000] {processor.py:183} INFO - Processing /home/airflow/.local/lib/python3.12/site-packages/airflow/example_dags/example_xcom.py took 0.354 seconds
[2024-06-04T23:57:04.942+0000] {processor.py:161} INFO - Started process (PID=176250) to work on /home/airflow/.local/lib/python3.12/site-packages/airflow/example_dags/example_xcom.py
[2024-06-04T23:57:04.952+0000] {processor.py:830} INFO - Processing file /home/airflow/.local/lib/python3.12/site-packages/airflow/example_dags/example_xcom.py for tasks to queue
[2024-06-04T23:57:04.955+0000] {logging_mixin.py:188} INFO - [2024-06-04T23:57:04.954+0000] {dagbag.py:545} INFO - Filling up the DagBag from /home/airflow/.local/lib/python3.12/site-packages/airflow/example_dags/example_xcom.py
[2024-06-04T23:57:04.968+0000] {processor.py:840} INFO - DAG(s) 'example_xcom' retrieved from /home/airflow/.local/lib/python3.12/site-packages/airflow/example_dags/example_xcom.py
[2024-06-04T23:57:05.031+0000] {logging_mixin.py:188} INFO - [2024-06-04T23:57:05.031+0000] {dag.py:3096} INFO - Sync 1 DAGs
[2024-06-04T23:57:05.079+0000] {logging_mixin.py:188} INFO - [2024-06-04T23:57:05.078+0000] {dag.py:3954} INFO - Setting next_dagrun for example_xcom to 2021-01-01 00:00:00+00:00, run_after=2021-01-01 00:00:00+00:00
[2024-06-04T23:57:05.122+0000] {processor.py:183} INFO - Processing /home/airflow/.local/lib/python3.12/site-packages/airflow/example_dags/example_xcom.py took 0.192 seconds
[2024-06-04T23:57:35.620+0000] {processor.py:161} INFO - Started process (PID=176512) to work on /home/airflow/.local/lib/python3.12/site-packages/airflow/example_dags/example_xcom.py
[2024-06-04T23:57:35.627+0000] {processor.py:830} INFO - Processing file /home/airflow/.local/lib/python3.12/site-packages/airflow/example_dags/example_xcom.py for tasks to queue
[2024-06-04T23:57:35.630+0000] {logging_mixin.py:188} INFO - [2024-06-04T23:57:35.630+0000] {dagbag.py:545} INFO - Filling up the DagBag from /home/airflow/.local/lib/python3.12/site-packages/airflow/example_dags/example_xcom.py
[2024-06-04T23:57:35.646+0000] {processor.py:840} INFO - DAG(s) 'example_xcom' retrieved from /home/airflow/.local/lib/python3.12/site-packages/airflow/example_dags/example_xcom.py
[2024-06-04T23:57:35.692+0000] {logging_mixin.py:188} INFO - [2024-06-04T23:57:35.692+0000] {dag.py:3096} INFO - Sync 1 DAGs
[2024-06-04T23:57:35.745+0000] {logging_mixin.py:188} INFO - [2024-06-04T23:57:35.744+0000] {dag.py:3954} INFO - Setting next_dagrun for example_xcom to 2021-01-01 00:00:00+00:00, run_after=2021-01-01 00:00:00+00:00
[2024-06-04T23:57:35.792+0000] {processor.py:183} INFO - Processing /home/airflow/.local/lib/python3.12/site-packages/airflow/example_dags/example_xcom.py took 0.185 seconds
[2024-06-04T23:58:06.005+0000] {processor.py:161} INFO - Started process (PID=176768) to work on /home/airflow/.local/lib/python3.12/site-packages/airflow/example_dags/example_xcom.py
[2024-06-04T23:58:06.006+0000] {processor.py:830} INFO - Processing file /home/airflow/.local/lib/python3.12/site-packages/airflow/example_dags/example_xcom.py for tasks to queue
[2024-06-04T23:58:06.010+0000] {logging_mixin.py:188} INFO - [2024-06-04T23:58:06.009+0000] {dagbag.py:545} INFO - Filling up the DagBag from /home/airflow/.local/lib/python3.12/site-packages/airflow/example_dags/example_xcom.py
[2024-06-04T23:58:06.027+0000] {processor.py:840} INFO - DAG(s) 'example_xcom' retrieved from /home/airflow/.local/lib/python3.12/site-packages/airflow/example_dags/example_xcom.py
[2024-06-04T23:58:06.066+0000] {logging_mixin.py:188} INFO - [2024-06-04T23:58:06.066+0000] {dag.py:3096} INFO - Sync 1 DAGs
[2024-06-04T23:58:06.105+0000] {logging_mixin.py:188} INFO - [2024-06-04T23:58:06.105+0000] {dag.py:3954} INFO - Setting next_dagrun for example_xcom to 2021-01-01 00:00:00+00:00, run_after=2021-01-01 00:00:00+00:00
[2024-06-04T23:58:06.155+0000] {processor.py:183} INFO - Processing /home/airflow/.local/lib/python3.12/site-packages/airflow/example_dags/example_xcom.py took 0.165 seconds
[2024-06-04T23:58:36.839+0000] {processor.py:161} INFO - Started process (PID=177029) to work on /home/airflow/.local/lib/python3.12/site-packages/airflow/example_dags/example_xcom.py
[2024-06-04T23:58:36.841+0000] {processor.py:830} INFO - Processing file /home/airflow/.local/lib/python3.12/site-packages/airflow/example_dags/example_xcom.py for tasks to queue
[2024-06-04T23:58:36.844+0000] {logging_mixin.py:188} INFO - [2024-06-04T23:58:36.843+0000] {dagbag.py:545} INFO - Filling up the DagBag from /home/airflow/.local/lib/python3.12/site-packages/airflow/example_dags/example_xcom.py
[2024-06-04T23:58:36.859+0000] {processor.py:840} INFO - DAG(s) 'example_xcom' retrieved from /home/airflow/.local/lib/python3.12/site-packages/airflow/example_dags/example_xcom.py
[2024-06-04T23:58:36.899+0000] {logging_mixin.py:188} INFO - [2024-06-04T23:58:36.898+0000] {dag.py:3096} INFO - Sync 1 DAGs
[2024-06-04T23:58:36.938+0000] {logging_mixin.py:188} INFO - [2024-06-04T23:58:36.937+0000] {dag.py:3954} INFO - Setting next_dagrun for example_xcom to 2021-01-01 00:00:00+00:00, run_after=2021-01-01 00:00:00+00:00
[2024-06-04T23:58:36.979+0000] {processor.py:183} INFO - Processing /home/airflow/.local/lib/python3.12/site-packages/airflow/example_dags/example_xcom.py took 0.154 seconds
[2024-06-04T23:59:07.718+0000] {processor.py:161} INFO - Started process (PID=177292) to work on /home/airflow/.local/lib/python3.12/site-packages/airflow/example_dags/example_xcom.py
[2024-06-04T23:59:07.719+0000] {processor.py:830} INFO - Processing file /home/airflow/.local/lib/python3.12/site-packages/airflow/example_dags/example_xcom.py for tasks to queue
[2024-06-04T23:59:07.723+0000] {logging_mixin.py:188} INFO - [2024-06-04T23:59:07.722+0000] {dagbag.py:545} INFO - Filling up the DagBag from /home/airflow/.local/lib/python3.12/site-packages/airflow/example_dags/example_xcom.py
[2024-06-04T23:59:07.738+0000] {processor.py:840} INFO - DAG(s) 'example_xcom' retrieved from /home/airflow/.local/lib/python3.12/site-packages/airflow/example_dags/example_xcom.py
[2024-06-04T23:59:07.781+0000] {logging_mixin.py:188} INFO - [2024-06-04T23:59:07.780+0000] {dag.py:3096} INFO - Sync 1 DAGs
[2024-06-04T23:59:07.831+0000] {logging_mixin.py:188} INFO - [2024-06-04T23:59:07.830+0000] {dag.py:3954} INFO - Setting next_dagrun for example_xcom to 2021-01-01 00:00:00+00:00, run_after=2021-01-01 00:00:00+00:00
[2024-06-04T23:59:07.871+0000] {processor.py:183} INFO - Processing /home/airflow/.local/lib/python3.12/site-packages/airflow/example_dags/example_xcom.py took 0.165 seconds
[2024-06-04T23:59:38.488+0000] {processor.py:161} INFO - Started process (PID=177552) to work on /home/airflow/.local/lib/python3.12/site-packages/airflow/example_dags/example_xcom.py
[2024-06-04T23:59:38.489+0000] {processor.py:830} INFO - Processing file /home/airflow/.local/lib/python3.12/site-packages/airflow/example_dags/example_xcom.py for tasks to queue
[2024-06-04T23:59:38.492+0000] {logging_mixin.py:188} INFO - [2024-06-04T23:59:38.491+0000] {dagbag.py:545} INFO - Filling up the DagBag from /home/airflow/.local/lib/python3.12/site-packages/airflow/example_dags/example_xcom.py
[2024-06-04T23:59:38.507+0000] {processor.py:840} INFO - DAG(s) 'example_xcom' retrieved from /home/airflow/.local/lib/python3.12/site-packages/airflow/example_dags/example_xcom.py
[2024-06-04T23:59:38.553+0000] {logging_mixin.py:188} INFO - [2024-06-04T23:59:38.553+0000] {dag.py:3096} INFO - Sync 1 DAGs
[2024-06-04T23:59:38.604+0000] {logging_mixin.py:188} INFO - [2024-06-04T23:59:38.603+0000] {dag.py:3954} INFO - Setting next_dagrun for example_xcom to 2021-01-01 00:00:00+00:00, run_after=2021-01-01 00:00:00+00:00
[2024-06-04T23:59:38.652+0000] {processor.py:183} INFO - Processing /home/airflow/.local/lib/python3.12/site-packages/airflow/example_dags/example_xcom.py took 0.176 seconds
