[2024-06-04T23:44:03.341+0000] {processor.py:161} INFO - Started process (PID=169602) to work on /home/airflow/.local/lib/python3.12/site-packages/airflow/example_dags/example_branch_python_dop_operator_3.py
[2024-06-04T23:44:03.342+0000] {processor.py:830} INFO - Processing file /home/airflow/.local/lib/python3.12/site-packages/airflow/example_dags/example_branch_python_dop_operator_3.py for tasks to queue
[2024-06-04T23:44:03.345+0000] {logging_mixin.py:188} INFO - [2024-06-04T23:44:03.344+0000] {dagbag.py:545} INFO - Filling up the DagBag from /home/airflow/.local/lib/python3.12/site-packages/airflow/example_dags/example_branch_python_dop_operator_3.py
[2024-06-04T23:44:03.361+0000] {processor.py:840} INFO - DAG(s) 'example_branch_dop_operator_v3' retrieved from /home/airflow/.local/lib/python3.12/site-packages/airflow/example_dags/example_branch_python_dop_operator_3.py
[2024-06-04T23:44:03.396+0000] {logging_mixin.py:188} INFO - [2024-06-04T23:44:03.396+0000] {dag.py:3096} INFO - Sync 1 DAGs
[2024-06-04T23:44:03.444+0000] {logging_mixin.py:188} INFO - [2024-06-04T23:44:03.443+0000] {dag.py:3954} INFO - Setting next_dagrun for example_branch_dop_operator_v3 to 2024-06-04 23:43:00+00:00, run_after=2024-06-04 23:44:00+00:00
[2024-06-04T23:44:04.238+0000] {processor.py:183} INFO - Processing /home/airflow/.local/lib/python3.12/site-packages/airflow/example_dags/example_branch_python_dop_operator_3.py took 0.910 seconds
[2024-06-04T23:44:34.405+0000] {processor.py:161} INFO - Started process (PID=169866) to work on /home/airflow/.local/lib/python3.12/site-packages/airflow/example_dags/example_branch_python_dop_operator_3.py
[2024-06-04T23:44:34.411+0000] {processor.py:830} INFO - Processing file /home/airflow/.local/lib/python3.12/site-packages/airflow/example_dags/example_branch_python_dop_operator_3.py for tasks to queue
[2024-06-04T23:44:34.414+0000] {logging_mixin.py:188} INFO - [2024-06-04T23:44:34.413+0000] {dagbag.py:545} INFO - Filling up the DagBag from /home/airflow/.local/lib/python3.12/site-packages/airflow/example_dags/example_branch_python_dop_operator_3.py
[2024-06-04T23:44:34.432+0000] {processor.py:840} INFO - DAG(s) 'example_branch_dop_operator_v3' retrieved from /home/airflow/.local/lib/python3.12/site-packages/airflow/example_dags/example_branch_python_dop_operator_3.py
[2024-06-04T23:44:34.476+0000] {logging_mixin.py:188} INFO - [2024-06-04T23:44:34.475+0000] {dag.py:3096} INFO - Sync 1 DAGs
[2024-06-04T23:44:34.590+0000] {logging_mixin.py:188} INFO - [2024-06-04T23:44:34.590+0000] {dag.py:3954} INFO - Setting next_dagrun for example_branch_dop_operator_v3 to 2024-06-04 23:43:00+00:00, run_after=2024-06-04 23:44:00+00:00
[2024-06-04T23:44:34.893+0000] {processor.py:183} INFO - Processing /home/airflow/.local/lib/python3.12/site-packages/airflow/example_dags/example_branch_python_dop_operator_3.py took 0.484 seconds
[2024-06-04T23:45:05.262+0000] {processor.py:161} INFO - Started process (PID=170126) to work on /home/airflow/.local/lib/python3.12/site-packages/airflow/example_dags/example_branch_python_dop_operator_3.py
[2024-06-04T23:45:05.270+0000] {processor.py:830} INFO - Processing file /home/airflow/.local/lib/python3.12/site-packages/airflow/example_dags/example_branch_python_dop_operator_3.py for tasks to queue
[2024-06-04T23:45:05.279+0000] {logging_mixin.py:188} INFO - [2024-06-04T23:45:05.278+0000] {dagbag.py:545} INFO - Filling up the DagBag from /home/airflow/.local/lib/python3.12/site-packages/airflow/example_dags/example_branch_python_dop_operator_3.py
[2024-06-04T23:45:05.342+0000] {processor.py:840} INFO - DAG(s) 'example_branch_dop_operator_v3' retrieved from /home/airflow/.local/lib/python3.12/site-packages/airflow/example_dags/example_branch_python_dop_operator_3.py
[2024-06-04T23:45:05.428+0000] {logging_mixin.py:188} INFO - [2024-06-04T23:45:05.427+0000] {dag.py:3096} INFO - Sync 1 DAGs
[2024-06-04T23:45:05.552+0000] {logging_mixin.py:188} INFO - [2024-06-04T23:45:05.551+0000] {dag.py:3954} INFO - Setting next_dagrun for example_branch_dop_operator_v3 to 2024-06-04 23:44:00+00:00, run_after=2024-06-04 23:45:00+00:00
[2024-06-04T23:45:05.622+0000] {processor.py:183} INFO - Processing /home/airflow/.local/lib/python3.12/site-packages/airflow/example_dags/example_branch_python_dop_operator_3.py took 0.409 seconds
[2024-06-04T23:45:35.723+0000] {processor.py:161} INFO - Started process (PID=170388) to work on /home/airflow/.local/lib/python3.12/site-packages/airflow/example_dags/example_branch_python_dop_operator_3.py
[2024-06-04T23:45:35.724+0000] {processor.py:830} INFO - Processing file /home/airflow/.local/lib/python3.12/site-packages/airflow/example_dags/example_branch_python_dop_operator_3.py for tasks to queue
[2024-06-04T23:45:35.732+0000] {logging_mixin.py:188} INFO - [2024-06-04T23:45:35.727+0000] {dagbag.py:545} INFO - Filling up the DagBag from /home/airflow/.local/lib/python3.12/site-packages/airflow/example_dags/example_branch_python_dop_operator_3.py
[2024-06-04T23:45:35.752+0000] {processor.py:840} INFO - DAG(s) 'example_branch_dop_operator_v3' retrieved from /home/airflow/.local/lib/python3.12/site-packages/airflow/example_dags/example_branch_python_dop_operator_3.py
[2024-06-04T23:45:35.794+0000] {logging_mixin.py:188} INFO - [2024-06-04T23:45:35.793+0000] {dag.py:3096} INFO - Sync 1 DAGs
[2024-06-04T23:45:35.854+0000] {logging_mixin.py:188} INFO - [2024-06-04T23:45:35.854+0000] {dag.py:3954} INFO - Setting next_dagrun for example_branch_dop_operator_v3 to 2024-06-04 23:44:00+00:00, run_after=2024-06-04 23:45:00+00:00
[2024-06-04T23:45:35.917+0000] {processor.py:183} INFO - Processing /home/airflow/.local/lib/python3.12/site-packages/airflow/example_dags/example_branch_python_dop_operator_3.py took 0.207 seconds
[2024-06-04T23:46:09.979+0000] {processor.py:161} INFO - Started process (PID=170650) to work on /home/airflow/.local/lib/python3.12/site-packages/airflow/example_dags/example_branch_python_dop_operator_3.py
[2024-06-04T23:46:09.980+0000] {processor.py:830} INFO - Processing file /home/airflow/.local/lib/python3.12/site-packages/airflow/example_dags/example_branch_python_dop_operator_3.py for tasks to queue
[2024-06-04T23:46:09.988+0000] {logging_mixin.py:188} INFO - [2024-06-04T23:46:09.987+0000] {dagbag.py:545} INFO - Filling up the DagBag from /home/airflow/.local/lib/python3.12/site-packages/airflow/example_dags/example_branch_python_dop_operator_3.py
[2024-06-04T23:46:10.019+0000] {processor.py:840} INFO - DAG(s) 'example_branch_dop_operator_v3' retrieved from /home/airflow/.local/lib/python3.12/site-packages/airflow/example_dags/example_branch_python_dop_operator_3.py
[2024-06-04T23:46:10.124+0000] {logging_mixin.py:188} INFO - [2024-06-04T23:46:10.123+0000] {dag.py:3096} INFO - Sync 1 DAGs
[2024-06-04T23:46:10.264+0000] {logging_mixin.py:188} INFO - [2024-06-04T23:46:10.258+0000] {dag.py:3954} INFO - Setting next_dagrun for example_branch_dop_operator_v3 to 2024-06-04 23:45:00+00:00, run_after=2024-06-04 23:46:00+00:00
[2024-06-04T23:46:10.376+0000] {processor.py:183} INFO - Processing /home/airflow/.local/lib/python3.12/site-packages/airflow/example_dags/example_branch_python_dop_operator_3.py took 0.451 seconds
[2024-06-04T23:46:40.730+0000] {processor.py:161} INFO - Started process (PID=170912) to work on /home/airflow/.local/lib/python3.12/site-packages/airflow/example_dags/example_branch_python_dop_operator_3.py
[2024-06-04T23:46:40.733+0000] {processor.py:830} INFO - Processing file /home/airflow/.local/lib/python3.12/site-packages/airflow/example_dags/example_branch_python_dop_operator_3.py for tasks to queue
[2024-06-04T23:46:40.738+0000] {logging_mixin.py:188} INFO - [2024-06-04T23:46:40.738+0000] {dagbag.py:545} INFO - Filling up the DagBag from /home/airflow/.local/lib/python3.12/site-packages/airflow/example_dags/example_branch_python_dop_operator_3.py
[2024-06-04T23:46:40.811+0000] {processor.py:840} INFO - DAG(s) 'example_branch_dop_operator_v3' retrieved from /home/airflow/.local/lib/python3.12/site-packages/airflow/example_dags/example_branch_python_dop_operator_3.py
[2024-06-04T23:46:40.944+0000] {logging_mixin.py:188} INFO - [2024-06-04T23:46:40.941+0000] {dag.py:3096} INFO - Sync 1 DAGs
[2024-06-04T23:46:41.083+0000] {logging_mixin.py:188} INFO - [2024-06-04T23:46:41.082+0000] {dag.py:3954} INFO - Setting next_dagrun for example_branch_dop_operator_v3 to 2024-06-04 23:45:00+00:00, run_after=2024-06-04 23:46:00+00:00
[2024-06-04T23:46:41.146+0000] {processor.py:183} INFO - Processing /home/airflow/.local/lib/python3.12/site-packages/airflow/example_dags/example_branch_python_dop_operator_3.py took 0.442 seconds
[2024-06-04T23:47:11.882+0000] {processor.py:161} INFO - Started process (PID=171173) to work on /home/airflow/.local/lib/python3.12/site-packages/airflow/example_dags/example_branch_python_dop_operator_3.py
[2024-06-04T23:47:11.884+0000] {processor.py:830} INFO - Processing file /home/airflow/.local/lib/python3.12/site-packages/airflow/example_dags/example_branch_python_dop_operator_3.py for tasks to queue
[2024-06-04T23:47:11.887+0000] {logging_mixin.py:188} INFO - [2024-06-04T23:47:11.886+0000] {dagbag.py:545} INFO - Filling up the DagBag from /home/airflow/.local/lib/python3.12/site-packages/airflow/example_dags/example_branch_python_dop_operator_3.py
[2024-06-04T23:47:11.923+0000] {processor.py:840} INFO - DAG(s) 'example_branch_dop_operator_v3' retrieved from /home/airflow/.local/lib/python3.12/site-packages/airflow/example_dags/example_branch_python_dop_operator_3.py
[2024-06-04T23:47:11.988+0000] {logging_mixin.py:188} INFO - [2024-06-04T23:47:11.988+0000] {dag.py:3096} INFO - Sync 1 DAGs
[2024-06-04T23:47:12.060+0000] {logging_mixin.py:188} INFO - [2024-06-04T23:47:12.060+0000] {dag.py:3954} INFO - Setting next_dagrun for example_branch_dop_operator_v3 to 2024-06-04 23:46:00+00:00, run_after=2024-06-04 23:47:00+00:00
[2024-06-04T23:47:12.113+0000] {processor.py:183} INFO - Processing /home/airflow/.local/lib/python3.12/site-packages/airflow/example_dags/example_branch_python_dop_operator_3.py took 0.244 seconds
[2024-06-04T23:47:42.266+0000] {processor.py:161} INFO - Started process (PID=171434) to work on /home/airflow/.local/lib/python3.12/site-packages/airflow/example_dags/example_branch_python_dop_operator_3.py
[2024-06-04T23:47:42.267+0000] {processor.py:830} INFO - Processing file /home/airflow/.local/lib/python3.12/site-packages/airflow/example_dags/example_branch_python_dop_operator_3.py for tasks to queue
[2024-06-04T23:47:42.270+0000] {logging_mixin.py:188} INFO - [2024-06-04T23:47:42.270+0000] {dagbag.py:545} INFO - Filling up the DagBag from /home/airflow/.local/lib/python3.12/site-packages/airflow/example_dags/example_branch_python_dop_operator_3.py
[2024-06-04T23:47:42.288+0000] {processor.py:840} INFO - DAG(s) 'example_branch_dop_operator_v3' retrieved from /home/airflow/.local/lib/python3.12/site-packages/airflow/example_dags/example_branch_python_dop_operator_3.py
[2024-06-04T23:47:42.334+0000] {logging_mixin.py:188} INFO - [2024-06-04T23:47:42.333+0000] {dag.py:3096} INFO - Sync 1 DAGs
[2024-06-04T23:47:42.419+0000] {logging_mixin.py:188} INFO - [2024-06-04T23:47:42.419+0000] {dag.py:3954} INFO - Setting next_dagrun for example_branch_dop_operator_v3 to 2024-06-04 23:46:00+00:00, run_after=2024-06-04 23:47:00+00:00
[2024-06-04T23:47:42.548+0000] {processor.py:183} INFO - Processing /home/airflow/.local/lib/python3.12/site-packages/airflow/example_dags/example_branch_python_dop_operator_3.py took 0.295 seconds
[2024-06-04T23:48:13.315+0000] {processor.py:161} INFO - Started process (PID=171696) to work on /home/airflow/.local/lib/python3.12/site-packages/airflow/example_dags/example_branch_python_dop_operator_3.py
[2024-06-04T23:48:13.316+0000] {processor.py:830} INFO - Processing file /home/airflow/.local/lib/python3.12/site-packages/airflow/example_dags/example_branch_python_dop_operator_3.py for tasks to queue
[2024-06-04T23:48:13.320+0000] {logging_mixin.py:188} INFO - [2024-06-04T23:48:13.319+0000] {dagbag.py:545} INFO - Filling up the DagBag from /home/airflow/.local/lib/python3.12/site-packages/airflow/example_dags/example_branch_python_dop_operator_3.py
[2024-06-04T23:48:13.340+0000] {processor.py:840} INFO - DAG(s) 'example_branch_dop_operator_v3' retrieved from /home/airflow/.local/lib/python3.12/site-packages/airflow/example_dags/example_branch_python_dop_operator_3.py
[2024-06-04T23:48:13.381+0000] {logging_mixin.py:188} INFO - [2024-06-04T23:48:13.380+0000] {dag.py:3096} INFO - Sync 1 DAGs
[2024-06-04T23:48:13.440+0000] {logging_mixin.py:188} INFO - [2024-06-04T23:48:13.439+0000] {dag.py:3954} INFO - Setting next_dagrun for example_branch_dop_operator_v3 to 2024-06-04 23:47:00+00:00, run_after=2024-06-04 23:48:00+00:00
[2024-06-04T23:48:13.488+0000] {processor.py:183} INFO - Processing /home/airflow/.local/lib/python3.12/site-packages/airflow/example_dags/example_branch_python_dop_operator_3.py took 0.190 seconds
[2024-06-04T23:48:44.467+0000] {processor.py:161} INFO - Started process (PID=171958) to work on /home/airflow/.local/lib/python3.12/site-packages/airflow/example_dags/example_branch_python_dop_operator_3.py
[2024-06-04T23:48:44.469+0000] {processor.py:830} INFO - Processing file /home/airflow/.local/lib/python3.12/site-packages/airflow/example_dags/example_branch_python_dop_operator_3.py for tasks to queue
[2024-06-04T23:48:44.472+0000] {logging_mixin.py:188} INFO - [2024-06-04T23:48:44.471+0000] {dagbag.py:545} INFO - Filling up the DagBag from /home/airflow/.local/lib/python3.12/site-packages/airflow/example_dags/example_branch_python_dop_operator_3.py
[2024-06-04T23:48:44.492+0000] {processor.py:840} INFO - DAG(s) 'example_branch_dop_operator_v3' retrieved from /home/airflow/.local/lib/python3.12/site-packages/airflow/example_dags/example_branch_python_dop_operator_3.py
[2024-06-04T23:48:44.532+0000] {logging_mixin.py:188} INFO - [2024-06-04T23:48:44.532+0000] {dag.py:3096} INFO - Sync 1 DAGs
[2024-06-04T23:48:44.608+0000] {logging_mixin.py:188} INFO - [2024-06-04T23:48:44.608+0000] {dag.py:3954} INFO - Setting next_dagrun for example_branch_dop_operator_v3 to 2024-06-04 23:47:00+00:00, run_after=2024-06-04 23:48:00+00:00
[2024-06-04T23:48:44.660+0000] {processor.py:183} INFO - Processing /home/airflow/.local/lib/python3.12/site-packages/airflow/example_dags/example_branch_python_dop_operator_3.py took 0.205 seconds
[2024-06-04T23:49:15.432+0000] {processor.py:161} INFO - Started process (PID=172222) to work on /home/airflow/.local/lib/python3.12/site-packages/airflow/example_dags/example_branch_python_dop_operator_3.py
[2024-06-04T23:49:15.434+0000] {processor.py:830} INFO - Processing file /home/airflow/.local/lib/python3.12/site-packages/airflow/example_dags/example_branch_python_dop_operator_3.py for tasks to queue
[2024-06-04T23:49:15.438+0000] {logging_mixin.py:188} INFO - [2024-06-04T23:49:15.437+0000] {dagbag.py:545} INFO - Filling up the DagBag from /home/airflow/.local/lib/python3.12/site-packages/airflow/example_dags/example_branch_python_dop_operator_3.py
[2024-06-04T23:49:15.457+0000] {processor.py:840} INFO - DAG(s) 'example_branch_dop_operator_v3' retrieved from /home/airflow/.local/lib/python3.12/site-packages/airflow/example_dags/example_branch_python_dop_operator_3.py
[2024-06-04T23:49:15.500+0000] {logging_mixin.py:188} INFO - [2024-06-04T23:49:15.500+0000] {dag.py:3096} INFO - Sync 1 DAGs
[2024-06-04T23:49:15.564+0000] {logging_mixin.py:188} INFO - [2024-06-04T23:49:15.564+0000] {dag.py:3954} INFO - Setting next_dagrun for example_branch_dop_operator_v3 to 2024-06-04 23:48:00+00:00, run_after=2024-06-04 23:49:00+00:00
[2024-06-04T23:49:15.641+0000] {processor.py:183} INFO - Processing /home/airflow/.local/lib/python3.12/site-packages/airflow/example_dags/example_branch_python_dop_operator_3.py took 0.221 seconds
[2024-06-04T23:49:46.223+0000] {processor.py:161} INFO - Started process (PID=172480) to work on /home/airflow/.local/lib/python3.12/site-packages/airflow/example_dags/example_branch_python_dop_operator_3.py
[2024-06-04T23:49:46.238+0000] {processor.py:830} INFO - Processing file /home/airflow/.local/lib/python3.12/site-packages/airflow/example_dags/example_branch_python_dop_operator_3.py for tasks to queue
[2024-06-04T23:49:46.248+0000] {logging_mixin.py:188} INFO - [2024-06-04T23:49:46.248+0000] {dagbag.py:545} INFO - Filling up the DagBag from /home/airflow/.local/lib/python3.12/site-packages/airflow/example_dags/example_branch_python_dop_operator_3.py
[2024-06-04T23:49:46.285+0000] {processor.py:840} INFO - DAG(s) 'example_branch_dop_operator_v3' retrieved from /home/airflow/.local/lib/python3.12/site-packages/airflow/example_dags/example_branch_python_dop_operator_3.py
[2024-06-04T23:49:46.468+0000] {logging_mixin.py:188} INFO - [2024-06-04T23:49:46.460+0000] {dag.py:3096} INFO - Sync 1 DAGs
[2024-06-04T23:49:46.612+0000] {logging_mixin.py:188} INFO - [2024-06-04T23:49:46.611+0000] {dag.py:3954} INFO - Setting next_dagrun for example_branch_dop_operator_v3 to 2024-06-04 23:48:00+00:00, run_after=2024-06-04 23:49:00+00:00
[2024-06-04T23:49:46.677+0000] {processor.py:183} INFO - Processing /home/airflow/.local/lib/python3.12/site-packages/airflow/example_dags/example_branch_python_dop_operator_3.py took 0.478 seconds
[2024-06-04T23:50:17.254+0000] {processor.py:161} INFO - Started process (PID=172743) to work on /home/airflow/.local/lib/python3.12/site-packages/airflow/example_dags/example_branch_python_dop_operator_3.py
[2024-06-04T23:50:17.255+0000] {processor.py:830} INFO - Processing file /home/airflow/.local/lib/python3.12/site-packages/airflow/example_dags/example_branch_python_dop_operator_3.py for tasks to queue
[2024-06-04T23:50:17.259+0000] {logging_mixin.py:188} INFO - [2024-06-04T23:50:17.258+0000] {dagbag.py:545} INFO - Filling up the DagBag from /home/airflow/.local/lib/python3.12/site-packages/airflow/example_dags/example_branch_python_dop_operator_3.py
[2024-06-04T23:50:17.282+0000] {processor.py:840} INFO - DAG(s) 'example_branch_dop_operator_v3' retrieved from /home/airflow/.local/lib/python3.12/site-packages/airflow/example_dags/example_branch_python_dop_operator_3.py
[2024-06-04T23:50:17.329+0000] {logging_mixin.py:188} INFO - [2024-06-04T23:50:17.328+0000] {dag.py:3096} INFO - Sync 1 DAGs
[2024-06-04T23:50:17.397+0000] {logging_mixin.py:188} INFO - [2024-06-04T23:50:17.396+0000] {dag.py:3954} INFO - Setting next_dagrun for example_branch_dop_operator_v3 to 2024-06-04 23:49:00+00:00, run_after=2024-06-04 23:50:00+00:00
[2024-06-04T23:50:17.470+0000] {processor.py:183} INFO - Processing /home/airflow/.local/lib/python3.12/site-packages/airflow/example_dags/example_branch_python_dop_operator_3.py took 0.238 seconds
[2024-06-04T23:50:47.791+0000] {processor.py:161} INFO - Started process (PID=173005) to work on /home/airflow/.local/lib/python3.12/site-packages/airflow/example_dags/example_branch_python_dop_operator_3.py
[2024-06-04T23:50:47.794+0000] {processor.py:830} INFO - Processing file /home/airflow/.local/lib/python3.12/site-packages/airflow/example_dags/example_branch_python_dop_operator_3.py for tasks to queue
[2024-06-04T23:50:47.798+0000] {logging_mixin.py:188} INFO - [2024-06-04T23:50:47.797+0000] {dagbag.py:545} INFO - Filling up the DagBag from /home/airflow/.local/lib/python3.12/site-packages/airflow/example_dags/example_branch_python_dop_operator_3.py
[2024-06-04T23:50:47.821+0000] {processor.py:840} INFO - DAG(s) 'example_branch_dop_operator_v3' retrieved from /home/airflow/.local/lib/python3.12/site-packages/airflow/example_dags/example_branch_python_dop_operator_3.py
[2024-06-04T23:50:47.873+0000] {logging_mixin.py:188} INFO - [2024-06-04T23:50:47.872+0000] {dag.py:3096} INFO - Sync 1 DAGs
[2024-06-04T23:50:47.958+0000] {logging_mixin.py:188} INFO - [2024-06-04T23:50:47.958+0000] {dag.py:3954} INFO - Setting next_dagrun for example_branch_dop_operator_v3 to 2024-06-04 23:49:00+00:00, run_after=2024-06-04 23:50:00+00:00
[2024-06-04T23:50:48.050+0000] {processor.py:183} INFO - Processing /home/airflow/.local/lib/python3.12/site-packages/airflow/example_dags/example_branch_python_dop_operator_3.py took 0.275 seconds
[2024-06-04T23:51:18.784+0000] {processor.py:161} INFO - Started process (PID=173266) to work on /home/airflow/.local/lib/python3.12/site-packages/airflow/example_dags/example_branch_python_dop_operator_3.py
[2024-06-04T23:51:18.795+0000] {processor.py:830} INFO - Processing file /home/airflow/.local/lib/python3.12/site-packages/airflow/example_dags/example_branch_python_dop_operator_3.py for tasks to queue
[2024-06-04T23:51:18.829+0000] {logging_mixin.py:188} INFO - [2024-06-04T23:51:18.805+0000] {dagbag.py:545} INFO - Filling up the DagBag from /home/airflow/.local/lib/python3.12/site-packages/airflow/example_dags/example_branch_python_dop_operator_3.py
[2024-06-04T23:51:18.852+0000] {processor.py:840} INFO - DAG(s) 'example_branch_dop_operator_v3' retrieved from /home/airflow/.local/lib/python3.12/site-packages/airflow/example_dags/example_branch_python_dop_operator_3.py
[2024-06-04T23:51:18.900+0000] {logging_mixin.py:188} INFO - [2024-06-04T23:51:18.900+0000] {dag.py:3096} INFO - Sync 1 DAGs
[2024-06-04T23:51:18.970+0000] {logging_mixin.py:188} INFO - [2024-06-04T23:51:18.970+0000] {dag.py:3954} INFO - Setting next_dagrun for example_branch_dop_operator_v3 to 2024-06-04 23:50:00+00:00, run_after=2024-06-04 23:51:00+00:00
[2024-06-04T23:51:19.021+0000] {processor.py:183} INFO - Processing /home/airflow/.local/lib/python3.12/site-packages/airflow/example_dags/example_branch_python_dop_operator_3.py took 0.274 seconds
[2024-06-04T23:51:49.330+0000] {processor.py:161} INFO - Started process (PID=173530) to work on /home/airflow/.local/lib/python3.12/site-packages/airflow/example_dags/example_branch_python_dop_operator_3.py
[2024-06-04T23:51:49.332+0000] {processor.py:830} INFO - Processing file /home/airflow/.local/lib/python3.12/site-packages/airflow/example_dags/example_branch_python_dop_operator_3.py for tasks to queue
[2024-06-04T23:51:49.336+0000] {logging_mixin.py:188} INFO - [2024-06-04T23:51:49.336+0000] {dagbag.py:545} INFO - Filling up the DagBag from /home/airflow/.local/lib/python3.12/site-packages/airflow/example_dags/example_branch_python_dop_operator_3.py
[2024-06-04T23:51:49.361+0000] {processor.py:840} INFO - DAG(s) 'example_branch_dop_operator_v3' retrieved from /home/airflow/.local/lib/python3.12/site-packages/airflow/example_dags/example_branch_python_dop_operator_3.py
[2024-06-04T23:51:49.409+0000] {logging_mixin.py:188} INFO - [2024-06-04T23:51:49.408+0000] {dag.py:3096} INFO - Sync 1 DAGs
[2024-06-04T23:51:49.498+0000] {logging_mixin.py:188} INFO - [2024-06-04T23:51:49.497+0000] {dag.py:3954} INFO - Setting next_dagrun for example_branch_dop_operator_v3 to 2024-06-04 23:50:00+00:00, run_after=2024-06-04 23:51:00+00:00
[2024-06-04T23:51:49.591+0000] {processor.py:183} INFO - Processing /home/airflow/.local/lib/python3.12/site-packages/airflow/example_dags/example_branch_python_dop_operator_3.py took 0.277 seconds
[2024-06-04T23:52:20.097+0000] {processor.py:161} INFO - Started process (PID=173791) to work on /home/airflow/.local/lib/python3.12/site-packages/airflow/example_dags/example_branch_python_dop_operator_3.py
[2024-06-04T23:52:20.100+0000] {processor.py:830} INFO - Processing file /home/airflow/.local/lib/python3.12/site-packages/airflow/example_dags/example_branch_python_dop_operator_3.py for tasks to queue
[2024-06-04T23:52:20.105+0000] {logging_mixin.py:188} INFO - [2024-06-04T23:52:20.104+0000] {dagbag.py:545} INFO - Filling up the DagBag from /home/airflow/.local/lib/python3.12/site-packages/airflow/example_dags/example_branch_python_dop_operator_3.py
[2024-06-04T23:52:20.128+0000] {processor.py:840} INFO - DAG(s) 'example_branch_dop_operator_v3' retrieved from /home/airflow/.local/lib/python3.12/site-packages/airflow/example_dags/example_branch_python_dop_operator_3.py
[2024-06-04T23:52:20.178+0000] {logging_mixin.py:188} INFO - [2024-06-04T23:52:20.178+0000] {dag.py:3096} INFO - Sync 1 DAGs
[2024-06-04T23:52:20.247+0000] {logging_mixin.py:188} INFO - [2024-06-04T23:52:20.246+0000] {dag.py:3954} INFO - Setting next_dagrun for example_branch_dop_operator_v3 to 2024-06-04 23:51:00+00:00, run_after=2024-06-04 23:52:00+00:00
[2024-06-04T23:52:20.308+0000] {processor.py:183} INFO - Processing /home/airflow/.local/lib/python3.12/site-packages/airflow/example_dags/example_branch_python_dop_operator_3.py took 0.232 seconds
[2024-06-04T23:52:50.965+0000] {processor.py:161} INFO - Started process (PID=174053) to work on /home/airflow/.local/lib/python3.12/site-packages/airflow/example_dags/example_branch_python_dop_operator_3.py
[2024-06-04T23:52:50.976+0000] {processor.py:830} INFO - Processing file /home/airflow/.local/lib/python3.12/site-packages/airflow/example_dags/example_branch_python_dop_operator_3.py for tasks to queue
[2024-06-04T23:52:50.980+0000] {logging_mixin.py:188} INFO - [2024-06-04T23:52:50.979+0000] {dagbag.py:545} INFO - Filling up the DagBag from /home/airflow/.local/lib/python3.12/site-packages/airflow/example_dags/example_branch_python_dop_operator_3.py
[2024-06-04T23:52:51.043+0000] {processor.py:840} INFO - DAG(s) 'example_branch_dop_operator_v3' retrieved from /home/airflow/.local/lib/python3.12/site-packages/airflow/example_dags/example_branch_python_dop_operator_3.py
[2024-06-04T23:52:51.240+0000] {logging_mixin.py:188} INFO - [2024-06-04T23:52:51.239+0000] {dag.py:3096} INFO - Sync 1 DAGs
[2024-06-04T23:52:51.384+0000] {logging_mixin.py:188} INFO - [2024-06-04T23:52:51.383+0000] {dag.py:3954} INFO - Setting next_dagrun for example_branch_dop_operator_v3 to 2024-06-04 23:51:00+00:00, run_after=2024-06-04 23:52:00+00:00
[2024-06-04T23:52:51.460+0000] {processor.py:183} INFO - Processing /home/airflow/.local/lib/python3.12/site-packages/airflow/example_dags/example_branch_python_dop_operator_3.py took 0.532 seconds
[2024-06-04T23:53:21.583+0000] {processor.py:161} INFO - Started process (PID=174322) to work on /home/airflow/.local/lib/python3.12/site-packages/airflow/example_dags/example_branch_python_dop_operator_3.py
[2024-06-04T23:53:21.584+0000] {processor.py:830} INFO - Processing file /home/airflow/.local/lib/python3.12/site-packages/airflow/example_dags/example_branch_python_dop_operator_3.py for tasks to queue
[2024-06-04T23:53:21.588+0000] {logging_mixin.py:188} INFO - [2024-06-04T23:53:21.587+0000] {dagbag.py:545} INFO - Filling up the DagBag from /home/airflow/.local/lib/python3.12/site-packages/airflow/example_dags/example_branch_python_dop_operator_3.py
[2024-06-04T23:53:21.611+0000] {processor.py:840} INFO - DAG(s) 'example_branch_dop_operator_v3' retrieved from /home/airflow/.local/lib/python3.12/site-packages/airflow/example_dags/example_branch_python_dop_operator_3.py
[2024-06-04T23:53:21.715+0000] {logging_mixin.py:188} INFO - [2024-06-04T23:53:21.715+0000] {dag.py:3096} INFO - Sync 1 DAGs
[2024-06-04T23:53:21.796+0000] {logging_mixin.py:188} INFO - [2024-06-04T23:53:21.795+0000] {dag.py:3954} INFO - Setting next_dagrun for example_branch_dop_operator_v3 to 2024-06-04 23:52:00+00:00, run_after=2024-06-04 23:53:00+00:00
[2024-06-04T23:53:21.881+0000] {processor.py:183} INFO - Processing /home/airflow/.local/lib/python3.12/site-packages/airflow/example_dags/example_branch_python_dop_operator_3.py took 0.313 seconds
[2024-06-04T23:53:52.632+0000] {processor.py:161} INFO - Started process (PID=174583) to work on /home/airflow/.local/lib/python3.12/site-packages/airflow/example_dags/example_branch_python_dop_operator_3.py
[2024-06-04T23:53:52.648+0000] {processor.py:830} INFO - Processing file /home/airflow/.local/lib/python3.12/site-packages/airflow/example_dags/example_branch_python_dop_operator_3.py for tasks to queue
[2024-06-04T23:53:52.653+0000] {logging_mixin.py:188} INFO - [2024-06-04T23:53:52.652+0000] {dagbag.py:545} INFO - Filling up the DagBag from /home/airflow/.local/lib/python3.12/site-packages/airflow/example_dags/example_branch_python_dop_operator_3.py
[2024-06-04T23:53:52.692+0000] {processor.py:840} INFO - DAG(s) 'example_branch_dop_operator_v3' retrieved from /home/airflow/.local/lib/python3.12/site-packages/airflow/example_dags/example_branch_python_dop_operator_3.py
[2024-06-04T23:53:52.834+0000] {logging_mixin.py:188} INFO - [2024-06-04T23:53:52.833+0000] {dag.py:3096} INFO - Sync 1 DAGs
[2024-06-04T23:53:52.950+0000] {logging_mixin.py:188} INFO - [2024-06-04T23:53:52.944+0000] {dag.py:3954} INFO - Setting next_dagrun for example_branch_dop_operator_v3 to 2024-06-04 23:52:00+00:00, run_after=2024-06-04 23:53:00+00:00
[2024-06-04T23:53:53.087+0000] {processor.py:183} INFO - Processing /home/airflow/.local/lib/python3.12/site-packages/airflow/example_dags/example_branch_python_dop_operator_3.py took 0.480 seconds
[2024-06-04T23:54:23.930+0000] {processor.py:161} INFO - Started process (PID=174841) to work on /home/airflow/.local/lib/python3.12/site-packages/airflow/example_dags/example_branch_python_dop_operator_3.py
[2024-06-04T23:54:23.944+0000] {processor.py:830} INFO - Processing file /home/airflow/.local/lib/python3.12/site-packages/airflow/example_dags/example_branch_python_dop_operator_3.py for tasks to queue
[2024-06-04T23:54:23.950+0000] {logging_mixin.py:188} INFO - [2024-06-04T23:54:23.949+0000] {dagbag.py:545} INFO - Filling up the DagBag from /home/airflow/.local/lib/python3.12/site-packages/airflow/example_dags/example_branch_python_dop_operator_3.py
[2024-06-04T23:54:23.972+0000] {processor.py:840} INFO - DAG(s) 'example_branch_dop_operator_v3' retrieved from /home/airflow/.local/lib/python3.12/site-packages/airflow/example_dags/example_branch_python_dop_operator_3.py
[2024-06-04T23:54:24.043+0000] {logging_mixin.py:188} INFO - [2024-06-04T23:54:24.042+0000] {dag.py:3096} INFO - Sync 1 DAGs
[2024-06-04T23:54:24.118+0000] {logging_mixin.py:188} INFO - [2024-06-04T23:54:24.117+0000] {dag.py:3954} INFO - Setting next_dagrun for example_branch_dop_operator_v3 to 2024-06-04 23:53:00+00:00, run_after=2024-06-04 23:54:00+00:00
[2024-06-04T23:54:24.183+0000] {processor.py:183} INFO - Processing /home/airflow/.local/lib/python3.12/site-packages/airflow/example_dags/example_branch_python_dop_operator_3.py took 0.270 seconds
[2024-06-04T23:54:54.493+0000] {processor.py:161} INFO - Started process (PID=175104) to work on /home/airflow/.local/lib/python3.12/site-packages/airflow/example_dags/example_branch_python_dop_operator_3.py
[2024-06-04T23:54:54.496+0000] {processor.py:830} INFO - Processing file /home/airflow/.local/lib/python3.12/site-packages/airflow/example_dags/example_branch_python_dop_operator_3.py for tasks to queue
[2024-06-04T23:54:54.501+0000] {logging_mixin.py:188} INFO - [2024-06-04T23:54:54.500+0000] {dagbag.py:545} INFO - Filling up the DagBag from /home/airflow/.local/lib/python3.12/site-packages/airflow/example_dags/example_branch_python_dop_operator_3.py
[2024-06-04T23:54:54.524+0000] {processor.py:840} INFO - DAG(s) 'example_branch_dop_operator_v3' retrieved from /home/airflow/.local/lib/python3.12/site-packages/airflow/example_dags/example_branch_python_dop_operator_3.py
[2024-06-04T23:54:54.578+0000] {logging_mixin.py:188} INFO - [2024-06-04T23:54:54.577+0000] {dag.py:3096} INFO - Sync 1 DAGs
[2024-06-04T23:54:54.646+0000] {logging_mixin.py:188} INFO - [2024-06-04T23:54:54.646+0000] {dag.py:3954} INFO - Setting next_dagrun for example_branch_dop_operator_v3 to 2024-06-04 23:53:00+00:00, run_after=2024-06-04 23:54:00+00:00
[2024-06-04T23:54:54.701+0000] {processor.py:183} INFO - Processing /home/airflow/.local/lib/python3.12/site-packages/airflow/example_dags/example_branch_python_dop_operator_3.py took 0.223 seconds
[2024-06-04T23:55:24.938+0000] {processor.py:161} INFO - Started process (PID=175371) to work on /home/airflow/.local/lib/python3.12/site-packages/airflow/example_dags/example_branch_python_dop_operator_3.py
[2024-06-04T23:55:24.939+0000] {processor.py:830} INFO - Processing file /home/airflow/.local/lib/python3.12/site-packages/airflow/example_dags/example_branch_python_dop_operator_3.py for tasks to queue
[2024-06-04T23:55:24.942+0000] {logging_mixin.py:188} INFO - [2024-06-04T23:55:24.941+0000] {dagbag.py:545} INFO - Filling up the DagBag from /home/airflow/.local/lib/python3.12/site-packages/airflow/example_dags/example_branch_python_dop_operator_3.py
[2024-06-04T23:55:24.956+0000] {processor.py:840} INFO - DAG(s) 'example_branch_dop_operator_v3' retrieved from /home/airflow/.local/lib/python3.12/site-packages/airflow/example_dags/example_branch_python_dop_operator_3.py
[2024-06-04T23:55:24.989+0000] {logging_mixin.py:188} INFO - [2024-06-04T23:55:24.988+0000] {dag.py:3096} INFO - Sync 1 DAGs
[2024-06-04T23:55:25.037+0000] {logging_mixin.py:188} INFO - [2024-06-04T23:55:25.036+0000] {dag.py:3954} INFO - Setting next_dagrun for example_branch_dop_operator_v3 to 2024-06-04 23:54:00+00:00, run_after=2024-06-04 23:55:00+00:00
[2024-06-04T23:55:25.073+0000] {processor.py:183} INFO - Processing /home/airflow/.local/lib/python3.12/site-packages/airflow/example_dags/example_branch_python_dop_operator_3.py took 0.147 seconds
[2024-06-04T23:55:55.876+0000] {processor.py:161} INFO - Started process (PID=175626) to work on /home/airflow/.local/lib/python3.12/site-packages/airflow/example_dags/example_branch_python_dop_operator_3.py
[2024-06-04T23:55:55.878+0000] {processor.py:830} INFO - Processing file /home/airflow/.local/lib/python3.12/site-packages/airflow/example_dags/example_branch_python_dop_operator_3.py for tasks to queue
[2024-06-04T23:55:55.881+0000] {logging_mixin.py:188} INFO - [2024-06-04T23:55:55.880+0000] {dagbag.py:545} INFO - Filling up the DagBag from /home/airflow/.local/lib/python3.12/site-packages/airflow/example_dags/example_branch_python_dop_operator_3.py
[2024-06-04T23:55:55.908+0000] {processor.py:840} INFO - DAG(s) 'example_branch_dop_operator_v3' retrieved from /home/airflow/.local/lib/python3.12/site-packages/airflow/example_dags/example_branch_python_dop_operator_3.py
[2024-06-04T23:55:56.075+0000] {logging_mixin.py:188} INFO - [2024-06-04T23:55:56.075+0000] {dag.py:3096} INFO - Sync 1 DAGs
[2024-06-04T23:55:56.203+0000] {logging_mixin.py:188} INFO - [2024-06-04T23:55:56.203+0000] {dag.py:3954} INFO - Setting next_dagrun for example_branch_dop_operator_v3 to 2024-06-04 23:54:00+00:00, run_after=2024-06-04 23:55:00+00:00
[2024-06-04T23:55:56.294+0000] {processor.py:183} INFO - Processing /home/airflow/.local/lib/python3.12/site-packages/airflow/example_dags/example_branch_python_dop_operator_3.py took 0.430 seconds
[2024-06-04T23:56:26.851+0000] {processor.py:161} INFO - Started process (PID=175895) to work on /home/airflow/.local/lib/python3.12/site-packages/airflow/example_dags/example_branch_python_dop_operator_3.py
[2024-06-04T23:56:26.853+0000] {processor.py:830} INFO - Processing file /home/airflow/.local/lib/python3.12/site-packages/airflow/example_dags/example_branch_python_dop_operator_3.py for tasks to queue
[2024-06-04T23:56:26.857+0000] {logging_mixin.py:188} INFO - [2024-06-04T23:56:26.856+0000] {dagbag.py:545} INFO - Filling up the DagBag from /home/airflow/.local/lib/python3.12/site-packages/airflow/example_dags/example_branch_python_dop_operator_3.py
[2024-06-04T23:56:26.876+0000] {processor.py:840} INFO - DAG(s) 'example_branch_dop_operator_v3' retrieved from /home/airflow/.local/lib/python3.12/site-packages/airflow/example_dags/example_branch_python_dop_operator_3.py
[2024-06-04T23:56:26.918+0000] {logging_mixin.py:188} INFO - [2024-06-04T23:56:26.918+0000] {dag.py:3096} INFO - Sync 1 DAGs
[2024-06-04T23:56:26.977+0000] {logging_mixin.py:188} INFO - [2024-06-04T23:56:26.976+0000] {dag.py:3954} INFO - Setting next_dagrun for example_branch_dop_operator_v3 to 2024-06-04 23:55:00+00:00, run_after=2024-06-04 23:56:00+00:00
[2024-06-04T23:56:27.023+0000] {processor.py:183} INFO - Processing /home/airflow/.local/lib/python3.12/site-packages/airflow/example_dags/example_branch_python_dop_operator_3.py took 0.185 seconds
[2024-06-04T23:56:57.153+0000] {processor.py:161} INFO - Started process (PID=176154) to work on /home/airflow/.local/lib/python3.12/site-packages/airflow/example_dags/example_branch_python_dop_operator_3.py
[2024-06-04T23:56:57.154+0000] {processor.py:830} INFO - Processing file /home/airflow/.local/lib/python3.12/site-packages/airflow/example_dags/example_branch_python_dop_operator_3.py for tasks to queue
[2024-06-04T23:56:57.158+0000] {logging_mixin.py:188} INFO - [2024-06-04T23:56:57.157+0000] {dagbag.py:545} INFO - Filling up the DagBag from /home/airflow/.local/lib/python3.12/site-packages/airflow/example_dags/example_branch_python_dop_operator_3.py
[2024-06-04T23:56:57.180+0000] {processor.py:840} INFO - DAG(s) 'example_branch_dop_operator_v3' retrieved from /home/airflow/.local/lib/python3.12/site-packages/airflow/example_dags/example_branch_python_dop_operator_3.py
[2024-06-04T23:56:57.222+0000] {logging_mixin.py:188} INFO - [2024-06-04T23:56:57.221+0000] {dag.py:3096} INFO - Sync 1 DAGs
[2024-06-04T23:56:57.279+0000] {logging_mixin.py:188} INFO - [2024-06-04T23:56:57.278+0000] {dag.py:3954} INFO - Setting next_dagrun for example_branch_dop_operator_v3 to 2024-06-04 23:55:00+00:00, run_after=2024-06-04 23:56:00+00:00
[2024-06-04T23:56:57.327+0000] {processor.py:183} INFO - Processing /home/airflow/.local/lib/python3.12/site-packages/airflow/example_dags/example_branch_python_dop_operator_3.py took 0.189 seconds
[2024-06-04T23:57:27.631+0000] {processor.py:161} INFO - Started process (PID=176411) to work on /home/airflow/.local/lib/python3.12/site-packages/airflow/example_dags/example_branch_python_dop_operator_3.py
[2024-06-04T23:57:27.640+0000] {processor.py:830} INFO - Processing file /home/airflow/.local/lib/python3.12/site-packages/airflow/example_dags/example_branch_python_dop_operator_3.py for tasks to queue
[2024-06-04T23:57:27.653+0000] {logging_mixin.py:188} INFO - [2024-06-04T23:57:27.652+0000] {dagbag.py:545} INFO - Filling up the DagBag from /home/airflow/.local/lib/python3.12/site-packages/airflow/example_dags/example_branch_python_dop_operator_3.py
[2024-06-04T23:57:27.687+0000] {processor.py:840} INFO - DAG(s) 'example_branch_dop_operator_v3' retrieved from /home/airflow/.local/lib/python3.12/site-packages/airflow/example_dags/example_branch_python_dop_operator_3.py
[2024-06-04T23:57:27.731+0000] {logging_mixin.py:188} INFO - [2024-06-04T23:57:27.730+0000] {dag.py:3096} INFO - Sync 1 DAGs
[2024-06-04T23:57:27.786+0000] {logging_mixin.py:188} INFO - [2024-06-04T23:57:27.786+0000] {dag.py:3954} INFO - Setting next_dagrun for example_branch_dop_operator_v3 to 2024-06-04 23:56:00+00:00, run_after=2024-06-04 23:57:00+00:00
[2024-06-04T23:57:27.832+0000] {processor.py:183} INFO - Processing /home/airflow/.local/lib/python3.12/site-packages/airflow/example_dags/example_branch_python_dop_operator_3.py took 0.233 seconds
[2024-06-04T23:57:58.381+0000] {processor.py:161} INFO - Started process (PID=176675) to work on /home/airflow/.local/lib/python3.12/site-packages/airflow/example_dags/example_branch_python_dop_operator_3.py
[2024-06-04T23:57:58.383+0000] {processor.py:830} INFO - Processing file /home/airflow/.local/lib/python3.12/site-packages/airflow/example_dags/example_branch_python_dop_operator_3.py for tasks to queue
[2024-06-04T23:57:58.387+0000] {logging_mixin.py:188} INFO - [2024-06-04T23:57:58.386+0000] {dagbag.py:545} INFO - Filling up the DagBag from /home/airflow/.local/lib/python3.12/site-packages/airflow/example_dags/example_branch_python_dop_operator_3.py
[2024-06-04T23:57:58.411+0000] {processor.py:840} INFO - DAG(s) 'example_branch_dop_operator_v3' retrieved from /home/airflow/.local/lib/python3.12/site-packages/airflow/example_dags/example_branch_python_dop_operator_3.py
[2024-06-04T23:57:58.469+0000] {logging_mixin.py:188} INFO - [2024-06-04T23:57:58.468+0000] {dag.py:3096} INFO - Sync 1 DAGs
[2024-06-04T23:57:58.528+0000] {logging_mixin.py:188} INFO - [2024-06-04T23:57:58.527+0000] {dag.py:3954} INFO - Setting next_dagrun for example_branch_dop_operator_v3 to 2024-06-04 23:56:00+00:00, run_after=2024-06-04 23:57:00+00:00
[2024-06-04T23:57:58.563+0000] {processor.py:183} INFO - Processing /home/airflow/.local/lib/python3.12/site-packages/airflow/example_dags/example_branch_python_dop_operator_3.py took 0.199 seconds
[2024-06-04T23:58:29.077+0000] {processor.py:161} INFO - Started process (PID=176936) to work on /home/airflow/.local/lib/python3.12/site-packages/airflow/example_dags/example_branch_python_dop_operator_3.py
[2024-06-04T23:58:29.079+0000] {processor.py:830} INFO - Processing file /home/airflow/.local/lib/python3.12/site-packages/airflow/example_dags/example_branch_python_dop_operator_3.py for tasks to queue
[2024-06-04T23:58:29.083+0000] {logging_mixin.py:188} INFO - [2024-06-04T23:58:29.082+0000] {dagbag.py:545} INFO - Filling up the DagBag from /home/airflow/.local/lib/python3.12/site-packages/airflow/example_dags/example_branch_python_dop_operator_3.py
[2024-06-04T23:58:29.105+0000] {processor.py:840} INFO - DAG(s) 'example_branch_dop_operator_v3' retrieved from /home/airflow/.local/lib/python3.12/site-packages/airflow/example_dags/example_branch_python_dop_operator_3.py
[2024-06-04T23:58:29.199+0000] {logging_mixin.py:188} INFO - [2024-06-04T23:58:29.199+0000] {dag.py:3096} INFO - Sync 1 DAGs
[2024-06-04T23:58:29.308+0000] {logging_mixin.py:188} INFO - [2024-06-04T23:58:29.307+0000] {dag.py:3954} INFO - Setting next_dagrun for example_branch_dop_operator_v3 to 2024-06-04 23:57:00+00:00, run_after=2024-06-04 23:58:00+00:00
[2024-06-04T23:58:29.349+0000] {processor.py:183} INFO - Processing /home/airflow/.local/lib/python3.12/site-packages/airflow/example_dags/example_branch_python_dop_operator_3.py took 0.286 seconds
[2024-06-04T23:58:59.701+0000] {processor.py:161} INFO - Started process (PID=177195) to work on /home/airflow/.local/lib/python3.12/site-packages/airflow/example_dags/example_branch_python_dop_operator_3.py
[2024-06-04T23:58:59.704+0000] {processor.py:830} INFO - Processing file /home/airflow/.local/lib/python3.12/site-packages/airflow/example_dags/example_branch_python_dop_operator_3.py for tasks to queue
[2024-06-04T23:58:59.711+0000] {logging_mixin.py:188} INFO - [2024-06-04T23:58:59.710+0000] {dagbag.py:545} INFO - Filling up the DagBag from /home/airflow/.local/lib/python3.12/site-packages/airflow/example_dags/example_branch_python_dop_operator_3.py
[2024-06-04T23:58:59.753+0000] {processor.py:840} INFO - DAG(s) 'example_branch_dop_operator_v3' retrieved from /home/airflow/.local/lib/python3.12/site-packages/airflow/example_dags/example_branch_python_dop_operator_3.py
[2024-06-04T23:58:59.798+0000] {logging_mixin.py:188} INFO - [2024-06-04T23:58:59.798+0000] {dag.py:3096} INFO - Sync 1 DAGs
[2024-06-04T23:58:59.889+0000] {logging_mixin.py:188} INFO - [2024-06-04T23:58:59.888+0000] {dag.py:3954} INFO - Setting next_dagrun for example_branch_dop_operator_v3 to 2024-06-04 23:57:00+00:00, run_after=2024-06-04 23:58:00+00:00
[2024-06-04T23:59:00.040+0000] {processor.py:183} INFO - Processing /home/airflow/.local/lib/python3.12/site-packages/airflow/example_dags/example_branch_python_dop_operator_3.py took 0.365 seconds
[2024-06-04T23:59:30.198+0000] {processor.py:161} INFO - Started process (PID=177457) to work on /home/airflow/.local/lib/python3.12/site-packages/airflow/example_dags/example_branch_python_dop_operator_3.py
[2024-06-04T23:59:30.199+0000] {processor.py:830} INFO - Processing file /home/airflow/.local/lib/python3.12/site-packages/airflow/example_dags/example_branch_python_dop_operator_3.py for tasks to queue
[2024-06-04T23:59:30.203+0000] {logging_mixin.py:188} INFO - [2024-06-04T23:59:30.202+0000] {dagbag.py:545} INFO - Filling up the DagBag from /home/airflow/.local/lib/python3.12/site-packages/airflow/example_dags/example_branch_python_dop_operator_3.py
[2024-06-04T23:59:30.217+0000] {processor.py:840} INFO - DAG(s) 'example_branch_dop_operator_v3' retrieved from /home/airflow/.local/lib/python3.12/site-packages/airflow/example_dags/example_branch_python_dop_operator_3.py
[2024-06-04T23:59:30.249+0000] {logging_mixin.py:188} INFO - [2024-06-04T23:59:30.248+0000] {dag.py:3096} INFO - Sync 1 DAGs
[2024-06-04T23:59:30.296+0000] {logging_mixin.py:188} INFO - [2024-06-04T23:59:30.295+0000] {dag.py:3954} INFO - Setting next_dagrun for example_branch_dop_operator_v3 to 2024-06-04 23:58:00+00:00, run_after=2024-06-04 23:59:00+00:00
[2024-06-04T23:59:30.331+0000] {processor.py:183} INFO - Processing /home/airflow/.local/lib/python3.12/site-packages/airflow/example_dags/example_branch_python_dop_operator_3.py took 0.147 seconds
