[2024-06-04T23:43:59.649+0000] {processor.py:161} INFO - Started process (PID=169547) to work on /home/airflow/.local/lib/python3.12/site-packages/airflow/example_dags/example_sensors.py
[2024-06-04T23:43:59.660+0000] {processor.py:830} INFO - Processing file /home/airflow/.local/lib/python3.12/site-packages/airflow/example_dags/example_sensors.py for tasks to queue
[2024-06-04T23:43:59.663+0000] {logging_mixin.py:188} INFO - [2024-06-04T23:43:59.662+0000] {dagbag.py:545} INFO - Filling up the DagBag from /home/airflow/.local/lib/python3.12/site-packages/airflow/example_dags/example_sensors.py
[2024-06-04T23:43:59.686+0000] {processor.py:840} INFO - DAG(s) 'example_sensors' retrieved from /home/airflow/.local/lib/python3.12/site-packages/airflow/example_dags/example_sensors.py
[2024-06-04T23:43:59.827+0000] {logging_mixin.py:188} INFO - [2024-06-04T23:43:59.826+0000] {dag.py:3096} INFO - Sync 1 DAGs
[2024-06-04T23:43:59.873+0000] {logging_mixin.py:188} INFO - [2024-06-04T23:43:59.872+0000] {dag.py:3954} INFO - Setting next_dagrun for example_sensors to None, run_after=None
[2024-06-04T23:44:00.136+0000] {processor.py:183} INFO - Processing /home/airflow/.local/lib/python3.12/site-packages/airflow/example_dags/example_sensors.py took 0.512 seconds
[2024-06-04T23:44:30.706+0000] {processor.py:161} INFO - Started process (PID=169809) to work on /home/airflow/.local/lib/python3.12/site-packages/airflow/example_dags/example_sensors.py
[2024-06-04T23:44:30.712+0000] {processor.py:830} INFO - Processing file /home/airflow/.local/lib/python3.12/site-packages/airflow/example_dags/example_sensors.py for tasks to queue
[2024-06-04T23:44:30.716+0000] {logging_mixin.py:188} INFO - [2024-06-04T23:44:30.716+0000] {dagbag.py:545} INFO - Filling up the DagBag from /home/airflow/.local/lib/python3.12/site-packages/airflow/example_dags/example_sensors.py
[2024-06-04T23:44:30.763+0000] {processor.py:840} INFO - DAG(s) 'example_sensors' retrieved from /home/airflow/.local/lib/python3.12/site-packages/airflow/example_dags/example_sensors.py
[2024-06-04T23:44:30.932+0000] {logging_mixin.py:188} INFO - [2024-06-04T23:44:30.931+0000] {dag.py:3096} INFO - Sync 1 DAGs
[2024-06-04T23:44:31.031+0000] {logging_mixin.py:188} INFO - [2024-06-04T23:44:31.011+0000] {dag.py:3954} INFO - Setting next_dagrun for example_sensors to None, run_after=None
[2024-06-04T23:44:31.203+0000] {processor.py:183} INFO - Processing /home/airflow/.local/lib/python3.12/site-packages/airflow/example_dags/example_sensors.py took 0.533 seconds
[2024-06-04T23:45:01.307+0000] {processor.py:161} INFO - Started process (PID=170073) to work on /home/airflow/.local/lib/python3.12/site-packages/airflow/example_dags/example_sensors.py
[2024-06-04T23:45:01.309+0000] {processor.py:830} INFO - Processing file /home/airflow/.local/lib/python3.12/site-packages/airflow/example_dags/example_sensors.py for tasks to queue
[2024-06-04T23:45:01.312+0000] {logging_mixin.py:188} INFO - [2024-06-04T23:45:01.311+0000] {dagbag.py:545} INFO - Filling up the DagBag from /home/airflow/.local/lib/python3.12/site-packages/airflow/example_dags/example_sensors.py
[2024-06-04T23:45:01.339+0000] {processor.py:840} INFO - DAG(s) 'example_sensors' retrieved from /home/airflow/.local/lib/python3.12/site-packages/airflow/example_dags/example_sensors.py
[2024-06-04T23:45:01.392+0000] {logging_mixin.py:188} INFO - [2024-06-04T23:45:01.392+0000] {dag.py:3096} INFO - Sync 1 DAGs
[2024-06-04T23:45:01.415+0000] {logging_mixin.py:188} INFO - [2024-06-04T23:45:01.414+0000] {dag.py:3954} INFO - Setting next_dagrun for example_sensors to None, run_after=None
[2024-06-04T23:45:01.462+0000] {processor.py:183} INFO - Processing /home/airflow/.local/lib/python3.12/site-packages/airflow/example_dags/example_sensors.py took 0.167 seconds
[2024-06-04T23:45:31.671+0000] {processor.py:161} INFO - Started process (PID=170333) to work on /home/airflow/.local/lib/python3.12/site-packages/airflow/example_dags/example_sensors.py
[2024-06-04T23:45:31.680+0000] {processor.py:830} INFO - Processing file /home/airflow/.local/lib/python3.12/site-packages/airflow/example_dags/example_sensors.py for tasks to queue
[2024-06-04T23:45:31.683+0000] {logging_mixin.py:188} INFO - [2024-06-04T23:45:31.682+0000] {dagbag.py:545} INFO - Filling up the DagBag from /home/airflow/.local/lib/python3.12/site-packages/airflow/example_dags/example_sensors.py
[2024-06-04T23:45:31.730+0000] {processor.py:840} INFO - DAG(s) 'example_sensors' retrieved from /home/airflow/.local/lib/python3.12/site-packages/airflow/example_dags/example_sensors.py
[2024-06-04T23:45:31.873+0000] {logging_mixin.py:188} INFO - [2024-06-04T23:45:31.872+0000] {dag.py:3096} INFO - Sync 1 DAGs
[2024-06-04T23:45:31.930+0000] {logging_mixin.py:188} INFO - [2024-06-04T23:45:31.929+0000] {dag.py:3954} INFO - Setting next_dagrun for example_sensors to None, run_after=None
[2024-06-04T23:45:32.112+0000] {processor.py:183} INFO - Processing /home/airflow/.local/lib/python3.12/site-packages/airflow/example_dags/example_sensors.py took 0.486 seconds
[2024-06-04T23:46:04.496+0000] {processor.py:161} INFO - Started process (PID=170595) to work on /home/airflow/.local/lib/python3.12/site-packages/airflow/example_dags/example_sensors.py
[2024-06-04T23:46:04.497+0000] {processor.py:830} INFO - Processing file /home/airflow/.local/lib/python3.12/site-packages/airflow/example_dags/example_sensors.py for tasks to queue
[2024-06-04T23:46:04.511+0000] {logging_mixin.py:188} INFO - [2024-06-04T23:46:04.510+0000] {dagbag.py:545} INFO - Filling up the DagBag from /home/airflow/.local/lib/python3.12/site-packages/airflow/example_dags/example_sensors.py
[2024-06-04T23:46:04.569+0000] {processor.py:840} INFO - DAG(s) 'example_sensors' retrieved from /home/airflow/.local/lib/python3.12/site-packages/airflow/example_dags/example_sensors.py
[2024-06-04T23:46:04.748+0000] {logging_mixin.py:188} INFO - [2024-06-04T23:46:04.748+0000] {dag.py:3096} INFO - Sync 1 DAGs
[2024-06-04T23:46:04.906+0000] {logging_mixin.py:188} INFO - [2024-06-04T23:46:04.905+0000] {dag.py:3954} INFO - Setting next_dagrun for example_sensors to None, run_after=None
[2024-06-04T23:46:05.134+0000] {processor.py:183} INFO - Processing /home/airflow/.local/lib/python3.12/site-packages/airflow/example_dags/example_sensors.py took 0.682 seconds
[2024-06-04T23:46:35.450+0000] {processor.py:161} INFO - Started process (PID=170857) to work on /home/airflow/.local/lib/python3.12/site-packages/airflow/example_dags/example_sensors.py
[2024-06-04T23:46:35.453+0000] {processor.py:830} INFO - Processing file /home/airflow/.local/lib/python3.12/site-packages/airflow/example_dags/example_sensors.py for tasks to queue
[2024-06-04T23:46:35.457+0000] {logging_mixin.py:188} INFO - [2024-06-04T23:46:35.456+0000] {dagbag.py:545} INFO - Filling up the DagBag from /home/airflow/.local/lib/python3.12/site-packages/airflow/example_dags/example_sensors.py
[2024-06-04T23:46:35.493+0000] {processor.py:840} INFO - DAG(s) 'example_sensors' retrieved from /home/airflow/.local/lib/python3.12/site-packages/airflow/example_dags/example_sensors.py
[2024-06-04T23:46:35.679+0000] {logging_mixin.py:188} INFO - [2024-06-04T23:46:35.678+0000] {dag.py:3096} INFO - Sync 1 DAGs
[2024-06-04T23:46:35.734+0000] {logging_mixin.py:188} INFO - [2024-06-04T23:46:35.733+0000] {dag.py:3954} INFO - Setting next_dagrun for example_sensors to None, run_after=None
[2024-06-04T23:46:35.833+0000] {processor.py:183} INFO - Processing /home/airflow/.local/lib/python3.12/site-packages/airflow/example_dags/example_sensors.py took 0.397 seconds
[2024-06-04T23:47:06.032+0000] {processor.py:161} INFO - Started process (PID=171118) to work on /home/airflow/.local/lib/python3.12/site-packages/airflow/example_dags/example_sensors.py
[2024-06-04T23:47:06.033+0000] {processor.py:830} INFO - Processing file /home/airflow/.local/lib/python3.12/site-packages/airflow/example_dags/example_sensors.py for tasks to queue
[2024-06-04T23:47:06.037+0000] {logging_mixin.py:188} INFO - [2024-06-04T23:47:06.036+0000] {dagbag.py:545} INFO - Filling up the DagBag from /home/airflow/.local/lib/python3.12/site-packages/airflow/example_dags/example_sensors.py
[2024-06-04T23:47:06.059+0000] {processor.py:840} INFO - DAG(s) 'example_sensors' retrieved from /home/airflow/.local/lib/python3.12/site-packages/airflow/example_dags/example_sensors.py
[2024-06-04T23:47:06.133+0000] {logging_mixin.py:188} INFO - [2024-06-04T23:47:06.133+0000] {dag.py:3096} INFO - Sync 1 DAGs
[2024-06-04T23:47:06.171+0000] {logging_mixin.py:188} INFO - [2024-06-04T23:47:06.171+0000] {dag.py:3954} INFO - Setting next_dagrun for example_sensors to None, run_after=None
[2024-06-04T23:47:06.229+0000] {processor.py:183} INFO - Processing /home/airflow/.local/lib/python3.12/site-packages/airflow/example_dags/example_sensors.py took 0.211 seconds
[2024-06-04T23:47:36.414+0000] {processor.py:161} INFO - Started process (PID=171379) to work on /home/airflow/.local/lib/python3.12/site-packages/airflow/example_dags/example_sensors.py
[2024-06-04T23:47:36.420+0000] {processor.py:830} INFO - Processing file /home/airflow/.local/lib/python3.12/site-packages/airflow/example_dags/example_sensors.py for tasks to queue
[2024-06-04T23:47:36.423+0000] {logging_mixin.py:188} INFO - [2024-06-04T23:47:36.422+0000] {dagbag.py:545} INFO - Filling up the DagBag from /home/airflow/.local/lib/python3.12/site-packages/airflow/example_dags/example_sensors.py
[2024-06-04T23:47:36.446+0000] {processor.py:840} INFO - DAG(s) 'example_sensors' retrieved from /home/airflow/.local/lib/python3.12/site-packages/airflow/example_dags/example_sensors.py
[2024-06-04T23:47:36.535+0000] {logging_mixin.py:188} INFO - [2024-06-04T23:47:36.535+0000] {dag.py:3096} INFO - Sync 1 DAGs
[2024-06-04T23:47:36.572+0000] {logging_mixin.py:188} INFO - [2024-06-04T23:47:36.571+0000] {dag.py:3954} INFO - Setting next_dagrun for example_sensors to None, run_after=None
[2024-06-04T23:47:36.621+0000] {processor.py:183} INFO - Processing /home/airflow/.local/lib/python3.12/site-packages/airflow/example_dags/example_sensors.py took 0.221 seconds
[2024-06-04T23:48:07.635+0000] {processor.py:161} INFO - Started process (PID=171641) to work on /home/airflow/.local/lib/python3.12/site-packages/airflow/example_dags/example_sensors.py
[2024-06-04T23:48:07.636+0000] {processor.py:830} INFO - Processing file /home/airflow/.local/lib/python3.12/site-packages/airflow/example_dags/example_sensors.py for tasks to queue
[2024-06-04T23:48:07.640+0000] {logging_mixin.py:188} INFO - [2024-06-04T23:48:07.639+0000] {dagbag.py:545} INFO - Filling up the DagBag from /home/airflow/.local/lib/python3.12/site-packages/airflow/example_dags/example_sensors.py
[2024-06-04T23:48:07.663+0000] {processor.py:840} INFO - DAG(s) 'example_sensors' retrieved from /home/airflow/.local/lib/python3.12/site-packages/airflow/example_dags/example_sensors.py
[2024-06-04T23:48:07.746+0000] {logging_mixin.py:188} INFO - [2024-06-04T23:48:07.746+0000] {dag.py:3096} INFO - Sync 1 DAGs
[2024-06-04T23:48:07.781+0000] {logging_mixin.py:188} INFO - [2024-06-04T23:48:07.780+0000] {dag.py:3954} INFO - Setting next_dagrun for example_sensors to None, run_after=None
[2024-06-04T23:48:07.838+0000] {processor.py:183} INFO - Processing /home/airflow/.local/lib/python3.12/site-packages/airflow/example_dags/example_sensors.py took 0.218 seconds
[2024-06-04T23:48:38.807+0000] {processor.py:161} INFO - Started process (PID=171903) to work on /home/airflow/.local/lib/python3.12/site-packages/airflow/example_dags/example_sensors.py
[2024-06-04T23:48:38.813+0000] {processor.py:830} INFO - Processing file /home/airflow/.local/lib/python3.12/site-packages/airflow/example_dags/example_sensors.py for tasks to queue
[2024-06-04T23:48:38.817+0000] {logging_mixin.py:188} INFO - [2024-06-04T23:48:38.816+0000] {dagbag.py:545} INFO - Filling up the DagBag from /home/airflow/.local/lib/python3.12/site-packages/airflow/example_dags/example_sensors.py
[2024-06-04T23:48:38.853+0000] {processor.py:840} INFO - DAG(s) 'example_sensors' retrieved from /home/airflow/.local/lib/python3.12/site-packages/airflow/example_dags/example_sensors.py
[2024-06-04T23:48:38.924+0000] {logging_mixin.py:188} INFO - [2024-06-04T23:48:38.923+0000] {dag.py:3096} INFO - Sync 1 DAGs
[2024-06-04T23:48:38.958+0000] {logging_mixin.py:188} INFO - [2024-06-04T23:48:38.958+0000] {dag.py:3954} INFO - Setting next_dagrun for example_sensors to None, run_after=None
[2024-06-04T23:48:39.015+0000] {processor.py:183} INFO - Processing /home/airflow/.local/lib/python3.12/site-packages/airflow/example_dags/example_sensors.py took 0.281 seconds
[2024-06-04T23:49:09.237+0000] {processor.py:161} INFO - Started process (PID=172165) to work on /home/airflow/.local/lib/python3.12/site-packages/airflow/example_dags/example_sensors.py
[2024-06-04T23:49:09.239+0000] {processor.py:830} INFO - Processing file /home/airflow/.local/lib/python3.12/site-packages/airflow/example_dags/example_sensors.py for tasks to queue
[2024-06-04T23:49:09.242+0000] {logging_mixin.py:188} INFO - [2024-06-04T23:49:09.241+0000] {dagbag.py:545} INFO - Filling up the DagBag from /home/airflow/.local/lib/python3.12/site-packages/airflow/example_dags/example_sensors.py
[2024-06-04T23:49:09.306+0000] {processor.py:840} INFO - DAG(s) 'example_sensors' retrieved from /home/airflow/.local/lib/python3.12/site-packages/airflow/example_dags/example_sensors.py
[2024-06-04T23:49:09.469+0000] {logging_mixin.py:188} INFO - [2024-06-04T23:49:09.469+0000] {dag.py:3096} INFO - Sync 1 DAGs
[2024-06-04T23:49:09.503+0000] {logging_mixin.py:188} INFO - [2024-06-04T23:49:09.503+0000] {dag.py:3954} INFO - Setting next_dagrun for example_sensors to None, run_after=None
[2024-06-04T23:49:09.655+0000] {processor.py:183} INFO - Processing /home/airflow/.local/lib/python3.12/site-packages/airflow/example_dags/example_sensors.py took 0.460 seconds
[2024-06-04T23:49:39.744+0000] {processor.py:161} INFO - Started process (PID=172426) to work on /home/airflow/.local/lib/python3.12/site-packages/airflow/example_dags/example_sensors.py
[2024-06-04T23:49:39.762+0000] {processor.py:830} INFO - Processing file /home/airflow/.local/lib/python3.12/site-packages/airflow/example_dags/example_sensors.py for tasks to queue
[2024-06-04T23:49:39.769+0000] {logging_mixin.py:188} INFO - [2024-06-04T23:49:39.768+0000] {dagbag.py:545} INFO - Filling up the DagBag from /home/airflow/.local/lib/python3.12/site-packages/airflow/example_dags/example_sensors.py
[2024-06-04T23:49:39.813+0000] {processor.py:840} INFO - DAG(s) 'example_sensors' retrieved from /home/airflow/.local/lib/python3.12/site-packages/airflow/example_dags/example_sensors.py
[2024-06-04T23:49:39.896+0000] {logging_mixin.py:188} INFO - [2024-06-04T23:49:39.896+0000] {dag.py:3096} INFO - Sync 1 DAGs
[2024-06-04T23:49:39.930+0000] {logging_mixin.py:188} INFO - [2024-06-04T23:49:39.929+0000] {dag.py:3954} INFO - Setting next_dagrun for example_sensors to None, run_after=None
[2024-06-04T23:49:39.987+0000] {processor.py:183} INFO - Processing /home/airflow/.local/lib/python3.12/site-packages/airflow/example_dags/example_sensors.py took 0.258 seconds
[2024-06-04T23:50:10.606+0000] {processor.py:161} INFO - Started process (PID=172688) to work on /home/airflow/.local/lib/python3.12/site-packages/airflow/example_dags/example_sensors.py
[2024-06-04T23:50:10.607+0000] {processor.py:830} INFO - Processing file /home/airflow/.local/lib/python3.12/site-packages/airflow/example_dags/example_sensors.py for tasks to queue
[2024-06-04T23:50:10.611+0000] {logging_mixin.py:188} INFO - [2024-06-04T23:50:10.610+0000] {dagbag.py:545} INFO - Filling up the DagBag from /home/airflow/.local/lib/python3.12/site-packages/airflow/example_dags/example_sensors.py
[2024-06-04T23:50:10.632+0000] {processor.py:840} INFO - DAG(s) 'example_sensors' retrieved from /home/airflow/.local/lib/python3.12/site-packages/airflow/example_dags/example_sensors.py
[2024-06-04T23:50:10.692+0000] {logging_mixin.py:188} INFO - [2024-06-04T23:50:10.691+0000] {dag.py:3096} INFO - Sync 1 DAGs
[2024-06-04T23:50:10.721+0000] {logging_mixin.py:188} INFO - [2024-06-04T23:50:10.720+0000] {dag.py:3954} INFO - Setting next_dagrun for example_sensors to None, run_after=None
[2024-06-04T23:50:10.768+0000] {processor.py:183} INFO - Processing /home/airflow/.local/lib/python3.12/site-packages/airflow/example_dags/example_sensors.py took 0.198 seconds
[2024-06-04T23:50:41.333+0000] {processor.py:161} INFO - Started process (PID=172944) to work on /home/airflow/.local/lib/python3.12/site-packages/airflow/example_dags/example_sensors.py
[2024-06-04T23:50:41.335+0000] {processor.py:830} INFO - Processing file /home/airflow/.local/lib/python3.12/site-packages/airflow/example_dags/example_sensors.py for tasks to queue
[2024-06-04T23:50:41.339+0000] {logging_mixin.py:188} INFO - [2024-06-04T23:50:41.338+0000] {dagbag.py:545} INFO - Filling up the DagBag from /home/airflow/.local/lib/python3.12/site-packages/airflow/example_dags/example_sensors.py
[2024-06-04T23:50:41.365+0000] {processor.py:840} INFO - DAG(s) 'example_sensors' retrieved from /home/airflow/.local/lib/python3.12/site-packages/airflow/example_dags/example_sensors.py
[2024-06-04T23:50:41.437+0000] {logging_mixin.py:188} INFO - [2024-06-04T23:50:41.436+0000] {dag.py:3096} INFO - Sync 1 DAGs
[2024-06-04T23:50:41.472+0000] {logging_mixin.py:188} INFO - [2024-06-04T23:50:41.472+0000] {dag.py:3954} INFO - Setting next_dagrun for example_sensors to None, run_after=None
[2024-06-04T23:50:41.538+0000] {processor.py:183} INFO - Processing /home/airflow/.local/lib/python3.12/site-packages/airflow/example_dags/example_sensors.py took 0.230 seconds
[2024-06-04T23:51:12.202+0000] {processor.py:161} INFO - Started process (PID=173205) to work on /home/airflow/.local/lib/python3.12/site-packages/airflow/example_dags/example_sensors.py
[2024-06-04T23:51:12.204+0000] {processor.py:830} INFO - Processing file /home/airflow/.local/lib/python3.12/site-packages/airflow/example_dags/example_sensors.py for tasks to queue
[2024-06-04T23:51:12.208+0000] {logging_mixin.py:188} INFO - [2024-06-04T23:51:12.207+0000] {dagbag.py:545} INFO - Filling up the DagBag from /home/airflow/.local/lib/python3.12/site-packages/airflow/example_dags/example_sensors.py
[2024-06-04T23:51:12.232+0000] {processor.py:840} INFO - DAG(s) 'example_sensors' retrieved from /home/airflow/.local/lib/python3.12/site-packages/airflow/example_dags/example_sensors.py
[2024-06-04T23:51:12.309+0000] {logging_mixin.py:188} INFO - [2024-06-04T23:51:12.309+0000] {dag.py:3096} INFO - Sync 1 DAGs
[2024-06-04T23:51:12.352+0000] {logging_mixin.py:188} INFO - [2024-06-04T23:51:12.352+0000] {dag.py:3954} INFO - Setting next_dagrun for example_sensors to None, run_after=None
[2024-06-04T23:51:12.411+0000] {processor.py:183} INFO - Processing /home/airflow/.local/lib/python3.12/site-packages/airflow/example_dags/example_sensors.py took 0.225 seconds
[2024-06-04T23:51:43.008+0000] {processor.py:161} INFO - Started process (PID=173469) to work on /home/airflow/.local/lib/python3.12/site-packages/airflow/example_dags/example_sensors.py
[2024-06-04T23:51:43.010+0000] {processor.py:830} INFO - Processing file /home/airflow/.local/lib/python3.12/site-packages/airflow/example_dags/example_sensors.py for tasks to queue
[2024-06-04T23:51:43.014+0000] {logging_mixin.py:188} INFO - [2024-06-04T23:51:43.013+0000] {dagbag.py:545} INFO - Filling up the DagBag from /home/airflow/.local/lib/python3.12/site-packages/airflow/example_dags/example_sensors.py
[2024-06-04T23:51:43.041+0000] {processor.py:840} INFO - DAG(s) 'example_sensors' retrieved from /home/airflow/.local/lib/python3.12/site-packages/airflow/example_dags/example_sensors.py
[2024-06-04T23:51:43.142+0000] {logging_mixin.py:188} INFO - [2024-06-04T23:51:43.141+0000] {dag.py:3096} INFO - Sync 1 DAGs
[2024-06-04T23:51:43.193+0000] {logging_mixin.py:188} INFO - [2024-06-04T23:51:43.193+0000] {dag.py:3954} INFO - Setting next_dagrun for example_sensors to None, run_after=None
[2024-06-04T23:51:43.235+0000] {processor.py:183} INFO - Processing /home/airflow/.local/lib/python3.12/site-packages/airflow/example_dags/example_sensors.py took 0.241 seconds
[2024-06-04T23:52:13.849+0000] {processor.py:161} INFO - Started process (PID=173729) to work on /home/airflow/.local/lib/python3.12/site-packages/airflow/example_dags/example_sensors.py
[2024-06-04T23:52:13.852+0000] {processor.py:830} INFO - Processing file /home/airflow/.local/lib/python3.12/site-packages/airflow/example_dags/example_sensors.py for tasks to queue
[2024-06-04T23:52:13.870+0000] {logging_mixin.py:188} INFO - [2024-06-04T23:52:13.869+0000] {dagbag.py:545} INFO - Filling up the DagBag from /home/airflow/.local/lib/python3.12/site-packages/airflow/example_dags/example_sensors.py
[2024-06-04T23:52:13.913+0000] {processor.py:840} INFO - DAG(s) 'example_sensors' retrieved from /home/airflow/.local/lib/python3.12/site-packages/airflow/example_dags/example_sensors.py
[2024-06-04T23:52:13.995+0000] {logging_mixin.py:188} INFO - [2024-06-04T23:52:13.994+0000] {dag.py:3096} INFO - Sync 1 DAGs
[2024-06-04T23:52:14.026+0000] {logging_mixin.py:188} INFO - [2024-06-04T23:52:14.026+0000] {dag.py:3954} INFO - Setting next_dagrun for example_sensors to None, run_after=None
[2024-06-04T23:52:14.096+0000] {processor.py:183} INFO - Processing /home/airflow/.local/lib/python3.12/site-packages/airflow/example_dags/example_sensors.py took 0.264 seconds
[2024-06-04T23:52:44.599+0000] {processor.py:161} INFO - Started process (PID=173992) to work on /home/airflow/.local/lib/python3.12/site-packages/airflow/example_dags/example_sensors.py
[2024-06-04T23:52:44.609+0000] {processor.py:830} INFO - Processing file /home/airflow/.local/lib/python3.12/site-packages/airflow/example_dags/example_sensors.py for tasks to queue
[2024-06-04T23:52:44.613+0000] {logging_mixin.py:188} INFO - [2024-06-04T23:52:44.612+0000] {dagbag.py:545} INFO - Filling up the DagBag from /home/airflow/.local/lib/python3.12/site-packages/airflow/example_dags/example_sensors.py
[2024-06-04T23:52:44.637+0000] {processor.py:840} INFO - DAG(s) 'example_sensors' retrieved from /home/airflow/.local/lib/python3.12/site-packages/airflow/example_dags/example_sensors.py
[2024-06-04T23:52:44.724+0000] {logging_mixin.py:188} INFO - [2024-06-04T23:52:44.723+0000] {dag.py:3096} INFO - Sync 1 DAGs
[2024-06-04T23:52:44.757+0000] {logging_mixin.py:188} INFO - [2024-06-04T23:52:44.756+0000] {dag.py:3954} INFO - Setting next_dagrun for example_sensors to None, run_after=None
[2024-06-04T23:52:44.812+0000] {processor.py:183} INFO - Processing /home/airflow/.local/lib/python3.12/site-packages/airflow/example_dags/example_sensors.py took 0.236 seconds
[2024-06-04T23:53:15.269+0000] {processor.py:161} INFO - Started process (PID=174254) to work on /home/airflow/.local/lib/python3.12/site-packages/airflow/example_dags/example_sensors.py
[2024-06-04T23:53:15.270+0000] {processor.py:830} INFO - Processing file /home/airflow/.local/lib/python3.12/site-packages/airflow/example_dags/example_sensors.py for tasks to queue
[2024-06-04T23:53:15.277+0000] {logging_mixin.py:188} INFO - [2024-06-04T23:53:15.276+0000] {dagbag.py:545} INFO - Filling up the DagBag from /home/airflow/.local/lib/python3.12/site-packages/airflow/example_dags/example_sensors.py
[2024-06-04T23:53:15.301+0000] {processor.py:840} INFO - DAG(s) 'example_sensors' retrieved from /home/airflow/.local/lib/python3.12/site-packages/airflow/example_dags/example_sensors.py
[2024-06-04T23:53:15.389+0000] {logging_mixin.py:188} INFO - [2024-06-04T23:53:15.388+0000] {dag.py:3096} INFO - Sync 1 DAGs
[2024-06-04T23:53:15.485+0000] {logging_mixin.py:188} INFO - [2024-06-04T23:53:15.485+0000] {dag.py:3954} INFO - Setting next_dagrun for example_sensors to None, run_after=None
[2024-06-04T23:53:15.600+0000] {processor.py:183} INFO - Processing /home/airflow/.local/lib/python3.12/site-packages/airflow/example_dags/example_sensors.py took 0.385 seconds
[2024-06-04T23:53:46.277+0000] {processor.py:161} INFO - Started process (PID=174517) to work on /home/airflow/.local/lib/python3.12/site-packages/airflow/example_dags/example_sensors.py
[2024-06-04T23:53:46.296+0000] {processor.py:830} INFO - Processing file /home/airflow/.local/lib/python3.12/site-packages/airflow/example_dags/example_sensors.py for tasks to queue
[2024-06-04T23:53:46.299+0000] {logging_mixin.py:188} INFO - [2024-06-04T23:53:46.298+0000] {dagbag.py:545} INFO - Filling up the DagBag from /home/airflow/.local/lib/python3.12/site-packages/airflow/example_dags/example_sensors.py
[2024-06-04T23:53:46.331+0000] {processor.py:840} INFO - DAG(s) 'example_sensors' retrieved from /home/airflow/.local/lib/python3.12/site-packages/airflow/example_dags/example_sensors.py
[2024-06-04T23:53:46.481+0000] {logging_mixin.py:188} INFO - [2024-06-04T23:53:46.481+0000] {dag.py:3096} INFO - Sync 1 DAGs
[2024-06-04T23:53:46.549+0000] {logging_mixin.py:188} INFO - [2024-06-04T23:53:46.547+0000] {dag.py:3954} INFO - Setting next_dagrun for example_sensors to None, run_after=None
[2024-06-04T23:53:46.973+0000] {processor.py:183} INFO - Processing /home/airflow/.local/lib/python3.12/site-packages/airflow/example_dags/example_sensors.py took 0.709 seconds
[2024-06-04T23:54:17.078+0000] {processor.py:161} INFO - Started process (PID=174780) to work on /home/airflow/.local/lib/python3.12/site-packages/airflow/example_dags/example_sensors.py
[2024-06-04T23:54:17.080+0000] {processor.py:830} INFO - Processing file /home/airflow/.local/lib/python3.12/site-packages/airflow/example_dags/example_sensors.py for tasks to queue
[2024-06-04T23:54:17.083+0000] {logging_mixin.py:188} INFO - [2024-06-04T23:54:17.083+0000] {dagbag.py:545} INFO - Filling up the DagBag from /home/airflow/.local/lib/python3.12/site-packages/airflow/example_dags/example_sensors.py
[2024-06-04T23:54:17.100+0000] {processor.py:840} INFO - DAG(s) 'example_sensors' retrieved from /home/airflow/.local/lib/python3.12/site-packages/airflow/example_dags/example_sensors.py
[2024-06-04T23:54:17.145+0000] {logging_mixin.py:188} INFO - [2024-06-04T23:54:17.145+0000] {dag.py:3096} INFO - Sync 1 DAGs
[2024-06-04T23:54:17.169+0000] {logging_mixin.py:188} INFO - [2024-06-04T23:54:17.169+0000] {dag.py:3954} INFO - Setting next_dagrun for example_sensors to None, run_after=None
[2024-06-04T23:54:17.208+0000] {processor.py:183} INFO - Processing /home/airflow/.local/lib/python3.12/site-packages/airflow/example_dags/example_sensors.py took 0.141 seconds
[2024-06-04T23:54:48.035+0000] {processor.py:161} INFO - Started process (PID=175040) to work on /home/airflow/.local/lib/python3.12/site-packages/airflow/example_dags/example_sensors.py
[2024-06-04T23:54:48.036+0000] {processor.py:830} INFO - Processing file /home/airflow/.local/lib/python3.12/site-packages/airflow/example_dags/example_sensors.py for tasks to queue
[2024-06-04T23:54:48.039+0000] {logging_mixin.py:188} INFO - [2024-06-04T23:54:48.038+0000] {dagbag.py:545} INFO - Filling up the DagBag from /home/airflow/.local/lib/python3.12/site-packages/airflow/example_dags/example_sensors.py
[2024-06-04T23:54:48.061+0000] {processor.py:840} INFO - DAG(s) 'example_sensors' retrieved from /home/airflow/.local/lib/python3.12/site-packages/airflow/example_dags/example_sensors.py
[2024-06-04T23:54:48.137+0000] {logging_mixin.py:188} INFO - [2024-06-04T23:54:48.136+0000] {dag.py:3096} INFO - Sync 1 DAGs
[2024-06-04T23:54:48.164+0000] {logging_mixin.py:188} INFO - [2024-06-04T23:54:48.163+0000] {dag.py:3954} INFO - Setting next_dagrun for example_sensors to None, run_after=None
[2024-06-04T23:54:48.207+0000] {processor.py:183} INFO - Processing /home/airflow/.local/lib/python3.12/site-packages/airflow/example_dags/example_sensors.py took 0.184 seconds
[2024-06-04T23:55:18.988+0000] {processor.py:161} INFO - Started process (PID=175303) to work on /home/airflow/.local/lib/python3.12/site-packages/airflow/example_dags/example_sensors.py
[2024-06-04T23:55:18.993+0000] {processor.py:830} INFO - Processing file /home/airflow/.local/lib/python3.12/site-packages/airflow/example_dags/example_sensors.py for tasks to queue
[2024-06-04T23:55:18.998+0000] {logging_mixin.py:188} INFO - [2024-06-04T23:55:18.997+0000] {dagbag.py:545} INFO - Filling up the DagBag from /home/airflow/.local/lib/python3.12/site-packages/airflow/example_dags/example_sensors.py
[2024-06-04T23:55:19.019+0000] {processor.py:840} INFO - DAG(s) 'example_sensors' retrieved from /home/airflow/.local/lib/python3.12/site-packages/airflow/example_dags/example_sensors.py
[2024-06-04T23:55:19.134+0000] {logging_mixin.py:188} INFO - [2024-06-04T23:55:19.132+0000] {dag.py:3096} INFO - Sync 1 DAGs
[2024-06-04T23:55:19.228+0000] {logging_mixin.py:188} INFO - [2024-06-04T23:55:19.228+0000] {dag.py:3954} INFO - Setting next_dagrun for example_sensors to None, run_after=None
[2024-06-04T23:55:19.285+0000] {processor.py:183} INFO - Processing /home/airflow/.local/lib/python3.12/site-packages/airflow/example_dags/example_sensors.py took 0.324 seconds
[2024-06-04T23:55:49.463+0000] {processor.py:161} INFO - Started process (PID=175565) to work on /home/airflow/.local/lib/python3.12/site-packages/airflow/example_dags/example_sensors.py
[2024-06-04T23:55:49.465+0000] {processor.py:830} INFO - Processing file /home/airflow/.local/lib/python3.12/site-packages/airflow/example_dags/example_sensors.py for tasks to queue
[2024-06-04T23:55:49.468+0000] {logging_mixin.py:188} INFO - [2024-06-04T23:55:49.468+0000] {dagbag.py:545} INFO - Filling up the DagBag from /home/airflow/.local/lib/python3.12/site-packages/airflow/example_dags/example_sensors.py
[2024-06-04T23:55:49.488+0000] {processor.py:840} INFO - DAG(s) 'example_sensors' retrieved from /home/airflow/.local/lib/python3.12/site-packages/airflow/example_dags/example_sensors.py
[2024-06-04T23:55:49.551+0000] {logging_mixin.py:188} INFO - [2024-06-04T23:55:49.550+0000] {dag.py:3096} INFO - Sync 1 DAGs
[2024-06-04T23:55:49.579+0000] {logging_mixin.py:188} INFO - [2024-06-04T23:55:49.578+0000] {dag.py:3954} INFO - Setting next_dagrun for example_sensors to None, run_after=None
[2024-06-04T23:55:49.627+0000] {processor.py:183} INFO - Processing /home/airflow/.local/lib/python3.12/site-packages/airflow/example_dags/example_sensors.py took 0.176 seconds
[2024-06-04T23:56:19.697+0000] {processor.py:161} INFO - Started process (PID=175822) to work on /home/airflow/.local/lib/python3.12/site-packages/airflow/example_dags/example_sensors.py
[2024-06-04T23:56:19.710+0000] {processor.py:830} INFO - Processing file /home/airflow/.local/lib/python3.12/site-packages/airflow/example_dags/example_sensors.py for tasks to queue
[2024-06-04T23:56:19.713+0000] {logging_mixin.py:188} INFO - [2024-06-04T23:56:19.712+0000] {dagbag.py:545} INFO - Filling up the DagBag from /home/airflow/.local/lib/python3.12/site-packages/airflow/example_dags/example_sensors.py
[2024-06-04T23:56:19.733+0000] {processor.py:840} INFO - DAG(s) 'example_sensors' retrieved from /home/airflow/.local/lib/python3.12/site-packages/airflow/example_dags/example_sensors.py
[2024-06-04T23:56:19.796+0000] {logging_mixin.py:188} INFO - [2024-06-04T23:56:19.795+0000] {dag.py:3096} INFO - Sync 1 DAGs
[2024-06-04T23:56:19.826+0000] {logging_mixin.py:188} INFO - [2024-06-04T23:56:19.825+0000] {dag.py:3954} INFO - Setting next_dagrun for example_sensors to None, run_after=None
[2024-06-04T23:56:19.895+0000] {processor.py:183} INFO - Processing /home/airflow/.local/lib/python3.12/site-packages/airflow/example_dags/example_sensors.py took 0.210 seconds
[2024-06-04T23:56:50.222+0000] {processor.py:161} INFO - Started process (PID=176089) to work on /home/airflow/.local/lib/python3.12/site-packages/airflow/example_dags/example_sensors.py
[2024-06-04T23:56:50.223+0000] {processor.py:830} INFO - Processing file /home/airflow/.local/lib/python3.12/site-packages/airflow/example_dags/example_sensors.py for tasks to queue
[2024-06-04T23:56:50.227+0000] {logging_mixin.py:188} INFO - [2024-06-04T23:56:50.226+0000] {dagbag.py:545} INFO - Filling up the DagBag from /home/airflow/.local/lib/python3.12/site-packages/airflow/example_dags/example_sensors.py
[2024-06-04T23:56:50.249+0000] {processor.py:840} INFO - DAG(s) 'example_sensors' retrieved from /home/airflow/.local/lib/python3.12/site-packages/airflow/example_dags/example_sensors.py
[2024-06-04T23:56:50.353+0000] {logging_mixin.py:188} INFO - [2024-06-04T23:56:50.353+0000] {dag.py:3096} INFO - Sync 1 DAGs
[2024-06-04T23:56:50.381+0000] {logging_mixin.py:188} INFO - [2024-06-04T23:56:50.381+0000] {dag.py:3954} INFO - Setting next_dagrun for example_sensors to None, run_after=None
[2024-06-04T23:56:50.437+0000] {processor.py:183} INFO - Processing /home/airflow/.local/lib/python3.12/site-packages/airflow/example_dags/example_sensors.py took 0.227 seconds
[2024-06-04T23:57:21.115+0000] {processor.py:161} INFO - Started process (PID=176350) to work on /home/airflow/.local/lib/python3.12/site-packages/airflow/example_dags/example_sensors.py
[2024-06-04T23:57:21.116+0000] {processor.py:830} INFO - Processing file /home/airflow/.local/lib/python3.12/site-packages/airflow/example_dags/example_sensors.py for tasks to queue
[2024-06-04T23:57:21.120+0000] {logging_mixin.py:188} INFO - [2024-06-04T23:57:21.119+0000] {dagbag.py:545} INFO - Filling up the DagBag from /home/airflow/.local/lib/python3.12/site-packages/airflow/example_dags/example_sensors.py
[2024-06-04T23:57:21.140+0000] {processor.py:840} INFO - DAG(s) 'example_sensors' retrieved from /home/airflow/.local/lib/python3.12/site-packages/airflow/example_dags/example_sensors.py
[2024-06-04T23:57:21.185+0000] {logging_mixin.py:188} INFO - [2024-06-04T23:57:21.184+0000] {dag.py:3096} INFO - Sync 1 DAGs
[2024-06-04T23:57:21.207+0000] {logging_mixin.py:188} INFO - [2024-06-04T23:57:21.207+0000] {dag.py:3954} INFO - Setting next_dagrun for example_sensors to None, run_after=None
[2024-06-04T23:57:21.247+0000] {processor.py:183} INFO - Processing /home/airflow/.local/lib/python3.12/site-packages/airflow/example_dags/example_sensors.py took 0.144 seconds
[2024-06-04T23:57:51.460+0000] {processor.py:161} INFO - Started process (PID=176612) to work on /home/airflow/.local/lib/python3.12/site-packages/airflow/example_dags/example_sensors.py
[2024-06-04T23:57:51.461+0000] {processor.py:830} INFO - Processing file /home/airflow/.local/lib/python3.12/site-packages/airflow/example_dags/example_sensors.py for tasks to queue
[2024-06-04T23:57:51.464+0000] {logging_mixin.py:188} INFO - [2024-06-04T23:57:51.464+0000] {dagbag.py:545} INFO - Filling up the DagBag from /home/airflow/.local/lib/python3.12/site-packages/airflow/example_dags/example_sensors.py
[2024-06-04T23:57:51.485+0000] {processor.py:840} INFO - DAG(s) 'example_sensors' retrieved from /home/airflow/.local/lib/python3.12/site-packages/airflow/example_dags/example_sensors.py
[2024-06-04T23:57:51.529+0000] {logging_mixin.py:188} INFO - [2024-06-04T23:57:51.529+0000] {dag.py:3096} INFO - Sync 1 DAGs
[2024-06-04T23:57:51.552+0000] {logging_mixin.py:188} INFO - [2024-06-04T23:57:51.551+0000] {dag.py:3954} INFO - Setting next_dagrun for example_sensors to None, run_after=None
[2024-06-04T23:57:51.625+0000] {processor.py:183} INFO - Processing /home/airflow/.local/lib/python3.12/site-packages/airflow/example_dags/example_sensors.py took 0.177 seconds
[2024-06-04T23:58:22.808+0000] {processor.py:161} INFO - Started process (PID=176874) to work on /home/airflow/.local/lib/python3.12/site-packages/airflow/example_dags/example_sensors.py
[2024-06-04T23:58:22.816+0000] {processor.py:830} INFO - Processing file /home/airflow/.local/lib/python3.12/site-packages/airflow/example_dags/example_sensors.py for tasks to queue
[2024-06-04T23:58:22.823+0000] {logging_mixin.py:188} INFO - [2024-06-04T23:58:22.822+0000] {dagbag.py:545} INFO - Filling up the DagBag from /home/airflow/.local/lib/python3.12/site-packages/airflow/example_dags/example_sensors.py
[2024-06-04T23:58:22.870+0000] {processor.py:840} INFO - DAG(s) 'example_sensors' retrieved from /home/airflow/.local/lib/python3.12/site-packages/airflow/example_dags/example_sensors.py
[2024-06-04T23:58:22.970+0000] {logging_mixin.py:188} INFO - [2024-06-04T23:58:22.970+0000] {dag.py:3096} INFO - Sync 1 DAGs
[2024-06-04T23:58:23.022+0000] {logging_mixin.py:188} INFO - [2024-06-04T23:58:23.021+0000] {dag.py:3954} INFO - Setting next_dagrun for example_sensors to None, run_after=None
[2024-06-04T23:58:23.101+0000] {processor.py:183} INFO - Processing /home/airflow/.local/lib/python3.12/site-packages/airflow/example_dags/example_sensors.py took 0.325 seconds
[2024-06-04T23:58:53.401+0000] {processor.py:161} INFO - Started process (PID=177137) to work on /home/airflow/.local/lib/python3.12/site-packages/airflow/example_dags/example_sensors.py
[2024-06-04T23:58:53.402+0000] {processor.py:830} INFO - Processing file /home/airflow/.local/lib/python3.12/site-packages/airflow/example_dags/example_sensors.py for tasks to queue
[2024-06-04T23:58:53.405+0000] {logging_mixin.py:188} INFO - [2024-06-04T23:58:53.404+0000] {dagbag.py:545} INFO - Filling up the DagBag from /home/airflow/.local/lib/python3.12/site-packages/airflow/example_dags/example_sensors.py
[2024-06-04T23:58:53.420+0000] {processor.py:840} INFO - DAG(s) 'example_sensors' retrieved from /home/airflow/.local/lib/python3.12/site-packages/airflow/example_dags/example_sensors.py
[2024-06-04T23:58:53.474+0000] {logging_mixin.py:188} INFO - [2024-06-04T23:58:53.474+0000] {dag.py:3096} INFO - Sync 1 DAGs
[2024-06-04T23:58:53.497+0000] {logging_mixin.py:188} INFO - [2024-06-04T23:58:53.497+0000] {dag.py:3954} INFO - Setting next_dagrun for example_sensors to None, run_after=None
[2024-06-04T23:58:53.572+0000] {processor.py:183} INFO - Processing /home/airflow/.local/lib/python3.12/site-packages/airflow/example_dags/example_sensors.py took 0.181 seconds
[2024-06-04T23:59:24.356+0000] {processor.py:161} INFO - Started process (PID=177396) to work on /home/airflow/.local/lib/python3.12/site-packages/airflow/example_dags/example_sensors.py
[2024-06-04T23:59:24.358+0000] {processor.py:830} INFO - Processing file /home/airflow/.local/lib/python3.12/site-packages/airflow/example_dags/example_sensors.py for tasks to queue
[2024-06-04T23:59:24.362+0000] {logging_mixin.py:188} INFO - [2024-06-04T23:59:24.361+0000] {dagbag.py:545} INFO - Filling up the DagBag from /home/airflow/.local/lib/python3.12/site-packages/airflow/example_dags/example_sensors.py
[2024-06-04T23:59:24.381+0000] {processor.py:840} INFO - DAG(s) 'example_sensors' retrieved from /home/airflow/.local/lib/python3.12/site-packages/airflow/example_dags/example_sensors.py
[2024-06-04T23:59:24.459+0000] {logging_mixin.py:188} INFO - [2024-06-04T23:59:24.459+0000] {dag.py:3096} INFO - Sync 1 DAGs
[2024-06-04T23:59:24.489+0000] {logging_mixin.py:188} INFO - [2024-06-04T23:59:24.488+0000] {dag.py:3954} INFO - Setting next_dagrun for example_sensors to None, run_after=None
[2024-06-04T23:59:24.549+0000] {processor.py:183} INFO - Processing /home/airflow/.local/lib/python3.12/site-packages/airflow/example_dags/example_sensors.py took 0.204 seconds
[2024-06-04T23:59:55.791+0000] {processor.py:161} INFO - Started process (PID=177663) to work on /home/airflow/.local/lib/python3.12/site-packages/airflow/example_dags/example_sensors.py
[2024-06-04T23:59:55.793+0000] {processor.py:830} INFO - Processing file /home/airflow/.local/lib/python3.12/site-packages/airflow/example_dags/example_sensors.py for tasks to queue
[2024-06-04T23:59:55.797+0000] {logging_mixin.py:188} INFO - [2024-06-04T23:59:55.796+0000] {dagbag.py:545} INFO - Filling up the DagBag from /home/airflow/.local/lib/python3.12/site-packages/airflow/example_dags/example_sensors.py
[2024-06-04T23:59:55.818+0000] {processor.py:840} INFO - DAG(s) 'example_sensors' retrieved from /home/airflow/.local/lib/python3.12/site-packages/airflow/example_dags/example_sensors.py
[2024-06-04T23:59:55.872+0000] {logging_mixin.py:188} INFO - [2024-06-04T23:59:55.871+0000] {dag.py:3096} INFO - Sync 1 DAGs
[2024-06-04T23:59:56.159+0000] {logging_mixin.py:188} INFO - [2024-06-04T23:59:56.158+0000] {dag.py:3954} INFO - Setting next_dagrun for example_sensors to None, run_after=None
[2024-06-04T23:59:56.211+0000] {processor.py:183} INFO - Processing /home/airflow/.local/lib/python3.12/site-packages/airflow/example_dags/example_sensors.py took 0.432 seconds
