[2024-06-04T23:44:04.387+0000] {processor.py:161} INFO - Started process (PID=169612) to work on /home/airflow/.local/lib/python3.12/site-packages/airflow/example_dags/example_dag_decorator.py
[2024-06-04T23:44:04.389+0000] {processor.py:830} INFO - Processing file /home/airflow/.local/lib/python3.12/site-packages/airflow/example_dags/example_dag_decorator.py for tasks to queue
[2024-06-04T23:44:04.392+0000] {logging_mixin.py:188} INFO - [2024-06-04T23:44:04.392+0000] {dagbag.py:545} INFO - Filling up the DagBag from /home/airflow/.local/lib/python3.12/site-packages/airflow/example_dags/example_dag_decorator.py
[2024-06-04T23:44:04.984+0000] {processor.py:840} INFO - DAG(s) 'example_dag_decorator' retrieved from /home/airflow/.local/lib/python3.12/site-packages/airflow/example_dags/example_dag_decorator.py
[2024-06-04T23:44:05.439+0000] {logging_mixin.py:188} INFO - [2024-06-04T23:44:05.433+0000] {dag.py:3096} INFO - Sync 1 DAGs
[2024-06-04T23:44:05.518+0000] {logging_mixin.py:188} INFO - [2024-06-04T23:44:05.517+0000] {dag.py:3954} INFO - Setting next_dagrun for example_dag_decorator to None, run_after=None
[2024-06-04T23:44:06.060+0000] {processor.py:183} INFO - Processing /home/airflow/.local/lib/python3.12/site-packages/airflow/example_dags/example_dag_decorator.py took 1.690 seconds
[2024-06-04T23:44:36.547+0000] {processor.py:161} INFO - Started process (PID=169876) to work on /home/airflow/.local/lib/python3.12/site-packages/airflow/example_dags/example_dag_decorator.py
[2024-06-04T23:44:36.564+0000] {processor.py:830} INFO - Processing file /home/airflow/.local/lib/python3.12/site-packages/airflow/example_dags/example_dag_decorator.py for tasks to queue
[2024-06-04T23:44:36.582+0000] {logging_mixin.py:188} INFO - [2024-06-04T23:44:36.581+0000] {dagbag.py:545} INFO - Filling up the DagBag from /home/airflow/.local/lib/python3.12/site-packages/airflow/example_dags/example_dag_decorator.py
[2024-06-04T23:44:37.281+0000] {processor.py:840} INFO - DAG(s) 'example_dag_decorator' retrieved from /home/airflow/.local/lib/python3.12/site-packages/airflow/example_dags/example_dag_decorator.py
[2024-06-04T23:44:37.753+0000] {logging_mixin.py:188} INFO - [2024-06-04T23:44:37.753+0000] {dag.py:3096} INFO - Sync 1 DAGs
[2024-06-04T23:44:37.778+0000] {logging_mixin.py:188} INFO - [2024-06-04T23:44:37.777+0000] {dag.py:3954} INFO - Setting next_dagrun for example_dag_decorator to None, run_after=None
[2024-06-04T23:44:37.868+0000] {processor.py:183} INFO - Processing /home/airflow/.local/lib/python3.12/site-packages/airflow/example_dags/example_dag_decorator.py took 1.383 seconds
[2024-06-04T23:45:07.994+0000] {processor.py:161} INFO - Started process (PID=170148) to work on /home/airflow/.local/lib/python3.12/site-packages/airflow/example_dags/example_dag_decorator.py
[2024-06-04T23:45:07.995+0000] {processor.py:830} INFO - Processing file /home/airflow/.local/lib/python3.12/site-packages/airflow/example_dags/example_dag_decorator.py for tasks to queue
[2024-06-04T23:45:07.998+0000] {logging_mixin.py:188} INFO - [2024-06-04T23:45:07.998+0000] {dagbag.py:545} INFO - Filling up the DagBag from /home/airflow/.local/lib/python3.12/site-packages/airflow/example_dags/example_dag_decorator.py
[2024-06-04T23:45:08.186+0000] {processor.py:840} INFO - DAG(s) 'example_dag_decorator' retrieved from /home/airflow/.local/lib/python3.12/site-packages/airflow/example_dags/example_dag_decorator.py
[2024-06-04T23:45:08.420+0000] {logging_mixin.py:188} INFO - [2024-06-04T23:45:08.420+0000] {dag.py:3096} INFO - Sync 1 DAGs
[2024-06-04T23:45:08.447+0000] {logging_mixin.py:188} INFO - [2024-06-04T23:45:08.446+0000] {dag.py:3954} INFO - Setting next_dagrun for example_dag_decorator to None, run_after=None
[2024-06-04T23:45:08.492+0000] {processor.py:183} INFO - Processing /home/airflow/.local/lib/python3.12/site-packages/airflow/example_dags/example_dag_decorator.py took 0.507 seconds
[2024-06-04T23:45:39.372+0000] {processor.py:161} INFO - Started process (PID=170410) to work on /home/airflow/.local/lib/python3.12/site-packages/airflow/example_dags/example_dag_decorator.py
[2024-06-04T23:45:39.376+0000] {processor.py:830} INFO - Processing file /home/airflow/.local/lib/python3.12/site-packages/airflow/example_dags/example_dag_decorator.py for tasks to queue
[2024-06-04T23:45:39.383+0000] {logging_mixin.py:188} INFO - [2024-06-04T23:45:39.383+0000] {dagbag.py:545} INFO - Filling up the DagBag from /home/airflow/.local/lib/python3.12/site-packages/airflow/example_dags/example_dag_decorator.py
[2024-06-04T23:45:39.678+0000] {processor.py:840} INFO - DAG(s) 'example_dag_decorator' retrieved from /home/airflow/.local/lib/python3.12/site-packages/airflow/example_dags/example_dag_decorator.py
[2024-06-04T23:45:39.958+0000] {logging_mixin.py:188} INFO - [2024-06-04T23:45:39.958+0000] {dag.py:3096} INFO - Sync 1 DAGs
[2024-06-04T23:45:40.021+0000] {logging_mixin.py:188} INFO - [2024-06-04T23:45:40.020+0000] {dag.py:3954} INFO - Setting next_dagrun for example_dag_decorator to None, run_after=None
[2024-06-04T23:45:40.158+0000] {processor.py:183} INFO - Processing /home/airflow/.local/lib/python3.12/site-packages/airflow/example_dags/example_dag_decorator.py took 0.808 seconds
[2024-06-04T23:46:11.018+0000] {processor.py:161} INFO - Started process (PID=170670) to work on /home/airflow/.local/lib/python3.12/site-packages/airflow/example_dags/example_dag_decorator.py
[2024-06-04T23:46:11.022+0000] {processor.py:830} INFO - Processing file /home/airflow/.local/lib/python3.12/site-packages/airflow/example_dags/example_dag_decorator.py for tasks to queue
[2024-06-04T23:46:11.051+0000] {logging_mixin.py:188} INFO - [2024-06-04T23:46:11.028+0000] {dagbag.py:545} INFO - Filling up the DagBag from /home/airflow/.local/lib/python3.12/site-packages/airflow/example_dags/example_dag_decorator.py
[2024-06-04T23:46:11.483+0000] {processor.py:840} INFO - DAG(s) 'example_dag_decorator' retrieved from /home/airflow/.local/lib/python3.12/site-packages/airflow/example_dags/example_dag_decorator.py
[2024-06-04T23:46:11.944+0000] {logging_mixin.py:188} INFO - [2024-06-04T23:46:11.943+0000] {dag.py:3096} INFO - Sync 1 DAGs
[2024-06-04T23:46:11.983+0000] {logging_mixin.py:188} INFO - [2024-06-04T23:46:11.981+0000] {dag.py:3954} INFO - Setting next_dagrun for example_dag_decorator to None, run_after=None
[2024-06-04T23:46:12.127+0000] {processor.py:183} INFO - Processing /home/airflow/.local/lib/python3.12/site-packages/airflow/example_dags/example_dag_decorator.py took 1.162 seconds
[2024-06-04T23:46:42.263+0000] {processor.py:161} INFO - Started process (PID=170939) to work on /home/airflow/.local/lib/python3.12/site-packages/airflow/example_dags/example_dag_decorator.py
[2024-06-04T23:46:42.276+0000] {processor.py:830} INFO - Processing file /home/airflow/.local/lib/python3.12/site-packages/airflow/example_dags/example_dag_decorator.py for tasks to queue
[2024-06-04T23:46:42.279+0000] {logging_mixin.py:188} INFO - [2024-06-04T23:46:42.278+0000] {dagbag.py:545} INFO - Filling up the DagBag from /home/airflow/.local/lib/python3.12/site-packages/airflow/example_dags/example_dag_decorator.py
[2024-06-04T23:46:42.690+0000] {processor.py:840} INFO - DAG(s) 'example_dag_decorator' retrieved from /home/airflow/.local/lib/python3.12/site-packages/airflow/example_dags/example_dag_decorator.py
[2024-06-04T23:46:43.055+0000] {logging_mixin.py:188} INFO - [2024-06-04T23:46:43.054+0000] {dag.py:3096} INFO - Sync 1 DAGs
[2024-06-04T23:46:43.129+0000] {logging_mixin.py:188} INFO - [2024-06-04T23:46:43.128+0000] {dag.py:3954} INFO - Setting next_dagrun for example_dag_decorator to None, run_after=None
[2024-06-04T23:46:43.225+0000] {processor.py:183} INFO - Processing /home/airflow/.local/lib/python3.12/site-packages/airflow/example_dags/example_dag_decorator.py took 0.975 seconds
[2024-06-04T23:47:13.883+0000] {processor.py:161} INFO - Started process (PID=171200) to work on /home/airflow/.local/lib/python3.12/site-packages/airflow/example_dags/example_dag_decorator.py
[2024-06-04T23:47:13.924+0000] {processor.py:830} INFO - Processing file /home/airflow/.local/lib/python3.12/site-packages/airflow/example_dags/example_dag_decorator.py for tasks to queue
[2024-06-04T23:47:13.931+0000] {logging_mixin.py:188} INFO - [2024-06-04T23:47:13.930+0000] {dagbag.py:545} INFO - Filling up the DagBag from /home/airflow/.local/lib/python3.12/site-packages/airflow/example_dags/example_dag_decorator.py
[2024-06-04T23:47:14.492+0000] {processor.py:840} INFO - DAG(s) 'example_dag_decorator' retrieved from /home/airflow/.local/lib/python3.12/site-packages/airflow/example_dags/example_dag_decorator.py
[2024-06-04T23:47:15.044+0000] {logging_mixin.py:188} INFO - [2024-06-04T23:47:15.043+0000] {dag.py:3096} INFO - Sync 1 DAGs
[2024-06-04T23:47:15.110+0000] {logging_mixin.py:188} INFO - [2024-06-04T23:47:15.110+0000] {dag.py:3954} INFO - Setting next_dagrun for example_dag_decorator to None, run_after=None
[2024-06-04T23:47:15.232+0000] {processor.py:183} INFO - Processing /home/airflow/.local/lib/python3.12/site-packages/airflow/example_dags/example_dag_decorator.py took 1.362 seconds
[2024-06-04T23:47:45.463+0000] {processor.py:161} INFO - Started process (PID=171466) to work on /home/airflow/.local/lib/python3.12/site-packages/airflow/example_dags/example_dag_decorator.py
[2024-06-04T23:47:45.465+0000] {processor.py:830} INFO - Processing file /home/airflow/.local/lib/python3.12/site-packages/airflow/example_dags/example_dag_decorator.py for tasks to queue
[2024-06-04T23:47:45.469+0000] {logging_mixin.py:188} INFO - [2024-06-04T23:47:45.468+0000] {dagbag.py:545} INFO - Filling up the DagBag from /home/airflow/.local/lib/python3.12/site-packages/airflow/example_dags/example_dag_decorator.py
[2024-06-04T23:47:45.847+0000] {processor.py:840} INFO - DAG(s) 'example_dag_decorator' retrieved from /home/airflow/.local/lib/python3.12/site-packages/airflow/example_dags/example_dag_decorator.py
[2024-06-04T23:47:46.206+0000] {logging_mixin.py:188} INFO - [2024-06-04T23:47:46.206+0000] {dag.py:3096} INFO - Sync 1 DAGs
[2024-06-04T23:47:46.266+0000] {logging_mixin.py:188} INFO - [2024-06-04T23:47:46.266+0000] {dag.py:3954} INFO - Setting next_dagrun for example_dag_decorator to None, run_after=None
[2024-06-04T23:47:46.311+0000] {processor.py:183} INFO - Processing /home/airflow/.local/lib/python3.12/site-packages/airflow/example_dags/example_dag_decorator.py took 0.871 seconds
[2024-06-04T23:48:16.461+0000] {processor.py:161} INFO - Started process (PID=171738) to work on /home/airflow/.local/lib/python3.12/site-packages/airflow/example_dags/example_dag_decorator.py
[2024-06-04T23:48:16.463+0000] {processor.py:830} INFO - Processing file /home/airflow/.local/lib/python3.12/site-packages/airflow/example_dags/example_dag_decorator.py for tasks to queue
[2024-06-04T23:48:16.467+0000] {logging_mixin.py:188} INFO - [2024-06-04T23:48:16.466+0000] {dagbag.py:545} INFO - Filling up the DagBag from /home/airflow/.local/lib/python3.12/site-packages/airflow/example_dags/example_dag_decorator.py
[2024-06-04T23:48:16.688+0000] {processor.py:840} INFO - DAG(s) 'example_dag_decorator' retrieved from /home/airflow/.local/lib/python3.12/site-packages/airflow/example_dags/example_dag_decorator.py
[2024-06-04T23:48:17.102+0000] {logging_mixin.py:188} INFO - [2024-06-04T23:48:17.101+0000] {dag.py:3096} INFO - Sync 1 DAGs
[2024-06-04T23:48:17.125+0000] {logging_mixin.py:188} INFO - [2024-06-04T23:48:17.125+0000] {dag.py:3954} INFO - Setting next_dagrun for example_dag_decorator to None, run_after=None
[2024-06-04T23:48:17.176+0000] {processor.py:183} INFO - Processing /home/airflow/.local/lib/python3.12/site-packages/airflow/example_dags/example_dag_decorator.py took 0.731 seconds
[2024-06-04T23:48:47.823+0000] {processor.py:161} INFO - Started process (PID=172005) to work on /home/airflow/.local/lib/python3.12/site-packages/airflow/example_dags/example_dag_decorator.py
[2024-06-04T23:48:47.829+0000] {processor.py:830} INFO - Processing file /home/airflow/.local/lib/python3.12/site-packages/airflow/example_dags/example_dag_decorator.py for tasks to queue
[2024-06-04T23:48:47.840+0000] {logging_mixin.py:188} INFO - [2024-06-04T23:48:47.835+0000] {dagbag.py:545} INFO - Filling up the DagBag from /home/airflow/.local/lib/python3.12/site-packages/airflow/example_dags/example_dag_decorator.py
[2024-06-04T23:48:48.156+0000] {processor.py:840} INFO - DAG(s) 'example_dag_decorator' retrieved from /home/airflow/.local/lib/python3.12/site-packages/airflow/example_dags/example_dag_decorator.py
[2024-06-04T23:48:48.453+0000] {logging_mixin.py:188} INFO - [2024-06-04T23:48:48.452+0000] {dag.py:3096} INFO - Sync 1 DAGs
[2024-06-04T23:48:48.513+0000] {logging_mixin.py:188} INFO - [2024-06-04T23:48:48.512+0000] {dag.py:3954} INFO - Setting next_dagrun for example_dag_decorator to None, run_after=None
[2024-06-04T23:48:48.569+0000] {processor.py:183} INFO - Processing /home/airflow/.local/lib/python3.12/site-packages/airflow/example_dags/example_dag_decorator.py took 0.800 seconds
[2024-06-04T23:49:19.043+0000] {processor.py:161} INFO - Started process (PID=172277) to work on /home/airflow/.local/lib/python3.12/site-packages/airflow/example_dags/example_dag_decorator.py
[2024-06-04T23:49:19.045+0000] {processor.py:830} INFO - Processing file /home/airflow/.local/lib/python3.12/site-packages/airflow/example_dags/example_dag_decorator.py for tasks to queue
[2024-06-04T23:49:19.048+0000] {logging_mixin.py:188} INFO - [2024-06-04T23:49:19.047+0000] {dagbag.py:545} INFO - Filling up the DagBag from /home/airflow/.local/lib/python3.12/site-packages/airflow/example_dags/example_dag_decorator.py
[2024-06-04T23:49:19.220+0000] {processor.py:840} INFO - DAG(s) 'example_dag_decorator' retrieved from /home/airflow/.local/lib/python3.12/site-packages/airflow/example_dags/example_dag_decorator.py
[2024-06-04T23:49:19.508+0000] {logging_mixin.py:188} INFO - [2024-06-04T23:49:19.508+0000] {dag.py:3096} INFO - Sync 1 DAGs
[2024-06-04T23:49:19.531+0000] {logging_mixin.py:188} INFO - [2024-06-04T23:49:19.531+0000] {dag.py:3954} INFO - Setting next_dagrun for example_dag_decorator to None, run_after=None
[2024-06-04T23:49:19.582+0000] {processor.py:183} INFO - Processing /home/airflow/.local/lib/python3.12/site-packages/airflow/example_dags/example_dag_decorator.py took 0.549 seconds
[2024-06-04T23:49:49.909+0000] {processor.py:161} INFO - Started process (PID=172542) to work on /home/airflow/.local/lib/python3.12/site-packages/airflow/example_dags/example_dag_decorator.py
[2024-06-04T23:49:49.913+0000] {processor.py:830} INFO - Processing file /home/airflow/.local/lib/python3.12/site-packages/airflow/example_dags/example_dag_decorator.py for tasks to queue
[2024-06-04T23:49:49.921+0000] {logging_mixin.py:188} INFO - [2024-06-04T23:49:49.920+0000] {dagbag.py:545} INFO - Filling up the DagBag from /home/airflow/.local/lib/python3.12/site-packages/airflow/example_dags/example_dag_decorator.py
[2024-06-04T23:49:50.269+0000] {processor.py:840} INFO - DAG(s) 'example_dag_decorator' retrieved from /home/airflow/.local/lib/python3.12/site-packages/airflow/example_dags/example_dag_decorator.py
[2024-06-04T23:49:50.582+0000] {logging_mixin.py:188} INFO - [2024-06-04T23:49:50.582+0000] {dag.py:3096} INFO - Sync 1 DAGs
[2024-06-04T23:49:50.607+0000] {logging_mixin.py:188} INFO - [2024-06-04T23:49:50.607+0000] {dag.py:3954} INFO - Setting next_dagrun for example_dag_decorator to None, run_after=None
[2024-06-04T23:49:50.651+0000] {processor.py:183} INFO - Processing /home/airflow/.local/lib/python3.12/site-packages/airflow/example_dags/example_dag_decorator.py took 0.756 seconds
[2024-06-04T23:50:21.426+0000] {processor.py:161} INFO - Started process (PID=172814) to work on /home/airflow/.local/lib/python3.12/site-packages/airflow/example_dags/example_dag_decorator.py
[2024-06-04T23:50:21.427+0000] {processor.py:830} INFO - Processing file /home/airflow/.local/lib/python3.12/site-packages/airflow/example_dags/example_dag_decorator.py for tasks to queue
[2024-06-04T23:50:21.438+0000] {logging_mixin.py:188} INFO - [2024-06-04T23:50:21.438+0000] {dagbag.py:545} INFO - Filling up the DagBag from /home/airflow/.local/lib/python3.12/site-packages/airflow/example_dags/example_dag_decorator.py
[2024-06-04T23:50:21.961+0000] {processor.py:840} INFO - DAG(s) 'example_dag_decorator' retrieved from /home/airflow/.local/lib/python3.12/site-packages/airflow/example_dags/example_dag_decorator.py
[2024-06-04T23:50:22.601+0000] {logging_mixin.py:188} INFO - [2024-06-04T23:50:22.601+0000] {dag.py:3096} INFO - Sync 1 DAGs
[2024-06-04T23:50:22.647+0000] {logging_mixin.py:188} INFO - [2024-06-04T23:50:22.647+0000] {dag.py:3954} INFO - Setting next_dagrun for example_dag_decorator to None, run_after=None
[2024-06-04T23:50:22.732+0000] {processor.py:183} INFO - Processing /home/airflow/.local/lib/python3.12/site-packages/airflow/example_dags/example_dag_decorator.py took 1.337 seconds
[2024-06-04T23:50:52.882+0000] {processor.py:161} INFO - Started process (PID=173082) to work on /home/airflow/.local/lib/python3.12/site-packages/airflow/example_dags/example_dag_decorator.py
[2024-06-04T23:50:52.883+0000] {processor.py:830} INFO - Processing file /home/airflow/.local/lib/python3.12/site-packages/airflow/example_dags/example_dag_decorator.py for tasks to queue
[2024-06-04T23:50:52.886+0000] {logging_mixin.py:188} INFO - [2024-06-04T23:50:52.886+0000] {dagbag.py:545} INFO - Filling up the DagBag from /home/airflow/.local/lib/python3.12/site-packages/airflow/example_dags/example_dag_decorator.py
[2024-06-04T23:50:53.133+0000] {processor.py:840} INFO - DAG(s) 'example_dag_decorator' retrieved from /home/airflow/.local/lib/python3.12/site-packages/airflow/example_dags/example_dag_decorator.py
[2024-06-04T23:50:53.413+0000] {logging_mixin.py:188} INFO - [2024-06-04T23:50:53.413+0000] {dag.py:3096} INFO - Sync 1 DAGs
[2024-06-04T23:50:53.441+0000] {logging_mixin.py:188} INFO - [2024-06-04T23:50:53.441+0000] {dag.py:3954} INFO - Setting next_dagrun for example_dag_decorator to None, run_after=None
[2024-06-04T23:50:53.726+0000] {processor.py:183} INFO - Processing /home/airflow/.local/lib/python3.12/site-packages/airflow/example_dags/example_dag_decorator.py took 0.857 seconds
[2024-06-04T23:51:24.373+0000] {processor.py:161} INFO - Started process (PID=173356) to work on /home/airflow/.local/lib/python3.12/site-packages/airflow/example_dags/example_dag_decorator.py
[2024-06-04T23:51:24.374+0000] {processor.py:830} INFO - Processing file /home/airflow/.local/lib/python3.12/site-packages/airflow/example_dags/example_dag_decorator.py for tasks to queue
[2024-06-04T23:51:24.377+0000] {logging_mixin.py:188} INFO - [2024-06-04T23:51:24.376+0000] {dagbag.py:545} INFO - Filling up the DagBag from /home/airflow/.local/lib/python3.12/site-packages/airflow/example_dags/example_dag_decorator.py
[2024-06-04T23:51:24.550+0000] {processor.py:840} INFO - DAG(s) 'example_dag_decorator' retrieved from /home/airflow/.local/lib/python3.12/site-packages/airflow/example_dags/example_dag_decorator.py
[2024-06-04T23:51:24.754+0000] {logging_mixin.py:188} INFO - [2024-06-04T23:51:24.753+0000] {dag.py:3096} INFO - Sync 1 DAGs
[2024-06-04T23:51:24.780+0000] {logging_mixin.py:188} INFO - [2024-06-04T23:51:24.779+0000] {dag.py:3954} INFO - Setting next_dagrun for example_dag_decorator to None, run_after=None
[2024-06-04T23:51:24.823+0000] {processor.py:183} INFO - Processing /home/airflow/.local/lib/python3.12/site-packages/airflow/example_dags/example_dag_decorator.py took 0.461 seconds
[2024-06-04T23:51:55.305+0000] {processor.py:161} INFO - Started process (PID=173617) to work on /home/airflow/.local/lib/python3.12/site-packages/airflow/example_dags/example_dag_decorator.py
[2024-06-04T23:51:55.307+0000] {processor.py:830} INFO - Processing file /home/airflow/.local/lib/python3.12/site-packages/airflow/example_dags/example_dag_decorator.py for tasks to queue
[2024-06-04T23:51:55.310+0000] {logging_mixin.py:188} INFO - [2024-06-04T23:51:55.309+0000] {dagbag.py:545} INFO - Filling up the DagBag from /home/airflow/.local/lib/python3.12/site-packages/airflow/example_dags/example_dag_decorator.py
[2024-06-04T23:51:55.588+0000] {processor.py:840} INFO - DAG(s) 'example_dag_decorator' retrieved from /home/airflow/.local/lib/python3.12/site-packages/airflow/example_dags/example_dag_decorator.py
[2024-06-04T23:51:55.840+0000] {logging_mixin.py:188} INFO - [2024-06-04T23:51:55.839+0000] {dag.py:3096} INFO - Sync 1 DAGs
[2024-06-04T23:51:55.859+0000] {logging_mixin.py:188} INFO - [2024-06-04T23:51:55.858+0000] {dag.py:3954} INFO - Setting next_dagrun for example_dag_decorator to None, run_after=None
[2024-06-04T23:51:55.907+0000] {processor.py:183} INFO - Processing /home/airflow/.local/lib/python3.12/site-packages/airflow/example_dags/example_dag_decorator.py took 0.615 seconds
[2024-06-04T23:52:26.021+0000] {processor.py:161} INFO - Started process (PID=173879) to work on /home/airflow/.local/lib/python3.12/site-packages/airflow/example_dags/example_dag_decorator.py
[2024-06-04T23:52:26.022+0000] {processor.py:830} INFO - Processing file /home/airflow/.local/lib/python3.12/site-packages/airflow/example_dags/example_dag_decorator.py for tasks to queue
[2024-06-04T23:52:26.025+0000] {logging_mixin.py:188} INFO - [2024-06-04T23:52:26.025+0000] {dagbag.py:545} INFO - Filling up the DagBag from /home/airflow/.local/lib/python3.12/site-packages/airflow/example_dags/example_dag_decorator.py
[2024-06-04T23:52:26.198+0000] {processor.py:840} INFO - DAG(s) 'example_dag_decorator' retrieved from /home/airflow/.local/lib/python3.12/site-packages/airflow/example_dags/example_dag_decorator.py
[2024-06-04T23:52:26.410+0000] {logging_mixin.py:188} INFO - [2024-06-04T23:52:26.410+0000] {dag.py:3096} INFO - Sync 1 DAGs
[2024-06-04T23:52:26.636+0000] {logging_mixin.py:188} INFO - [2024-06-04T23:52:26.636+0000] {dag.py:3954} INFO - Setting next_dagrun for example_dag_decorator to None, run_after=None
[2024-06-04T23:52:26.681+0000] {processor.py:183} INFO - Processing /home/airflow/.local/lib/python3.12/site-packages/airflow/example_dags/example_dag_decorator.py took 0.670 seconds
[2024-06-04T23:52:56.973+0000] {processor.py:161} INFO - Started process (PID=174141) to work on /home/airflow/.local/lib/python3.12/site-packages/airflow/example_dags/example_dag_decorator.py
[2024-06-04T23:52:56.974+0000] {processor.py:830} INFO - Processing file /home/airflow/.local/lib/python3.12/site-packages/airflow/example_dags/example_dag_decorator.py for tasks to queue
[2024-06-04T23:52:56.977+0000] {logging_mixin.py:188} INFO - [2024-06-04T23:52:56.977+0000] {dagbag.py:545} INFO - Filling up the DagBag from /home/airflow/.local/lib/python3.12/site-packages/airflow/example_dags/example_dag_decorator.py
[2024-06-04T23:52:57.269+0000] {processor.py:840} INFO - DAG(s) 'example_dag_decorator' retrieved from /home/airflow/.local/lib/python3.12/site-packages/airflow/example_dags/example_dag_decorator.py
[2024-06-04T23:52:57.519+0000] {logging_mixin.py:188} INFO - [2024-06-04T23:52:57.518+0000] {dag.py:3096} INFO - Sync 1 DAGs
[2024-06-04T23:52:57.538+0000] {logging_mixin.py:188} INFO - [2024-06-04T23:52:57.537+0000] {dag.py:3954} INFO - Setting next_dagrun for example_dag_decorator to None, run_after=None
[2024-06-04T23:52:57.572+0000] {processor.py:183} INFO - Processing /home/airflow/.local/lib/python3.12/site-packages/airflow/example_dags/example_dag_decorator.py took 0.612 seconds
[2024-06-04T23:53:27.885+0000] {processor.py:161} INFO - Started process (PID=174404) to work on /home/airflow/.local/lib/python3.12/site-packages/airflow/example_dags/example_dag_decorator.py
[2024-06-04T23:53:27.886+0000] {processor.py:830} INFO - Processing file /home/airflow/.local/lib/python3.12/site-packages/airflow/example_dags/example_dag_decorator.py for tasks to queue
[2024-06-04T23:53:27.899+0000] {logging_mixin.py:188} INFO - [2024-06-04T23:53:27.898+0000] {dagbag.py:545} INFO - Filling up the DagBag from /home/airflow/.local/lib/python3.12/site-packages/airflow/example_dags/example_dag_decorator.py
[2024-06-04T23:53:28.218+0000] {processor.py:840} INFO - DAG(s) 'example_dag_decorator' retrieved from /home/airflow/.local/lib/python3.12/site-packages/airflow/example_dags/example_dag_decorator.py
[2024-06-04T23:53:28.589+0000] {logging_mixin.py:188} INFO - [2024-06-04T23:53:28.588+0000] {dag.py:3096} INFO - Sync 1 DAGs
[2024-06-04T23:53:28.639+0000] {logging_mixin.py:188} INFO - [2024-06-04T23:53:28.638+0000] {dag.py:3954} INFO - Setting next_dagrun for example_dag_decorator to None, run_after=None
[2024-06-04T23:53:28.798+0000] {processor.py:183} INFO - Processing /home/airflow/.local/lib/python3.12/site-packages/airflow/example_dags/example_dag_decorator.py took 0.926 seconds
[2024-06-04T23:53:59.293+0000] {processor.py:161} INFO - Started process (PID=174670) to work on /home/airflow/.local/lib/python3.12/site-packages/airflow/example_dags/example_dag_decorator.py
[2024-06-04T23:53:59.301+0000] {processor.py:830} INFO - Processing file /home/airflow/.local/lib/python3.12/site-packages/airflow/example_dags/example_dag_decorator.py for tasks to queue
[2024-06-04T23:53:59.304+0000] {logging_mixin.py:188} INFO - [2024-06-04T23:53:59.303+0000] {dagbag.py:545} INFO - Filling up the DagBag from /home/airflow/.local/lib/python3.12/site-packages/airflow/example_dags/example_dag_decorator.py
[2024-06-04T23:53:59.669+0000] {processor.py:840} INFO - DAG(s) 'example_dag_decorator' retrieved from /home/airflow/.local/lib/python3.12/site-packages/airflow/example_dags/example_dag_decorator.py
[2024-06-04T23:54:00.452+0000] {logging_mixin.py:188} INFO - [2024-06-04T23:54:00.452+0000] {dag.py:3096} INFO - Sync 1 DAGs
[2024-06-04T23:54:00.505+0000] {logging_mixin.py:188} INFO - [2024-06-04T23:54:00.504+0000] {dag.py:3954} INFO - Setting next_dagrun for example_dag_decorator to None, run_after=None
[2024-06-04T23:54:00.593+0000] {processor.py:183} INFO - Processing /home/airflow/.local/lib/python3.12/site-packages/airflow/example_dags/example_dag_decorator.py took 1.312 seconds
[2024-06-04T23:54:30.663+0000] {processor.py:161} INFO - Started process (PID=174942) to work on /home/airflow/.local/lib/python3.12/site-packages/airflow/example_dags/example_dag_decorator.py
[2024-06-04T23:54:30.666+0000] {processor.py:830} INFO - Processing file /home/airflow/.local/lib/python3.12/site-packages/airflow/example_dags/example_dag_decorator.py for tasks to queue
[2024-06-04T23:54:30.669+0000] {logging_mixin.py:188} INFO - [2024-06-04T23:54:30.668+0000] {dagbag.py:545} INFO - Filling up the DagBag from /home/airflow/.local/lib/python3.12/site-packages/airflow/example_dags/example_dag_decorator.py
[2024-06-04T23:54:30.880+0000] {processor.py:840} INFO - DAG(s) 'example_dag_decorator' retrieved from /home/airflow/.local/lib/python3.12/site-packages/airflow/example_dags/example_dag_decorator.py
[2024-06-04T23:54:31.304+0000] {logging_mixin.py:188} INFO - [2024-06-04T23:54:31.303+0000] {dag.py:3096} INFO - Sync 1 DAGs
[2024-06-04T23:54:31.322+0000] {logging_mixin.py:188} INFO - [2024-06-04T23:54:31.321+0000] {dag.py:3954} INFO - Setting next_dagrun for example_dag_decorator to None, run_after=None
[2024-06-04T23:54:31.356+0000] {processor.py:183} INFO - Processing /home/airflow/.local/lib/python3.12/site-packages/airflow/example_dags/example_dag_decorator.py took 0.705 seconds
[2024-06-04T23:55:02.054+0000] {processor.py:161} INFO - Started process (PID=175210) to work on /home/airflow/.local/lib/python3.12/site-packages/airflow/example_dags/example_dag_decorator.py
[2024-06-04T23:55:02.056+0000] {processor.py:830} INFO - Processing file /home/airflow/.local/lib/python3.12/site-packages/airflow/example_dags/example_dag_decorator.py for tasks to queue
[2024-06-04T23:55:02.060+0000] {logging_mixin.py:188} INFO - [2024-06-04T23:55:02.059+0000] {dagbag.py:545} INFO - Filling up the DagBag from /home/airflow/.local/lib/python3.12/site-packages/airflow/example_dags/example_dag_decorator.py
[2024-06-04T23:55:02.283+0000] {processor.py:840} INFO - DAG(s) 'example_dag_decorator' retrieved from /home/airflow/.local/lib/python3.12/site-packages/airflow/example_dags/example_dag_decorator.py
[2024-06-04T23:55:02.523+0000] {logging_mixin.py:188} INFO - [2024-06-04T23:55:02.522+0000] {dag.py:3096} INFO - Sync 1 DAGs
[2024-06-04T23:55:02.786+0000] {logging_mixin.py:188} INFO - [2024-06-04T23:55:02.786+0000] {dag.py:3954} INFO - Setting next_dagrun for example_dag_decorator to None, run_after=None
[2024-06-04T23:55:02.822+0000] {processor.py:183} INFO - Processing /home/airflow/.local/lib/python3.12/site-packages/airflow/example_dags/example_dag_decorator.py took 0.783 seconds
[2024-06-04T23:55:33.721+0000] {processor.py:161} INFO - Started process (PID=175472) to work on /home/airflow/.local/lib/python3.12/site-packages/airflow/example_dags/example_dag_decorator.py
[2024-06-04T23:55:33.723+0000] {processor.py:830} INFO - Processing file /home/airflow/.local/lib/python3.12/site-packages/airflow/example_dags/example_dag_decorator.py for tasks to queue
[2024-06-04T23:55:33.727+0000] {logging_mixin.py:188} INFO - [2024-06-04T23:55:33.726+0000] {dagbag.py:545} INFO - Filling up the DagBag from /home/airflow/.local/lib/python3.12/site-packages/airflow/example_dags/example_dag_decorator.py
[2024-06-04T23:55:34.046+0000] {processor.py:840} INFO - DAG(s) 'example_dag_decorator' retrieved from /home/airflow/.local/lib/python3.12/site-packages/airflow/example_dags/example_dag_decorator.py
[2024-06-04T23:55:34.600+0000] {logging_mixin.py:188} INFO - [2024-06-04T23:55:34.599+0000] {dag.py:3096} INFO - Sync 1 DAGs
[2024-06-04T23:55:34.625+0000] {logging_mixin.py:188} INFO - [2024-06-04T23:55:34.624+0000] {dag.py:3954} INFO - Setting next_dagrun for example_dag_decorator to None, run_after=None
[2024-06-04T23:55:34.675+0000] {processor.py:183} INFO - Processing /home/airflow/.local/lib/python3.12/site-packages/airflow/example_dags/example_dag_decorator.py took 0.969 seconds
[2024-06-04T23:56:04.965+0000] {processor.py:161} INFO - Started process (PID=175734) to work on /home/airflow/.local/lib/python3.12/site-packages/airflow/example_dags/example_dag_decorator.py
[2024-06-04T23:56:04.983+0000] {processor.py:830} INFO - Processing file /home/airflow/.local/lib/python3.12/site-packages/airflow/example_dags/example_dag_decorator.py for tasks to queue
[2024-06-04T23:56:04.989+0000] {logging_mixin.py:188} INFO - [2024-06-04T23:56:04.988+0000] {dagbag.py:545} INFO - Filling up the DagBag from /home/airflow/.local/lib/python3.12/site-packages/airflow/example_dags/example_dag_decorator.py
[2024-06-04T23:56:05.314+0000] {processor.py:840} INFO - DAG(s) 'example_dag_decorator' retrieved from /home/airflow/.local/lib/python3.12/site-packages/airflow/example_dags/example_dag_decorator.py
[2024-06-04T23:56:05.884+0000] {logging_mixin.py:188} INFO - [2024-06-04T23:56:05.884+0000] {dag.py:3096} INFO - Sync 1 DAGs
[2024-06-04T23:56:05.909+0000] {logging_mixin.py:188} INFO - [2024-06-04T23:56:05.908+0000] {dag.py:3954} INFO - Setting next_dagrun for example_dag_decorator to None, run_after=None
[2024-06-04T23:56:05.952+0000] {processor.py:183} INFO - Processing /home/airflow/.local/lib/python3.12/site-packages/airflow/example_dags/example_dag_decorator.py took 1.013 seconds
[2024-06-04T23:56:36.063+0000] {processor.py:161} INFO - Started process (PID=176006) to work on /home/airflow/.local/lib/python3.12/site-packages/airflow/example_dags/example_dag_decorator.py
[2024-06-04T23:56:36.065+0000] {processor.py:830} INFO - Processing file /home/airflow/.local/lib/python3.12/site-packages/airflow/example_dags/example_dag_decorator.py for tasks to queue
[2024-06-04T23:56:36.068+0000] {logging_mixin.py:188} INFO - [2024-06-04T23:56:36.067+0000] {dagbag.py:545} INFO - Filling up the DagBag from /home/airflow/.local/lib/python3.12/site-packages/airflow/example_dags/example_dag_decorator.py
[2024-06-04T23:56:36.456+0000] {processor.py:840} INFO - DAG(s) 'example_dag_decorator' retrieved from /home/airflow/.local/lib/python3.12/site-packages/airflow/example_dags/example_dag_decorator.py
[2024-06-04T23:56:37.097+0000] {logging_mixin.py:188} INFO - [2024-06-04T23:56:37.097+0000] {dag.py:3096} INFO - Sync 1 DAGs
[2024-06-04T23:56:37.122+0000] {logging_mixin.py:188} INFO - [2024-06-04T23:56:37.122+0000] {dag.py:3954} INFO - Setting next_dagrun for example_dag_decorator to None, run_after=None
[2024-06-04T23:56:37.183+0000] {processor.py:183} INFO - Processing /home/airflow/.local/lib/python3.12/site-packages/airflow/example_dags/example_dag_decorator.py took 1.133 seconds
[2024-06-04T23:57:07.499+0000] {processor.py:161} INFO - Started process (PID=176277) to work on /home/airflow/.local/lib/python3.12/site-packages/airflow/example_dags/example_dag_decorator.py
[2024-06-04T23:57:07.519+0000] {processor.py:830} INFO - Processing file /home/airflow/.local/lib/python3.12/site-packages/airflow/example_dags/example_dag_decorator.py for tasks to queue
[2024-06-04T23:57:07.524+0000] {logging_mixin.py:188} INFO - [2024-06-04T23:57:07.523+0000] {dagbag.py:545} INFO - Filling up the DagBag from /home/airflow/.local/lib/python3.12/site-packages/airflow/example_dags/example_dag_decorator.py
[2024-06-04T23:57:07.790+0000] {processor.py:840} INFO - DAG(s) 'example_dag_decorator' retrieved from /home/airflow/.local/lib/python3.12/site-packages/airflow/example_dags/example_dag_decorator.py
[2024-06-04T23:57:08.214+0000] {logging_mixin.py:188} INFO - [2024-06-04T23:57:08.213+0000] {dag.py:3096} INFO - Sync 1 DAGs
[2024-06-04T23:57:08.232+0000] {logging_mixin.py:188} INFO - [2024-06-04T23:57:08.231+0000] {dag.py:3954} INFO - Setting next_dagrun for example_dag_decorator to None, run_after=None
[2024-06-04T23:57:08.271+0000] {processor.py:183} INFO - Processing /home/airflow/.local/lib/python3.12/site-packages/airflow/example_dags/example_dag_decorator.py took 0.786 seconds
[2024-06-04T23:57:38.425+0000] {processor.py:161} INFO - Started process (PID=176549) to work on /home/airflow/.local/lib/python3.12/site-packages/airflow/example_dags/example_dag_decorator.py
[2024-06-04T23:57:38.427+0000] {processor.py:830} INFO - Processing file /home/airflow/.local/lib/python3.12/site-packages/airflow/example_dags/example_dag_decorator.py for tasks to queue
[2024-06-04T23:57:38.430+0000] {logging_mixin.py:188} INFO - [2024-06-04T23:57:38.429+0000] {dagbag.py:545} INFO - Filling up the DagBag from /home/airflow/.local/lib/python3.12/site-packages/airflow/example_dags/example_dag_decorator.py
[2024-06-04T23:57:38.658+0000] {processor.py:840} INFO - DAG(s) 'example_dag_decorator' retrieved from /home/airflow/.local/lib/python3.12/site-packages/airflow/example_dags/example_dag_decorator.py
[2024-06-04T23:57:39.070+0000] {logging_mixin.py:188} INFO - [2024-06-04T23:57:39.069+0000] {dag.py:3096} INFO - Sync 1 DAGs
[2024-06-04T23:57:39.090+0000] {logging_mixin.py:188} INFO - [2024-06-04T23:57:39.090+0000] {dag.py:3954} INFO - Setting next_dagrun for example_dag_decorator to None, run_after=None
[2024-06-04T23:57:39.129+0000] {processor.py:183} INFO - Processing /home/airflow/.local/lib/python3.12/site-packages/airflow/example_dags/example_dag_decorator.py took 0.717 seconds
[2024-06-04T23:58:09.777+0000] {processor.py:161} INFO - Started process (PID=176811) to work on /home/airflow/.local/lib/python3.12/site-packages/airflow/example_dags/example_dag_decorator.py
[2024-06-04T23:58:09.778+0000] {processor.py:830} INFO - Processing file /home/airflow/.local/lib/python3.12/site-packages/airflow/example_dags/example_dag_decorator.py for tasks to queue
[2024-06-04T23:58:09.782+0000] {logging_mixin.py:188} INFO - [2024-06-04T23:58:09.781+0000] {dagbag.py:545} INFO - Filling up the DagBag from /home/airflow/.local/lib/python3.12/site-packages/airflow/example_dags/example_dag_decorator.py
[2024-06-04T23:58:10.009+0000] {processor.py:840} INFO - DAG(s) 'example_dag_decorator' retrieved from /home/airflow/.local/lib/python3.12/site-packages/airflow/example_dags/example_dag_decorator.py
[2024-06-04T23:58:10.448+0000] {logging_mixin.py:188} INFO - [2024-06-04T23:58:10.448+0000] {dag.py:3096} INFO - Sync 1 DAGs
[2024-06-04T23:58:10.469+0000] {logging_mixin.py:188} INFO - [2024-06-04T23:58:10.469+0000] {dag.py:3954} INFO - Setting next_dagrun for example_dag_decorator to None, run_after=None
[2024-06-04T23:58:10.520+0000] {processor.py:183} INFO - Processing /home/airflow/.local/lib/python3.12/site-packages/airflow/example_dags/example_dag_decorator.py took 0.755 seconds
[2024-06-04T23:58:40.652+0000] {processor.py:161} INFO - Started process (PID=177072) to work on /home/airflow/.local/lib/python3.12/site-packages/airflow/example_dags/example_dag_decorator.py
[2024-06-04T23:58:40.654+0000] {processor.py:830} INFO - Processing file /home/airflow/.local/lib/python3.12/site-packages/airflow/example_dags/example_dag_decorator.py for tasks to queue
[2024-06-04T23:58:40.658+0000] {logging_mixin.py:188} INFO - [2024-06-04T23:58:40.657+0000] {dagbag.py:545} INFO - Filling up the DagBag from /home/airflow/.local/lib/python3.12/site-packages/airflow/example_dags/example_dag_decorator.py
[2024-06-04T23:58:40.920+0000] {processor.py:840} INFO - DAG(s) 'example_dag_decorator' retrieved from /home/airflow/.local/lib/python3.12/site-packages/airflow/example_dags/example_dag_decorator.py
[2024-06-04T23:58:41.325+0000] {logging_mixin.py:188} INFO - [2024-06-04T23:58:41.324+0000] {dag.py:3096} INFO - Sync 1 DAGs
[2024-06-04T23:58:41.347+0000] {logging_mixin.py:188} INFO - [2024-06-04T23:58:41.346+0000] {dag.py:3954} INFO - Setting next_dagrun for example_dag_decorator to None, run_after=None
[2024-06-04T23:58:41.403+0000] {processor.py:183} INFO - Processing /home/airflow/.local/lib/python3.12/site-packages/airflow/example_dags/example_dag_decorator.py took 0.766 seconds
[2024-06-04T23:59:11.658+0000] {processor.py:161} INFO - Started process (PID=177333) to work on /home/airflow/.local/lib/python3.12/site-packages/airflow/example_dags/example_dag_decorator.py
[2024-06-04T23:59:11.660+0000] {processor.py:830} INFO - Processing file /home/airflow/.local/lib/python3.12/site-packages/airflow/example_dags/example_dag_decorator.py for tasks to queue
[2024-06-04T23:59:11.663+0000] {logging_mixin.py:188} INFO - [2024-06-04T23:59:11.662+0000] {dagbag.py:545} INFO - Filling up the DagBag from /home/airflow/.local/lib/python3.12/site-packages/airflow/example_dags/example_dag_decorator.py
[2024-06-04T23:59:11.882+0000] {processor.py:840} INFO - DAG(s) 'example_dag_decorator' retrieved from /home/airflow/.local/lib/python3.12/site-packages/airflow/example_dags/example_dag_decorator.py
[2024-06-04T23:59:12.320+0000] {logging_mixin.py:188} INFO - [2024-06-04T23:59:12.319+0000] {dag.py:3096} INFO - Sync 1 DAGs
[2024-06-04T23:59:12.338+0000] {logging_mixin.py:188} INFO - [2024-06-04T23:59:12.337+0000] {dag.py:3954} INFO - Setting next_dagrun for example_dag_decorator to None, run_after=None
[2024-06-04T23:59:12.386+0000] {processor.py:183} INFO - Processing /home/airflow/.local/lib/python3.12/site-packages/airflow/example_dags/example_dag_decorator.py took 0.740 seconds
[2024-06-04T23:59:42.608+0000] {processor.py:161} INFO - Started process (PID=177593) to work on /home/airflow/.local/lib/python3.12/site-packages/airflow/example_dags/example_dag_decorator.py
[2024-06-04T23:59:42.610+0000] {processor.py:830} INFO - Processing file /home/airflow/.local/lib/python3.12/site-packages/airflow/example_dags/example_dag_decorator.py for tasks to queue
[2024-06-04T23:59:42.615+0000] {logging_mixin.py:188} INFO - [2024-06-04T23:59:42.615+0000] {dagbag.py:545} INFO - Filling up the DagBag from /home/airflow/.local/lib/python3.12/site-packages/airflow/example_dags/example_dag_decorator.py
[2024-06-04T23:59:43.234+0000] {processor.py:840} INFO - DAG(s) 'example_dag_decorator' retrieved from /home/airflow/.local/lib/python3.12/site-packages/airflow/example_dags/example_dag_decorator.py
[2024-06-04T23:59:43.415+0000] {logging_mixin.py:188} INFO - [2024-06-04T23:59:43.415+0000] {dag.py:3096} INFO - Sync 1 DAGs
[2024-06-04T23:59:43.433+0000] {logging_mixin.py:188} INFO - [2024-06-04T23:59:43.433+0000] {dag.py:3954} INFO - Setting next_dagrun for example_dag_decorator to None, run_after=None
[2024-06-04T23:59:43.471+0000] {processor.py:183} INFO - Processing /home/airflow/.local/lib/python3.12/site-packages/airflow/example_dags/example_dag_decorator.py took 0.885 seconds
