[2024-06-04T23:44:12.855+0000] {processor.py:161} INFO - Started process (PID=169699) to work on /home/airflow/.local/lib/python3.12/site-packages/airflow/example_dags/example_branch_datetime_operator.py
[2024-06-04T23:44:12.856+0000] {processor.py:830} INFO - Processing file /home/airflow/.local/lib/python3.12/site-packages/airflow/example_dags/example_branch_datetime_operator.py for tasks to queue
[2024-06-04T23:44:12.859+0000] {logging_mixin.py:188} INFO - [2024-06-04T23:44:12.858+0000] {dagbag.py:545} INFO - Filling up the DagBag from /home/airflow/.local/lib/python3.12/site-packages/airflow/example_dags/example_branch_datetime_operator.py
[2024-06-04T23:44:12.917+0000] {processor.py:840} INFO - DAG(s) 'example_branch_datetime_operator_3', 'example_branch_datetime_operator', 'example_branch_datetime_operator_2' retrieved from /home/airflow/.local/lib/python3.12/site-packages/airflow/example_dags/example_branch_datetime_operator.py
[2024-06-04T23:44:13.026+0000] {logging_mixin.py:188} INFO - [2024-06-04T23:44:13.025+0000] {dag.py:3096} INFO - Sync 3 DAGs
[2024-06-04T23:44:13.096+0000] {logging_mixin.py:188} INFO - [2024-06-04T23:44:13.095+0000] {dag.py:3954} INFO - Setting next_dagrun for example_branch_datetime_operator to 2024-06-03 00:00:00+00:00, run_after=2024-06-04 00:00:00+00:00
[2024-06-04T23:44:13.124+0000] {logging_mixin.py:188} INFO - [2024-06-04T23:44:13.121+0000] {dag.py:3954} INFO - Setting next_dagrun for example_branch_datetime_operator_2 to 2024-06-03 00:00:00+00:00, run_after=2024-06-04 00:00:00+00:00
[2024-06-04T23:44:13.131+0000] {logging_mixin.py:188} INFO - [2024-06-04T23:44:13.130+0000] {dag.py:3954} INFO - Setting next_dagrun for example_branch_datetime_operator_3 to 2024-06-03 00:00:00+00:00, run_after=2024-06-04 00:00:00+00:00
[2024-06-04T23:44:14.243+0000] {processor.py:183} INFO - Processing /home/airflow/.local/lib/python3.12/site-packages/airflow/example_dags/example_branch_datetime_operator.py took 1.437 seconds
[2024-06-04T23:44:44.778+0000] {processor.py:161} INFO - Started process (PID=169961) to work on /home/airflow/.local/lib/python3.12/site-packages/airflow/example_dags/example_branch_datetime_operator.py
[2024-06-04T23:44:44.840+0000] {processor.py:830} INFO - Processing file /home/airflow/.local/lib/python3.12/site-packages/airflow/example_dags/example_branch_datetime_operator.py for tasks to queue
[2024-06-04T23:44:44.846+0000] {logging_mixin.py:188} INFO - [2024-06-04T23:44:44.843+0000] {dagbag.py:545} INFO - Filling up the DagBag from /home/airflow/.local/lib/python3.12/site-packages/airflow/example_dags/example_branch_datetime_operator.py
[2024-06-04T23:44:44.900+0000] {processor.py:840} INFO - DAG(s) 'example_branch_datetime_operator', 'example_branch_datetime_operator_3', 'example_branch_datetime_operator_2' retrieved from /home/airflow/.local/lib/python3.12/site-packages/airflow/example_dags/example_branch_datetime_operator.py
[2024-06-04T23:44:45.021+0000] {logging_mixin.py:188} INFO - [2024-06-04T23:44:45.021+0000] {dag.py:3096} INFO - Sync 3 DAGs
[2024-06-04T23:44:45.234+0000] {logging_mixin.py:188} INFO - [2024-06-04T23:44:45.233+0000] {dag.py:3954} INFO - Setting next_dagrun for example_branch_datetime_operator to 2024-06-03 00:00:00+00:00, run_after=2024-06-04 00:00:00+00:00
[2024-06-04T23:44:45.246+0000] {logging_mixin.py:188} INFO - [2024-06-04T23:44:45.246+0000] {dag.py:3954} INFO - Setting next_dagrun for example_branch_datetime_operator_2 to 2024-06-03 00:00:00+00:00, run_after=2024-06-04 00:00:00+00:00
[2024-06-04T23:44:45.254+0000] {logging_mixin.py:188} INFO - [2024-06-04T23:44:45.253+0000] {dag.py:3954} INFO - Setting next_dagrun for example_branch_datetime_operator_3 to 2024-06-03 00:00:00+00:00, run_after=2024-06-04 00:00:00+00:00
[2024-06-04T23:44:45.480+0000] {processor.py:183} INFO - Processing /home/airflow/.local/lib/python3.12/site-packages/airflow/example_dags/example_branch_datetime_operator.py took 0.733 seconds
[2024-06-04T23:45:15.591+0000] {processor.py:161} INFO - Started process (PID=170223) to work on /home/airflow/.local/lib/python3.12/site-packages/airflow/example_dags/example_branch_datetime_operator.py
[2024-06-04T23:45:15.604+0000] {processor.py:830} INFO - Processing file /home/airflow/.local/lib/python3.12/site-packages/airflow/example_dags/example_branch_datetime_operator.py for tasks to queue
[2024-06-04T23:45:15.607+0000] {logging_mixin.py:188} INFO - [2024-06-04T23:45:15.607+0000] {dagbag.py:545} INFO - Filling up the DagBag from /home/airflow/.local/lib/python3.12/site-packages/airflow/example_dags/example_branch_datetime_operator.py
[2024-06-04T23:45:15.639+0000] {processor.py:840} INFO - DAG(s) 'example_branch_datetime_operator', 'example_branch_datetime_operator_3', 'example_branch_datetime_operator_2' retrieved from /home/airflow/.local/lib/python3.12/site-packages/airflow/example_dags/example_branch_datetime_operator.py
[2024-06-04T23:45:15.764+0000] {logging_mixin.py:188} INFO - [2024-06-04T23:45:15.764+0000] {dag.py:3096} INFO - Sync 3 DAGs
[2024-06-04T23:45:15.896+0000] {logging_mixin.py:188} INFO - [2024-06-04T23:45:15.895+0000] {dag.py:3954} INFO - Setting next_dagrun for example_branch_datetime_operator to 2024-06-03 00:00:00+00:00, run_after=2024-06-04 00:00:00+00:00
[2024-06-04T23:45:15.912+0000] {logging_mixin.py:188} INFO - [2024-06-04T23:45:15.912+0000] {dag.py:3954} INFO - Setting next_dagrun for example_branch_datetime_operator_2 to 2024-06-03 00:00:00+00:00, run_after=2024-06-04 00:00:00+00:00
[2024-06-04T23:45:15.918+0000] {logging_mixin.py:188} INFO - [2024-06-04T23:45:15.918+0000] {dag.py:3954} INFO - Setting next_dagrun for example_branch_datetime_operator_3 to 2024-06-03 00:00:00+00:00, run_after=2024-06-04 00:00:00+00:00
[2024-06-04T23:45:16.058+0000] {processor.py:183} INFO - Processing /home/airflow/.local/lib/python3.12/site-packages/airflow/example_dags/example_branch_datetime_operator.py took 0.505 seconds
[2024-06-04T23:45:46.836+0000] {processor.py:161} INFO - Started process (PID=170485) to work on /home/airflow/.local/lib/python3.12/site-packages/airflow/example_dags/example_branch_datetime_operator.py
[2024-06-04T23:45:47.020+0000] {processor.py:830} INFO - Processing file /home/airflow/.local/lib/python3.12/site-packages/airflow/example_dags/example_branch_datetime_operator.py for tasks to queue
[2024-06-04T23:45:47.040+0000] {logging_mixin.py:188} INFO - [2024-06-04T23:45:47.022+0000] {dagbag.py:545} INFO - Filling up the DagBag from /home/airflow/.local/lib/python3.12/site-packages/airflow/example_dags/example_branch_datetime_operator.py
[2024-06-04T23:45:47.146+0000] {processor.py:840} INFO - DAG(s) 'example_branch_datetime_operator_3', 'example_branch_datetime_operator', 'example_branch_datetime_operator_2' retrieved from /home/airflow/.local/lib/python3.12/site-packages/airflow/example_dags/example_branch_datetime_operator.py
[2024-06-04T23:45:47.317+0000] {logging_mixin.py:188} INFO - [2024-06-04T23:45:47.317+0000] {dag.py:3096} INFO - Sync 3 DAGs
[2024-06-04T23:45:47.509+0000] {logging_mixin.py:188} INFO - [2024-06-04T23:45:47.495+0000] {dag.py:3954} INFO - Setting next_dagrun for example_branch_datetime_operator to 2024-06-03 00:00:00+00:00, run_after=2024-06-04 00:00:00+00:00
[2024-06-04T23:45:47.577+0000] {logging_mixin.py:188} INFO - [2024-06-04T23:45:47.576+0000] {dag.py:3954} INFO - Setting next_dagrun for example_branch_datetime_operator_2 to 2024-06-03 00:00:00+00:00, run_after=2024-06-04 00:00:00+00:00
[2024-06-04T23:45:47.590+0000] {logging_mixin.py:188} INFO - [2024-06-04T23:45:47.589+0000] {dag.py:3954} INFO - Setting next_dagrun for example_branch_datetime_operator_3 to 2024-06-03 00:00:00+00:00, run_after=2024-06-04 00:00:00+00:00
[2024-06-04T23:45:47.761+0000] {processor.py:183} INFO - Processing /home/airflow/.local/lib/python3.12/site-packages/airflow/example_dags/example_branch_datetime_operator.py took 1.074 seconds
[2024-06-04T23:46:17.875+0000] {processor.py:161} INFO - Started process (PID=170756) to work on /home/airflow/.local/lib/python3.12/site-packages/airflow/example_dags/example_branch_datetime_operator.py
[2024-06-04T23:46:17.877+0000] {processor.py:830} INFO - Processing file /home/airflow/.local/lib/python3.12/site-packages/airflow/example_dags/example_branch_datetime_operator.py for tasks to queue
[2024-06-04T23:46:17.885+0000] {logging_mixin.py:188} INFO - [2024-06-04T23:46:17.882+0000] {dagbag.py:545} INFO - Filling up the DagBag from /home/airflow/.local/lib/python3.12/site-packages/airflow/example_dags/example_branch_datetime_operator.py
[2024-06-04T23:46:17.925+0000] {processor.py:840} INFO - DAG(s) 'example_branch_datetime_operator_3', 'example_branch_datetime_operator', 'example_branch_datetime_operator_2' retrieved from /home/airflow/.local/lib/python3.12/site-packages/airflow/example_dags/example_branch_datetime_operator.py
[2024-06-04T23:46:18.060+0000] {logging_mixin.py:188} INFO - [2024-06-04T23:46:18.057+0000] {dag.py:3096} INFO - Sync 3 DAGs
[2024-06-04T23:46:18.166+0000] {logging_mixin.py:188} INFO - [2024-06-04T23:46:18.165+0000] {dag.py:3954} INFO - Setting next_dagrun for example_branch_datetime_operator to 2024-06-03 00:00:00+00:00, run_after=2024-06-04 00:00:00+00:00
[2024-06-04T23:46:18.188+0000] {logging_mixin.py:188} INFO - [2024-06-04T23:46:18.187+0000] {dag.py:3954} INFO - Setting next_dagrun for example_branch_datetime_operator_2 to 2024-06-03 00:00:00+00:00, run_after=2024-06-04 00:00:00+00:00
[2024-06-04T23:46:18.197+0000] {logging_mixin.py:188} INFO - [2024-06-04T23:46:18.196+0000] {dag.py:3954} INFO - Setting next_dagrun for example_branch_datetime_operator_3 to 2024-06-03 00:00:00+00:00, run_after=2024-06-04 00:00:00+00:00
[2024-06-04T23:46:18.260+0000] {processor.py:183} INFO - Processing /home/airflow/.local/lib/python3.12/site-packages/airflow/example_dags/example_branch_datetime_operator.py took 0.413 seconds
[2024-06-04T23:46:48.407+0000] {processor.py:161} INFO - Started process (PID=171014) to work on /home/airflow/.local/lib/python3.12/site-packages/airflow/example_dags/example_branch_datetime_operator.py
[2024-06-04T23:46:48.409+0000] {processor.py:830} INFO - Processing file /home/airflow/.local/lib/python3.12/site-packages/airflow/example_dags/example_branch_datetime_operator.py for tasks to queue
[2024-06-04T23:46:48.423+0000] {logging_mixin.py:188} INFO - [2024-06-04T23:46:48.422+0000] {dagbag.py:545} INFO - Filling up the DagBag from /home/airflow/.local/lib/python3.12/site-packages/airflow/example_dags/example_branch_datetime_operator.py
[2024-06-04T23:46:48.467+0000] {processor.py:840} INFO - DAG(s) 'example_branch_datetime_operator', 'example_branch_datetime_operator_2', 'example_branch_datetime_operator_3' retrieved from /home/airflow/.local/lib/python3.12/site-packages/airflow/example_dags/example_branch_datetime_operator.py
[2024-06-04T23:46:48.543+0000] {logging_mixin.py:188} INFO - [2024-06-04T23:46:48.542+0000] {dag.py:3096} INFO - Sync 3 DAGs
[2024-06-04T23:46:48.609+0000] {logging_mixin.py:188} INFO - [2024-06-04T23:46:48.609+0000] {dag.py:3954} INFO - Setting next_dagrun for example_branch_datetime_operator to 2024-06-03 00:00:00+00:00, run_after=2024-06-04 00:00:00+00:00
[2024-06-04T23:46:48.621+0000] {logging_mixin.py:188} INFO - [2024-06-04T23:46:48.620+0000] {dag.py:3954} INFO - Setting next_dagrun for example_branch_datetime_operator_2 to 2024-06-03 00:00:00+00:00, run_after=2024-06-04 00:00:00+00:00
[2024-06-04T23:46:48.627+0000] {logging_mixin.py:188} INFO - [2024-06-04T23:46:48.627+0000] {dag.py:3954} INFO - Setting next_dagrun for example_branch_datetime_operator_3 to 2024-06-03 00:00:00+00:00, run_after=2024-06-04 00:00:00+00:00
[2024-06-04T23:46:48.672+0000] {processor.py:183} INFO - Processing /home/airflow/.local/lib/python3.12/site-packages/airflow/example_dags/example_branch_datetime_operator.py took 0.281 seconds
[2024-06-04T23:47:18.832+0000] {processor.py:161} INFO - Started process (PID=171273) to work on /home/airflow/.local/lib/python3.12/site-packages/airflow/example_dags/example_branch_datetime_operator.py
[2024-06-04T23:47:18.835+0000] {processor.py:830} INFO - Processing file /home/airflow/.local/lib/python3.12/site-packages/airflow/example_dags/example_branch_datetime_operator.py for tasks to queue
[2024-06-04T23:47:18.839+0000] {logging_mixin.py:188} INFO - [2024-06-04T23:47:18.838+0000] {dagbag.py:545} INFO - Filling up the DagBag from /home/airflow/.local/lib/python3.12/site-packages/airflow/example_dags/example_branch_datetime_operator.py
[2024-06-04T23:47:18.897+0000] {processor.py:840} INFO - DAG(s) 'example_branch_datetime_operator_2', 'example_branch_datetime_operator_3', 'example_branch_datetime_operator' retrieved from /home/airflow/.local/lib/python3.12/site-packages/airflow/example_dags/example_branch_datetime_operator.py
[2024-06-04T23:47:19.000+0000] {logging_mixin.py:188} INFO - [2024-06-04T23:47:18.999+0000] {dag.py:3096} INFO - Sync 3 DAGs
[2024-06-04T23:47:19.232+0000] {logging_mixin.py:188} INFO - [2024-06-04T23:47:19.231+0000] {dag.py:3954} INFO - Setting next_dagrun for example_branch_datetime_operator to 2024-06-03 00:00:00+00:00, run_after=2024-06-04 00:00:00+00:00
[2024-06-04T23:47:19.245+0000] {logging_mixin.py:188} INFO - [2024-06-04T23:47:19.244+0000] {dag.py:3954} INFO - Setting next_dagrun for example_branch_datetime_operator_2 to 2024-06-03 00:00:00+00:00, run_after=2024-06-04 00:00:00+00:00
[2024-06-04T23:47:19.252+0000] {logging_mixin.py:188} INFO - [2024-06-04T23:47:19.251+0000] {dag.py:3954} INFO - Setting next_dagrun for example_branch_datetime_operator_3 to 2024-06-03 00:00:00+00:00, run_after=2024-06-04 00:00:00+00:00
[2024-06-04T23:47:19.337+0000] {processor.py:183} INFO - Processing /home/airflow/.local/lib/python3.12/site-packages/airflow/example_dags/example_branch_datetime_operator.py took 0.526 seconds
[2024-06-04T23:47:49.426+0000] {processor.py:161} INFO - Started process (PID=171537) to work on /home/airflow/.local/lib/python3.12/site-packages/airflow/example_dags/example_branch_datetime_operator.py
[2024-06-04T23:47:49.430+0000] {processor.py:830} INFO - Processing file /home/airflow/.local/lib/python3.12/site-packages/airflow/example_dags/example_branch_datetime_operator.py for tasks to queue
[2024-06-04T23:47:49.433+0000] {logging_mixin.py:188} INFO - [2024-06-04T23:47:49.432+0000] {dagbag.py:545} INFO - Filling up the DagBag from /home/airflow/.local/lib/python3.12/site-packages/airflow/example_dags/example_branch_datetime_operator.py
[2024-06-04T23:47:49.453+0000] {processor.py:840} INFO - DAG(s) 'example_branch_datetime_operator_3', 'example_branch_datetime_operator', 'example_branch_datetime_operator_2' retrieved from /home/airflow/.local/lib/python3.12/site-packages/airflow/example_dags/example_branch_datetime_operator.py
[2024-06-04T23:47:49.502+0000] {logging_mixin.py:188} INFO - [2024-06-04T23:47:49.501+0000] {dag.py:3096} INFO - Sync 3 DAGs
[2024-06-04T23:47:49.545+0000] {logging_mixin.py:188} INFO - [2024-06-04T23:47:49.545+0000] {dag.py:3954} INFO - Setting next_dagrun for example_branch_datetime_operator to 2024-06-03 00:00:00+00:00, run_after=2024-06-04 00:00:00+00:00
[2024-06-04T23:47:49.555+0000] {logging_mixin.py:188} INFO - [2024-06-04T23:47:49.554+0000] {dag.py:3954} INFO - Setting next_dagrun for example_branch_datetime_operator_2 to 2024-06-03 00:00:00+00:00, run_after=2024-06-04 00:00:00+00:00
[2024-06-04T23:47:49.560+0000] {logging_mixin.py:188} INFO - [2024-06-04T23:47:49.559+0000] {dag.py:3954} INFO - Setting next_dagrun for example_branch_datetime_operator_3 to 2024-06-03 00:00:00+00:00, run_after=2024-06-04 00:00:00+00:00
[2024-06-04T23:47:49.600+0000] {processor.py:183} INFO - Processing /home/airflow/.local/lib/python3.12/site-packages/airflow/example_dags/example_branch_datetime_operator.py took 0.189 seconds
[2024-06-04T23:48:20.253+0000] {processor.py:161} INFO - Started process (PID=171797) to work on /home/airflow/.local/lib/python3.12/site-packages/airflow/example_dags/example_branch_datetime_operator.py
[2024-06-04T23:48:20.255+0000] {processor.py:830} INFO - Processing file /home/airflow/.local/lib/python3.12/site-packages/airflow/example_dags/example_branch_datetime_operator.py for tasks to queue
[2024-06-04T23:48:20.259+0000] {logging_mixin.py:188} INFO - [2024-06-04T23:48:20.258+0000] {dagbag.py:545} INFO - Filling up the DagBag from /home/airflow/.local/lib/python3.12/site-packages/airflow/example_dags/example_branch_datetime_operator.py
[2024-06-04T23:48:20.282+0000] {processor.py:840} INFO - DAG(s) 'example_branch_datetime_operator_3', 'example_branch_datetime_operator', 'example_branch_datetime_operator_2' retrieved from /home/airflow/.local/lib/python3.12/site-packages/airflow/example_dags/example_branch_datetime_operator.py
[2024-06-04T23:48:20.351+0000] {logging_mixin.py:188} INFO - [2024-06-04T23:48:20.350+0000] {dag.py:3096} INFO - Sync 3 DAGs
[2024-06-04T23:48:20.405+0000] {logging_mixin.py:188} INFO - [2024-06-04T23:48:20.405+0000] {dag.py:3954} INFO - Setting next_dagrun for example_branch_datetime_operator to 2024-06-03 00:00:00+00:00, run_after=2024-06-04 00:00:00+00:00
[2024-06-04T23:48:20.435+0000] {logging_mixin.py:188} INFO - [2024-06-04T23:48:20.435+0000] {dag.py:3954} INFO - Setting next_dagrun for example_branch_datetime_operator_2 to 2024-06-03 00:00:00+00:00, run_after=2024-06-04 00:00:00+00:00
[2024-06-04T23:48:20.442+0000] {logging_mixin.py:188} INFO - [2024-06-04T23:48:20.441+0000] {dag.py:3954} INFO - Setting next_dagrun for example_branch_datetime_operator_3 to 2024-06-03 00:00:00+00:00, run_after=2024-06-04 00:00:00+00:00
[2024-06-04T23:48:20.486+0000] {processor.py:183} INFO - Processing /home/airflow/.local/lib/python3.12/site-packages/airflow/example_dags/example_branch_datetime_operator.py took 0.245 seconds
[2024-06-04T23:48:50.672+0000] {processor.py:161} INFO - Started process (PID=172059) to work on /home/airflow/.local/lib/python3.12/site-packages/airflow/example_dags/example_branch_datetime_operator.py
[2024-06-04T23:48:50.674+0000] {processor.py:830} INFO - Processing file /home/airflow/.local/lib/python3.12/site-packages/airflow/example_dags/example_branch_datetime_operator.py for tasks to queue
[2024-06-04T23:48:50.678+0000] {logging_mixin.py:188} INFO - [2024-06-04T23:48:50.677+0000] {dagbag.py:545} INFO - Filling up the DagBag from /home/airflow/.local/lib/python3.12/site-packages/airflow/example_dags/example_branch_datetime_operator.py
[2024-06-04T23:48:50.702+0000] {processor.py:840} INFO - DAG(s) 'example_branch_datetime_operator_2', 'example_branch_datetime_operator_3', 'example_branch_datetime_operator' retrieved from /home/airflow/.local/lib/python3.12/site-packages/airflow/example_dags/example_branch_datetime_operator.py
[2024-06-04T23:48:50.767+0000] {logging_mixin.py:188} INFO - [2024-06-04T23:48:50.767+0000] {dag.py:3096} INFO - Sync 3 DAGs
[2024-06-04T23:48:50.827+0000] {logging_mixin.py:188} INFO - [2024-06-04T23:48:50.826+0000] {dag.py:3954} INFO - Setting next_dagrun for example_branch_datetime_operator to 2024-06-03 00:00:00+00:00, run_after=2024-06-04 00:00:00+00:00
[2024-06-04T23:48:50.872+0000] {logging_mixin.py:188} INFO - [2024-06-04T23:48:50.866+0000] {dag.py:3954} INFO - Setting next_dagrun for example_branch_datetime_operator_2 to 2024-06-03 00:00:00+00:00, run_after=2024-06-04 00:00:00+00:00
[2024-06-04T23:48:50.878+0000] {logging_mixin.py:188} INFO - [2024-06-04T23:48:50.877+0000] {dag.py:3954} INFO - Setting next_dagrun for example_branch_datetime_operator_3 to 2024-06-03 00:00:00+00:00, run_after=2024-06-04 00:00:00+00:00
[2024-06-04T23:48:50.945+0000] {processor.py:183} INFO - Processing /home/airflow/.local/lib/python3.12/site-packages/airflow/example_dags/example_branch_datetime_operator.py took 0.286 seconds
[2024-06-04T23:49:21.404+0000] {processor.py:161} INFO - Started process (PID=172320) to work on /home/airflow/.local/lib/python3.12/site-packages/airflow/example_dags/example_branch_datetime_operator.py
[2024-06-04T23:49:21.411+0000] {processor.py:830} INFO - Processing file /home/airflow/.local/lib/python3.12/site-packages/airflow/example_dags/example_branch_datetime_operator.py for tasks to queue
[2024-06-04T23:49:21.414+0000] {logging_mixin.py:188} INFO - [2024-06-04T23:49:21.414+0000] {dagbag.py:545} INFO - Filling up the DagBag from /home/airflow/.local/lib/python3.12/site-packages/airflow/example_dags/example_branch_datetime_operator.py
[2024-06-04T23:49:21.438+0000] {processor.py:840} INFO - DAG(s) 'example_branch_datetime_operator_2', 'example_branch_datetime_operator_3', 'example_branch_datetime_operator' retrieved from /home/airflow/.local/lib/python3.12/site-packages/airflow/example_dags/example_branch_datetime_operator.py
[2024-06-04T23:49:21.499+0000] {logging_mixin.py:188} INFO - [2024-06-04T23:49:21.499+0000] {dag.py:3096} INFO - Sync 3 DAGs
[2024-06-04T23:49:21.555+0000] {logging_mixin.py:188} INFO - [2024-06-04T23:49:21.554+0000] {dag.py:3954} INFO - Setting next_dagrun for example_branch_datetime_operator to 2024-06-03 00:00:00+00:00, run_after=2024-06-04 00:00:00+00:00
[2024-06-04T23:49:21.567+0000] {logging_mixin.py:188} INFO - [2024-06-04T23:49:21.567+0000] {dag.py:3954} INFO - Setting next_dagrun for example_branch_datetime_operator_2 to 2024-06-03 00:00:00+00:00, run_after=2024-06-04 00:00:00+00:00
[2024-06-04T23:49:21.573+0000] {logging_mixin.py:188} INFO - [2024-06-04T23:49:21.573+0000] {dag.py:3954} INFO - Setting next_dagrun for example_branch_datetime_operator_3 to 2024-06-03 00:00:00+00:00, run_after=2024-06-04 00:00:00+00:00
[2024-06-04T23:49:21.640+0000] {processor.py:183} INFO - Processing /home/airflow/.local/lib/python3.12/site-packages/airflow/example_dags/example_branch_datetime_operator.py took 0.248 seconds
[2024-06-04T23:49:52.261+0000] {processor.py:161} INFO - Started process (PID=172582) to work on /home/airflow/.local/lib/python3.12/site-packages/airflow/example_dags/example_branch_datetime_operator.py
[2024-06-04T23:49:52.262+0000] {processor.py:830} INFO - Processing file /home/airflow/.local/lib/python3.12/site-packages/airflow/example_dags/example_branch_datetime_operator.py for tasks to queue
[2024-06-04T23:49:52.265+0000] {logging_mixin.py:188} INFO - [2024-06-04T23:49:52.265+0000] {dagbag.py:545} INFO - Filling up the DagBag from /home/airflow/.local/lib/python3.12/site-packages/airflow/example_dags/example_branch_datetime_operator.py
[2024-06-04T23:49:52.287+0000] {processor.py:840} INFO - DAG(s) 'example_branch_datetime_operator_3', 'example_branch_datetime_operator_2', 'example_branch_datetime_operator' retrieved from /home/airflow/.local/lib/python3.12/site-packages/airflow/example_dags/example_branch_datetime_operator.py
[2024-06-04T23:49:52.399+0000] {logging_mixin.py:188} INFO - [2024-06-04T23:49:52.399+0000] {dag.py:3096} INFO - Sync 3 DAGs
[2024-06-04T23:49:52.467+0000] {logging_mixin.py:188} INFO - [2024-06-04T23:49:52.466+0000] {dag.py:3954} INFO - Setting next_dagrun for example_branch_datetime_operator to 2024-06-03 00:00:00+00:00, run_after=2024-06-04 00:00:00+00:00
[2024-06-04T23:49:52.480+0000] {logging_mixin.py:188} INFO - [2024-06-04T23:49:52.480+0000] {dag.py:3954} INFO - Setting next_dagrun for example_branch_datetime_operator_2 to 2024-06-03 00:00:00+00:00, run_after=2024-06-04 00:00:00+00:00
[2024-06-04T23:49:52.486+0000] {logging_mixin.py:188} INFO - [2024-06-04T23:49:52.486+0000] {dag.py:3954} INFO - Setting next_dagrun for example_branch_datetime_operator_3 to 2024-06-03 00:00:00+00:00, run_after=2024-06-04 00:00:00+00:00
[2024-06-04T23:49:52.532+0000] {processor.py:183} INFO - Processing /home/airflow/.local/lib/python3.12/site-packages/airflow/example_dags/example_branch_datetime_operator.py took 0.283 seconds
[2024-06-04T23:50:23.425+0000] {processor.py:161} INFO - Started process (PID=172844) to work on /home/airflow/.local/lib/python3.12/site-packages/airflow/example_dags/example_branch_datetime_operator.py
[2024-06-04T23:50:23.435+0000] {processor.py:830} INFO - Processing file /home/airflow/.local/lib/python3.12/site-packages/airflow/example_dags/example_branch_datetime_operator.py for tasks to queue
[2024-06-04T23:50:23.439+0000] {logging_mixin.py:188} INFO - [2024-06-04T23:50:23.438+0000] {dagbag.py:545} INFO - Filling up the DagBag from /home/airflow/.local/lib/python3.12/site-packages/airflow/example_dags/example_branch_datetime_operator.py
[2024-06-04T23:50:23.495+0000] {processor.py:840} INFO - DAG(s) 'example_branch_datetime_operator_2', 'example_branch_datetime_operator_3', 'example_branch_datetime_operator' retrieved from /home/airflow/.local/lib/python3.12/site-packages/airflow/example_dags/example_branch_datetime_operator.py
[2024-06-04T23:50:23.584+0000] {logging_mixin.py:188} INFO - [2024-06-04T23:50:23.584+0000] {dag.py:3096} INFO - Sync 3 DAGs
[2024-06-04T23:50:23.733+0000] {logging_mixin.py:188} INFO - [2024-06-04T23:50:23.732+0000] {dag.py:3954} INFO - Setting next_dagrun for example_branch_datetime_operator to 2024-06-03 00:00:00+00:00, run_after=2024-06-04 00:00:00+00:00
[2024-06-04T23:50:23.760+0000] {logging_mixin.py:188} INFO - [2024-06-04T23:50:23.759+0000] {dag.py:3954} INFO - Setting next_dagrun for example_branch_datetime_operator_2 to 2024-06-03 00:00:00+00:00, run_after=2024-06-04 00:00:00+00:00
[2024-06-04T23:50:23.773+0000] {logging_mixin.py:188} INFO - [2024-06-04T23:50:23.771+0000] {dag.py:3954} INFO - Setting next_dagrun for example_branch_datetime_operator_3 to 2024-06-03 00:00:00+00:00, run_after=2024-06-04 00:00:00+00:00
[2024-06-04T23:50:23.838+0000] {processor.py:183} INFO - Processing /home/airflow/.local/lib/python3.12/site-packages/airflow/example_dags/example_branch_datetime_operator.py took 0.438 seconds
[2024-06-04T23:50:54.811+0000] {processor.py:161} INFO - Started process (PID=173108) to work on /home/airflow/.local/lib/python3.12/site-packages/airflow/example_dags/example_branch_datetime_operator.py
[2024-06-04T23:50:54.813+0000] {processor.py:830} INFO - Processing file /home/airflow/.local/lib/python3.12/site-packages/airflow/example_dags/example_branch_datetime_operator.py for tasks to queue
[2024-06-04T23:50:54.817+0000] {logging_mixin.py:188} INFO - [2024-06-04T23:50:54.816+0000] {dagbag.py:545} INFO - Filling up the DagBag from /home/airflow/.local/lib/python3.12/site-packages/airflow/example_dags/example_branch_datetime_operator.py
[2024-06-04T23:50:54.846+0000] {processor.py:840} INFO - DAG(s) 'example_branch_datetime_operator_3', 'example_branch_datetime_operator', 'example_branch_datetime_operator_2' retrieved from /home/airflow/.local/lib/python3.12/site-packages/airflow/example_dags/example_branch_datetime_operator.py
[2024-06-04T23:50:54.969+0000] {logging_mixin.py:188} INFO - [2024-06-04T23:50:54.968+0000] {dag.py:3096} INFO - Sync 3 DAGs
[2024-06-04T23:50:55.154+0000] {logging_mixin.py:188} INFO - [2024-06-04T23:50:55.151+0000] {dag.py:3954} INFO - Setting next_dagrun for example_branch_datetime_operator to 2024-06-03 00:00:00+00:00, run_after=2024-06-04 00:00:00+00:00
[2024-06-04T23:50:55.179+0000] {logging_mixin.py:188} INFO - [2024-06-04T23:50:55.178+0000] {dag.py:3954} INFO - Setting next_dagrun for example_branch_datetime_operator_2 to 2024-06-03 00:00:00+00:00, run_after=2024-06-04 00:00:00+00:00
[2024-06-04T23:50:55.194+0000] {logging_mixin.py:188} INFO - [2024-06-04T23:50:55.193+0000] {dag.py:3954} INFO - Setting next_dagrun for example_branch_datetime_operator_3 to 2024-06-03 00:00:00+00:00, run_after=2024-06-04 00:00:00+00:00
[2024-06-04T23:50:55.240+0000] {processor.py:183} INFO - Processing /home/airflow/.local/lib/python3.12/site-packages/airflow/example_dags/example_branch_datetime_operator.py took 0.444 seconds
[2024-06-04T23:51:26.144+0000] {processor.py:161} INFO - Started process (PID=173371) to work on /home/airflow/.local/lib/python3.12/site-packages/airflow/example_dags/example_branch_datetime_operator.py
[2024-06-04T23:51:26.152+0000] {processor.py:830} INFO - Processing file /home/airflow/.local/lib/python3.12/site-packages/airflow/example_dags/example_branch_datetime_operator.py for tasks to queue
[2024-06-04T23:51:26.156+0000] {logging_mixin.py:188} INFO - [2024-06-04T23:51:26.155+0000] {dagbag.py:545} INFO - Filling up the DagBag from /home/airflow/.local/lib/python3.12/site-packages/airflow/example_dags/example_branch_datetime_operator.py
[2024-06-04T23:51:26.196+0000] {processor.py:840} INFO - DAG(s) 'example_branch_datetime_operator_3', 'example_branch_datetime_operator', 'example_branch_datetime_operator_2' retrieved from /home/airflow/.local/lib/python3.12/site-packages/airflow/example_dags/example_branch_datetime_operator.py
[2024-06-04T23:51:26.341+0000] {logging_mixin.py:188} INFO - [2024-06-04T23:51:26.340+0000] {dag.py:3096} INFO - Sync 3 DAGs
[2024-06-04T23:51:26.409+0000] {logging_mixin.py:188} INFO - [2024-06-04T23:51:26.408+0000] {dag.py:3954} INFO - Setting next_dagrun for example_branch_datetime_operator to 2024-06-03 00:00:00+00:00, run_after=2024-06-04 00:00:00+00:00
[2024-06-04T23:51:26.423+0000] {logging_mixin.py:188} INFO - [2024-06-04T23:51:26.422+0000] {dag.py:3954} INFO - Setting next_dagrun for example_branch_datetime_operator_2 to 2024-06-03 00:00:00+00:00, run_after=2024-06-04 00:00:00+00:00
[2024-06-04T23:51:26.430+0000] {logging_mixin.py:188} INFO - [2024-06-04T23:51:26.429+0000] {dag.py:3954} INFO - Setting next_dagrun for example_branch_datetime_operator_3 to 2024-06-03 00:00:00+00:00, run_after=2024-06-04 00:00:00+00:00
[2024-06-04T23:51:26.481+0000] {processor.py:183} INFO - Processing /home/airflow/.local/lib/python3.12/site-packages/airflow/example_dags/example_branch_datetime_operator.py took 0.351 seconds
[2024-06-04T23:51:56.854+0000] {processor.py:161} INFO - Started process (PID=173632) to work on /home/airflow/.local/lib/python3.12/site-packages/airflow/example_dags/example_branch_datetime_operator.py
[2024-06-04T23:51:56.857+0000] {processor.py:830} INFO - Processing file /home/airflow/.local/lib/python3.12/site-packages/airflow/example_dags/example_branch_datetime_operator.py for tasks to queue
[2024-06-04T23:51:56.861+0000] {logging_mixin.py:188} INFO - [2024-06-04T23:51:56.860+0000] {dagbag.py:545} INFO - Filling up the DagBag from /home/airflow/.local/lib/python3.12/site-packages/airflow/example_dags/example_branch_datetime_operator.py
[2024-06-04T23:51:56.891+0000] {processor.py:840} INFO - DAG(s) 'example_branch_datetime_operator', 'example_branch_datetime_operator_3', 'example_branch_datetime_operator_2' retrieved from /home/airflow/.local/lib/python3.12/site-packages/airflow/example_dags/example_branch_datetime_operator.py
[2024-06-04T23:51:56.964+0000] {logging_mixin.py:188} INFO - [2024-06-04T23:51:56.964+0000] {dag.py:3096} INFO - Sync 3 DAGs
[2024-06-04T23:51:57.079+0000] {logging_mixin.py:188} INFO - [2024-06-04T23:51:57.076+0000] {dag.py:3954} INFO - Setting next_dagrun for example_branch_datetime_operator to 2024-06-03 00:00:00+00:00, run_after=2024-06-04 00:00:00+00:00
[2024-06-04T23:51:57.110+0000] {logging_mixin.py:188} INFO - [2024-06-04T23:51:57.109+0000] {dag.py:3954} INFO - Setting next_dagrun for example_branch_datetime_operator_2 to 2024-06-03 00:00:00+00:00, run_after=2024-06-04 00:00:00+00:00
[2024-06-04T23:51:57.125+0000] {logging_mixin.py:188} INFO - [2024-06-04T23:51:57.125+0000] {dag.py:3954} INFO - Setting next_dagrun for example_branch_datetime_operator_3 to 2024-06-03 00:00:00+00:00, run_after=2024-06-04 00:00:00+00:00
[2024-06-04T23:51:57.185+0000] {processor.py:183} INFO - Processing /home/airflow/.local/lib/python3.12/site-packages/airflow/example_dags/example_branch_datetime_operator.py took 0.346 seconds
[2024-06-04T23:52:27.959+0000] {processor.py:161} INFO - Started process (PID=173894) to work on /home/airflow/.local/lib/python3.12/site-packages/airflow/example_dags/example_branch_datetime_operator.py
[2024-06-04T23:52:27.980+0000] {processor.py:830} INFO - Processing file /home/airflow/.local/lib/python3.12/site-packages/airflow/example_dags/example_branch_datetime_operator.py for tasks to queue
[2024-06-04T23:52:27.985+0000] {logging_mixin.py:188} INFO - [2024-06-04T23:52:27.984+0000] {dagbag.py:545} INFO - Filling up the DagBag from /home/airflow/.local/lib/python3.12/site-packages/airflow/example_dags/example_branch_datetime_operator.py
[2024-06-04T23:52:28.017+0000] {processor.py:840} INFO - DAG(s) 'example_branch_datetime_operator_3', 'example_branch_datetime_operator_2', 'example_branch_datetime_operator' retrieved from /home/airflow/.local/lib/python3.12/site-packages/airflow/example_dags/example_branch_datetime_operator.py
[2024-06-04T23:52:28.091+0000] {logging_mixin.py:188} INFO - [2024-06-04T23:52:28.091+0000] {dag.py:3096} INFO - Sync 3 DAGs
[2024-06-04T23:52:28.157+0000] {logging_mixin.py:188} INFO - [2024-06-04T23:52:28.156+0000] {dag.py:3954} INFO - Setting next_dagrun for example_branch_datetime_operator to 2024-06-03 00:00:00+00:00, run_after=2024-06-04 00:00:00+00:00
[2024-06-04T23:52:28.176+0000] {logging_mixin.py:188} INFO - [2024-06-04T23:52:28.175+0000] {dag.py:3954} INFO - Setting next_dagrun for example_branch_datetime_operator_2 to 2024-06-03 00:00:00+00:00, run_after=2024-06-04 00:00:00+00:00
[2024-06-04T23:52:28.184+0000] {logging_mixin.py:188} INFO - [2024-06-04T23:52:28.183+0000] {dag.py:3954} INFO - Setting next_dagrun for example_branch_datetime_operator_3 to 2024-06-03 00:00:00+00:00, run_after=2024-06-04 00:00:00+00:00
[2024-06-04T23:52:28.227+0000] {processor.py:183} INFO - Processing /home/airflow/.local/lib/python3.12/site-packages/airflow/example_dags/example_branch_datetime_operator.py took 0.284 seconds
[2024-06-04T23:52:58.568+0000] {processor.py:161} INFO - Started process (PID=174156) to work on /home/airflow/.local/lib/python3.12/site-packages/airflow/example_dags/example_branch_datetime_operator.py
[2024-06-04T23:52:58.570+0000] {processor.py:830} INFO - Processing file /home/airflow/.local/lib/python3.12/site-packages/airflow/example_dags/example_branch_datetime_operator.py for tasks to queue
[2024-06-04T23:52:58.575+0000] {logging_mixin.py:188} INFO - [2024-06-04T23:52:58.574+0000] {dagbag.py:545} INFO - Filling up the DagBag from /home/airflow/.local/lib/python3.12/site-packages/airflow/example_dags/example_branch_datetime_operator.py
[2024-06-04T23:52:58.614+0000] {processor.py:840} INFO - DAG(s) 'example_branch_datetime_operator_2', 'example_branch_datetime_operator_3', 'example_branch_datetime_operator' retrieved from /home/airflow/.local/lib/python3.12/site-packages/airflow/example_dags/example_branch_datetime_operator.py
[2024-06-04T23:52:58.695+0000] {logging_mixin.py:188} INFO - [2024-06-04T23:52:58.694+0000] {dag.py:3096} INFO - Sync 3 DAGs
[2024-06-04T23:52:58.800+0000] {logging_mixin.py:188} INFO - [2024-06-04T23:52:58.800+0000] {dag.py:3954} INFO - Setting next_dagrun for example_branch_datetime_operator to 2024-06-03 00:00:00+00:00, run_after=2024-06-04 00:00:00+00:00
[2024-06-04T23:52:58.815+0000] {logging_mixin.py:188} INFO - [2024-06-04T23:52:58.814+0000] {dag.py:3954} INFO - Setting next_dagrun for example_branch_datetime_operator_2 to 2024-06-03 00:00:00+00:00, run_after=2024-06-04 00:00:00+00:00
[2024-06-04T23:52:58.824+0000] {logging_mixin.py:188} INFO - [2024-06-04T23:52:58.824+0000] {dag.py:3954} INFO - Setting next_dagrun for example_branch_datetime_operator_3 to 2024-06-03 00:00:00+00:00, run_after=2024-06-04 00:00:00+00:00
[2024-06-04T23:52:58.885+0000] {processor.py:183} INFO - Processing /home/airflow/.local/lib/python3.12/site-packages/airflow/example_dags/example_branch_datetime_operator.py took 0.332 seconds
[2024-06-04T23:53:29.119+0000] {processor.py:161} INFO - Started process (PID=174419) to work on /home/airflow/.local/lib/python3.12/site-packages/airflow/example_dags/example_branch_datetime_operator.py
[2024-06-04T23:53:29.125+0000] {processor.py:830} INFO - Processing file /home/airflow/.local/lib/python3.12/site-packages/airflow/example_dags/example_branch_datetime_operator.py for tasks to queue
[2024-06-04T23:53:29.131+0000] {logging_mixin.py:188} INFO - [2024-06-04T23:53:29.130+0000] {dagbag.py:545} INFO - Filling up the DagBag from /home/airflow/.local/lib/python3.12/site-packages/airflow/example_dags/example_branch_datetime_operator.py
[2024-06-04T23:53:29.167+0000] {processor.py:840} INFO - DAG(s) 'example_branch_datetime_operator_3', 'example_branch_datetime_operator_2', 'example_branch_datetime_operator' retrieved from /home/airflow/.local/lib/python3.12/site-packages/airflow/example_dags/example_branch_datetime_operator.py
[2024-06-04T23:53:29.234+0000] {logging_mixin.py:188} INFO - [2024-06-04T23:53:29.233+0000] {dag.py:3096} INFO - Sync 3 DAGs
[2024-06-04T23:53:29.299+0000] {logging_mixin.py:188} INFO - [2024-06-04T23:53:29.298+0000] {dag.py:3954} INFO - Setting next_dagrun for example_branch_datetime_operator to 2024-06-03 00:00:00+00:00, run_after=2024-06-04 00:00:00+00:00
[2024-06-04T23:53:29.310+0000] {logging_mixin.py:188} INFO - [2024-06-04T23:53:29.310+0000] {dag.py:3954} INFO - Setting next_dagrun for example_branch_datetime_operator_2 to 2024-06-03 00:00:00+00:00, run_after=2024-06-04 00:00:00+00:00
[2024-06-04T23:53:29.317+0000] {logging_mixin.py:188} INFO - [2024-06-04T23:53:29.316+0000] {dag.py:3954} INFO - Setting next_dagrun for example_branch_datetime_operator_3 to 2024-06-03 00:00:00+00:00, run_after=2024-06-04 00:00:00+00:00
[2024-06-04T23:53:29.371+0000] {processor.py:183} INFO - Processing /home/airflow/.local/lib/python3.12/site-packages/airflow/example_dags/example_branch_datetime_operator.py took 0.282 seconds
[2024-06-04T23:53:59.731+0000] {processor.py:161} INFO - Started process (PID=174678) to work on /home/airflow/.local/lib/python3.12/site-packages/airflow/example_dags/example_branch_datetime_operator.py
[2024-06-04T23:53:59.740+0000] {processor.py:830} INFO - Processing file /home/airflow/.local/lib/python3.12/site-packages/airflow/example_dags/example_branch_datetime_operator.py for tasks to queue
[2024-06-04T23:53:59.743+0000] {logging_mixin.py:188} INFO - [2024-06-04T23:53:59.742+0000] {dagbag.py:545} INFO - Filling up the DagBag from /home/airflow/.local/lib/python3.12/site-packages/airflow/example_dags/example_branch_datetime_operator.py
[2024-06-04T23:53:59.781+0000] {processor.py:840} INFO - DAG(s) 'example_branch_datetime_operator', 'example_branch_datetime_operator_3', 'example_branch_datetime_operator_2' retrieved from /home/airflow/.local/lib/python3.12/site-packages/airflow/example_dags/example_branch_datetime_operator.py
[2024-06-04T23:53:59.909+0000] {logging_mixin.py:188} INFO - [2024-06-04T23:53:59.908+0000] {dag.py:3096} INFO - Sync 3 DAGs
[2024-06-04T23:53:59.967+0000] {logging_mixin.py:188} INFO - [2024-06-04T23:53:59.966+0000] {dag.py:3954} INFO - Setting next_dagrun for example_branch_datetime_operator to 2024-06-03 00:00:00+00:00, run_after=2024-06-04 00:00:00+00:00
[2024-06-04T23:53:59.980+0000] {logging_mixin.py:188} INFO - [2024-06-04T23:53:59.979+0000] {dag.py:3954} INFO - Setting next_dagrun for example_branch_datetime_operator_2 to 2024-06-03 00:00:00+00:00, run_after=2024-06-04 00:00:00+00:00
[2024-06-04T23:53:59.986+0000] {logging_mixin.py:188} INFO - [2024-06-04T23:53:59.986+0000] {dag.py:3954} INFO - Setting next_dagrun for example_branch_datetime_operator_3 to 2024-06-03 00:00:00+00:00, run_after=2024-06-04 00:00:00+00:00
[2024-06-04T23:54:00.053+0000] {processor.py:183} INFO - Processing /home/airflow/.local/lib/python3.12/site-packages/airflow/example_dags/example_branch_datetime_operator.py took 0.351 seconds
[2024-06-04T23:54:30.432+0000] {processor.py:161} INFO - Started process (PID=174935) to work on /home/airflow/.local/lib/python3.12/site-packages/airflow/example_dags/example_branch_datetime_operator.py
[2024-06-04T23:54:30.434+0000] {processor.py:830} INFO - Processing file /home/airflow/.local/lib/python3.12/site-packages/airflow/example_dags/example_branch_datetime_operator.py for tasks to queue
[2024-06-04T23:54:30.437+0000] {logging_mixin.py:188} INFO - [2024-06-04T23:54:30.436+0000] {dagbag.py:545} INFO - Filling up the DagBag from /home/airflow/.local/lib/python3.12/site-packages/airflow/example_dags/example_branch_datetime_operator.py
[2024-06-04T23:54:30.459+0000] {processor.py:840} INFO - DAG(s) 'example_branch_datetime_operator_3', 'example_branch_datetime_operator', 'example_branch_datetime_operator_2' retrieved from /home/airflow/.local/lib/python3.12/site-packages/airflow/example_dags/example_branch_datetime_operator.py
[2024-06-04T23:54:30.517+0000] {logging_mixin.py:188} INFO - [2024-06-04T23:54:30.516+0000] {dag.py:3096} INFO - Sync 3 DAGs
[2024-06-04T23:54:30.561+0000] {logging_mixin.py:188} INFO - [2024-06-04T23:54:30.560+0000] {dag.py:3954} INFO - Setting next_dagrun for example_branch_datetime_operator to 2024-06-03 00:00:00+00:00, run_after=2024-06-04 00:00:00+00:00
[2024-06-04T23:54:30.570+0000] {logging_mixin.py:188} INFO - [2024-06-04T23:54:30.569+0000] {dag.py:3954} INFO - Setting next_dagrun for example_branch_datetime_operator_2 to 2024-06-03 00:00:00+00:00, run_after=2024-06-04 00:00:00+00:00
[2024-06-04T23:54:30.575+0000] {logging_mixin.py:188} INFO - [2024-06-04T23:54:30.574+0000] {dag.py:3954} INFO - Setting next_dagrun for example_branch_datetime_operator_3 to 2024-06-03 00:00:00+00:00, run_after=2024-06-04 00:00:00+00:00
[2024-06-04T23:54:30.614+0000] {processor.py:183} INFO - Processing /home/airflow/.local/lib/python3.12/site-packages/airflow/example_dags/example_branch_datetime_operator.py took 0.195 seconds
[2024-06-04T23:55:00.761+0000] {processor.py:161} INFO - Started process (PID=175198) to work on /home/airflow/.local/lib/python3.12/site-packages/airflow/example_dags/example_branch_datetime_operator.py
[2024-06-04T23:55:00.763+0000] {processor.py:830} INFO - Processing file /home/airflow/.local/lib/python3.12/site-packages/airflow/example_dags/example_branch_datetime_operator.py for tasks to queue
[2024-06-04T23:55:00.766+0000] {logging_mixin.py:188} INFO - [2024-06-04T23:55:00.765+0000] {dagbag.py:545} INFO - Filling up the DagBag from /home/airflow/.local/lib/python3.12/site-packages/airflow/example_dags/example_branch_datetime_operator.py
[2024-06-04T23:55:00.788+0000] {processor.py:840} INFO - DAG(s) 'example_branch_datetime_operator', 'example_branch_datetime_operator_3', 'example_branch_datetime_operator_2' retrieved from /home/airflow/.local/lib/python3.12/site-packages/airflow/example_dags/example_branch_datetime_operator.py
[2024-06-04T23:55:00.854+0000] {logging_mixin.py:188} INFO - [2024-06-04T23:55:00.854+0000] {dag.py:3096} INFO - Sync 3 DAGs
[2024-06-04T23:55:00.912+0000] {logging_mixin.py:188} INFO - [2024-06-04T23:55:00.912+0000] {dag.py:3954} INFO - Setting next_dagrun for example_branch_datetime_operator to 2024-06-03 00:00:00+00:00, run_after=2024-06-04 00:00:00+00:00
[2024-06-04T23:55:00.926+0000] {logging_mixin.py:188} INFO - [2024-06-04T23:55:00.925+0000] {dag.py:3954} INFO - Setting next_dagrun for example_branch_datetime_operator_2 to 2024-06-03 00:00:00+00:00, run_after=2024-06-04 00:00:00+00:00
[2024-06-04T23:55:00.933+0000] {logging_mixin.py:188} INFO - [2024-06-04T23:55:00.932+0000] {dag.py:3954} INFO - Setting next_dagrun for example_branch_datetime_operator_3 to 2024-06-03 00:00:00+00:00, run_after=2024-06-04 00:00:00+00:00
[2024-06-04T23:55:00.977+0000] {processor.py:183} INFO - Processing /home/airflow/.local/lib/python3.12/site-packages/airflow/example_dags/example_branch_datetime_operator.py took 0.226 seconds
[2024-06-04T23:55:31.429+0000] {processor.py:161} INFO - Started process (PID=175460) to work on /home/airflow/.local/lib/python3.12/site-packages/airflow/example_dags/example_branch_datetime_operator.py
[2024-06-04T23:55:31.431+0000] {processor.py:830} INFO - Processing file /home/airflow/.local/lib/python3.12/site-packages/airflow/example_dags/example_branch_datetime_operator.py for tasks to queue
[2024-06-04T23:55:31.434+0000] {logging_mixin.py:188} INFO - [2024-06-04T23:55:31.433+0000] {dagbag.py:545} INFO - Filling up the DagBag from /home/airflow/.local/lib/python3.12/site-packages/airflow/example_dags/example_branch_datetime_operator.py
[2024-06-04T23:55:31.455+0000] {processor.py:840} INFO - DAG(s) 'example_branch_datetime_operator_2', 'example_branch_datetime_operator_3', 'example_branch_datetime_operator' retrieved from /home/airflow/.local/lib/python3.12/site-packages/airflow/example_dags/example_branch_datetime_operator.py
[2024-06-04T23:55:31.523+0000] {logging_mixin.py:188} INFO - [2024-06-04T23:55:31.522+0000] {dag.py:3096} INFO - Sync 3 DAGs
[2024-06-04T23:55:31.580+0000] {logging_mixin.py:188} INFO - [2024-06-04T23:55:31.579+0000] {dag.py:3954} INFO - Setting next_dagrun for example_branch_datetime_operator to 2024-06-03 00:00:00+00:00, run_after=2024-06-04 00:00:00+00:00
[2024-06-04T23:55:31.593+0000] {logging_mixin.py:188} INFO - [2024-06-04T23:55:31.592+0000] {dag.py:3954} INFO - Setting next_dagrun for example_branch_datetime_operator_2 to 2024-06-03 00:00:00+00:00, run_after=2024-06-04 00:00:00+00:00
[2024-06-04T23:55:31.599+0000] {logging_mixin.py:188} INFO - [2024-06-04T23:55:31.598+0000] {dag.py:3954} INFO - Setting next_dagrun for example_branch_datetime_operator_3 to 2024-06-03 00:00:00+00:00, run_after=2024-06-04 00:00:00+00:00
[2024-06-04T23:55:31.642+0000] {processor.py:183} INFO - Processing /home/airflow/.local/lib/python3.12/site-packages/airflow/example_dags/example_branch_datetime_operator.py took 0.224 seconds
[2024-06-04T23:56:02.590+0000] {processor.py:161} INFO - Started process (PID=175722) to work on /home/airflow/.local/lib/python3.12/site-packages/airflow/example_dags/example_branch_datetime_operator.py
[2024-06-04T23:56:02.596+0000] {processor.py:830} INFO - Processing file /home/airflow/.local/lib/python3.12/site-packages/airflow/example_dags/example_branch_datetime_operator.py for tasks to queue
[2024-06-04T23:56:02.602+0000] {logging_mixin.py:188} INFO - [2024-06-04T23:56:02.601+0000] {dagbag.py:545} INFO - Filling up the DagBag from /home/airflow/.local/lib/python3.12/site-packages/airflow/example_dags/example_branch_datetime_operator.py
[2024-06-04T23:56:02.628+0000] {processor.py:840} INFO - DAG(s) 'example_branch_datetime_operator_2', 'example_branch_datetime_operator', 'example_branch_datetime_operator_3' retrieved from /home/airflow/.local/lib/python3.12/site-packages/airflow/example_dags/example_branch_datetime_operator.py
[2024-06-04T23:56:02.689+0000] {logging_mixin.py:188} INFO - [2024-06-04T23:56:02.688+0000] {dag.py:3096} INFO - Sync 3 DAGs
[2024-06-04T23:56:02.773+0000] {logging_mixin.py:188} INFO - [2024-06-04T23:56:02.773+0000] {dag.py:3954} INFO - Setting next_dagrun for example_branch_datetime_operator to 2024-06-03 00:00:00+00:00, run_after=2024-06-04 00:00:00+00:00
[2024-06-04T23:56:02.786+0000] {logging_mixin.py:188} INFO - [2024-06-04T23:56:02.785+0000] {dag.py:3954} INFO - Setting next_dagrun for example_branch_datetime_operator_2 to 2024-06-03 00:00:00+00:00, run_after=2024-06-04 00:00:00+00:00
[2024-06-04T23:56:02.792+0000] {logging_mixin.py:188} INFO - [2024-06-04T23:56:02.792+0000] {dag.py:3954} INFO - Setting next_dagrun for example_branch_datetime_operator_3 to 2024-06-03 00:00:00+00:00, run_after=2024-06-04 00:00:00+00:00
[2024-06-04T23:56:02.846+0000] {processor.py:183} INFO - Processing /home/airflow/.local/lib/python3.12/site-packages/airflow/example_dags/example_branch_datetime_operator.py took 0.290 seconds
[2024-06-04T23:56:33.902+0000] {processor.py:161} INFO - Started process (PID=175984) to work on /home/airflow/.local/lib/python3.12/site-packages/airflow/example_dags/example_branch_datetime_operator.py
[2024-06-04T23:56:33.911+0000] {processor.py:830} INFO - Processing file /home/airflow/.local/lib/python3.12/site-packages/airflow/example_dags/example_branch_datetime_operator.py for tasks to queue
[2024-06-04T23:56:33.918+0000] {logging_mixin.py:188} INFO - [2024-06-04T23:56:33.917+0000] {dagbag.py:545} INFO - Filling up the DagBag from /home/airflow/.local/lib/python3.12/site-packages/airflow/example_dags/example_branch_datetime_operator.py
[2024-06-04T23:56:33.974+0000] {processor.py:840} INFO - DAG(s) 'example_branch_datetime_operator_3', 'example_branch_datetime_operator_2', 'example_branch_datetime_operator' retrieved from /home/airflow/.local/lib/python3.12/site-packages/airflow/example_dags/example_branch_datetime_operator.py
[2024-06-04T23:56:34.044+0000] {logging_mixin.py:188} INFO - [2024-06-04T23:56:34.044+0000] {dag.py:3096} INFO - Sync 3 DAGs
[2024-06-04T23:56:34.144+0000] {logging_mixin.py:188} INFO - [2024-06-04T23:56:34.144+0000] {dag.py:3954} INFO - Setting next_dagrun for example_branch_datetime_operator to 2024-06-03 00:00:00+00:00, run_after=2024-06-04 00:00:00+00:00
[2024-06-04T23:56:34.168+0000] {logging_mixin.py:188} INFO - [2024-06-04T23:56:34.168+0000] {dag.py:3954} INFO - Setting next_dagrun for example_branch_datetime_operator_2 to 2024-06-03 00:00:00+00:00, run_after=2024-06-04 00:00:00+00:00
[2024-06-04T23:56:34.183+0000] {logging_mixin.py:188} INFO - [2024-06-04T23:56:34.183+0000] {dag.py:3954} INFO - Setting next_dagrun for example_branch_datetime_operator_3 to 2024-06-03 00:00:00+00:00, run_after=2024-06-04 00:00:00+00:00
[2024-06-04T23:56:34.344+0000] {processor.py:183} INFO - Processing /home/airflow/.local/lib/python3.12/site-packages/airflow/example_dags/example_branch_datetime_operator.py took 0.467 seconds
[2024-06-04T23:57:04.777+0000] {processor.py:161} INFO - Started process (PID=176245) to work on /home/airflow/.local/lib/python3.12/site-packages/airflow/example_dags/example_branch_datetime_operator.py
[2024-06-04T23:57:04.779+0000] {processor.py:830} INFO - Processing file /home/airflow/.local/lib/python3.12/site-packages/airflow/example_dags/example_branch_datetime_operator.py for tasks to queue
[2024-06-04T23:57:04.782+0000] {logging_mixin.py:188} INFO - [2024-06-04T23:57:04.781+0000] {dagbag.py:545} INFO - Filling up the DagBag from /home/airflow/.local/lib/python3.12/site-packages/airflow/example_dags/example_branch_datetime_operator.py
[2024-06-04T23:57:04.805+0000] {processor.py:840} INFO - DAG(s) 'example_branch_datetime_operator_2', 'example_branch_datetime_operator_3', 'example_branch_datetime_operator' retrieved from /home/airflow/.local/lib/python3.12/site-packages/airflow/example_dags/example_branch_datetime_operator.py
[2024-06-04T23:57:04.863+0000] {logging_mixin.py:188} INFO - [2024-06-04T23:57:04.862+0000] {dag.py:3096} INFO - Sync 3 DAGs
[2024-06-04T23:57:04.918+0000] {logging_mixin.py:188} INFO - [2024-06-04T23:57:04.917+0000] {dag.py:3954} INFO - Setting next_dagrun for example_branch_datetime_operator to 2024-06-03 00:00:00+00:00, run_after=2024-06-04 00:00:00+00:00
[2024-06-04T23:57:04.930+0000] {logging_mixin.py:188} INFO - [2024-06-04T23:57:04.930+0000] {dag.py:3954} INFO - Setting next_dagrun for example_branch_datetime_operator_2 to 2024-06-03 00:00:00+00:00, run_after=2024-06-04 00:00:00+00:00
[2024-06-04T23:57:04.937+0000] {logging_mixin.py:188} INFO - [2024-06-04T23:57:04.936+0000] {dag.py:3954} INFO - Setting next_dagrun for example_branch_datetime_operator_3 to 2024-06-03 00:00:00+00:00, run_after=2024-06-04 00:00:00+00:00
[2024-06-04T23:57:04.983+0000] {processor.py:183} INFO - Processing /home/airflow/.local/lib/python3.12/site-packages/airflow/example_dags/example_branch_datetime_operator.py took 0.218 seconds
[2024-06-04T23:57:35.272+0000] {processor.py:161} INFO - Started process (PID=176507) to work on /home/airflow/.local/lib/python3.12/site-packages/airflow/example_dags/example_branch_datetime_operator.py
[2024-06-04T23:57:35.274+0000] {processor.py:830} INFO - Processing file /home/airflow/.local/lib/python3.12/site-packages/airflow/example_dags/example_branch_datetime_operator.py for tasks to queue
[2024-06-04T23:57:35.278+0000] {logging_mixin.py:188} INFO - [2024-06-04T23:57:35.277+0000] {dagbag.py:545} INFO - Filling up the DagBag from /home/airflow/.local/lib/python3.12/site-packages/airflow/example_dags/example_branch_datetime_operator.py
[2024-06-04T23:57:35.307+0000] {processor.py:840} INFO - DAG(s) 'example_branch_datetime_operator_3', 'example_branch_datetime_operator', 'example_branch_datetime_operator_2' retrieved from /home/airflow/.local/lib/python3.12/site-packages/airflow/example_dags/example_branch_datetime_operator.py
[2024-06-04T23:57:35.380+0000] {logging_mixin.py:188} INFO - [2024-06-04T23:57:35.380+0000] {dag.py:3096} INFO - Sync 3 DAGs
[2024-06-04T23:57:35.451+0000] {logging_mixin.py:188} INFO - [2024-06-04T23:57:35.451+0000] {dag.py:3954} INFO - Setting next_dagrun for example_branch_datetime_operator to 2024-06-03 00:00:00+00:00, run_after=2024-06-04 00:00:00+00:00
[2024-06-04T23:57:35.467+0000] {logging_mixin.py:188} INFO - [2024-06-04T23:57:35.466+0000] {dag.py:3954} INFO - Setting next_dagrun for example_branch_datetime_operator_2 to 2024-06-03 00:00:00+00:00, run_after=2024-06-04 00:00:00+00:00
[2024-06-04T23:57:35.476+0000] {logging_mixin.py:188} INFO - [2024-06-04T23:57:35.475+0000] {dag.py:3954} INFO - Setting next_dagrun for example_branch_datetime_operator_3 to 2024-06-03 00:00:00+00:00, run_after=2024-06-04 00:00:00+00:00
[2024-06-04T23:57:35.529+0000] {processor.py:183} INFO - Processing /home/airflow/.local/lib/python3.12/site-packages/airflow/example_dags/example_branch_datetime_operator.py took 0.273 seconds
[2024-06-04T23:58:05.631+0000] {processor.py:161} INFO - Started process (PID=176763) to work on /home/airflow/.local/lib/python3.12/site-packages/airflow/example_dags/example_branch_datetime_operator.py
[2024-06-04T23:58:05.633+0000] {processor.py:830} INFO - Processing file /home/airflow/.local/lib/python3.12/site-packages/airflow/example_dags/example_branch_datetime_operator.py for tasks to queue
[2024-06-04T23:58:05.636+0000] {logging_mixin.py:188} INFO - [2024-06-04T23:58:05.636+0000] {dagbag.py:545} INFO - Filling up the DagBag from /home/airflow/.local/lib/python3.12/site-packages/airflow/example_dags/example_branch_datetime_operator.py
[2024-06-04T23:58:05.692+0000] {processor.py:840} INFO - DAG(s) 'example_branch_datetime_operator', 'example_branch_datetime_operator_3', 'example_branch_datetime_operator_2' retrieved from /home/airflow/.local/lib/python3.12/site-packages/airflow/example_dags/example_branch_datetime_operator.py
[2024-06-04T23:58:05.784+0000] {logging_mixin.py:188} INFO - [2024-06-04T23:58:05.783+0000] {dag.py:3096} INFO - Sync 3 DAGs
[2024-06-04T23:58:05.863+0000] {logging_mixin.py:188} INFO - [2024-06-04T23:58:05.862+0000] {dag.py:3954} INFO - Setting next_dagrun for example_branch_datetime_operator to 2024-06-03 00:00:00+00:00, run_after=2024-06-04 00:00:00+00:00
[2024-06-04T23:58:05.891+0000] {logging_mixin.py:188} INFO - [2024-06-04T23:58:05.890+0000] {dag.py:3954} INFO - Setting next_dagrun for example_branch_datetime_operator_2 to 2024-06-03 00:00:00+00:00, run_after=2024-06-04 00:00:00+00:00
[2024-06-04T23:58:05.900+0000] {logging_mixin.py:188} INFO - [2024-06-04T23:58:05.899+0000] {dag.py:3954} INFO - Setting next_dagrun for example_branch_datetime_operator_3 to 2024-06-03 00:00:00+00:00, run_after=2024-06-04 00:00:00+00:00
[2024-06-04T23:58:05.981+0000] {processor.py:183} INFO - Processing /home/airflow/.local/lib/python3.12/site-packages/airflow/example_dags/example_branch_datetime_operator.py took 0.365 seconds
[2024-06-04T23:58:36.494+0000] {processor.py:161} INFO - Started process (PID=177024) to work on /home/airflow/.local/lib/python3.12/site-packages/airflow/example_dags/example_branch_datetime_operator.py
[2024-06-04T23:58:36.495+0000] {processor.py:830} INFO - Processing file /home/airflow/.local/lib/python3.12/site-packages/airflow/example_dags/example_branch_datetime_operator.py for tasks to queue
[2024-06-04T23:58:36.499+0000] {logging_mixin.py:188} INFO - [2024-06-04T23:58:36.498+0000] {dagbag.py:545} INFO - Filling up the DagBag from /home/airflow/.local/lib/python3.12/site-packages/airflow/example_dags/example_branch_datetime_operator.py
[2024-06-04T23:58:36.527+0000] {processor.py:840} INFO - DAG(s) 'example_branch_datetime_operator', 'example_branch_datetime_operator_3', 'example_branch_datetime_operator_2' retrieved from /home/airflow/.local/lib/python3.12/site-packages/airflow/example_dags/example_branch_datetime_operator.py
[2024-06-04T23:58:36.594+0000] {logging_mixin.py:188} INFO - [2024-06-04T23:58:36.594+0000] {dag.py:3096} INFO - Sync 3 DAGs
[2024-06-04T23:58:36.657+0000] {logging_mixin.py:188} INFO - [2024-06-04T23:58:36.656+0000] {dag.py:3954} INFO - Setting next_dagrun for example_branch_datetime_operator to 2024-06-03 00:00:00+00:00, run_after=2024-06-04 00:00:00+00:00
[2024-06-04T23:58:36.671+0000] {logging_mixin.py:188} INFO - [2024-06-04T23:58:36.670+0000] {dag.py:3954} INFO - Setting next_dagrun for example_branch_datetime_operator_2 to 2024-06-03 00:00:00+00:00, run_after=2024-06-04 00:00:00+00:00
[2024-06-04T23:58:36.678+0000] {logging_mixin.py:188} INFO - [2024-06-04T23:58:36.678+0000] {dag.py:3954} INFO - Setting next_dagrun for example_branch_datetime_operator_3 to 2024-06-03 00:00:00+00:00, run_after=2024-06-04 00:00:00+00:00
[2024-06-04T23:58:36.802+0000] {processor.py:183} INFO - Processing /home/airflow/.local/lib/python3.12/site-packages/airflow/example_dags/example_branch_datetime_operator.py took 0.322 seconds
[2024-06-04T23:59:07.370+0000] {processor.py:161} INFO - Started process (PID=177284) to work on /home/airflow/.local/lib/python3.12/site-packages/airflow/example_dags/example_branch_datetime_operator.py
[2024-06-04T23:59:07.372+0000] {processor.py:830} INFO - Processing file /home/airflow/.local/lib/python3.12/site-packages/airflow/example_dags/example_branch_datetime_operator.py for tasks to queue
[2024-06-04T23:59:07.377+0000] {logging_mixin.py:188} INFO - [2024-06-04T23:59:07.376+0000] {dagbag.py:545} INFO - Filling up the DagBag from /home/airflow/.local/lib/python3.12/site-packages/airflow/example_dags/example_branch_datetime_operator.py
[2024-06-04T23:59:07.408+0000] {processor.py:840} INFO - DAG(s) 'example_branch_datetime_operator_2', 'example_branch_datetime_operator', 'example_branch_datetime_operator_3' retrieved from /home/airflow/.local/lib/python3.12/site-packages/airflow/example_dags/example_branch_datetime_operator.py
[2024-06-04T23:59:07.479+0000] {logging_mixin.py:188} INFO - [2024-06-04T23:59:07.479+0000] {dag.py:3096} INFO - Sync 3 DAGs
[2024-06-04T23:59:07.572+0000] {logging_mixin.py:188} INFO - [2024-06-04T23:59:07.571+0000] {dag.py:3954} INFO - Setting next_dagrun for example_branch_datetime_operator to 2024-06-03 00:00:00+00:00, run_after=2024-06-04 00:00:00+00:00
[2024-06-04T23:59:07.595+0000] {logging_mixin.py:188} INFO - [2024-06-04T23:59:07.594+0000] {dag.py:3954} INFO - Setting next_dagrun for example_branch_datetime_operator_2 to 2024-06-03 00:00:00+00:00, run_after=2024-06-04 00:00:00+00:00
[2024-06-04T23:59:07.617+0000] {logging_mixin.py:188} INFO - [2024-06-04T23:59:07.616+0000] {dag.py:3954} INFO - Setting next_dagrun for example_branch_datetime_operator_3 to 2024-06-03 00:00:00+00:00, run_after=2024-06-04 00:00:00+00:00
[2024-06-04T23:59:07.668+0000] {processor.py:183} INFO - Processing /home/airflow/.local/lib/python3.12/site-packages/airflow/example_dags/example_branch_datetime_operator.py took 0.314 seconds
[2024-06-04T23:59:38.041+0000] {processor.py:161} INFO - Started process (PID=177547) to work on /home/airflow/.local/lib/python3.12/site-packages/airflow/example_dags/example_branch_datetime_operator.py
[2024-06-04T23:59:38.047+0000] {processor.py:830} INFO - Processing file /home/airflow/.local/lib/python3.12/site-packages/airflow/example_dags/example_branch_datetime_operator.py for tasks to queue
[2024-06-04T23:59:38.051+0000] {logging_mixin.py:188} INFO - [2024-06-04T23:59:38.050+0000] {dagbag.py:545} INFO - Filling up the DagBag from /home/airflow/.local/lib/python3.12/site-packages/airflow/example_dags/example_branch_datetime_operator.py
[2024-06-04T23:59:38.099+0000] {processor.py:840} INFO - DAG(s) 'example_branch_datetime_operator_2', 'example_branch_datetime_operator', 'example_branch_datetime_operator_3' retrieved from /home/airflow/.local/lib/python3.12/site-packages/airflow/example_dags/example_branch_datetime_operator.py
[2024-06-04T23:59:38.256+0000] {logging_mixin.py:188} INFO - [2024-06-04T23:59:38.256+0000] {dag.py:3096} INFO - Sync 3 DAGs
[2024-06-04T23:59:38.430+0000] {logging_mixin.py:188} INFO - [2024-06-04T23:59:38.430+0000] {dag.py:3954} INFO - Setting next_dagrun for example_branch_datetime_operator to 2024-06-03 00:00:00+00:00, run_after=2024-06-04 00:00:00+00:00
[2024-06-04T23:59:38.443+0000] {logging_mixin.py:188} INFO - [2024-06-04T23:59:38.443+0000] {dag.py:3954} INFO - Setting next_dagrun for example_branch_datetime_operator_2 to 2024-06-03 00:00:00+00:00, run_after=2024-06-04 00:00:00+00:00
[2024-06-04T23:59:38.450+0000] {logging_mixin.py:188} INFO - [2024-06-04T23:59:38.449+0000] {dag.py:3954} INFO - Setting next_dagrun for example_branch_datetime_operator_3 to 2024-06-03 00:00:00+00:00, run_after=2024-06-04 00:00:00+00:00
[2024-06-04T23:59:38.529+0000] {processor.py:183} INFO - Processing /home/airflow/.local/lib/python3.12/site-packages/airflow/example_dags/example_branch_datetime_operator.py took 0.510 seconds
