[2024-06-04T23:44:23.901+0000] {processor.py:161} INFO - Started process (PID=169751) to work on /home/airflow/.local/lib/python3.12/site-packages/airflow/example_dags/example_params_ui_tutorial.py
[2024-06-04T23:44:23.903+0000] {processor.py:830} INFO - Processing file /home/airflow/.local/lib/python3.12/site-packages/airflow/example_dags/example_params_ui_tutorial.py for tasks to queue
[2024-06-04T23:44:23.918+0000] {logging_mixin.py:188} INFO - [2024-06-04T23:44:23.917+0000] {dagbag.py:545} INFO - Filling up the DagBag from /home/airflow/.local/lib/python3.12/site-packages/airflow/example_dags/example_params_ui_tutorial.py
[2024-06-04T23:44:24.024+0000] {processor.py:840} INFO - DAG(s) 'example_params_ui_tutorial' retrieved from /home/airflow/.local/lib/python3.12/site-packages/airflow/example_dags/example_params_ui_tutorial.py
[2024-06-04T23:44:25.191+0000] {logging_mixin.py:188} INFO - [2024-06-04T23:44:25.191+0000] {dag.py:3096} INFO - Sync 1 DAGs
[2024-06-04T23:44:25.235+0000] {logging_mixin.py:188} INFO - [2024-06-04T23:44:25.235+0000] {dag.py:3954} INFO - Setting next_dagrun for example_params_ui_tutorial to None, run_after=None
[2024-06-04T23:44:25.404+0000] {processor.py:183} INFO - Processing /home/airflow/.local/lib/python3.12/site-packages/airflow/example_dags/example_params_ui_tutorial.py took 1.591 seconds
[2024-06-04T23:44:55.692+0000] {processor.py:161} INFO - Started process (PID=170016) to work on /home/airflow/.local/lib/python3.12/site-packages/airflow/example_dags/example_params_ui_tutorial.py
[2024-06-04T23:44:55.694+0000] {processor.py:830} INFO - Processing file /home/airflow/.local/lib/python3.12/site-packages/airflow/example_dags/example_params_ui_tutorial.py for tasks to queue
[2024-06-04T23:44:55.698+0000] {logging_mixin.py:188} INFO - [2024-06-04T23:44:55.697+0000] {dagbag.py:545} INFO - Filling up the DagBag from /home/airflow/.local/lib/python3.12/site-packages/airflow/example_dags/example_params_ui_tutorial.py
[2024-06-04T23:44:55.730+0000] {processor.py:840} INFO - DAG(s) 'example_params_ui_tutorial' retrieved from /home/airflow/.local/lib/python3.12/site-packages/airflow/example_dags/example_params_ui_tutorial.py
[2024-06-04T23:44:55.958+0000] {logging_mixin.py:188} INFO - [2024-06-04T23:44:55.957+0000] {dag.py:3096} INFO - Sync 1 DAGs
[2024-06-04T23:44:55.993+0000] {logging_mixin.py:188} INFO - [2024-06-04T23:44:55.992+0000] {dag.py:3954} INFO - Setting next_dagrun for example_params_ui_tutorial to None, run_after=None
[2024-06-04T23:44:56.063+0000] {processor.py:183} INFO - Processing /home/airflow/.local/lib/python3.12/site-packages/airflow/example_dags/example_params_ui_tutorial.py took 0.390 seconds
[2024-06-04T23:45:26.373+0000] {processor.py:161} INFO - Started process (PID=170278) to work on /home/airflow/.local/lib/python3.12/site-packages/airflow/example_dags/example_params_ui_tutorial.py
[2024-06-04T23:45:26.388+0000] {processor.py:830} INFO - Processing file /home/airflow/.local/lib/python3.12/site-packages/airflow/example_dags/example_params_ui_tutorial.py for tasks to queue
[2024-06-04T23:45:26.427+0000] {logging_mixin.py:188} INFO - [2024-06-04T23:45:26.390+0000] {dagbag.py:545} INFO - Filling up the DagBag from /home/airflow/.local/lib/python3.12/site-packages/airflow/example_dags/example_params_ui_tutorial.py
[2024-06-04T23:45:26.508+0000] {processor.py:840} INFO - DAG(s) 'example_params_ui_tutorial' retrieved from /home/airflow/.local/lib/python3.12/site-packages/airflow/example_dags/example_params_ui_tutorial.py
[2024-06-04T23:45:26.975+0000] {logging_mixin.py:188} INFO - [2024-06-04T23:45:26.974+0000] {dag.py:3096} INFO - Sync 1 DAGs
[2024-06-04T23:45:27.050+0000] {logging_mixin.py:188} INFO - [2024-06-04T23:45:27.047+0000] {dag.py:3954} INFO - Setting next_dagrun for example_params_ui_tutorial to None, run_after=None
[2024-06-04T23:45:27.202+0000] {processor.py:183} INFO - Processing /home/airflow/.local/lib/python3.12/site-packages/airflow/example_dags/example_params_ui_tutorial.py took 0.878 seconds
[2024-06-04T23:45:58.652+0000] {processor.py:161} INFO - Started process (PID=170547) to work on /home/airflow/.local/lib/python3.12/site-packages/airflow/example_dags/example_params_ui_tutorial.py
[2024-06-04T23:45:58.654+0000] {processor.py:830} INFO - Processing file /home/airflow/.local/lib/python3.12/site-packages/airflow/example_dags/example_params_ui_tutorial.py for tasks to queue
[2024-06-04T23:45:58.657+0000] {logging_mixin.py:188} INFO - [2024-06-04T23:45:58.656+0000] {dagbag.py:545} INFO - Filling up the DagBag from /home/airflow/.local/lib/python3.12/site-packages/airflow/example_dags/example_params_ui_tutorial.py
[2024-06-04T23:45:58.681+0000] {processor.py:840} INFO - DAG(s) 'example_params_ui_tutorial' retrieved from /home/airflow/.local/lib/python3.12/site-packages/airflow/example_dags/example_params_ui_tutorial.py
[2024-06-04T23:45:58.965+0000] {logging_mixin.py:188} INFO - [2024-06-04T23:45:58.964+0000] {dag.py:3096} INFO - Sync 1 DAGs
[2024-06-04T23:45:59.026+0000] {logging_mixin.py:188} INFO - [2024-06-04T23:45:59.026+0000] {dag.py:3954} INFO - Setting next_dagrun for example_params_ui_tutorial to None, run_after=None
[2024-06-04T23:45:59.264+0000] {processor.py:183} INFO - Processing /home/airflow/.local/lib/python3.12/site-packages/airflow/example_dags/example_params_ui_tutorial.py took 0.626 seconds
[2024-06-04T23:46:29.912+0000] {processor.py:161} INFO - Started process (PID=170809) to work on /home/airflow/.local/lib/python3.12/site-packages/airflow/example_dags/example_params_ui_tutorial.py
[2024-06-04T23:46:29.923+0000] {processor.py:830} INFO - Processing file /home/airflow/.local/lib/python3.12/site-packages/airflow/example_dags/example_params_ui_tutorial.py for tasks to queue
[2024-06-04T23:46:29.927+0000] {logging_mixin.py:188} INFO - [2024-06-04T23:46:29.926+0000] {dagbag.py:545} INFO - Filling up the DagBag from /home/airflow/.local/lib/python3.12/site-packages/airflow/example_dags/example_params_ui_tutorial.py
[2024-06-04T23:46:29.950+0000] {processor.py:840} INFO - DAG(s) 'example_params_ui_tutorial' retrieved from /home/airflow/.local/lib/python3.12/site-packages/airflow/example_dags/example_params_ui_tutorial.py
[2024-06-04T23:46:30.087+0000] {logging_mixin.py:188} INFO - [2024-06-04T23:46:30.087+0000] {dag.py:3096} INFO - Sync 1 DAGs
[2024-06-04T23:46:30.115+0000] {logging_mixin.py:188} INFO - [2024-06-04T23:46:30.115+0000] {dag.py:3954} INFO - Setting next_dagrun for example_params_ui_tutorial to None, run_after=None
[2024-06-04T23:46:30.170+0000] {processor.py:183} INFO - Processing /home/airflow/.local/lib/python3.12/site-packages/airflow/example_dags/example_params_ui_tutorial.py took 0.270 seconds
[2024-06-04T23:47:00.766+0000] {processor.py:161} INFO - Started process (PID=171073) to work on /home/airflow/.local/lib/python3.12/site-packages/airflow/example_dags/example_params_ui_tutorial.py
[2024-06-04T23:47:00.770+0000] {processor.py:830} INFO - Processing file /home/airflow/.local/lib/python3.12/site-packages/airflow/example_dags/example_params_ui_tutorial.py for tasks to queue
[2024-06-04T23:47:00.775+0000] {logging_mixin.py:188} INFO - [2024-06-04T23:47:00.774+0000] {dagbag.py:545} INFO - Filling up the DagBag from /home/airflow/.local/lib/python3.12/site-packages/airflow/example_dags/example_params_ui_tutorial.py
[2024-06-04T23:47:00.804+0000] {processor.py:840} INFO - DAG(s) 'example_params_ui_tutorial' retrieved from /home/airflow/.local/lib/python3.12/site-packages/airflow/example_dags/example_params_ui_tutorial.py
[2024-06-04T23:47:00.962+0000] {logging_mixin.py:188} INFO - [2024-06-04T23:47:00.962+0000] {dag.py:3096} INFO - Sync 1 DAGs
[2024-06-04T23:47:00.991+0000] {logging_mixin.py:188} INFO - [2024-06-04T23:47:00.991+0000] {dag.py:3954} INFO - Setting next_dagrun for example_params_ui_tutorial to None, run_after=None
[2024-06-04T23:47:01.037+0000] {processor.py:183} INFO - Processing /home/airflow/.local/lib/python3.12/site-packages/airflow/example_dags/example_params_ui_tutorial.py took 0.284 seconds
[2024-06-04T23:47:31.261+0000] {processor.py:161} INFO - Started process (PID=171334) to work on /home/airflow/.local/lib/python3.12/site-packages/airflow/example_dags/example_params_ui_tutorial.py
[2024-06-04T23:47:31.262+0000] {processor.py:830} INFO - Processing file /home/airflow/.local/lib/python3.12/site-packages/airflow/example_dags/example_params_ui_tutorial.py for tasks to queue
[2024-06-04T23:47:31.268+0000] {logging_mixin.py:188} INFO - [2024-06-04T23:47:31.267+0000] {dagbag.py:545} INFO - Filling up the DagBag from /home/airflow/.local/lib/python3.12/site-packages/airflow/example_dags/example_params_ui_tutorial.py
[2024-06-04T23:47:31.299+0000] {processor.py:840} INFO - DAG(s) 'example_params_ui_tutorial' retrieved from /home/airflow/.local/lib/python3.12/site-packages/airflow/example_dags/example_params_ui_tutorial.py
[2024-06-04T23:47:31.457+0000] {logging_mixin.py:188} INFO - [2024-06-04T23:47:31.457+0000] {dag.py:3096} INFO - Sync 1 DAGs
[2024-06-04T23:47:31.487+0000] {logging_mixin.py:188} INFO - [2024-06-04T23:47:31.486+0000] {dag.py:3954} INFO - Setting next_dagrun for example_params_ui_tutorial to None, run_after=None
[2024-06-04T23:47:31.528+0000] {processor.py:183} INFO - Processing /home/airflow/.local/lib/python3.12/site-packages/airflow/example_dags/example_params_ui_tutorial.py took 0.284 seconds
[2024-06-04T23:48:02.102+0000] {processor.py:161} INFO - Started process (PID=171596) to work on /home/airflow/.local/lib/python3.12/site-packages/airflow/example_dags/example_params_ui_tutorial.py
[2024-06-04T23:48:02.103+0000] {processor.py:830} INFO - Processing file /home/airflow/.local/lib/python3.12/site-packages/airflow/example_dags/example_params_ui_tutorial.py for tasks to queue
[2024-06-04T23:48:02.107+0000] {logging_mixin.py:188} INFO - [2024-06-04T23:48:02.106+0000] {dagbag.py:545} INFO - Filling up the DagBag from /home/airflow/.local/lib/python3.12/site-packages/airflow/example_dags/example_params_ui_tutorial.py
[2024-06-04T23:48:02.131+0000] {processor.py:840} INFO - DAG(s) 'example_params_ui_tutorial' retrieved from /home/airflow/.local/lib/python3.12/site-packages/airflow/example_dags/example_params_ui_tutorial.py
[2024-06-04T23:48:02.263+0000] {logging_mixin.py:188} INFO - [2024-06-04T23:48:02.262+0000] {dag.py:3096} INFO - Sync 1 DAGs
[2024-06-04T23:48:02.286+0000] {logging_mixin.py:188} INFO - [2024-06-04T23:48:02.286+0000] {dag.py:3954} INFO - Setting next_dagrun for example_params_ui_tutorial to None, run_after=None
[2024-06-04T23:48:02.325+0000] {processor.py:183} INFO - Processing /home/airflow/.local/lib/python3.12/site-packages/airflow/example_dags/example_params_ui_tutorial.py took 0.236 seconds
[2024-06-04T23:48:32.702+0000] {processor.py:161} INFO - Started process (PID=171852) to work on /home/airflow/.local/lib/python3.12/site-packages/airflow/example_dags/example_params_ui_tutorial.py
[2024-06-04T23:48:32.724+0000] {processor.py:830} INFO - Processing file /home/airflow/.local/lib/python3.12/site-packages/airflow/example_dags/example_params_ui_tutorial.py for tasks to queue
[2024-06-04T23:48:32.735+0000] {logging_mixin.py:188} INFO - [2024-06-04T23:48:32.727+0000] {dagbag.py:545} INFO - Filling up the DagBag from /home/airflow/.local/lib/python3.12/site-packages/airflow/example_dags/example_params_ui_tutorial.py
[2024-06-04T23:48:32.803+0000] {processor.py:840} INFO - DAG(s) 'example_params_ui_tutorial' retrieved from /home/airflow/.local/lib/python3.12/site-packages/airflow/example_dags/example_params_ui_tutorial.py
[2024-06-04T23:48:33.281+0000] {logging_mixin.py:188} INFO - [2024-06-04T23:48:33.280+0000] {dag.py:3096} INFO - Sync 1 DAGs
[2024-06-04T23:48:33.325+0000] {logging_mixin.py:188} INFO - [2024-06-04T23:48:33.325+0000] {dag.py:3954} INFO - Setting next_dagrun for example_params_ui_tutorial to None, run_after=None
[2024-06-04T23:48:33.408+0000] {processor.py:183} INFO - Processing /home/airflow/.local/lib/python3.12/site-packages/airflow/example_dags/example_params_ui_tutorial.py took 0.739 seconds
[2024-06-04T23:49:04.201+0000] {processor.py:161} INFO - Started process (PID=172116) to work on /home/airflow/.local/lib/python3.12/site-packages/airflow/example_dags/example_params_ui_tutorial.py
[2024-06-04T23:49:04.203+0000] {processor.py:830} INFO - Processing file /home/airflow/.local/lib/python3.12/site-packages/airflow/example_dags/example_params_ui_tutorial.py for tasks to queue
[2024-06-04T23:49:04.207+0000] {logging_mixin.py:188} INFO - [2024-06-04T23:49:04.206+0000] {dagbag.py:545} INFO - Filling up the DagBag from /home/airflow/.local/lib/python3.12/site-packages/airflow/example_dags/example_params_ui_tutorial.py
[2024-06-04T23:49:04.233+0000] {processor.py:840} INFO - DAG(s) 'example_params_ui_tutorial' retrieved from /home/airflow/.local/lib/python3.12/site-packages/airflow/example_dags/example_params_ui_tutorial.py
[2024-06-04T23:49:04.420+0000] {logging_mixin.py:188} INFO - [2024-06-04T23:49:04.419+0000] {dag.py:3096} INFO - Sync 1 DAGs
[2024-06-04T23:49:04.448+0000] {logging_mixin.py:188} INFO - [2024-06-04T23:49:04.447+0000] {dag.py:3954} INFO - Setting next_dagrun for example_params_ui_tutorial to None, run_after=None
[2024-06-04T23:49:04.494+0000] {processor.py:183} INFO - Processing /home/airflow/.local/lib/python3.12/site-packages/airflow/example_dags/example_params_ui_tutorial.py took 0.308 seconds
[2024-06-04T23:49:34.798+0000] {processor.py:161} INFO - Started process (PID=172377) to work on /home/airflow/.local/lib/python3.12/site-packages/airflow/example_dags/example_params_ui_tutorial.py
[2024-06-04T23:49:34.799+0000] {processor.py:830} INFO - Processing file /home/airflow/.local/lib/python3.12/site-packages/airflow/example_dags/example_params_ui_tutorial.py for tasks to queue
[2024-06-04T23:49:34.803+0000] {logging_mixin.py:188} INFO - [2024-06-04T23:49:34.802+0000] {dagbag.py:545} INFO - Filling up the DagBag from /home/airflow/.local/lib/python3.12/site-packages/airflow/example_dags/example_params_ui_tutorial.py
[2024-06-04T23:49:34.826+0000] {processor.py:840} INFO - DAG(s) 'example_params_ui_tutorial' retrieved from /home/airflow/.local/lib/python3.12/site-packages/airflow/example_dags/example_params_ui_tutorial.py
[2024-06-04T23:49:34.964+0000] {logging_mixin.py:188} INFO - [2024-06-04T23:49:34.963+0000] {dag.py:3096} INFO - Sync 1 DAGs
[2024-06-04T23:49:34.991+0000] {logging_mixin.py:188} INFO - [2024-06-04T23:49:34.991+0000] {dag.py:3954} INFO - Setting next_dagrun for example_params_ui_tutorial to None, run_after=None
[2024-06-04T23:49:35.037+0000] {processor.py:183} INFO - Processing /home/airflow/.local/lib/python3.12/site-packages/airflow/example_dags/example_params_ui_tutorial.py took 0.252 seconds
[2024-06-04T23:50:05.572+0000] {processor.py:161} INFO - Started process (PID=172639) to work on /home/airflow/.local/lib/python3.12/site-packages/airflow/example_dags/example_params_ui_tutorial.py
[2024-06-04T23:50:05.573+0000] {processor.py:830} INFO - Processing file /home/airflow/.local/lib/python3.12/site-packages/airflow/example_dags/example_params_ui_tutorial.py for tasks to queue
[2024-06-04T23:50:05.577+0000] {logging_mixin.py:188} INFO - [2024-06-04T23:50:05.577+0000] {dagbag.py:545} INFO - Filling up the DagBag from /home/airflow/.local/lib/python3.12/site-packages/airflow/example_dags/example_params_ui_tutorial.py
[2024-06-04T23:50:05.605+0000] {processor.py:840} INFO - DAG(s) 'example_params_ui_tutorial' retrieved from /home/airflow/.local/lib/python3.12/site-packages/airflow/example_dags/example_params_ui_tutorial.py
[2024-06-04T23:50:05.741+0000] {logging_mixin.py:188} INFO - [2024-06-04T23:50:05.740+0000] {dag.py:3096} INFO - Sync 1 DAGs
[2024-06-04T23:50:05.772+0000] {logging_mixin.py:188} INFO - [2024-06-04T23:50:05.772+0000] {dag.py:3954} INFO - Setting next_dagrun for example_params_ui_tutorial to None, run_after=None
[2024-06-04T23:50:05.831+0000] {processor.py:183} INFO - Processing /home/airflow/.local/lib/python3.12/site-packages/airflow/example_dags/example_params_ui_tutorial.py took 0.275 seconds
[2024-06-04T23:50:36.273+0000] {processor.py:161} INFO - Started process (PID=172901) to work on /home/airflow/.local/lib/python3.12/site-packages/airflow/example_dags/example_params_ui_tutorial.py
[2024-06-04T23:50:36.285+0000] {processor.py:830} INFO - Processing file /home/airflow/.local/lib/python3.12/site-packages/airflow/example_dags/example_params_ui_tutorial.py for tasks to queue
[2024-06-04T23:50:36.289+0000] {logging_mixin.py:188} INFO - [2024-06-04T23:50:36.288+0000] {dagbag.py:545} INFO - Filling up the DagBag from /home/airflow/.local/lib/python3.12/site-packages/airflow/example_dags/example_params_ui_tutorial.py
[2024-06-04T23:50:36.313+0000] {processor.py:840} INFO - DAG(s) 'example_params_ui_tutorial' retrieved from /home/airflow/.local/lib/python3.12/site-packages/airflow/example_dags/example_params_ui_tutorial.py
[2024-06-04T23:50:36.462+0000] {logging_mixin.py:188} INFO - [2024-06-04T23:50:36.462+0000] {dag.py:3096} INFO - Sync 1 DAGs
[2024-06-04T23:50:36.490+0000] {logging_mixin.py:188} INFO - [2024-06-04T23:50:36.490+0000] {dag.py:3954} INFO - Setting next_dagrun for example_params_ui_tutorial to None, run_after=None
[2024-06-04T23:50:36.535+0000] {processor.py:183} INFO - Processing /home/airflow/.local/lib/python3.12/site-packages/airflow/example_dags/example_params_ui_tutorial.py took 0.275 seconds
[2024-06-04T23:51:07.199+0000] {processor.py:161} INFO - Started process (PID=173163) to work on /home/airflow/.local/lib/python3.12/site-packages/airflow/example_dags/example_params_ui_tutorial.py
[2024-06-04T23:51:07.200+0000] {processor.py:830} INFO - Processing file /home/airflow/.local/lib/python3.12/site-packages/airflow/example_dags/example_params_ui_tutorial.py for tasks to queue
[2024-06-04T23:51:07.204+0000] {logging_mixin.py:188} INFO - [2024-06-04T23:51:07.203+0000] {dagbag.py:545} INFO - Filling up the DagBag from /home/airflow/.local/lib/python3.12/site-packages/airflow/example_dags/example_params_ui_tutorial.py
[2024-06-04T23:51:07.229+0000] {processor.py:840} INFO - DAG(s) 'example_params_ui_tutorial' retrieved from /home/airflow/.local/lib/python3.12/site-packages/airflow/example_dags/example_params_ui_tutorial.py
[2024-06-04T23:51:07.368+0000] {logging_mixin.py:188} INFO - [2024-06-04T23:51:07.368+0000] {dag.py:3096} INFO - Sync 1 DAGs
[2024-06-04T23:51:07.396+0000] {logging_mixin.py:188} INFO - [2024-06-04T23:51:07.396+0000] {dag.py:3954} INFO - Setting next_dagrun for example_params_ui_tutorial to None, run_after=None
[2024-06-04T23:51:07.467+0000] {processor.py:183} INFO - Processing /home/airflow/.local/lib/python3.12/site-packages/airflow/example_dags/example_params_ui_tutorial.py took 0.281 seconds
[2024-06-04T23:51:37.688+0000] {processor.py:161} INFO - Started process (PID=173426) to work on /home/airflow/.local/lib/python3.12/site-packages/airflow/example_dags/example_params_ui_tutorial.py
[2024-06-04T23:51:37.696+0000] {processor.py:830} INFO - Processing file /home/airflow/.local/lib/python3.12/site-packages/airflow/example_dags/example_params_ui_tutorial.py for tasks to queue
[2024-06-04T23:51:37.700+0000] {logging_mixin.py:188} INFO - [2024-06-04T23:51:37.699+0000] {dagbag.py:545} INFO - Filling up the DagBag from /home/airflow/.local/lib/python3.12/site-packages/airflow/example_dags/example_params_ui_tutorial.py
[2024-06-04T23:51:37.725+0000] {processor.py:840} INFO - DAG(s) 'example_params_ui_tutorial' retrieved from /home/airflow/.local/lib/python3.12/site-packages/airflow/example_dags/example_params_ui_tutorial.py
[2024-06-04T23:51:37.858+0000] {logging_mixin.py:188} INFO - [2024-06-04T23:51:37.858+0000] {dag.py:3096} INFO - Sync 1 DAGs
[2024-06-04T23:51:37.888+0000] {logging_mixin.py:188} INFO - [2024-06-04T23:51:37.888+0000] {dag.py:3954} INFO - Setting next_dagrun for example_params_ui_tutorial to None, run_after=None
[2024-06-04T23:51:37.948+0000] {processor.py:183} INFO - Processing /home/airflow/.local/lib/python3.12/site-packages/airflow/example_dags/example_params_ui_tutorial.py took 0.273 seconds
[2024-06-04T23:52:08.230+0000] {processor.py:161} INFO - Started process (PID=173687) to work on /home/airflow/.local/lib/python3.12/site-packages/airflow/example_dags/example_params_ui_tutorial.py
[2024-06-04T23:52:08.231+0000] {processor.py:830} INFO - Processing file /home/airflow/.local/lib/python3.12/site-packages/airflow/example_dags/example_params_ui_tutorial.py for tasks to queue
[2024-06-04T23:52:08.235+0000] {logging_mixin.py:188} INFO - [2024-06-04T23:52:08.234+0000] {dagbag.py:545} INFO - Filling up the DagBag from /home/airflow/.local/lib/python3.12/site-packages/airflow/example_dags/example_params_ui_tutorial.py
[2024-06-04T23:52:08.261+0000] {processor.py:840} INFO - DAG(s) 'example_params_ui_tutorial' retrieved from /home/airflow/.local/lib/python3.12/site-packages/airflow/example_dags/example_params_ui_tutorial.py
[2024-06-04T23:52:08.445+0000] {logging_mixin.py:188} INFO - [2024-06-04T23:52:08.445+0000] {dag.py:3096} INFO - Sync 1 DAGs
[2024-06-04T23:52:08.474+0000] {logging_mixin.py:188} INFO - [2024-06-04T23:52:08.473+0000] {dag.py:3954} INFO - Setting next_dagrun for example_params_ui_tutorial to None, run_after=None
[2024-06-04T23:52:08.527+0000] {processor.py:183} INFO - Processing /home/airflow/.local/lib/python3.12/site-packages/airflow/example_dags/example_params_ui_tutorial.py took 0.313 seconds
[2024-06-04T23:52:39.267+0000] {processor.py:161} INFO - Started process (PID=173949) to work on /home/airflow/.local/lib/python3.12/site-packages/airflow/example_dags/example_params_ui_tutorial.py
[2024-06-04T23:52:39.268+0000] {processor.py:830} INFO - Processing file /home/airflow/.local/lib/python3.12/site-packages/airflow/example_dags/example_params_ui_tutorial.py for tasks to queue
[2024-06-04T23:52:39.272+0000] {logging_mixin.py:188} INFO - [2024-06-04T23:52:39.271+0000] {dagbag.py:545} INFO - Filling up the DagBag from /home/airflow/.local/lib/python3.12/site-packages/airflow/example_dags/example_params_ui_tutorial.py
[2024-06-04T23:52:39.295+0000] {processor.py:840} INFO - DAG(s) 'example_params_ui_tutorial' retrieved from /home/airflow/.local/lib/python3.12/site-packages/airflow/example_dags/example_params_ui_tutorial.py
[2024-06-04T23:52:39.439+0000] {logging_mixin.py:188} INFO - [2024-06-04T23:52:39.438+0000] {dag.py:3096} INFO - Sync 1 DAGs
[2024-06-04T23:52:39.469+0000] {logging_mixin.py:188} INFO - [2024-06-04T23:52:39.469+0000] {dag.py:3954} INFO - Setting next_dagrun for example_params_ui_tutorial to None, run_after=None
[2024-06-04T23:52:39.527+0000] {processor.py:183} INFO - Processing /home/airflow/.local/lib/python3.12/site-packages/airflow/example_dags/example_params_ui_tutorial.py took 0.272 seconds
[2024-06-04T23:53:10.025+0000] {processor.py:161} INFO - Started process (PID=174214) to work on /home/airflow/.local/lib/python3.12/site-packages/airflow/example_dags/example_params_ui_tutorial.py
[2024-06-04T23:53:10.026+0000] {processor.py:830} INFO - Processing file /home/airflow/.local/lib/python3.12/site-packages/airflow/example_dags/example_params_ui_tutorial.py for tasks to queue
[2024-06-04T23:53:10.031+0000] {logging_mixin.py:188} INFO - [2024-06-04T23:53:10.030+0000] {dagbag.py:545} INFO - Filling up the DagBag from /home/airflow/.local/lib/python3.12/site-packages/airflow/example_dags/example_params_ui_tutorial.py
[2024-06-04T23:53:10.061+0000] {processor.py:840} INFO - DAG(s) 'example_params_ui_tutorial' retrieved from /home/airflow/.local/lib/python3.12/site-packages/airflow/example_dags/example_params_ui_tutorial.py
[2024-06-04T23:53:10.226+0000] {logging_mixin.py:188} INFO - [2024-06-04T23:53:10.226+0000] {dag.py:3096} INFO - Sync 1 DAGs
[2024-06-04T23:53:10.261+0000] {logging_mixin.py:188} INFO - [2024-06-04T23:53:10.260+0000] {dag.py:3954} INFO - Setting next_dagrun for example_params_ui_tutorial to None, run_after=None
[2024-06-04T23:53:10.301+0000] {processor.py:183} INFO - Processing /home/airflow/.local/lib/python3.12/site-packages/airflow/example_dags/example_params_ui_tutorial.py took 0.290 seconds
[2024-06-04T23:53:40.866+0000] {processor.py:161} INFO - Started process (PID=174476) to work on /home/airflow/.local/lib/python3.12/site-packages/airflow/example_dags/example_params_ui_tutorial.py
[2024-06-04T23:53:40.891+0000] {processor.py:830} INFO - Processing file /home/airflow/.local/lib/python3.12/site-packages/airflow/example_dags/example_params_ui_tutorial.py for tasks to queue
[2024-06-04T23:53:40.895+0000] {logging_mixin.py:188} INFO - [2024-06-04T23:53:40.894+0000] {dagbag.py:545} INFO - Filling up the DagBag from /home/airflow/.local/lib/python3.12/site-packages/airflow/example_dags/example_params_ui_tutorial.py
[2024-06-04T23:53:40.961+0000] {processor.py:840} INFO - DAG(s) 'example_params_ui_tutorial' retrieved from /home/airflow/.local/lib/python3.12/site-packages/airflow/example_dags/example_params_ui_tutorial.py
[2024-06-04T23:53:41.169+0000] {logging_mixin.py:188} INFO - [2024-06-04T23:53:41.169+0000] {dag.py:3096} INFO - Sync 1 DAGs
[2024-06-04T23:53:41.193+0000] {logging_mixin.py:188} INFO - [2024-06-04T23:53:41.193+0000] {dag.py:3954} INFO - Setting next_dagrun for example_params_ui_tutorial to None, run_after=None
[2024-06-04T23:53:41.254+0000] {processor.py:183} INFO - Processing /home/airflow/.local/lib/python3.12/site-packages/airflow/example_dags/example_params_ui_tutorial.py took 0.410 seconds
[2024-06-04T23:54:11.886+0000] {processor.py:161} INFO - Started process (PID=174738) to work on /home/airflow/.local/lib/python3.12/site-packages/airflow/example_dags/example_params_ui_tutorial.py
[2024-06-04T23:54:11.888+0000] {processor.py:830} INFO - Processing file /home/airflow/.local/lib/python3.12/site-packages/airflow/example_dags/example_params_ui_tutorial.py for tasks to queue
[2024-06-04T23:54:11.894+0000] {logging_mixin.py:188} INFO - [2024-06-04T23:54:11.893+0000] {dagbag.py:545} INFO - Filling up the DagBag from /home/airflow/.local/lib/python3.12/site-packages/airflow/example_dags/example_params_ui_tutorial.py
[2024-06-04T23:54:11.922+0000] {processor.py:840} INFO - DAG(s) 'example_params_ui_tutorial' retrieved from /home/airflow/.local/lib/python3.12/site-packages/airflow/example_dags/example_params_ui_tutorial.py
[2024-06-04T23:54:12.086+0000] {logging_mixin.py:188} INFO - [2024-06-04T23:54:12.086+0000] {dag.py:3096} INFO - Sync 1 DAGs
[2024-06-04T23:54:12.114+0000] {logging_mixin.py:188} INFO - [2024-06-04T23:54:12.114+0000] {dag.py:3954} INFO - Setting next_dagrun for example_params_ui_tutorial to None, run_after=None
[2024-06-04T23:54:12.160+0000] {processor.py:183} INFO - Processing /home/airflow/.local/lib/python3.12/site-packages/airflow/example_dags/example_params_ui_tutorial.py took 0.289 seconds
[2024-06-04T23:54:42.650+0000] {processor.py:161} INFO - Started process (PID=175000) to work on /home/airflow/.local/lib/python3.12/site-packages/airflow/example_dags/example_params_ui_tutorial.py
[2024-06-04T23:54:42.654+0000] {processor.py:830} INFO - Processing file /home/airflow/.local/lib/python3.12/site-packages/airflow/example_dags/example_params_ui_tutorial.py for tasks to queue
[2024-06-04T23:54:42.661+0000] {logging_mixin.py:188} INFO - [2024-06-04T23:54:42.661+0000] {dagbag.py:545} INFO - Filling up the DagBag from /home/airflow/.local/lib/python3.12/site-packages/airflow/example_dags/example_params_ui_tutorial.py
[2024-06-04T23:54:42.709+0000] {processor.py:840} INFO - DAG(s) 'example_params_ui_tutorial' retrieved from /home/airflow/.local/lib/python3.12/site-packages/airflow/example_dags/example_params_ui_tutorial.py
[2024-06-04T23:54:42.942+0000] {logging_mixin.py:188} INFO - [2024-06-04T23:54:42.939+0000] {dag.py:3096} INFO - Sync 1 DAGs
[2024-06-04T23:54:42.999+0000] {logging_mixin.py:188} INFO - [2024-06-04T23:54:42.998+0000] {dag.py:3954} INFO - Setting next_dagrun for example_params_ui_tutorial to None, run_after=None
[2024-06-04T23:54:43.132+0000] {processor.py:183} INFO - Processing /home/airflow/.local/lib/python3.12/site-packages/airflow/example_dags/example_params_ui_tutorial.py took 0.507 seconds
[2024-06-04T23:55:13.260+0000] {processor.py:161} INFO - Started process (PID=175265) to work on /home/airflow/.local/lib/python3.12/site-packages/airflow/example_dags/example_params_ui_tutorial.py
[2024-06-04T23:55:13.267+0000] {processor.py:830} INFO - Processing file /home/airflow/.local/lib/python3.12/site-packages/airflow/example_dags/example_params_ui_tutorial.py for tasks to queue
[2024-06-04T23:55:13.271+0000] {logging_mixin.py:188} INFO - [2024-06-04T23:55:13.270+0000] {dagbag.py:545} INFO - Filling up the DagBag from /home/airflow/.local/lib/python3.12/site-packages/airflow/example_dags/example_params_ui_tutorial.py
[2024-06-04T23:55:13.298+0000] {processor.py:840} INFO - DAG(s) 'example_params_ui_tutorial' retrieved from /home/airflow/.local/lib/python3.12/site-packages/airflow/example_dags/example_params_ui_tutorial.py
[2024-06-04T23:55:13.432+0000] {logging_mixin.py:188} INFO - [2024-06-04T23:55:13.432+0000] {dag.py:3096} INFO - Sync 1 DAGs
[2024-06-04T23:55:13.460+0000] {logging_mixin.py:188} INFO - [2024-06-04T23:55:13.460+0000] {dag.py:3954} INFO - Setting next_dagrun for example_params_ui_tutorial to None, run_after=None
[2024-06-04T23:55:13.498+0000] {processor.py:183} INFO - Processing /home/airflow/.local/lib/python3.12/site-packages/airflow/example_dags/example_params_ui_tutorial.py took 0.259 seconds
[2024-06-04T23:55:44.346+0000] {processor.py:161} INFO - Started process (PID=175527) to work on /home/airflow/.local/lib/python3.12/site-packages/airflow/example_dags/example_params_ui_tutorial.py
[2024-06-04T23:55:44.348+0000] {processor.py:830} INFO - Processing file /home/airflow/.local/lib/python3.12/site-packages/airflow/example_dags/example_params_ui_tutorial.py for tasks to queue
[2024-06-04T23:55:44.351+0000] {logging_mixin.py:188} INFO - [2024-06-04T23:55:44.350+0000] {dagbag.py:545} INFO - Filling up the DagBag from /home/airflow/.local/lib/python3.12/site-packages/airflow/example_dags/example_params_ui_tutorial.py
[2024-06-04T23:55:44.374+0000] {processor.py:840} INFO - DAG(s) 'example_params_ui_tutorial' retrieved from /home/airflow/.local/lib/python3.12/site-packages/airflow/example_dags/example_params_ui_tutorial.py
[2024-06-04T23:55:44.542+0000] {logging_mixin.py:188} INFO - [2024-06-04T23:55:44.541+0000] {dag.py:3096} INFO - Sync 1 DAGs
[2024-06-04T23:55:44.580+0000] {logging_mixin.py:188} INFO - [2024-06-04T23:55:44.580+0000] {dag.py:3954} INFO - Setting next_dagrun for example_params_ui_tutorial to None, run_after=None
[2024-06-04T23:55:44.656+0000] {processor.py:183} INFO - Processing /home/airflow/.local/lib/python3.12/site-packages/airflow/example_dags/example_params_ui_tutorial.py took 0.324 seconds
[2024-06-04T23:56:14.786+0000] {processor.py:161} INFO - Started process (PID=175789) to work on /home/airflow/.local/lib/python3.12/site-packages/airflow/example_dags/example_params_ui_tutorial.py
[2024-06-04T23:56:14.788+0000] {processor.py:830} INFO - Processing file /home/airflow/.local/lib/python3.12/site-packages/airflow/example_dags/example_params_ui_tutorial.py for tasks to queue
[2024-06-04T23:56:14.792+0000] {logging_mixin.py:188} INFO - [2024-06-04T23:56:14.791+0000] {dagbag.py:545} INFO - Filling up the DagBag from /home/airflow/.local/lib/python3.12/site-packages/airflow/example_dags/example_params_ui_tutorial.py
[2024-06-04T23:56:14.817+0000] {processor.py:840} INFO - DAG(s) 'example_params_ui_tutorial' retrieved from /home/airflow/.local/lib/python3.12/site-packages/airflow/example_dags/example_params_ui_tutorial.py
[2024-06-04T23:56:14.958+0000] {logging_mixin.py:188} INFO - [2024-06-04T23:56:14.957+0000] {dag.py:3096} INFO - Sync 1 DAGs
[2024-06-04T23:56:14.985+0000] {logging_mixin.py:188} INFO - [2024-06-04T23:56:14.985+0000] {dag.py:3954} INFO - Setting next_dagrun for example_params_ui_tutorial to None, run_after=None
[2024-06-04T23:56:15.036+0000] {processor.py:183} INFO - Processing /home/airflow/.local/lib/python3.12/site-packages/airflow/example_dags/example_params_ui_tutorial.py took 0.262 seconds
[2024-06-04T23:56:45.263+0000] {processor.py:161} INFO - Started process (PID=176051) to work on /home/airflow/.local/lib/python3.12/site-packages/airflow/example_dags/example_params_ui_tutorial.py
[2024-06-04T23:56:45.266+0000] {processor.py:830} INFO - Processing file /home/airflow/.local/lib/python3.12/site-packages/airflow/example_dags/example_params_ui_tutorial.py for tasks to queue
[2024-06-04T23:56:45.270+0000] {logging_mixin.py:188} INFO - [2024-06-04T23:56:45.269+0000] {dagbag.py:545} INFO - Filling up the DagBag from /home/airflow/.local/lib/python3.12/site-packages/airflow/example_dags/example_params_ui_tutorial.py
[2024-06-04T23:56:45.296+0000] {processor.py:840} INFO - DAG(s) 'example_params_ui_tutorial' retrieved from /home/airflow/.local/lib/python3.12/site-packages/airflow/example_dags/example_params_ui_tutorial.py
[2024-06-04T23:56:45.436+0000] {logging_mixin.py:188} INFO - [2024-06-04T23:56:45.435+0000] {dag.py:3096} INFO - Sync 1 DAGs
[2024-06-04T23:56:45.471+0000] {logging_mixin.py:188} INFO - [2024-06-04T23:56:45.470+0000] {dag.py:3954} INFO - Setting next_dagrun for example_params_ui_tutorial to None, run_after=None
[2024-06-04T23:56:45.523+0000] {processor.py:183} INFO - Processing /home/airflow/.local/lib/python3.12/site-packages/airflow/example_dags/example_params_ui_tutorial.py took 0.283 seconds
[2024-06-04T23:57:15.911+0000] {processor.py:161} INFO - Started process (PID=176312) to work on /home/airflow/.local/lib/python3.12/site-packages/airflow/example_dags/example_params_ui_tutorial.py
[2024-06-04T23:57:15.913+0000] {processor.py:830} INFO - Processing file /home/airflow/.local/lib/python3.12/site-packages/airflow/example_dags/example_params_ui_tutorial.py for tasks to queue
[2024-06-04T23:57:15.917+0000] {logging_mixin.py:188} INFO - [2024-06-04T23:57:15.916+0000] {dagbag.py:545} INFO - Filling up the DagBag from /home/airflow/.local/lib/python3.12/site-packages/airflow/example_dags/example_params_ui_tutorial.py
[2024-06-04T23:57:15.942+0000] {processor.py:840} INFO - DAG(s) 'example_params_ui_tutorial' retrieved from /home/airflow/.local/lib/python3.12/site-packages/airflow/example_dags/example_params_ui_tutorial.py
[2024-06-04T23:57:16.085+0000] {logging_mixin.py:188} INFO - [2024-06-04T23:57:16.084+0000] {dag.py:3096} INFO - Sync 1 DAGs
[2024-06-04T23:57:16.114+0000] {logging_mixin.py:188} INFO - [2024-06-04T23:57:16.113+0000] {dag.py:3954} INFO - Setting next_dagrun for example_params_ui_tutorial to None, run_after=None
[2024-06-04T23:57:16.158+0000] {processor.py:183} INFO - Processing /home/airflow/.local/lib/python3.12/site-packages/airflow/example_dags/example_params_ui_tutorial.py took 0.261 seconds
[2024-06-04T23:57:47.007+0000] {processor.py:161} INFO - Started process (PID=176574) to work on /home/airflow/.local/lib/python3.12/site-packages/airflow/example_dags/example_params_ui_tutorial.py
[2024-06-04T23:57:47.009+0000] {processor.py:830} INFO - Processing file /home/airflow/.local/lib/python3.12/site-packages/airflow/example_dags/example_params_ui_tutorial.py for tasks to queue
[2024-06-04T23:57:47.013+0000] {logging_mixin.py:188} INFO - [2024-06-04T23:57:47.013+0000] {dagbag.py:545} INFO - Filling up the DagBag from /home/airflow/.local/lib/python3.12/site-packages/airflow/example_dags/example_params_ui_tutorial.py
[2024-06-04T23:57:47.049+0000] {processor.py:840} INFO - DAG(s) 'example_params_ui_tutorial' retrieved from /home/airflow/.local/lib/python3.12/site-packages/airflow/example_dags/example_params_ui_tutorial.py
[2024-06-04T23:57:47.256+0000] {logging_mixin.py:188} INFO - [2024-06-04T23:57:47.255+0000] {dag.py:3096} INFO - Sync 1 DAGs
[2024-06-04T23:57:47.284+0000] {logging_mixin.py:188} INFO - [2024-06-04T23:57:47.284+0000] {dag.py:3954} INFO - Setting next_dagrun for example_params_ui_tutorial to None, run_after=None
[2024-06-04T23:57:47.334+0000] {processor.py:183} INFO - Processing /home/airflow/.local/lib/python3.12/site-packages/airflow/example_dags/example_params_ui_tutorial.py took 0.343 seconds
[2024-06-04T23:58:18.273+0000] {processor.py:161} INFO - Started process (PID=176836) to work on /home/airflow/.local/lib/python3.12/site-packages/airflow/example_dags/example_params_ui_tutorial.py
[2024-06-04T23:58:18.275+0000] {processor.py:830} INFO - Processing file /home/airflow/.local/lib/python3.12/site-packages/airflow/example_dags/example_params_ui_tutorial.py for tasks to queue
[2024-06-04T23:58:18.280+0000] {logging_mixin.py:188} INFO - [2024-06-04T23:58:18.279+0000] {dagbag.py:545} INFO - Filling up the DagBag from /home/airflow/.local/lib/python3.12/site-packages/airflow/example_dags/example_params_ui_tutorial.py
[2024-06-04T23:58:18.311+0000] {processor.py:840} INFO - DAG(s) 'example_params_ui_tutorial' retrieved from /home/airflow/.local/lib/python3.12/site-packages/airflow/example_dags/example_params_ui_tutorial.py
[2024-06-04T23:58:18.476+0000] {logging_mixin.py:188} INFO - [2024-06-04T23:58:18.476+0000] {dag.py:3096} INFO - Sync 1 DAGs
[2024-06-04T23:58:18.512+0000] {logging_mixin.py:188} INFO - [2024-06-04T23:58:18.511+0000] {dag.py:3954} INFO - Setting next_dagrun for example_params_ui_tutorial to None, run_after=None
[2024-06-04T23:58:18.589+0000] {processor.py:183} INFO - Processing /home/airflow/.local/lib/python3.12/site-packages/airflow/example_dags/example_params_ui_tutorial.py took 0.333 seconds
[2024-06-04T23:58:49.160+0000] {processor.py:161} INFO - Started process (PID=177097) to work on /home/airflow/.local/lib/python3.12/site-packages/airflow/example_dags/example_params_ui_tutorial.py
[2024-06-04T23:58:49.162+0000] {processor.py:830} INFO - Processing file /home/airflow/.local/lib/python3.12/site-packages/airflow/example_dags/example_params_ui_tutorial.py for tasks to queue
[2024-06-04T23:58:49.166+0000] {logging_mixin.py:188} INFO - [2024-06-04T23:58:49.165+0000] {dagbag.py:545} INFO - Filling up the DagBag from /home/airflow/.local/lib/python3.12/site-packages/airflow/example_dags/example_params_ui_tutorial.py
[2024-06-04T23:58:49.195+0000] {processor.py:840} INFO - DAG(s) 'example_params_ui_tutorial' retrieved from /home/airflow/.local/lib/python3.12/site-packages/airflow/example_dags/example_params_ui_tutorial.py
[2024-06-04T23:58:49.359+0000] {logging_mixin.py:188} INFO - [2024-06-04T23:58:49.359+0000] {dag.py:3096} INFO - Sync 1 DAGs
[2024-06-04T23:58:49.406+0000] {logging_mixin.py:188} INFO - [2024-06-04T23:58:49.405+0000] {dag.py:3954} INFO - Setting next_dagrun for example_params_ui_tutorial to None, run_after=None
[2024-06-04T23:58:49.545+0000] {processor.py:183} INFO - Processing /home/airflow/.local/lib/python3.12/site-packages/airflow/example_dags/example_params_ui_tutorial.py took 0.416 seconds
[2024-06-04T23:59:20.126+0000] {processor.py:161} INFO - Started process (PID=177358) to work on /home/airflow/.local/lib/python3.12/site-packages/airflow/example_dags/example_params_ui_tutorial.py
[2024-06-04T23:59:20.128+0000] {processor.py:830} INFO - Processing file /home/airflow/.local/lib/python3.12/site-packages/airflow/example_dags/example_params_ui_tutorial.py for tasks to queue
[2024-06-04T23:59:20.132+0000] {logging_mixin.py:188} INFO - [2024-06-04T23:59:20.131+0000] {dagbag.py:545} INFO - Filling up the DagBag from /home/airflow/.local/lib/python3.12/site-packages/airflow/example_dags/example_params_ui_tutorial.py
[2024-06-04T23:59:20.163+0000] {processor.py:840} INFO - DAG(s) 'example_params_ui_tutorial' retrieved from /home/airflow/.local/lib/python3.12/site-packages/airflow/example_dags/example_params_ui_tutorial.py
[2024-06-04T23:59:20.413+0000] {logging_mixin.py:188} INFO - [2024-06-04T23:59:20.412+0000] {dag.py:3096} INFO - Sync 1 DAGs
[2024-06-04T23:59:20.450+0000] {logging_mixin.py:188} INFO - [2024-06-04T23:59:20.450+0000] {dag.py:3954} INFO - Setting next_dagrun for example_params_ui_tutorial to None, run_after=None
[2024-06-04T23:59:20.506+0000] {processor.py:183} INFO - Processing /home/airflow/.local/lib/python3.12/site-packages/airflow/example_dags/example_params_ui_tutorial.py took 0.394 seconds
[2024-06-04T23:59:50.592+0000] {processor.py:161} INFO - Started process (PID=177620) to work on /home/airflow/.local/lib/python3.12/site-packages/airflow/example_dags/example_params_ui_tutorial.py
[2024-06-04T23:59:50.594+0000] {processor.py:830} INFO - Processing file /home/airflow/.local/lib/python3.12/site-packages/airflow/example_dags/example_params_ui_tutorial.py for tasks to queue
[2024-06-04T23:59:50.598+0000] {logging_mixin.py:188} INFO - [2024-06-04T23:59:50.597+0000] {dagbag.py:545} INFO - Filling up the DagBag from /home/airflow/.local/lib/python3.12/site-packages/airflow/example_dags/example_params_ui_tutorial.py
[2024-06-04T23:59:50.624+0000] {processor.py:840} INFO - DAG(s) 'example_params_ui_tutorial' retrieved from /home/airflow/.local/lib/python3.12/site-packages/airflow/example_dags/example_params_ui_tutorial.py
[2024-06-04T23:59:50.791+0000] {logging_mixin.py:188} INFO - [2024-06-04T23:59:50.790+0000] {dag.py:3096} INFO - Sync 1 DAGs
[2024-06-04T23:59:50.833+0000] {logging_mixin.py:188} INFO - [2024-06-04T23:59:50.832+0000] {dag.py:3954} INFO - Setting next_dagrun for example_params_ui_tutorial to None, run_after=None
[2024-06-04T23:59:51.170+0000] {processor.py:183} INFO - Processing /home/airflow/.local/lib/python3.12/site-packages/airflow/example_dags/example_params_ui_tutorial.py took 0.593 seconds
