[2024-06-04T23:44:00.828+0000] {processor.py:161} INFO - Started process (PID=169562) to work on /home/airflow/.local/lib/python3.12/site-packages/airflow/example_dags/example_xcomargs.py
[2024-06-04T23:44:00.830+0000] {processor.py:830} INFO - Processing file /home/airflow/.local/lib/python3.12/site-packages/airflow/example_dags/example_xcomargs.py for tasks to queue
[2024-06-04T23:44:00.833+0000] {logging_mixin.py:188} INFO - [2024-06-04T23:44:00.833+0000] {dagbag.py:545} INFO - Filling up the DagBag from /home/airflow/.local/lib/python3.12/site-packages/airflow/example_dags/example_xcomargs.py
[2024-06-04T23:44:00.927+0000] {processor.py:840} INFO - DAG(s) 'example_xcom_args_with_operators', 'example_xcom_args' retrieved from /home/airflow/.local/lib/python3.12/site-packages/airflow/example_dags/example_xcomargs.py
[2024-06-04T23:44:01.158+0000] {logging_mixin.py:188} INFO - [2024-06-04T23:44:01.158+0000] {dag.py:3096} INFO - Sync 2 DAGs
[2024-06-04T23:44:01.224+0000] {logging_mixin.py:188} INFO - [2024-06-04T23:44:01.224+0000] {dag.py:3954} INFO - Setting next_dagrun for example_xcom_args to None, run_after=None
[2024-06-04T23:44:01.235+0000] {logging_mixin.py:188} INFO - [2024-06-04T23:44:01.234+0000] {dag.py:3954} INFO - Setting next_dagrun for example_xcom_args_with_operators to None, run_after=None
[2024-06-04T23:44:01.357+0000] {processor.py:183} INFO - Processing /home/airflow/.local/lib/python3.12/site-packages/airflow/example_dags/example_xcomargs.py took 0.568 seconds
[2024-06-04T23:44:31.481+0000] {processor.py:161} INFO - Started process (PID=169823) to work on /home/airflow/.local/lib/python3.12/site-packages/airflow/example_dags/example_xcomargs.py
[2024-06-04T23:44:31.491+0000] {processor.py:830} INFO - Processing file /home/airflow/.local/lib/python3.12/site-packages/airflow/example_dags/example_xcomargs.py for tasks to queue
[2024-06-04T23:44:31.512+0000] {logging_mixin.py:188} INFO - [2024-06-04T23:44:31.501+0000] {dagbag.py:545} INFO - Filling up the DagBag from /home/airflow/.local/lib/python3.12/site-packages/airflow/example_dags/example_xcomargs.py
[2024-06-04T23:44:31.551+0000] {processor.py:840} INFO - DAG(s) 'example_xcom_args', 'example_xcom_args_with_operators' retrieved from /home/airflow/.local/lib/python3.12/site-packages/airflow/example_dags/example_xcomargs.py
[2024-06-04T23:44:31.668+0000] {logging_mixin.py:188} INFO - [2024-06-04T23:44:31.668+0000] {dag.py:3096} INFO - Sync 2 DAGs
[2024-06-04T23:44:31.725+0000] {logging_mixin.py:188} INFO - [2024-06-04T23:44:31.724+0000] {dag.py:3954} INFO - Setting next_dagrun for example_xcom_args to None, run_after=None
[2024-06-04T23:44:31.747+0000] {logging_mixin.py:188} INFO - [2024-06-04T23:44:31.746+0000] {dag.py:3954} INFO - Setting next_dagrun for example_xcom_args_with_operators to None, run_after=None
[2024-06-04T23:44:31.839+0000] {processor.py:183} INFO - Processing /home/airflow/.local/lib/python3.12/site-packages/airflow/example_dags/example_xcomargs.py took 0.371 seconds
[2024-06-04T23:45:02.635+0000] {processor.py:161} INFO - Started process (PID=170086) to work on /home/airflow/.local/lib/python3.12/site-packages/airflow/example_dags/example_xcomargs.py
[2024-06-04T23:45:02.637+0000] {processor.py:830} INFO - Processing file /home/airflow/.local/lib/python3.12/site-packages/airflow/example_dags/example_xcomargs.py for tasks to queue
[2024-06-04T23:45:02.641+0000] {logging_mixin.py:188} INFO - [2024-06-04T23:45:02.640+0000] {dagbag.py:545} INFO - Filling up the DagBag from /home/airflow/.local/lib/python3.12/site-packages/airflow/example_dags/example_xcomargs.py
[2024-06-04T23:45:02.664+0000] {processor.py:840} INFO - DAG(s) 'example_xcom_args_with_operators', 'example_xcom_args' retrieved from /home/airflow/.local/lib/python3.12/site-packages/airflow/example_dags/example_xcomargs.py
[2024-06-04T23:45:02.731+0000] {logging_mixin.py:188} INFO - [2024-06-04T23:45:02.730+0000] {dag.py:3096} INFO - Sync 2 DAGs
[2024-06-04T23:45:02.766+0000] {logging_mixin.py:188} INFO - [2024-06-04T23:45:02.766+0000] {dag.py:3954} INFO - Setting next_dagrun for example_xcom_args to None, run_after=None
[2024-06-04T23:45:02.777+0000] {logging_mixin.py:188} INFO - [2024-06-04T23:45:02.776+0000] {dag.py:3954} INFO - Setting next_dagrun for example_xcom_args_with_operators to None, run_after=None
[2024-06-04T23:45:02.848+0000] {processor.py:183} INFO - Processing /home/airflow/.local/lib/python3.12/site-packages/airflow/example_dags/example_xcomargs.py took 0.232 seconds
[2024-06-04T23:45:33.742+0000] {processor.py:161} INFO - Started process (PID=170347) to work on /home/airflow/.local/lib/python3.12/site-packages/airflow/example_dags/example_xcomargs.py
[2024-06-04T23:45:33.756+0000] {processor.py:830} INFO - Processing file /home/airflow/.local/lib/python3.12/site-packages/airflow/example_dags/example_xcomargs.py for tasks to queue
[2024-06-04T23:45:33.759+0000] {logging_mixin.py:188} INFO - [2024-06-04T23:45:33.758+0000] {dagbag.py:545} INFO - Filling up the DagBag from /home/airflow/.local/lib/python3.12/site-packages/airflow/example_dags/example_xcomargs.py
[2024-06-04T23:45:33.803+0000] {processor.py:840} INFO - DAG(s) 'example_xcom_args_with_operators', 'example_xcom_args' retrieved from /home/airflow/.local/lib/python3.12/site-packages/airflow/example_dags/example_xcomargs.py
[2024-06-04T23:45:33.928+0000] {logging_mixin.py:188} INFO - [2024-06-04T23:45:33.927+0000] {dag.py:3096} INFO - Sync 2 DAGs
[2024-06-04T23:45:34.006+0000] {logging_mixin.py:188} INFO - [2024-06-04T23:45:34.005+0000] {dag.py:3954} INFO - Setting next_dagrun for example_xcom_args to None, run_after=None
[2024-06-04T23:45:34.030+0000] {logging_mixin.py:188} INFO - [2024-06-04T23:45:34.030+0000] {dag.py:3954} INFO - Setting next_dagrun for example_xcom_args_with_operators to None, run_after=None
[2024-06-04T23:45:34.195+0000] {processor.py:183} INFO - Processing /home/airflow/.local/lib/python3.12/site-packages/airflow/example_dags/example_xcomargs.py took 0.478 seconds
[2024-06-04T23:46:06.270+0000] {processor.py:161} INFO - Started process (PID=170610) to work on /home/airflow/.local/lib/python3.12/site-packages/airflow/example_dags/example_xcomargs.py
[2024-06-04T23:46:06.290+0000] {processor.py:830} INFO - Processing file /home/airflow/.local/lib/python3.12/site-packages/airflow/example_dags/example_xcomargs.py for tasks to queue
[2024-06-04T23:46:06.307+0000] {logging_mixin.py:188} INFO - [2024-06-04T23:46:06.307+0000] {dagbag.py:545} INFO - Filling up the DagBag from /home/airflow/.local/lib/python3.12/site-packages/airflow/example_dags/example_xcomargs.py
[2024-06-04T23:46:06.367+0000] {processor.py:840} INFO - DAG(s) 'example_xcom_args', 'example_xcom_args_with_operators' retrieved from /home/airflow/.local/lib/python3.12/site-packages/airflow/example_dags/example_xcomargs.py
[2024-06-04T23:46:06.464+0000] {logging_mixin.py:188} INFO - [2024-06-04T23:46:06.463+0000] {dag.py:3096} INFO - Sync 2 DAGs
[2024-06-04T23:46:06.561+0000] {logging_mixin.py:188} INFO - [2024-06-04T23:46:06.560+0000] {dag.py:3954} INFO - Setting next_dagrun for example_xcom_args to None, run_after=None
[2024-06-04T23:46:06.595+0000] {logging_mixin.py:188} INFO - [2024-06-04T23:46:06.591+0000] {dag.py:3954} INFO - Setting next_dagrun for example_xcom_args_with_operators to None, run_after=None
[2024-06-04T23:46:06.723+0000] {processor.py:183} INFO - Processing /home/airflow/.local/lib/python3.12/site-packages/airflow/example_dags/example_xcomargs.py took 0.501 seconds
[2024-06-04T23:46:37.051+0000] {processor.py:161} INFO - Started process (PID=170869) to work on /home/airflow/.local/lib/python3.12/site-packages/airflow/example_dags/example_xcomargs.py
[2024-06-04T23:46:37.061+0000] {processor.py:830} INFO - Processing file /home/airflow/.local/lib/python3.12/site-packages/airflow/example_dags/example_xcomargs.py for tasks to queue
[2024-06-04T23:46:37.064+0000] {logging_mixin.py:188} INFO - [2024-06-04T23:46:37.064+0000] {dagbag.py:545} INFO - Filling up the DagBag from /home/airflow/.local/lib/python3.12/site-packages/airflow/example_dags/example_xcomargs.py
[2024-06-04T23:46:37.105+0000] {processor.py:840} INFO - DAG(s) 'example_xcom_args_with_operators', 'example_xcom_args' retrieved from /home/airflow/.local/lib/python3.12/site-packages/airflow/example_dags/example_xcomargs.py
[2024-06-04T23:46:37.254+0000] {logging_mixin.py:188} INFO - [2024-06-04T23:46:37.254+0000] {dag.py:3096} INFO - Sync 2 DAGs
[2024-06-04T23:46:37.320+0000] {logging_mixin.py:188} INFO - [2024-06-04T23:46:37.319+0000] {dag.py:3954} INFO - Setting next_dagrun for example_xcom_args to None, run_after=None
[2024-06-04T23:46:37.342+0000] {logging_mixin.py:188} INFO - [2024-06-04T23:46:37.342+0000] {dag.py:3954} INFO - Setting next_dagrun for example_xcom_args_with_operators to None, run_after=None
[2024-06-04T23:46:37.408+0000] {processor.py:183} INFO - Processing /home/airflow/.local/lib/python3.12/site-packages/airflow/example_dags/example_xcomargs.py took 0.390 seconds
[2024-06-04T23:47:07.539+0000] {processor.py:161} INFO - Started process (PID=171130) to work on /home/airflow/.local/lib/python3.12/site-packages/airflow/example_dags/example_xcomargs.py
[2024-06-04T23:47:07.541+0000] {processor.py:830} INFO - Processing file /home/airflow/.local/lib/python3.12/site-packages/airflow/example_dags/example_xcomargs.py for tasks to queue
[2024-06-04T23:47:07.544+0000] {logging_mixin.py:188} INFO - [2024-06-04T23:47:07.543+0000] {dagbag.py:545} INFO - Filling up the DagBag from /home/airflow/.local/lib/python3.12/site-packages/airflow/example_dags/example_xcomargs.py
[2024-06-04T23:47:07.561+0000] {processor.py:840} INFO - DAG(s) 'example_xcom_args_with_operators', 'example_xcom_args' retrieved from /home/airflow/.local/lib/python3.12/site-packages/airflow/example_dags/example_xcomargs.py
[2024-06-04T23:47:07.610+0000] {logging_mixin.py:188} INFO - [2024-06-04T23:47:07.609+0000] {dag.py:3096} INFO - Sync 2 DAGs
[2024-06-04T23:47:07.639+0000] {logging_mixin.py:188} INFO - [2024-06-04T23:47:07.639+0000] {dag.py:3954} INFO - Setting next_dagrun for example_xcom_args to None, run_after=None
[2024-06-04T23:47:07.648+0000] {logging_mixin.py:188} INFO - [2024-06-04T23:47:07.647+0000] {dag.py:3954} INFO - Setting next_dagrun for example_xcom_args_with_operators to None, run_after=None
[2024-06-04T23:47:07.686+0000] {processor.py:183} INFO - Processing /home/airflow/.local/lib/python3.12/site-packages/airflow/example_dags/example_xcomargs.py took 0.159 seconds
[2024-06-04T23:47:37.773+0000] {processor.py:161} INFO - Started process (PID=171389) to work on /home/airflow/.local/lib/python3.12/site-packages/airflow/example_dags/example_xcomargs.py
[2024-06-04T23:47:37.776+0000] {processor.py:830} INFO - Processing file /home/airflow/.local/lib/python3.12/site-packages/airflow/example_dags/example_xcomargs.py for tasks to queue
[2024-06-04T23:47:37.779+0000] {logging_mixin.py:188} INFO - [2024-06-04T23:47:37.778+0000] {dagbag.py:545} INFO - Filling up the DagBag from /home/airflow/.local/lib/python3.12/site-packages/airflow/example_dags/example_xcomargs.py
[2024-06-04T23:47:37.799+0000] {processor.py:840} INFO - DAG(s) 'example_xcom_args', 'example_xcom_args_with_operators' retrieved from /home/airflow/.local/lib/python3.12/site-packages/airflow/example_dags/example_xcomargs.py
[2024-06-04T23:47:37.858+0000] {logging_mixin.py:188} INFO - [2024-06-04T23:47:37.858+0000] {dag.py:3096} INFO - Sync 2 DAGs
[2024-06-04T23:47:37.893+0000] {logging_mixin.py:188} INFO - [2024-06-04T23:47:37.892+0000] {dag.py:3954} INFO - Setting next_dagrun for example_xcom_args to None, run_after=None
[2024-06-04T23:47:37.904+0000] {logging_mixin.py:188} INFO - [2024-06-04T23:47:37.903+0000] {dag.py:3954} INFO - Setting next_dagrun for example_xcom_args_with_operators to None, run_after=None
[2024-06-04T23:47:38.023+0000] {processor.py:183} INFO - Processing /home/airflow/.local/lib/python3.12/site-packages/airflow/example_dags/example_xcomargs.py took 0.265 seconds
[2024-06-04T23:48:08.943+0000] {processor.py:161} INFO - Started process (PID=171651) to work on /home/airflow/.local/lib/python3.12/site-packages/airflow/example_dags/example_xcomargs.py
[2024-06-04T23:48:08.944+0000] {processor.py:830} INFO - Processing file /home/airflow/.local/lib/python3.12/site-packages/airflow/example_dags/example_xcomargs.py for tasks to queue
[2024-06-04T23:48:08.948+0000] {logging_mixin.py:188} INFO - [2024-06-04T23:48:08.947+0000] {dagbag.py:545} INFO - Filling up the DagBag from /home/airflow/.local/lib/python3.12/site-packages/airflow/example_dags/example_xcomargs.py
[2024-06-04T23:48:08.969+0000] {processor.py:840} INFO - DAG(s) 'example_xcom_args_with_operators', 'example_xcom_args' retrieved from /home/airflow/.local/lib/python3.12/site-packages/airflow/example_dags/example_xcomargs.py
[2024-06-04T23:48:09.032+0000] {logging_mixin.py:188} INFO - [2024-06-04T23:48:09.032+0000] {dag.py:3096} INFO - Sync 2 DAGs
[2024-06-04T23:48:09.068+0000] {logging_mixin.py:188} INFO - [2024-06-04T23:48:09.068+0000] {dag.py:3954} INFO - Setting next_dagrun for example_xcom_args to None, run_after=None
[2024-06-04T23:48:09.087+0000] {logging_mixin.py:188} INFO - [2024-06-04T23:48:09.086+0000] {dag.py:3954} INFO - Setting next_dagrun for example_xcom_args_with_operators to None, run_after=None
[2024-06-04T23:48:09.137+0000] {processor.py:183} INFO - Processing /home/airflow/.local/lib/python3.12/site-packages/airflow/example_dags/example_xcomargs.py took 0.208 seconds
[2024-06-04T23:48:39.772+0000] {processor.py:161} INFO - Started process (PID=171913) to work on /home/airflow/.local/lib/python3.12/site-packages/airflow/example_dags/example_xcomargs.py
[2024-06-04T23:48:39.773+0000] {processor.py:830} INFO - Processing file /home/airflow/.local/lib/python3.12/site-packages/airflow/example_dags/example_xcomargs.py for tasks to queue
[2024-06-04T23:48:39.777+0000] {logging_mixin.py:188} INFO - [2024-06-04T23:48:39.776+0000] {dagbag.py:545} INFO - Filling up the DagBag from /home/airflow/.local/lib/python3.12/site-packages/airflow/example_dags/example_xcomargs.py
[2024-06-04T23:48:39.798+0000] {processor.py:840} INFO - DAG(s) 'example_xcom_args_with_operators', 'example_xcom_args' retrieved from /home/airflow/.local/lib/python3.12/site-packages/airflow/example_dags/example_xcomargs.py
[2024-06-04T23:48:39.859+0000] {logging_mixin.py:188} INFO - [2024-06-04T23:48:39.859+0000] {dag.py:3096} INFO - Sync 2 DAGs
[2024-06-04T23:48:39.893+0000] {logging_mixin.py:188} INFO - [2024-06-04T23:48:39.893+0000] {dag.py:3954} INFO - Setting next_dagrun for example_xcom_args to None, run_after=None
[2024-06-04T23:48:39.903+0000] {logging_mixin.py:188} INFO - [2024-06-04T23:48:39.902+0000] {dag.py:3954} INFO - Setting next_dagrun for example_xcom_args_with_operators to None, run_after=None
[2024-06-04T23:48:39.954+0000] {processor.py:183} INFO - Processing /home/airflow/.local/lib/python3.12/site-packages/airflow/example_dags/example_xcomargs.py took 0.197 seconds
[2024-06-04T23:49:10.699+0000] {processor.py:161} INFO - Started process (PID=172174) to work on /home/airflow/.local/lib/python3.12/site-packages/airflow/example_dags/example_xcomargs.py
[2024-06-04T23:49:10.702+0000] {processor.py:830} INFO - Processing file /home/airflow/.local/lib/python3.12/site-packages/airflow/example_dags/example_xcomargs.py for tasks to queue
[2024-06-04T23:49:10.708+0000] {logging_mixin.py:188} INFO - [2024-06-04T23:49:10.707+0000] {dagbag.py:545} INFO - Filling up the DagBag from /home/airflow/.local/lib/python3.12/site-packages/airflow/example_dags/example_xcomargs.py
[2024-06-04T23:49:10.753+0000] {processor.py:840} INFO - DAG(s) 'example_xcom_args', 'example_xcom_args_with_operators' retrieved from /home/airflow/.local/lib/python3.12/site-packages/airflow/example_dags/example_xcomargs.py
[2024-06-04T23:49:10.868+0000] {logging_mixin.py:188} INFO - [2024-06-04T23:49:10.868+0000] {dag.py:3096} INFO - Sync 2 DAGs
[2024-06-04T23:49:10.933+0000] {logging_mixin.py:188} INFO - [2024-06-04T23:49:10.933+0000] {dag.py:3954} INFO - Setting next_dagrun for example_xcom_args to None, run_after=None
[2024-06-04T23:49:10.959+0000] {logging_mixin.py:188} INFO - [2024-06-04T23:49:10.958+0000] {dag.py:3954} INFO - Setting next_dagrun for example_xcom_args_with_operators to None, run_after=None
[2024-06-04T23:49:11.022+0000] {processor.py:183} INFO - Processing /home/airflow/.local/lib/python3.12/site-packages/airflow/example_dags/example_xcomargs.py took 0.355 seconds
[2024-06-04T23:49:41.288+0000] {processor.py:161} INFO - Started process (PID=172438) to work on /home/airflow/.local/lib/python3.12/site-packages/airflow/example_dags/example_xcomargs.py
[2024-06-04T23:49:41.290+0000] {processor.py:830} INFO - Processing file /home/airflow/.local/lib/python3.12/site-packages/airflow/example_dags/example_xcomargs.py for tasks to queue
[2024-06-04T23:49:41.293+0000] {logging_mixin.py:188} INFO - [2024-06-04T23:49:41.293+0000] {dagbag.py:545} INFO - Filling up the DagBag from /home/airflow/.local/lib/python3.12/site-packages/airflow/example_dags/example_xcomargs.py
[2024-06-04T23:49:41.311+0000] {processor.py:840} INFO - DAG(s) 'example_xcom_args_with_operators', 'example_xcom_args' retrieved from /home/airflow/.local/lib/python3.12/site-packages/airflow/example_dags/example_xcomargs.py
[2024-06-04T23:49:41.367+0000] {logging_mixin.py:188} INFO - [2024-06-04T23:49:41.366+0000] {dag.py:3096} INFO - Sync 2 DAGs
[2024-06-04T23:49:41.399+0000] {logging_mixin.py:188} INFO - [2024-06-04T23:49:41.399+0000] {dag.py:3954} INFO - Setting next_dagrun for example_xcom_args to None, run_after=None
[2024-06-04T23:49:41.408+0000] {logging_mixin.py:188} INFO - [2024-06-04T23:49:41.408+0000] {dag.py:3954} INFO - Setting next_dagrun for example_xcom_args_with_operators to None, run_after=None
[2024-06-04T23:49:41.446+0000] {processor.py:183} INFO - Processing /home/airflow/.local/lib/python3.12/site-packages/airflow/example_dags/example_xcomargs.py took 0.170 seconds
[2024-06-04T23:50:11.908+0000] {processor.py:161} INFO - Started process (PID=172698) to work on /home/airflow/.local/lib/python3.12/site-packages/airflow/example_dags/example_xcomargs.py
[2024-06-04T23:50:11.909+0000] {processor.py:830} INFO - Processing file /home/airflow/.local/lib/python3.12/site-packages/airflow/example_dags/example_xcomargs.py for tasks to queue
[2024-06-04T23:50:11.921+0000] {logging_mixin.py:188} INFO - [2024-06-04T23:50:11.920+0000] {dagbag.py:545} INFO - Filling up the DagBag from /home/airflow/.local/lib/python3.12/site-packages/airflow/example_dags/example_xcomargs.py
[2024-06-04T23:50:11.988+0000] {processor.py:840} INFO - DAG(s) 'example_xcom_args', 'example_xcom_args_with_operators' retrieved from /home/airflow/.local/lib/python3.12/site-packages/airflow/example_dags/example_xcomargs.py
[2024-06-04T23:50:12.084+0000] {logging_mixin.py:188} INFO - [2024-06-04T23:50:12.083+0000] {dag.py:3096} INFO - Sync 2 DAGs
[2024-06-04T23:50:12.129+0000] {logging_mixin.py:188} INFO - [2024-06-04T23:50:12.128+0000] {dag.py:3954} INFO - Setting next_dagrun for example_xcom_args to None, run_after=None
[2024-06-04T23:50:12.143+0000] {logging_mixin.py:188} INFO - [2024-06-04T23:50:12.143+0000] {dag.py:3954} INFO - Setting next_dagrun for example_xcom_args_with_operators to None, run_after=None
[2024-06-04T23:50:12.188+0000] {processor.py:183} INFO - Processing /home/airflow/.local/lib/python3.12/site-packages/airflow/example_dags/example_xcomargs.py took 0.311 seconds
[2024-06-04T23:50:42.502+0000] {processor.py:161} INFO - Started process (PID=172960) to work on /home/airflow/.local/lib/python3.12/site-packages/airflow/example_dags/example_xcomargs.py
[2024-06-04T23:50:42.505+0000] {processor.py:830} INFO - Processing file /home/airflow/.local/lib/python3.12/site-packages/airflow/example_dags/example_xcomargs.py for tasks to queue
[2024-06-04T23:50:42.511+0000] {logging_mixin.py:188} INFO - [2024-06-04T23:50:42.511+0000] {dagbag.py:545} INFO - Filling up the DagBag from /home/airflow/.local/lib/python3.12/site-packages/airflow/example_dags/example_xcomargs.py
[2024-06-04T23:50:42.550+0000] {processor.py:840} INFO - DAG(s) 'example_xcom_args_with_operators', 'example_xcom_args' retrieved from /home/airflow/.local/lib/python3.12/site-packages/airflow/example_dags/example_xcomargs.py
[2024-06-04T23:50:42.670+0000] {logging_mixin.py:188} INFO - [2024-06-04T23:50:42.670+0000] {dag.py:3096} INFO - Sync 2 DAGs
[2024-06-04T23:50:42.738+0000] {logging_mixin.py:188} INFO - [2024-06-04T23:50:42.737+0000] {dag.py:3954} INFO - Setting next_dagrun for example_xcom_args to None, run_after=None
[2024-06-04T23:50:42.752+0000] {logging_mixin.py:188} INFO - [2024-06-04T23:50:42.751+0000] {dag.py:3954} INFO - Setting next_dagrun for example_xcom_args_with_operators to None, run_after=None
[2024-06-04T23:50:42.791+0000] {processor.py:183} INFO - Processing /home/airflow/.local/lib/python3.12/site-packages/airflow/example_dags/example_xcomargs.py took 0.313 seconds
[2024-06-04T23:51:13.495+0000] {processor.py:161} INFO - Started process (PID=173221) to work on /home/airflow/.local/lib/python3.12/site-packages/airflow/example_dags/example_xcomargs.py
[2024-06-04T23:51:13.506+0000] {processor.py:830} INFO - Processing file /home/airflow/.local/lib/python3.12/site-packages/airflow/example_dags/example_xcomargs.py for tasks to queue
[2024-06-04T23:51:13.523+0000] {logging_mixin.py:188} INFO - [2024-06-04T23:51:13.522+0000] {dagbag.py:545} INFO - Filling up the DagBag from /home/airflow/.local/lib/python3.12/site-packages/airflow/example_dags/example_xcomargs.py
[2024-06-04T23:51:13.569+0000] {processor.py:840} INFO - DAG(s) 'example_xcom_args_with_operators', 'example_xcom_args' retrieved from /home/airflow/.local/lib/python3.12/site-packages/airflow/example_dags/example_xcomargs.py
[2024-06-04T23:51:13.624+0000] {logging_mixin.py:188} INFO - [2024-06-04T23:51:13.624+0000] {dag.py:3096} INFO - Sync 2 DAGs
[2024-06-04T23:51:13.655+0000] {logging_mixin.py:188} INFO - [2024-06-04T23:51:13.654+0000] {dag.py:3954} INFO - Setting next_dagrun for example_xcom_args to None, run_after=None
[2024-06-04T23:51:13.664+0000] {logging_mixin.py:188} INFO - [2024-06-04T23:51:13.663+0000] {dag.py:3954} INFO - Setting next_dagrun for example_xcom_args_with_operators to None, run_after=None
[2024-06-04T23:51:13.702+0000] {processor.py:183} INFO - Processing /home/airflow/.local/lib/python3.12/site-packages/airflow/example_dags/example_xcomargs.py took 0.235 seconds
[2024-06-04T23:51:44.054+0000] {processor.py:161} INFO - Started process (PID=173479) to work on /home/airflow/.local/lib/python3.12/site-packages/airflow/example_dags/example_xcomargs.py
[2024-06-04T23:51:44.066+0000] {processor.py:830} INFO - Processing file /home/airflow/.local/lib/python3.12/site-packages/airflow/example_dags/example_xcomargs.py for tasks to queue
[2024-06-04T23:51:44.070+0000] {logging_mixin.py:188} INFO - [2024-06-04T23:51:44.069+0000] {dagbag.py:545} INFO - Filling up the DagBag from /home/airflow/.local/lib/python3.12/site-packages/airflow/example_dags/example_xcomargs.py
[2024-06-04T23:51:44.091+0000] {processor.py:840} INFO - DAG(s) 'example_xcom_args', 'example_xcom_args_with_operators' retrieved from /home/airflow/.local/lib/python3.12/site-packages/airflow/example_dags/example_xcomargs.py
[2024-06-04T23:51:44.151+0000] {logging_mixin.py:188} INFO - [2024-06-04T23:51:44.150+0000] {dag.py:3096} INFO - Sync 2 DAGs
[2024-06-04T23:51:44.187+0000] {logging_mixin.py:188} INFO - [2024-06-04T23:51:44.187+0000] {dag.py:3954} INFO - Setting next_dagrun for example_xcom_args to None, run_after=None
[2024-06-04T23:51:44.198+0000] {logging_mixin.py:188} INFO - [2024-06-04T23:51:44.197+0000] {dag.py:3954} INFO - Setting next_dagrun for example_xcom_args_with_operators to None, run_after=None
[2024-06-04T23:51:44.262+0000] {processor.py:183} INFO - Processing /home/airflow/.local/lib/python3.12/site-packages/airflow/example_dags/example_xcomargs.py took 0.222 seconds
[2024-06-04T23:52:15.243+0000] {processor.py:161} INFO - Started process (PID=173739) to work on /home/airflow/.local/lib/python3.12/site-packages/airflow/example_dags/example_xcomargs.py
[2024-06-04T23:52:15.245+0000] {processor.py:830} INFO - Processing file /home/airflow/.local/lib/python3.12/site-packages/airflow/example_dags/example_xcomargs.py for tasks to queue
[2024-06-04T23:52:15.260+0000] {logging_mixin.py:188} INFO - [2024-06-04T23:52:15.259+0000] {dagbag.py:545} INFO - Filling up the DagBag from /home/airflow/.local/lib/python3.12/site-packages/airflow/example_dags/example_xcomargs.py
[2024-06-04T23:52:15.308+0000] {processor.py:840} INFO - DAG(s) 'example_xcom_args_with_operators', 'example_xcom_args' retrieved from /home/airflow/.local/lib/python3.12/site-packages/airflow/example_dags/example_xcomargs.py
[2024-06-04T23:52:15.391+0000] {logging_mixin.py:188} INFO - [2024-06-04T23:52:15.390+0000] {dag.py:3096} INFO - Sync 2 DAGs
[2024-06-04T23:52:15.420+0000] {logging_mixin.py:188} INFO - [2024-06-04T23:52:15.419+0000] {dag.py:3954} INFO - Setting next_dagrun for example_xcom_args to None, run_after=None
[2024-06-04T23:52:15.428+0000] {logging_mixin.py:188} INFO - [2024-06-04T23:52:15.427+0000] {dag.py:3954} INFO - Setting next_dagrun for example_xcom_args_with_operators to None, run_after=None
[2024-06-04T23:52:15.481+0000] {processor.py:183} INFO - Processing /home/airflow/.local/lib/python3.12/site-packages/airflow/example_dags/example_xcomargs.py took 0.274 seconds
[2024-06-04T23:52:45.939+0000] {processor.py:161} INFO - Started process (PID=174002) to work on /home/airflow/.local/lib/python3.12/site-packages/airflow/example_dags/example_xcomargs.py
[2024-06-04T23:52:45.944+0000] {processor.py:830} INFO - Processing file /home/airflow/.local/lib/python3.12/site-packages/airflow/example_dags/example_xcomargs.py for tasks to queue
[2024-06-04T23:52:45.948+0000] {logging_mixin.py:188} INFO - [2024-06-04T23:52:45.947+0000] {dagbag.py:545} INFO - Filling up the DagBag from /home/airflow/.local/lib/python3.12/site-packages/airflow/example_dags/example_xcomargs.py
[2024-06-04T23:52:45.976+0000] {processor.py:840} INFO - DAG(s) 'example_xcom_args_with_operators', 'example_xcom_args' retrieved from /home/airflow/.local/lib/python3.12/site-packages/airflow/example_dags/example_xcomargs.py
[2024-06-04T23:52:46.031+0000] {logging_mixin.py:188} INFO - [2024-06-04T23:52:46.031+0000] {dag.py:3096} INFO - Sync 2 DAGs
[2024-06-04T23:52:46.065+0000] {logging_mixin.py:188} INFO - [2024-06-04T23:52:46.065+0000] {dag.py:3954} INFO - Setting next_dagrun for example_xcom_args to None, run_after=None
[2024-06-04T23:52:46.076+0000] {logging_mixin.py:188} INFO - [2024-06-04T23:52:46.075+0000] {dag.py:3954} INFO - Setting next_dagrun for example_xcom_args_with_operators to None, run_after=None
[2024-06-04T23:52:46.120+0000] {processor.py:183} INFO - Processing /home/airflow/.local/lib/python3.12/site-packages/airflow/example_dags/example_xcomargs.py took 0.214 seconds
[2024-06-04T23:53:16.271+0000] {processor.py:161} INFO - Started process (PID=174264) to work on /home/airflow/.local/lib/python3.12/site-packages/airflow/example_dags/example_xcomargs.py
[2024-06-04T23:53:16.273+0000] {processor.py:830} INFO - Processing file /home/airflow/.local/lib/python3.12/site-packages/airflow/example_dags/example_xcomargs.py for tasks to queue
[2024-06-04T23:53:16.277+0000] {logging_mixin.py:188} INFO - [2024-06-04T23:53:16.276+0000] {dagbag.py:545} INFO - Filling up the DagBag from /home/airflow/.local/lib/python3.12/site-packages/airflow/example_dags/example_xcomargs.py
[2024-06-04T23:53:16.298+0000] {processor.py:840} INFO - DAG(s) 'example_xcom_args', 'example_xcom_args_with_operators' retrieved from /home/airflow/.local/lib/python3.12/site-packages/airflow/example_dags/example_xcomargs.py
[2024-06-04T23:53:16.359+0000] {logging_mixin.py:188} INFO - [2024-06-04T23:53:16.358+0000] {dag.py:3096} INFO - Sync 2 DAGs
[2024-06-04T23:53:16.394+0000] {logging_mixin.py:188} INFO - [2024-06-04T23:53:16.394+0000] {dag.py:3954} INFO - Setting next_dagrun for example_xcom_args to None, run_after=None
[2024-06-04T23:53:16.405+0000] {logging_mixin.py:188} INFO - [2024-06-04T23:53:16.404+0000] {dag.py:3954} INFO - Setting next_dagrun for example_xcom_args_with_operators to None, run_after=None
[2024-06-04T23:53:16.461+0000] {processor.py:183} INFO - Processing /home/airflow/.local/lib/python3.12/site-packages/airflow/example_dags/example_xcomargs.py took 0.205 seconds
[2024-06-04T23:53:47.105+0000] {processor.py:161} INFO - Started process (PID=174527) to work on /home/airflow/.local/lib/python3.12/site-packages/airflow/example_dags/example_xcomargs.py
[2024-06-04T23:53:47.129+0000] {processor.py:830} INFO - Processing file /home/airflow/.local/lib/python3.12/site-packages/airflow/example_dags/example_xcomargs.py for tasks to queue
[2024-06-04T23:53:47.134+0000] {logging_mixin.py:188} INFO - [2024-06-04T23:53:47.132+0000] {dagbag.py:545} INFO - Filling up the DagBag from /home/airflow/.local/lib/python3.12/site-packages/airflow/example_dags/example_xcomargs.py
[2024-06-04T23:53:47.170+0000] {processor.py:840} INFO - DAG(s) 'example_xcom_args', 'example_xcom_args_with_operators' retrieved from /home/airflow/.local/lib/python3.12/site-packages/airflow/example_dags/example_xcomargs.py
[2024-06-04T23:53:47.309+0000] {logging_mixin.py:188} INFO - [2024-06-04T23:53:47.308+0000] {dag.py:3096} INFO - Sync 2 DAGs
[2024-06-04T23:53:47.386+0000] {logging_mixin.py:188} INFO - [2024-06-04T23:53:47.385+0000] {dag.py:3954} INFO - Setting next_dagrun for example_xcom_args to None, run_after=None
[2024-06-04T23:53:47.408+0000] {logging_mixin.py:188} INFO - [2024-06-04T23:53:47.408+0000] {dag.py:3954} INFO - Setting next_dagrun for example_xcom_args_with_operators to None, run_after=None
[2024-06-04T23:53:47.496+0000] {processor.py:183} INFO - Processing /home/airflow/.local/lib/python3.12/site-packages/airflow/example_dags/example_xcomargs.py took 0.410 seconds
[2024-06-04T23:54:18.226+0000] {processor.py:161} INFO - Started process (PID=174787) to work on /home/airflow/.local/lib/python3.12/site-packages/airflow/example_dags/example_xcomargs.py
[2024-06-04T23:54:18.240+0000] {processor.py:830} INFO - Processing file /home/airflow/.local/lib/python3.12/site-packages/airflow/example_dags/example_xcomargs.py for tasks to queue
[2024-06-04T23:54:18.243+0000] {logging_mixin.py:188} INFO - [2024-06-04T23:54:18.242+0000] {dagbag.py:545} INFO - Filling up the DagBag from /home/airflow/.local/lib/python3.12/site-packages/airflow/example_dags/example_xcomargs.py
[2024-06-04T23:54:18.321+0000] {processor.py:840} INFO - DAG(s) 'example_xcom_args_with_operators', 'example_xcom_args' retrieved from /home/airflow/.local/lib/python3.12/site-packages/airflow/example_dags/example_xcomargs.py
[2024-06-04T23:54:18.451+0000] {logging_mixin.py:188} INFO - [2024-06-04T23:54:18.450+0000] {dag.py:3096} INFO - Sync 2 DAGs
[2024-06-04T23:54:18.489+0000] {logging_mixin.py:188} INFO - [2024-06-04T23:54:18.488+0000] {dag.py:3954} INFO - Setting next_dagrun for example_xcom_args to None, run_after=None
[2024-06-04T23:54:18.499+0000] {logging_mixin.py:188} INFO - [2024-06-04T23:54:18.499+0000] {dag.py:3954} INFO - Setting next_dagrun for example_xcom_args_with_operators to None, run_after=None
[2024-06-04T23:54:18.543+0000] {processor.py:183} INFO - Processing /home/airflow/.local/lib/python3.12/site-packages/airflow/example_dags/example_xcomargs.py took 0.385 seconds
[2024-06-04T23:54:49.294+0000] {processor.py:161} INFO - Started process (PID=175049) to work on /home/airflow/.local/lib/python3.12/site-packages/airflow/example_dags/example_xcomargs.py
[2024-06-04T23:54:49.296+0000] {processor.py:830} INFO - Processing file /home/airflow/.local/lib/python3.12/site-packages/airflow/example_dags/example_xcomargs.py for tasks to queue
[2024-06-04T23:54:49.305+0000] {logging_mixin.py:188} INFO - [2024-06-04T23:54:49.301+0000] {dagbag.py:545} INFO - Filling up the DagBag from /home/airflow/.local/lib/python3.12/site-packages/airflow/example_dags/example_xcomargs.py
[2024-06-04T23:54:49.340+0000] {processor.py:840} INFO - DAG(s) 'example_xcom_args', 'example_xcom_args_with_operators' retrieved from /home/airflow/.local/lib/python3.12/site-packages/airflow/example_dags/example_xcomargs.py
[2024-06-04T23:54:49.404+0000] {logging_mixin.py:188} INFO - [2024-06-04T23:54:49.403+0000] {dag.py:3096} INFO - Sync 2 DAGs
[2024-06-04T23:54:49.450+0000] {logging_mixin.py:188} INFO - [2024-06-04T23:54:49.450+0000] {dag.py:3954} INFO - Setting next_dagrun for example_xcom_args to None, run_after=None
[2024-06-04T23:54:49.460+0000] {logging_mixin.py:188} INFO - [2024-06-04T23:54:49.460+0000] {dag.py:3954} INFO - Setting next_dagrun for example_xcom_args_with_operators to None, run_after=None
[2024-06-04T23:54:49.540+0000] {processor.py:183} INFO - Processing /home/airflow/.local/lib/python3.12/site-packages/airflow/example_dags/example_xcomargs.py took 0.284 seconds
[2024-06-04T23:55:20.348+0000] {processor.py:161} INFO - Started process (PID=175313) to work on /home/airflow/.local/lib/python3.12/site-packages/airflow/example_dags/example_xcomargs.py
[2024-06-04T23:55:20.350+0000] {processor.py:830} INFO - Processing file /home/airflow/.local/lib/python3.12/site-packages/airflow/example_dags/example_xcomargs.py for tasks to queue
[2024-06-04T23:55:20.356+0000] {logging_mixin.py:188} INFO - [2024-06-04T23:55:20.355+0000] {dagbag.py:545} INFO - Filling up the DagBag from /home/airflow/.local/lib/python3.12/site-packages/airflow/example_dags/example_xcomargs.py
[2024-06-04T23:55:20.393+0000] {processor.py:840} INFO - DAG(s) 'example_xcom_args', 'example_xcom_args_with_operators' retrieved from /home/airflow/.local/lib/python3.12/site-packages/airflow/example_dags/example_xcomargs.py
[2024-06-04T23:55:20.498+0000] {logging_mixin.py:188} INFO - [2024-06-04T23:55:20.497+0000] {dag.py:3096} INFO - Sync 2 DAGs
[2024-06-04T23:55:20.559+0000] {logging_mixin.py:188} INFO - [2024-06-04T23:55:20.559+0000] {dag.py:3954} INFO - Setting next_dagrun for example_xcom_args to None, run_after=None
[2024-06-04T23:55:20.571+0000] {logging_mixin.py:188} INFO - [2024-06-04T23:55:20.571+0000] {dag.py:3954} INFO - Setting next_dagrun for example_xcom_args_with_operators to None, run_after=None
[2024-06-04T23:55:20.644+0000] {processor.py:183} INFO - Processing /home/airflow/.local/lib/python3.12/site-packages/airflow/example_dags/example_xcomargs.py took 0.331 seconds
[2024-06-04T23:55:50.944+0000] {processor.py:161} INFO - Started process (PID=175577) to work on /home/airflow/.local/lib/python3.12/site-packages/airflow/example_dags/example_xcomargs.py
[2024-06-04T23:55:50.946+0000] {processor.py:830} INFO - Processing file /home/airflow/.local/lib/python3.12/site-packages/airflow/example_dags/example_xcomargs.py for tasks to queue
[2024-06-04T23:55:50.949+0000] {logging_mixin.py:188} INFO - [2024-06-04T23:55:50.948+0000] {dagbag.py:545} INFO - Filling up the DagBag from /home/airflow/.local/lib/python3.12/site-packages/airflow/example_dags/example_xcomargs.py
[2024-06-04T23:55:50.967+0000] {processor.py:840} INFO - DAG(s) 'example_xcom_args_with_operators', 'example_xcom_args' retrieved from /home/airflow/.local/lib/python3.12/site-packages/airflow/example_dags/example_xcomargs.py
[2024-06-04T23:55:51.075+0000] {logging_mixin.py:188} INFO - [2024-06-04T23:55:51.074+0000] {dag.py:3096} INFO - Sync 2 DAGs
[2024-06-04T23:55:51.112+0000] {logging_mixin.py:188} INFO - [2024-06-04T23:55:51.112+0000] {dag.py:3954} INFO - Setting next_dagrun for example_xcom_args to None, run_after=None
[2024-06-04T23:55:51.134+0000] {logging_mixin.py:188} INFO - [2024-06-04T23:55:51.133+0000] {dag.py:3954} INFO - Setting next_dagrun for example_xcom_args_with_operators to None, run_after=None
[2024-06-04T23:55:51.194+0000] {processor.py:183} INFO - Processing /home/airflow/.local/lib/python3.12/site-packages/airflow/example_dags/example_xcomargs.py took 0.262 seconds
[2024-06-04T23:56:22.172+0000] {processor.py:161} INFO - Started process (PID=175839) to work on /home/airflow/.local/lib/python3.12/site-packages/airflow/example_dags/example_xcomargs.py
[2024-06-04T23:56:22.184+0000] {processor.py:830} INFO - Processing file /home/airflow/.local/lib/python3.12/site-packages/airflow/example_dags/example_xcomargs.py for tasks to queue
[2024-06-04T23:56:22.187+0000] {logging_mixin.py:188} INFO - [2024-06-04T23:56:22.187+0000] {dagbag.py:545} INFO - Filling up the DagBag from /home/airflow/.local/lib/python3.12/site-packages/airflow/example_dags/example_xcomargs.py
[2024-06-04T23:56:22.211+0000] {processor.py:840} INFO - DAG(s) 'example_xcom_args', 'example_xcom_args_with_operators' retrieved from /home/airflow/.local/lib/python3.12/site-packages/airflow/example_dags/example_xcomargs.py
[2024-06-04T23:56:22.277+0000] {logging_mixin.py:188} INFO - [2024-06-04T23:56:22.277+0000] {dag.py:3096} INFO - Sync 2 DAGs
[2024-06-04T23:56:22.343+0000] {logging_mixin.py:188} INFO - [2024-06-04T23:56:22.342+0000] {dag.py:3954} INFO - Setting next_dagrun for example_xcom_args to None, run_after=None
[2024-06-04T23:56:22.355+0000] {logging_mixin.py:188} INFO - [2024-06-04T23:56:22.354+0000] {dag.py:3954} INFO - Setting next_dagrun for example_xcom_args_with_operators to None, run_after=None
[2024-06-04T23:56:22.403+0000] {processor.py:183} INFO - Processing /home/airflow/.local/lib/python3.12/site-packages/airflow/example_dags/example_xcomargs.py took 0.254 seconds
[2024-06-04T23:56:52.571+0000] {processor.py:161} INFO - Started process (PID=176101) to work on /home/airflow/.local/lib/python3.12/site-packages/airflow/example_dags/example_xcomargs.py
[2024-06-04T23:56:52.573+0000] {processor.py:830} INFO - Processing file /home/airflow/.local/lib/python3.12/site-packages/airflow/example_dags/example_xcomargs.py for tasks to queue
[2024-06-04T23:56:52.578+0000] {logging_mixin.py:188} INFO - [2024-06-04T23:56:52.577+0000] {dagbag.py:545} INFO - Filling up the DagBag from /home/airflow/.local/lib/python3.12/site-packages/airflow/example_dags/example_xcomargs.py
[2024-06-04T23:56:52.620+0000] {processor.py:840} INFO - DAG(s) 'example_xcom_args_with_operators', 'example_xcom_args' retrieved from /home/airflow/.local/lib/python3.12/site-packages/airflow/example_dags/example_xcomargs.py
[2024-06-04T23:56:52.716+0000] {logging_mixin.py:188} INFO - [2024-06-04T23:56:52.716+0000] {dag.py:3096} INFO - Sync 2 DAGs
[2024-06-04T23:56:52.799+0000] {logging_mixin.py:188} INFO - [2024-06-04T23:56:52.791+0000] {dag.py:3954} INFO - Setting next_dagrun for example_xcom_args to None, run_after=None
[2024-06-04T23:56:52.812+0000] {logging_mixin.py:188} INFO - [2024-06-04T23:56:52.811+0000] {dag.py:3954} INFO - Setting next_dagrun for example_xcom_args_with_operators to None, run_after=None
[2024-06-04T23:56:52.890+0000] {processor.py:183} INFO - Processing /home/airflow/.local/lib/python3.12/site-packages/airflow/example_dags/example_xcomargs.py took 0.347 seconds
[2024-06-04T23:57:23.352+0000] {processor.py:161} INFO - Started process (PID=176362) to work on /home/airflow/.local/lib/python3.12/site-packages/airflow/example_dags/example_xcomargs.py
[2024-06-04T23:57:23.354+0000] {processor.py:830} INFO - Processing file /home/airflow/.local/lib/python3.12/site-packages/airflow/example_dags/example_xcomargs.py for tasks to queue
[2024-06-04T23:57:23.358+0000] {logging_mixin.py:188} INFO - [2024-06-04T23:57:23.357+0000] {dagbag.py:545} INFO - Filling up the DagBag from /home/airflow/.local/lib/python3.12/site-packages/airflow/example_dags/example_xcomargs.py
[2024-06-04T23:57:23.379+0000] {processor.py:840} INFO - DAG(s) 'example_xcom_args', 'example_xcom_args_with_operators' retrieved from /home/airflow/.local/lib/python3.12/site-packages/airflow/example_dags/example_xcomargs.py
[2024-06-04T23:57:23.448+0000] {logging_mixin.py:188} INFO - [2024-06-04T23:57:23.447+0000] {dag.py:3096} INFO - Sync 2 DAGs
[2024-06-04T23:57:23.482+0000] {logging_mixin.py:188} INFO - [2024-06-04T23:57:23.482+0000] {dag.py:3954} INFO - Setting next_dagrun for example_xcom_args to None, run_after=None
[2024-06-04T23:57:23.492+0000] {logging_mixin.py:188} INFO - [2024-06-04T23:57:23.492+0000] {dag.py:3954} INFO - Setting next_dagrun for example_xcom_args_with_operators to None, run_after=None
[2024-06-04T23:57:23.538+0000] {processor.py:183} INFO - Processing /home/airflow/.local/lib/python3.12/site-packages/airflow/example_dags/example_xcomargs.py took 0.201 seconds
[2024-06-04T23:57:53.713+0000] {processor.py:161} INFO - Started process (PID=176624) to work on /home/airflow/.local/lib/python3.12/site-packages/airflow/example_dags/example_xcomargs.py
[2024-06-04T23:57:53.715+0000] {processor.py:830} INFO - Processing file /home/airflow/.local/lib/python3.12/site-packages/airflow/example_dags/example_xcomargs.py for tasks to queue
[2024-06-04T23:57:53.719+0000] {logging_mixin.py:188} INFO - [2024-06-04T23:57:53.718+0000] {dagbag.py:545} INFO - Filling up the DagBag from /home/airflow/.local/lib/python3.12/site-packages/airflow/example_dags/example_xcomargs.py
[2024-06-04T23:57:53.742+0000] {processor.py:840} INFO - DAG(s) 'example_xcom_args_with_operators', 'example_xcom_args' retrieved from /home/airflow/.local/lib/python3.12/site-packages/airflow/example_dags/example_xcomargs.py
[2024-06-04T23:57:53.854+0000] {logging_mixin.py:188} INFO - [2024-06-04T23:57:53.854+0000] {dag.py:3096} INFO - Sync 2 DAGs
[2024-06-04T23:57:54.004+0000] {logging_mixin.py:188} INFO - [2024-06-04T23:57:54.003+0000] {dag.py:3954} INFO - Setting next_dagrun for example_xcom_args to None, run_after=None
[2024-06-04T23:57:54.019+0000] {logging_mixin.py:188} INFO - [2024-06-04T23:57:54.018+0000] {dag.py:3954} INFO - Setting next_dagrun for example_xcom_args_with_operators to None, run_after=None
[2024-06-04T23:57:54.101+0000] {processor.py:183} INFO - Processing /home/airflow/.local/lib/python3.12/site-packages/airflow/example_dags/example_xcomargs.py took 0.406 seconds
[2024-06-04T23:58:24.290+0000] {processor.py:161} INFO - Started process (PID=176886) to work on /home/airflow/.local/lib/python3.12/site-packages/airflow/example_dags/example_xcomargs.py
[2024-06-04T23:58:24.300+0000] {processor.py:830} INFO - Processing file /home/airflow/.local/lib/python3.12/site-packages/airflow/example_dags/example_xcomargs.py for tasks to queue
[2024-06-04T23:58:24.306+0000] {logging_mixin.py:188} INFO - [2024-06-04T23:58:24.305+0000] {dagbag.py:545} INFO - Filling up the DagBag from /home/airflow/.local/lib/python3.12/site-packages/airflow/example_dags/example_xcomargs.py
[2024-06-04T23:58:24.360+0000] {processor.py:840} INFO - DAG(s) 'example_xcom_args', 'example_xcom_args_with_operators' retrieved from /home/airflow/.local/lib/python3.12/site-packages/airflow/example_dags/example_xcomargs.py
[2024-06-04T23:58:24.580+0000] {logging_mixin.py:188} INFO - [2024-06-04T23:58:24.580+0000] {dag.py:3096} INFO - Sync 2 DAGs
[2024-06-04T23:58:24.711+0000] {logging_mixin.py:188} INFO - [2024-06-04T23:58:24.710+0000] {dag.py:3954} INFO - Setting next_dagrun for example_xcom_args to None, run_after=None
[2024-06-04T23:58:24.759+0000] {logging_mixin.py:188} INFO - [2024-06-04T23:58:24.759+0000] {dag.py:3954} INFO - Setting next_dagrun for example_xcom_args_with_operators to None, run_after=None
[2024-06-04T23:58:24.866+0000] {processor.py:183} INFO - Processing /home/airflow/.local/lib/python3.12/site-packages/airflow/example_dags/example_xcomargs.py took 0.591 seconds
[2024-06-04T23:58:55.141+0000] {processor.py:161} INFO - Started process (PID=177157) to work on /home/airflow/.local/lib/python3.12/site-packages/airflow/example_dags/example_xcomargs.py
[2024-06-04T23:58:55.142+0000] {processor.py:830} INFO - Processing file /home/airflow/.local/lib/python3.12/site-packages/airflow/example_dags/example_xcomargs.py for tasks to queue
[2024-06-04T23:58:55.146+0000] {logging_mixin.py:188} INFO - [2024-06-04T23:58:55.145+0000] {dagbag.py:545} INFO - Filling up the DagBag from /home/airflow/.local/lib/python3.12/site-packages/airflow/example_dags/example_xcomargs.py
[2024-06-04T23:58:55.163+0000] {processor.py:840} INFO - DAG(s) 'example_xcom_args', 'example_xcom_args_with_operators' retrieved from /home/airflow/.local/lib/python3.12/site-packages/airflow/example_dags/example_xcomargs.py
[2024-06-04T23:58:55.206+0000] {logging_mixin.py:188} INFO - [2024-06-04T23:58:55.205+0000] {dag.py:3096} INFO - Sync 2 DAGs
[2024-06-04T23:58:55.231+0000] {logging_mixin.py:188} INFO - [2024-06-04T23:58:55.230+0000] {dag.py:3954} INFO - Setting next_dagrun for example_xcom_args to None, run_after=None
[2024-06-04T23:58:55.239+0000] {logging_mixin.py:188} INFO - [2024-06-04T23:58:55.239+0000] {dag.py:3954} INFO - Setting next_dagrun for example_xcom_args_with_operators to None, run_after=None
[2024-06-04T23:58:55.279+0000] {processor.py:183} INFO - Processing /home/airflow/.local/lib/python3.12/site-packages/airflow/example_dags/example_xcomargs.py took 0.152 seconds
[2024-06-04T23:59:25.617+0000] {processor.py:161} INFO - Started process (PID=177414) to work on /home/airflow/.local/lib/python3.12/site-packages/airflow/example_dags/example_xcomargs.py
[2024-06-04T23:59:25.637+0000] {processor.py:830} INFO - Processing file /home/airflow/.local/lib/python3.12/site-packages/airflow/example_dags/example_xcomargs.py for tasks to queue
[2024-06-04T23:59:25.642+0000] {logging_mixin.py:188} INFO - [2024-06-04T23:59:25.641+0000] {dagbag.py:545} INFO - Filling up the DagBag from /home/airflow/.local/lib/python3.12/site-packages/airflow/example_dags/example_xcomargs.py
[2024-06-04T23:59:25.665+0000] {processor.py:840} INFO - DAG(s) 'example_xcom_args_with_operators', 'example_xcom_args' retrieved from /home/airflow/.local/lib/python3.12/site-packages/airflow/example_dags/example_xcomargs.py
[2024-06-04T23:59:25.733+0000] {logging_mixin.py:188} INFO - [2024-06-04T23:59:25.732+0000] {dag.py:3096} INFO - Sync 2 DAGs
[2024-06-04T23:59:25.767+0000] {logging_mixin.py:188} INFO - [2024-06-04T23:59:25.766+0000] {dag.py:3954} INFO - Setting next_dagrun for example_xcom_args to None, run_after=None
[2024-06-04T23:59:25.777+0000] {logging_mixin.py:188} INFO - [2024-06-04T23:59:25.776+0000] {dag.py:3954} INFO - Setting next_dagrun for example_xcom_args_with_operators to None, run_after=None
[2024-06-04T23:59:25.826+0000] {processor.py:183} INFO - Processing /home/airflow/.local/lib/python3.12/site-packages/airflow/example_dags/example_xcomargs.py took 0.224 seconds
[2024-06-04T23:59:56.320+0000] {processor.py:161} INFO - Started process (PID=177673) to work on /home/airflow/.local/lib/python3.12/site-packages/airflow/example_dags/example_xcomargs.py
[2024-06-04T23:59:56.321+0000] {processor.py:830} INFO - Processing file /home/airflow/.local/lib/python3.12/site-packages/airflow/example_dags/example_xcomargs.py for tasks to queue
[2024-06-04T23:59:56.327+0000] {logging_mixin.py:188} INFO - [2024-06-04T23:59:56.327+0000] {dagbag.py:545} INFO - Filling up the DagBag from /home/airflow/.local/lib/python3.12/site-packages/airflow/example_dags/example_xcomargs.py
[2024-06-04T23:59:56.370+0000] {processor.py:840} INFO - DAG(s) 'example_xcom_args_with_operators', 'example_xcom_args' retrieved from /home/airflow/.local/lib/python3.12/site-packages/airflow/example_dags/example_xcomargs.py
[2024-06-04T23:59:56.439+0000] {logging_mixin.py:188} INFO - [2024-06-04T23:59:56.438+0000] {dag.py:3096} INFO - Sync 2 DAGs
[2024-06-04T23:59:56.750+0000] {logging_mixin.py:188} INFO - [2024-06-04T23:59:56.750+0000] {dag.py:3954} INFO - Setting next_dagrun for example_xcom_args to None, run_after=None
[2024-06-04T23:59:56.761+0000] {logging_mixin.py:188} INFO - [2024-06-04T23:59:56.760+0000] {dag.py:3954} INFO - Setting next_dagrun for example_xcom_args_with_operators to None, run_after=None
[2024-06-04T23:59:56.800+0000] {processor.py:183} INFO - Processing /home/airflow/.local/lib/python3.12/site-packages/airflow/example_dags/example_xcomargs.py took 0.505 seconds
