[2024-06-04T23:44:09.699+0000] {processor.py:161} INFO - Started process (PID=169669) to work on /home/airflow/.local/lib/python3.12/site-packages/airflow/example_dags/example_subdag_operator.py
[2024-06-04T23:44:09.721+0000] {processor.py:830} INFO - Processing file /home/airflow/.local/lib/python3.12/site-packages/airflow/example_dags/example_subdag_operator.py for tasks to queue
[2024-06-04T23:44:09.810+0000] {logging_mixin.py:188} INFO - [2024-06-04T23:44:09.809+0000] {dagbag.py:545} INFO - Filling up the DagBag from /home/airflow/.local/lib/python3.12/site-packages/airflow/example_dags/example_subdag_operator.py
[2024-06-04T23:44:09.910+0000] {processor.py:840} INFO - DAG(s) 'example_subdag_operator.section-1', 'example_subdag_operator.section-2', 'example_subdag_operator' retrieved from /home/airflow/.local/lib/python3.12/site-packages/airflow/example_dags/example_subdag_operator.py
[2024-06-04T23:44:09.982+0000] {logging_mixin.py:188} INFO - [2024-06-04T23:44:09.982+0000] {dag.py:3096} INFO - Sync 3 DAGs
[2024-06-04T23:44:10.114+0000] {logging_mixin.py:188} INFO - [2024-06-04T23:44:10.113+0000] {dag.py:3954} INFO - Setting next_dagrun for example_subdag_operator to 2022-01-01 00:00:00+00:00, run_after=2022-01-01 00:00:00+00:00
[2024-06-04T23:44:10.125+0000] {logging_mixin.py:188} INFO - [2024-06-04T23:44:10.124+0000] {dag.py:3954} INFO - Setting next_dagrun for example_subdag_operator.section-1 to None, run_after=None
[2024-06-04T23:44:10.136+0000] {logging_mixin.py:188} INFO - [2024-06-04T23:44:10.136+0000] {dag.py:3954} INFO - Setting next_dagrun for example_subdag_operator.section-2 to None, run_after=None
[2024-06-04T23:44:10.166+0000] {logging_mixin.py:188} INFO - [2024-06-04T23:44:10.165+0000] {dag.py:3096} INFO - Sync 2 DAGs
[2024-06-04T23:44:10.193+0000] {logging_mixin.py:188} INFO - [2024-06-04T23:44:10.193+0000] {dag.py:3954} INFO - Setting next_dagrun for example_subdag_operator.section-1 to None, run_after=None
[2024-06-04T23:44:10.197+0000] {logging_mixin.py:188} INFO - [2024-06-04T23:44:10.197+0000] {dag.py:3954} INFO - Setting next_dagrun for example_subdag_operator.section-2 to None, run_after=None
[2024-06-04T23:44:10.353+0000] {processor.py:183} INFO - Processing /home/airflow/.local/lib/python3.12/site-packages/airflow/example_dags/example_subdag_operator.py took 0.683 seconds
[2024-06-04T23:44:41.379+0000] {processor.py:161} INFO - Started process (PID=169934) to work on /home/airflow/.local/lib/python3.12/site-packages/airflow/example_dags/example_subdag_operator.py
[2024-06-04T23:44:41.392+0000] {processor.py:830} INFO - Processing file /home/airflow/.local/lib/python3.12/site-packages/airflow/example_dags/example_subdag_operator.py for tasks to queue
[2024-06-04T23:44:41.401+0000] {logging_mixin.py:188} INFO - [2024-06-04T23:44:41.400+0000] {dagbag.py:545} INFO - Filling up the DagBag from /home/airflow/.local/lib/python3.12/site-packages/airflow/example_dags/example_subdag_operator.py
[2024-06-04T23:44:41.555+0000] {processor.py:840} INFO - DAG(s) 'example_subdag_operator.section-1', 'example_subdag_operator.section-2', 'example_subdag_operator' retrieved from /home/airflow/.local/lib/python3.12/site-packages/airflow/example_dags/example_subdag_operator.py
[2024-06-04T23:44:41.694+0000] {logging_mixin.py:188} INFO - [2024-06-04T23:44:41.694+0000] {dag.py:3096} INFO - Sync 3 DAGs
[2024-06-04T23:44:41.884+0000] {logging_mixin.py:188} INFO - [2024-06-04T23:44:41.881+0000] {dag.py:3954} INFO - Setting next_dagrun for example_subdag_operator to 2022-01-01 00:00:00+00:00, run_after=2022-01-01 00:00:00+00:00
[2024-06-04T23:44:41.908+0000] {logging_mixin.py:188} INFO - [2024-06-04T23:44:41.907+0000] {dag.py:3954} INFO - Setting next_dagrun for example_subdag_operator.section-1 to None, run_after=None
[2024-06-04T23:44:41.923+0000] {logging_mixin.py:188} INFO - [2024-06-04T23:44:41.923+0000] {dag.py:3954} INFO - Setting next_dagrun for example_subdag_operator.section-2 to None, run_after=None
[2024-06-04T23:44:41.983+0000] {logging_mixin.py:188} INFO - [2024-06-04T23:44:41.982+0000] {dag.py:3096} INFO - Sync 2 DAGs
[2024-06-04T23:44:42.084+0000] {logging_mixin.py:188} INFO - [2024-06-04T23:44:42.083+0000] {dag.py:3954} INFO - Setting next_dagrun for example_subdag_operator.section-1 to None, run_after=None
[2024-06-04T23:44:42.092+0000] {logging_mixin.py:188} INFO - [2024-06-04T23:44:42.092+0000] {dag.py:3954} INFO - Setting next_dagrun for example_subdag_operator.section-2 to None, run_after=None
[2024-06-04T23:44:42.207+0000] {processor.py:183} INFO - Processing /home/airflow/.local/lib/python3.12/site-packages/airflow/example_dags/example_subdag_operator.py took 0.883 seconds
[2024-06-04T23:45:12.389+0000] {processor.py:161} INFO - Started process (PID=170196) to work on /home/airflow/.local/lib/python3.12/site-packages/airflow/example_dags/example_subdag_operator.py
[2024-06-04T23:45:12.390+0000] {processor.py:830} INFO - Processing file /home/airflow/.local/lib/python3.12/site-packages/airflow/example_dags/example_subdag_operator.py for tasks to queue
[2024-06-04T23:45:12.395+0000] {logging_mixin.py:188} INFO - [2024-06-04T23:45:12.394+0000] {dagbag.py:545} INFO - Filling up the DagBag from /home/airflow/.local/lib/python3.12/site-packages/airflow/example_dags/example_subdag_operator.py
[2024-06-04T23:45:12.505+0000] {processor.py:840} INFO - DAG(s) 'example_subdag_operator.section-1', 'example_subdag_operator.section-2', 'example_subdag_operator' retrieved from /home/airflow/.local/lib/python3.12/site-packages/airflow/example_dags/example_subdag_operator.py
[2024-06-04T23:45:12.593+0000] {logging_mixin.py:188} INFO - [2024-06-04T23:45:12.592+0000] {dag.py:3096} INFO - Sync 3 DAGs
[2024-06-04T23:45:12.693+0000] {logging_mixin.py:188} INFO - [2024-06-04T23:45:12.693+0000] {dag.py:3954} INFO - Setting next_dagrun for example_subdag_operator to 2022-01-01 00:00:00+00:00, run_after=2022-01-01 00:00:00+00:00
[2024-06-04T23:45:12.719+0000] {logging_mixin.py:188} INFO - [2024-06-04T23:45:12.718+0000] {dag.py:3954} INFO - Setting next_dagrun for example_subdag_operator.section-1 to None, run_after=None
[2024-06-04T23:45:12.725+0000] {logging_mixin.py:188} INFO - [2024-06-04T23:45:12.725+0000] {dag.py:3954} INFO - Setting next_dagrun for example_subdag_operator.section-2 to None, run_after=None
[2024-06-04T23:45:12.759+0000] {logging_mixin.py:188} INFO - [2024-06-04T23:45:12.759+0000] {dag.py:3096} INFO - Sync 2 DAGs
[2024-06-04T23:45:12.775+0000] {logging_mixin.py:188} INFO - [2024-06-04T23:45:12.775+0000] {dag.py:3954} INFO - Setting next_dagrun for example_subdag_operator.section-1 to None, run_after=None
[2024-06-04T23:45:12.777+0000] {logging_mixin.py:188} INFO - [2024-06-04T23:45:12.776+0000] {dag.py:3954} INFO - Setting next_dagrun for example_subdag_operator.section-2 to None, run_after=None
[2024-06-04T23:45:12.807+0000] {processor.py:183} INFO - Processing /home/airflow/.local/lib/python3.12/site-packages/airflow/example_dags/example_subdag_operator.py took 0.433 seconds
[2024-06-04T23:45:43.088+0000] {processor.py:161} INFO - Started process (PID=170455) to work on /home/airflow/.local/lib/python3.12/site-packages/airflow/example_dags/example_subdag_operator.py
[2024-06-04T23:45:43.089+0000] {processor.py:830} INFO - Processing file /home/airflow/.local/lib/python3.12/site-packages/airflow/example_dags/example_subdag_operator.py for tasks to queue
[2024-06-04T23:45:43.093+0000] {logging_mixin.py:188} INFO - [2024-06-04T23:45:43.092+0000] {dagbag.py:545} INFO - Filling up the DagBag from /home/airflow/.local/lib/python3.12/site-packages/airflow/example_dags/example_subdag_operator.py
[2024-06-04T23:45:43.154+0000] {processor.py:840} INFO - DAG(s) 'example_subdag_operator.section-1', 'example_subdag_operator.section-2', 'example_subdag_operator' retrieved from /home/airflow/.local/lib/python3.12/site-packages/airflow/example_dags/example_subdag_operator.py
[2024-06-04T23:45:43.189+0000] {logging_mixin.py:188} INFO - [2024-06-04T23:45:43.189+0000] {dag.py:3096} INFO - Sync 3 DAGs
[2024-06-04T23:45:43.241+0000] {logging_mixin.py:188} INFO - [2024-06-04T23:45:43.241+0000] {dag.py:3954} INFO - Setting next_dagrun for example_subdag_operator to 2022-01-01 00:00:00+00:00, run_after=2022-01-01 00:00:00+00:00
[2024-06-04T23:45:43.253+0000] {logging_mixin.py:188} INFO - [2024-06-04T23:45:43.252+0000] {dag.py:3954} INFO - Setting next_dagrun for example_subdag_operator.section-1 to None, run_after=None
[2024-06-04T23:45:43.255+0000] {logging_mixin.py:188} INFO - [2024-06-04T23:45:43.255+0000] {dag.py:3954} INFO - Setting next_dagrun for example_subdag_operator.section-2 to None, run_after=None
[2024-06-04T23:45:43.272+0000] {logging_mixin.py:188} INFO - [2024-06-04T23:45:43.272+0000] {dag.py:3096} INFO - Sync 2 DAGs
[2024-06-04T23:45:43.290+0000] {logging_mixin.py:188} INFO - [2024-06-04T23:45:43.289+0000] {dag.py:3954} INFO - Setting next_dagrun for example_subdag_operator.section-1 to None, run_after=None
[2024-06-04T23:45:43.291+0000] {logging_mixin.py:188} INFO - [2024-06-04T23:45:43.290+0000] {dag.py:3954} INFO - Setting next_dagrun for example_subdag_operator.section-2 to None, run_after=None
[2024-06-04T23:45:43.337+0000] {processor.py:183} INFO - Processing /home/airflow/.local/lib/python3.12/site-packages/airflow/example_dags/example_subdag_operator.py took 0.265 seconds
[2024-06-04T23:46:13.514+0000] {processor.py:161} INFO - Started process (PID=170717) to work on /home/airflow/.local/lib/python3.12/site-packages/airflow/example_dags/example_subdag_operator.py
[2024-06-04T23:46:13.515+0000] {processor.py:830} INFO - Processing file /home/airflow/.local/lib/python3.12/site-packages/airflow/example_dags/example_subdag_operator.py for tasks to queue
[2024-06-04T23:46:13.518+0000] {logging_mixin.py:188} INFO - [2024-06-04T23:46:13.517+0000] {dagbag.py:545} INFO - Filling up the DagBag from /home/airflow/.local/lib/python3.12/site-packages/airflow/example_dags/example_subdag_operator.py
[2024-06-04T23:46:13.556+0000] {processor.py:840} INFO - DAG(s) 'example_subdag_operator.section-1', 'example_subdag_operator.section-2', 'example_subdag_operator' retrieved from /home/airflow/.local/lib/python3.12/site-packages/airflow/example_dags/example_subdag_operator.py
[2024-06-04T23:46:13.586+0000] {logging_mixin.py:188} INFO - [2024-06-04T23:46:13.586+0000] {dag.py:3096} INFO - Sync 3 DAGs
[2024-06-04T23:46:13.626+0000] {logging_mixin.py:188} INFO - [2024-06-04T23:46:13.625+0000] {dag.py:3954} INFO - Setting next_dagrun for example_subdag_operator to 2022-01-01 00:00:00+00:00, run_after=2022-01-01 00:00:00+00:00
[2024-06-04T23:46:13.633+0000] {logging_mixin.py:188} INFO - [2024-06-04T23:46:13.632+0000] {dag.py:3954} INFO - Setting next_dagrun for example_subdag_operator.section-1 to None, run_after=None
[2024-06-04T23:46:13.635+0000] {logging_mixin.py:188} INFO - [2024-06-04T23:46:13.635+0000] {dag.py:3954} INFO - Setting next_dagrun for example_subdag_operator.section-2 to None, run_after=None
[2024-06-04T23:46:13.649+0000] {logging_mixin.py:188} INFO - [2024-06-04T23:46:13.648+0000] {dag.py:3096} INFO - Sync 2 DAGs
[2024-06-04T23:46:13.660+0000] {logging_mixin.py:188} INFO - [2024-06-04T23:46:13.660+0000] {dag.py:3954} INFO - Setting next_dagrun for example_subdag_operator.section-1 to None, run_after=None
[2024-06-04T23:46:13.661+0000] {logging_mixin.py:188} INFO - [2024-06-04T23:46:13.661+0000] {dag.py:3954} INFO - Setting next_dagrun for example_subdag_operator.section-2 to None, run_after=None
[2024-06-04T23:46:13.682+0000] {processor.py:183} INFO - Processing /home/airflow/.local/lib/python3.12/site-packages/airflow/example_dags/example_subdag_operator.py took 0.178 seconds
[2024-06-04T23:46:44.463+0000] {processor.py:161} INFO - Started process (PID=170977) to work on /home/airflow/.local/lib/python3.12/site-packages/airflow/example_dags/example_subdag_operator.py
[2024-06-04T23:46:44.465+0000] {processor.py:830} INFO - Processing file /home/airflow/.local/lib/python3.12/site-packages/airflow/example_dags/example_subdag_operator.py for tasks to queue
[2024-06-04T23:46:44.470+0000] {logging_mixin.py:188} INFO - [2024-06-04T23:46:44.469+0000] {dagbag.py:545} INFO - Filling up the DagBag from /home/airflow/.local/lib/python3.12/site-packages/airflow/example_dags/example_subdag_operator.py
[2024-06-04T23:46:44.519+0000] {processor.py:840} INFO - DAG(s) 'example_subdag_operator.section-1', 'example_subdag_operator.section-2', 'example_subdag_operator' retrieved from /home/airflow/.local/lib/python3.12/site-packages/airflow/example_dags/example_subdag_operator.py
[2024-06-04T23:46:44.567+0000] {logging_mixin.py:188} INFO - [2024-06-04T23:46:44.566+0000] {dag.py:3096} INFO - Sync 3 DAGs
[2024-06-04T23:46:44.662+0000] {logging_mixin.py:188} INFO - [2024-06-04T23:46:44.661+0000] {dag.py:3954} INFO - Setting next_dagrun for example_subdag_operator to 2022-01-01 00:00:00+00:00, run_after=2022-01-01 00:00:00+00:00
[2024-06-04T23:46:44.675+0000] {logging_mixin.py:188} INFO - [2024-06-04T23:46:44.675+0000] {dag.py:3954} INFO - Setting next_dagrun for example_subdag_operator.section-1 to None, run_after=None
[2024-06-04T23:46:44.679+0000] {logging_mixin.py:188} INFO - [2024-06-04T23:46:44.679+0000] {dag.py:3954} INFO - Setting next_dagrun for example_subdag_operator.section-2 to None, run_after=None
[2024-06-04T23:46:44.696+0000] {logging_mixin.py:188} INFO - [2024-06-04T23:46:44.695+0000] {dag.py:3096} INFO - Sync 2 DAGs
[2024-06-04T23:46:44.707+0000] {logging_mixin.py:188} INFO - [2024-06-04T23:46:44.706+0000] {dag.py:3954} INFO - Setting next_dagrun for example_subdag_operator.section-1 to None, run_after=None
[2024-06-04T23:46:44.708+0000] {logging_mixin.py:188} INFO - [2024-06-04T23:46:44.708+0000] {dag.py:3954} INFO - Setting next_dagrun for example_subdag_operator.section-2 to None, run_after=None
[2024-06-04T23:46:44.738+0000] {processor.py:183} INFO - Processing /home/airflow/.local/lib/python3.12/site-packages/airflow/example_dags/example_subdag_operator.py took 0.288 seconds
[2024-06-04T23:47:16.236+0000] {processor.py:161} INFO - Started process (PID=171238) to work on /home/airflow/.local/lib/python3.12/site-packages/airflow/example_dags/example_subdag_operator.py
[2024-06-04T23:47:16.244+0000] {processor.py:830} INFO - Processing file /home/airflow/.local/lib/python3.12/site-packages/airflow/example_dags/example_subdag_operator.py for tasks to queue
[2024-06-04T23:47:16.247+0000] {logging_mixin.py:188} INFO - [2024-06-04T23:47:16.247+0000] {dagbag.py:545} INFO - Filling up the DagBag from /home/airflow/.local/lib/python3.12/site-packages/airflow/example_dags/example_subdag_operator.py
[2024-06-04T23:47:16.330+0000] {processor.py:840} INFO - DAG(s) 'example_subdag_operator.section-1', 'example_subdag_operator.section-2', 'example_subdag_operator' retrieved from /home/airflow/.local/lib/python3.12/site-packages/airflow/example_dags/example_subdag_operator.py
[2024-06-04T23:47:16.390+0000] {logging_mixin.py:188} INFO - [2024-06-04T23:47:16.389+0000] {dag.py:3096} INFO - Sync 3 DAGs
[2024-06-04T23:47:16.442+0000] {logging_mixin.py:188} INFO - [2024-06-04T23:47:16.442+0000] {dag.py:3954} INFO - Setting next_dagrun for example_subdag_operator to 2022-01-01 00:00:00+00:00, run_after=2022-01-01 00:00:00+00:00
[2024-06-04T23:47:16.450+0000] {logging_mixin.py:188} INFO - [2024-06-04T23:47:16.450+0000] {dag.py:3954} INFO - Setting next_dagrun for example_subdag_operator.section-1 to None, run_after=None
[2024-06-04T23:47:16.454+0000] {logging_mixin.py:188} INFO - [2024-06-04T23:47:16.454+0000] {dag.py:3954} INFO - Setting next_dagrun for example_subdag_operator.section-2 to None, run_after=None
[2024-06-04T23:47:16.484+0000] {logging_mixin.py:188} INFO - [2024-06-04T23:47:16.483+0000] {dag.py:3096} INFO - Sync 2 DAGs
[2024-06-04T23:47:16.519+0000] {logging_mixin.py:188} INFO - [2024-06-04T23:47:16.519+0000] {dag.py:3954} INFO - Setting next_dagrun for example_subdag_operator.section-1 to None, run_after=None
[2024-06-04T23:47:16.520+0000] {logging_mixin.py:188} INFO - [2024-06-04T23:47:16.520+0000] {dag.py:3954} INFO - Setting next_dagrun for example_subdag_operator.section-2 to None, run_after=None
[2024-06-04T23:47:16.573+0000] {processor.py:183} INFO - Processing /home/airflow/.local/lib/python3.12/site-packages/airflow/example_dags/example_subdag_operator.py took 0.378 seconds
[2024-06-04T23:47:46.645+0000] {processor.py:161} INFO - Started process (PID=171499) to work on /home/airflow/.local/lib/python3.12/site-packages/airflow/example_dags/example_subdag_operator.py
[2024-06-04T23:47:46.647+0000] {processor.py:830} INFO - Processing file /home/airflow/.local/lib/python3.12/site-packages/airflow/example_dags/example_subdag_operator.py for tasks to queue
[2024-06-04T23:47:46.651+0000] {logging_mixin.py:188} INFO - [2024-06-04T23:47:46.650+0000] {dagbag.py:545} INFO - Filling up the DagBag from /home/airflow/.local/lib/python3.12/site-packages/airflow/example_dags/example_subdag_operator.py
[2024-06-04T23:47:46.695+0000] {processor.py:840} INFO - DAG(s) 'example_subdag_operator.section-1', 'example_subdag_operator.section-2', 'example_subdag_operator' retrieved from /home/airflow/.local/lib/python3.12/site-packages/airflow/example_dags/example_subdag_operator.py
[2024-06-04T23:47:46.735+0000] {logging_mixin.py:188} INFO - [2024-06-04T23:47:46.734+0000] {dag.py:3096} INFO - Sync 3 DAGs
[2024-06-04T23:47:46.790+0000] {logging_mixin.py:188} INFO - [2024-06-04T23:47:46.789+0000] {dag.py:3954} INFO - Setting next_dagrun for example_subdag_operator to 2022-01-01 00:00:00+00:00, run_after=2022-01-01 00:00:00+00:00
[2024-06-04T23:47:46.799+0000] {logging_mixin.py:188} INFO - [2024-06-04T23:47:46.798+0000] {dag.py:3954} INFO - Setting next_dagrun for example_subdag_operator.section-1 to None, run_after=None
[2024-06-04T23:47:46.802+0000] {logging_mixin.py:188} INFO - [2024-06-04T23:47:46.802+0000] {dag.py:3954} INFO - Setting next_dagrun for example_subdag_operator.section-2 to None, run_after=None
[2024-06-04T23:47:46.833+0000] {logging_mixin.py:188} INFO - [2024-06-04T23:47:46.832+0000] {dag.py:3096} INFO - Sync 2 DAGs
[2024-06-04T23:47:46.860+0000] {logging_mixin.py:188} INFO - [2024-06-04T23:47:46.859+0000] {dag.py:3954} INFO - Setting next_dagrun for example_subdag_operator.section-1 to None, run_after=None
[2024-06-04T23:47:46.863+0000] {logging_mixin.py:188} INFO - [2024-06-04T23:47:46.860+0000] {dag.py:3954} INFO - Setting next_dagrun for example_subdag_operator.section-2 to None, run_after=None
[2024-06-04T23:47:46.924+0000] {processor.py:183} INFO - Processing /home/airflow/.local/lib/python3.12/site-packages/airflow/example_dags/example_subdag_operator.py took 0.290 seconds
[2024-06-04T23:48:17.374+0000] {processor.py:161} INFO - Started process (PID=171761) to work on /home/airflow/.local/lib/python3.12/site-packages/airflow/example_dags/example_subdag_operator.py
[2024-06-04T23:48:17.376+0000] {processor.py:830} INFO - Processing file /home/airflow/.local/lib/python3.12/site-packages/airflow/example_dags/example_subdag_operator.py for tasks to queue
[2024-06-04T23:48:17.380+0000] {logging_mixin.py:188} INFO - [2024-06-04T23:48:17.379+0000] {dagbag.py:545} INFO - Filling up the DagBag from /home/airflow/.local/lib/python3.12/site-packages/airflow/example_dags/example_subdag_operator.py
[2024-06-04T23:48:17.429+0000] {processor.py:840} INFO - DAG(s) 'example_subdag_operator.section-1', 'example_subdag_operator.section-2', 'example_subdag_operator' retrieved from /home/airflow/.local/lib/python3.12/site-packages/airflow/example_dags/example_subdag_operator.py
[2024-06-04T23:48:17.467+0000] {logging_mixin.py:188} INFO - [2024-06-04T23:48:17.466+0000] {dag.py:3096} INFO - Sync 3 DAGs
[2024-06-04T23:48:17.516+0000] {logging_mixin.py:188} INFO - [2024-06-04T23:48:17.516+0000] {dag.py:3954} INFO - Setting next_dagrun for example_subdag_operator to 2022-01-01 00:00:00+00:00, run_after=2022-01-01 00:00:00+00:00
[2024-06-04T23:48:17.525+0000] {logging_mixin.py:188} INFO - [2024-06-04T23:48:17.525+0000] {dag.py:3954} INFO - Setting next_dagrun for example_subdag_operator.section-1 to None, run_after=None
[2024-06-04T23:48:17.529+0000] {logging_mixin.py:188} INFO - [2024-06-04T23:48:17.529+0000] {dag.py:3954} INFO - Setting next_dagrun for example_subdag_operator.section-2 to None, run_after=None
[2024-06-04T23:48:17.545+0000] {logging_mixin.py:188} INFO - [2024-06-04T23:48:17.544+0000] {dag.py:3096} INFO - Sync 2 DAGs
[2024-06-04T23:48:17.557+0000] {logging_mixin.py:188} INFO - [2024-06-04T23:48:17.557+0000] {dag.py:3954} INFO - Setting next_dagrun for example_subdag_operator.section-1 to None, run_after=None
[2024-06-04T23:48:17.559+0000] {logging_mixin.py:188} INFO - [2024-06-04T23:48:17.558+0000] {dag.py:3954} INFO - Setting next_dagrun for example_subdag_operator.section-2 to None, run_after=None
[2024-06-04T23:48:17.583+0000] {processor.py:183} INFO - Processing /home/airflow/.local/lib/python3.12/site-packages/airflow/example_dags/example_subdag_operator.py took 0.221 seconds
[2024-06-04T23:48:48.636+0000] {processor.py:161} INFO - Started process (PID=172025) to work on /home/airflow/.local/lib/python3.12/site-packages/airflow/example_dags/example_subdag_operator.py
[2024-06-04T23:48:48.637+0000] {processor.py:830} INFO - Processing file /home/airflow/.local/lib/python3.12/site-packages/airflow/example_dags/example_subdag_operator.py for tasks to queue
[2024-06-04T23:48:48.642+0000] {logging_mixin.py:188} INFO - [2024-06-04T23:48:48.639+0000] {dagbag.py:545} INFO - Filling up the DagBag from /home/airflow/.local/lib/python3.12/site-packages/airflow/example_dags/example_subdag_operator.py
[2024-06-04T23:48:48.702+0000] {processor.py:840} INFO - DAG(s) 'example_subdag_operator.section-1', 'example_subdag_operator.section-2', 'example_subdag_operator' retrieved from /home/airflow/.local/lib/python3.12/site-packages/airflow/example_dags/example_subdag_operator.py
[2024-06-04T23:48:48.747+0000] {logging_mixin.py:188} INFO - [2024-06-04T23:48:48.747+0000] {dag.py:3096} INFO - Sync 3 DAGs
[2024-06-04T23:48:48.805+0000] {logging_mixin.py:188} INFO - [2024-06-04T23:48:48.805+0000] {dag.py:3954} INFO - Setting next_dagrun for example_subdag_operator to 2022-01-01 00:00:00+00:00, run_after=2022-01-01 00:00:00+00:00
[2024-06-04T23:48:48.812+0000] {logging_mixin.py:188} INFO - [2024-06-04T23:48:48.812+0000] {dag.py:3954} INFO - Setting next_dagrun for example_subdag_operator.section-1 to None, run_after=None
[2024-06-04T23:48:48.816+0000] {logging_mixin.py:188} INFO - [2024-06-04T23:48:48.815+0000] {dag.py:3954} INFO - Setting next_dagrun for example_subdag_operator.section-2 to None, run_after=None
[2024-06-04T23:48:48.829+0000] {logging_mixin.py:188} INFO - [2024-06-04T23:48:48.828+0000] {dag.py:3096} INFO - Sync 2 DAGs
[2024-06-04T23:48:48.839+0000] {logging_mixin.py:188} INFO - [2024-06-04T23:48:48.839+0000] {dag.py:3954} INFO - Setting next_dagrun for example_subdag_operator.section-1 to None, run_after=None
[2024-06-04T23:48:48.840+0000] {logging_mixin.py:188} INFO - [2024-06-04T23:48:48.840+0000] {dag.py:3954} INFO - Setting next_dagrun for example_subdag_operator.section-2 to None, run_after=None
[2024-06-04T23:48:48.893+0000] {processor.py:183} INFO - Processing /home/airflow/.local/lib/python3.12/site-packages/airflow/example_dags/example_subdag_operator.py took 0.270 seconds
[2024-06-04T23:49:19.818+0000] {processor.py:161} INFO - Started process (PID=172292) to work on /home/airflow/.local/lib/python3.12/site-packages/airflow/example_dags/example_subdag_operator.py
[2024-06-04T23:49:19.820+0000] {processor.py:830} INFO - Processing file /home/airflow/.local/lib/python3.12/site-packages/airflow/example_dags/example_subdag_operator.py for tasks to queue
[2024-06-04T23:49:19.824+0000] {logging_mixin.py:188} INFO - [2024-06-04T23:49:19.823+0000] {dagbag.py:545} INFO - Filling up the DagBag from /home/airflow/.local/lib/python3.12/site-packages/airflow/example_dags/example_subdag_operator.py
[2024-06-04T23:49:19.880+0000] {processor.py:840} INFO - DAG(s) 'example_subdag_operator.section-1', 'example_subdag_operator.section-2', 'example_subdag_operator' retrieved from /home/airflow/.local/lib/python3.12/site-packages/airflow/example_dags/example_subdag_operator.py
[2024-06-04T23:49:19.918+0000] {logging_mixin.py:188} INFO - [2024-06-04T23:49:19.918+0000] {dag.py:3096} INFO - Sync 3 DAGs
[2024-06-04T23:49:19.971+0000] {logging_mixin.py:188} INFO - [2024-06-04T23:49:19.970+0000] {dag.py:3954} INFO - Setting next_dagrun for example_subdag_operator to 2022-01-01 00:00:00+00:00, run_after=2022-01-01 00:00:00+00:00
[2024-06-04T23:49:19.982+0000] {logging_mixin.py:188} INFO - [2024-06-04T23:49:19.981+0000] {dag.py:3954} INFO - Setting next_dagrun for example_subdag_operator.section-1 to None, run_after=None
[2024-06-04T23:49:19.986+0000] {logging_mixin.py:188} INFO - [2024-06-04T23:49:19.985+0000] {dag.py:3954} INFO - Setting next_dagrun for example_subdag_operator.section-2 to None, run_after=None
[2024-06-04T23:49:20.004+0000] {logging_mixin.py:188} INFO - [2024-06-04T23:49:20.003+0000] {dag.py:3096} INFO - Sync 2 DAGs
[2024-06-04T23:49:20.029+0000] {logging_mixin.py:188} INFO - [2024-06-04T23:49:20.028+0000] {dag.py:3954} INFO - Setting next_dagrun for example_subdag_operator.section-1 to None, run_after=None
[2024-06-04T23:49:20.030+0000] {logging_mixin.py:188} INFO - [2024-06-04T23:49:20.029+0000] {dag.py:3954} INFO - Setting next_dagrun for example_subdag_operator.section-2 to None, run_after=None
[2024-06-04T23:49:20.077+0000] {processor.py:183} INFO - Processing /home/airflow/.local/lib/python3.12/site-packages/airflow/example_dags/example_subdag_operator.py took 0.272 seconds
[2024-06-04T23:49:50.292+0000] {processor.py:161} INFO - Started process (PID=172552) to work on /home/airflow/.local/lib/python3.12/site-packages/airflow/example_dags/example_subdag_operator.py
[2024-06-04T23:49:50.296+0000] {processor.py:830} INFO - Processing file /home/airflow/.local/lib/python3.12/site-packages/airflow/example_dags/example_subdag_operator.py for tasks to queue
[2024-06-04T23:49:50.300+0000] {logging_mixin.py:188} INFO - [2024-06-04T23:49:50.300+0000] {dagbag.py:545} INFO - Filling up the DagBag from /home/airflow/.local/lib/python3.12/site-packages/airflow/example_dags/example_subdag_operator.py
[2024-06-04T23:49:50.366+0000] {processor.py:840} INFO - DAG(s) 'example_subdag_operator.section-1', 'example_subdag_operator.section-2', 'example_subdag_operator' retrieved from /home/airflow/.local/lib/python3.12/site-packages/airflow/example_dags/example_subdag_operator.py
[2024-06-04T23:49:50.403+0000] {logging_mixin.py:188} INFO - [2024-06-04T23:49:50.402+0000] {dag.py:3096} INFO - Sync 3 DAGs
[2024-06-04T23:49:50.448+0000] {logging_mixin.py:188} INFO - [2024-06-04T23:49:50.448+0000] {dag.py:3954} INFO - Setting next_dagrun for example_subdag_operator to 2022-01-01 00:00:00+00:00, run_after=2022-01-01 00:00:00+00:00
[2024-06-04T23:49:50.455+0000] {logging_mixin.py:188} INFO - [2024-06-04T23:49:50.455+0000] {dag.py:3954} INFO - Setting next_dagrun for example_subdag_operator.section-1 to None, run_after=None
[2024-06-04T23:49:50.458+0000] {logging_mixin.py:188} INFO - [2024-06-04T23:49:50.458+0000] {dag.py:3954} INFO - Setting next_dagrun for example_subdag_operator.section-2 to None, run_after=None
[2024-06-04T23:49:50.474+0000] {logging_mixin.py:188} INFO - [2024-06-04T23:49:50.474+0000] {dag.py:3096} INFO - Sync 2 DAGs
[2024-06-04T23:49:50.486+0000] {logging_mixin.py:188} INFO - [2024-06-04T23:49:50.486+0000] {dag.py:3954} INFO - Setting next_dagrun for example_subdag_operator.section-1 to None, run_after=None
[2024-06-04T23:49:50.487+0000] {logging_mixin.py:188} INFO - [2024-06-04T23:49:50.487+0000] {dag.py:3954} INFO - Setting next_dagrun for example_subdag_operator.section-2 to None, run_after=None
[2024-06-04T23:49:50.525+0000] {processor.py:183} INFO - Processing /home/airflow/.local/lib/python3.12/site-packages/airflow/example_dags/example_subdag_operator.py took 0.248 seconds
[2024-06-04T23:50:21.261+0000] {processor.py:161} INFO - Started process (PID=172809) to work on /home/airflow/.local/lib/python3.12/site-packages/airflow/example_dags/example_subdag_operator.py
[2024-06-04T23:50:21.267+0000] {processor.py:830} INFO - Processing file /home/airflow/.local/lib/python3.12/site-packages/airflow/example_dags/example_subdag_operator.py for tasks to queue
[2024-06-04T23:50:21.273+0000] {logging_mixin.py:188} INFO - [2024-06-04T23:50:21.272+0000] {dagbag.py:545} INFO - Filling up the DagBag from /home/airflow/.local/lib/python3.12/site-packages/airflow/example_dags/example_subdag_operator.py
[2024-06-04T23:50:21.373+0000] {processor.py:840} INFO - DAG(s) 'example_subdag_operator.section-1', 'example_subdag_operator.section-2', 'example_subdag_operator' retrieved from /home/airflow/.local/lib/python3.12/site-packages/airflow/example_dags/example_subdag_operator.py
[2024-06-04T23:50:21.459+0000] {logging_mixin.py:188} INFO - [2024-06-04T23:50:21.458+0000] {dag.py:3096} INFO - Sync 3 DAGs
[2024-06-04T23:50:21.555+0000] {logging_mixin.py:188} INFO - [2024-06-04T23:50:21.554+0000] {dag.py:3954} INFO - Setting next_dagrun for example_subdag_operator to 2022-01-01 00:00:00+00:00, run_after=2022-01-01 00:00:00+00:00
[2024-06-04T23:50:21.572+0000] {logging_mixin.py:188} INFO - [2024-06-04T23:50:21.572+0000] {dag.py:3954} INFO - Setting next_dagrun for example_subdag_operator.section-1 to None, run_after=None
[2024-06-04T23:50:21.580+0000] {logging_mixin.py:188} INFO - [2024-06-04T23:50:21.579+0000] {dag.py:3954} INFO - Setting next_dagrun for example_subdag_operator.section-2 to None, run_after=None
[2024-06-04T23:50:21.613+0000] {logging_mixin.py:188} INFO - [2024-06-04T23:50:21.613+0000] {dag.py:3096} INFO - Sync 2 DAGs
[2024-06-04T23:50:21.635+0000] {logging_mixin.py:188} INFO - [2024-06-04T23:50:21.635+0000] {dag.py:3954} INFO - Setting next_dagrun for example_subdag_operator.section-1 to None, run_after=None
[2024-06-04T23:50:21.637+0000] {logging_mixin.py:188} INFO - [2024-06-04T23:50:21.636+0000] {dag.py:3954} INFO - Setting next_dagrun for example_subdag_operator.section-2 to None, run_after=None
[2024-06-04T23:50:21.705+0000] {processor.py:183} INFO - Processing /home/airflow/.local/lib/python3.12/site-packages/airflow/example_dags/example_subdag_operator.py took 0.471 seconds
[2024-06-04T23:50:52.589+0000] {processor.py:161} INFO - Started process (PID=173073) to work on /home/airflow/.local/lib/python3.12/site-packages/airflow/example_dags/example_subdag_operator.py
[2024-06-04T23:50:52.597+0000] {processor.py:830} INFO - Processing file /home/airflow/.local/lib/python3.12/site-packages/airflow/example_dags/example_subdag_operator.py for tasks to queue
[2024-06-04T23:50:52.601+0000] {logging_mixin.py:188} INFO - [2024-06-04T23:50:52.600+0000] {dagbag.py:545} INFO - Filling up the DagBag from /home/airflow/.local/lib/python3.12/site-packages/airflow/example_dags/example_subdag_operator.py
[2024-06-04T23:50:52.655+0000] {processor.py:840} INFO - DAG(s) 'example_subdag_operator.section-1', 'example_subdag_operator.section-2', 'example_subdag_operator' retrieved from /home/airflow/.local/lib/python3.12/site-packages/airflow/example_dags/example_subdag_operator.py
[2024-06-04T23:50:52.704+0000] {logging_mixin.py:188} INFO - [2024-06-04T23:50:52.704+0000] {dag.py:3096} INFO - Sync 3 DAGs
[2024-06-04T23:50:52.764+0000] {logging_mixin.py:188} INFO - [2024-06-04T23:50:52.764+0000] {dag.py:3954} INFO - Setting next_dagrun for example_subdag_operator to 2022-01-01 00:00:00+00:00, run_after=2022-01-01 00:00:00+00:00
[2024-06-04T23:50:52.774+0000] {logging_mixin.py:188} INFO - [2024-06-04T23:50:52.774+0000] {dag.py:3954} INFO - Setting next_dagrun for example_subdag_operator.section-1 to None, run_after=None
[2024-06-04T23:50:52.778+0000] {logging_mixin.py:188} INFO - [2024-06-04T23:50:52.777+0000] {dag.py:3954} INFO - Setting next_dagrun for example_subdag_operator.section-2 to None, run_after=None
[2024-06-04T23:50:52.795+0000] {logging_mixin.py:188} INFO - [2024-06-04T23:50:52.794+0000] {dag.py:3096} INFO - Sync 2 DAGs
[2024-06-04T23:50:52.807+0000] {logging_mixin.py:188} INFO - [2024-06-04T23:50:52.807+0000] {dag.py:3954} INFO - Setting next_dagrun for example_subdag_operator.section-1 to None, run_after=None
[2024-06-04T23:50:52.809+0000] {logging_mixin.py:188} INFO - [2024-06-04T23:50:52.809+0000] {dag.py:3954} INFO - Setting next_dagrun for example_subdag_operator.section-2 to None, run_after=None
[2024-06-04T23:50:52.848+0000] {processor.py:183} INFO - Processing /home/airflow/.local/lib/python3.12/site-packages/airflow/example_dags/example_subdag_operator.py took 0.275 seconds
[2024-06-04T23:51:23.722+0000] {processor.py:161} INFO - Started process (PID=173336) to work on /home/airflow/.local/lib/python3.12/site-packages/airflow/example_dags/example_subdag_operator.py
[2024-06-04T23:51:23.732+0000] {processor.py:830} INFO - Processing file /home/airflow/.local/lib/python3.12/site-packages/airflow/example_dags/example_subdag_operator.py for tasks to queue
[2024-06-04T23:51:23.738+0000] {logging_mixin.py:188} INFO - [2024-06-04T23:51:23.738+0000] {dagbag.py:545} INFO - Filling up the DagBag from /home/airflow/.local/lib/python3.12/site-packages/airflow/example_dags/example_subdag_operator.py
[2024-06-04T23:51:23.840+0000] {processor.py:840} INFO - DAG(s) 'example_subdag_operator.section-1', 'example_subdag_operator.section-2', 'example_subdag_operator' retrieved from /home/airflow/.local/lib/python3.12/site-packages/airflow/example_dags/example_subdag_operator.py
[2024-06-04T23:51:23.886+0000] {logging_mixin.py:188} INFO - [2024-06-04T23:51:23.886+0000] {dag.py:3096} INFO - Sync 3 DAGs
[2024-06-04T23:51:23.955+0000] {logging_mixin.py:188} INFO - [2024-06-04T23:51:23.954+0000] {dag.py:3954} INFO - Setting next_dagrun for example_subdag_operator to 2022-01-01 00:00:00+00:00, run_after=2022-01-01 00:00:00+00:00
[2024-06-04T23:51:23.967+0000] {logging_mixin.py:188} INFO - [2024-06-04T23:51:23.967+0000] {dag.py:3954} INFO - Setting next_dagrun for example_subdag_operator.section-1 to None, run_after=None
[2024-06-04T23:51:23.971+0000] {logging_mixin.py:188} INFO - [2024-06-04T23:51:23.971+0000] {dag.py:3954} INFO - Setting next_dagrun for example_subdag_operator.section-2 to None, run_after=None
[2024-06-04T23:51:24.005+0000] {logging_mixin.py:188} INFO - [2024-06-04T23:51:24.005+0000] {dag.py:3096} INFO - Sync 2 DAGs
[2024-06-04T23:51:24.031+0000] {logging_mixin.py:188} INFO - [2024-06-04T23:51:24.030+0000] {dag.py:3954} INFO - Setting next_dagrun for example_subdag_operator.section-1 to None, run_after=None
[2024-06-04T23:51:24.032+0000] {logging_mixin.py:188} INFO - [2024-06-04T23:51:24.032+0000] {dag.py:3954} INFO - Setting next_dagrun for example_subdag_operator.section-2 to None, run_after=None
[2024-06-04T23:51:24.079+0000] {processor.py:183} INFO - Processing /home/airflow/.local/lib/python3.12/site-packages/airflow/example_dags/example_subdag_operator.py took 0.372 seconds
[2024-06-04T23:51:54.550+0000] {processor.py:161} INFO - Started process (PID=173597) to work on /home/airflow/.local/lib/python3.12/site-packages/airflow/example_dags/example_subdag_operator.py
[2024-06-04T23:51:54.552+0000] {processor.py:830} INFO - Processing file /home/airflow/.local/lib/python3.12/site-packages/airflow/example_dags/example_subdag_operator.py for tasks to queue
[2024-06-04T23:51:54.556+0000] {logging_mixin.py:188} INFO - [2024-06-04T23:51:54.556+0000] {dagbag.py:545} INFO - Filling up the DagBag from /home/airflow/.local/lib/python3.12/site-packages/airflow/example_dags/example_subdag_operator.py
[2024-06-04T23:51:54.616+0000] {processor.py:840} INFO - DAG(s) 'example_subdag_operator.section-1', 'example_subdag_operator.section-2', 'example_subdag_operator' retrieved from /home/airflow/.local/lib/python3.12/site-packages/airflow/example_dags/example_subdag_operator.py
[2024-06-04T23:51:54.663+0000] {logging_mixin.py:188} INFO - [2024-06-04T23:51:54.662+0000] {dag.py:3096} INFO - Sync 3 DAGs
[2024-06-04T23:51:54.718+0000] {logging_mixin.py:188} INFO - [2024-06-04T23:51:54.717+0000] {dag.py:3954} INFO - Setting next_dagrun for example_subdag_operator to 2022-01-01 00:00:00+00:00, run_after=2022-01-01 00:00:00+00:00
[2024-06-04T23:51:54.728+0000] {logging_mixin.py:188} INFO - [2024-06-04T23:51:54.727+0000] {dag.py:3954} INFO - Setting next_dagrun for example_subdag_operator.section-1 to None, run_after=None
[2024-06-04T23:51:54.731+0000] {logging_mixin.py:188} INFO - [2024-06-04T23:51:54.731+0000] {dag.py:3954} INFO - Setting next_dagrun for example_subdag_operator.section-2 to None, run_after=None
[2024-06-04T23:51:54.751+0000] {logging_mixin.py:188} INFO - [2024-06-04T23:51:54.750+0000] {dag.py:3096} INFO - Sync 2 DAGs
[2024-06-04T23:51:54.764+0000] {logging_mixin.py:188} INFO - [2024-06-04T23:51:54.764+0000] {dag.py:3954} INFO - Setting next_dagrun for example_subdag_operator.section-1 to None, run_after=None
[2024-06-04T23:51:54.765+0000] {logging_mixin.py:188} INFO - [2024-06-04T23:51:54.765+0000] {dag.py:3954} INFO - Setting next_dagrun for example_subdag_operator.section-2 to None, run_after=None
[2024-06-04T23:51:54.818+0000] {processor.py:183} INFO - Processing /home/airflow/.local/lib/python3.12/site-packages/airflow/example_dags/example_subdag_operator.py took 0.283 seconds
[2024-06-04T23:52:25.330+0000] {processor.py:161} INFO - Started process (PID=173859) to work on /home/airflow/.local/lib/python3.12/site-packages/airflow/example_dags/example_subdag_operator.py
[2024-06-04T23:52:25.332+0000] {processor.py:830} INFO - Processing file /home/airflow/.local/lib/python3.12/site-packages/airflow/example_dags/example_subdag_operator.py for tasks to queue
[2024-06-04T23:52:25.337+0000] {logging_mixin.py:188} INFO - [2024-06-04T23:52:25.336+0000] {dagbag.py:545} INFO - Filling up the DagBag from /home/airflow/.local/lib/python3.12/site-packages/airflow/example_dags/example_subdag_operator.py
[2024-06-04T23:52:25.396+0000] {processor.py:840} INFO - DAG(s) 'example_subdag_operator.section-1', 'example_subdag_operator.section-2', 'example_subdag_operator' retrieved from /home/airflow/.local/lib/python3.12/site-packages/airflow/example_dags/example_subdag_operator.py
[2024-06-04T23:52:25.444+0000] {logging_mixin.py:188} INFO - [2024-06-04T23:52:25.443+0000] {dag.py:3096} INFO - Sync 3 DAGs
[2024-06-04T23:52:25.506+0000] {logging_mixin.py:188} INFO - [2024-06-04T23:52:25.506+0000] {dag.py:3954} INFO - Setting next_dagrun for example_subdag_operator to 2022-01-01 00:00:00+00:00, run_after=2022-01-01 00:00:00+00:00
[2024-06-04T23:52:25.517+0000] {logging_mixin.py:188} INFO - [2024-06-04T23:52:25.517+0000] {dag.py:3954} INFO - Setting next_dagrun for example_subdag_operator.section-1 to None, run_after=None
[2024-06-04T23:52:25.521+0000] {logging_mixin.py:188} INFO - [2024-06-04T23:52:25.521+0000] {dag.py:3954} INFO - Setting next_dagrun for example_subdag_operator.section-2 to None, run_after=None
[2024-06-04T23:52:25.541+0000] {logging_mixin.py:188} INFO - [2024-06-04T23:52:25.538+0000] {dag.py:3096} INFO - Sync 2 DAGs
[2024-06-04T23:52:25.555+0000] {logging_mixin.py:188} INFO - [2024-06-04T23:52:25.554+0000] {dag.py:3954} INFO - Setting next_dagrun for example_subdag_operator.section-1 to None, run_after=None
[2024-06-04T23:52:25.557+0000] {logging_mixin.py:188} INFO - [2024-06-04T23:52:25.556+0000] {dag.py:3954} INFO - Setting next_dagrun for example_subdag_operator.section-2 to None, run_after=None
[2024-06-04T23:52:25.619+0000] {processor.py:183} INFO - Processing /home/airflow/.local/lib/python3.12/site-packages/airflow/example_dags/example_subdag_operator.py took 0.304 seconds
[2024-06-04T23:52:56.344+0000] {processor.py:161} INFO - Started process (PID=174121) to work on /home/airflow/.local/lib/python3.12/site-packages/airflow/example_dags/example_subdag_operator.py
[2024-06-04T23:52:56.350+0000] {processor.py:830} INFO - Processing file /home/airflow/.local/lib/python3.12/site-packages/airflow/example_dags/example_subdag_operator.py for tasks to queue
[2024-06-04T23:52:56.354+0000] {logging_mixin.py:188} INFO - [2024-06-04T23:52:56.354+0000] {dagbag.py:545} INFO - Filling up the DagBag from /home/airflow/.local/lib/python3.12/site-packages/airflow/example_dags/example_subdag_operator.py
[2024-06-04T23:52:56.491+0000] {processor.py:840} INFO - DAG(s) 'example_subdag_operator.section-1', 'example_subdag_operator.section-2', 'example_subdag_operator' retrieved from /home/airflow/.local/lib/python3.12/site-packages/airflow/example_dags/example_subdag_operator.py
[2024-06-04T23:52:56.555+0000] {logging_mixin.py:188} INFO - [2024-06-04T23:52:56.554+0000] {dag.py:3096} INFO - Sync 3 DAGs
[2024-06-04T23:52:56.612+0000] {logging_mixin.py:188} INFO - [2024-06-04T23:52:56.611+0000] {dag.py:3954} INFO - Setting next_dagrun for example_subdag_operator to 2022-01-01 00:00:00+00:00, run_after=2022-01-01 00:00:00+00:00
[2024-06-04T23:52:56.622+0000] {logging_mixin.py:188} INFO - [2024-06-04T23:52:56.621+0000] {dag.py:3954} INFO - Setting next_dagrun for example_subdag_operator.section-1 to None, run_after=None
[2024-06-04T23:52:56.627+0000] {logging_mixin.py:188} INFO - [2024-06-04T23:52:56.626+0000] {dag.py:3954} INFO - Setting next_dagrun for example_subdag_operator.section-2 to None, run_after=None
[2024-06-04T23:52:56.646+0000] {logging_mixin.py:188} INFO - [2024-06-04T23:52:56.645+0000] {dag.py:3096} INFO - Sync 2 DAGs
[2024-06-04T23:52:56.659+0000] {logging_mixin.py:188} INFO - [2024-06-04T23:52:56.659+0000] {dag.py:3954} INFO - Setting next_dagrun for example_subdag_operator.section-1 to None, run_after=None
[2024-06-04T23:52:56.661+0000] {logging_mixin.py:188} INFO - [2024-06-04T23:52:56.660+0000] {dag.py:3954} INFO - Setting next_dagrun for example_subdag_operator.section-2 to None, run_after=None
[2024-06-04T23:52:56.697+0000] {processor.py:183} INFO - Processing /home/airflow/.local/lib/python3.12/site-packages/airflow/example_dags/example_subdag_operator.py took 0.368 seconds
[2024-06-04T23:53:26.937+0000] {processor.py:161} INFO - Started process (PID=174389) to work on /home/airflow/.local/lib/python3.12/site-packages/airflow/example_dags/example_subdag_operator.py
[2024-06-04T23:53:26.938+0000] {processor.py:830} INFO - Processing file /home/airflow/.local/lib/python3.12/site-packages/airflow/example_dags/example_subdag_operator.py for tasks to queue
[2024-06-04T23:53:26.941+0000] {logging_mixin.py:188} INFO - [2024-06-04T23:53:26.941+0000] {dagbag.py:545} INFO - Filling up the DagBag from /home/airflow/.local/lib/python3.12/site-packages/airflow/example_dags/example_subdag_operator.py
[2024-06-04T23:53:26.991+0000] {processor.py:840} INFO - DAG(s) 'example_subdag_operator.section-1', 'example_subdag_operator.section-2', 'example_subdag_operator' retrieved from /home/airflow/.local/lib/python3.12/site-packages/airflow/example_dags/example_subdag_operator.py
[2024-06-04T23:53:27.035+0000] {logging_mixin.py:188} INFO - [2024-06-04T23:53:27.034+0000] {dag.py:3096} INFO - Sync 3 DAGs
[2024-06-04T23:53:27.091+0000] {logging_mixin.py:188} INFO - [2024-06-04T23:53:27.090+0000] {dag.py:3954} INFO - Setting next_dagrun for example_subdag_operator to 2022-01-01 00:00:00+00:00, run_after=2022-01-01 00:00:00+00:00
[2024-06-04T23:53:27.100+0000] {logging_mixin.py:188} INFO - [2024-06-04T23:53:27.100+0000] {dag.py:3954} INFO - Setting next_dagrun for example_subdag_operator.section-1 to None, run_after=None
[2024-06-04T23:53:27.104+0000] {logging_mixin.py:188} INFO - [2024-06-04T23:53:27.103+0000] {dag.py:3954} INFO - Setting next_dagrun for example_subdag_operator.section-2 to None, run_after=None
[2024-06-04T23:53:27.121+0000] {logging_mixin.py:188} INFO - [2024-06-04T23:53:27.121+0000] {dag.py:3096} INFO - Sync 2 DAGs
[2024-06-04T23:53:27.134+0000] {logging_mixin.py:188} INFO - [2024-06-04T23:53:27.134+0000] {dag.py:3954} INFO - Setting next_dagrun for example_subdag_operator.section-1 to None, run_after=None
[2024-06-04T23:53:27.136+0000] {logging_mixin.py:188} INFO - [2024-06-04T23:53:27.135+0000] {dag.py:3954} INFO - Setting next_dagrun for example_subdag_operator.section-2 to None, run_after=None
[2024-06-04T23:53:27.192+0000] {processor.py:183} INFO - Processing /home/airflow/.local/lib/python3.12/site-packages/airflow/example_dags/example_subdag_operator.py took 0.267 seconds
[2024-06-04T23:53:57.561+0000] {processor.py:161} INFO - Started process (PID=174650) to work on /home/airflow/.local/lib/python3.12/site-packages/airflow/example_dags/example_subdag_operator.py
[2024-06-04T23:53:57.575+0000] {processor.py:830} INFO - Processing file /home/airflow/.local/lib/python3.12/site-packages/airflow/example_dags/example_subdag_operator.py for tasks to queue
[2024-06-04T23:53:57.578+0000] {logging_mixin.py:188} INFO - [2024-06-04T23:53:57.577+0000] {dagbag.py:545} INFO - Filling up the DagBag from /home/airflow/.local/lib/python3.12/site-packages/airflow/example_dags/example_subdag_operator.py
[2024-06-04T23:53:57.622+0000] {processor.py:840} INFO - DAG(s) 'example_subdag_operator.section-1', 'example_subdag_operator.section-2', 'example_subdag_operator' retrieved from /home/airflow/.local/lib/python3.12/site-packages/airflow/example_dags/example_subdag_operator.py
[2024-06-04T23:53:57.652+0000] {logging_mixin.py:188} INFO - [2024-06-04T23:53:57.652+0000] {dag.py:3096} INFO - Sync 3 DAGs
[2024-06-04T23:53:57.693+0000] {logging_mixin.py:188} INFO - [2024-06-04T23:53:57.693+0000] {dag.py:3954} INFO - Setting next_dagrun for example_subdag_operator to 2022-01-01 00:00:00+00:00, run_after=2022-01-01 00:00:00+00:00
[2024-06-04T23:53:57.700+0000] {logging_mixin.py:188} INFO - [2024-06-04T23:53:57.700+0000] {dag.py:3954} INFO - Setting next_dagrun for example_subdag_operator.section-1 to None, run_after=None
[2024-06-04T23:53:57.703+0000] {logging_mixin.py:188} INFO - [2024-06-04T23:53:57.703+0000] {dag.py:3954} INFO - Setting next_dagrun for example_subdag_operator.section-2 to None, run_after=None
[2024-06-04T23:53:57.716+0000] {logging_mixin.py:188} INFO - [2024-06-04T23:53:57.716+0000] {dag.py:3096} INFO - Sync 2 DAGs
[2024-06-04T23:53:57.727+0000] {logging_mixin.py:188} INFO - [2024-06-04T23:53:57.726+0000] {dag.py:3954} INFO - Setting next_dagrun for example_subdag_operator.section-1 to None, run_after=None
[2024-06-04T23:53:57.728+0000] {logging_mixin.py:188} INFO - [2024-06-04T23:53:57.727+0000] {dag.py:3954} INFO - Setting next_dagrun for example_subdag_operator.section-2 to None, run_after=None
[2024-06-04T23:53:57.765+0000] {processor.py:183} INFO - Processing /home/airflow/.local/lib/python3.12/site-packages/airflow/example_dags/example_subdag_operator.py took 0.214 seconds
[2024-06-04T23:54:28.360+0000] {processor.py:161} INFO - Started process (PID=174907) to work on /home/airflow/.local/lib/python3.12/site-packages/airflow/example_dags/example_subdag_operator.py
[2024-06-04T23:54:28.362+0000] {processor.py:830} INFO - Processing file /home/airflow/.local/lib/python3.12/site-packages/airflow/example_dags/example_subdag_operator.py for tasks to queue
[2024-06-04T23:54:28.366+0000] {logging_mixin.py:188} INFO - [2024-06-04T23:54:28.365+0000] {dagbag.py:545} INFO - Filling up the DagBag from /home/airflow/.local/lib/python3.12/site-packages/airflow/example_dags/example_subdag_operator.py
[2024-06-04T23:54:28.452+0000] {processor.py:840} INFO - DAG(s) 'example_subdag_operator.section-1', 'example_subdag_operator.section-2', 'example_subdag_operator' retrieved from /home/airflow/.local/lib/python3.12/site-packages/airflow/example_dags/example_subdag_operator.py
[2024-06-04T23:54:28.541+0000] {logging_mixin.py:188} INFO - [2024-06-04T23:54:28.540+0000] {dag.py:3096} INFO - Sync 3 DAGs
[2024-06-04T23:54:28.659+0000] {logging_mixin.py:188} INFO - [2024-06-04T23:54:28.658+0000] {dag.py:3954} INFO - Setting next_dagrun for example_subdag_operator to 2022-01-01 00:00:00+00:00, run_after=2022-01-01 00:00:00+00:00
[2024-06-04T23:54:28.669+0000] {logging_mixin.py:188} INFO - [2024-06-04T23:54:28.669+0000] {dag.py:3954} INFO - Setting next_dagrun for example_subdag_operator.section-1 to None, run_after=None
[2024-06-04T23:54:28.673+0000] {logging_mixin.py:188} INFO - [2024-06-04T23:54:28.673+0000] {dag.py:3954} INFO - Setting next_dagrun for example_subdag_operator.section-2 to None, run_after=None
[2024-06-04T23:54:28.703+0000] {logging_mixin.py:188} INFO - [2024-06-04T23:54:28.703+0000] {dag.py:3096} INFO - Sync 2 DAGs
[2024-06-04T23:54:28.742+0000] {logging_mixin.py:188} INFO - [2024-06-04T23:54:28.735+0000] {dag.py:3954} INFO - Setting next_dagrun for example_subdag_operator.section-1 to None, run_after=None
[2024-06-04T23:54:28.743+0000] {logging_mixin.py:188} INFO - [2024-06-04T23:54:28.743+0000] {dag.py:3954} INFO - Setting next_dagrun for example_subdag_operator.section-2 to None, run_after=None
[2024-06-04T23:54:28.824+0000] {processor.py:183} INFO - Processing /home/airflow/.local/lib/python3.12/site-packages/airflow/example_dags/example_subdag_operator.py took 0.479 seconds
[2024-06-04T23:54:58.943+0000] {processor.py:161} INFO - Started process (PID=175173) to work on /home/airflow/.local/lib/python3.12/site-packages/airflow/example_dags/example_subdag_operator.py
[2024-06-04T23:54:58.945+0000] {processor.py:830} INFO - Processing file /home/airflow/.local/lib/python3.12/site-packages/airflow/example_dags/example_subdag_operator.py for tasks to queue
[2024-06-04T23:54:58.949+0000] {logging_mixin.py:188} INFO - [2024-06-04T23:54:58.948+0000] {dagbag.py:545} INFO - Filling up the DagBag from /home/airflow/.local/lib/python3.12/site-packages/airflow/example_dags/example_subdag_operator.py
[2024-06-04T23:54:59.002+0000] {processor.py:840} INFO - DAG(s) 'example_subdag_operator.section-1', 'example_subdag_operator.section-2', 'example_subdag_operator' retrieved from /home/airflow/.local/lib/python3.12/site-packages/airflow/example_dags/example_subdag_operator.py
[2024-06-04T23:54:59.048+0000] {logging_mixin.py:188} INFO - [2024-06-04T23:54:59.047+0000] {dag.py:3096} INFO - Sync 3 DAGs
[2024-06-04T23:54:59.108+0000] {logging_mixin.py:188} INFO - [2024-06-04T23:54:59.108+0000] {dag.py:3954} INFO - Setting next_dagrun for example_subdag_operator to 2022-01-01 00:00:00+00:00, run_after=2022-01-01 00:00:00+00:00
[2024-06-04T23:54:59.119+0000] {logging_mixin.py:188} INFO - [2024-06-04T23:54:59.118+0000] {dag.py:3954} INFO - Setting next_dagrun for example_subdag_operator.section-1 to None, run_after=None
[2024-06-04T23:54:59.122+0000] {logging_mixin.py:188} INFO - [2024-06-04T23:54:59.121+0000] {dag.py:3954} INFO - Setting next_dagrun for example_subdag_operator.section-2 to None, run_after=None
[2024-06-04T23:54:59.138+0000] {logging_mixin.py:188} INFO - [2024-06-04T23:54:59.138+0000] {dag.py:3096} INFO - Sync 2 DAGs
[2024-06-04T23:54:59.151+0000] {logging_mixin.py:188} INFO - [2024-06-04T23:54:59.151+0000] {dag.py:3954} INFO - Setting next_dagrun for example_subdag_operator.section-1 to None, run_after=None
[2024-06-04T23:54:59.152+0000] {logging_mixin.py:188} INFO - [2024-06-04T23:54:59.152+0000] {dag.py:3954} INFO - Setting next_dagrun for example_subdag_operator.section-2 to None, run_after=None
[2024-06-04T23:54:59.191+0000] {processor.py:183} INFO - Processing /home/airflow/.local/lib/python3.12/site-packages/airflow/example_dags/example_subdag_operator.py took 0.261 seconds
[2024-06-04T23:55:29.373+0000] {processor.py:161} INFO - Started process (PID=175432) to work on /home/airflow/.local/lib/python3.12/site-packages/airflow/example_dags/example_subdag_operator.py
[2024-06-04T23:55:29.375+0000] {processor.py:830} INFO - Processing file /home/airflow/.local/lib/python3.12/site-packages/airflow/example_dags/example_subdag_operator.py for tasks to queue
[2024-06-04T23:55:29.380+0000] {logging_mixin.py:188} INFO - [2024-06-04T23:55:29.380+0000] {dagbag.py:545} INFO - Filling up the DagBag from /home/airflow/.local/lib/python3.12/site-packages/airflow/example_dags/example_subdag_operator.py
[2024-06-04T23:55:29.432+0000] {processor.py:840} INFO - DAG(s) 'example_subdag_operator.section-1', 'example_subdag_operator.section-2', 'example_subdag_operator' retrieved from /home/airflow/.local/lib/python3.12/site-packages/airflow/example_dags/example_subdag_operator.py
[2024-06-04T23:55:29.467+0000] {logging_mixin.py:188} INFO - [2024-06-04T23:55:29.467+0000] {dag.py:3096} INFO - Sync 3 DAGs
[2024-06-04T23:55:29.512+0000] {logging_mixin.py:188} INFO - [2024-06-04T23:55:29.512+0000] {dag.py:3954} INFO - Setting next_dagrun for example_subdag_operator to 2022-01-01 00:00:00+00:00, run_after=2022-01-01 00:00:00+00:00
[2024-06-04T23:55:29.520+0000] {logging_mixin.py:188} INFO - [2024-06-04T23:55:29.520+0000] {dag.py:3954} INFO - Setting next_dagrun for example_subdag_operator.section-1 to None, run_after=None
[2024-06-04T23:55:29.524+0000] {logging_mixin.py:188} INFO - [2024-06-04T23:55:29.523+0000] {dag.py:3954} INFO - Setting next_dagrun for example_subdag_operator.section-2 to None, run_after=None
[2024-06-04T23:55:29.538+0000] {logging_mixin.py:188} INFO - [2024-06-04T23:55:29.538+0000] {dag.py:3096} INFO - Sync 2 DAGs
[2024-06-04T23:55:29.548+0000] {logging_mixin.py:188} INFO - [2024-06-04T23:55:29.548+0000] {dag.py:3954} INFO - Setting next_dagrun for example_subdag_operator.section-1 to None, run_after=None
[2024-06-04T23:55:29.549+0000] {logging_mixin.py:188} INFO - [2024-06-04T23:55:29.549+0000] {dag.py:3954} INFO - Setting next_dagrun for example_subdag_operator.section-2 to None, run_after=None
[2024-06-04T23:55:29.584+0000] {processor.py:183} INFO - Processing /home/airflow/.local/lib/python3.12/site-packages/airflow/example_dags/example_subdag_operator.py took 0.223 seconds
[2024-06-04T23:56:00.064+0000] {processor.py:161} INFO - Started process (PID=175692) to work on /home/airflow/.local/lib/python3.12/site-packages/airflow/example_dags/example_subdag_operator.py
[2024-06-04T23:56:00.072+0000] {processor.py:830} INFO - Processing file /home/airflow/.local/lib/python3.12/site-packages/airflow/example_dags/example_subdag_operator.py for tasks to queue
[2024-06-04T23:56:00.078+0000] {logging_mixin.py:188} INFO - [2024-06-04T23:56:00.077+0000] {dagbag.py:545} INFO - Filling up the DagBag from /home/airflow/.local/lib/python3.12/site-packages/airflow/example_dags/example_subdag_operator.py
[2024-06-04T23:56:00.175+0000] {processor.py:840} INFO - DAG(s) 'example_subdag_operator.section-1', 'example_subdag_operator.section-2', 'example_subdag_operator' retrieved from /home/airflow/.local/lib/python3.12/site-packages/airflow/example_dags/example_subdag_operator.py
[2024-06-04T23:56:00.255+0000] {logging_mixin.py:188} INFO - [2024-06-04T23:56:00.254+0000] {dag.py:3096} INFO - Sync 3 DAGs
[2024-06-04T23:56:00.364+0000] {logging_mixin.py:188} INFO - [2024-06-04T23:56:00.360+0000] {dag.py:3954} INFO - Setting next_dagrun for example_subdag_operator to 2022-01-01 00:00:00+00:00, run_after=2022-01-01 00:00:00+00:00
[2024-06-04T23:56:00.388+0000] {logging_mixin.py:188} INFO - [2024-06-04T23:56:00.388+0000] {dag.py:3954} INFO - Setting next_dagrun for example_subdag_operator.section-1 to None, run_after=None
[2024-06-04T23:56:00.421+0000] {logging_mixin.py:188} INFO - [2024-06-04T23:56:00.420+0000] {dag.py:3954} INFO - Setting next_dagrun for example_subdag_operator.section-2 to None, run_after=None
[2024-06-04T23:56:00.482+0000] {logging_mixin.py:188} INFO - [2024-06-04T23:56:00.475+0000] {dag.py:3096} INFO - Sync 2 DAGs
[2024-06-04T23:56:00.504+0000] {logging_mixin.py:188} INFO - [2024-06-04T23:56:00.504+0000] {dag.py:3954} INFO - Setting next_dagrun for example_subdag_operator.section-1 to None, run_after=None
[2024-06-04T23:56:00.516+0000] {logging_mixin.py:188} INFO - [2024-06-04T23:56:00.516+0000] {dag.py:3954} INFO - Setting next_dagrun for example_subdag_operator.section-2 to None, run_after=None
[2024-06-04T23:56:00.590+0000] {processor.py:183} INFO - Processing /home/airflow/.local/lib/python3.12/site-packages/airflow/example_dags/example_subdag_operator.py took 0.553 seconds
[2024-06-04T23:56:31.183+0000] {processor.py:161} INFO - Started process (PID=175950) to work on /home/airflow/.local/lib/python3.12/site-packages/airflow/example_dags/example_subdag_operator.py
[2024-06-04T23:56:31.186+0000] {processor.py:830} INFO - Processing file /home/airflow/.local/lib/python3.12/site-packages/airflow/example_dags/example_subdag_operator.py for tasks to queue
[2024-06-04T23:56:31.198+0000] {logging_mixin.py:188} INFO - [2024-06-04T23:56:31.197+0000] {dagbag.py:545} INFO - Filling up the DagBag from /home/airflow/.local/lib/python3.12/site-packages/airflow/example_dags/example_subdag_operator.py
[2024-06-04T23:56:31.376+0000] {processor.py:840} INFO - DAG(s) 'example_subdag_operator.section-1', 'example_subdag_operator.section-2', 'example_subdag_operator' retrieved from /home/airflow/.local/lib/python3.12/site-packages/airflow/example_dags/example_subdag_operator.py
[2024-06-04T23:56:31.461+0000] {logging_mixin.py:188} INFO - [2024-06-04T23:56:31.461+0000] {dag.py:3096} INFO - Sync 3 DAGs
[2024-06-04T23:56:31.577+0000] {logging_mixin.py:188} INFO - [2024-06-04T23:56:31.577+0000] {dag.py:3954} INFO - Setting next_dagrun for example_subdag_operator to 2022-01-01 00:00:00+00:00, run_after=2022-01-01 00:00:00+00:00
[2024-06-04T23:56:31.586+0000] {logging_mixin.py:188} INFO - [2024-06-04T23:56:31.585+0000] {dag.py:3954} INFO - Setting next_dagrun for example_subdag_operator.section-1 to None, run_after=None
[2024-06-04T23:56:31.590+0000] {logging_mixin.py:188} INFO - [2024-06-04T23:56:31.589+0000] {dag.py:3954} INFO - Setting next_dagrun for example_subdag_operator.section-2 to None, run_after=None
[2024-06-04T23:56:31.609+0000] {logging_mixin.py:188} INFO - [2024-06-04T23:56:31.609+0000] {dag.py:3096} INFO - Sync 2 DAGs
[2024-06-04T23:56:31.622+0000] {logging_mixin.py:188} INFO - [2024-06-04T23:56:31.622+0000] {dag.py:3954} INFO - Setting next_dagrun for example_subdag_operator.section-1 to None, run_after=None
[2024-06-04T23:56:31.624+0000] {logging_mixin.py:188} INFO - [2024-06-04T23:56:31.623+0000] {dag.py:3954} INFO - Setting next_dagrun for example_subdag_operator.section-2 to None, run_after=None
[2024-06-04T23:56:31.668+0000] {processor.py:183} INFO - Processing /home/airflow/.local/lib/python3.12/site-packages/airflow/example_dags/example_subdag_operator.py took 0.503 seconds
[2024-06-04T23:57:01.783+0000] {processor.py:161} INFO - Started process (PID=176211) to work on /home/airflow/.local/lib/python3.12/site-packages/airflow/example_dags/example_subdag_operator.py
[2024-06-04T23:57:01.786+0000] {processor.py:830} INFO - Processing file /home/airflow/.local/lib/python3.12/site-packages/airflow/example_dags/example_subdag_operator.py for tasks to queue
[2024-06-04T23:57:01.790+0000] {logging_mixin.py:188} INFO - [2024-06-04T23:57:01.789+0000] {dagbag.py:545} INFO - Filling up the DagBag from /home/airflow/.local/lib/python3.12/site-packages/airflow/example_dags/example_subdag_operator.py
[2024-06-04T23:57:01.850+0000] {processor.py:840} INFO - DAG(s) 'example_subdag_operator.section-1', 'example_subdag_operator.section-2', 'example_subdag_operator' retrieved from /home/airflow/.local/lib/python3.12/site-packages/airflow/example_dags/example_subdag_operator.py
[2024-06-04T23:57:01.901+0000] {logging_mixin.py:188} INFO - [2024-06-04T23:57:01.900+0000] {dag.py:3096} INFO - Sync 3 DAGs
[2024-06-04T23:57:01.963+0000] {logging_mixin.py:188} INFO - [2024-06-04T23:57:01.962+0000] {dag.py:3954} INFO - Setting next_dagrun for example_subdag_operator to 2022-01-01 00:00:00+00:00, run_after=2022-01-01 00:00:00+00:00
[2024-06-04T23:57:01.973+0000] {logging_mixin.py:188} INFO - [2024-06-04T23:57:01.973+0000] {dag.py:3954} INFO - Setting next_dagrun for example_subdag_operator.section-1 to None, run_after=None
[2024-06-04T23:57:01.978+0000] {logging_mixin.py:188} INFO - [2024-06-04T23:57:01.977+0000] {dag.py:3954} INFO - Setting next_dagrun for example_subdag_operator.section-2 to None, run_after=None
[2024-06-04T23:57:01.996+0000] {logging_mixin.py:188} INFO - [2024-06-04T23:57:01.996+0000] {dag.py:3096} INFO - Sync 2 DAGs
[2024-06-04T23:57:02.026+0000] {logging_mixin.py:188} INFO - [2024-06-04T23:57:02.026+0000] {dag.py:3954} INFO - Setting next_dagrun for example_subdag_operator.section-1 to None, run_after=None
[2024-06-04T23:57:02.028+0000] {logging_mixin.py:188} INFO - [2024-06-04T23:57:02.027+0000] {dag.py:3954} INFO - Setting next_dagrun for example_subdag_operator.section-2 to None, run_after=None
[2024-06-04T23:57:02.082+0000] {processor.py:183} INFO - Processing /home/airflow/.local/lib/python3.12/site-packages/airflow/example_dags/example_subdag_operator.py took 0.314 seconds
[2024-06-04T23:57:32.287+0000] {processor.py:161} INFO - Started process (PID=176476) to work on /home/airflow/.local/lib/python3.12/site-packages/airflow/example_dags/example_subdag_operator.py
[2024-06-04T23:57:32.291+0000] {processor.py:830} INFO - Processing file /home/airflow/.local/lib/python3.12/site-packages/airflow/example_dags/example_subdag_operator.py for tasks to queue
[2024-06-04T23:57:32.295+0000] {logging_mixin.py:188} INFO - [2024-06-04T23:57:32.294+0000] {dagbag.py:545} INFO - Filling up the DagBag from /home/airflow/.local/lib/python3.12/site-packages/airflow/example_dags/example_subdag_operator.py
[2024-06-04T23:57:32.371+0000] {processor.py:840} INFO - DAG(s) 'example_subdag_operator.section-1', 'example_subdag_operator.section-2', 'example_subdag_operator' retrieved from /home/airflow/.local/lib/python3.12/site-packages/airflow/example_dags/example_subdag_operator.py
[2024-06-04T23:57:32.418+0000] {logging_mixin.py:188} INFO - [2024-06-04T23:57:32.417+0000] {dag.py:3096} INFO - Sync 3 DAGs
[2024-06-04T23:57:32.486+0000] {logging_mixin.py:188} INFO - [2024-06-04T23:57:32.485+0000] {dag.py:3954} INFO - Setting next_dagrun for example_subdag_operator to 2022-01-01 00:00:00+00:00, run_after=2022-01-01 00:00:00+00:00
[2024-06-04T23:57:32.497+0000] {logging_mixin.py:188} INFO - [2024-06-04T23:57:32.496+0000] {dag.py:3954} INFO - Setting next_dagrun for example_subdag_operator.section-1 to None, run_after=None
[2024-06-04T23:57:32.501+0000] {logging_mixin.py:188} INFO - [2024-06-04T23:57:32.500+0000] {dag.py:3954} INFO - Setting next_dagrun for example_subdag_operator.section-2 to None, run_after=None
[2024-06-04T23:57:32.530+0000] {logging_mixin.py:188} INFO - [2024-06-04T23:57:32.529+0000] {dag.py:3096} INFO - Sync 2 DAGs
[2024-06-04T23:57:32.553+0000] {logging_mixin.py:188} INFO - [2024-06-04T23:57:32.552+0000] {dag.py:3954} INFO - Setting next_dagrun for example_subdag_operator.section-1 to None, run_after=None
[2024-06-04T23:57:32.557+0000] {logging_mixin.py:188} INFO - [2024-06-04T23:57:32.554+0000] {dag.py:3954} INFO - Setting next_dagrun for example_subdag_operator.section-2 to None, run_after=None
[2024-06-04T23:57:32.603+0000] {processor.py:183} INFO - Processing /home/airflow/.local/lib/python3.12/site-packages/airflow/example_dags/example_subdag_operator.py took 0.331 seconds
[2024-06-04T23:58:02.904+0000] {processor.py:161} INFO - Started process (PID=176735) to work on /home/airflow/.local/lib/python3.12/site-packages/airflow/example_dags/example_subdag_operator.py
[2024-06-04T23:58:02.907+0000] {processor.py:830} INFO - Processing file /home/airflow/.local/lib/python3.12/site-packages/airflow/example_dags/example_subdag_operator.py for tasks to queue
[2024-06-04T23:58:02.911+0000] {logging_mixin.py:188} INFO - [2024-06-04T23:58:02.910+0000] {dagbag.py:545} INFO - Filling up the DagBag from /home/airflow/.local/lib/python3.12/site-packages/airflow/example_dags/example_subdag_operator.py
[2024-06-04T23:58:02.971+0000] {processor.py:840} INFO - DAG(s) 'example_subdag_operator.section-1', 'example_subdag_operator.section-2', 'example_subdag_operator' retrieved from /home/airflow/.local/lib/python3.12/site-packages/airflow/example_dags/example_subdag_operator.py
[2024-06-04T23:58:03.022+0000] {logging_mixin.py:188} INFO - [2024-06-04T23:58:03.021+0000] {dag.py:3096} INFO - Sync 3 DAGs
[2024-06-04T23:58:03.083+0000] {logging_mixin.py:188} INFO - [2024-06-04T23:58:03.083+0000] {dag.py:3954} INFO - Setting next_dagrun for example_subdag_operator to 2022-01-01 00:00:00+00:00, run_after=2022-01-01 00:00:00+00:00
[2024-06-04T23:58:03.094+0000] {logging_mixin.py:188} INFO - [2024-06-04T23:58:03.094+0000] {dag.py:3954} INFO - Setting next_dagrun for example_subdag_operator.section-1 to None, run_after=None
[2024-06-04T23:58:03.098+0000] {logging_mixin.py:188} INFO - [2024-06-04T23:58:03.098+0000] {dag.py:3954} INFO - Setting next_dagrun for example_subdag_operator.section-2 to None, run_after=None
[2024-06-04T23:58:03.116+0000] {logging_mixin.py:188} INFO - [2024-06-04T23:58:03.116+0000] {dag.py:3096} INFO - Sync 2 DAGs
[2024-06-04T23:58:03.133+0000] {logging_mixin.py:188} INFO - [2024-06-04T23:58:03.133+0000] {dag.py:3954} INFO - Setting next_dagrun for example_subdag_operator.section-1 to None, run_after=None
[2024-06-04T23:58:03.135+0000] {logging_mixin.py:188} INFO - [2024-06-04T23:58:03.135+0000] {dag.py:3954} INFO - Setting next_dagrun for example_subdag_operator.section-2 to None, run_after=None
[2024-06-04T23:58:03.169+0000] {processor.py:183} INFO - Processing /home/airflow/.local/lib/python3.12/site-packages/airflow/example_dags/example_subdag_operator.py took 0.281 seconds
[2024-06-04T23:58:33.722+0000] {processor.py:161} INFO - Started process (PID=176996) to work on /home/airflow/.local/lib/python3.12/site-packages/airflow/example_dags/example_subdag_operator.py
[2024-06-04T23:58:33.738+0000] {processor.py:830} INFO - Processing file /home/airflow/.local/lib/python3.12/site-packages/airflow/example_dags/example_subdag_operator.py for tasks to queue
[2024-06-04T23:58:33.742+0000] {logging_mixin.py:188} INFO - [2024-06-04T23:58:33.741+0000] {dagbag.py:545} INFO - Filling up the DagBag from /home/airflow/.local/lib/python3.12/site-packages/airflow/example_dags/example_subdag_operator.py
[2024-06-04T23:58:33.813+0000] {processor.py:840} INFO - DAG(s) 'example_subdag_operator.section-1', 'example_subdag_operator.section-2', 'example_subdag_operator' retrieved from /home/airflow/.local/lib/python3.12/site-packages/airflow/example_dags/example_subdag_operator.py
[2024-06-04T23:58:33.868+0000] {logging_mixin.py:188} INFO - [2024-06-04T23:58:33.867+0000] {dag.py:3096} INFO - Sync 3 DAGs
[2024-06-04T23:58:33.928+0000] {logging_mixin.py:188} INFO - [2024-06-04T23:58:33.928+0000] {dag.py:3954} INFO - Setting next_dagrun for example_subdag_operator to 2022-01-01 00:00:00+00:00, run_after=2022-01-01 00:00:00+00:00
[2024-06-04T23:58:33.939+0000] {logging_mixin.py:188} INFO - [2024-06-04T23:58:33.938+0000] {dag.py:3954} INFO - Setting next_dagrun for example_subdag_operator.section-1 to None, run_after=None
[2024-06-04T23:58:33.942+0000] {logging_mixin.py:188} INFO - [2024-06-04T23:58:33.942+0000] {dag.py:3954} INFO - Setting next_dagrun for example_subdag_operator.section-2 to None, run_after=None
[2024-06-04T23:58:33.961+0000] {logging_mixin.py:188} INFO - [2024-06-04T23:58:33.961+0000] {dag.py:3096} INFO - Sync 2 DAGs
[2024-06-04T23:58:33.975+0000] {logging_mixin.py:188} INFO - [2024-06-04T23:58:33.975+0000] {dag.py:3954} INFO - Setting next_dagrun for example_subdag_operator.section-1 to None, run_after=None
[2024-06-04T23:58:33.977+0000] {logging_mixin.py:188} INFO - [2024-06-04T23:58:33.976+0000] {dag.py:3954} INFO - Setting next_dagrun for example_subdag_operator.section-2 to None, run_after=None
[2024-06-04T23:58:34.009+0000] {processor.py:183} INFO - Processing /home/airflow/.local/lib/python3.12/site-packages/airflow/example_dags/example_subdag_operator.py took 0.303 seconds
[2024-06-04T23:59:04.399+0000] {processor.py:161} INFO - Started process (PID=177257) to work on /home/airflow/.local/lib/python3.12/site-packages/airflow/example_dags/example_subdag_operator.py
[2024-06-04T23:59:04.401+0000] {processor.py:830} INFO - Processing file /home/airflow/.local/lib/python3.12/site-packages/airflow/example_dags/example_subdag_operator.py for tasks to queue
[2024-06-04T23:59:04.404+0000] {logging_mixin.py:188} INFO - [2024-06-04T23:59:04.403+0000] {dagbag.py:545} INFO - Filling up the DagBag from /home/airflow/.local/lib/python3.12/site-packages/airflow/example_dags/example_subdag_operator.py
[2024-06-04T23:59:04.540+0000] {processor.py:840} INFO - DAG(s) 'example_subdag_operator.section-1', 'example_subdag_operator.section-2', 'example_subdag_operator' retrieved from /home/airflow/.local/lib/python3.12/site-packages/airflow/example_dags/example_subdag_operator.py
[2024-06-04T23:59:04.666+0000] {logging_mixin.py:188} INFO - [2024-06-04T23:59:04.666+0000] {dag.py:3096} INFO - Sync 3 DAGs
[2024-06-04T23:59:04.770+0000] {logging_mixin.py:188} INFO - [2024-06-04T23:59:04.769+0000] {dag.py:3954} INFO - Setting next_dagrun for example_subdag_operator to 2022-01-01 00:00:00+00:00, run_after=2022-01-01 00:00:00+00:00
[2024-06-04T23:59:04.780+0000] {logging_mixin.py:188} INFO - [2024-06-04T23:59:04.779+0000] {dag.py:3954} INFO - Setting next_dagrun for example_subdag_operator.section-1 to None, run_after=None
[2024-06-04T23:59:04.797+0000] {logging_mixin.py:188} INFO - [2024-06-04T23:59:04.797+0000] {dag.py:3954} INFO - Setting next_dagrun for example_subdag_operator.section-2 to None, run_after=None
[2024-06-04T23:59:04.821+0000] {logging_mixin.py:188} INFO - [2024-06-04T23:59:04.821+0000] {dag.py:3096} INFO - Sync 2 DAGs
[2024-06-04T23:59:04.849+0000] {logging_mixin.py:188} INFO - [2024-06-04T23:59:04.849+0000] {dag.py:3954} INFO - Setting next_dagrun for example_subdag_operator.section-1 to None, run_after=None
[2024-06-04T23:59:04.850+0000] {logging_mixin.py:188} INFO - [2024-06-04T23:59:04.850+0000] {dag.py:3954} INFO - Setting next_dagrun for example_subdag_operator.section-2 to None, run_after=None
[2024-06-04T23:59:04.917+0000] {processor.py:183} INFO - Processing /home/airflow/.local/lib/python3.12/site-packages/airflow/example_dags/example_subdag_operator.py took 0.533 seconds
[2024-06-04T23:59:35.004+0000] {processor.py:161} INFO - Started process (PID=177522) to work on /home/airflow/.local/lib/python3.12/site-packages/airflow/example_dags/example_subdag_operator.py
[2024-06-04T23:59:35.020+0000] {processor.py:830} INFO - Processing file /home/airflow/.local/lib/python3.12/site-packages/airflow/example_dags/example_subdag_operator.py for tasks to queue
[2024-06-04T23:59:35.023+0000] {logging_mixin.py:188} INFO - [2024-06-04T23:59:35.022+0000] {dagbag.py:545} INFO - Filling up the DagBag from /home/airflow/.local/lib/python3.12/site-packages/airflow/example_dags/example_subdag_operator.py
[2024-06-04T23:59:35.078+0000] {processor.py:840} INFO - DAG(s) 'example_subdag_operator.section-1', 'example_subdag_operator.section-2', 'example_subdag_operator' retrieved from /home/airflow/.local/lib/python3.12/site-packages/airflow/example_dags/example_subdag_operator.py
[2024-06-04T23:59:35.126+0000] {logging_mixin.py:188} INFO - [2024-06-04T23:59:35.125+0000] {dag.py:3096} INFO - Sync 3 DAGs
[2024-06-04T23:59:35.193+0000] {logging_mixin.py:188} INFO - [2024-06-04T23:59:35.192+0000] {dag.py:3954} INFO - Setting next_dagrun for example_subdag_operator to 2022-01-01 00:00:00+00:00, run_after=2022-01-01 00:00:00+00:00
[2024-06-04T23:59:35.205+0000] {logging_mixin.py:188} INFO - [2024-06-04T23:59:35.204+0000] {dag.py:3954} INFO - Setting next_dagrun for example_subdag_operator.section-1 to None, run_after=None
[2024-06-04T23:59:35.209+0000] {logging_mixin.py:188} INFO - [2024-06-04T23:59:35.209+0000] {dag.py:3954} INFO - Setting next_dagrun for example_subdag_operator.section-2 to None, run_after=None
[2024-06-04T23:59:35.230+0000] {logging_mixin.py:188} INFO - [2024-06-04T23:59:35.230+0000] {dag.py:3096} INFO - Sync 2 DAGs
[2024-06-04T23:59:35.277+0000] {logging_mixin.py:188} INFO - [2024-06-04T23:59:35.276+0000] {dag.py:3954} INFO - Setting next_dagrun for example_subdag_operator.section-1 to None, run_after=None
[2024-06-04T23:59:35.278+0000] {logging_mixin.py:188} INFO - [2024-06-04T23:59:35.278+0000] {dag.py:3954} INFO - Setting next_dagrun for example_subdag_operator.section-2 to None, run_after=None
[2024-06-04T23:59:35.322+0000] {processor.py:183} INFO - Processing /home/airflow/.local/lib/python3.12/site-packages/airflow/example_dags/example_subdag_operator.py took 0.332 seconds
