[2024-06-04T23:43:58.603+0000] {processor.py:161} INFO - Started process (PID=169542) to work on /home/airflow/.local/lib/python3.12/site-packages/airflow/example_dags/example_kubernetes_executor.py
[2024-06-04T23:43:58.616+0000] {processor.py:830} INFO - Processing file /home/airflow/.local/lib/python3.12/site-packages/airflow/example_dags/example_kubernetes_executor.py for tasks to queue
[2024-06-04T23:43:58.634+0000] {logging_mixin.py:188} INFO - [2024-06-04T23:43:58.633+0000] {dagbag.py:545} INFO - Filling up the DagBag from /home/airflow/.local/lib/python3.12/site-packages/airflow/example_dags/example_kubernetes_executor.py
[2024-06-04T23:43:58.732+0000] {processor.py:840} INFO - DAG(s) 'example_kubernetes_executor' retrieved from /home/airflow/.local/lib/python3.12/site-packages/airflow/example_dags/example_kubernetes_executor.py
[2024-06-04T23:43:59.085+0000] {logging_mixin.py:188} INFO - [2024-06-04T23:43:59.085+0000] {dag.py:3096} INFO - Sync 1 DAGs
[2024-06-04T23:43:59.136+0000] {logging_mixin.py:188} INFO - [2024-06-04T23:43:59.135+0000] {dag.py:3954} INFO - Setting next_dagrun for example_kubernetes_executor to None, run_after=None
[2024-06-04T23:43:59.789+0000] {processor.py:183} INFO - Processing /home/airflow/.local/lib/python3.12/site-packages/airflow/example_dags/example_kubernetes_executor.py took 1.260 seconds
[2024-06-04T23:44:30.151+0000] {processor.py:161} INFO - Started process (PID=169804) to work on /home/airflow/.local/lib/python3.12/site-packages/airflow/example_dags/example_kubernetes_executor.py
[2024-06-04T23:44:30.172+0000] {processor.py:830} INFO - Processing file /home/airflow/.local/lib/python3.12/site-packages/airflow/example_dags/example_kubernetes_executor.py for tasks to queue
[2024-06-04T23:44:30.175+0000] {logging_mixin.py:188} INFO - [2024-06-04T23:44:30.174+0000] {dagbag.py:545} INFO - Filling up the DagBag from /home/airflow/.local/lib/python3.12/site-packages/airflow/example_dags/example_kubernetes_executor.py
[2024-06-04T23:44:30.369+0000] {processor.py:840} INFO - DAG(s) 'example_kubernetes_executor' retrieved from /home/airflow/.local/lib/python3.12/site-packages/airflow/example_dags/example_kubernetes_executor.py
[2024-06-04T23:44:30.682+0000] {logging_mixin.py:188} INFO - [2024-06-04T23:44:30.681+0000] {dag.py:3096} INFO - Sync 1 DAGs
[2024-06-04T23:44:30.718+0000] {logging_mixin.py:188} INFO - [2024-06-04T23:44:30.718+0000] {dag.py:3954} INFO - Setting next_dagrun for example_kubernetes_executor to None, run_after=None
[2024-06-04T23:44:30.816+0000] {processor.py:183} INFO - Processing /home/airflow/.local/lib/python3.12/site-packages/airflow/example_dags/example_kubernetes_executor.py took 0.732 seconds
[2024-06-04T23:45:01.045+0000] {processor.py:161} INFO - Started process (PID=170066) to work on /home/airflow/.local/lib/python3.12/site-packages/airflow/example_dags/example_kubernetes_executor.py
[2024-06-04T23:45:01.046+0000] {processor.py:830} INFO - Processing file /home/airflow/.local/lib/python3.12/site-packages/airflow/example_dags/example_kubernetes_executor.py for tasks to queue
[2024-06-04T23:45:01.050+0000] {logging_mixin.py:188} INFO - [2024-06-04T23:45:01.049+0000] {dagbag.py:545} INFO - Filling up the DagBag from /home/airflow/.local/lib/python3.12/site-packages/airflow/example_dags/example_kubernetes_executor.py
[2024-06-04T23:45:01.081+0000] {processor.py:840} INFO - DAG(s) 'example_kubernetes_executor' retrieved from /home/airflow/.local/lib/python3.12/site-packages/airflow/example_dags/example_kubernetes_executor.py
[2024-06-04T23:45:01.167+0000] {logging_mixin.py:188} INFO - [2024-06-04T23:45:01.166+0000] {dag.py:3096} INFO - Sync 1 DAGs
[2024-06-04T23:45:01.193+0000] {logging_mixin.py:188} INFO - [2024-06-04T23:45:01.193+0000] {dag.py:3954} INFO - Setting next_dagrun for example_kubernetes_executor to None, run_after=None
[2024-06-04T23:45:01.255+0000] {processor.py:183} INFO - Processing /home/airflow/.local/lib/python3.12/site-packages/airflow/example_dags/example_kubernetes_executor.py took 0.223 seconds
[2024-06-04T23:45:31.618+0000] {processor.py:161} INFO - Started process (PID=170330) to work on /home/airflow/.local/lib/python3.12/site-packages/airflow/example_dags/example_kubernetes_executor.py
[2024-06-04T23:45:31.633+0000] {processor.py:830} INFO - Processing file /home/airflow/.local/lib/python3.12/site-packages/airflow/example_dags/example_kubernetes_executor.py for tasks to queue
[2024-06-04T23:45:31.644+0000] {logging_mixin.py:188} INFO - [2024-06-04T23:45:31.636+0000] {dagbag.py:545} INFO - Filling up the DagBag from /home/airflow/.local/lib/python3.12/site-packages/airflow/example_dags/example_kubernetes_executor.py
[2024-06-04T23:45:31.715+0000] {processor.py:840} INFO - DAG(s) 'example_kubernetes_executor' retrieved from /home/airflow/.local/lib/python3.12/site-packages/airflow/example_dags/example_kubernetes_executor.py
[2024-06-04T23:45:31.895+0000] {logging_mixin.py:188} INFO - [2024-06-04T23:45:31.895+0000] {dag.py:3096} INFO - Sync 1 DAGs
[2024-06-04T23:45:31.962+0000] {logging_mixin.py:188} INFO - [2024-06-04T23:45:31.962+0000] {dag.py:3954} INFO - Setting next_dagrun for example_kubernetes_executor to None, run_after=None
[2024-06-04T23:45:32.104+0000] {processor.py:183} INFO - Processing /home/airflow/.local/lib/python3.12/site-packages/airflow/example_dags/example_kubernetes_executor.py took 0.515 seconds
[2024-06-04T23:46:04.310+0000] {processor.py:161} INFO - Started process (PID=170591) to work on /home/airflow/.local/lib/python3.12/site-packages/airflow/example_dags/example_kubernetes_executor.py
[2024-06-04T23:46:04.317+0000] {processor.py:830} INFO - Processing file /home/airflow/.local/lib/python3.12/site-packages/airflow/example_dags/example_kubernetes_executor.py for tasks to queue
[2024-06-04T23:46:04.334+0000] {logging_mixin.py:188} INFO - [2024-06-04T23:46:04.333+0000] {dagbag.py:545} INFO - Filling up the DagBag from /home/airflow/.local/lib/python3.12/site-packages/airflow/example_dags/example_kubernetes_executor.py
[2024-06-04T23:46:04.397+0000] {processor.py:840} INFO - DAG(s) 'example_kubernetes_executor' retrieved from /home/airflow/.local/lib/python3.12/site-packages/airflow/example_dags/example_kubernetes_executor.py
[2024-06-04T23:46:04.770+0000] {logging_mixin.py:188} INFO - [2024-06-04T23:46:04.770+0000] {dag.py:3096} INFO - Sync 1 DAGs
[2024-06-04T23:46:04.912+0000] {logging_mixin.py:188} INFO - [2024-06-04T23:46:04.893+0000] {dag.py:3954} INFO - Setting next_dagrun for example_kubernetes_executor to None, run_after=None
[2024-06-04T23:46:05.130+0000] {processor.py:183} INFO - Processing /home/airflow/.local/lib/python3.12/site-packages/airflow/example_dags/example_kubernetes_executor.py took 0.867 seconds
[2024-06-04T23:46:35.433+0000] {processor.py:161} INFO - Started process (PID=170854) to work on /home/airflow/.local/lib/python3.12/site-packages/airflow/example_dags/example_kubernetes_executor.py
[2024-06-04T23:46:35.441+0000] {processor.py:830} INFO - Processing file /home/airflow/.local/lib/python3.12/site-packages/airflow/example_dags/example_kubernetes_executor.py for tasks to queue
[2024-06-04T23:46:35.446+0000] {logging_mixin.py:188} INFO - [2024-06-04T23:46:35.445+0000] {dagbag.py:545} INFO - Filling up the DagBag from /home/airflow/.local/lib/python3.12/site-packages/airflow/example_dags/example_kubernetes_executor.py
[2024-06-04T23:46:35.477+0000] {processor.py:840} INFO - DAG(s) 'example_kubernetes_executor' retrieved from /home/airflow/.local/lib/python3.12/site-packages/airflow/example_dags/example_kubernetes_executor.py
[2024-06-04T23:46:35.734+0000] {logging_mixin.py:188} INFO - [2024-06-04T23:46:35.733+0000] {dag.py:3096} INFO - Sync 1 DAGs
[2024-06-04T23:46:35.804+0000] {logging_mixin.py:188} INFO - [2024-06-04T23:46:35.803+0000] {dag.py:3954} INFO - Setting next_dagrun for example_kubernetes_executor to None, run_after=None
[2024-06-04T23:46:35.896+0000] {processor.py:183} INFO - Processing /home/airflow/.local/lib/python3.12/site-packages/airflow/example_dags/example_kubernetes_executor.py took 0.479 seconds
[2024-06-04T23:47:06.008+0000] {processor.py:161} INFO - Started process (PID=171115) to work on /home/airflow/.local/lib/python3.12/site-packages/airflow/example_dags/example_kubernetes_executor.py
[2024-06-04T23:47:06.016+0000] {processor.py:830} INFO - Processing file /home/airflow/.local/lib/python3.12/site-packages/airflow/example_dags/example_kubernetes_executor.py for tasks to queue
[2024-06-04T23:47:06.020+0000] {logging_mixin.py:188} INFO - [2024-06-04T23:47:06.019+0000] {dagbag.py:545} INFO - Filling up the DagBag from /home/airflow/.local/lib/python3.12/site-packages/airflow/example_dags/example_kubernetes_executor.py
[2024-06-04T23:47:06.053+0000] {processor.py:840} INFO - DAG(s) 'example_kubernetes_executor' retrieved from /home/airflow/.local/lib/python3.12/site-packages/airflow/example_dags/example_kubernetes_executor.py
[2024-06-04T23:47:06.151+0000] {logging_mixin.py:188} INFO - [2024-06-04T23:47:06.150+0000] {dag.py:3096} INFO - Sync 1 DAGs
[2024-06-04T23:47:06.186+0000] {logging_mixin.py:188} INFO - [2024-06-04T23:47:06.185+0000] {dag.py:3954} INFO - Setting next_dagrun for example_kubernetes_executor to None, run_after=None
[2024-06-04T23:47:06.239+0000] {processor.py:183} INFO - Processing /home/airflow/.local/lib/python3.12/site-packages/airflow/example_dags/example_kubernetes_executor.py took 0.246 seconds
[2024-06-04T23:47:36.391+0000] {processor.py:161} INFO - Started process (PID=171376) to work on /home/airflow/.local/lib/python3.12/site-packages/airflow/example_dags/example_kubernetes_executor.py
[2024-06-04T23:47:36.394+0000] {processor.py:830} INFO - Processing file /home/airflow/.local/lib/python3.12/site-packages/airflow/example_dags/example_kubernetes_executor.py for tasks to queue
[2024-06-04T23:47:36.401+0000] {logging_mixin.py:188} INFO - [2024-06-04T23:47:36.400+0000] {dagbag.py:545} INFO - Filling up the DagBag from /home/airflow/.local/lib/python3.12/site-packages/airflow/example_dags/example_kubernetes_executor.py
[2024-06-04T23:47:36.514+0000] {processor.py:840} INFO - DAG(s) 'example_kubernetes_executor' retrieved from /home/airflow/.local/lib/python3.12/site-packages/airflow/example_dags/example_kubernetes_executor.py
[2024-06-04T23:47:36.622+0000] {logging_mixin.py:188} INFO - [2024-06-04T23:47:36.621+0000] {dag.py:3096} INFO - Sync 1 DAGs
[2024-06-04T23:47:36.656+0000] {logging_mixin.py:188} INFO - [2024-06-04T23:47:36.655+0000] {dag.py:3954} INFO - Setting next_dagrun for example_kubernetes_executor to None, run_after=None
[2024-06-04T23:47:36.702+0000] {processor.py:183} INFO - Processing /home/airflow/.local/lib/python3.12/site-packages/airflow/example_dags/example_kubernetes_executor.py took 0.339 seconds
[2024-06-04T23:48:07.608+0000] {processor.py:161} INFO - Started process (PID=171638) to work on /home/airflow/.local/lib/python3.12/site-packages/airflow/example_dags/example_kubernetes_executor.py
[2024-06-04T23:48:07.610+0000] {processor.py:830} INFO - Processing file /home/airflow/.local/lib/python3.12/site-packages/airflow/example_dags/example_kubernetes_executor.py for tasks to queue
[2024-06-04T23:48:07.616+0000] {logging_mixin.py:188} INFO - [2024-06-04T23:48:07.615+0000] {dagbag.py:545} INFO - Filling up the DagBag from /home/airflow/.local/lib/python3.12/site-packages/airflow/example_dags/example_kubernetes_executor.py
[2024-06-04T23:48:07.650+0000] {processor.py:840} INFO - DAG(s) 'example_kubernetes_executor' retrieved from /home/airflow/.local/lib/python3.12/site-packages/airflow/example_dags/example_kubernetes_executor.py
[2024-06-04T23:48:07.749+0000] {logging_mixin.py:188} INFO - [2024-06-04T23:48:07.748+0000] {dag.py:3096} INFO - Sync 1 DAGs
[2024-06-04T23:48:07.781+0000] {logging_mixin.py:188} INFO - [2024-06-04T23:48:07.780+0000] {dag.py:3954} INFO - Setting next_dagrun for example_kubernetes_executor to None, run_after=None
[2024-06-04T23:48:07.847+0000] {processor.py:183} INFO - Processing /home/airflow/.local/lib/python3.12/site-packages/airflow/example_dags/example_kubernetes_executor.py took 0.257 seconds
[2024-06-04T23:48:38.721+0000] {processor.py:161} INFO - Started process (PID=171900) to work on /home/airflow/.local/lib/python3.12/site-packages/airflow/example_dags/example_kubernetes_executor.py
[2024-06-04T23:48:38.725+0000] {processor.py:830} INFO - Processing file /home/airflow/.local/lib/python3.12/site-packages/airflow/example_dags/example_kubernetes_executor.py for tasks to queue
[2024-06-04T23:48:38.729+0000] {logging_mixin.py:188} INFO - [2024-06-04T23:48:38.728+0000] {dagbag.py:545} INFO - Filling up the DagBag from /home/airflow/.local/lib/python3.12/site-packages/airflow/example_dags/example_kubernetes_executor.py
[2024-06-04T23:48:38.806+0000] {processor.py:840} INFO - DAG(s) 'example_kubernetes_executor' retrieved from /home/airflow/.local/lib/python3.12/site-packages/airflow/example_dags/example_kubernetes_executor.py
[2024-06-04T23:48:38.931+0000] {logging_mixin.py:188} INFO - [2024-06-04T23:48:38.930+0000] {dag.py:3096} INFO - Sync 1 DAGs
[2024-06-04T23:48:38.970+0000] {logging_mixin.py:188} INFO - [2024-06-04T23:48:38.969+0000] {dag.py:3954} INFO - Setting next_dagrun for example_kubernetes_executor to None, run_after=None
[2024-06-04T23:48:39.022+0000] {processor.py:183} INFO - Processing /home/airflow/.local/lib/python3.12/site-packages/airflow/example_dags/example_kubernetes_executor.py took 0.329 seconds
[2024-06-04T23:49:09.181+0000] {processor.py:161} INFO - Started process (PID=172162) to work on /home/airflow/.local/lib/python3.12/site-packages/airflow/example_dags/example_kubernetes_executor.py
[2024-06-04T23:49:09.183+0000] {processor.py:830} INFO - Processing file /home/airflow/.local/lib/python3.12/site-packages/airflow/example_dags/example_kubernetes_executor.py for tasks to queue
[2024-06-04T23:49:09.187+0000] {logging_mixin.py:188} INFO - [2024-06-04T23:49:09.186+0000] {dagbag.py:545} INFO - Filling up the DagBag from /home/airflow/.local/lib/python3.12/site-packages/airflow/example_dags/example_kubernetes_executor.py
[2024-06-04T23:49:09.215+0000] {processor.py:840} INFO - DAG(s) 'example_kubernetes_executor' retrieved from /home/airflow/.local/lib/python3.12/site-packages/airflow/example_dags/example_kubernetes_executor.py
[2024-06-04T23:49:09.311+0000] {logging_mixin.py:188} INFO - [2024-06-04T23:49:09.311+0000] {dag.py:3096} INFO - Sync 1 DAGs
[2024-06-04T23:49:09.394+0000] {logging_mixin.py:188} INFO - [2024-06-04T23:49:09.393+0000] {dag.py:3954} INFO - Setting next_dagrun for example_kubernetes_executor to None, run_after=None
[2024-06-04T23:49:09.450+0000] {processor.py:183} INFO - Processing /home/airflow/.local/lib/python3.12/site-packages/airflow/example_dags/example_kubernetes_executor.py took 0.287 seconds
[2024-06-04T23:49:39.723+0000] {processor.py:161} INFO - Started process (PID=172423) to work on /home/airflow/.local/lib/python3.12/site-packages/airflow/example_dags/example_kubernetes_executor.py
[2024-06-04T23:49:39.725+0000] {processor.py:830} INFO - Processing file /home/airflow/.local/lib/python3.12/site-packages/airflow/example_dags/example_kubernetes_executor.py for tasks to queue
[2024-06-04T23:49:39.729+0000] {logging_mixin.py:188} INFO - [2024-06-04T23:49:39.728+0000] {dagbag.py:545} INFO - Filling up the DagBag from /home/airflow/.local/lib/python3.12/site-packages/airflow/example_dags/example_kubernetes_executor.py
[2024-06-04T23:49:39.758+0000] {processor.py:840} INFO - DAG(s) 'example_kubernetes_executor' retrieved from /home/airflow/.local/lib/python3.12/site-packages/airflow/example_dags/example_kubernetes_executor.py
[2024-06-04T23:49:39.873+0000] {logging_mixin.py:188} INFO - [2024-06-04T23:49:39.872+0000] {dag.py:3096} INFO - Sync 1 DAGs
[2024-06-04T23:49:39.907+0000] {logging_mixin.py:188} INFO - [2024-06-04T23:49:39.907+0000] {dag.py:3954} INFO - Setting next_dagrun for example_kubernetes_executor to None, run_after=None
[2024-06-04T23:49:39.962+0000] {processor.py:183} INFO - Processing /home/airflow/.local/lib/python3.12/site-packages/airflow/example_dags/example_kubernetes_executor.py took 0.254 seconds
[2024-06-04T23:50:10.568+0000] {processor.py:161} INFO - Started process (PID=172685) to work on /home/airflow/.local/lib/python3.12/site-packages/airflow/example_dags/example_kubernetes_executor.py
[2024-06-04T23:50:10.570+0000] {processor.py:830} INFO - Processing file /home/airflow/.local/lib/python3.12/site-packages/airflow/example_dags/example_kubernetes_executor.py for tasks to queue
[2024-06-04T23:50:10.573+0000] {logging_mixin.py:188} INFO - [2024-06-04T23:50:10.572+0000] {dagbag.py:545} INFO - Filling up the DagBag from /home/airflow/.local/lib/python3.12/site-packages/airflow/example_dags/example_kubernetes_executor.py
[2024-06-04T23:50:10.601+0000] {processor.py:840} INFO - DAG(s) 'example_kubernetes_executor' retrieved from /home/airflow/.local/lib/python3.12/site-packages/airflow/example_dags/example_kubernetes_executor.py
[2024-06-04T23:50:10.693+0000] {logging_mixin.py:188} INFO - [2024-06-04T23:50:10.693+0000] {dag.py:3096} INFO - Sync 1 DAGs
[2024-06-04T23:50:10.727+0000] {logging_mixin.py:188} INFO - [2024-06-04T23:50:10.726+0000] {dag.py:3954} INFO - Setting next_dagrun for example_kubernetes_executor to None, run_after=None
[2024-06-04T23:50:10.779+0000] {processor.py:183} INFO - Processing /home/airflow/.local/lib/python3.12/site-packages/airflow/example_dags/example_kubernetes_executor.py took 0.226 seconds
[2024-06-04T23:50:41.310+0000] {processor.py:161} INFO - Started process (PID=172941) to work on /home/airflow/.local/lib/python3.12/site-packages/airflow/example_dags/example_kubernetes_executor.py
[2024-06-04T23:50:41.314+0000] {processor.py:830} INFO - Processing file /home/airflow/.local/lib/python3.12/site-packages/airflow/example_dags/example_kubernetes_executor.py for tasks to queue
[2024-06-04T23:50:41.318+0000] {logging_mixin.py:188} INFO - [2024-06-04T23:50:41.317+0000] {dagbag.py:545} INFO - Filling up the DagBag from /home/airflow/.local/lib/python3.12/site-packages/airflow/example_dags/example_kubernetes_executor.py
[2024-06-04T23:50:41.349+0000] {processor.py:840} INFO - DAG(s) 'example_kubernetes_executor' retrieved from /home/airflow/.local/lib/python3.12/site-packages/airflow/example_dags/example_kubernetes_executor.py
[2024-06-04T23:50:41.446+0000] {logging_mixin.py:188} INFO - [2024-06-04T23:50:41.445+0000] {dag.py:3096} INFO - Sync 1 DAGs
[2024-06-04T23:50:41.478+0000] {logging_mixin.py:188} INFO - [2024-06-04T23:50:41.478+0000] {dag.py:3954} INFO - Setting next_dagrun for example_kubernetes_executor to None, run_after=None
[2024-06-04T23:50:41.578+0000] {processor.py:183} INFO - Processing /home/airflow/.local/lib/python3.12/site-packages/airflow/example_dags/example_kubernetes_executor.py took 0.282 seconds
[2024-06-04T23:51:12.206+0000] {processor.py:161} INFO - Started process (PID=173203) to work on /home/airflow/.local/lib/python3.12/site-packages/airflow/example_dags/example_kubernetes_executor.py
[2024-06-04T23:51:12.208+0000] {processor.py:830} INFO - Processing file /home/airflow/.local/lib/python3.12/site-packages/airflow/example_dags/example_kubernetes_executor.py for tasks to queue
[2024-06-04T23:51:12.213+0000] {logging_mixin.py:188} INFO - [2024-06-04T23:51:12.212+0000] {dagbag.py:545} INFO - Filling up the DagBag from /home/airflow/.local/lib/python3.12/site-packages/airflow/example_dags/example_kubernetes_executor.py
[2024-06-04T23:51:12.262+0000] {processor.py:840} INFO - DAG(s) 'example_kubernetes_executor' retrieved from /home/airflow/.local/lib/python3.12/site-packages/airflow/example_dags/example_kubernetes_executor.py
[2024-06-04T23:51:12.421+0000] {logging_mixin.py:188} INFO - [2024-06-04T23:51:12.421+0000] {dag.py:3096} INFO - Sync 1 DAGs
[2024-06-04T23:51:12.454+0000] {logging_mixin.py:188} INFO - [2024-06-04T23:51:12.454+0000] {dag.py:3954} INFO - Setting next_dagrun for example_kubernetes_executor to None, run_after=None
[2024-06-04T23:51:12.506+0000] {processor.py:183} INFO - Processing /home/airflow/.local/lib/python3.12/site-packages/airflow/example_dags/example_kubernetes_executor.py took 0.326 seconds
[2024-06-04T23:51:42.986+0000] {processor.py:161} INFO - Started process (PID=173466) to work on /home/airflow/.local/lib/python3.12/site-packages/airflow/example_dags/example_kubernetes_executor.py
[2024-06-04T23:51:42.988+0000] {processor.py:830} INFO - Processing file /home/airflow/.local/lib/python3.12/site-packages/airflow/example_dags/example_kubernetes_executor.py for tasks to queue
[2024-06-04T23:51:42.992+0000] {logging_mixin.py:188} INFO - [2024-06-04T23:51:42.991+0000] {dagbag.py:545} INFO - Filling up the DagBag from /home/airflow/.local/lib/python3.12/site-packages/airflow/example_dags/example_kubernetes_executor.py
[2024-06-04T23:51:43.023+0000] {processor.py:840} INFO - DAG(s) 'example_kubernetes_executor' retrieved from /home/airflow/.local/lib/python3.12/site-packages/airflow/example_dags/example_kubernetes_executor.py
[2024-06-04T23:51:43.170+0000] {logging_mixin.py:188} INFO - [2024-06-04T23:51:43.169+0000] {dag.py:3096} INFO - Sync 1 DAGs
[2024-06-04T23:51:43.199+0000] {logging_mixin.py:188} INFO - [2024-06-04T23:51:43.198+0000] {dag.py:3954} INFO - Setting next_dagrun for example_kubernetes_executor to None, run_after=None
[2024-06-04T23:51:43.245+0000] {processor.py:183} INFO - Processing /home/airflow/.local/lib/python3.12/site-packages/airflow/example_dags/example_kubernetes_executor.py took 0.276 seconds
[2024-06-04T23:52:13.880+0000] {processor.py:161} INFO - Started process (PID=173727) to work on /home/airflow/.local/lib/python3.12/site-packages/airflow/example_dags/example_kubernetes_executor.py
[2024-06-04T23:52:13.885+0000] {processor.py:830} INFO - Processing file /home/airflow/.local/lib/python3.12/site-packages/airflow/example_dags/example_kubernetes_executor.py for tasks to queue
[2024-06-04T23:52:13.889+0000] {logging_mixin.py:188} INFO - [2024-06-04T23:52:13.889+0000] {dagbag.py:545} INFO - Filling up the DagBag from /home/airflow/.local/lib/python3.12/site-packages/airflow/example_dags/example_kubernetes_executor.py
[2024-06-04T23:52:13.952+0000] {processor.py:840} INFO - DAG(s) 'example_kubernetes_executor' retrieved from /home/airflow/.local/lib/python3.12/site-packages/airflow/example_dags/example_kubernetes_executor.py
[2024-06-04T23:52:14.132+0000] {logging_mixin.py:188} INFO - [2024-06-04T23:52:14.131+0000] {dag.py:3096} INFO - Sync 1 DAGs
[2024-06-04T23:52:14.168+0000] {logging_mixin.py:188} INFO - [2024-06-04T23:52:14.167+0000] {dag.py:3954} INFO - Setting next_dagrun for example_kubernetes_executor to None, run_after=None
[2024-06-04T23:52:14.218+0000] {processor.py:183} INFO - Processing /home/airflow/.local/lib/python3.12/site-packages/airflow/example_dags/example_kubernetes_executor.py took 0.362 seconds
[2024-06-04T23:52:44.571+0000] {processor.py:161} INFO - Started process (PID=173989) to work on /home/airflow/.local/lib/python3.12/site-packages/airflow/example_dags/example_kubernetes_executor.py
[2024-06-04T23:52:44.583+0000] {processor.py:830} INFO - Processing file /home/airflow/.local/lib/python3.12/site-packages/airflow/example_dags/example_kubernetes_executor.py for tasks to queue
[2024-06-04T23:52:44.587+0000] {logging_mixin.py:188} INFO - [2024-06-04T23:52:44.586+0000] {dagbag.py:545} INFO - Filling up the DagBag from /home/airflow/.local/lib/python3.12/site-packages/airflow/example_dags/example_kubernetes_executor.py
[2024-06-04T23:52:44.632+0000] {processor.py:840} INFO - DAG(s) 'example_kubernetes_executor' retrieved from /home/airflow/.local/lib/python3.12/site-packages/airflow/example_dags/example_kubernetes_executor.py
[2024-06-04T23:52:44.739+0000] {logging_mixin.py:188} INFO - [2024-06-04T23:52:44.738+0000] {dag.py:3096} INFO - Sync 1 DAGs
[2024-06-04T23:52:44.774+0000] {logging_mixin.py:188} INFO - [2024-06-04T23:52:44.774+0000] {dag.py:3954} INFO - Setting next_dagrun for example_kubernetes_executor to None, run_after=None
[2024-06-04T23:52:44.817+0000] {processor.py:183} INFO - Processing /home/airflow/.local/lib/python3.12/site-packages/airflow/example_dags/example_kubernetes_executor.py took 0.293 seconds
[2024-06-04T23:53:15.183+0000] {processor.py:161} INFO - Started process (PID=174251) to work on /home/airflow/.local/lib/python3.12/site-packages/airflow/example_dags/example_kubernetes_executor.py
[2024-06-04T23:53:15.186+0000] {processor.py:830} INFO - Processing file /home/airflow/.local/lib/python3.12/site-packages/airflow/example_dags/example_kubernetes_executor.py for tasks to queue
[2024-06-04T23:53:15.192+0000] {logging_mixin.py:188} INFO - [2024-06-04T23:53:15.191+0000] {dagbag.py:545} INFO - Filling up the DagBag from /home/airflow/.local/lib/python3.12/site-packages/airflow/example_dags/example_kubernetes_executor.py
[2024-06-04T23:53:15.248+0000] {processor.py:840} INFO - DAG(s) 'example_kubernetes_executor' retrieved from /home/airflow/.local/lib/python3.12/site-packages/airflow/example_dags/example_kubernetes_executor.py
[2024-06-04T23:53:15.372+0000] {logging_mixin.py:188} INFO - [2024-06-04T23:53:15.371+0000] {dag.py:3096} INFO - Sync 1 DAGs
[2024-06-04T23:53:15.467+0000] {logging_mixin.py:188} INFO - [2024-06-04T23:53:15.466+0000] {dag.py:3954} INFO - Setting next_dagrun for example_kubernetes_executor to None, run_after=None
[2024-06-04T23:53:15.595+0000] {processor.py:183} INFO - Processing /home/airflow/.local/lib/python3.12/site-packages/airflow/example_dags/example_kubernetes_executor.py took 0.426 seconds
[2024-06-04T23:53:45.765+0000] {processor.py:161} INFO - Started process (PID=174512) to work on /home/airflow/.local/lib/python3.12/site-packages/airflow/example_dags/example_kubernetes_executor.py
[2024-06-04T23:53:45.783+0000] {processor.py:830} INFO - Processing file /home/airflow/.local/lib/python3.12/site-packages/airflow/example_dags/example_kubernetes_executor.py for tasks to queue
[2024-06-04T23:53:45.787+0000] {logging_mixin.py:188} INFO - [2024-06-04T23:53:45.786+0000] {dagbag.py:545} INFO - Filling up the DagBag from /home/airflow/.local/lib/python3.12/site-packages/airflow/example_dags/example_kubernetes_executor.py
[2024-06-04T23:53:45.869+0000] {processor.py:840} INFO - DAG(s) 'example_kubernetes_executor' retrieved from /home/airflow/.local/lib/python3.12/site-packages/airflow/example_dags/example_kubernetes_executor.py
[2024-06-04T23:53:46.107+0000] {logging_mixin.py:188} INFO - [2024-06-04T23:53:46.107+0000] {dag.py:3096} INFO - Sync 1 DAGs
[2024-06-04T23:53:46.155+0000] {logging_mixin.py:188} INFO - [2024-06-04T23:53:46.155+0000] {dag.py:3954} INFO - Setting next_dagrun for example_kubernetes_executor to None, run_after=None
[2024-06-04T23:53:46.291+0000] {processor.py:183} INFO - Processing /home/airflow/.local/lib/python3.12/site-packages/airflow/example_dags/example_kubernetes_executor.py took 0.552 seconds
[2024-06-04T23:54:16.775+0000] {processor.py:161} INFO - Started process (PID=174773) to work on /home/airflow/.local/lib/python3.12/site-packages/airflow/example_dags/example_kubernetes_executor.py
[2024-06-04T23:54:16.778+0000] {processor.py:830} INFO - Processing file /home/airflow/.local/lib/python3.12/site-packages/airflow/example_dags/example_kubernetes_executor.py for tasks to queue
[2024-06-04T23:54:16.788+0000] {logging_mixin.py:188} INFO - [2024-06-04T23:54:16.784+0000] {dagbag.py:545} INFO - Filling up the DagBag from /home/airflow/.local/lib/python3.12/site-packages/airflow/example_dags/example_kubernetes_executor.py
[2024-06-04T23:54:16.843+0000] {processor.py:840} INFO - DAG(s) 'example_kubernetes_executor' retrieved from /home/airflow/.local/lib/python3.12/site-packages/airflow/example_dags/example_kubernetes_executor.py
[2024-06-04T23:54:16.934+0000] {logging_mixin.py:188} INFO - [2024-06-04T23:54:16.934+0000] {dag.py:3096} INFO - Sync 1 DAGs
[2024-06-04T23:54:16.969+0000] {logging_mixin.py:188} INFO - [2024-06-04T23:54:16.969+0000] {dag.py:3954} INFO - Setting next_dagrun for example_kubernetes_executor to None, run_after=None
[2024-06-04T23:54:17.022+0000] {processor.py:183} INFO - Processing /home/airflow/.local/lib/python3.12/site-packages/airflow/example_dags/example_kubernetes_executor.py took 0.261 seconds
[2024-06-04T23:54:47.940+0000] {processor.py:161} INFO - Started process (PID=175035) to work on /home/airflow/.local/lib/python3.12/site-packages/airflow/example_dags/example_kubernetes_executor.py
[2024-06-04T23:54:47.942+0000] {processor.py:830} INFO - Processing file /home/airflow/.local/lib/python3.12/site-packages/airflow/example_dags/example_kubernetes_executor.py for tasks to queue
[2024-06-04T23:54:47.945+0000] {logging_mixin.py:188} INFO - [2024-06-04T23:54:47.945+0000] {dagbag.py:545} INFO - Filling up the DagBag from /home/airflow/.local/lib/python3.12/site-packages/airflow/example_dags/example_kubernetes_executor.py
[2024-06-04T23:54:47.972+0000] {processor.py:840} INFO - DAG(s) 'example_kubernetes_executor' retrieved from /home/airflow/.local/lib/python3.12/site-packages/airflow/example_dags/example_kubernetes_executor.py
[2024-06-04T23:54:48.076+0000] {logging_mixin.py:188} INFO - [2024-06-04T23:54:48.075+0000] {dag.py:3096} INFO - Sync 1 DAGs
[2024-06-04T23:54:48.111+0000] {logging_mixin.py:188} INFO - [2024-06-04T23:54:48.111+0000] {dag.py:3954} INFO - Setting next_dagrun for example_kubernetes_executor to None, run_after=None
[2024-06-04T23:54:48.167+0000] {processor.py:183} INFO - Processing /home/airflow/.local/lib/python3.12/site-packages/airflow/example_dags/example_kubernetes_executor.py took 0.238 seconds
[2024-06-04T23:55:18.751+0000] {processor.py:161} INFO - Started process (PID=175298) to work on /home/airflow/.local/lib/python3.12/site-packages/airflow/example_dags/example_kubernetes_executor.py
[2024-06-04T23:55:18.762+0000] {processor.py:830} INFO - Processing file /home/airflow/.local/lib/python3.12/site-packages/airflow/example_dags/example_kubernetes_executor.py for tasks to queue
[2024-06-04T23:55:18.772+0000] {logging_mixin.py:188} INFO - [2024-06-04T23:55:18.772+0000] {dagbag.py:545} INFO - Filling up the DagBag from /home/airflow/.local/lib/python3.12/site-packages/airflow/example_dags/example_kubernetes_executor.py
[2024-06-04T23:55:18.860+0000] {processor.py:840} INFO - DAG(s) 'example_kubernetes_executor' retrieved from /home/airflow/.local/lib/python3.12/site-packages/airflow/example_dags/example_kubernetes_executor.py
[2024-06-04T23:55:19.013+0000] {logging_mixin.py:188} INFO - [2024-06-04T23:55:19.012+0000] {dag.py:3096} INFO - Sync 1 DAGs
[2024-06-04T23:55:19.057+0000] {logging_mixin.py:188} INFO - [2024-06-04T23:55:19.056+0000] {dag.py:3954} INFO - Setting next_dagrun for example_kubernetes_executor to None, run_after=None
[2024-06-04T23:55:19.160+0000] {processor.py:183} INFO - Processing /home/airflow/.local/lib/python3.12/site-packages/airflow/example_dags/example_kubernetes_executor.py took 0.447 seconds
[2024-06-04T23:55:49.453+0000] {processor.py:161} INFO - Started process (PID=175562) to work on /home/airflow/.local/lib/python3.12/site-packages/airflow/example_dags/example_kubernetes_executor.py
[2024-06-04T23:55:49.455+0000] {processor.py:830} INFO - Processing file /home/airflow/.local/lib/python3.12/site-packages/airflow/example_dags/example_kubernetes_executor.py for tasks to queue
[2024-06-04T23:55:49.458+0000] {logging_mixin.py:188} INFO - [2024-06-04T23:55:49.458+0000] {dagbag.py:545} INFO - Filling up the DagBag from /home/airflow/.local/lib/python3.12/site-packages/airflow/example_dags/example_kubernetes_executor.py
[2024-06-04T23:55:49.485+0000] {processor.py:840} INFO - DAG(s) 'example_kubernetes_executor' retrieved from /home/airflow/.local/lib/python3.12/site-packages/airflow/example_dags/example_kubernetes_executor.py
[2024-06-04T23:55:49.568+0000] {logging_mixin.py:188} INFO - [2024-06-04T23:55:49.568+0000] {dag.py:3096} INFO - Sync 1 DAGs
[2024-06-04T23:55:49.597+0000] {logging_mixin.py:188} INFO - [2024-06-04T23:55:49.596+0000] {dag.py:3954} INFO - Setting next_dagrun for example_kubernetes_executor to None, run_after=None
[2024-06-04T23:55:49.643+0000] {processor.py:183} INFO - Processing /home/airflow/.local/lib/python3.12/site-packages/airflow/example_dags/example_kubernetes_executor.py took 0.203 seconds
[2024-06-04T23:56:19.870+0000] {processor.py:161} INFO - Started process (PID=175827) to work on /home/airflow/.local/lib/python3.12/site-packages/airflow/example_dags/example_kubernetes_executor.py
[2024-06-04T23:56:19.873+0000] {processor.py:830} INFO - Processing file /home/airflow/.local/lib/python3.12/site-packages/airflow/example_dags/example_kubernetes_executor.py for tasks to queue
[2024-06-04T23:56:19.877+0000] {logging_mixin.py:188} INFO - [2024-06-04T23:56:19.876+0000] {dagbag.py:545} INFO - Filling up the DagBag from /home/airflow/.local/lib/python3.12/site-packages/airflow/example_dags/example_kubernetes_executor.py
[2024-06-04T23:56:19.906+0000] {processor.py:840} INFO - DAG(s) 'example_kubernetes_executor' retrieved from /home/airflow/.local/lib/python3.12/site-packages/airflow/example_dags/example_kubernetes_executor.py
[2024-06-04T23:56:19.991+0000] {logging_mixin.py:188} INFO - [2024-06-04T23:56:19.991+0000] {dag.py:3096} INFO - Sync 1 DAGs
[2024-06-04T23:56:20.022+0000] {logging_mixin.py:188} INFO - [2024-06-04T23:56:20.022+0000] {dag.py:3954} INFO - Setting next_dagrun for example_kubernetes_executor to None, run_after=None
[2024-06-04T23:56:20.064+0000] {processor.py:183} INFO - Processing /home/airflow/.local/lib/python3.12/site-packages/airflow/example_dags/example_kubernetes_executor.py took 0.206 seconds
[2024-06-04T23:56:50.187+0000] {processor.py:161} INFO - Started process (PID=176084) to work on /home/airflow/.local/lib/python3.12/site-packages/airflow/example_dags/example_kubernetes_executor.py
[2024-06-04T23:56:50.189+0000] {processor.py:830} INFO - Processing file /home/airflow/.local/lib/python3.12/site-packages/airflow/example_dags/example_kubernetes_executor.py for tasks to queue
[2024-06-04T23:56:50.193+0000] {logging_mixin.py:188} INFO - [2024-06-04T23:56:50.192+0000] {dagbag.py:545} INFO - Filling up the DagBag from /home/airflow/.local/lib/python3.12/site-packages/airflow/example_dags/example_kubernetes_executor.py
[2024-06-04T23:56:50.219+0000] {processor.py:840} INFO - DAG(s) 'example_kubernetes_executor' retrieved from /home/airflow/.local/lib/python3.12/site-packages/airflow/example_dags/example_kubernetes_executor.py
[2024-06-04T23:56:50.297+0000] {logging_mixin.py:188} INFO - [2024-06-04T23:56:50.296+0000] {dag.py:3096} INFO - Sync 1 DAGs
[2024-06-04T23:56:50.325+0000] {logging_mixin.py:188} INFO - [2024-06-04T23:56:50.325+0000] {dag.py:3954} INFO - Setting next_dagrun for example_kubernetes_executor to None, run_after=None
[2024-06-04T23:56:50.395+0000] {processor.py:183} INFO - Processing /home/airflow/.local/lib/python3.12/site-packages/airflow/example_dags/example_kubernetes_executor.py took 0.220 seconds
[2024-06-04T23:57:20.832+0000] {processor.py:161} INFO - Started process (PID=176345) to work on /home/airflow/.local/lib/python3.12/site-packages/airflow/example_dags/example_kubernetes_executor.py
[2024-06-04T23:57:20.852+0000] {processor.py:830} INFO - Processing file /home/airflow/.local/lib/python3.12/site-packages/airflow/example_dags/example_kubernetes_executor.py for tasks to queue
[2024-06-04T23:57:20.863+0000] {logging_mixin.py:188} INFO - [2024-06-04T23:57:20.855+0000] {dagbag.py:545} INFO - Filling up the DagBag from /home/airflow/.local/lib/python3.12/site-packages/airflow/example_dags/example_kubernetes_executor.py
[2024-06-04T23:57:20.909+0000] {processor.py:840} INFO - DAG(s) 'example_kubernetes_executor' retrieved from /home/airflow/.local/lib/python3.12/site-packages/airflow/example_dags/example_kubernetes_executor.py
[2024-06-04T23:57:21.026+0000] {logging_mixin.py:188} INFO - [2024-06-04T23:57:21.025+0000] {dag.py:3096} INFO - Sync 1 DAGs
[2024-06-04T23:57:21.061+0000] {logging_mixin.py:188} INFO - [2024-06-04T23:57:21.061+0000] {dag.py:3954} INFO - Setting next_dagrun for example_kubernetes_executor to None, run_after=None
[2024-06-04T23:57:21.110+0000] {processor.py:183} INFO - Processing /home/airflow/.local/lib/python3.12/site-packages/airflow/example_dags/example_kubernetes_executor.py took 0.292 seconds
[2024-06-04T23:57:51.260+0000] {processor.py:161} INFO - Started process (PID=176607) to work on /home/airflow/.local/lib/python3.12/site-packages/airflow/example_dags/example_kubernetes_executor.py
[2024-06-04T23:57:51.261+0000] {processor.py:830} INFO - Processing file /home/airflow/.local/lib/python3.12/site-packages/airflow/example_dags/example_kubernetes_executor.py for tasks to queue
[2024-06-04T23:57:51.265+0000] {logging_mixin.py:188} INFO - [2024-06-04T23:57:51.264+0000] {dagbag.py:545} INFO - Filling up the DagBag from /home/airflow/.local/lib/python3.12/site-packages/airflow/example_dags/example_kubernetes_executor.py
[2024-06-04T23:57:51.292+0000] {processor.py:840} INFO - DAG(s) 'example_kubernetes_executor' retrieved from /home/airflow/.local/lib/python3.12/site-packages/airflow/example_dags/example_kubernetes_executor.py
[2024-06-04T23:57:51.373+0000] {logging_mixin.py:188} INFO - [2024-06-04T23:57:51.373+0000] {dag.py:3096} INFO - Sync 1 DAGs
[2024-06-04T23:57:51.400+0000] {logging_mixin.py:188} INFO - [2024-06-04T23:57:51.400+0000] {dag.py:3954} INFO - Setting next_dagrun for example_kubernetes_executor to None, run_after=None
[2024-06-04T23:57:51.450+0000] {processor.py:183} INFO - Processing /home/airflow/.local/lib/python3.12/site-packages/airflow/example_dags/example_kubernetes_executor.py took 0.202 seconds
[2024-06-04T23:58:22.407+0000] {processor.py:161} INFO - Started process (PID=176869) to work on /home/airflow/.local/lib/python3.12/site-packages/airflow/example_dags/example_kubernetes_executor.py
[2024-06-04T23:58:22.419+0000] {processor.py:830} INFO - Processing file /home/airflow/.local/lib/python3.12/site-packages/airflow/example_dags/example_kubernetes_executor.py for tasks to queue
[2024-06-04T23:58:22.423+0000] {logging_mixin.py:188} INFO - [2024-06-04T23:58:22.422+0000] {dagbag.py:545} INFO - Filling up the DagBag from /home/airflow/.local/lib/python3.12/site-packages/airflow/example_dags/example_kubernetes_executor.py
[2024-06-04T23:58:22.612+0000] {processor.py:840} INFO - DAG(s) 'example_kubernetes_executor' retrieved from /home/airflow/.local/lib/python3.12/site-packages/airflow/example_dags/example_kubernetes_executor.py
[2024-06-04T23:58:22.772+0000] {logging_mixin.py:188} INFO - [2024-06-04T23:58:22.772+0000] {dag.py:3096} INFO - Sync 1 DAGs
[2024-06-04T23:58:22.801+0000] {logging_mixin.py:188} INFO - [2024-06-04T23:58:22.801+0000] {dag.py:3954} INFO - Setting next_dagrun for example_kubernetes_executor to None, run_after=None
[2024-06-04T23:58:22.861+0000] {processor.py:183} INFO - Processing /home/airflow/.local/lib/python3.12/site-packages/airflow/example_dags/example_kubernetes_executor.py took 0.500 seconds
[2024-06-04T23:58:53.088+0000] {processor.py:161} INFO - Started process (PID=177130) to work on /home/airflow/.local/lib/python3.12/site-packages/airflow/example_dags/example_kubernetes_executor.py
[2024-06-04T23:58:53.090+0000] {processor.py:830} INFO - Processing file /home/airflow/.local/lib/python3.12/site-packages/airflow/example_dags/example_kubernetes_executor.py for tasks to queue
[2024-06-04T23:58:53.093+0000] {logging_mixin.py:188} INFO - [2024-06-04T23:58:53.093+0000] {dagbag.py:545} INFO - Filling up the DagBag from /home/airflow/.local/lib/python3.12/site-packages/airflow/example_dags/example_kubernetes_executor.py
[2024-06-04T23:58:53.119+0000] {processor.py:840} INFO - DAG(s) 'example_kubernetes_executor' retrieved from /home/airflow/.local/lib/python3.12/site-packages/airflow/example_dags/example_kubernetes_executor.py
[2024-06-04T23:58:53.211+0000] {logging_mixin.py:188} INFO - [2024-06-04T23:58:53.210+0000] {dag.py:3096} INFO - Sync 1 DAGs
[2024-06-04T23:58:53.240+0000] {logging_mixin.py:188} INFO - [2024-06-04T23:58:53.239+0000] {dag.py:3954} INFO - Setting next_dagrun for example_kubernetes_executor to None, run_after=None
[2024-06-04T23:58:53.324+0000] {processor.py:183} INFO - Processing /home/airflow/.local/lib/python3.12/site-packages/airflow/example_dags/example_kubernetes_executor.py took 0.248 seconds
[2024-06-04T23:59:24.182+0000] {processor.py:161} INFO - Started process (PID=177391) to work on /home/airflow/.local/lib/python3.12/site-packages/airflow/example_dags/example_kubernetes_executor.py
[2024-06-04T23:59:24.184+0000] {processor.py:830} INFO - Processing file /home/airflow/.local/lib/python3.12/site-packages/airflow/example_dags/example_kubernetes_executor.py for tasks to queue
[2024-06-04T23:59:24.187+0000] {logging_mixin.py:188} INFO - [2024-06-04T23:59:24.187+0000] {dagbag.py:545} INFO - Filling up the DagBag from /home/airflow/.local/lib/python3.12/site-packages/airflow/example_dags/example_kubernetes_executor.py
[2024-06-04T23:59:24.213+0000] {processor.py:840} INFO - DAG(s) 'example_kubernetes_executor' retrieved from /home/airflow/.local/lib/python3.12/site-packages/airflow/example_dags/example_kubernetes_executor.py
[2024-06-04T23:59:24.295+0000] {logging_mixin.py:188} INFO - [2024-06-04T23:59:24.295+0000] {dag.py:3096} INFO - Sync 1 DAGs
[2024-06-04T23:59:24.323+0000] {logging_mixin.py:188} INFO - [2024-06-04T23:59:24.322+0000] {dag.py:3954} INFO - Setting next_dagrun for example_kubernetes_executor to None, run_after=None
[2024-06-04T23:59:24.367+0000] {processor.py:183} INFO - Processing /home/airflow/.local/lib/python3.12/site-packages/airflow/example_dags/example_kubernetes_executor.py took 0.199 seconds
[2024-06-04T23:59:55.230+0000] {processor.py:161} INFO - Started process (PID=177653) to work on /home/airflow/.local/lib/python3.12/site-packages/airflow/example_dags/example_kubernetes_executor.py
[2024-06-04T23:59:55.232+0000] {processor.py:830} INFO - Processing file /home/airflow/.local/lib/python3.12/site-packages/airflow/example_dags/example_kubernetes_executor.py for tasks to queue
[2024-06-04T23:59:55.238+0000] {logging_mixin.py:188} INFO - [2024-06-04T23:59:55.237+0000] {dagbag.py:545} INFO - Filling up the DagBag from /home/airflow/.local/lib/python3.12/site-packages/airflow/example_dags/example_kubernetes_executor.py
[2024-06-04T23:59:55.267+0000] {processor.py:840} INFO - DAG(s) 'example_kubernetes_executor' retrieved from /home/airflow/.local/lib/python3.12/site-packages/airflow/example_dags/example_kubernetes_executor.py
[2024-06-04T23:59:55.757+0000] {logging_mixin.py:188} INFO - [2024-06-04T23:59:55.757+0000] {dag.py:3096} INFO - Sync 1 DAGs
[2024-06-04T23:59:55.784+0000] {logging_mixin.py:188} INFO - [2024-06-04T23:59:55.784+0000] {dag.py:3954} INFO - Setting next_dagrun for example_kubernetes_executor to None, run_after=None
[2024-06-04T23:59:55.857+0000] {processor.py:183} INFO - Processing /home/airflow/.local/lib/python3.12/site-packages/airflow/example_dags/example_kubernetes_executor.py took 0.640 seconds
