[2024-06-04T23:44:09.251+0000] {processor.py:161} INFO - Started process (PID=169662) to work on /home/airflow/.local/lib/python3.12/site-packages/airflow/example_dags/tutorial_dag.py
[2024-06-04T23:44:09.253+0000] {processor.py:830} INFO - Processing file /home/airflow/.local/lib/python3.12/site-packages/airflow/example_dags/tutorial_dag.py for tasks to queue
[2024-06-04T23:44:09.256+0000] {logging_mixin.py:188} INFO - [2024-06-04T23:44:09.255+0000] {dagbag.py:545} INFO - Filling up the DagBag from /home/airflow/.local/lib/python3.12/site-packages/airflow/example_dags/tutorial_dag.py
[2024-06-04T23:44:09.265+0000] {processor.py:840} INFO - DAG(s) 'tutorial_dag' retrieved from /home/airflow/.local/lib/python3.12/site-packages/airflow/example_dags/tutorial_dag.py
[2024-06-04T23:44:09.311+0000] {logging_mixin.py:188} INFO - [2024-06-04T23:44:09.310+0000] {dag.py:3096} INFO - Sync 1 DAGs
[2024-06-04T23:44:09.351+0000] {logging_mixin.py:188} INFO - [2024-06-04T23:44:09.350+0000] {dag.py:3954} INFO - Setting next_dagrun for tutorial_dag to None, run_after=None
[2024-06-04T23:44:09.592+0000] {processor.py:183} INFO - Processing /home/airflow/.local/lib/python3.12/site-packages/airflow/example_dags/tutorial_dag.py took 0.363 seconds
[2024-06-04T23:44:40.531+0000] {processor.py:161} INFO - Started process (PID=169923) to work on /home/airflow/.local/lib/python3.12/site-packages/airflow/example_dags/tutorial_dag.py
[2024-06-04T23:44:40.534+0000] {processor.py:830} INFO - Processing file /home/airflow/.local/lib/python3.12/site-packages/airflow/example_dags/tutorial_dag.py for tasks to queue
[2024-06-04T23:44:40.540+0000] {logging_mixin.py:188} INFO - [2024-06-04T23:44:40.539+0000] {dagbag.py:545} INFO - Filling up the DagBag from /home/airflow/.local/lib/python3.12/site-packages/airflow/example_dags/tutorial_dag.py
[2024-06-04T23:44:40.578+0000] {processor.py:840} INFO - DAG(s) 'tutorial_dag' retrieved from /home/airflow/.local/lib/python3.12/site-packages/airflow/example_dags/tutorial_dag.py
[2024-06-04T23:44:40.780+0000] {logging_mixin.py:188} INFO - [2024-06-04T23:44:40.780+0000] {dag.py:3096} INFO - Sync 1 DAGs
[2024-06-04T23:44:40.850+0000] {logging_mixin.py:188} INFO - [2024-06-04T23:44:40.849+0000] {dag.py:3954} INFO - Setting next_dagrun for tutorial_dag to None, run_after=None
[2024-06-04T23:44:41.045+0000] {processor.py:183} INFO - Processing /home/airflow/.local/lib/python3.12/site-packages/airflow/example_dags/tutorial_dag.py took 0.548 seconds
[2024-06-04T23:45:11.936+0000] {processor.py:161} INFO - Started process (PID=170186) to work on /home/airflow/.local/lib/python3.12/site-packages/airflow/example_dags/tutorial_dag.py
[2024-06-04T23:45:11.937+0000] {processor.py:830} INFO - Processing file /home/airflow/.local/lib/python3.12/site-packages/airflow/example_dags/tutorial_dag.py for tasks to queue
[2024-06-04T23:45:11.941+0000] {logging_mixin.py:188} INFO - [2024-06-04T23:45:11.940+0000] {dagbag.py:545} INFO - Filling up the DagBag from /home/airflow/.local/lib/python3.12/site-packages/airflow/example_dags/tutorial_dag.py
[2024-06-04T23:45:11.952+0000] {processor.py:840} INFO - DAG(s) 'tutorial_dag' retrieved from /home/airflow/.local/lib/python3.12/site-packages/airflow/example_dags/tutorial_dag.py
[2024-06-04T23:45:12.058+0000] {logging_mixin.py:188} INFO - [2024-06-04T23:45:12.058+0000] {dag.py:3096} INFO - Sync 1 DAGs
[2024-06-04T23:45:12.104+0000] {logging_mixin.py:188} INFO - [2024-06-04T23:45:12.103+0000] {dag.py:3954} INFO - Setting next_dagrun for tutorial_dag to None, run_after=None
[2024-06-04T23:45:12.201+0000] {processor.py:183} INFO - Processing /home/airflow/.local/lib/python3.12/site-packages/airflow/example_dags/tutorial_dag.py took 0.294 seconds
[2024-06-04T23:45:42.782+0000] {processor.py:161} INFO - Started process (PID=170448) to work on /home/airflow/.local/lib/python3.12/site-packages/airflow/example_dags/tutorial_dag.py
[2024-06-04T23:45:42.784+0000] {processor.py:830} INFO - Processing file /home/airflow/.local/lib/python3.12/site-packages/airflow/example_dags/tutorial_dag.py for tasks to queue
[2024-06-04T23:45:42.789+0000] {logging_mixin.py:188} INFO - [2024-06-04T23:45:42.787+0000] {dagbag.py:545} INFO - Filling up the DagBag from /home/airflow/.local/lib/python3.12/site-packages/airflow/example_dags/tutorial_dag.py
[2024-06-04T23:45:42.802+0000] {processor.py:840} INFO - DAG(s) 'tutorial_dag' retrieved from /home/airflow/.local/lib/python3.12/site-packages/airflow/example_dags/tutorial_dag.py
[2024-06-04T23:45:42.850+0000] {logging_mixin.py:188} INFO - [2024-06-04T23:45:42.849+0000] {dag.py:3096} INFO - Sync 1 DAGs
[2024-06-04T23:45:42.883+0000] {logging_mixin.py:188} INFO - [2024-06-04T23:45:42.883+0000] {dag.py:3954} INFO - Setting next_dagrun for tutorial_dag to None, run_after=None
[2024-06-04T23:45:42.993+0000] {processor.py:183} INFO - Processing /home/airflow/.local/lib/python3.12/site-packages/airflow/example_dags/tutorial_dag.py took 0.242 seconds
[2024-06-04T23:46:13.320+0000] {processor.py:161} INFO - Started process (PID=170710) to work on /home/airflow/.local/lib/python3.12/site-packages/airflow/example_dags/tutorial_dag.py
[2024-06-04T23:46:13.321+0000] {processor.py:830} INFO - Processing file /home/airflow/.local/lib/python3.12/site-packages/airflow/example_dags/tutorial_dag.py for tasks to queue
[2024-06-04T23:46:13.325+0000] {logging_mixin.py:188} INFO - [2024-06-04T23:46:13.324+0000] {dagbag.py:545} INFO - Filling up the DagBag from /home/airflow/.local/lib/python3.12/site-packages/airflow/example_dags/tutorial_dag.py
[2024-06-04T23:46:13.335+0000] {processor.py:840} INFO - DAG(s) 'tutorial_dag' retrieved from /home/airflow/.local/lib/python3.12/site-packages/airflow/example_dags/tutorial_dag.py
[2024-06-04T23:46:13.376+0000] {logging_mixin.py:188} INFO - [2024-06-04T23:46:13.375+0000] {dag.py:3096} INFO - Sync 1 DAGs
[2024-06-04T23:46:13.404+0000] {logging_mixin.py:188} INFO - [2024-06-04T23:46:13.404+0000] {dag.py:3954} INFO - Setting next_dagrun for tutorial_dag to None, run_after=None
[2024-06-04T23:46:13.460+0000] {processor.py:183} INFO - Processing /home/airflow/.local/lib/python3.12/site-packages/airflow/example_dags/tutorial_dag.py took 0.157 seconds
[2024-06-04T23:46:44.447+0000] {processor.py:161} INFO - Started process (PID=170974) to work on /home/airflow/.local/lib/python3.12/site-packages/airflow/example_dags/tutorial_dag.py
[2024-06-04T23:46:44.449+0000] {processor.py:830} INFO - Processing file /home/airflow/.local/lib/python3.12/site-packages/airflow/example_dags/tutorial_dag.py for tasks to queue
[2024-06-04T23:46:44.452+0000] {logging_mixin.py:188} INFO - [2024-06-04T23:46:44.451+0000] {dagbag.py:545} INFO - Filling up the DagBag from /home/airflow/.local/lib/python3.12/site-packages/airflow/example_dags/tutorial_dag.py
[2024-06-04T23:46:44.462+0000] {processor.py:840} INFO - DAG(s) 'tutorial_dag' retrieved from /home/airflow/.local/lib/python3.12/site-packages/airflow/example_dags/tutorial_dag.py
[2024-06-04T23:46:44.506+0000] {logging_mixin.py:188} INFO - [2024-06-04T23:46:44.505+0000] {dag.py:3096} INFO - Sync 1 DAGs
[2024-06-04T23:46:44.586+0000] {logging_mixin.py:188} INFO - [2024-06-04T23:46:44.586+0000] {dag.py:3954} INFO - Setting next_dagrun for tutorial_dag to None, run_after=None
[2024-06-04T23:46:44.667+0000] {processor.py:183} INFO - Processing /home/airflow/.local/lib/python3.12/site-packages/airflow/example_dags/tutorial_dag.py took 0.233 seconds
[2024-06-04T23:47:15.936+0000] {processor.py:161} INFO - Started process (PID=171233) to work on /home/airflow/.local/lib/python3.12/site-packages/airflow/example_dags/tutorial_dag.py
[2024-06-04T23:47:15.943+0000] {processor.py:830} INFO - Processing file /home/airflow/.local/lib/python3.12/site-packages/airflow/example_dags/tutorial_dag.py for tasks to queue
[2024-06-04T23:47:15.952+0000] {logging_mixin.py:188} INFO - [2024-06-04T23:47:15.951+0000] {dagbag.py:545} INFO - Filling up the DagBag from /home/airflow/.local/lib/python3.12/site-packages/airflow/example_dags/tutorial_dag.py
[2024-06-04T23:47:15.980+0000] {processor.py:840} INFO - DAG(s) 'tutorial_dag' retrieved from /home/airflow/.local/lib/python3.12/site-packages/airflow/example_dags/tutorial_dag.py
[2024-06-04T23:47:16.046+0000] {logging_mixin.py:188} INFO - [2024-06-04T23:47:16.046+0000] {dag.py:3096} INFO - Sync 1 DAGs
[2024-06-04T23:47:16.144+0000] {logging_mixin.py:188} INFO - [2024-06-04T23:47:16.144+0000] {dag.py:3954} INFO - Setting next_dagrun for tutorial_dag to None, run_after=None
[2024-06-04T23:47:16.292+0000] {processor.py:183} INFO - Processing /home/airflow/.local/lib/python3.12/site-packages/airflow/example_dags/tutorial_dag.py took 0.392 seconds
[2024-06-04T23:47:46.550+0000] {processor.py:161} INFO - Started process (PID=171494) to work on /home/airflow/.local/lib/python3.12/site-packages/airflow/example_dags/tutorial_dag.py
[2024-06-04T23:47:46.551+0000] {processor.py:830} INFO - Processing file /home/airflow/.local/lib/python3.12/site-packages/airflow/example_dags/tutorial_dag.py for tasks to queue
[2024-06-04T23:47:46.554+0000] {logging_mixin.py:188} INFO - [2024-06-04T23:47:46.553+0000] {dagbag.py:545} INFO - Filling up the DagBag from /home/airflow/.local/lib/python3.12/site-packages/airflow/example_dags/tutorial_dag.py
[2024-06-04T23:47:46.562+0000] {processor.py:840} INFO - DAG(s) 'tutorial_dag' retrieved from /home/airflow/.local/lib/python3.12/site-packages/airflow/example_dags/tutorial_dag.py
[2024-06-04T23:47:46.603+0000] {logging_mixin.py:188} INFO - [2024-06-04T23:47:46.603+0000] {dag.py:3096} INFO - Sync 1 DAGs
[2024-06-04T23:47:46.633+0000] {logging_mixin.py:188} INFO - [2024-06-04T23:47:46.632+0000] {dag.py:3954} INFO - Setting next_dagrun for tutorial_dag to None, run_after=None
[2024-06-04T23:47:46.687+0000] {processor.py:183} INFO - Processing /home/airflow/.local/lib/python3.12/site-packages/airflow/example_dags/tutorial_dag.py took 0.148 seconds
[2024-06-04T23:48:17.239+0000] {processor.py:161} INFO - Started process (PID=171756) to work on /home/airflow/.local/lib/python3.12/site-packages/airflow/example_dags/tutorial_dag.py
[2024-06-04T23:48:17.241+0000] {processor.py:830} INFO - Processing file /home/airflow/.local/lib/python3.12/site-packages/airflow/example_dags/tutorial_dag.py for tasks to queue
[2024-06-04T23:48:17.244+0000] {logging_mixin.py:188} INFO - [2024-06-04T23:48:17.243+0000] {dagbag.py:545} INFO - Filling up the DagBag from /home/airflow/.local/lib/python3.12/site-packages/airflow/example_dags/tutorial_dag.py
[2024-06-04T23:48:17.254+0000] {processor.py:840} INFO - DAG(s) 'tutorial_dag' retrieved from /home/airflow/.local/lib/python3.12/site-packages/airflow/example_dags/tutorial_dag.py
[2024-06-04T23:48:17.293+0000] {logging_mixin.py:188} INFO - [2024-06-04T23:48:17.293+0000] {dag.py:3096} INFO - Sync 1 DAGs
[2024-06-04T23:48:17.323+0000] {logging_mixin.py:188} INFO - [2024-06-04T23:48:17.322+0000] {dag.py:3954} INFO - Setting next_dagrun for tutorial_dag to None, run_after=None
[2024-06-04T23:48:17.379+0000] {processor.py:183} INFO - Processing /home/airflow/.local/lib/python3.12/site-packages/airflow/example_dags/tutorial_dag.py took 0.152 seconds
[2024-06-04T23:48:48.378+0000] {processor.py:161} INFO - Started process (PID=172018) to work on /home/airflow/.local/lib/python3.12/site-packages/airflow/example_dags/tutorial_dag.py
[2024-06-04T23:48:48.379+0000] {processor.py:830} INFO - Processing file /home/airflow/.local/lib/python3.12/site-packages/airflow/example_dags/tutorial_dag.py for tasks to queue
[2024-06-04T23:48:48.382+0000] {logging_mixin.py:188} INFO - [2024-06-04T23:48:48.382+0000] {dagbag.py:545} INFO - Filling up the DagBag from /home/airflow/.local/lib/python3.12/site-packages/airflow/example_dags/tutorial_dag.py
[2024-06-04T23:48:48.410+0000] {processor.py:840} INFO - DAG(s) 'tutorial_dag' retrieved from /home/airflow/.local/lib/python3.12/site-packages/airflow/example_dags/tutorial_dag.py
[2024-06-04T23:48:48.450+0000] {logging_mixin.py:188} INFO - [2024-06-04T23:48:48.449+0000] {dag.py:3096} INFO - Sync 1 DAGs
[2024-06-04T23:48:48.480+0000] {logging_mixin.py:188} INFO - [2024-06-04T23:48:48.479+0000] {dag.py:3954} INFO - Setting next_dagrun for tutorial_dag to None, run_after=None
[2024-06-04T23:48:48.557+0000] {processor.py:183} INFO - Processing /home/airflow/.local/lib/python3.12/site-packages/airflow/example_dags/tutorial_dag.py took 0.192 seconds
[2024-06-04T23:49:19.629+0000] {processor.py:161} INFO - Started process (PID=172287) to work on /home/airflow/.local/lib/python3.12/site-packages/airflow/example_dags/tutorial_dag.py
[2024-06-04T23:49:19.631+0000] {processor.py:830} INFO - Processing file /home/airflow/.local/lib/python3.12/site-packages/airflow/example_dags/tutorial_dag.py for tasks to queue
[2024-06-04T23:49:19.633+0000] {logging_mixin.py:188} INFO - [2024-06-04T23:49:19.633+0000] {dagbag.py:545} INFO - Filling up the DagBag from /home/airflow/.local/lib/python3.12/site-packages/airflow/example_dags/tutorial_dag.py
[2024-06-04T23:49:19.642+0000] {processor.py:840} INFO - DAG(s) 'tutorial_dag' retrieved from /home/airflow/.local/lib/python3.12/site-packages/airflow/example_dags/tutorial_dag.py
[2024-06-04T23:49:19.676+0000] {logging_mixin.py:188} INFO - [2024-06-04T23:49:19.676+0000] {dag.py:3096} INFO - Sync 1 DAGs
[2024-06-04T23:49:19.698+0000] {logging_mixin.py:188} INFO - [2024-06-04T23:49:19.698+0000] {dag.py:3954} INFO - Setting next_dagrun for tutorial_dag to None, run_after=None
[2024-06-04T23:49:19.769+0000] {processor.py:183} INFO - Processing /home/airflow/.local/lib/python3.12/site-packages/airflow/example_dags/tutorial_dag.py took 0.149 seconds
[2024-06-04T23:49:50.033+0000] {processor.py:161} INFO - Started process (PID=172547) to work on /home/airflow/.local/lib/python3.12/site-packages/airflow/example_dags/tutorial_dag.py
[2024-06-04T23:49:50.036+0000] {processor.py:830} INFO - Processing file /home/airflow/.local/lib/python3.12/site-packages/airflow/example_dags/tutorial_dag.py for tasks to queue
[2024-06-04T23:49:50.039+0000] {logging_mixin.py:188} INFO - [2024-06-04T23:49:50.039+0000] {dagbag.py:545} INFO - Filling up the DagBag from /home/airflow/.local/lib/python3.12/site-packages/airflow/example_dags/tutorial_dag.py
[2024-06-04T23:49:50.049+0000] {processor.py:840} INFO - DAG(s) 'tutorial_dag' retrieved from /home/airflow/.local/lib/python3.12/site-packages/airflow/example_dags/tutorial_dag.py
[2024-06-04T23:49:50.116+0000] {logging_mixin.py:188} INFO - [2024-06-04T23:49:50.116+0000] {dag.py:3096} INFO - Sync 1 DAGs
[2024-06-04T23:49:50.152+0000] {logging_mixin.py:188} INFO - [2024-06-04T23:49:50.151+0000] {dag.py:3954} INFO - Setting next_dagrun for tutorial_dag to None, run_after=None
[2024-06-04T23:49:50.227+0000] {processor.py:183} INFO - Processing /home/airflow/.local/lib/python3.12/site-packages/airflow/example_dags/tutorial_dag.py took 0.206 seconds
[2024-06-04T23:50:21.087+0000] {processor.py:161} INFO - Started process (PID=172804) to work on /home/airflow/.local/lib/python3.12/site-packages/airflow/example_dags/tutorial_dag.py
[2024-06-04T23:50:21.089+0000] {processor.py:830} INFO - Processing file /home/airflow/.local/lib/python3.12/site-packages/airflow/example_dags/tutorial_dag.py for tasks to queue
[2024-06-04T23:50:21.104+0000] {logging_mixin.py:188} INFO - [2024-06-04T23:50:21.104+0000] {dagbag.py:545} INFO - Filling up the DagBag from /home/airflow/.local/lib/python3.12/site-packages/airflow/example_dags/tutorial_dag.py
[2024-06-04T23:50:21.119+0000] {processor.py:840} INFO - DAG(s) 'tutorial_dag' retrieved from /home/airflow/.local/lib/python3.12/site-packages/airflow/example_dags/tutorial_dag.py
[2024-06-04T23:50:21.170+0000] {logging_mixin.py:188} INFO - [2024-06-04T23:50:21.170+0000] {dag.py:3096} INFO - Sync 1 DAGs
[2024-06-04T23:50:21.200+0000] {logging_mixin.py:188} INFO - [2024-06-04T23:50:21.199+0000] {dag.py:3954} INFO - Setting next_dagrun for tutorial_dag to None, run_after=None
[2024-06-04T23:50:21.276+0000] {processor.py:183} INFO - Processing /home/airflow/.local/lib/python3.12/site-packages/airflow/example_dags/tutorial_dag.py took 0.208 seconds
[2024-06-04T23:50:51.554+0000] {processor.py:161} INFO - Started process (PID=173068) to work on /home/airflow/.local/lib/python3.12/site-packages/airflow/example_dags/tutorial_dag.py
[2024-06-04T23:50:51.560+0000] {processor.py:830} INFO - Processing file /home/airflow/.local/lib/python3.12/site-packages/airflow/example_dags/tutorial_dag.py for tasks to queue
[2024-06-04T23:50:51.562+0000] {logging_mixin.py:188} INFO - [2024-06-04T23:50:51.562+0000] {dagbag.py:545} INFO - Filling up the DagBag from /home/airflow/.local/lib/python3.12/site-packages/airflow/example_dags/tutorial_dag.py
[2024-06-04T23:50:51.570+0000] {processor.py:840} INFO - DAG(s) 'tutorial_dag' retrieved from /home/airflow/.local/lib/python3.12/site-packages/airflow/example_dags/tutorial_dag.py
[2024-06-04T23:50:51.603+0000] {logging_mixin.py:188} INFO - [2024-06-04T23:50:51.603+0000] {dag.py:3096} INFO - Sync 1 DAGs
[2024-06-04T23:50:51.626+0000] {logging_mixin.py:188} INFO - [2024-06-04T23:50:51.625+0000] {dag.py:3954} INFO - Setting next_dagrun for tutorial_dag to None, run_after=None
[2024-06-04T23:50:51.672+0000] {processor.py:183} INFO - Processing /home/airflow/.local/lib/python3.12/site-packages/airflow/example_dags/tutorial_dag.py took 0.128 seconds
[2024-06-04T23:51:22.510+0000] {processor.py:161} INFO - Started process (PID=173329) to work on /home/airflow/.local/lib/python3.12/site-packages/airflow/example_dags/tutorial_dag.py
[2024-06-04T23:51:22.512+0000] {processor.py:830} INFO - Processing file /home/airflow/.local/lib/python3.12/site-packages/airflow/example_dags/tutorial_dag.py for tasks to queue
[2024-06-04T23:51:22.515+0000] {logging_mixin.py:188} INFO - [2024-06-04T23:51:22.514+0000] {dagbag.py:545} INFO - Filling up the DagBag from /home/airflow/.local/lib/python3.12/site-packages/airflow/example_dags/tutorial_dag.py
[2024-06-04T23:51:22.552+0000] {processor.py:840} INFO - DAG(s) 'tutorial_dag' retrieved from /home/airflow/.local/lib/python3.12/site-packages/airflow/example_dags/tutorial_dag.py
[2024-06-04T23:51:22.612+0000] {logging_mixin.py:188} INFO - [2024-06-04T23:51:22.611+0000] {dag.py:3096} INFO - Sync 1 DAGs
[2024-06-04T23:51:22.643+0000] {logging_mixin.py:188} INFO - [2024-06-04T23:51:22.643+0000] {dag.py:3954} INFO - Setting next_dagrun for tutorial_dag to None, run_after=None
[2024-06-04T23:51:22.718+0000] {processor.py:183} INFO - Processing /home/airflow/.local/lib/python3.12/site-packages/airflow/example_dags/tutorial_dag.py took 0.245 seconds
[2024-06-04T23:51:53.474+0000] {processor.py:161} INFO - Started process (PID=173590) to work on /home/airflow/.local/lib/python3.12/site-packages/airflow/example_dags/tutorial_dag.py
[2024-06-04T23:51:53.477+0000] {processor.py:830} INFO - Processing file /home/airflow/.local/lib/python3.12/site-packages/airflow/example_dags/tutorial_dag.py for tasks to queue
[2024-06-04T23:51:53.480+0000] {logging_mixin.py:188} INFO - [2024-06-04T23:51:53.479+0000] {dagbag.py:545} INFO - Filling up the DagBag from /home/airflow/.local/lib/python3.12/site-packages/airflow/example_dags/tutorial_dag.py
[2024-06-04T23:51:53.491+0000] {processor.py:840} INFO - DAG(s) 'tutorial_dag' retrieved from /home/airflow/.local/lib/python3.12/site-packages/airflow/example_dags/tutorial_dag.py
[2024-06-04T23:51:53.525+0000] {logging_mixin.py:188} INFO - [2024-06-04T23:51:53.525+0000] {dag.py:3096} INFO - Sync 1 DAGs
[2024-06-04T23:51:53.548+0000] {logging_mixin.py:188} INFO - [2024-06-04T23:51:53.547+0000] {dag.py:3954} INFO - Setting next_dagrun for tutorial_dag to None, run_after=None
[2024-06-04T23:51:53.582+0000] {processor.py:183} INFO - Processing /home/airflow/.local/lib/python3.12/site-packages/airflow/example_dags/tutorial_dag.py took 0.121 seconds
[2024-06-04T23:52:24.229+0000] {processor.py:161} INFO - Started process (PID=173852) to work on /home/airflow/.local/lib/python3.12/site-packages/airflow/example_dags/tutorial_dag.py
[2024-06-04T23:52:24.230+0000] {processor.py:830} INFO - Processing file /home/airflow/.local/lib/python3.12/site-packages/airflow/example_dags/tutorial_dag.py for tasks to queue
[2024-06-04T23:52:24.234+0000] {logging_mixin.py:188} INFO - [2024-06-04T23:52:24.233+0000] {dagbag.py:545} INFO - Filling up the DagBag from /home/airflow/.local/lib/python3.12/site-packages/airflow/example_dags/tutorial_dag.py
[2024-06-04T23:52:24.245+0000] {processor.py:840} INFO - DAG(s) 'tutorial_dag' retrieved from /home/airflow/.local/lib/python3.12/site-packages/airflow/example_dags/tutorial_dag.py
[2024-06-04T23:52:24.285+0000] {logging_mixin.py:188} INFO - [2024-06-04T23:52:24.285+0000] {dag.py:3096} INFO - Sync 1 DAGs
[2024-06-04T23:52:24.309+0000] {logging_mixin.py:188} INFO - [2024-06-04T23:52:24.308+0000] {dag.py:3954} INFO - Setting next_dagrun for tutorial_dag to None, run_after=None
[2024-06-04T23:52:24.349+0000] {processor.py:183} INFO - Processing /home/airflow/.local/lib/python3.12/site-packages/airflow/example_dags/tutorial_dag.py took 0.130 seconds
[2024-06-04T23:52:55.284+0000] {processor.py:161} INFO - Started process (PID=174114) to work on /home/airflow/.local/lib/python3.12/site-packages/airflow/example_dags/tutorial_dag.py
[2024-06-04T23:52:55.297+0000] {processor.py:830} INFO - Processing file /home/airflow/.local/lib/python3.12/site-packages/airflow/example_dags/tutorial_dag.py for tasks to queue
[2024-06-04T23:52:55.301+0000] {logging_mixin.py:188} INFO - [2024-06-04T23:52:55.300+0000] {dagbag.py:545} INFO - Filling up the DagBag from /home/airflow/.local/lib/python3.12/site-packages/airflow/example_dags/tutorial_dag.py
[2024-06-04T23:52:55.309+0000] {processor.py:840} INFO - DAG(s) 'tutorial_dag' retrieved from /home/airflow/.local/lib/python3.12/site-packages/airflow/example_dags/tutorial_dag.py
[2024-06-04T23:52:55.340+0000] {logging_mixin.py:188} INFO - [2024-06-04T23:52:55.340+0000] {dag.py:3096} INFO - Sync 1 DAGs
[2024-06-04T23:52:55.363+0000] {logging_mixin.py:188} INFO - [2024-06-04T23:52:55.363+0000] {dag.py:3954} INFO - Setting next_dagrun for tutorial_dag to None, run_after=None
[2024-06-04T23:52:55.415+0000] {processor.py:183} INFO - Processing /home/airflow/.local/lib/python3.12/site-packages/airflow/example_dags/tutorial_dag.py took 0.143 seconds
[2024-06-04T23:53:26.398+0000] {processor.py:161} INFO - Started process (PID=174379) to work on /home/airflow/.local/lib/python3.12/site-packages/airflow/example_dags/tutorial_dag.py
[2024-06-04T23:53:26.400+0000] {processor.py:830} INFO - Processing file /home/airflow/.local/lib/python3.12/site-packages/airflow/example_dags/tutorial_dag.py for tasks to queue
[2024-06-04T23:53:26.410+0000] {logging_mixin.py:188} INFO - [2024-06-04T23:53:26.409+0000] {dagbag.py:545} INFO - Filling up the DagBag from /home/airflow/.local/lib/python3.12/site-packages/airflow/example_dags/tutorial_dag.py
[2024-06-04T23:53:26.456+0000] {processor.py:840} INFO - DAG(s) 'tutorial_dag' retrieved from /home/airflow/.local/lib/python3.12/site-packages/airflow/example_dags/tutorial_dag.py
[2024-06-04T23:53:26.545+0000] {logging_mixin.py:188} INFO - [2024-06-04T23:53:26.545+0000] {dag.py:3096} INFO - Sync 1 DAGs
[2024-06-04T23:53:26.575+0000] {logging_mixin.py:188} INFO - [2024-06-04T23:53:26.575+0000] {dag.py:3954} INFO - Setting next_dagrun for tutorial_dag to None, run_after=None
[2024-06-04T23:53:26.635+0000] {processor.py:183} INFO - Processing /home/airflow/.local/lib/python3.12/site-packages/airflow/example_dags/tutorial_dag.py took 0.248 seconds
[2024-06-04T23:53:56.934+0000] {processor.py:161} INFO - Started process (PID=174640) to work on /home/airflow/.local/lib/python3.12/site-packages/airflow/example_dags/tutorial_dag.py
[2024-06-04T23:53:56.963+0000] {processor.py:830} INFO - Processing file /home/airflow/.local/lib/python3.12/site-packages/airflow/example_dags/tutorial_dag.py for tasks to queue
[2024-06-04T23:53:56.966+0000] {logging_mixin.py:188} INFO - [2024-06-04T23:53:56.965+0000] {dagbag.py:545} INFO - Filling up the DagBag from /home/airflow/.local/lib/python3.12/site-packages/airflow/example_dags/tutorial_dag.py
[2024-06-04T23:53:56.976+0000] {processor.py:840} INFO - DAG(s) 'tutorial_dag' retrieved from /home/airflow/.local/lib/python3.12/site-packages/airflow/example_dags/tutorial_dag.py
[2024-06-04T23:53:57.021+0000] {logging_mixin.py:188} INFO - [2024-06-04T23:53:57.021+0000] {dag.py:3096} INFO - Sync 1 DAGs
[2024-06-04T23:53:57.053+0000] {logging_mixin.py:188} INFO - [2024-06-04T23:53:57.053+0000] {dag.py:3954} INFO - Setting next_dagrun for tutorial_dag to None, run_after=None
[2024-06-04T23:53:57.102+0000] {processor.py:183} INFO - Processing /home/airflow/.local/lib/python3.12/site-packages/airflow/example_dags/tutorial_dag.py took 0.179 seconds
[2024-06-04T23:54:27.336+0000] {processor.py:161} INFO - Started process (PID=174902) to work on /home/airflow/.local/lib/python3.12/site-packages/airflow/example_dags/tutorial_dag.py
[2024-06-04T23:54:27.338+0000] {processor.py:830} INFO - Processing file /home/airflow/.local/lib/python3.12/site-packages/airflow/example_dags/tutorial_dag.py for tasks to queue
[2024-06-04T23:54:27.342+0000] {logging_mixin.py:188} INFO - [2024-06-04T23:54:27.341+0000] {dagbag.py:545} INFO - Filling up the DagBag from /home/airflow/.local/lib/python3.12/site-packages/airflow/example_dags/tutorial_dag.py
[2024-06-04T23:54:27.361+0000] {processor.py:840} INFO - DAG(s) 'tutorial_dag' retrieved from /home/airflow/.local/lib/python3.12/site-packages/airflow/example_dags/tutorial_dag.py
[2024-06-04T23:54:27.396+0000] {logging_mixin.py:188} INFO - [2024-06-04T23:54:27.396+0000] {dag.py:3096} INFO - Sync 1 DAGs
[2024-06-04T23:54:27.422+0000] {logging_mixin.py:188} INFO - [2024-06-04T23:54:27.421+0000] {dag.py:3954} INFO - Setting next_dagrun for tutorial_dag to None, run_after=None
[2024-06-04T23:54:27.465+0000] {processor.py:183} INFO - Processing /home/airflow/.local/lib/python3.12/site-packages/airflow/example_dags/tutorial_dag.py took 0.145 seconds
[2024-06-04T23:54:57.744+0000] {processor.py:161} INFO - Started process (PID=175163) to work on /home/airflow/.local/lib/python3.12/site-packages/airflow/example_dags/tutorial_dag.py
[2024-06-04T23:54:57.759+0000] {processor.py:830} INFO - Processing file /home/airflow/.local/lib/python3.12/site-packages/airflow/example_dags/tutorial_dag.py for tasks to queue
[2024-06-04T23:54:57.762+0000] {logging_mixin.py:188} INFO - [2024-06-04T23:54:57.761+0000] {dagbag.py:545} INFO - Filling up the DagBag from /home/airflow/.local/lib/python3.12/site-packages/airflow/example_dags/tutorial_dag.py
[2024-06-04T23:54:57.772+0000] {processor.py:840} INFO - DAG(s) 'tutorial_dag' retrieved from /home/airflow/.local/lib/python3.12/site-packages/airflow/example_dags/tutorial_dag.py
[2024-06-04T23:54:57.812+0000] {logging_mixin.py:188} INFO - [2024-06-04T23:54:57.812+0000] {dag.py:3096} INFO - Sync 1 DAGs
[2024-06-04T23:54:57.834+0000] {logging_mixin.py:188} INFO - [2024-06-04T23:54:57.834+0000] {dag.py:3954} INFO - Setting next_dagrun for tutorial_dag to None, run_after=None
[2024-06-04T23:54:57.875+0000] {processor.py:183} INFO - Processing /home/airflow/.local/lib/python3.12/site-packages/airflow/example_dags/tutorial_dag.py took 0.145 seconds
[2024-06-04T23:55:28.421+0000] {processor.py:161} INFO - Started process (PID=175421) to work on /home/airflow/.local/lib/python3.12/site-packages/airflow/example_dags/tutorial_dag.py
[2024-06-04T23:55:28.423+0000] {processor.py:830} INFO - Processing file /home/airflow/.local/lib/python3.12/site-packages/airflow/example_dags/tutorial_dag.py for tasks to queue
[2024-06-04T23:55:28.427+0000] {logging_mixin.py:188} INFO - [2024-06-04T23:55:28.426+0000] {dagbag.py:545} INFO - Filling up the DagBag from /home/airflow/.local/lib/python3.12/site-packages/airflow/example_dags/tutorial_dag.py
[2024-06-04T23:55:28.439+0000] {processor.py:840} INFO - DAG(s) 'tutorial_dag' retrieved from /home/airflow/.local/lib/python3.12/site-packages/airflow/example_dags/tutorial_dag.py
[2024-06-04T23:55:28.487+0000] {logging_mixin.py:188} INFO - [2024-06-04T23:55:28.486+0000] {dag.py:3096} INFO - Sync 1 DAGs
[2024-06-04T23:55:28.514+0000] {logging_mixin.py:188} INFO - [2024-06-04T23:55:28.514+0000] {dag.py:3954} INFO - Setting next_dagrun for tutorial_dag to None, run_after=None
[2024-06-04T23:55:28.569+0000] {processor.py:183} INFO - Processing /home/airflow/.local/lib/python3.12/site-packages/airflow/example_dags/tutorial_dag.py took 0.161 seconds
[2024-06-04T23:55:59.502+0000] {processor.py:161} INFO - Started process (PID=175681) to work on /home/airflow/.local/lib/python3.12/site-packages/airflow/example_dags/tutorial_dag.py
[2024-06-04T23:55:59.518+0000] {processor.py:830} INFO - Processing file /home/airflow/.local/lib/python3.12/site-packages/airflow/example_dags/tutorial_dag.py for tasks to queue
[2024-06-04T23:55:59.522+0000] {logging_mixin.py:188} INFO - [2024-06-04T23:55:59.521+0000] {dagbag.py:545} INFO - Filling up the DagBag from /home/airflow/.local/lib/python3.12/site-packages/airflow/example_dags/tutorial_dag.py
[2024-06-04T23:55:59.549+0000] {processor.py:840} INFO - DAG(s) 'tutorial_dag' retrieved from /home/airflow/.local/lib/python3.12/site-packages/airflow/example_dags/tutorial_dag.py
[2024-06-04T23:55:59.626+0000] {logging_mixin.py:188} INFO - [2024-06-04T23:55:59.626+0000] {dag.py:3096} INFO - Sync 1 DAGs
[2024-06-04T23:55:59.764+0000] {logging_mixin.py:188} INFO - [2024-06-04T23:55:59.764+0000] {dag.py:3954} INFO - Setting next_dagrun for tutorial_dag to None, run_after=None
[2024-06-04T23:55:59.880+0000] {processor.py:183} INFO - Processing /home/airflow/.local/lib/python3.12/site-packages/airflow/example_dags/tutorial_dag.py took 0.403 seconds
[2024-06-04T23:56:30.109+0000] {processor.py:161} INFO - Started process (PID=175945) to work on /home/airflow/.local/lib/python3.12/site-packages/airflow/example_dags/tutorial_dag.py
[2024-06-04T23:56:30.110+0000] {processor.py:830} INFO - Processing file /home/airflow/.local/lib/python3.12/site-packages/airflow/example_dags/tutorial_dag.py for tasks to queue
[2024-06-04T23:56:30.113+0000] {logging_mixin.py:188} INFO - [2024-06-04T23:56:30.113+0000] {dagbag.py:545} INFO - Filling up the DagBag from /home/airflow/.local/lib/python3.12/site-packages/airflow/example_dags/tutorial_dag.py
[2024-06-04T23:56:30.123+0000] {processor.py:840} INFO - DAG(s) 'tutorial_dag' retrieved from /home/airflow/.local/lib/python3.12/site-packages/airflow/example_dags/tutorial_dag.py
[2024-06-04T23:56:30.162+0000] {logging_mixin.py:188} INFO - [2024-06-04T23:56:30.161+0000] {dag.py:3096} INFO - Sync 1 DAGs
[2024-06-04T23:56:30.184+0000] {logging_mixin.py:188} INFO - [2024-06-04T23:56:30.184+0000] {dag.py:3954} INFO - Setting next_dagrun for tutorial_dag to None, run_after=None
[2024-06-04T23:56:30.223+0000] {processor.py:183} INFO - Processing /home/airflow/.local/lib/python3.12/site-packages/airflow/example_dags/tutorial_dag.py took 0.126 seconds
[2024-06-04T23:57:00.718+0000] {processor.py:161} INFO - Started process (PID=176205) to work on /home/airflow/.local/lib/python3.12/site-packages/airflow/example_dags/tutorial_dag.py
[2024-06-04T23:57:00.720+0000] {processor.py:830} INFO - Processing file /home/airflow/.local/lib/python3.12/site-packages/airflow/example_dags/tutorial_dag.py for tasks to queue
[2024-06-04T23:57:00.723+0000] {logging_mixin.py:188} INFO - [2024-06-04T23:57:00.722+0000] {dagbag.py:545} INFO - Filling up the DagBag from /home/airflow/.local/lib/python3.12/site-packages/airflow/example_dags/tutorial_dag.py
[2024-06-04T23:57:00.733+0000] {processor.py:840} INFO - DAG(s) 'tutorial_dag' retrieved from /home/airflow/.local/lib/python3.12/site-packages/airflow/example_dags/tutorial_dag.py
[2024-06-04T23:57:00.772+0000] {logging_mixin.py:188} INFO - [2024-06-04T23:57:00.771+0000] {dag.py:3096} INFO - Sync 1 DAGs
[2024-06-04T23:57:00.798+0000] {logging_mixin.py:188} INFO - [2024-06-04T23:57:00.797+0000] {dag.py:3954} INFO - Setting next_dagrun for tutorial_dag to None, run_after=None
[2024-06-04T23:57:00.839+0000] {processor.py:183} INFO - Processing /home/airflow/.local/lib/python3.12/site-packages/airflow/example_dags/tutorial_dag.py took 0.134 seconds
[2024-06-04T23:57:31.084+0000] {processor.py:161} INFO - Started process (PID=176466) to work on /home/airflow/.local/lib/python3.12/site-packages/airflow/example_dags/tutorial_dag.py
[2024-06-04T23:57:31.086+0000] {processor.py:830} INFO - Processing file /home/airflow/.local/lib/python3.12/site-packages/airflow/example_dags/tutorial_dag.py for tasks to queue
[2024-06-04T23:57:31.090+0000] {logging_mixin.py:188} INFO - [2024-06-04T23:57:31.090+0000] {dagbag.py:545} INFO - Filling up the DagBag from /home/airflow/.local/lib/python3.12/site-packages/airflow/example_dags/tutorial_dag.py
[2024-06-04T23:57:31.101+0000] {processor.py:840} INFO - DAG(s) 'tutorial_dag' retrieved from /home/airflow/.local/lib/python3.12/site-packages/airflow/example_dags/tutorial_dag.py
[2024-06-04T23:57:31.139+0000] {logging_mixin.py:188} INFO - [2024-06-04T23:57:31.138+0000] {dag.py:3096} INFO - Sync 1 DAGs
[2024-06-04T23:57:31.167+0000] {logging_mixin.py:188} INFO - [2024-06-04T23:57:31.166+0000] {dag.py:3954} INFO - Setting next_dagrun for tutorial_dag to None, run_after=None
[2024-06-04T23:57:31.213+0000] {processor.py:183} INFO - Processing /home/airflow/.local/lib/python3.12/site-packages/airflow/example_dags/tutorial_dag.py took 0.144 seconds
[2024-06-04T23:58:01.862+0000] {processor.py:161} INFO - Started process (PID=176730) to work on /home/airflow/.local/lib/python3.12/site-packages/airflow/example_dags/tutorial_dag.py
[2024-06-04T23:58:01.864+0000] {processor.py:830} INFO - Processing file /home/airflow/.local/lib/python3.12/site-packages/airflow/example_dags/tutorial_dag.py for tasks to queue
[2024-06-04T23:58:01.868+0000] {logging_mixin.py:188} INFO - [2024-06-04T23:58:01.867+0000] {dagbag.py:545} INFO - Filling up the DagBag from /home/airflow/.local/lib/python3.12/site-packages/airflow/example_dags/tutorial_dag.py
[2024-06-04T23:58:01.878+0000] {processor.py:840} INFO - DAG(s) 'tutorial_dag' retrieved from /home/airflow/.local/lib/python3.12/site-packages/airflow/example_dags/tutorial_dag.py
[2024-06-04T23:58:01.918+0000] {logging_mixin.py:188} INFO - [2024-06-04T23:58:01.918+0000] {dag.py:3096} INFO - Sync 1 DAGs
[2024-06-04T23:58:01.947+0000] {logging_mixin.py:188} INFO - [2024-06-04T23:58:01.946+0000] {dag.py:3954} INFO - Setting next_dagrun for tutorial_dag to None, run_after=None
[2024-06-04T23:58:01.991+0000] {processor.py:183} INFO - Processing /home/airflow/.local/lib/python3.12/site-packages/airflow/example_dags/tutorial_dag.py took 0.142 seconds
[2024-06-04T23:58:32.651+0000] {processor.py:161} INFO - Started process (PID=176991) to work on /home/airflow/.local/lib/python3.12/site-packages/airflow/example_dags/tutorial_dag.py
[2024-06-04T23:58:32.670+0000] {processor.py:830} INFO - Processing file /home/airflow/.local/lib/python3.12/site-packages/airflow/example_dags/tutorial_dag.py for tasks to queue
[2024-06-04T23:58:32.673+0000] {logging_mixin.py:188} INFO - [2024-06-04T23:58:32.672+0000] {dagbag.py:545} INFO - Filling up the DagBag from /home/airflow/.local/lib/python3.12/site-packages/airflow/example_dags/tutorial_dag.py
[2024-06-04T23:58:32.683+0000] {processor.py:840} INFO - DAG(s) 'tutorial_dag' retrieved from /home/airflow/.local/lib/python3.12/site-packages/airflow/example_dags/tutorial_dag.py
[2024-06-04T23:58:32.720+0000] {logging_mixin.py:188} INFO - [2024-06-04T23:58:32.719+0000] {dag.py:3096} INFO - Sync 1 DAGs
[2024-06-04T23:58:32.743+0000] {logging_mixin.py:188} INFO - [2024-06-04T23:58:32.742+0000] {dag.py:3954} INFO - Setting next_dagrun for tutorial_dag to None, run_after=None
[2024-06-04T23:58:32.797+0000] {processor.py:183} INFO - Processing /home/airflow/.local/lib/python3.12/site-packages/airflow/example_dags/tutorial_dag.py took 0.156 seconds
[2024-06-04T23:59:03.255+0000] {processor.py:161} INFO - Started process (PID=177250) to work on /home/airflow/.local/lib/python3.12/site-packages/airflow/example_dags/tutorial_dag.py
[2024-06-04T23:59:03.257+0000] {processor.py:830} INFO - Processing file /home/airflow/.local/lib/python3.12/site-packages/airflow/example_dags/tutorial_dag.py for tasks to queue
[2024-06-04T23:59:03.260+0000] {logging_mixin.py:188} INFO - [2024-06-04T23:59:03.260+0000] {dagbag.py:545} INFO - Filling up the DagBag from /home/airflow/.local/lib/python3.12/site-packages/airflow/example_dags/tutorial_dag.py
[2024-06-04T23:59:03.271+0000] {processor.py:840} INFO - DAG(s) 'tutorial_dag' retrieved from /home/airflow/.local/lib/python3.12/site-packages/airflow/example_dags/tutorial_dag.py
[2024-06-04T23:59:03.318+0000] {logging_mixin.py:188} INFO - [2024-06-04T23:59:03.318+0000] {dag.py:3096} INFO - Sync 1 DAGs
[2024-06-04T23:59:03.356+0000] {logging_mixin.py:188} INFO - [2024-06-04T23:59:03.355+0000] {dag.py:3954} INFO - Setting next_dagrun for tutorial_dag to None, run_after=None
[2024-06-04T23:59:03.420+0000] {processor.py:183} INFO - Processing /home/airflow/.local/lib/python3.12/site-packages/airflow/example_dags/tutorial_dag.py took 0.177 seconds
[2024-06-04T23:59:33.821+0000] {processor.py:161} INFO - Started process (PID=177514) to work on /home/airflow/.local/lib/python3.12/site-packages/airflow/example_dags/tutorial_dag.py
[2024-06-04T23:59:33.823+0000] {processor.py:830} INFO - Processing file /home/airflow/.local/lib/python3.12/site-packages/airflow/example_dags/tutorial_dag.py for tasks to queue
[2024-06-04T23:59:33.827+0000] {logging_mixin.py:188} INFO - [2024-06-04T23:59:33.826+0000] {dagbag.py:545} INFO - Filling up the DagBag from /home/airflow/.local/lib/python3.12/site-packages/airflow/example_dags/tutorial_dag.py
[2024-06-04T23:59:33.838+0000] {processor.py:840} INFO - DAG(s) 'tutorial_dag' retrieved from /home/airflow/.local/lib/python3.12/site-packages/airflow/example_dags/tutorial_dag.py
[2024-06-04T23:59:33.874+0000] {logging_mixin.py:188} INFO - [2024-06-04T23:59:33.874+0000] {dag.py:3096} INFO - Sync 1 DAGs
[2024-06-04T23:59:33.898+0000] {logging_mixin.py:188} INFO - [2024-06-04T23:59:33.897+0000] {dag.py:3954} INFO - Setting next_dagrun for tutorial_dag to None, run_after=None
[2024-06-04T23:59:33.940+0000] {processor.py:183} INFO - Processing /home/airflow/.local/lib/python3.12/site-packages/airflow/example_dags/tutorial_dag.py took 0.131 seconds
