[2024-06-04T23:43:55.541+0000] {processor.py:161} INFO - Started process (PID=169517) to work on /home/airflow/.local/lib/python3.12/site-packages/airflow/example_dags/tutorial_objectstorage.py
[2024-06-04T23:43:55.542+0000] {processor.py:830} INFO - Processing file /home/airflow/.local/lib/python3.12/site-packages/airflow/example_dags/tutorial_objectstorage.py for tasks to queue
[2024-06-04T23:43:55.549+0000] {logging_mixin.py:188} INFO - [2024-06-04T23:43:55.548+0000] {dagbag.py:545} INFO - Filling up the DagBag from /home/airflow/.local/lib/python3.12/site-packages/airflow/example_dags/tutorial_objectstorage.py
[2024-06-04T23:43:55.579+0000] {processor.py:840} INFO - DAG(s) 'tutorial_objectstorage' retrieved from /home/airflow/.local/lib/python3.12/site-packages/airflow/example_dags/tutorial_objectstorage.py
[2024-06-04T23:43:55.725+0000] {logging_mixin.py:188} INFO - [2024-06-04T23:43:55.725+0000] {dag.py:3096} INFO - Sync 1 DAGs
[2024-06-04T23:43:55.922+0000] {logging_mixin.py:188} INFO - [2024-06-04T23:43:55.921+0000] {dag.py:3954} INFO - Setting next_dagrun for tutorial_objectstorage to None, run_after=None
[2024-06-04T23:43:57.351+0000] {processor.py:183} INFO - Processing /home/airflow/.local/lib/python3.12/site-packages/airflow/example_dags/tutorial_objectstorage.py took 1.828 seconds
[2024-06-04T23:44:27.935+0000] {processor.py:161} INFO - Started process (PID=169781) to work on /home/airflow/.local/lib/python3.12/site-packages/airflow/example_dags/tutorial_objectstorage.py
[2024-06-04T23:44:27.951+0000] {processor.py:830} INFO - Processing file /home/airflow/.local/lib/python3.12/site-packages/airflow/example_dags/tutorial_objectstorage.py for tasks to queue
[2024-06-04T23:44:27.966+0000] {logging_mixin.py:188} INFO - [2024-06-04T23:44:27.963+0000] {dagbag.py:545} INFO - Filling up the DagBag from /home/airflow/.local/lib/python3.12/site-packages/airflow/example_dags/tutorial_objectstorage.py
[2024-06-04T23:44:28.011+0000] {processor.py:840} INFO - DAG(s) 'tutorial_objectstorage' retrieved from /home/airflow/.local/lib/python3.12/site-packages/airflow/example_dags/tutorial_objectstorage.py
[2024-06-04T23:44:28.062+0000] {logging_mixin.py:188} INFO - [2024-06-04T23:44:28.061+0000] {dag.py:3096} INFO - Sync 1 DAGs
[2024-06-04T23:44:28.107+0000] {logging_mixin.py:188} INFO - [2024-06-04T23:44:28.107+0000] {dag.py:3954} INFO - Setting next_dagrun for tutorial_objectstorage to None, run_after=None
[2024-06-04T23:44:28.172+0000] {processor.py:183} INFO - Processing /home/airflow/.local/lib/python3.12/site-packages/airflow/example_dags/tutorial_objectstorage.py took 0.259 seconds
[2024-06-04T23:44:58.707+0000] {processor.py:161} INFO - Started process (PID=170043) to work on /home/airflow/.local/lib/python3.12/site-packages/airflow/example_dags/tutorial_objectstorage.py
[2024-06-04T23:44:58.735+0000] {processor.py:830} INFO - Processing file /home/airflow/.local/lib/python3.12/site-packages/airflow/example_dags/tutorial_objectstorage.py for tasks to queue
[2024-06-04T23:44:58.760+0000] {logging_mixin.py:188} INFO - [2024-06-04T23:44:58.738+0000] {dagbag.py:545} INFO - Filling up the DagBag from /home/airflow/.local/lib/python3.12/site-packages/airflow/example_dags/tutorial_objectstorage.py
[2024-06-04T23:44:58.805+0000] {processor.py:840} INFO - DAG(s) 'tutorial_objectstorage' retrieved from /home/airflow/.local/lib/python3.12/site-packages/airflow/example_dags/tutorial_objectstorage.py
[2024-06-04T23:44:58.952+0000] {logging_mixin.py:188} INFO - [2024-06-04T23:44:58.952+0000] {dag.py:3096} INFO - Sync 1 DAGs
[2024-06-04T23:44:59.035+0000] {logging_mixin.py:188} INFO - [2024-06-04T23:44:59.034+0000] {dag.py:3954} INFO - Setting next_dagrun for tutorial_objectstorage to None, run_after=None
[2024-06-04T23:44:59.208+0000] {processor.py:183} INFO - Processing /home/airflow/.local/lib/python3.12/site-packages/airflow/example_dags/tutorial_objectstorage.py took 0.563 seconds
[2024-06-04T23:45:29.617+0000] {processor.py:161} INFO - Started process (PID=170305) to work on /home/airflow/.local/lib/python3.12/site-packages/airflow/example_dags/tutorial_objectstorage.py
[2024-06-04T23:45:29.628+0000] {processor.py:830} INFO - Processing file /home/airflow/.local/lib/python3.12/site-packages/airflow/example_dags/tutorial_objectstorage.py for tasks to queue
[2024-06-04T23:45:29.631+0000] {logging_mixin.py:188} INFO - [2024-06-04T23:45:29.631+0000] {dagbag.py:545} INFO - Filling up the DagBag from /home/airflow/.local/lib/python3.12/site-packages/airflow/example_dags/tutorial_objectstorage.py
[2024-06-04T23:45:29.664+0000] {processor.py:840} INFO - DAG(s) 'tutorial_objectstorage' retrieved from /home/airflow/.local/lib/python3.12/site-packages/airflow/example_dags/tutorial_objectstorage.py
[2024-06-04T23:45:29.733+0000] {logging_mixin.py:188} INFO - [2024-06-04T23:45:29.732+0000] {dag.py:3096} INFO - Sync 1 DAGs
[2024-06-04T23:45:29.776+0000] {logging_mixin.py:188} INFO - [2024-06-04T23:45:29.776+0000] {dag.py:3954} INFO - Setting next_dagrun for tutorial_objectstorage to None, run_after=None
[2024-06-04T23:45:30.014+0000] {processor.py:183} INFO - Processing /home/airflow/.local/lib/python3.12/site-packages/airflow/example_dags/tutorial_objectstorage.py took 0.446 seconds
[2024-06-04T23:46:00.960+0000] {processor.py:161} INFO - Started process (PID=170565) to work on /home/airflow/.local/lib/python3.12/site-packages/airflow/example_dags/tutorial_objectstorage.py
[2024-06-04T23:46:00.981+0000] {processor.py:830} INFO - Processing file /home/airflow/.local/lib/python3.12/site-packages/airflow/example_dags/tutorial_objectstorage.py for tasks to queue
[2024-06-04T23:46:00.985+0000] {logging_mixin.py:188} INFO - [2024-06-04T23:46:00.984+0000] {dagbag.py:545} INFO - Filling up the DagBag from /home/airflow/.local/lib/python3.12/site-packages/airflow/example_dags/tutorial_objectstorage.py
[2024-06-04T23:46:01.030+0000] {processor.py:840} INFO - DAG(s) 'tutorial_objectstorage' retrieved from /home/airflow/.local/lib/python3.12/site-packages/airflow/example_dags/tutorial_objectstorage.py
[2024-06-04T23:46:01.209+0000] {logging_mixin.py:188} INFO - [2024-06-04T23:46:01.205+0000] {dag.py:3096} INFO - Sync 1 DAGs
[2024-06-04T23:46:01.390+0000] {logging_mixin.py:188} INFO - [2024-06-04T23:46:01.390+0000] {dag.py:3954} INFO - Setting next_dagrun for tutorial_objectstorage to None, run_after=None
[2024-06-04T23:46:01.677+0000] {processor.py:183} INFO - Processing /home/airflow/.local/lib/python3.12/site-packages/airflow/example_dags/tutorial_objectstorage.py took 0.741 seconds
[2024-06-04T23:46:32.488+0000] {processor.py:161} INFO - Started process (PID=170829) to work on /home/airflow/.local/lib/python3.12/site-packages/airflow/example_dags/tutorial_objectstorage.py
[2024-06-04T23:46:32.491+0000] {processor.py:830} INFO - Processing file /home/airflow/.local/lib/python3.12/site-packages/airflow/example_dags/tutorial_objectstorage.py for tasks to queue
[2024-06-04T23:46:32.495+0000] {logging_mixin.py:188} INFO - [2024-06-04T23:46:32.494+0000] {dagbag.py:545} INFO - Filling up the DagBag from /home/airflow/.local/lib/python3.12/site-packages/airflow/example_dags/tutorial_objectstorage.py
[2024-06-04T23:46:32.512+0000] {processor.py:840} INFO - DAG(s) 'tutorial_objectstorage' retrieved from /home/airflow/.local/lib/python3.12/site-packages/airflow/example_dags/tutorial_objectstorage.py
[2024-06-04T23:46:32.560+0000] {logging_mixin.py:188} INFO - [2024-06-04T23:46:32.559+0000] {dag.py:3096} INFO - Sync 1 DAGs
[2024-06-04T23:46:32.632+0000] {logging_mixin.py:188} INFO - [2024-06-04T23:46:32.632+0000] {dag.py:3954} INFO - Setting next_dagrun for tutorial_objectstorage to None, run_after=None
[2024-06-04T23:46:32.715+0000] {processor.py:183} INFO - Processing /home/airflow/.local/lib/python3.12/site-packages/airflow/example_dags/tutorial_objectstorage.py took 0.240 seconds
[2024-06-04T23:47:03.234+0000] {processor.py:161} INFO - Started process (PID=171090) to work on /home/airflow/.local/lib/python3.12/site-packages/airflow/example_dags/tutorial_objectstorage.py
[2024-06-04T23:47:03.236+0000] {processor.py:830} INFO - Processing file /home/airflow/.local/lib/python3.12/site-packages/airflow/example_dags/tutorial_objectstorage.py for tasks to queue
[2024-06-04T23:47:03.240+0000] {logging_mixin.py:188} INFO - [2024-06-04T23:47:03.239+0000] {dagbag.py:545} INFO - Filling up the DagBag from /home/airflow/.local/lib/python3.12/site-packages/airflow/example_dags/tutorial_objectstorage.py
[2024-06-04T23:47:03.256+0000] {processor.py:840} INFO - DAG(s) 'tutorial_objectstorage' retrieved from /home/airflow/.local/lib/python3.12/site-packages/airflow/example_dags/tutorial_objectstorage.py
[2024-06-04T23:47:03.299+0000] {logging_mixin.py:188} INFO - [2024-06-04T23:47:03.299+0000] {dag.py:3096} INFO - Sync 1 DAGs
[2024-06-04T23:47:03.333+0000] {logging_mixin.py:188} INFO - [2024-06-04T23:47:03.333+0000] {dag.py:3954} INFO - Setting next_dagrun for tutorial_objectstorage to None, run_after=None
[2024-06-04T23:47:03.388+0000] {processor.py:183} INFO - Processing /home/airflow/.local/lib/python3.12/site-packages/airflow/example_dags/tutorial_objectstorage.py took 0.169 seconds
[2024-06-04T23:47:33.603+0000] {processor.py:161} INFO - Started process (PID=171351) to work on /home/airflow/.local/lib/python3.12/site-packages/airflow/example_dags/tutorial_objectstorage.py
[2024-06-04T23:47:33.604+0000] {processor.py:830} INFO - Processing file /home/airflow/.local/lib/python3.12/site-packages/airflow/example_dags/tutorial_objectstorage.py for tasks to queue
[2024-06-04T23:47:33.608+0000] {logging_mixin.py:188} INFO - [2024-06-04T23:47:33.607+0000] {dagbag.py:545} INFO - Filling up the DagBag from /home/airflow/.local/lib/python3.12/site-packages/airflow/example_dags/tutorial_objectstorage.py
[2024-06-04T23:47:33.621+0000] {processor.py:840} INFO - DAG(s) 'tutorial_objectstorage' retrieved from /home/airflow/.local/lib/python3.12/site-packages/airflow/example_dags/tutorial_objectstorage.py
[2024-06-04T23:47:33.659+0000] {logging_mixin.py:188} INFO - [2024-06-04T23:47:33.658+0000] {dag.py:3096} INFO - Sync 1 DAGs
[2024-06-04T23:47:33.688+0000] {logging_mixin.py:188} INFO - [2024-06-04T23:47:33.688+0000] {dag.py:3954} INFO - Setting next_dagrun for tutorial_objectstorage to None, run_after=None
[2024-06-04T23:47:33.736+0000] {processor.py:183} INFO - Processing /home/airflow/.local/lib/python3.12/site-packages/airflow/example_dags/tutorial_objectstorage.py took 0.145 seconds
[2024-06-04T23:48:04.633+0000] {processor.py:161} INFO - Started process (PID=171613) to work on /home/airflow/.local/lib/python3.12/site-packages/airflow/example_dags/tutorial_objectstorage.py
[2024-06-04T23:48:04.635+0000] {processor.py:830} INFO - Processing file /home/airflow/.local/lib/python3.12/site-packages/airflow/example_dags/tutorial_objectstorage.py for tasks to queue
[2024-06-04T23:48:04.638+0000] {logging_mixin.py:188} INFO - [2024-06-04T23:48:04.638+0000] {dagbag.py:545} INFO - Filling up the DagBag from /home/airflow/.local/lib/python3.12/site-packages/airflow/example_dags/tutorial_objectstorage.py
[2024-06-04T23:48:04.654+0000] {processor.py:840} INFO - DAG(s) 'tutorial_objectstorage' retrieved from /home/airflow/.local/lib/python3.12/site-packages/airflow/example_dags/tutorial_objectstorage.py
[2024-06-04T23:48:04.696+0000] {logging_mixin.py:188} INFO - [2024-06-04T23:48:04.695+0000] {dag.py:3096} INFO - Sync 1 DAGs
[2024-06-04T23:48:04.726+0000] {logging_mixin.py:188} INFO - [2024-06-04T23:48:04.726+0000] {dag.py:3954} INFO - Setting next_dagrun for tutorial_objectstorage to None, run_after=None
[2024-06-04T23:48:04.768+0000] {processor.py:183} INFO - Processing /home/airflow/.local/lib/python3.12/site-packages/airflow/example_dags/tutorial_objectstorage.py took 0.148 seconds
[2024-06-04T23:48:34.878+0000] {processor.py:161} INFO - Started process (PID=171875) to work on /home/airflow/.local/lib/python3.12/site-packages/airflow/example_dags/tutorial_objectstorage.py
[2024-06-04T23:48:34.879+0000] {processor.py:830} INFO - Processing file /home/airflow/.local/lib/python3.12/site-packages/airflow/example_dags/tutorial_objectstorage.py for tasks to queue
[2024-06-04T23:48:34.882+0000] {logging_mixin.py:188} INFO - [2024-06-04T23:48:34.881+0000] {dagbag.py:545} INFO - Filling up the DagBag from /home/airflow/.local/lib/python3.12/site-packages/airflow/example_dags/tutorial_objectstorage.py
[2024-06-04T23:48:34.893+0000] {processor.py:840} INFO - DAG(s) 'tutorial_objectstorage' retrieved from /home/airflow/.local/lib/python3.12/site-packages/airflow/example_dags/tutorial_objectstorage.py
[2024-06-04T23:48:34.926+0000] {logging_mixin.py:188} INFO - [2024-06-04T23:48:34.926+0000] {dag.py:3096} INFO - Sync 1 DAGs
[2024-06-04T23:48:34.969+0000] {logging_mixin.py:188} INFO - [2024-06-04T23:48:34.969+0000] {dag.py:3954} INFO - Setting next_dagrun for tutorial_objectstorage to None, run_after=None
[2024-06-04T23:48:35.020+0000] {processor.py:183} INFO - Processing /home/airflow/.local/lib/python3.12/site-packages/airflow/example_dags/tutorial_objectstorage.py took 0.152 seconds
[2024-06-04T23:49:05.374+0000] {processor.py:161} INFO - Started process (PID=172121) to work on /home/airflow/.local/lib/python3.12/site-packages/airflow/example_dags/tutorial_objectstorage.py
[2024-06-04T23:49:05.376+0000] {processor.py:830} INFO - Processing file /home/airflow/.local/lib/python3.12/site-packages/airflow/example_dags/tutorial_objectstorage.py for tasks to queue
[2024-06-04T23:49:05.380+0000] {logging_mixin.py:188} INFO - [2024-06-04T23:49:05.379+0000] {dagbag.py:545} INFO - Filling up the DagBag from /home/airflow/.local/lib/python3.12/site-packages/airflow/example_dags/tutorial_objectstorage.py
[2024-06-04T23:49:05.395+0000] {processor.py:840} INFO - DAG(s) 'tutorial_objectstorage' retrieved from /home/airflow/.local/lib/python3.12/site-packages/airflow/example_dags/tutorial_objectstorage.py
[2024-06-04T23:49:05.470+0000] {logging_mixin.py:188} INFO - [2024-06-04T23:49:05.470+0000] {dag.py:3096} INFO - Sync 1 DAGs
[2024-06-04T23:49:05.532+0000] {logging_mixin.py:188} INFO - [2024-06-04T23:49:05.531+0000] {dag.py:3954} INFO - Setting next_dagrun for tutorial_objectstorage to None, run_after=None
[2024-06-04T23:49:05.633+0000] {processor.py:183} INFO - Processing /home/airflow/.local/lib/python3.12/site-packages/airflow/example_dags/tutorial_objectstorage.py took 0.272 seconds
[2024-06-04T23:49:35.957+0000] {processor.py:161} INFO - Started process (PID=172382) to work on /home/airflow/.local/lib/python3.12/site-packages/airflow/example_dags/tutorial_objectstorage.py
[2024-06-04T23:49:35.960+0000] {processor.py:830} INFO - Processing file /home/airflow/.local/lib/python3.12/site-packages/airflow/example_dags/tutorial_objectstorage.py for tasks to queue
[2024-06-04T23:49:35.964+0000] {logging_mixin.py:188} INFO - [2024-06-04T23:49:35.964+0000] {dagbag.py:545} INFO - Filling up the DagBag from /home/airflow/.local/lib/python3.12/site-packages/airflow/example_dags/tutorial_objectstorage.py
[2024-06-04T23:49:35.983+0000] {processor.py:840} INFO - DAG(s) 'tutorial_objectstorage' retrieved from /home/airflow/.local/lib/python3.12/site-packages/airflow/example_dags/tutorial_objectstorage.py
[2024-06-04T23:49:36.030+0000] {logging_mixin.py:188} INFO - [2024-06-04T23:49:36.030+0000] {dag.py:3096} INFO - Sync 1 DAGs
[2024-06-04T23:49:36.068+0000] {logging_mixin.py:188} INFO - [2024-06-04T23:49:36.067+0000] {dag.py:3954} INFO - Setting next_dagrun for tutorial_objectstorage to None, run_after=None
[2024-06-04T23:49:36.121+0000] {processor.py:183} INFO - Processing /home/airflow/.local/lib/python3.12/site-packages/airflow/example_dags/tutorial_objectstorage.py took 0.179 seconds
[2024-06-04T23:50:06.734+0000] {processor.py:161} INFO - Started process (PID=172644) to work on /home/airflow/.local/lib/python3.12/site-packages/airflow/example_dags/tutorial_objectstorage.py
[2024-06-04T23:50:06.736+0000] {processor.py:830} INFO - Processing file /home/airflow/.local/lib/python3.12/site-packages/airflow/example_dags/tutorial_objectstorage.py for tasks to queue
[2024-06-04T23:50:06.740+0000] {logging_mixin.py:188} INFO - [2024-06-04T23:50:06.739+0000] {dagbag.py:545} INFO - Filling up the DagBag from /home/airflow/.local/lib/python3.12/site-packages/airflow/example_dags/tutorial_objectstorage.py
[2024-06-04T23:50:06.756+0000] {processor.py:840} INFO - DAG(s) 'tutorial_objectstorage' retrieved from /home/airflow/.local/lib/python3.12/site-packages/airflow/example_dags/tutorial_objectstorage.py
[2024-06-04T23:50:06.806+0000] {logging_mixin.py:188} INFO - [2024-06-04T23:50:06.805+0000] {dag.py:3096} INFO - Sync 1 DAGs
[2024-06-04T23:50:06.844+0000] {logging_mixin.py:188} INFO - [2024-06-04T23:50:06.843+0000] {dag.py:3954} INFO - Setting next_dagrun for tutorial_objectstorage to None, run_after=None
[2024-06-04T23:50:06.897+0000] {processor.py:183} INFO - Processing /home/airflow/.local/lib/python3.12/site-packages/airflow/example_dags/tutorial_objectstorage.py took 0.178 seconds
[2024-06-04T23:50:37.455+0000] {processor.py:161} INFO - Started process (PID=172906) to work on /home/airflow/.local/lib/python3.12/site-packages/airflow/example_dags/tutorial_objectstorage.py
[2024-06-04T23:50:37.461+0000] {processor.py:830} INFO - Processing file /home/airflow/.local/lib/python3.12/site-packages/airflow/example_dags/tutorial_objectstorage.py for tasks to queue
[2024-06-04T23:50:37.469+0000] {logging_mixin.py:188} INFO - [2024-06-04T23:50:37.468+0000] {dagbag.py:545} INFO - Filling up the DagBag from /home/airflow/.local/lib/python3.12/site-packages/airflow/example_dags/tutorial_objectstorage.py
[2024-06-04T23:50:37.499+0000] {processor.py:840} INFO - DAG(s) 'tutorial_objectstorage' retrieved from /home/airflow/.local/lib/python3.12/site-packages/airflow/example_dags/tutorial_objectstorage.py
[2024-06-04T23:50:37.554+0000] {logging_mixin.py:188} INFO - [2024-06-04T23:50:37.553+0000] {dag.py:3096} INFO - Sync 1 DAGs
[2024-06-04T23:50:37.588+0000] {logging_mixin.py:188} INFO - [2024-06-04T23:50:37.588+0000] {dag.py:3954} INFO - Setting next_dagrun for tutorial_objectstorage to None, run_after=None
[2024-06-04T23:50:37.638+0000] {processor.py:183} INFO - Processing /home/airflow/.local/lib/python3.12/site-packages/airflow/example_dags/tutorial_objectstorage.py took 0.213 seconds
[2024-06-04T23:51:08.326+0000] {processor.py:161} INFO - Started process (PID=173168) to work on /home/airflow/.local/lib/python3.12/site-packages/airflow/example_dags/tutorial_objectstorage.py
[2024-06-04T23:51:08.328+0000] {processor.py:830} INFO - Processing file /home/airflow/.local/lib/python3.12/site-packages/airflow/example_dags/tutorial_objectstorage.py for tasks to queue
[2024-06-04T23:51:08.332+0000] {logging_mixin.py:188} INFO - [2024-06-04T23:51:08.332+0000] {dagbag.py:545} INFO - Filling up the DagBag from /home/airflow/.local/lib/python3.12/site-packages/airflow/example_dags/tutorial_objectstorage.py
[2024-06-04T23:51:08.350+0000] {processor.py:840} INFO - DAG(s) 'tutorial_objectstorage' retrieved from /home/airflow/.local/lib/python3.12/site-packages/airflow/example_dags/tutorial_objectstorage.py
[2024-06-04T23:51:08.399+0000] {logging_mixin.py:188} INFO - [2024-06-04T23:51:08.399+0000] {dag.py:3096} INFO - Sync 1 DAGs
[2024-06-04T23:51:08.433+0000] {logging_mixin.py:188} INFO - [2024-06-04T23:51:08.432+0000] {dag.py:3954} INFO - Setting next_dagrun for tutorial_objectstorage to None, run_after=None
[2024-06-04T23:51:08.488+0000] {processor.py:183} INFO - Processing /home/airflow/.local/lib/python3.12/site-packages/airflow/example_dags/tutorial_objectstorage.py took 0.177 seconds
[2024-06-04T23:51:38.949+0000] {processor.py:161} INFO - Started process (PID=173431) to work on /home/airflow/.local/lib/python3.12/site-packages/airflow/example_dags/tutorial_objectstorage.py
[2024-06-04T23:51:38.952+0000] {processor.py:830} INFO - Processing file /home/airflow/.local/lib/python3.12/site-packages/airflow/example_dags/tutorial_objectstorage.py for tasks to queue
[2024-06-04T23:51:38.956+0000] {logging_mixin.py:188} INFO - [2024-06-04T23:51:38.955+0000] {dagbag.py:545} INFO - Filling up the DagBag from /home/airflow/.local/lib/python3.12/site-packages/airflow/example_dags/tutorial_objectstorage.py
[2024-06-04T23:51:38.995+0000] {processor.py:840} INFO - DAG(s) 'tutorial_objectstorage' retrieved from /home/airflow/.local/lib/python3.12/site-packages/airflow/example_dags/tutorial_objectstorage.py
[2024-06-04T23:51:39.081+0000] {logging_mixin.py:188} INFO - [2024-06-04T23:51:39.081+0000] {dag.py:3096} INFO - Sync 1 DAGs
[2024-06-04T23:51:39.176+0000] {logging_mixin.py:188} INFO - [2024-06-04T23:51:39.175+0000] {dag.py:3954} INFO - Setting next_dagrun for tutorial_objectstorage to None, run_after=None
[2024-06-04T23:51:39.270+0000] {processor.py:183} INFO - Processing /home/airflow/.local/lib/python3.12/site-packages/airflow/example_dags/tutorial_objectstorage.py took 0.338 seconds
[2024-06-04T23:52:09.386+0000] {processor.py:161} INFO - Started process (PID=173692) to work on /home/airflow/.local/lib/python3.12/site-packages/airflow/example_dags/tutorial_objectstorage.py
[2024-06-04T23:52:09.387+0000] {processor.py:830} INFO - Processing file /home/airflow/.local/lib/python3.12/site-packages/airflow/example_dags/tutorial_objectstorage.py for tasks to queue
[2024-06-04T23:52:09.390+0000] {logging_mixin.py:188} INFO - [2024-06-04T23:52:09.390+0000] {dagbag.py:545} INFO - Filling up the DagBag from /home/airflow/.local/lib/python3.12/site-packages/airflow/example_dags/tutorial_objectstorage.py
[2024-06-04T23:52:09.405+0000] {processor.py:840} INFO - DAG(s) 'tutorial_objectstorage' retrieved from /home/airflow/.local/lib/python3.12/site-packages/airflow/example_dags/tutorial_objectstorage.py
[2024-06-04T23:52:09.450+0000] {logging_mixin.py:188} INFO - [2024-06-04T23:52:09.449+0000] {dag.py:3096} INFO - Sync 1 DAGs
[2024-06-04T23:52:09.479+0000] {logging_mixin.py:188} INFO - [2024-06-04T23:52:09.479+0000] {dag.py:3954} INFO - Setting next_dagrun for tutorial_objectstorage to None, run_after=None
[2024-06-04T23:52:09.527+0000] {processor.py:183} INFO - Processing /home/airflow/.local/lib/python3.12/site-packages/airflow/example_dags/tutorial_objectstorage.py took 0.154 seconds
[2024-06-04T23:52:39.584+0000] {processor.py:161} INFO - Started process (PID=173954) to work on /home/airflow/.local/lib/python3.12/site-packages/airflow/example_dags/tutorial_objectstorage.py
[2024-06-04T23:52:39.585+0000] {processor.py:830} INFO - Processing file /home/airflow/.local/lib/python3.12/site-packages/airflow/example_dags/tutorial_objectstorage.py for tasks to queue
[2024-06-04T23:52:39.588+0000] {logging_mixin.py:188} INFO - [2024-06-04T23:52:39.588+0000] {dagbag.py:545} INFO - Filling up the DagBag from /home/airflow/.local/lib/python3.12/site-packages/airflow/example_dags/tutorial_objectstorage.py
[2024-06-04T23:52:39.603+0000] {processor.py:840} INFO - DAG(s) 'tutorial_objectstorage' retrieved from /home/airflow/.local/lib/python3.12/site-packages/airflow/example_dags/tutorial_objectstorage.py
[2024-06-04T23:52:39.642+0000] {logging_mixin.py:188} INFO - [2024-06-04T23:52:39.641+0000] {dag.py:3096} INFO - Sync 1 DAGs
[2024-06-04T23:52:39.670+0000] {logging_mixin.py:188} INFO - [2024-06-04T23:52:39.669+0000] {dag.py:3954} INFO - Setting next_dagrun for tutorial_objectstorage to None, run_after=None
[2024-06-04T23:52:39.718+0000] {processor.py:183} INFO - Processing /home/airflow/.local/lib/python3.12/site-packages/airflow/example_dags/tutorial_objectstorage.py took 0.146 seconds
[2024-06-04T23:53:10.001+0000] {processor.py:161} INFO - Started process (PID=174211) to work on /home/airflow/.local/lib/python3.12/site-packages/airflow/example_dags/tutorial_objectstorage.py
[2024-06-04T23:53:10.003+0000] {processor.py:830} INFO - Processing file /home/airflow/.local/lib/python3.12/site-packages/airflow/example_dags/tutorial_objectstorage.py for tasks to queue
[2024-06-04T23:53:10.008+0000] {logging_mixin.py:188} INFO - [2024-06-04T23:53:10.007+0000] {dagbag.py:545} INFO - Filling up the DagBag from /home/airflow/.local/lib/python3.12/site-packages/airflow/example_dags/tutorial_objectstorage.py
[2024-06-04T23:53:10.024+0000] {processor.py:840} INFO - DAG(s) 'tutorial_objectstorage' retrieved from /home/airflow/.local/lib/python3.12/site-packages/airflow/example_dags/tutorial_objectstorage.py
[2024-06-04T23:53:10.071+0000] {logging_mixin.py:188} INFO - [2024-06-04T23:53:10.070+0000] {dag.py:3096} INFO - Sync 1 DAGs
[2024-06-04T23:53:10.110+0000] {logging_mixin.py:188} INFO - [2024-06-04T23:53:10.110+0000] {dag.py:3954} INFO - Setting next_dagrun for tutorial_objectstorage to None, run_after=None
[2024-06-04T23:53:10.170+0000] {processor.py:183} INFO - Processing /home/airflow/.local/lib/python3.12/site-packages/airflow/example_dags/tutorial_objectstorage.py took 0.182 seconds
[2024-06-04T23:53:40.832+0000] {processor.py:161} INFO - Started process (PID=174474) to work on /home/airflow/.local/lib/python3.12/site-packages/airflow/example_dags/tutorial_objectstorage.py
[2024-06-04T23:53:40.834+0000] {processor.py:830} INFO - Processing file /home/airflow/.local/lib/python3.12/site-packages/airflow/example_dags/tutorial_objectstorage.py for tasks to queue
[2024-06-04T23:53:40.838+0000] {logging_mixin.py:188} INFO - [2024-06-04T23:53:40.837+0000] {dagbag.py:545} INFO - Filling up the DagBag from /home/airflow/.local/lib/python3.12/site-packages/airflow/example_dags/tutorial_objectstorage.py
[2024-06-04T23:53:40.868+0000] {processor.py:840} INFO - DAG(s) 'tutorial_objectstorage' retrieved from /home/airflow/.local/lib/python3.12/site-packages/airflow/example_dags/tutorial_objectstorage.py
[2024-06-04T23:53:40.916+0000] {logging_mixin.py:188} INFO - [2024-06-04T23:53:40.916+0000] {dag.py:3096} INFO - Sync 1 DAGs
[2024-06-04T23:53:40.952+0000] {logging_mixin.py:188} INFO - [2024-06-04T23:53:40.952+0000] {dag.py:3954} INFO - Setting next_dagrun for tutorial_objectstorage to None, run_after=None
[2024-06-04T23:53:41.056+0000] {processor.py:183} INFO - Processing /home/airflow/.local/lib/python3.12/site-packages/airflow/example_dags/tutorial_objectstorage.py took 0.239 seconds
[2024-06-04T23:54:11.863+0000] {processor.py:161} INFO - Started process (PID=174735) to work on /home/airflow/.local/lib/python3.12/site-packages/airflow/example_dags/tutorial_objectstorage.py
[2024-06-04T23:54:11.865+0000] {processor.py:830} INFO - Processing file /home/airflow/.local/lib/python3.12/site-packages/airflow/example_dags/tutorial_objectstorage.py for tasks to queue
[2024-06-04T23:54:11.869+0000] {logging_mixin.py:188} INFO - [2024-06-04T23:54:11.868+0000] {dagbag.py:545} INFO - Filling up the DagBag from /home/airflow/.local/lib/python3.12/site-packages/airflow/example_dags/tutorial_objectstorage.py
[2024-06-04T23:54:11.884+0000] {processor.py:840} INFO - DAG(s) 'tutorial_objectstorage' retrieved from /home/airflow/.local/lib/python3.12/site-packages/airflow/example_dags/tutorial_objectstorage.py
[2024-06-04T23:54:11.933+0000] {logging_mixin.py:188} INFO - [2024-06-04T23:54:11.932+0000] {dag.py:3096} INFO - Sync 1 DAGs
[2024-06-04T23:54:11.972+0000] {logging_mixin.py:188} INFO - [2024-06-04T23:54:11.972+0000] {dag.py:3954} INFO - Setting next_dagrun for tutorial_objectstorage to None, run_after=None
[2024-06-04T23:54:12.020+0000] {processor.py:183} INFO - Processing /home/airflow/.local/lib/python3.12/site-packages/airflow/example_dags/tutorial_objectstorage.py took 0.172 seconds
[2024-06-04T23:54:42.656+0000] {processor.py:161} INFO - Started process (PID=174997) to work on /home/airflow/.local/lib/python3.12/site-packages/airflow/example_dags/tutorial_objectstorage.py
[2024-06-04T23:54:42.659+0000] {processor.py:830} INFO - Processing file /home/airflow/.local/lib/python3.12/site-packages/airflow/example_dags/tutorial_objectstorage.py for tasks to queue
[2024-06-04T23:54:42.664+0000] {logging_mixin.py:188} INFO - [2024-06-04T23:54:42.664+0000] {dagbag.py:545} INFO - Filling up the DagBag from /home/airflow/.local/lib/python3.12/site-packages/airflow/example_dags/tutorial_objectstorage.py
[2024-06-04T23:54:42.693+0000] {processor.py:840} INFO - DAG(s) 'tutorial_objectstorage' retrieved from /home/airflow/.local/lib/python3.12/site-packages/airflow/example_dags/tutorial_objectstorage.py
[2024-06-04T23:54:42.780+0000] {logging_mixin.py:188} INFO - [2024-06-04T23:54:42.780+0000] {dag.py:3096} INFO - Sync 1 DAGs
[2024-06-04T23:54:42.831+0000] {logging_mixin.py:188} INFO - [2024-06-04T23:54:42.831+0000] {dag.py:3954} INFO - Setting next_dagrun for tutorial_objectstorage to None, run_after=None
[2024-06-04T23:54:42.923+0000] {processor.py:183} INFO - Processing /home/airflow/.local/lib/python3.12/site-packages/airflow/example_dags/tutorial_objectstorage.py took 0.288 seconds
[2024-06-04T23:55:13.056+0000] {processor.py:161} INFO - Started process (PID=175260) to work on /home/airflow/.local/lib/python3.12/site-packages/airflow/example_dags/tutorial_objectstorage.py
[2024-06-04T23:55:13.058+0000] {processor.py:830} INFO - Processing file /home/airflow/.local/lib/python3.12/site-packages/airflow/example_dags/tutorial_objectstorage.py for tasks to queue
[2024-06-04T23:55:13.064+0000] {logging_mixin.py:188} INFO - [2024-06-04T23:55:13.062+0000] {dagbag.py:545} INFO - Filling up the DagBag from /home/airflow/.local/lib/python3.12/site-packages/airflow/example_dags/tutorial_objectstorage.py
[2024-06-04T23:55:13.080+0000] {processor.py:840} INFO - DAG(s) 'tutorial_objectstorage' retrieved from /home/airflow/.local/lib/python3.12/site-packages/airflow/example_dags/tutorial_objectstorage.py
[2024-06-04T23:55:13.125+0000] {logging_mixin.py:188} INFO - [2024-06-04T23:55:13.124+0000] {dag.py:3096} INFO - Sync 1 DAGs
[2024-06-04T23:55:13.158+0000] {logging_mixin.py:188} INFO - [2024-06-04T23:55:13.158+0000] {dag.py:3954} INFO - Setting next_dagrun for tutorial_objectstorage to None, run_after=None
[2024-06-04T23:55:13.214+0000] {processor.py:183} INFO - Processing /home/airflow/.local/lib/python3.12/site-packages/airflow/example_dags/tutorial_objectstorage.py took 0.178 seconds
[2024-06-04T23:55:43.312+0000] {processor.py:161} INFO - Started process (PID=175522) to work on /home/airflow/.local/lib/python3.12/site-packages/airflow/example_dags/tutorial_objectstorage.py
[2024-06-04T23:55:43.313+0000] {processor.py:830} INFO - Processing file /home/airflow/.local/lib/python3.12/site-packages/airflow/example_dags/tutorial_objectstorage.py for tasks to queue
[2024-06-04T23:55:43.317+0000] {logging_mixin.py:188} INFO - [2024-06-04T23:55:43.316+0000] {dagbag.py:545} INFO - Filling up the DagBag from /home/airflow/.local/lib/python3.12/site-packages/airflow/example_dags/tutorial_objectstorage.py
[2024-06-04T23:55:43.330+0000] {processor.py:840} INFO - DAG(s) 'tutorial_objectstorage' retrieved from /home/airflow/.local/lib/python3.12/site-packages/airflow/example_dags/tutorial_objectstorage.py
[2024-06-04T23:55:43.367+0000] {logging_mixin.py:188} INFO - [2024-06-04T23:55:43.367+0000] {dag.py:3096} INFO - Sync 1 DAGs
[2024-06-04T23:55:43.398+0000] {logging_mixin.py:188} INFO - [2024-06-04T23:55:43.397+0000] {dag.py:3954} INFO - Setting next_dagrun for tutorial_objectstorage to None, run_after=None
[2024-06-04T23:55:43.451+0000] {processor.py:183} INFO - Processing /home/airflow/.local/lib/python3.12/site-packages/airflow/example_dags/tutorial_objectstorage.py took 0.151 seconds
[2024-06-04T23:56:13.553+0000] {processor.py:161} INFO - Started process (PID=175784) to work on /home/airflow/.local/lib/python3.12/site-packages/airflow/example_dags/tutorial_objectstorage.py
[2024-06-04T23:56:13.555+0000] {processor.py:830} INFO - Processing file /home/airflow/.local/lib/python3.12/site-packages/airflow/example_dags/tutorial_objectstorage.py for tasks to queue
[2024-06-04T23:56:13.558+0000] {logging_mixin.py:188} INFO - [2024-06-04T23:56:13.557+0000] {dagbag.py:545} INFO - Filling up the DagBag from /home/airflow/.local/lib/python3.12/site-packages/airflow/example_dags/tutorial_objectstorage.py
[2024-06-04T23:56:13.571+0000] {processor.py:840} INFO - DAG(s) 'tutorial_objectstorage' retrieved from /home/airflow/.local/lib/python3.12/site-packages/airflow/example_dags/tutorial_objectstorage.py
[2024-06-04T23:56:13.608+0000] {logging_mixin.py:188} INFO - [2024-06-04T23:56:13.608+0000] {dag.py:3096} INFO - Sync 1 DAGs
[2024-06-04T23:56:13.643+0000] {logging_mixin.py:188} INFO - [2024-06-04T23:56:13.642+0000] {dag.py:3954} INFO - Setting next_dagrun for tutorial_objectstorage to None, run_after=None
[2024-06-04T23:56:13.693+0000] {processor.py:183} INFO - Processing /home/airflow/.local/lib/python3.12/site-packages/airflow/example_dags/tutorial_objectstorage.py took 0.152 seconds
[2024-06-04T23:56:43.977+0000] {processor.py:161} INFO - Started process (PID=176044) to work on /home/airflow/.local/lib/python3.12/site-packages/airflow/example_dags/tutorial_objectstorage.py
[2024-06-04T23:56:43.982+0000] {processor.py:830} INFO - Processing file /home/airflow/.local/lib/python3.12/site-packages/airflow/example_dags/tutorial_objectstorage.py for tasks to queue
[2024-06-04T23:56:43.994+0000] {logging_mixin.py:188} INFO - [2024-06-04T23:56:43.994+0000] {dagbag.py:545} INFO - Filling up the DagBag from /home/airflow/.local/lib/python3.12/site-packages/airflow/example_dags/tutorial_objectstorage.py
[2024-06-04T23:56:44.029+0000] {processor.py:840} INFO - DAG(s) 'tutorial_objectstorage' retrieved from /home/airflow/.local/lib/python3.12/site-packages/airflow/example_dags/tutorial_objectstorage.py
[2024-06-04T23:56:44.122+0000] {logging_mixin.py:188} INFO - [2024-06-04T23:56:44.121+0000] {dag.py:3096} INFO - Sync 1 DAGs
[2024-06-04T23:56:44.155+0000] {logging_mixin.py:188} INFO - [2024-06-04T23:56:44.155+0000] {dag.py:3954} INFO - Setting next_dagrun for tutorial_objectstorage to None, run_after=None
[2024-06-04T23:56:44.210+0000] {processor.py:183} INFO - Processing /home/airflow/.local/lib/python3.12/site-packages/airflow/example_dags/tutorial_objectstorage.py took 0.253 seconds
[2024-06-04T23:57:14.885+0000] {processor.py:161} INFO - Started process (PID=176305) to work on /home/airflow/.local/lib/python3.12/site-packages/airflow/example_dags/tutorial_objectstorage.py
[2024-06-04T23:57:14.889+0000] {processor.py:830} INFO - Processing file /home/airflow/.local/lib/python3.12/site-packages/airflow/example_dags/tutorial_objectstorage.py for tasks to queue
[2024-06-04T23:57:14.893+0000] {logging_mixin.py:188} INFO - [2024-06-04T23:57:14.892+0000] {dagbag.py:545} INFO - Filling up the DagBag from /home/airflow/.local/lib/python3.12/site-packages/airflow/example_dags/tutorial_objectstorage.py
[2024-06-04T23:57:14.912+0000] {processor.py:840} INFO - DAG(s) 'tutorial_objectstorage' retrieved from /home/airflow/.local/lib/python3.12/site-packages/airflow/example_dags/tutorial_objectstorage.py
[2024-06-04T23:57:14.957+0000] {logging_mixin.py:188} INFO - [2024-06-04T23:57:14.957+0000] {dag.py:3096} INFO - Sync 1 DAGs
[2024-06-04T23:57:14.991+0000] {logging_mixin.py:188} INFO - [2024-06-04T23:57:14.990+0000] {dag.py:3954} INFO - Setting next_dagrun for tutorial_objectstorage to None, run_after=None
[2024-06-04T23:57:15.053+0000] {processor.py:183} INFO - Processing /home/airflow/.local/lib/python3.12/site-packages/airflow/example_dags/tutorial_objectstorage.py took 0.195 seconds
[2024-06-04T23:57:45.691+0000] {processor.py:161} INFO - Started process (PID=176567) to work on /home/airflow/.local/lib/python3.12/site-packages/airflow/example_dags/tutorial_objectstorage.py
[2024-06-04T23:57:45.710+0000] {processor.py:830} INFO - Processing file /home/airflow/.local/lib/python3.12/site-packages/airflow/example_dags/tutorial_objectstorage.py for tasks to queue
[2024-06-04T23:57:45.714+0000] {logging_mixin.py:188} INFO - [2024-06-04T23:57:45.714+0000] {dagbag.py:545} INFO - Filling up the DagBag from /home/airflow/.local/lib/python3.12/site-packages/airflow/example_dags/tutorial_objectstorage.py
[2024-06-04T23:57:45.730+0000] {processor.py:840} INFO - DAG(s) 'tutorial_objectstorage' retrieved from /home/airflow/.local/lib/python3.12/site-packages/airflow/example_dags/tutorial_objectstorage.py
[2024-06-04T23:57:45.780+0000] {logging_mixin.py:188} INFO - [2024-06-04T23:57:45.779+0000] {dag.py:3096} INFO - Sync 1 DAGs
[2024-06-04T23:57:45.808+0000] {logging_mixin.py:188} INFO - [2024-06-04T23:57:45.808+0000] {dag.py:3954} INFO - Setting next_dagrun for tutorial_objectstorage to None, run_after=None
[2024-06-04T23:57:45.874+0000] {processor.py:183} INFO - Processing /home/airflow/.local/lib/python3.12/site-packages/airflow/example_dags/tutorial_objectstorage.py took 0.218 seconds
[2024-06-04T23:58:16.948+0000] {processor.py:161} INFO - Started process (PID=176829) to work on /home/airflow/.local/lib/python3.12/site-packages/airflow/example_dags/tutorial_objectstorage.py
[2024-06-04T23:58:16.957+0000] {processor.py:830} INFO - Processing file /home/airflow/.local/lib/python3.12/site-packages/airflow/example_dags/tutorial_objectstorage.py for tasks to queue
[2024-06-04T23:58:16.960+0000] {logging_mixin.py:188} INFO - [2024-06-04T23:58:16.960+0000] {dagbag.py:545} INFO - Filling up the DagBag from /home/airflow/.local/lib/python3.12/site-packages/airflow/example_dags/tutorial_objectstorage.py
[2024-06-04T23:58:16.976+0000] {processor.py:840} INFO - DAG(s) 'tutorial_objectstorage' retrieved from /home/airflow/.local/lib/python3.12/site-packages/airflow/example_dags/tutorial_objectstorage.py
[2024-06-04T23:58:17.025+0000] {logging_mixin.py:188} INFO - [2024-06-04T23:58:17.024+0000] {dag.py:3096} INFO - Sync 1 DAGs
[2024-06-04T23:58:17.077+0000] {logging_mixin.py:188} INFO - [2024-06-04T23:58:17.076+0000] {dag.py:3954} INFO - Setting next_dagrun for tutorial_objectstorage to None, run_after=None
[2024-06-04T23:58:17.160+0000] {processor.py:183} INFO - Processing /home/airflow/.local/lib/python3.12/site-packages/airflow/example_dags/tutorial_objectstorage.py took 0.226 seconds
[2024-06-04T23:58:47.859+0000] {processor.py:161} INFO - Started process (PID=177090) to work on /home/airflow/.local/lib/python3.12/site-packages/airflow/example_dags/tutorial_objectstorage.py
[2024-06-04T23:58:47.861+0000] {processor.py:830} INFO - Processing file /home/airflow/.local/lib/python3.12/site-packages/airflow/example_dags/tutorial_objectstorage.py for tasks to queue
[2024-06-04T23:58:47.866+0000] {logging_mixin.py:188} INFO - [2024-06-04T23:58:47.865+0000] {dagbag.py:545} INFO - Filling up the DagBag from /home/airflow/.local/lib/python3.12/site-packages/airflow/example_dags/tutorial_objectstorage.py
[2024-06-04T23:58:47.881+0000] {processor.py:840} INFO - DAG(s) 'tutorial_objectstorage' retrieved from /home/airflow/.local/lib/python3.12/site-packages/airflow/example_dags/tutorial_objectstorage.py
[2024-06-04T23:58:47.928+0000] {logging_mixin.py:188} INFO - [2024-06-04T23:58:47.927+0000] {dag.py:3096} INFO - Sync 1 DAGs
[2024-06-04T23:58:47.965+0000] {logging_mixin.py:188} INFO - [2024-06-04T23:58:47.964+0000] {dag.py:3954} INFO - Setting next_dagrun for tutorial_objectstorage to None, run_after=None
[2024-06-04T23:58:48.057+0000] {processor.py:183} INFO - Processing /home/airflow/.local/lib/python3.12/site-packages/airflow/example_dags/tutorial_objectstorage.py took 0.217 seconds
[2024-06-04T23:59:18.858+0000] {processor.py:161} INFO - Started process (PID=177351) to work on /home/airflow/.local/lib/python3.12/site-packages/airflow/example_dags/tutorial_objectstorage.py
[2024-06-04T23:59:18.859+0000] {processor.py:830} INFO - Processing file /home/airflow/.local/lib/python3.12/site-packages/airflow/example_dags/tutorial_objectstorage.py for tasks to queue
[2024-06-04T23:59:18.863+0000] {logging_mixin.py:188} INFO - [2024-06-04T23:59:18.862+0000] {dagbag.py:545} INFO - Filling up the DagBag from /home/airflow/.local/lib/python3.12/site-packages/airflow/example_dags/tutorial_objectstorage.py
[2024-06-04T23:59:18.881+0000] {processor.py:840} INFO - DAG(s) 'tutorial_objectstorage' retrieved from /home/airflow/.local/lib/python3.12/site-packages/airflow/example_dags/tutorial_objectstorage.py
[2024-06-04T23:59:18.927+0000] {logging_mixin.py:188} INFO - [2024-06-04T23:59:18.926+0000] {dag.py:3096} INFO - Sync 1 DAGs
[2024-06-04T23:59:18.962+0000] {logging_mixin.py:188} INFO - [2024-06-04T23:59:18.961+0000] {dag.py:3954} INFO - Setting next_dagrun for tutorial_objectstorage to None, run_after=None
[2024-06-04T23:59:19.232+0000] {processor.py:183} INFO - Processing /home/airflow/.local/lib/python3.12/site-packages/airflow/example_dags/tutorial_objectstorage.py took 0.391 seconds
[2024-06-04T23:59:49.378+0000] {processor.py:161} INFO - Started process (PID=177615) to work on /home/airflow/.local/lib/python3.12/site-packages/airflow/example_dags/tutorial_objectstorage.py
[2024-06-04T23:59:49.379+0000] {processor.py:830} INFO - Processing file /home/airflow/.local/lib/python3.12/site-packages/airflow/example_dags/tutorial_objectstorage.py for tasks to queue
[2024-06-04T23:59:49.382+0000] {logging_mixin.py:188} INFO - [2024-06-04T23:59:49.382+0000] {dagbag.py:545} INFO - Filling up the DagBag from /home/airflow/.local/lib/python3.12/site-packages/airflow/example_dags/tutorial_objectstorage.py
[2024-06-04T23:59:49.396+0000] {processor.py:840} INFO - DAG(s) 'tutorial_objectstorage' retrieved from /home/airflow/.local/lib/python3.12/site-packages/airflow/example_dags/tutorial_objectstorage.py
[2024-06-04T23:59:49.433+0000] {logging_mixin.py:188} INFO - [2024-06-04T23:59:49.433+0000] {dag.py:3096} INFO - Sync 1 DAGs
[2024-06-04T23:59:49.462+0000] {logging_mixin.py:188} INFO - [2024-06-04T23:59:49.462+0000] {dag.py:3954} INFO - Setting next_dagrun for tutorial_objectstorage to None, run_after=None
[2024-06-04T23:59:49.510+0000] {processor.py:183} INFO - Processing /home/airflow/.local/lib/python3.12/site-packages/airflow/example_dags/tutorial_objectstorage.py took 0.145 seconds
