[2024-06-04T23:43:57.470+0000] {processor.py:161} INFO - Started process (PID=169529) to work on /home/airflow/.local/lib/python3.12/site-packages/airflow/example_dags/tutorial_taskflow_api_virtualenv.py
[2024-06-04T23:43:57.472+0000] {processor.py:830} INFO - Processing file /home/airflow/.local/lib/python3.12/site-packages/airflow/example_dags/tutorial_taskflow_api_virtualenv.py for tasks to queue
[2024-06-04T23:43:57.481+0000] {logging_mixin.py:188} INFO - [2024-06-04T23:43:57.477+0000] {dagbag.py:545} INFO - Filling up the DagBag from /home/airflow/.local/lib/python3.12/site-packages/airflow/example_dags/tutorial_taskflow_api_virtualenv.py
[2024-06-04T23:43:57.528+0000] {processor.py:840} INFO - DAG(s) 'tutorial_taskflow_api_virtualenv' retrieved from /home/airflow/.local/lib/python3.12/site-packages/airflow/example_dags/tutorial_taskflow_api_virtualenv.py
[2024-06-04T23:43:57.616+0000] {logging_mixin.py:188} INFO - [2024-06-04T23:43:57.616+0000] {dag.py:3096} INFO - Sync 1 DAGs
[2024-06-04T23:43:57.678+0000] {logging_mixin.py:188} INFO - [2024-06-04T23:43:57.677+0000] {dag.py:3954} INFO - Setting next_dagrun for tutorial_taskflow_api_virtualenv to None, run_after=None
[2024-06-04T23:43:58.104+0000] {processor.py:183} INFO - Processing /home/airflow/.local/lib/python3.12/site-packages/airflow/example_dags/tutorial_taskflow_api_virtualenv.py took 0.662 seconds
[2024-06-04T23:44:28.437+0000] {processor.py:161} INFO - Started process (PID=169791) to work on /home/airflow/.local/lib/python3.12/site-packages/airflow/example_dags/tutorial_taskflow_api_virtualenv.py
[2024-06-04T23:44:28.451+0000] {processor.py:830} INFO - Processing file /home/airflow/.local/lib/python3.12/site-packages/airflow/example_dags/tutorial_taskflow_api_virtualenv.py for tasks to queue
[2024-06-04T23:44:28.456+0000] {logging_mixin.py:188} INFO - [2024-06-04T23:44:28.455+0000] {dagbag.py:545} INFO - Filling up the DagBag from /home/airflow/.local/lib/python3.12/site-packages/airflow/example_dags/tutorial_taskflow_api_virtualenv.py
[2024-06-04T23:44:28.488+0000] {processor.py:840} INFO - DAG(s) 'tutorial_taskflow_api_virtualenv' retrieved from /home/airflow/.local/lib/python3.12/site-packages/airflow/example_dags/tutorial_taskflow_api_virtualenv.py
[2024-06-04T23:44:28.532+0000] {logging_mixin.py:188} INFO - [2024-06-04T23:44:28.532+0000] {dag.py:3096} INFO - Sync 1 DAGs
[2024-06-04T23:44:28.565+0000] {logging_mixin.py:188} INFO - [2024-06-04T23:44:28.564+0000] {dag.py:3954} INFO - Setting next_dagrun for tutorial_taskflow_api_virtualenv to None, run_after=None
[2024-06-04T23:44:28.743+0000] {processor.py:183} INFO - Processing /home/airflow/.local/lib/python3.12/site-packages/airflow/example_dags/tutorial_taskflow_api_virtualenv.py took 0.319 seconds
[2024-06-04T23:44:59.376+0000] {processor.py:161} INFO - Started process (PID=170051) to work on /home/airflow/.local/lib/python3.12/site-packages/airflow/example_dags/tutorial_taskflow_api_virtualenv.py
[2024-06-04T23:44:59.401+0000] {processor.py:830} INFO - Processing file /home/airflow/.local/lib/python3.12/site-packages/airflow/example_dags/tutorial_taskflow_api_virtualenv.py for tasks to queue
[2024-06-04T23:44:59.404+0000] {logging_mixin.py:188} INFO - [2024-06-04T23:44:59.404+0000] {dagbag.py:545} INFO - Filling up the DagBag from /home/airflow/.local/lib/python3.12/site-packages/airflow/example_dags/tutorial_taskflow_api_virtualenv.py
[2024-06-04T23:44:59.456+0000] {processor.py:840} INFO - DAG(s) 'tutorial_taskflow_api_virtualenv' retrieved from /home/airflow/.local/lib/python3.12/site-packages/airflow/example_dags/tutorial_taskflow_api_virtualenv.py
[2024-06-04T23:44:59.572+0000] {logging_mixin.py:188} INFO - [2024-06-04T23:44:59.572+0000] {dag.py:3096} INFO - Sync 1 DAGs
[2024-06-04T23:44:59.649+0000] {logging_mixin.py:188} INFO - [2024-06-04T23:44:59.648+0000] {dag.py:3954} INFO - Setting next_dagrun for tutorial_taskflow_api_virtualenv to None, run_after=None
[2024-06-04T23:44:59.750+0000] {processor.py:183} INFO - Processing /home/airflow/.local/lib/python3.12/site-packages/airflow/example_dags/tutorial_taskflow_api_virtualenv.py took 0.410 seconds
[2024-06-04T23:45:30.117+0000] {processor.py:161} INFO - Started process (PID=170313) to work on /home/airflow/.local/lib/python3.12/site-packages/airflow/example_dags/tutorial_taskflow_api_virtualenv.py
[2024-06-04T23:45:30.119+0000] {processor.py:830} INFO - Processing file /home/airflow/.local/lib/python3.12/site-packages/airflow/example_dags/tutorial_taskflow_api_virtualenv.py for tasks to queue
[2024-06-04T23:45:30.126+0000] {logging_mixin.py:188} INFO - [2024-06-04T23:45:30.125+0000] {dagbag.py:545} INFO - Filling up the DagBag from /home/airflow/.local/lib/python3.12/site-packages/airflow/example_dags/tutorial_taskflow_api_virtualenv.py
[2024-06-04T23:45:30.171+0000] {processor.py:840} INFO - DAG(s) 'tutorial_taskflow_api_virtualenv' retrieved from /home/airflow/.local/lib/python3.12/site-packages/airflow/example_dags/tutorial_taskflow_api_virtualenv.py
[2024-06-04T23:45:30.261+0000] {logging_mixin.py:188} INFO - [2024-06-04T23:45:30.260+0000] {dag.py:3096} INFO - Sync 1 DAGs
[2024-06-04T23:45:30.328+0000] {logging_mixin.py:188} INFO - [2024-06-04T23:45:30.326+0000] {dag.py:3954} INFO - Setting next_dagrun for tutorial_taskflow_api_virtualenv to None, run_after=None
[2024-06-04T23:45:30.522+0000] {processor.py:183} INFO - Processing /home/airflow/.local/lib/python3.12/site-packages/airflow/example_dags/tutorial_taskflow_api_virtualenv.py took 0.428 seconds
[2024-06-04T23:46:02.132+0000] {processor.py:161} INFO - Started process (PID=170575) to work on /home/airflow/.local/lib/python3.12/site-packages/airflow/example_dags/tutorial_taskflow_api_virtualenv.py
[2024-06-04T23:46:02.155+0000] {processor.py:830} INFO - Processing file /home/airflow/.local/lib/python3.12/site-packages/airflow/example_dags/tutorial_taskflow_api_virtualenv.py for tasks to queue
[2024-06-04T23:46:02.166+0000] {logging_mixin.py:188} INFO - [2024-06-04T23:46:02.166+0000] {dagbag.py:545} INFO - Filling up the DagBag from /home/airflow/.local/lib/python3.12/site-packages/airflow/example_dags/tutorial_taskflow_api_virtualenv.py
[2024-06-04T23:46:02.213+0000] {processor.py:840} INFO - DAG(s) 'tutorial_taskflow_api_virtualenv' retrieved from /home/airflow/.local/lib/python3.12/site-packages/airflow/example_dags/tutorial_taskflow_api_virtualenv.py
[2024-06-04T23:46:02.687+0000] {logging_mixin.py:188} INFO - [2024-06-04T23:46:02.686+0000] {dag.py:3096} INFO - Sync 1 DAGs
[2024-06-04T23:46:02.946+0000] {logging_mixin.py:188} INFO - [2024-06-04T23:46:02.946+0000] {dag.py:3954} INFO - Setting next_dagrun for tutorial_taskflow_api_virtualenv to None, run_after=None
[2024-06-04T23:46:03.182+0000] {processor.py:183} INFO - Processing /home/airflow/.local/lib/python3.12/site-packages/airflow/example_dags/tutorial_taskflow_api_virtualenv.py took 1.141 seconds
[2024-06-04T23:46:33.780+0000] {processor.py:161} INFO - Started process (PID=170837) to work on /home/airflow/.local/lib/python3.12/site-packages/airflow/example_dags/tutorial_taskflow_api_virtualenv.py
[2024-06-04T23:46:33.838+0000] {processor.py:830} INFO - Processing file /home/airflow/.local/lib/python3.12/site-packages/airflow/example_dags/tutorial_taskflow_api_virtualenv.py for tasks to queue
[2024-06-04T23:46:33.843+0000] {logging_mixin.py:188} INFO - [2024-06-04T23:46:33.842+0000] {dagbag.py:545} INFO - Filling up the DagBag from /home/airflow/.local/lib/python3.12/site-packages/airflow/example_dags/tutorial_taskflow_api_virtualenv.py
[2024-06-04T23:46:33.895+0000] {processor.py:840} INFO - DAG(s) 'tutorial_taskflow_api_virtualenv' retrieved from /home/airflow/.local/lib/python3.12/site-packages/airflow/example_dags/tutorial_taskflow_api_virtualenv.py
[2024-06-04T23:46:33.959+0000] {logging_mixin.py:188} INFO - [2024-06-04T23:46:33.958+0000] {dag.py:3096} INFO - Sync 1 DAGs
[2024-06-04T23:46:33.992+0000] {logging_mixin.py:188} INFO - [2024-06-04T23:46:33.992+0000] {dag.py:3954} INFO - Setting next_dagrun for tutorial_taskflow_api_virtualenv to None, run_after=None
[2024-06-04T23:46:34.118+0000] {processor.py:183} INFO - Processing /home/airflow/.local/lib/python3.12/site-packages/airflow/example_dags/tutorial_taskflow_api_virtualenv.py took 0.371 seconds
[2024-06-04T23:47:04.296+0000] {processor.py:161} INFO - Started process (PID=171098) to work on /home/airflow/.local/lib/python3.12/site-packages/airflow/example_dags/tutorial_taskflow_api_virtualenv.py
[2024-06-04T23:47:04.298+0000] {processor.py:830} INFO - Processing file /home/airflow/.local/lib/python3.12/site-packages/airflow/example_dags/tutorial_taskflow_api_virtualenv.py for tasks to queue
[2024-06-04T23:47:04.302+0000] {logging_mixin.py:188} INFO - [2024-06-04T23:47:04.301+0000] {dagbag.py:545} INFO - Filling up the DagBag from /home/airflow/.local/lib/python3.12/site-packages/airflow/example_dags/tutorial_taskflow_api_virtualenv.py
[2024-06-04T23:47:04.324+0000] {processor.py:840} INFO - DAG(s) 'tutorial_taskflow_api_virtualenv' retrieved from /home/airflow/.local/lib/python3.12/site-packages/airflow/example_dags/tutorial_taskflow_api_virtualenv.py
[2024-06-04T23:47:04.397+0000] {logging_mixin.py:188} INFO - [2024-06-04T23:47:04.397+0000] {dag.py:3096} INFO - Sync 1 DAGs
[2024-06-04T23:47:04.444+0000] {logging_mixin.py:188} INFO - [2024-06-04T23:47:04.444+0000] {dag.py:3954} INFO - Setting next_dagrun for tutorial_taskflow_api_virtualenv to None, run_after=None
[2024-06-04T23:47:04.498+0000] {processor.py:183} INFO - Processing /home/airflow/.local/lib/python3.12/site-packages/airflow/example_dags/tutorial_taskflow_api_virtualenv.py took 0.217 seconds
[2024-06-04T23:47:34.630+0000] {processor.py:161} INFO - Started process (PID=171356) to work on /home/airflow/.local/lib/python3.12/site-packages/airflow/example_dags/tutorial_taskflow_api_virtualenv.py
[2024-06-04T23:47:34.632+0000] {processor.py:830} INFO - Processing file /home/airflow/.local/lib/python3.12/site-packages/airflow/example_dags/tutorial_taskflow_api_virtualenv.py for tasks to queue
[2024-06-04T23:47:34.635+0000] {logging_mixin.py:188} INFO - [2024-06-04T23:47:34.634+0000] {dagbag.py:545} INFO - Filling up the DagBag from /home/airflow/.local/lib/python3.12/site-packages/airflow/example_dags/tutorial_taskflow_api_virtualenv.py
[2024-06-04T23:47:34.656+0000] {processor.py:840} INFO - DAG(s) 'tutorial_taskflow_api_virtualenv' retrieved from /home/airflow/.local/lib/python3.12/site-packages/airflow/example_dags/tutorial_taskflow_api_virtualenv.py
[2024-06-04T23:47:34.695+0000] {logging_mixin.py:188} INFO - [2024-06-04T23:47:34.695+0000] {dag.py:3096} INFO - Sync 1 DAGs
[2024-06-04T23:47:34.724+0000] {logging_mixin.py:188} INFO - [2024-06-04T23:47:34.724+0000] {dag.py:3954} INFO - Setting next_dagrun for tutorial_taskflow_api_virtualenv to None, run_after=None
[2024-06-04T23:47:34.781+0000] {processor.py:183} INFO - Processing /home/airflow/.local/lib/python3.12/site-packages/airflow/example_dags/tutorial_taskflow_api_virtualenv.py took 0.164 seconds
[2024-06-04T23:48:05.738+0000] {processor.py:161} INFO - Started process (PID=171620) to work on /home/airflow/.local/lib/python3.12/site-packages/airflow/example_dags/tutorial_taskflow_api_virtualenv.py
[2024-06-04T23:48:05.749+0000] {processor.py:830} INFO - Processing file /home/airflow/.local/lib/python3.12/site-packages/airflow/example_dags/tutorial_taskflow_api_virtualenv.py for tasks to queue
[2024-06-04T23:48:05.769+0000] {logging_mixin.py:188} INFO - [2024-06-04T23:48:05.768+0000] {dagbag.py:545} INFO - Filling up the DagBag from /home/airflow/.local/lib/python3.12/site-packages/airflow/example_dags/tutorial_taskflow_api_virtualenv.py
[2024-06-04T23:48:05.880+0000] {processor.py:840} INFO - DAG(s) 'tutorial_taskflow_api_virtualenv' retrieved from /home/airflow/.local/lib/python3.12/site-packages/airflow/example_dags/tutorial_taskflow_api_virtualenv.py
[2024-06-04T23:48:06.026+0000] {logging_mixin.py:188} INFO - [2024-06-04T23:48:06.025+0000] {dag.py:3096} INFO - Sync 1 DAGs
[2024-06-04T23:48:06.100+0000] {logging_mixin.py:188} INFO - [2024-06-04T23:48:06.096+0000] {dag.py:3954} INFO - Setting next_dagrun for tutorial_taskflow_api_virtualenv to None, run_after=None
[2024-06-04T23:48:06.188+0000] {processor.py:183} INFO - Processing /home/airflow/.local/lib/python3.12/site-packages/airflow/example_dags/tutorial_taskflow_api_virtualenv.py took 0.485 seconds
[2024-06-04T23:48:36.944+0000] {processor.py:161} INFO - Started process (PID=171883) to work on /home/airflow/.local/lib/python3.12/site-packages/airflow/example_dags/tutorial_taskflow_api_virtualenv.py
[2024-06-04T23:48:36.946+0000] {processor.py:830} INFO - Processing file /home/airflow/.local/lib/python3.12/site-packages/airflow/example_dags/tutorial_taskflow_api_virtualenv.py for tasks to queue
[2024-06-04T23:48:36.950+0000] {logging_mixin.py:188} INFO - [2024-06-04T23:48:36.949+0000] {dagbag.py:545} INFO - Filling up the DagBag from /home/airflow/.local/lib/python3.12/site-packages/airflow/example_dags/tutorial_taskflow_api_virtualenv.py
[2024-06-04T23:48:36.972+0000] {processor.py:840} INFO - DAG(s) 'tutorial_taskflow_api_virtualenv' retrieved from /home/airflow/.local/lib/python3.12/site-packages/airflow/example_dags/tutorial_taskflow_api_virtualenv.py
[2024-06-04T23:48:37.024+0000] {logging_mixin.py:188} INFO - [2024-06-04T23:48:37.023+0000] {dag.py:3096} INFO - Sync 1 DAGs
[2024-06-04T23:48:37.074+0000] {logging_mixin.py:188} INFO - [2024-06-04T23:48:37.073+0000] {dag.py:3954} INFO - Setting next_dagrun for tutorial_taskflow_api_virtualenv to None, run_after=None
[2024-06-04T23:48:37.121+0000] {processor.py:183} INFO - Processing /home/airflow/.local/lib/python3.12/site-packages/airflow/example_dags/tutorial_taskflow_api_virtualenv.py took 0.192 seconds
[2024-06-04T23:49:07.213+0000] {processor.py:161} INFO - Started process (PID=172142) to work on /home/airflow/.local/lib/python3.12/site-packages/airflow/example_dags/tutorial_taskflow_api_virtualenv.py
[2024-06-04T23:49:07.214+0000] {processor.py:830} INFO - Processing file /home/airflow/.local/lib/python3.12/site-packages/airflow/example_dags/tutorial_taskflow_api_virtualenv.py for tasks to queue
[2024-06-04T23:49:07.218+0000] {logging_mixin.py:188} INFO - [2024-06-04T23:49:07.217+0000] {dagbag.py:545} INFO - Filling up the DagBag from /home/airflow/.local/lib/python3.12/site-packages/airflow/example_dags/tutorial_taskflow_api_virtualenv.py
[2024-06-04T23:49:07.246+0000] {processor.py:840} INFO - DAG(s) 'tutorial_taskflow_api_virtualenv' retrieved from /home/airflow/.local/lib/python3.12/site-packages/airflow/example_dags/tutorial_taskflow_api_virtualenv.py
[2024-06-04T23:49:07.349+0000] {logging_mixin.py:188} INFO - [2024-06-04T23:49:07.348+0000] {dag.py:3096} INFO - Sync 1 DAGs
[2024-06-04T23:49:07.384+0000] {logging_mixin.py:188} INFO - [2024-06-04T23:49:07.384+0000] {dag.py:3954} INFO - Setting next_dagrun for tutorial_taskflow_api_virtualenv to None, run_after=None
[2024-06-04T23:49:07.437+0000] {processor.py:183} INFO - Processing /home/airflow/.local/lib/python3.12/site-packages/airflow/example_dags/tutorial_taskflow_api_virtualenv.py took 0.236 seconds
[2024-06-04T23:49:38.255+0000] {processor.py:161} INFO - Started process (PID=172404) to work on /home/airflow/.local/lib/python3.12/site-packages/airflow/example_dags/tutorial_taskflow_api_virtualenv.py
[2024-06-04T23:49:38.274+0000] {processor.py:830} INFO - Processing file /home/airflow/.local/lib/python3.12/site-packages/airflow/example_dags/tutorial_taskflow_api_virtualenv.py for tasks to queue
[2024-06-04T23:49:38.279+0000] {logging_mixin.py:188} INFO - [2024-06-04T23:49:38.278+0000] {dagbag.py:545} INFO - Filling up the DagBag from /home/airflow/.local/lib/python3.12/site-packages/airflow/example_dags/tutorial_taskflow_api_virtualenv.py
[2024-06-04T23:49:38.302+0000] {processor.py:840} INFO - DAG(s) 'tutorial_taskflow_api_virtualenv' retrieved from /home/airflow/.local/lib/python3.12/site-packages/airflow/example_dags/tutorial_taskflow_api_virtualenv.py
[2024-06-04T23:49:38.348+0000] {logging_mixin.py:188} INFO - [2024-06-04T23:49:38.347+0000] {dag.py:3096} INFO - Sync 1 DAGs
[2024-06-04T23:49:38.378+0000] {logging_mixin.py:188} INFO - [2024-06-04T23:49:38.377+0000] {dag.py:3954} INFO - Setting next_dagrun for tutorial_taskflow_api_virtualenv to None, run_after=None
[2024-06-04T23:49:38.427+0000] {processor.py:183} INFO - Processing /home/airflow/.local/lib/python3.12/site-packages/airflow/example_dags/tutorial_taskflow_api_virtualenv.py took 0.184 seconds
[2024-06-04T23:50:09.053+0000] {processor.py:161} INFO - Started process (PID=172662) to work on /home/airflow/.local/lib/python3.12/site-packages/airflow/example_dags/tutorial_taskflow_api_virtualenv.py
[2024-06-04T23:50:09.055+0000] {processor.py:830} INFO - Processing file /home/airflow/.local/lib/python3.12/site-packages/airflow/example_dags/tutorial_taskflow_api_virtualenv.py for tasks to queue
[2024-06-04T23:50:09.059+0000] {logging_mixin.py:188} INFO - [2024-06-04T23:50:09.058+0000] {dagbag.py:545} INFO - Filling up the DagBag from /home/airflow/.local/lib/python3.12/site-packages/airflow/example_dags/tutorial_taskflow_api_virtualenv.py
[2024-06-04T23:50:09.081+0000] {processor.py:840} INFO - DAG(s) 'tutorial_taskflow_api_virtualenv' retrieved from /home/airflow/.local/lib/python3.12/site-packages/airflow/example_dags/tutorial_taskflow_api_virtualenv.py
[2024-06-04T23:50:09.133+0000] {logging_mixin.py:188} INFO - [2024-06-04T23:50:09.133+0000] {dag.py:3096} INFO - Sync 1 DAGs
[2024-06-04T23:50:09.167+0000] {logging_mixin.py:188} INFO - [2024-06-04T23:50:09.167+0000] {dag.py:3954} INFO - Setting next_dagrun for tutorial_taskflow_api_virtualenv to None, run_after=None
[2024-06-04T23:50:09.221+0000] {processor.py:183} INFO - Processing /home/airflow/.local/lib/python3.12/site-packages/airflow/example_dags/tutorial_taskflow_api_virtualenv.py took 0.186 seconds
[2024-06-04T23:50:39.783+0000] {processor.py:161} INFO - Started process (PID=172924) to work on /home/airflow/.local/lib/python3.12/site-packages/airflow/example_dags/tutorial_taskflow_api_virtualenv.py
[2024-06-04T23:50:39.785+0000] {processor.py:830} INFO - Processing file /home/airflow/.local/lib/python3.12/site-packages/airflow/example_dags/tutorial_taskflow_api_virtualenv.py for tasks to queue
[2024-06-04T23:50:39.789+0000] {logging_mixin.py:188} INFO - [2024-06-04T23:50:39.788+0000] {dagbag.py:545} INFO - Filling up the DagBag from /home/airflow/.local/lib/python3.12/site-packages/airflow/example_dags/tutorial_taskflow_api_virtualenv.py
[2024-06-04T23:50:39.812+0000] {processor.py:840} INFO - DAG(s) 'tutorial_taskflow_api_virtualenv' retrieved from /home/airflow/.local/lib/python3.12/site-packages/airflow/example_dags/tutorial_taskflow_api_virtualenv.py
[2024-06-04T23:50:39.867+0000] {logging_mixin.py:188} INFO - [2024-06-04T23:50:39.867+0000] {dag.py:3096} INFO - Sync 1 DAGs
[2024-06-04T23:50:39.902+0000] {logging_mixin.py:188} INFO - [2024-06-04T23:50:39.901+0000] {dag.py:3954} INFO - Setting next_dagrun for tutorial_taskflow_api_virtualenv to None, run_after=None
[2024-06-04T23:50:39.973+0000] {processor.py:183} INFO - Processing /home/airflow/.local/lib/python3.12/site-packages/airflow/example_dags/tutorial_taskflow_api_virtualenv.py took 0.205 seconds
[2024-06-04T23:51:10.654+0000] {processor.py:161} INFO - Started process (PID=173186) to work on /home/airflow/.local/lib/python3.12/site-packages/airflow/example_dags/tutorial_taskflow_api_virtualenv.py
[2024-06-04T23:51:10.656+0000] {processor.py:830} INFO - Processing file /home/airflow/.local/lib/python3.12/site-packages/airflow/example_dags/tutorial_taskflow_api_virtualenv.py for tasks to queue
[2024-06-04T23:51:10.660+0000] {logging_mixin.py:188} INFO - [2024-06-04T23:51:10.659+0000] {dagbag.py:545} INFO - Filling up the DagBag from /home/airflow/.local/lib/python3.12/site-packages/airflow/example_dags/tutorial_taskflow_api_virtualenv.py
[2024-06-04T23:51:10.683+0000] {processor.py:840} INFO - DAG(s) 'tutorial_taskflow_api_virtualenv' retrieved from /home/airflow/.local/lib/python3.12/site-packages/airflow/example_dags/tutorial_taskflow_api_virtualenv.py
[2024-06-04T23:51:10.741+0000] {logging_mixin.py:188} INFO - [2024-06-04T23:51:10.740+0000] {dag.py:3096} INFO - Sync 1 DAGs
[2024-06-04T23:51:10.772+0000] {logging_mixin.py:188} INFO - [2024-06-04T23:51:10.772+0000] {dag.py:3954} INFO - Setting next_dagrun for tutorial_taskflow_api_virtualenv to None, run_after=None
[2024-06-04T23:51:10.820+0000] {processor.py:183} INFO - Processing /home/airflow/.local/lib/python3.12/site-packages/airflow/example_dags/tutorial_taskflow_api_virtualenv.py took 0.182 seconds
[2024-06-04T23:51:41.449+0000] {processor.py:161} INFO - Started process (PID=173449) to work on /home/airflow/.local/lib/python3.12/site-packages/airflow/example_dags/tutorial_taskflow_api_virtualenv.py
[2024-06-04T23:51:41.451+0000] {processor.py:830} INFO - Processing file /home/airflow/.local/lib/python3.12/site-packages/airflow/example_dags/tutorial_taskflow_api_virtualenv.py for tasks to queue
[2024-06-04T23:51:41.455+0000] {logging_mixin.py:188} INFO - [2024-06-04T23:51:41.454+0000] {dagbag.py:545} INFO - Filling up the DagBag from /home/airflow/.local/lib/python3.12/site-packages/airflow/example_dags/tutorial_taskflow_api_virtualenv.py
[2024-06-04T23:51:41.479+0000] {processor.py:840} INFO - DAG(s) 'tutorial_taskflow_api_virtualenv' retrieved from /home/airflow/.local/lib/python3.12/site-packages/airflow/example_dags/tutorial_taskflow_api_virtualenv.py
[2024-06-04T23:51:41.560+0000] {logging_mixin.py:188} INFO - [2024-06-04T23:51:41.559+0000] {dag.py:3096} INFO - Sync 1 DAGs
[2024-06-04T23:51:41.595+0000] {logging_mixin.py:188} INFO - [2024-06-04T23:51:41.594+0000] {dag.py:3954} INFO - Setting next_dagrun for tutorial_taskflow_api_virtualenv to None, run_after=None
[2024-06-04T23:51:41.655+0000] {processor.py:183} INFO - Processing /home/airflow/.local/lib/python3.12/site-packages/airflow/example_dags/tutorial_taskflow_api_virtualenv.py took 0.221 seconds
[2024-06-04T23:52:11.874+0000] {processor.py:161} INFO - Started process (PID=173710) to work on /home/airflow/.local/lib/python3.12/site-packages/airflow/example_dags/tutorial_taskflow_api_virtualenv.py
[2024-06-04T23:52:11.878+0000] {processor.py:830} INFO - Processing file /home/airflow/.local/lib/python3.12/site-packages/airflow/example_dags/tutorial_taskflow_api_virtualenv.py for tasks to queue
[2024-06-04T23:52:11.884+0000] {logging_mixin.py:188} INFO - [2024-06-04T23:52:11.880+0000] {dagbag.py:545} INFO - Filling up the DagBag from /home/airflow/.local/lib/python3.12/site-packages/airflow/example_dags/tutorial_taskflow_api_virtualenv.py
[2024-06-04T23:52:11.925+0000] {processor.py:840} INFO - DAG(s) 'tutorial_taskflow_api_virtualenv' retrieved from /home/airflow/.local/lib/python3.12/site-packages/airflow/example_dags/tutorial_taskflow_api_virtualenv.py
[2024-06-04T23:52:11.994+0000] {logging_mixin.py:188} INFO - [2024-06-04T23:52:11.994+0000] {dag.py:3096} INFO - Sync 1 DAGs
[2024-06-04T23:52:12.063+0000] {logging_mixin.py:188} INFO - [2024-06-04T23:52:12.059+0000] {dag.py:3954} INFO - Setting next_dagrun for tutorial_taskflow_api_virtualenv to None, run_after=None
[2024-06-04T23:52:12.198+0000] {processor.py:183} INFO - Processing /home/airflow/.local/lib/python3.12/site-packages/airflow/example_dags/tutorial_taskflow_api_virtualenv.py took 0.347 seconds
[2024-06-04T23:52:42.987+0000] {processor.py:161} INFO - Started process (PID=173972) to work on /home/airflow/.local/lib/python3.12/site-packages/airflow/example_dags/tutorial_taskflow_api_virtualenv.py
[2024-06-04T23:52:42.989+0000] {processor.py:830} INFO - Processing file /home/airflow/.local/lib/python3.12/site-packages/airflow/example_dags/tutorial_taskflow_api_virtualenv.py for tasks to queue
[2024-06-04T23:52:42.993+0000] {logging_mixin.py:188} INFO - [2024-06-04T23:52:42.992+0000] {dagbag.py:545} INFO - Filling up the DagBag from /home/airflow/.local/lib/python3.12/site-packages/airflow/example_dags/tutorial_taskflow_api_virtualenv.py
[2024-06-04T23:52:43.016+0000] {processor.py:840} INFO - DAG(s) 'tutorial_taskflow_api_virtualenv' retrieved from /home/airflow/.local/lib/python3.12/site-packages/airflow/example_dags/tutorial_taskflow_api_virtualenv.py
[2024-06-04T23:52:43.070+0000] {logging_mixin.py:188} INFO - [2024-06-04T23:52:43.069+0000] {dag.py:3096} INFO - Sync 1 DAGs
[2024-06-04T23:52:43.103+0000] {logging_mixin.py:188} INFO - [2024-06-04T23:52:43.103+0000] {dag.py:3954} INFO - Setting next_dagrun for tutorial_taskflow_api_virtualenv to None, run_after=None
[2024-06-04T23:52:43.153+0000] {processor.py:183} INFO - Processing /home/airflow/.local/lib/python3.12/site-packages/airflow/example_dags/tutorial_taskflow_api_virtualenv.py took 0.191 seconds
[2024-06-04T23:53:13.585+0000] {processor.py:161} INFO - Started process (PID=174234) to work on /home/airflow/.local/lib/python3.12/site-packages/airflow/example_dags/tutorial_taskflow_api_virtualenv.py
[2024-06-04T23:53:13.587+0000] {processor.py:830} INFO - Processing file /home/airflow/.local/lib/python3.12/site-packages/airflow/example_dags/tutorial_taskflow_api_virtualenv.py for tasks to queue
[2024-06-04T23:53:13.591+0000] {logging_mixin.py:188} INFO - [2024-06-04T23:53:13.590+0000] {dagbag.py:545} INFO - Filling up the DagBag from /home/airflow/.local/lib/python3.12/site-packages/airflow/example_dags/tutorial_taskflow_api_virtualenv.py
[2024-06-04T23:53:13.614+0000] {processor.py:840} INFO - DAG(s) 'tutorial_taskflow_api_virtualenv' retrieved from /home/airflow/.local/lib/python3.12/site-packages/airflow/example_dags/tutorial_taskflow_api_virtualenv.py
[2024-06-04T23:53:13.669+0000] {logging_mixin.py:188} INFO - [2024-06-04T23:53:13.668+0000] {dag.py:3096} INFO - Sync 1 DAGs
[2024-06-04T23:53:13.765+0000] {logging_mixin.py:188} INFO - [2024-06-04T23:53:13.764+0000] {dag.py:3954} INFO - Setting next_dagrun for tutorial_taskflow_api_virtualenv to None, run_after=None
[2024-06-04T23:53:13.820+0000] {processor.py:183} INFO - Processing /home/airflow/.local/lib/python3.12/site-packages/airflow/example_dags/tutorial_taskflow_api_virtualenv.py took 0.248 seconds
[2024-06-04T23:53:44.715+0000] {processor.py:161} INFO - Started process (PID=174496) to work on /home/airflow/.local/lib/python3.12/site-packages/airflow/example_dags/tutorial_taskflow_api_virtualenv.py
[2024-06-04T23:53:44.730+0000] {processor.py:830} INFO - Processing file /home/airflow/.local/lib/python3.12/site-packages/airflow/example_dags/tutorial_taskflow_api_virtualenv.py for tasks to queue
[2024-06-04T23:53:44.737+0000] {logging_mixin.py:188} INFO - [2024-06-04T23:53:44.734+0000] {dagbag.py:545} INFO - Filling up the DagBag from /home/airflow/.local/lib/python3.12/site-packages/airflow/example_dags/tutorial_taskflow_api_virtualenv.py
[2024-06-04T23:53:44.778+0000] {processor.py:840} INFO - DAG(s) 'tutorial_taskflow_api_virtualenv' retrieved from /home/airflow/.local/lib/python3.12/site-packages/airflow/example_dags/tutorial_taskflow_api_virtualenv.py
[2024-06-04T23:53:44.900+0000] {logging_mixin.py:188} INFO - [2024-06-04T23:53:44.900+0000] {dag.py:3096} INFO - Sync 1 DAGs
[2024-06-04T23:53:45.008+0000] {logging_mixin.py:188} INFO - [2024-06-04T23:53:45.007+0000] {dag.py:3954} INFO - Setting next_dagrun for tutorial_taskflow_api_virtualenv to None, run_after=None
[2024-06-04T23:53:45.121+0000] {processor.py:183} INFO - Processing /home/airflow/.local/lib/python3.12/site-packages/airflow/example_dags/tutorial_taskflow_api_virtualenv.py took 0.433 seconds
[2024-06-04T23:54:15.336+0000] {processor.py:161} INFO - Started process (PID=174755) to work on /home/airflow/.local/lib/python3.12/site-packages/airflow/example_dags/tutorial_taskflow_api_virtualenv.py
[2024-06-04T23:54:15.337+0000] {processor.py:830} INFO - Processing file /home/airflow/.local/lib/python3.12/site-packages/airflow/example_dags/tutorial_taskflow_api_virtualenv.py for tasks to queue
[2024-06-04T23:54:15.341+0000] {logging_mixin.py:188} INFO - [2024-06-04T23:54:15.340+0000] {dagbag.py:545} INFO - Filling up the DagBag from /home/airflow/.local/lib/python3.12/site-packages/airflow/example_dags/tutorial_taskflow_api_virtualenv.py
[2024-06-04T23:54:15.364+0000] {processor.py:840} INFO - DAG(s) 'tutorial_taskflow_api_virtualenv' retrieved from /home/airflow/.local/lib/python3.12/site-packages/airflow/example_dags/tutorial_taskflow_api_virtualenv.py
[2024-06-04T23:54:15.402+0000] {logging_mixin.py:188} INFO - [2024-06-04T23:54:15.402+0000] {dag.py:3096} INFO - Sync 1 DAGs
[2024-06-04T23:54:15.431+0000] {logging_mixin.py:188} INFO - [2024-06-04T23:54:15.431+0000] {dag.py:3954} INFO - Setting next_dagrun for tutorial_taskflow_api_virtualenv to None, run_after=None
[2024-06-04T23:54:15.484+0000] {processor.py:183} INFO - Processing /home/airflow/.local/lib/python3.12/site-packages/airflow/example_dags/tutorial_taskflow_api_virtualenv.py took 0.160 seconds
[2024-06-04T23:54:46.403+0000] {processor.py:161} INFO - Started process (PID=175017) to work on /home/airflow/.local/lib/python3.12/site-packages/airflow/example_dags/tutorial_taskflow_api_virtualenv.py
[2024-06-04T23:54:46.419+0000] {processor.py:830} INFO - Processing file /home/airflow/.local/lib/python3.12/site-packages/airflow/example_dags/tutorial_taskflow_api_virtualenv.py for tasks to queue
[2024-06-04T23:54:46.422+0000] {logging_mixin.py:188} INFO - [2024-06-04T23:54:46.421+0000] {dagbag.py:545} INFO - Filling up the DagBag from /home/airflow/.local/lib/python3.12/site-packages/airflow/example_dags/tutorial_taskflow_api_virtualenv.py
[2024-06-04T23:54:46.443+0000] {processor.py:840} INFO - DAG(s) 'tutorial_taskflow_api_virtualenv' retrieved from /home/airflow/.local/lib/python3.12/site-packages/airflow/example_dags/tutorial_taskflow_api_virtualenv.py
[2024-06-04T23:54:46.490+0000] {logging_mixin.py:188} INFO - [2024-06-04T23:54:46.489+0000] {dag.py:3096} INFO - Sync 1 DAGs
[2024-06-04T23:54:46.520+0000] {logging_mixin.py:188} INFO - [2024-06-04T23:54:46.519+0000] {dag.py:3954} INFO - Setting next_dagrun for tutorial_taskflow_api_virtualenv to None, run_after=None
[2024-06-04T23:54:46.567+0000] {processor.py:183} INFO - Processing /home/airflow/.local/lib/python3.12/site-packages/airflow/example_dags/tutorial_taskflow_api_virtualenv.py took 0.180 seconds
[2024-06-04T23:55:16.986+0000] {processor.py:161} INFO - Started process (PID=175280) to work on /home/airflow/.local/lib/python3.12/site-packages/airflow/example_dags/tutorial_taskflow_api_virtualenv.py
[2024-06-04T23:55:16.987+0000] {processor.py:830} INFO - Processing file /home/airflow/.local/lib/python3.12/site-packages/airflow/example_dags/tutorial_taskflow_api_virtualenv.py for tasks to queue
[2024-06-04T23:55:16.991+0000] {logging_mixin.py:188} INFO - [2024-06-04T23:55:16.990+0000] {dagbag.py:545} INFO - Filling up the DagBag from /home/airflow/.local/lib/python3.12/site-packages/airflow/example_dags/tutorial_taskflow_api_virtualenv.py
[2024-06-04T23:55:17.011+0000] {processor.py:840} INFO - DAG(s) 'tutorial_taskflow_api_virtualenv' retrieved from /home/airflow/.local/lib/python3.12/site-packages/airflow/example_dags/tutorial_taskflow_api_virtualenv.py
[2024-06-04T23:55:17.052+0000] {logging_mixin.py:188} INFO - [2024-06-04T23:55:17.052+0000] {dag.py:3096} INFO - Sync 1 DAGs
[2024-06-04T23:55:17.082+0000] {logging_mixin.py:188} INFO - [2024-06-04T23:55:17.081+0000] {dag.py:3954} INFO - Setting next_dagrun for tutorial_taskflow_api_virtualenv to None, run_after=None
[2024-06-04T23:55:17.143+0000] {processor.py:183} INFO - Processing /home/airflow/.local/lib/python3.12/site-packages/airflow/example_dags/tutorial_taskflow_api_virtualenv.py took 0.173 seconds
[2024-06-04T23:55:47.749+0000] {processor.py:161} INFO - Started process (PID=175542) to work on /home/airflow/.local/lib/python3.12/site-packages/airflow/example_dags/tutorial_taskflow_api_virtualenv.py
[2024-06-04T23:55:47.750+0000] {processor.py:830} INFO - Processing file /home/airflow/.local/lib/python3.12/site-packages/airflow/example_dags/tutorial_taskflow_api_virtualenv.py for tasks to queue
[2024-06-04T23:55:47.753+0000] {logging_mixin.py:188} INFO - [2024-06-04T23:55:47.753+0000] {dagbag.py:545} INFO - Filling up the DagBag from /home/airflow/.local/lib/python3.12/site-packages/airflow/example_dags/tutorial_taskflow_api_virtualenv.py
[2024-06-04T23:55:47.776+0000] {processor.py:840} INFO - DAG(s) 'tutorial_taskflow_api_virtualenv' retrieved from /home/airflow/.local/lib/python3.12/site-packages/airflow/example_dags/tutorial_taskflow_api_virtualenv.py
[2024-06-04T23:55:47.814+0000] {logging_mixin.py:188} INFO - [2024-06-04T23:55:47.814+0000] {dag.py:3096} INFO - Sync 1 DAGs
[2024-06-04T23:55:47.844+0000] {logging_mixin.py:188} INFO - [2024-06-04T23:55:47.844+0000] {dag.py:3954} INFO - Setting next_dagrun for tutorial_taskflow_api_virtualenv to None, run_after=None
[2024-06-04T23:55:47.891+0000] {processor.py:183} INFO - Processing /home/airflow/.local/lib/python3.12/site-packages/airflow/example_dags/tutorial_taskflow_api_virtualenv.py took 0.155 seconds
[2024-06-04T23:56:18.095+0000] {processor.py:161} INFO - Started process (PID=175804) to work on /home/airflow/.local/lib/python3.12/site-packages/airflow/example_dags/tutorial_taskflow_api_virtualenv.py
[2024-06-04T23:56:18.096+0000] {processor.py:830} INFO - Processing file /home/airflow/.local/lib/python3.12/site-packages/airflow/example_dags/tutorial_taskflow_api_virtualenv.py for tasks to queue
[2024-06-04T23:56:18.099+0000] {logging_mixin.py:188} INFO - [2024-06-04T23:56:18.099+0000] {dagbag.py:545} INFO - Filling up the DagBag from /home/airflow/.local/lib/python3.12/site-packages/airflow/example_dags/tutorial_taskflow_api_virtualenv.py
[2024-06-04T23:56:18.119+0000] {processor.py:840} INFO - DAG(s) 'tutorial_taskflow_api_virtualenv' retrieved from /home/airflow/.local/lib/python3.12/site-packages/airflow/example_dags/tutorial_taskflow_api_virtualenv.py
[2024-06-04T23:56:18.158+0000] {logging_mixin.py:188} INFO - [2024-06-04T23:56:18.157+0000] {dag.py:3096} INFO - Sync 1 DAGs
[2024-06-04T23:56:18.186+0000] {logging_mixin.py:188} INFO - [2024-06-04T23:56:18.186+0000] {dag.py:3954} INFO - Setting next_dagrun for tutorial_taskflow_api_virtualenv to None, run_after=None
[2024-06-04T23:56:18.246+0000] {processor.py:183} INFO - Processing /home/airflow/.local/lib/python3.12/site-packages/airflow/example_dags/tutorial_taskflow_api_virtualenv.py took 0.163 seconds
[2024-06-04T23:56:48.591+0000] {processor.py:161} INFO - Started process (PID=176066) to work on /home/airflow/.local/lib/python3.12/site-packages/airflow/example_dags/tutorial_taskflow_api_virtualenv.py
[2024-06-04T23:56:48.602+0000] {processor.py:830} INFO - Processing file /home/airflow/.local/lib/python3.12/site-packages/airflow/example_dags/tutorial_taskflow_api_virtualenv.py for tasks to queue
[2024-06-04T23:56:48.606+0000] {logging_mixin.py:188} INFO - [2024-06-04T23:56:48.605+0000] {dagbag.py:545} INFO - Filling up the DagBag from /home/airflow/.local/lib/python3.12/site-packages/airflow/example_dags/tutorial_taskflow_api_virtualenv.py
[2024-06-04T23:56:48.626+0000] {processor.py:840} INFO - DAG(s) 'tutorial_taskflow_api_virtualenv' retrieved from /home/airflow/.local/lib/python3.12/site-packages/airflow/example_dags/tutorial_taskflow_api_virtualenv.py
[2024-06-04T23:56:48.665+0000] {logging_mixin.py:188} INFO - [2024-06-04T23:56:48.664+0000] {dag.py:3096} INFO - Sync 1 DAGs
[2024-06-04T23:56:48.693+0000] {logging_mixin.py:188} INFO - [2024-06-04T23:56:48.693+0000] {dag.py:3954} INFO - Setting next_dagrun for tutorial_taskflow_api_virtualenv to None, run_after=None
[2024-06-04T23:56:48.741+0000] {processor.py:183} INFO - Processing /home/airflow/.local/lib/python3.12/site-packages/airflow/example_dags/tutorial_taskflow_api_virtualenv.py took 0.162 seconds
[2024-06-04T23:57:19.394+0000] {processor.py:161} INFO - Started process (PID=176327) to work on /home/airflow/.local/lib/python3.12/site-packages/airflow/example_dags/tutorial_taskflow_api_virtualenv.py
[2024-06-04T23:57:19.396+0000] {processor.py:830} INFO - Processing file /home/airflow/.local/lib/python3.12/site-packages/airflow/example_dags/tutorial_taskflow_api_virtualenv.py for tasks to queue
[2024-06-04T23:57:19.399+0000] {logging_mixin.py:188} INFO - [2024-06-04T23:57:19.399+0000] {dagbag.py:545} INFO - Filling up the DagBag from /home/airflow/.local/lib/python3.12/site-packages/airflow/example_dags/tutorial_taskflow_api_virtualenv.py
[2024-06-04T23:57:19.422+0000] {processor.py:840} INFO - DAG(s) 'tutorial_taskflow_api_virtualenv' retrieved from /home/airflow/.local/lib/python3.12/site-packages/airflow/example_dags/tutorial_taskflow_api_virtualenv.py
[2024-06-04T23:57:19.467+0000] {logging_mixin.py:188} INFO - [2024-06-04T23:57:19.466+0000] {dag.py:3096} INFO - Sync 1 DAGs
[2024-06-04T23:57:19.497+0000] {logging_mixin.py:188} INFO - [2024-06-04T23:57:19.497+0000] {dag.py:3954} INFO - Setting next_dagrun for tutorial_taskflow_api_virtualenv to None, run_after=None
[2024-06-04T23:57:19.541+0000] {processor.py:183} INFO - Processing /home/airflow/.local/lib/python3.12/site-packages/airflow/example_dags/tutorial_taskflow_api_virtualenv.py took 0.158 seconds
[2024-06-04T23:57:49.775+0000] {processor.py:161} INFO - Started process (PID=176589) to work on /home/airflow/.local/lib/python3.12/site-packages/airflow/example_dags/tutorial_taskflow_api_virtualenv.py
[2024-06-04T23:57:49.777+0000] {processor.py:830} INFO - Processing file /home/airflow/.local/lib/python3.12/site-packages/airflow/example_dags/tutorial_taskflow_api_virtualenv.py for tasks to queue
[2024-06-04T23:57:49.781+0000] {logging_mixin.py:188} INFO - [2024-06-04T23:57:49.780+0000] {dagbag.py:545} INFO - Filling up the DagBag from /home/airflow/.local/lib/python3.12/site-packages/airflow/example_dags/tutorial_taskflow_api_virtualenv.py
[2024-06-04T23:57:49.801+0000] {processor.py:840} INFO - DAG(s) 'tutorial_taskflow_api_virtualenv' retrieved from /home/airflow/.local/lib/python3.12/site-packages/airflow/example_dags/tutorial_taskflow_api_virtualenv.py
[2024-06-04T23:57:49.841+0000] {logging_mixin.py:188} INFO - [2024-06-04T23:57:49.840+0000] {dag.py:3096} INFO - Sync 1 DAGs
[2024-06-04T23:57:49.869+0000] {logging_mixin.py:188} INFO - [2024-06-04T23:57:49.869+0000] {dag.py:3954} INFO - Setting next_dagrun for tutorial_taskflow_api_virtualenv to None, run_after=None
[2024-06-04T23:57:49.924+0000] {processor.py:183} INFO - Processing /home/airflow/.local/lib/python3.12/site-packages/airflow/example_dags/tutorial_taskflow_api_virtualenv.py took 0.169 seconds
[2024-06-04T23:58:20.688+0000] {processor.py:161} INFO - Started process (PID=176851) to work on /home/airflow/.local/lib/python3.12/site-packages/airflow/example_dags/tutorial_taskflow_api_virtualenv.py
[2024-06-04T23:58:20.720+0000] {processor.py:830} INFO - Processing file /home/airflow/.local/lib/python3.12/site-packages/airflow/example_dags/tutorial_taskflow_api_virtualenv.py for tasks to queue
[2024-06-04T23:58:20.725+0000] {logging_mixin.py:188} INFO - [2024-06-04T23:58:20.724+0000] {dagbag.py:545} INFO - Filling up the DagBag from /home/airflow/.local/lib/python3.12/site-packages/airflow/example_dags/tutorial_taskflow_api_virtualenv.py
[2024-06-04T23:58:20.756+0000] {processor.py:840} INFO - DAG(s) 'tutorial_taskflow_api_virtualenv' retrieved from /home/airflow/.local/lib/python3.12/site-packages/airflow/example_dags/tutorial_taskflow_api_virtualenv.py
[2024-06-04T23:58:20.810+0000] {logging_mixin.py:188} INFO - [2024-06-04T23:58:20.810+0000] {dag.py:3096} INFO - Sync 1 DAGs
[2024-06-04T23:58:20.843+0000] {logging_mixin.py:188} INFO - [2024-06-04T23:58:20.842+0000] {dag.py:3954} INFO - Setting next_dagrun for tutorial_taskflow_api_virtualenv to None, run_after=None
[2024-06-04T23:58:20.897+0000] {processor.py:183} INFO - Processing /home/airflow/.local/lib/python3.12/site-packages/airflow/example_dags/tutorial_taskflow_api_virtualenv.py took 0.224 seconds
[2024-06-04T23:58:51.628+0000] {processor.py:161} INFO - Started process (PID=177112) to work on /home/airflow/.local/lib/python3.12/site-packages/airflow/example_dags/tutorial_taskflow_api_virtualenv.py
[2024-06-04T23:58:51.648+0000] {processor.py:830} INFO - Processing file /home/airflow/.local/lib/python3.12/site-packages/airflow/example_dags/tutorial_taskflow_api_virtualenv.py for tasks to queue
[2024-06-04T23:58:51.653+0000] {logging_mixin.py:188} INFO - [2024-06-04T23:58:51.652+0000] {dagbag.py:545} INFO - Filling up the DagBag from /home/airflow/.local/lib/python3.12/site-packages/airflow/example_dags/tutorial_taskflow_api_virtualenv.py
[2024-06-04T23:58:51.677+0000] {processor.py:840} INFO - DAG(s) 'tutorial_taskflow_api_virtualenv' retrieved from /home/airflow/.local/lib/python3.12/site-packages/airflow/example_dags/tutorial_taskflow_api_virtualenv.py
[2024-06-04T23:58:51.726+0000] {logging_mixin.py:188} INFO - [2024-06-04T23:58:51.725+0000] {dag.py:3096} INFO - Sync 1 DAGs
[2024-06-04T23:58:51.765+0000] {logging_mixin.py:188} INFO - [2024-06-04T23:58:51.765+0000] {dag.py:3954} INFO - Setting next_dagrun for tutorial_taskflow_api_virtualenv to None, run_after=None
[2024-06-04T23:58:51.824+0000] {processor.py:183} INFO - Processing /home/airflow/.local/lib/python3.12/site-packages/airflow/example_dags/tutorial_taskflow_api_virtualenv.py took 0.209 seconds
[2024-06-04T23:59:22.592+0000] {processor.py:161} INFO - Started process (PID=177373) to work on /home/airflow/.local/lib/python3.12/site-packages/airflow/example_dags/tutorial_taskflow_api_virtualenv.py
[2024-06-04T23:59:22.594+0000] {processor.py:830} INFO - Processing file /home/airflow/.local/lib/python3.12/site-packages/airflow/example_dags/tutorial_taskflow_api_virtualenv.py for tasks to queue
[2024-06-04T23:59:22.597+0000] {logging_mixin.py:188} INFO - [2024-06-04T23:59:22.596+0000] {dagbag.py:545} INFO - Filling up the DagBag from /home/airflow/.local/lib/python3.12/site-packages/airflow/example_dags/tutorial_taskflow_api_virtualenv.py
[2024-06-04T23:59:22.618+0000] {processor.py:840} INFO - DAG(s) 'tutorial_taskflow_api_virtualenv' retrieved from /home/airflow/.local/lib/python3.12/site-packages/airflow/example_dags/tutorial_taskflow_api_virtualenv.py
[2024-06-04T23:59:22.658+0000] {logging_mixin.py:188} INFO - [2024-06-04T23:59:22.657+0000] {dag.py:3096} INFO - Sync 1 DAGs
[2024-06-04T23:59:22.688+0000] {logging_mixin.py:188} INFO - [2024-06-04T23:59:22.687+0000] {dag.py:3954} INFO - Setting next_dagrun for tutorial_taskflow_api_virtualenv to None, run_after=None
[2024-06-04T23:59:22.731+0000] {processor.py:183} INFO - Processing /home/airflow/.local/lib/python3.12/site-packages/airflow/example_dags/tutorial_taskflow_api_virtualenv.py took 0.153 seconds
[2024-06-04T23:59:53.285+0000] {processor.py:161} INFO - Started process (PID=177635) to work on /home/airflow/.local/lib/python3.12/site-packages/airflow/example_dags/tutorial_taskflow_api_virtualenv.py
[2024-06-04T23:59:53.287+0000] {processor.py:830} INFO - Processing file /home/airflow/.local/lib/python3.12/site-packages/airflow/example_dags/tutorial_taskflow_api_virtualenv.py for tasks to queue
[2024-06-04T23:59:53.291+0000] {logging_mixin.py:188} INFO - [2024-06-04T23:59:53.290+0000] {dagbag.py:545} INFO - Filling up the DagBag from /home/airflow/.local/lib/python3.12/site-packages/airflow/example_dags/tutorial_taskflow_api_virtualenv.py
[2024-06-04T23:59:53.316+0000] {processor.py:840} INFO - DAG(s) 'tutorial_taskflow_api_virtualenv' retrieved from /home/airflow/.local/lib/python3.12/site-packages/airflow/example_dags/tutorial_taskflow_api_virtualenv.py
[2024-06-04T23:59:53.371+0000] {logging_mixin.py:188} INFO - [2024-06-04T23:59:53.370+0000] {dag.py:3096} INFO - Sync 1 DAGs
[2024-06-04T23:59:53.407+0000] {logging_mixin.py:188} INFO - [2024-06-04T23:59:53.407+0000] {dag.py:3954} INFO - Setting next_dagrun for tutorial_taskflow_api_virtualenv to None, run_after=None
[2024-06-04T23:59:53.466+0000] {processor.py:183} INFO - Processing /home/airflow/.local/lib/python3.12/site-packages/airflow/example_dags/tutorial_taskflow_api_virtualenv.py took 0.194 seconds
