[2024-10-02T23:14:59.201+0000] {processor.py:161} INFO - Started process (PID=170) to work on /opt/airflow/dags/etl_prueba.py
[2024-10-02T23:14:59.218+0000] {processor.py:830} INFO - Processing file /opt/airflow/dags/etl_prueba.py for tasks to queue
[2024-10-02T23:14:59.220+0000] {logging_mixin.py:188} INFO - [2024-10-02T23:14:59.220+0000] {dagbag.py:545} INFO - Filling up the DagBag from /opt/airflow/dags/etl_prueba.py
[2024-10-02T23:14:59.294+0000] {processor.py:840} INFO - DAG(s) 'process_employees' retrieved from /opt/airflow/dags/etl_prueba.py
[2024-10-02T23:14:59.604+0000] {logging_mixin.py:188} INFO - [2024-10-02T23:14:59.604+0000] {dag.py:3096} INFO - Sync 1 DAGs
[2024-10-02T23:14:59.827+0000] {logging_mixin.py:188} INFO - [2024-10-02T23:14:59.826+0000] {dag.py:3954} INFO - Setting next_dagrun for process_employees to 2024-10-02 00:00:00+00:00, run_after=2024-10-03 00:00:00+00:00
[2024-10-02T23:15:00.054+0000] {processor.py:183} INFO - Processing /opt/airflow/dags/etl_prueba.py took 0.866 seconds
[2024-10-02T23:15:30.354+0000] {processor.py:161} INFO - Started process (PID=195) to work on /opt/airflow/dags/etl_prueba.py
[2024-10-02T23:15:30.367+0000] {processor.py:830} INFO - Processing file /opt/airflow/dags/etl_prueba.py for tasks to queue
[2024-10-02T23:15:30.371+0000] {logging_mixin.py:188} INFO - [2024-10-02T23:15:30.370+0000] {dagbag.py:545} INFO - Filling up the DagBag from /opt/airflow/dags/etl_prueba.py
[2024-10-02T23:15:30.393+0000] {processor.py:840} INFO - DAG(s) 'process_employees' retrieved from /opt/airflow/dags/etl_prueba.py
[2024-10-02T23:15:30.457+0000] {logging_mixin.py:188} INFO - [2024-10-02T23:15:30.456+0000] {dag.py:3096} INFO - Sync 1 DAGs
[2024-10-02T23:15:30.508+0000] {logging_mixin.py:188} INFO - [2024-10-02T23:15:30.508+0000] {dag.py:3954} INFO - Setting next_dagrun for process_employees to 2024-10-02 00:00:00+00:00, run_after=2024-10-03 00:00:00+00:00
[2024-10-02T23:15:30.553+0000] {processor.py:183} INFO - Processing /opt/airflow/dags/etl_prueba.py took 0.209 seconds
[2024-10-02T23:16:00.797+0000] {processor.py:161} INFO - Started process (PID=206) to work on /opt/airflow/dags/etl_prueba.py
[2024-10-02T23:16:00.817+0000] {processor.py:830} INFO - Processing file /opt/airflow/dags/etl_prueba.py for tasks to queue
[2024-10-02T23:16:00.822+0000] {logging_mixin.py:188} INFO - [2024-10-02T23:16:00.821+0000] {dagbag.py:545} INFO - Filling up the DagBag from /opt/airflow/dags/etl_prueba.py
[2024-10-02T23:16:00.846+0000] {processor.py:840} INFO - DAG(s) 'process_employees' retrieved from /opt/airflow/dags/etl_prueba.py
[2024-10-02T23:16:00.903+0000] {logging_mixin.py:188} INFO - [2024-10-02T23:16:00.902+0000] {dag.py:3096} INFO - Sync 1 DAGs
[2024-10-02T23:16:00.966+0000] {logging_mixin.py:188} INFO - [2024-10-02T23:16:00.966+0000] {dag.py:3954} INFO - Setting next_dagrun for process_employees to 2024-10-02 00:00:00+00:00, run_after=2024-10-03 00:00:00+00:00
[2024-10-02T23:16:01.020+0000] {processor.py:183} INFO - Processing /opt/airflow/dags/etl_prueba.py took 0.236 seconds
[2024-10-02T23:16:31.257+0000] {processor.py:161} INFO - Started process (PID=217) to work on /opt/airflow/dags/etl_prueba.py
[2024-10-02T23:16:31.275+0000] {processor.py:830} INFO - Processing file /opt/airflow/dags/etl_prueba.py for tasks to queue
[2024-10-02T23:16:31.278+0000] {logging_mixin.py:188} INFO - [2024-10-02T23:16:31.278+0000] {dagbag.py:545} INFO - Filling up the DagBag from /opt/airflow/dags/etl_prueba.py
[2024-10-02T23:16:31.301+0000] {processor.py:840} INFO - DAG(s) 'process_employees' retrieved from /opt/airflow/dags/etl_prueba.py
[2024-10-02T23:16:31.360+0000] {logging_mixin.py:188} INFO - [2024-10-02T23:16:31.360+0000] {dag.py:3096} INFO - Sync 1 DAGs
[2024-10-02T23:16:31.413+0000] {logging_mixin.py:188} INFO - [2024-10-02T23:16:31.412+0000] {dag.py:3954} INFO - Setting next_dagrun for process_employees to 2024-10-02 00:00:00+00:00, run_after=2024-10-03 00:00:00+00:00
[2024-10-02T23:16:31.469+0000] {processor.py:183} INFO - Processing /opt/airflow/dags/etl_prueba.py took 0.223 seconds
[2024-10-02T23:17:01.718+0000] {processor.py:161} INFO - Started process (PID=228) to work on /opt/airflow/dags/etl_prueba.py
[2024-10-02T23:17:01.731+0000] {processor.py:830} INFO - Processing file /opt/airflow/dags/etl_prueba.py for tasks to queue
[2024-10-02T23:17:01.734+0000] {logging_mixin.py:188} INFO - [2024-10-02T23:17:01.734+0000] {dagbag.py:545} INFO - Filling up the DagBag from /opt/airflow/dags/etl_prueba.py
[2024-10-02T23:17:01.760+0000] {processor.py:840} INFO - DAG(s) 'process_employees' retrieved from /opt/airflow/dags/etl_prueba.py
[2024-10-02T23:17:01.816+0000] {logging_mixin.py:188} INFO - [2024-10-02T23:17:01.815+0000] {dag.py:3096} INFO - Sync 1 DAGs
[2024-10-02T23:17:01.867+0000] {logging_mixin.py:188} INFO - [2024-10-02T23:17:01.866+0000] {dag.py:3954} INFO - Setting next_dagrun for process_employees to 2024-10-02 00:00:00+00:00, run_after=2024-10-03 00:00:00+00:00
[2024-10-02T23:17:01.913+0000] {processor.py:183} INFO - Processing /opt/airflow/dags/etl_prueba.py took 0.215 seconds
[2024-10-02T23:17:32.145+0000] {processor.py:161} INFO - Started process (PID=239) to work on /opt/airflow/dags/etl_prueba.py
[2024-10-02T23:17:32.160+0000] {processor.py:830} INFO - Processing file /opt/airflow/dags/etl_prueba.py for tasks to queue
[2024-10-02T23:17:32.163+0000] {logging_mixin.py:188} INFO - [2024-10-02T23:17:32.163+0000] {dagbag.py:545} INFO - Filling up the DagBag from /opt/airflow/dags/etl_prueba.py
[2024-10-02T23:17:32.191+0000] {processor.py:840} INFO - DAG(s) 'process_employees' retrieved from /opt/airflow/dags/etl_prueba.py
[2024-10-02T23:17:32.251+0000] {logging_mixin.py:188} INFO - [2024-10-02T23:17:32.251+0000] {dag.py:3096} INFO - Sync 1 DAGs
[2024-10-02T23:17:32.305+0000] {logging_mixin.py:188} INFO - [2024-10-02T23:17:32.305+0000] {dag.py:3954} INFO - Setting next_dagrun for process_employees to 2024-10-02 00:00:00+00:00, run_after=2024-10-03 00:00:00+00:00
[2024-10-02T23:17:32.362+0000] {processor.py:183} INFO - Processing /opt/airflow/dags/etl_prueba.py took 0.228 seconds
[2024-10-02T23:18:02.607+0000] {processor.py:161} INFO - Started process (PID=250) to work on /opt/airflow/dags/etl_prueba.py
[2024-10-02T23:18:02.626+0000] {processor.py:830} INFO - Processing file /opt/airflow/dags/etl_prueba.py for tasks to queue
[2024-10-02T23:18:02.631+0000] {logging_mixin.py:188} INFO - [2024-10-02T23:18:02.630+0000] {dagbag.py:545} INFO - Filling up the DagBag from /opt/airflow/dags/etl_prueba.py
[2024-10-02T23:18:02.669+0000] {processor.py:840} INFO - DAG(s) 'process_employees' retrieved from /opt/airflow/dags/etl_prueba.py
[2024-10-02T23:18:02.740+0000] {logging_mixin.py:188} INFO - [2024-10-02T23:18:02.739+0000] {dag.py:3096} INFO - Sync 1 DAGs
[2024-10-02T23:18:02.837+0000] {logging_mixin.py:188} INFO - [2024-10-02T23:18:02.837+0000] {dag.py:3954} INFO - Setting next_dagrun for process_employees to 2024-10-02 00:00:00+00:00, run_after=2024-10-03 00:00:00+00:00
[2024-10-02T23:18:02.893+0000] {processor.py:183} INFO - Processing /opt/airflow/dags/etl_prueba.py took 0.301 seconds
[2024-10-02T23:18:33.123+0000] {processor.py:161} INFO - Started process (PID=261) to work on /opt/airflow/dags/etl_prueba.py
[2024-10-02T23:18:33.141+0000] {processor.py:830} INFO - Processing file /opt/airflow/dags/etl_prueba.py for tasks to queue
[2024-10-02T23:18:33.145+0000] {logging_mixin.py:188} INFO - [2024-10-02T23:18:33.144+0000] {dagbag.py:545} INFO - Filling up the DagBag from /opt/airflow/dags/etl_prueba.py
[2024-10-02T23:18:33.167+0000] {processor.py:840} INFO - DAG(s) 'process_employees' retrieved from /opt/airflow/dags/etl_prueba.py
[2024-10-02T23:18:33.221+0000] {logging_mixin.py:188} INFO - [2024-10-02T23:18:33.221+0000] {dag.py:3096} INFO - Sync 1 DAGs
[2024-10-02T23:18:33.272+0000] {logging_mixin.py:188} INFO - [2024-10-02T23:18:33.272+0000] {dag.py:3954} INFO - Setting next_dagrun for process_employees to 2024-10-02 00:00:00+00:00, run_after=2024-10-03 00:00:00+00:00
[2024-10-02T23:18:33.328+0000] {processor.py:183} INFO - Processing /opt/airflow/dags/etl_prueba.py took 0.217 seconds
[2024-10-02T23:19:03.567+0000] {processor.py:161} INFO - Started process (PID=273) to work on /opt/airflow/dags/etl_prueba.py
[2024-10-02T23:19:03.582+0000] {processor.py:830} INFO - Processing file /opt/airflow/dags/etl_prueba.py for tasks to queue
[2024-10-02T23:19:03.585+0000] {logging_mixin.py:188} INFO - [2024-10-02T23:19:03.584+0000] {dagbag.py:545} INFO - Filling up the DagBag from /opt/airflow/dags/etl_prueba.py
[2024-10-02T23:19:03.608+0000] {processor.py:840} INFO - DAG(s) 'process_employees' retrieved from /opt/airflow/dags/etl_prueba.py
[2024-10-02T23:19:03.662+0000] {logging_mixin.py:188} INFO - [2024-10-02T23:19:03.661+0000] {dag.py:3096} INFO - Sync 1 DAGs
[2024-10-02T23:19:03.715+0000] {logging_mixin.py:188} INFO - [2024-10-02T23:19:03.715+0000] {dag.py:3954} INFO - Setting next_dagrun for process_employees to 2024-10-02 00:00:00+00:00, run_after=2024-10-03 00:00:00+00:00
[2024-10-02T23:19:03.766+0000] {processor.py:183} INFO - Processing /opt/airflow/dags/etl_prueba.py took 0.213 seconds
[2024-10-02T23:19:33.997+0000] {processor.py:161} INFO - Started process (PID=284) to work on /opt/airflow/dags/etl_prueba.py
[2024-10-02T23:19:34.016+0000] {processor.py:830} INFO - Processing file /opt/airflow/dags/etl_prueba.py for tasks to queue
[2024-10-02T23:19:34.020+0000] {logging_mixin.py:188} INFO - [2024-10-02T23:19:34.019+0000] {dagbag.py:545} INFO - Filling up the DagBag from /opt/airflow/dags/etl_prueba.py
[2024-10-02T23:19:34.042+0000] {processor.py:840} INFO - DAG(s) 'process_employees' retrieved from /opt/airflow/dags/etl_prueba.py
[2024-10-02T23:19:34.097+0000] {logging_mixin.py:188} INFO - [2024-10-02T23:19:34.096+0000] {dag.py:3096} INFO - Sync 1 DAGs
[2024-10-02T23:19:34.149+0000] {logging_mixin.py:188} INFO - [2024-10-02T23:19:34.149+0000] {dag.py:3954} INFO - Setting next_dagrun for process_employees to 2024-10-02 00:00:00+00:00, run_after=2024-10-03 00:00:00+00:00
[2024-10-02T23:19:34.210+0000] {processor.py:183} INFO - Processing /opt/airflow/dags/etl_prueba.py took 0.225 seconds
[2024-10-02T23:20:04.455+0000] {processor.py:161} INFO - Started process (PID=294) to work on /opt/airflow/dags/etl_prueba.py
[2024-10-02T23:20:04.473+0000] {processor.py:830} INFO - Processing file /opt/airflow/dags/etl_prueba.py for tasks to queue
[2024-10-02T23:20:04.477+0000] {logging_mixin.py:188} INFO - [2024-10-02T23:20:04.476+0000] {dagbag.py:545} INFO - Filling up the DagBag from /opt/airflow/dags/etl_prueba.py
[2024-10-02T23:20:04.505+0000] {processor.py:840} INFO - DAG(s) 'process_employees' retrieved from /opt/airflow/dags/etl_prueba.py
[2024-10-02T23:20:04.572+0000] {logging_mixin.py:188} INFO - [2024-10-02T23:20:04.571+0000] {dag.py:3096} INFO - Sync 1 DAGs
[2024-10-02T23:20:04.626+0000] {logging_mixin.py:188} INFO - [2024-10-02T23:20:04.625+0000] {dag.py:3954} INFO - Setting next_dagrun for process_employees to 2024-10-02 00:00:00+00:00, run_after=2024-10-03 00:00:00+00:00
[2024-10-02T23:20:04.665+0000] {processor.py:183} INFO - Processing /opt/airflow/dags/etl_prueba.py took 0.221 seconds
[2024-10-02T23:20:34.895+0000] {processor.py:161} INFO - Started process (PID=305) to work on /opt/airflow/dags/etl_prueba.py
[2024-10-02T23:20:34.897+0000] {processor.py:830} INFO - Processing file /opt/airflow/dags/etl_prueba.py for tasks to queue
[2024-10-02T23:20:34.900+0000] {logging_mixin.py:188} INFO - [2024-10-02T23:20:34.900+0000] {dagbag.py:545} INFO - Filling up the DagBag from /opt/airflow/dags/etl_prueba.py
[2024-10-02T23:20:34.923+0000] {processor.py:840} INFO - DAG(s) 'process_employees' retrieved from /opt/airflow/dags/etl_prueba.py
[2024-10-02T23:20:34.977+0000] {logging_mixin.py:188} INFO - [2024-10-02T23:20:34.976+0000] {dag.py:3096} INFO - Sync 1 DAGs
[2024-10-02T23:20:35.028+0000] {logging_mixin.py:188} INFO - [2024-10-02T23:20:35.027+0000] {dag.py:3954} INFO - Setting next_dagrun for process_employees to 2024-10-02 00:00:00+00:00, run_after=2024-10-03 00:00:00+00:00
[2024-10-02T23:20:35.073+0000] {processor.py:183} INFO - Processing /opt/airflow/dags/etl_prueba.py took 0.191 seconds
[2024-10-02T23:21:05.127+0000] {processor.py:161} INFO - Started process (PID=315) to work on /opt/airflow/dags/etl_prueba.py
[2024-10-02T23:21:05.147+0000] {processor.py:830} INFO - Processing file /opt/airflow/dags/etl_prueba.py for tasks to queue
[2024-10-02T23:21:05.150+0000] {logging_mixin.py:188} INFO - [2024-10-02T23:21:05.149+0000] {dagbag.py:545} INFO - Filling up the DagBag from /opt/airflow/dags/etl_prueba.py
[2024-10-02T23:21:05.178+0000] {processor.py:840} INFO - DAG(s) 'process_employees' retrieved from /opt/airflow/dags/etl_prueba.py
[2024-10-02T23:21:05.257+0000] {logging_mixin.py:188} INFO - [2024-10-02T23:21:05.256+0000] {dag.py:3096} INFO - Sync 1 DAGs
[2024-10-02T23:21:05.313+0000] {logging_mixin.py:188} INFO - [2024-10-02T23:21:05.313+0000] {dag.py:3954} INFO - Setting next_dagrun for process_employees to 2024-10-02 00:00:00+00:00, run_after=2024-10-03 00:00:00+00:00
[2024-10-02T23:21:05.365+0000] {processor.py:183} INFO - Processing /opt/airflow/dags/etl_prueba.py took 0.250 seconds
[2024-10-02T23:21:35.519+0000] {processor.py:161} INFO - Started process (PID=326) to work on /opt/airflow/dags/etl_prueba.py
[2024-10-02T23:21:35.540+0000] {processor.py:830} INFO - Processing file /opt/airflow/dags/etl_prueba.py for tasks to queue
[2024-10-02T23:21:35.545+0000] {logging_mixin.py:188} INFO - [2024-10-02T23:21:35.544+0000] {dagbag.py:545} INFO - Filling up the DagBag from /opt/airflow/dags/etl_prueba.py
[2024-10-02T23:21:35.578+0000] {processor.py:840} INFO - DAG(s) 'process_employees' retrieved from /opt/airflow/dags/etl_prueba.py
[2024-10-02T23:21:35.633+0000] {logging_mixin.py:188} INFO - [2024-10-02T23:21:35.632+0000] {dag.py:3096} INFO - Sync 1 DAGs
[2024-10-02T23:21:35.684+0000] {logging_mixin.py:188} INFO - [2024-10-02T23:21:35.683+0000] {dag.py:3954} INFO - Setting next_dagrun for process_employees to 2024-10-02 00:00:00+00:00, run_after=2024-10-03 00:00:00+00:00
[2024-10-02T23:21:35.737+0000] {processor.py:183} INFO - Processing /opt/airflow/dags/etl_prueba.py took 0.233 seconds
[2024-10-02T23:22:05.814+0000] {processor.py:161} INFO - Started process (PID=337) to work on /opt/airflow/dags/etl_prueba.py
[2024-10-02T23:22:05.815+0000] {processor.py:830} INFO - Processing file /opt/airflow/dags/etl_prueba.py for tasks to queue
[2024-10-02T23:22:05.818+0000] {logging_mixin.py:188} INFO - [2024-10-02T23:22:05.817+0000] {dagbag.py:545} INFO - Filling up the DagBag from /opt/airflow/dags/etl_prueba.py
[2024-10-02T23:22:05.840+0000] {processor.py:840} INFO - DAG(s) 'process_employees' retrieved from /opt/airflow/dags/etl_prueba.py
[2024-10-02T23:22:05.900+0000] {logging_mixin.py:188} INFO - [2024-10-02T23:22:05.900+0000] {dag.py:3096} INFO - Sync 1 DAGs
[2024-10-02T23:22:05.961+0000] {logging_mixin.py:188} INFO - [2024-10-02T23:22:05.960+0000] {dag.py:3954} INFO - Setting next_dagrun for process_employees to 2024-10-02 00:00:00+00:00, run_after=2024-10-03 00:00:00+00:00
[2024-10-02T23:22:06.005+0000] {processor.py:183} INFO - Processing /opt/airflow/dags/etl_prueba.py took 0.203 seconds
[2024-10-02T23:22:36.162+0000] {processor.py:161} INFO - Started process (PID=348) to work on /opt/airflow/dags/etl_prueba.py
[2024-10-02T23:22:36.179+0000] {processor.py:830} INFO - Processing file /opt/airflow/dags/etl_prueba.py for tasks to queue
[2024-10-02T23:22:36.183+0000] {logging_mixin.py:188} INFO - [2024-10-02T23:22:36.182+0000] {dagbag.py:545} INFO - Filling up the DagBag from /opt/airflow/dags/etl_prueba.py
[2024-10-02T23:22:36.207+0000] {processor.py:840} INFO - DAG(s) 'process_employees' retrieved from /opt/airflow/dags/etl_prueba.py
[2024-10-02T23:22:36.261+0000] {logging_mixin.py:188} INFO - [2024-10-02T23:22:36.261+0000] {dag.py:3096} INFO - Sync 1 DAGs
[2024-10-02T23:22:36.314+0000] {logging_mixin.py:188} INFO - [2024-10-02T23:22:36.314+0000] {dag.py:3954} INFO - Setting next_dagrun for process_employees to 2024-10-02 00:00:00+00:00, run_after=2024-10-03 00:00:00+00:00
[2024-10-02T23:22:36.368+0000] {processor.py:183} INFO - Processing /opt/airflow/dags/etl_prueba.py took 0.218 seconds
[2024-10-02T23:23:06.435+0000] {processor.py:161} INFO - Started process (PID=359) to work on /opt/airflow/dags/etl_prueba.py
[2024-10-02T23:23:06.453+0000] {processor.py:830} INFO - Processing file /opt/airflow/dags/etl_prueba.py for tasks to queue
[2024-10-02T23:23:06.457+0000] {logging_mixin.py:188} INFO - [2024-10-02T23:23:06.456+0000] {dagbag.py:545} INFO - Filling up the DagBag from /opt/airflow/dags/etl_prueba.py
[2024-10-02T23:23:06.480+0000] {processor.py:840} INFO - DAG(s) 'process_employees' retrieved from /opt/airflow/dags/etl_prueba.py
[2024-10-02T23:23:06.535+0000] {logging_mixin.py:188} INFO - [2024-10-02T23:23:06.535+0000] {dag.py:3096} INFO - Sync 1 DAGs
[2024-10-02T23:23:06.588+0000] {logging_mixin.py:188} INFO - [2024-10-02T23:23:06.587+0000] {dag.py:3954} INFO - Setting next_dagrun for process_employees to 2024-10-02 00:00:00+00:00, run_after=2024-10-03 00:00:00+00:00
[2024-10-02T23:23:06.644+0000] {processor.py:183} INFO - Processing /opt/airflow/dags/etl_prueba.py took 0.221 seconds
[2024-10-02T23:23:36.797+0000] {processor.py:161} INFO - Started process (PID=369) to work on /opt/airflow/dags/etl_prueba.py
[2024-10-02T23:23:36.812+0000] {processor.py:830} INFO - Processing file /opt/airflow/dags/etl_prueba.py for tasks to queue
[2024-10-02T23:23:36.816+0000] {logging_mixin.py:188} INFO - [2024-10-02T23:23:36.815+0000] {dagbag.py:545} INFO - Filling up the DagBag from /opt/airflow/dags/etl_prueba.py
[2024-10-02T23:23:36.847+0000] {processor.py:840} INFO - DAG(s) 'process_employees' retrieved from /opt/airflow/dags/etl_prueba.py
[2024-10-02T23:23:36.902+0000] {logging_mixin.py:188} INFO - [2024-10-02T23:23:36.901+0000] {dag.py:3096} INFO - Sync 1 DAGs
[2024-10-02T23:23:36.953+0000] {logging_mixin.py:188} INFO - [2024-10-02T23:23:36.953+0000] {dag.py:3954} INFO - Setting next_dagrun for process_employees to 2024-10-02 00:00:00+00:00, run_after=2024-10-03 00:00:00+00:00
[2024-10-02T23:23:37.009+0000] {processor.py:183} INFO - Processing /opt/airflow/dags/etl_prueba.py took 0.226 seconds
[2024-10-02T23:24:07.070+0000] {processor.py:161} INFO - Started process (PID=380) to work on /opt/airflow/dags/etl_prueba.py
[2024-10-02T23:24:07.086+0000] {processor.py:830} INFO - Processing file /opt/airflow/dags/etl_prueba.py for tasks to queue
[2024-10-02T23:24:07.089+0000] {logging_mixin.py:188} INFO - [2024-10-02T23:24:07.088+0000] {dagbag.py:545} INFO - Filling up the DagBag from /opt/airflow/dags/etl_prueba.py
[2024-10-02T23:24:07.111+0000] {processor.py:840} INFO - DAG(s) 'process_employees' retrieved from /opt/airflow/dags/etl_prueba.py
[2024-10-02T23:24:07.165+0000] {logging_mixin.py:188} INFO - [2024-10-02T23:24:07.165+0000] {dag.py:3096} INFO - Sync 1 DAGs
[2024-10-02T23:24:07.217+0000] {logging_mixin.py:188} INFO - [2024-10-02T23:24:07.217+0000] {dag.py:3954} INFO - Setting next_dagrun for process_employees to 2024-10-02 00:00:00+00:00, run_after=2024-10-03 00:00:00+00:00
[2024-10-02T23:24:07.266+0000] {processor.py:183} INFO - Processing /opt/airflow/dags/etl_prueba.py took 0.207 seconds
[2024-10-02T23:24:37.444+0000] {processor.py:161} INFO - Started process (PID=391) to work on /opt/airflow/dags/etl_prueba.py
[2024-10-02T23:24:37.577+0000] {processor.py:830} INFO - Processing file /opt/airflow/dags/etl_prueba.py for tasks to queue
[2024-10-02T23:24:37.582+0000] {logging_mixin.py:188} INFO - [2024-10-02T23:24:37.581+0000] {dagbag.py:545} INFO - Filling up the DagBag from /opt/airflow/dags/etl_prueba.py
[2024-10-02T23:24:37.625+0000] {processor.py:840} INFO - DAG(s) 'process_employees' retrieved from /opt/airflow/dags/etl_prueba.py
[2024-10-02T23:24:37.685+0000] {logging_mixin.py:188} INFO - [2024-10-02T23:24:37.684+0000] {dag.py:3096} INFO - Sync 1 DAGs
[2024-10-02T23:24:37.736+0000] {logging_mixin.py:188} INFO - [2024-10-02T23:24:37.735+0000] {dag.py:3954} INFO - Setting next_dagrun for process_employees to 2024-10-02 00:00:00+00:00, run_after=2024-10-03 00:00:00+00:00
[2024-10-02T23:24:37.933+0000] {processor.py:183} INFO - Processing /opt/airflow/dags/etl_prueba.py took 0.501 seconds
[2024-10-02T23:25:08.171+0000] {processor.py:161} INFO - Started process (PID=403) to work on /opt/airflow/dags/etl_prueba.py
[2024-10-02T23:25:08.184+0000] {processor.py:830} INFO - Processing file /opt/airflow/dags/etl_prueba.py for tasks to queue
[2024-10-02T23:25:08.188+0000] {logging_mixin.py:188} INFO - [2024-10-02T23:25:08.187+0000] {dagbag.py:545} INFO - Filling up the DagBag from /opt/airflow/dags/etl_prueba.py
[2024-10-02T23:25:08.215+0000] {processor.py:840} INFO - DAG(s) 'process_employees' retrieved from /opt/airflow/dags/etl_prueba.py
[2024-10-02T23:25:08.274+0000] {logging_mixin.py:188} INFO - [2024-10-02T23:25:08.274+0000] {dag.py:3096} INFO - Sync 1 DAGs
[2024-10-02T23:25:08.327+0000] {logging_mixin.py:188} INFO - [2024-10-02T23:25:08.327+0000] {dag.py:3954} INFO - Setting next_dagrun for process_employees to 2024-10-02 00:00:00+00:00, run_after=2024-10-03 00:00:00+00:00
[2024-10-02T23:25:08.381+0000] {processor.py:183} INFO - Processing /opt/airflow/dags/etl_prueba.py took 0.221 seconds
[2024-10-02T23:25:38.612+0000] {processor.py:161} INFO - Started process (PID=413) to work on /opt/airflow/dags/etl_prueba.py
[2024-10-02T23:25:38.624+0000] {processor.py:830} INFO - Processing file /opt/airflow/dags/etl_prueba.py for tasks to queue
[2024-10-02T23:25:38.628+0000] {logging_mixin.py:188} INFO - [2024-10-02T23:25:38.627+0000] {dagbag.py:545} INFO - Filling up the DagBag from /opt/airflow/dags/etl_prueba.py
[2024-10-02T23:25:38.650+0000] {processor.py:840} INFO - DAG(s) 'process_employees' retrieved from /opt/airflow/dags/etl_prueba.py
[2024-10-02T23:25:38.706+0000] {logging_mixin.py:188} INFO - [2024-10-02T23:25:38.705+0000] {dag.py:3096} INFO - Sync 1 DAGs
[2024-10-02T23:25:38.757+0000] {logging_mixin.py:188} INFO - [2024-10-02T23:25:38.757+0000] {dag.py:3954} INFO - Setting next_dagrun for process_employees to 2024-10-02 00:00:00+00:00, run_after=2024-10-03 00:00:00+00:00
[2024-10-02T23:25:38.806+0000] {processor.py:183} INFO - Processing /opt/airflow/dags/etl_prueba.py took 0.205 seconds
[2024-10-02T23:26:09.042+0000] {processor.py:161} INFO - Started process (PID=423) to work on /opt/airflow/dags/etl_prueba.py
[2024-10-02T23:26:09.057+0000] {processor.py:830} INFO - Processing file /opt/airflow/dags/etl_prueba.py for tasks to queue
[2024-10-02T23:26:09.060+0000] {logging_mixin.py:188} INFO - [2024-10-02T23:26:09.060+0000] {dagbag.py:545} INFO - Filling up the DagBag from /opt/airflow/dags/etl_prueba.py
[2024-10-02T23:26:09.084+0000] {processor.py:840} INFO - DAG(s) 'process_employees' retrieved from /opt/airflow/dags/etl_prueba.py
[2024-10-02T23:26:09.138+0000] {logging_mixin.py:188} INFO - [2024-10-02T23:26:09.138+0000] {dag.py:3096} INFO - Sync 1 DAGs
[2024-10-02T23:26:09.204+0000] {logging_mixin.py:188} INFO - [2024-10-02T23:26:09.203+0000] {dag.py:3954} INFO - Setting next_dagrun for process_employees to 2024-10-02 00:00:00+00:00, run_after=2024-10-03 00:00:00+00:00
[2024-10-02T23:26:09.246+0000] {processor.py:183} INFO - Processing /opt/airflow/dags/etl_prueba.py took 0.217 seconds
[2024-10-02T23:26:39.471+0000] {processor.py:161} INFO - Started process (PID=433) to work on /opt/airflow/dags/etl_prueba.py
[2024-10-02T23:26:39.481+0000] {processor.py:830} INFO - Processing file /opt/airflow/dags/etl_prueba.py for tasks to queue
[2024-10-02T23:26:39.485+0000] {logging_mixin.py:188} INFO - [2024-10-02T23:26:39.484+0000] {dagbag.py:545} INFO - Filling up the DagBag from /opt/airflow/dags/etl_prueba.py
[2024-10-02T23:26:39.513+0000] {processor.py:840} INFO - DAG(s) 'process_employees' retrieved from /opt/airflow/dags/etl_prueba.py
[2024-10-02T23:26:39.568+0000] {logging_mixin.py:188} INFO - [2024-10-02T23:26:39.568+0000] {dag.py:3096} INFO - Sync 1 DAGs
[2024-10-02T23:26:39.625+0000] {logging_mixin.py:188} INFO - [2024-10-02T23:26:39.624+0000] {dag.py:3954} INFO - Setting next_dagrun for process_employees to 2024-10-02 00:00:00+00:00, run_after=2024-10-03 00:00:00+00:00
[2024-10-02T23:26:39.693+0000] {processor.py:183} INFO - Processing /opt/airflow/dags/etl_prueba.py took 0.236 seconds
[2024-10-02T23:27:09.932+0000] {processor.py:161} INFO - Started process (PID=444) to work on /opt/airflow/dags/etl_prueba.py
[2024-10-02T23:27:09.947+0000] {processor.py:830} INFO - Processing file /opt/airflow/dags/etl_prueba.py for tasks to queue
[2024-10-02T23:27:09.950+0000] {logging_mixin.py:188} INFO - [2024-10-02T23:27:09.949+0000] {dagbag.py:545} INFO - Filling up the DagBag from /opt/airflow/dags/etl_prueba.py
[2024-10-02T23:27:09.972+0000] {processor.py:840} INFO - DAG(s) 'process_employees' retrieved from /opt/airflow/dags/etl_prueba.py
[2024-10-02T23:27:10.026+0000] {logging_mixin.py:188} INFO - [2024-10-02T23:27:10.026+0000] {dag.py:3096} INFO - Sync 1 DAGs
[2024-10-02T23:27:10.078+0000] {logging_mixin.py:188} INFO - [2024-10-02T23:27:10.077+0000] {dag.py:3954} INFO - Setting next_dagrun for process_employees to 2024-10-02 00:00:00+00:00, run_after=2024-10-03 00:00:00+00:00
[2024-10-02T23:27:10.132+0000] {processor.py:183} INFO - Processing /opt/airflow/dags/etl_prueba.py took 0.214 seconds
[2024-10-02T23:27:40.371+0000] {processor.py:161} INFO - Started process (PID=455) to work on /opt/airflow/dags/etl_prueba.py
[2024-10-02T23:27:40.384+0000] {processor.py:830} INFO - Processing file /opt/airflow/dags/etl_prueba.py for tasks to queue
[2024-10-02T23:27:40.387+0000] {logging_mixin.py:188} INFO - [2024-10-02T23:27:40.386+0000] {dagbag.py:545} INFO - Filling up the DagBag from /opt/airflow/dags/etl_prueba.py
[2024-10-02T23:27:40.409+0000] {processor.py:840} INFO - DAG(s) 'process_employees' retrieved from /opt/airflow/dags/etl_prueba.py
[2024-10-02T23:27:40.466+0000] {logging_mixin.py:188} INFO - [2024-10-02T23:27:40.465+0000] {dag.py:3096} INFO - Sync 1 DAGs
[2024-10-02T23:27:40.522+0000] {logging_mixin.py:188} INFO - [2024-10-02T23:27:40.522+0000] {dag.py:3954} INFO - Setting next_dagrun for process_employees to 2024-10-02 00:00:00+00:00, run_after=2024-10-03 00:00:00+00:00
[2024-10-02T23:27:40.579+0000] {processor.py:183} INFO - Processing /opt/airflow/dags/etl_prueba.py took 0.219 seconds
[2024-10-02T23:28:10.825+0000] {processor.py:161} INFO - Started process (PID=465) to work on /opt/airflow/dags/etl_prueba.py
[2024-10-02T23:28:10.841+0000] {processor.py:830} INFO - Processing file /opt/airflow/dags/etl_prueba.py for tasks to queue
[2024-10-02T23:28:10.846+0000] {logging_mixin.py:188} INFO - [2024-10-02T23:28:10.845+0000] {dagbag.py:545} INFO - Filling up the DagBag from /opt/airflow/dags/etl_prueba.py
[2024-10-02T23:28:10.874+0000] {processor.py:840} INFO - DAG(s) 'process_employees' retrieved from /opt/airflow/dags/etl_prueba.py
[2024-10-02T23:28:10.930+0000] {logging_mixin.py:188} INFO - [2024-10-02T23:28:10.930+0000] {dag.py:3096} INFO - Sync 1 DAGs
[2024-10-02T23:28:10.983+0000] {logging_mixin.py:188} INFO - [2024-10-02T23:28:10.982+0000] {dag.py:3954} INFO - Setting next_dagrun for process_employees to 2024-10-02 00:00:00+00:00, run_after=2024-10-03 00:00:00+00:00
[2024-10-02T23:28:11.040+0000] {processor.py:183} INFO - Processing /opt/airflow/dags/etl_prueba.py took 0.230 seconds
[2024-10-02T23:28:41.272+0000] {processor.py:161} INFO - Started process (PID=475) to work on /opt/airflow/dags/etl_prueba.py
[2024-10-02T23:28:41.291+0000] {processor.py:830} INFO - Processing file /opt/airflow/dags/etl_prueba.py for tasks to queue
[2024-10-02T23:28:41.294+0000] {logging_mixin.py:188} INFO - [2024-10-02T23:28:41.293+0000] {dagbag.py:545} INFO - Filling up the DagBag from /opt/airflow/dags/etl_prueba.py
[2024-10-02T23:28:41.316+0000] {processor.py:840} INFO - DAG(s) 'process_employees' retrieved from /opt/airflow/dags/etl_prueba.py
[2024-10-02T23:28:41.372+0000] {logging_mixin.py:188} INFO - [2024-10-02T23:28:41.371+0000] {dag.py:3096} INFO - Sync 1 DAGs
[2024-10-02T23:28:41.423+0000] {logging_mixin.py:188} INFO - [2024-10-02T23:28:41.423+0000] {dag.py:3954} INFO - Setting next_dagrun for process_employees to 2024-10-02 00:00:00+00:00, run_after=2024-10-03 00:00:00+00:00
[2024-10-02T23:28:41.476+0000] {processor.py:183} INFO - Processing /opt/airflow/dags/etl_prueba.py took 0.218 seconds
[2024-10-02T23:29:11.714+0000] {processor.py:161} INFO - Started process (PID=486) to work on /opt/airflow/dags/etl_prueba.py
[2024-10-02T23:29:11.732+0000] {processor.py:830} INFO - Processing file /opt/airflow/dags/etl_prueba.py for tasks to queue
[2024-10-02T23:29:11.736+0000] {logging_mixin.py:188} INFO - [2024-10-02T23:29:11.735+0000] {dagbag.py:545} INFO - Filling up the DagBag from /opt/airflow/dags/etl_prueba.py
[2024-10-02T23:29:11.764+0000] {processor.py:840} INFO - DAG(s) 'process_employees' retrieved from /opt/airflow/dags/etl_prueba.py
[2024-10-02T23:29:11.828+0000] {logging_mixin.py:188} INFO - [2024-10-02T23:29:11.827+0000] {dag.py:3096} INFO - Sync 1 DAGs
[2024-10-02T23:29:11.879+0000] {logging_mixin.py:188} INFO - [2024-10-02T23:29:11.878+0000] {dag.py:3954} INFO - Setting next_dagrun for process_employees to 2024-10-02 00:00:00+00:00, run_after=2024-10-03 00:00:00+00:00
[2024-10-02T23:29:11.934+0000] {processor.py:183} INFO - Processing /opt/airflow/dags/etl_prueba.py took 0.231 seconds
[2024-10-02T23:29:42.180+0000] {processor.py:161} INFO - Started process (PID=497) to work on /opt/airflow/dags/etl_prueba.py
[2024-10-02T23:29:42.195+0000] {processor.py:830} INFO - Processing file /opt/airflow/dags/etl_prueba.py for tasks to queue
[2024-10-02T23:29:42.199+0000] {logging_mixin.py:188} INFO - [2024-10-02T23:29:42.198+0000] {dagbag.py:545} INFO - Filling up the DagBag from /opt/airflow/dags/etl_prueba.py
[2024-10-02T23:29:42.221+0000] {processor.py:840} INFO - DAG(s) 'process_employees' retrieved from /opt/airflow/dags/etl_prueba.py
[2024-10-02T23:29:42.297+0000] {logging_mixin.py:188} INFO - [2024-10-02T23:29:42.296+0000] {dag.py:3096} INFO - Sync 1 DAGs
[2024-10-02T23:29:42.357+0000] {logging_mixin.py:188} INFO - [2024-10-02T23:29:42.356+0000] {dag.py:3954} INFO - Setting next_dagrun for process_employees to 2024-10-02 00:00:00+00:00, run_after=2024-10-03 00:00:00+00:00
[2024-10-02T23:29:42.401+0000] {processor.py:183} INFO - Processing /opt/airflow/dags/etl_prueba.py took 0.235 seconds
[2024-10-02T23:30:12.647+0000] {processor.py:161} INFO - Started process (PID=508) to work on /opt/airflow/dags/etl_prueba.py
[2024-10-02T23:30:12.662+0000] {processor.py:830} INFO - Processing file /opt/airflow/dags/etl_prueba.py for tasks to queue
[2024-10-02T23:30:12.666+0000] {logging_mixin.py:188} INFO - [2024-10-02T23:30:12.665+0000] {dagbag.py:545} INFO - Filling up the DagBag from /opt/airflow/dags/etl_prueba.py
[2024-10-02T23:30:12.715+0000] {processor.py:840} INFO - DAG(s) 'process_employees' retrieved from /opt/airflow/dags/etl_prueba.py
[2024-10-02T23:30:12.821+0000] {logging_mixin.py:188} INFO - [2024-10-02T23:30:12.820+0000] {dag.py:3096} INFO - Sync 1 DAGs
[2024-10-02T23:30:12.877+0000] {logging_mixin.py:188} INFO - [2024-10-02T23:30:12.876+0000] {dag.py:3954} INFO - Setting next_dagrun for process_employees to 2024-10-02 00:00:00+00:00, run_after=2024-10-03 00:00:00+00:00
[2024-10-02T23:30:12.939+0000] {processor.py:183} INFO - Processing /opt/airflow/dags/etl_prueba.py took 0.307 seconds
[2024-10-02T23:30:43.175+0000] {processor.py:161} INFO - Started process (PID=518) to work on /opt/airflow/dags/etl_prueba.py
[2024-10-02T23:30:43.195+0000] {processor.py:830} INFO - Processing file /opt/airflow/dags/etl_prueba.py for tasks to queue
[2024-10-02T23:30:43.201+0000] {logging_mixin.py:188} INFO - [2024-10-02T23:30:43.199+0000] {dagbag.py:545} INFO - Filling up the DagBag from /opt/airflow/dags/etl_prueba.py
[2024-10-02T23:30:43.245+0000] {processor.py:840} INFO - DAG(s) 'process_employees' retrieved from /opt/airflow/dags/etl_prueba.py
[2024-10-02T23:30:43.301+0000] {logging_mixin.py:188} INFO - [2024-10-02T23:30:43.300+0000] {dag.py:3096} INFO - Sync 1 DAGs
[2024-10-02T23:30:43.354+0000] {logging_mixin.py:188} INFO - [2024-10-02T23:30:43.353+0000] {dag.py:3954} INFO - Setting next_dagrun for process_employees to 2024-10-02 00:00:00+00:00, run_after=2024-10-03 00:00:00+00:00
[2024-10-02T23:30:43.408+0000] {processor.py:183} INFO - Processing /opt/airflow/dags/etl_prueba.py took 0.247 seconds
[2024-10-02T23:31:13.646+0000] {processor.py:161} INFO - Started process (PID=529) to work on /opt/airflow/dags/etl_prueba.py
[2024-10-02T23:31:13.661+0000] {processor.py:830} INFO - Processing file /opt/airflow/dags/etl_prueba.py for tasks to queue
[2024-10-02T23:31:13.664+0000] {logging_mixin.py:188} INFO - [2024-10-02T23:31:13.663+0000] {dagbag.py:545} INFO - Filling up the DagBag from /opt/airflow/dags/etl_prueba.py
[2024-10-02T23:31:13.688+0000] {processor.py:840} INFO - DAG(s) 'process_employees' retrieved from /opt/airflow/dags/etl_prueba.py
[2024-10-02T23:31:13.747+0000] {logging_mixin.py:188} INFO - [2024-10-02T23:31:13.746+0000] {dag.py:3096} INFO - Sync 1 DAGs
[2024-10-02T23:31:13.808+0000] {logging_mixin.py:188} INFO - [2024-10-02T23:31:13.807+0000] {dag.py:3954} INFO - Setting next_dagrun for process_employees to 2024-10-02 00:00:00+00:00, run_after=2024-10-03 00:00:00+00:00
[2024-10-02T23:31:13.867+0000] {processor.py:183} INFO - Processing /opt/airflow/dags/etl_prueba.py took 0.233 seconds
[2024-10-02T23:31:44.096+0000] {processor.py:161} INFO - Started process (PID=539) to work on /opt/airflow/dags/etl_prueba.py
[2024-10-02T23:31:44.112+0000] {processor.py:830} INFO - Processing file /opt/airflow/dags/etl_prueba.py for tasks to queue
[2024-10-02T23:31:44.116+0000] {logging_mixin.py:188} INFO - [2024-10-02T23:31:44.115+0000] {dagbag.py:545} INFO - Filling up the DagBag from /opt/airflow/dags/etl_prueba.py
[2024-10-02T23:31:44.139+0000] {processor.py:840} INFO - DAG(s) 'process_employees' retrieved from /opt/airflow/dags/etl_prueba.py
[2024-10-02T23:31:44.194+0000] {logging_mixin.py:188} INFO - [2024-10-02T23:31:44.194+0000] {dag.py:3096} INFO - Sync 1 DAGs
[2024-10-02T23:31:44.245+0000] {logging_mixin.py:188} INFO - [2024-10-02T23:31:44.245+0000] {dag.py:3954} INFO - Setting next_dagrun for process_employees to 2024-10-02 00:00:00+00:00, run_after=2024-10-03 00:00:00+00:00
[2024-10-02T23:31:44.303+0000] {processor.py:183} INFO - Processing /opt/airflow/dags/etl_prueba.py took 0.218 seconds
[2024-10-02T23:32:14.570+0000] {processor.py:161} INFO - Started process (PID=550) to work on /opt/airflow/dags/etl_prueba.py
[2024-10-02T23:32:14.581+0000] {processor.py:830} INFO - Processing file /opt/airflow/dags/etl_prueba.py for tasks to queue
[2024-10-02T23:32:14.584+0000] {logging_mixin.py:188} INFO - [2024-10-02T23:32:14.584+0000] {dagbag.py:545} INFO - Filling up the DagBag from /opt/airflow/dags/etl_prueba.py
[2024-10-02T23:32:14.614+0000] {processor.py:840} INFO - DAG(s) 'process_employees' retrieved from /opt/airflow/dags/etl_prueba.py
[2024-10-02T23:32:14.671+0000] {logging_mixin.py:188} INFO - [2024-10-02T23:32:14.670+0000] {dag.py:3096} INFO - Sync 1 DAGs
[2024-10-02T23:32:14.722+0000] {logging_mixin.py:188} INFO - [2024-10-02T23:32:14.722+0000] {dag.py:3954} INFO - Setting next_dagrun for process_employees to 2024-10-02 00:00:00+00:00, run_after=2024-10-03 00:00:00+00:00
[2024-10-02T23:32:14.766+0000] {processor.py:183} INFO - Processing /opt/airflow/dags/etl_prueba.py took 0.210 seconds
[2024-10-02T23:32:45.006+0000] {processor.py:161} INFO - Started process (PID=561) to work on /opt/airflow/dags/etl_prueba.py
[2024-10-02T23:32:45.020+0000] {processor.py:830} INFO - Processing file /opt/airflow/dags/etl_prueba.py for tasks to queue
[2024-10-02T23:32:45.025+0000] {logging_mixin.py:188} INFO - [2024-10-02T23:32:45.024+0000] {dagbag.py:545} INFO - Filling up the DagBag from /opt/airflow/dags/etl_prueba.py
[2024-10-02T23:32:45.061+0000] {processor.py:840} INFO - DAG(s) 'process_employees' retrieved from /opt/airflow/dags/etl_prueba.py
[2024-10-02T23:32:45.117+0000] {logging_mixin.py:188} INFO - [2024-10-02T23:32:45.116+0000] {dag.py:3096} INFO - Sync 1 DAGs
[2024-10-02T23:32:45.168+0000] {logging_mixin.py:188} INFO - [2024-10-02T23:32:45.168+0000] {dag.py:3954} INFO - Setting next_dagrun for process_employees to 2024-10-02 00:00:00+00:00, run_after=2024-10-03 00:00:00+00:00
[2024-10-02T23:32:45.244+0000] {processor.py:183} INFO - Processing /opt/airflow/dags/etl_prueba.py took 0.253 seconds
[2024-10-02T23:33:15.503+0000] {processor.py:161} INFO - Started process (PID=571) to work on /opt/airflow/dags/etl_prueba.py
[2024-10-02T23:33:15.519+0000] {processor.py:830} INFO - Processing file /opt/airflow/dags/etl_prueba.py for tasks to queue
[2024-10-02T23:33:15.522+0000] {logging_mixin.py:188} INFO - [2024-10-02T23:33:15.522+0000] {dagbag.py:545} INFO - Filling up the DagBag from /opt/airflow/dags/etl_prueba.py
[2024-10-02T23:33:15.545+0000] {processor.py:840} INFO - DAG(s) 'process_employees' retrieved from /opt/airflow/dags/etl_prueba.py
[2024-10-02T23:33:15.599+0000] {logging_mixin.py:188} INFO - [2024-10-02T23:33:15.599+0000] {dag.py:3096} INFO - Sync 1 DAGs
[2024-10-02T23:33:15.651+0000] {logging_mixin.py:188} INFO - [2024-10-02T23:33:15.650+0000] {dag.py:3954} INFO - Setting next_dagrun for process_employees to 2024-10-02 00:00:00+00:00, run_after=2024-10-03 00:00:00+00:00
[2024-10-02T23:33:15.707+0000] {processor.py:183} INFO - Processing /opt/airflow/dags/etl_prueba.py took 0.215 seconds
[2024-10-02T23:33:45.944+0000] {processor.py:161} INFO - Started process (PID=582) to work on /opt/airflow/dags/etl_prueba.py
[2024-10-02T23:33:45.962+0000] {processor.py:830} INFO - Processing file /opt/airflow/dags/etl_prueba.py for tasks to queue
[2024-10-02T23:33:45.966+0000] {logging_mixin.py:188} INFO - [2024-10-02T23:33:45.965+0000] {dagbag.py:545} INFO - Filling up the DagBag from /opt/airflow/dags/etl_prueba.py
[2024-10-02T23:33:45.995+0000] {processor.py:840} INFO - DAG(s) 'process_employees' retrieved from /opt/airflow/dags/etl_prueba.py
[2024-10-02T23:33:46.050+0000] {logging_mixin.py:188} INFO - [2024-10-02T23:33:46.049+0000] {dag.py:3096} INFO - Sync 1 DAGs
[2024-10-02T23:33:46.104+0000] {logging_mixin.py:188} INFO - [2024-10-02T23:33:46.104+0000] {dag.py:3954} INFO - Setting next_dagrun for process_employees to 2024-10-02 00:00:00+00:00, run_after=2024-10-03 00:00:00+00:00
[2024-10-02T23:33:46.156+0000] {processor.py:183} INFO - Processing /opt/airflow/dags/etl_prueba.py took 0.226 seconds
[2024-10-02T23:34:16.379+0000] {processor.py:161} INFO - Started process (PID=592) to work on /opt/airflow/dags/etl_prueba.py
[2024-10-02T23:34:16.395+0000] {processor.py:830} INFO - Processing file /opt/airflow/dags/etl_prueba.py for tasks to queue
[2024-10-02T23:34:16.398+0000] {logging_mixin.py:188} INFO - [2024-10-02T23:34:16.397+0000] {dagbag.py:545} INFO - Filling up the DagBag from /opt/airflow/dags/etl_prueba.py
[2024-10-02T23:34:16.419+0000] {processor.py:840} INFO - DAG(s) 'process_employees' retrieved from /opt/airflow/dags/etl_prueba.py
[2024-10-02T23:34:16.476+0000] {logging_mixin.py:188} INFO - [2024-10-02T23:34:16.475+0000] {dag.py:3096} INFO - Sync 1 DAGs
[2024-10-02T23:34:16.529+0000] {logging_mixin.py:188} INFO - [2024-10-02T23:34:16.528+0000] {dag.py:3954} INFO - Setting next_dagrun for process_employees to 2024-10-02 00:00:00+00:00, run_after=2024-10-03 00:00:00+00:00
[2024-10-02T23:34:16.606+0000] {processor.py:183} INFO - Processing /opt/airflow/dags/etl_prueba.py took 0.237 seconds
[2024-10-02T23:34:46.844+0000] {processor.py:161} INFO - Started process (PID=603) to work on /opt/airflow/dags/etl_prueba.py
[2024-10-02T23:34:46.861+0000] {processor.py:830} INFO - Processing file /opt/airflow/dags/etl_prueba.py for tasks to queue
[2024-10-02T23:34:46.865+0000] {logging_mixin.py:188} INFO - [2024-10-02T23:34:46.864+0000] {dagbag.py:545} INFO - Filling up the DagBag from /opt/airflow/dags/etl_prueba.py
[2024-10-02T23:34:46.889+0000] {processor.py:840} INFO - DAG(s) 'process_employees' retrieved from /opt/airflow/dags/etl_prueba.py
[2024-10-02T23:34:46.944+0000] {logging_mixin.py:188} INFO - [2024-10-02T23:34:46.943+0000] {dag.py:3096} INFO - Sync 1 DAGs
[2024-10-02T23:34:46.995+0000] {logging_mixin.py:188} INFO - [2024-10-02T23:34:46.994+0000] {dag.py:3954} INFO - Setting next_dagrun for process_employees to 2024-10-02 00:00:00+00:00, run_after=2024-10-03 00:00:00+00:00
[2024-10-02T23:34:47.047+0000] {processor.py:183} INFO - Processing /opt/airflow/dags/etl_prueba.py took 0.214 seconds
[2024-10-02T23:35:17.125+0000] {processor.py:161} INFO - Started process (PID=614) to work on /opt/airflow/dags/etl_prueba.py
[2024-10-02T23:35:17.144+0000] {processor.py:830} INFO - Processing file /opt/airflow/dags/etl_prueba.py for tasks to queue
[2024-10-02T23:35:17.149+0000] {logging_mixin.py:188} INFO - [2024-10-02T23:35:17.148+0000] {dagbag.py:545} INFO - Filling up the DagBag from /opt/airflow/dags/etl_prueba.py
[2024-10-02T23:35:17.185+0000] {processor.py:840} INFO - DAG(s) 'process_employees' retrieved from /opt/airflow/dags/etl_prueba.py
[2024-10-02T23:35:17.247+0000] {logging_mixin.py:188} INFO - [2024-10-02T23:35:17.246+0000] {dag.py:3096} INFO - Sync 1 DAGs
[2024-10-02T23:35:17.298+0000] {logging_mixin.py:188} INFO - [2024-10-02T23:35:17.297+0000] {dag.py:3954} INFO - Setting next_dagrun for process_employees to 2024-10-02 00:00:00+00:00, run_after=2024-10-03 00:00:00+00:00
[2024-10-02T23:35:17.346+0000] {processor.py:183} INFO - Processing /opt/airflow/dags/etl_prueba.py took 0.232 seconds
[2024-10-02T23:35:47.479+0000] {processor.py:161} INFO - Started process (PID=625) to work on /opt/airflow/dags/etl_prueba.py
[2024-10-02T23:35:47.494+0000] {processor.py:830} INFO - Processing file /opt/airflow/dags/etl_prueba.py for tasks to queue
[2024-10-02T23:35:47.498+0000] {logging_mixin.py:188} INFO - [2024-10-02T23:35:47.497+0000] {dagbag.py:545} INFO - Filling up the DagBag from /opt/airflow/dags/etl_prueba.py
[2024-10-02T23:35:47.521+0000] {processor.py:840} INFO - DAG(s) 'process_employees' retrieved from /opt/airflow/dags/etl_prueba.py
[2024-10-02T23:35:47.576+0000] {logging_mixin.py:188} INFO - [2024-10-02T23:35:47.576+0000] {dag.py:3096} INFO - Sync 1 DAGs
[2024-10-02T23:35:47.627+0000] {logging_mixin.py:188} INFO - [2024-10-02T23:35:47.627+0000] {dag.py:3954} INFO - Setting next_dagrun for process_employees to 2024-10-02 00:00:00+00:00, run_after=2024-10-03 00:00:00+00:00
[2024-10-02T23:35:47.679+0000] {processor.py:183} INFO - Processing /opt/airflow/dags/etl_prueba.py took 0.212 seconds
[2024-10-02T23:36:17.815+0000] {processor.py:161} INFO - Started process (PID=636) to work on /opt/airflow/dags/etl_prueba.py
[2024-10-02T23:36:17.817+0000] {processor.py:830} INFO - Processing file /opt/airflow/dags/etl_prueba.py for tasks to queue
[2024-10-02T23:36:17.820+0000] {logging_mixin.py:188} INFO - [2024-10-02T23:36:17.820+0000] {dagbag.py:545} INFO - Filling up the DagBag from /opt/airflow/dags/etl_prueba.py
[2024-10-02T23:36:17.847+0000] {processor.py:840} INFO - DAG(s) 'process_employees' retrieved from /opt/airflow/dags/etl_prueba.py
[2024-10-02T23:36:17.902+0000] {logging_mixin.py:188} INFO - [2024-10-02T23:36:17.902+0000] {dag.py:3096} INFO - Sync 1 DAGs
[2024-10-02T23:36:17.968+0000] {logging_mixin.py:188} INFO - [2024-10-02T23:36:17.968+0000] {dag.py:3954} INFO - Setting next_dagrun for process_employees to 2024-10-02 00:00:00+00:00, run_after=2024-10-03 00:00:00+00:00
[2024-10-02T23:36:18.020+0000] {processor.py:183} INFO - Processing /opt/airflow/dags/etl_prueba.py took 0.219 seconds
[2024-10-02T23:36:48.113+0000] {processor.py:161} INFO - Started process (PID=647) to work on /opt/airflow/dags/etl_prueba.py
[2024-10-02T23:36:48.126+0000] {processor.py:830} INFO - Processing file /opt/airflow/dags/etl_prueba.py for tasks to queue
[2024-10-02T23:36:48.129+0000] {logging_mixin.py:188} INFO - [2024-10-02T23:36:48.129+0000] {dagbag.py:545} INFO - Filling up the DagBag from /opt/airflow/dags/etl_prueba.py
[2024-10-02T23:36:48.157+0000] {processor.py:840} INFO - DAG(s) 'process_employees' retrieved from /opt/airflow/dags/etl_prueba.py
[2024-10-02T23:36:48.213+0000] {logging_mixin.py:188} INFO - [2024-10-02T23:36:48.212+0000] {dag.py:3096} INFO - Sync 1 DAGs
[2024-10-02T23:36:48.266+0000] {logging_mixin.py:188} INFO - [2024-10-02T23:36:48.265+0000] {dag.py:3954} INFO - Setting next_dagrun for process_employees to 2024-10-02 00:00:00+00:00, run_after=2024-10-03 00:00:00+00:00
[2024-10-02T23:36:48.319+0000] {processor.py:183} INFO - Processing /opt/airflow/dags/etl_prueba.py took 0.218 seconds
[2024-10-02T23:37:18.460+0000] {processor.py:161} INFO - Started process (PID=658) to work on /opt/airflow/dags/etl_prueba.py
[2024-10-02T23:37:18.462+0000] {processor.py:830} INFO - Processing file /opt/airflow/dags/etl_prueba.py for tasks to queue
[2024-10-02T23:37:18.465+0000] {logging_mixin.py:188} INFO - [2024-10-02T23:37:18.465+0000] {dagbag.py:545} INFO - Filling up the DagBag from /opt/airflow/dags/etl_prueba.py
[2024-10-02T23:37:18.490+0000] {processor.py:840} INFO - DAG(s) 'process_employees' retrieved from /opt/airflow/dags/etl_prueba.py
[2024-10-02T23:37:18.547+0000] {logging_mixin.py:188} INFO - [2024-10-02T23:37:18.546+0000] {dag.py:3096} INFO - Sync 1 DAGs
[2024-10-02T23:37:18.599+0000] {logging_mixin.py:188} INFO - [2024-10-02T23:37:18.598+0000] {dag.py:3954} INFO - Setting next_dagrun for process_employees to 2024-10-02 00:00:00+00:00, run_after=2024-10-03 00:00:00+00:00
[2024-10-02T23:37:18.654+0000] {processor.py:183} INFO - Processing /opt/airflow/dags/etl_prueba.py took 0.209 seconds
[2024-10-02T23:37:48.751+0000] {processor.py:161} INFO - Started process (PID=670) to work on /opt/airflow/dags/etl_prueba.py
[2024-10-02T23:37:48.767+0000] {processor.py:830} INFO - Processing file /opt/airflow/dags/etl_prueba.py for tasks to queue
[2024-10-02T23:37:48.770+0000] {logging_mixin.py:188} INFO - [2024-10-02T23:37:48.769+0000] {dagbag.py:545} INFO - Filling up the DagBag from /opt/airflow/dags/etl_prueba.py
[2024-10-02T23:37:48.793+0000] {processor.py:840} INFO - DAG(s) 'process_employees' retrieved from /opt/airflow/dags/etl_prueba.py
[2024-10-02T23:37:48.849+0000] {logging_mixin.py:188} INFO - [2024-10-02T23:37:48.849+0000] {dag.py:3096} INFO - Sync 1 DAGs
[2024-10-02T23:37:48.901+0000] {logging_mixin.py:188} INFO - [2024-10-02T23:37:48.900+0000] {dag.py:3954} INFO - Setting next_dagrun for process_employees to 2024-10-02 00:00:00+00:00, run_after=2024-10-03 00:00:00+00:00
[2024-10-02T23:37:49.031+0000] {processor.py:183} INFO - Processing /opt/airflow/dags/etl_prueba.py took 0.293 seconds
[2024-10-02T23:38:19.109+0000] {processor.py:161} INFO - Started process (PID=681) to work on /opt/airflow/dags/etl_prueba.py
[2024-10-02T23:38:19.111+0000] {processor.py:830} INFO - Processing file /opt/airflow/dags/etl_prueba.py for tasks to queue
[2024-10-02T23:38:19.115+0000] {logging_mixin.py:188} INFO - [2024-10-02T23:38:19.114+0000] {dagbag.py:545} INFO - Filling up the DagBag from /opt/airflow/dags/etl_prueba.py
[2024-10-02T23:38:19.140+0000] {processor.py:840} INFO - DAG(s) 'process_employees' retrieved from /opt/airflow/dags/etl_prueba.py
[2024-10-02T23:38:19.194+0000] {logging_mixin.py:188} INFO - [2024-10-02T23:38:19.194+0000] {dag.py:3096} INFO - Sync 1 DAGs
[2024-10-02T23:38:19.247+0000] {logging_mixin.py:188} INFO - [2024-10-02T23:38:19.246+0000] {dag.py:3954} INFO - Setting next_dagrun for process_employees to 2024-10-02 00:00:00+00:00, run_after=2024-10-03 00:00:00+00:00
[2024-10-02T23:38:19.290+0000] {processor.py:183} INFO - Processing /opt/airflow/dags/etl_prueba.py took 0.195 seconds
[2024-10-02T23:38:49.481+0000] {processor.py:161} INFO - Started process (PID=692) to work on /opt/airflow/dags/etl_prueba.py
[2024-10-02T23:38:49.499+0000] {processor.py:830} INFO - Processing file /opt/airflow/dags/etl_prueba.py for tasks to queue
[2024-10-02T23:38:49.503+0000] {logging_mixin.py:188} INFO - [2024-10-02T23:38:49.502+0000] {dagbag.py:545} INFO - Filling up the DagBag from /opt/airflow/dags/etl_prueba.py
[2024-10-02T23:38:49.525+0000] {processor.py:840} INFO - DAG(s) 'process_employees' retrieved from /opt/airflow/dags/etl_prueba.py
[2024-10-02T23:38:49.578+0000] {logging_mixin.py:188} INFO - [2024-10-02T23:38:49.578+0000] {dag.py:3096} INFO - Sync 1 DAGs
[2024-10-02T23:38:49.629+0000] {logging_mixin.py:188} INFO - [2024-10-02T23:38:49.629+0000] {dag.py:3954} INFO - Setting next_dagrun for process_employees to 2024-10-02 00:00:00+00:00, run_after=2024-10-03 00:00:00+00:00
[2024-10-02T23:38:49.683+0000] {processor.py:183} INFO - Processing /opt/airflow/dags/etl_prueba.py took 0.215 seconds
[2024-10-02T23:39:19.735+0000] {processor.py:161} INFO - Started process (PID=703) to work on /opt/airflow/dags/etl_prueba.py
[2024-10-02T23:39:19.749+0000] {processor.py:830} INFO - Processing file /opt/airflow/dags/etl_prueba.py for tasks to queue
[2024-10-02T23:39:19.753+0000] {logging_mixin.py:188} INFO - [2024-10-02T23:39:19.752+0000] {dagbag.py:545} INFO - Filling up the DagBag from /opt/airflow/dags/etl_prueba.py
[2024-10-02T23:39:19.781+0000] {processor.py:840} INFO - DAG(s) 'process_employees' retrieved from /opt/airflow/dags/etl_prueba.py
[2024-10-02T23:39:19.836+0000] {logging_mixin.py:188} INFO - [2024-10-02T23:39:19.835+0000] {dag.py:3096} INFO - Sync 1 DAGs
[2024-10-02T23:39:19.899+0000] {logging_mixin.py:188} INFO - [2024-10-02T23:39:19.898+0000] {dag.py:3954} INFO - Setting next_dagrun for process_employees to 2024-10-02 00:00:00+00:00, run_after=2024-10-03 00:00:00+00:00
[2024-10-02T23:39:19.946+0000] {processor.py:183} INFO - Processing /opt/airflow/dags/etl_prueba.py took 0.225 seconds
[2024-10-02T23:39:50.132+0000] {processor.py:161} INFO - Started process (PID=714) to work on /opt/airflow/dags/etl_prueba.py
[2024-10-02T23:39:50.144+0000] {processor.py:830} INFO - Processing file /opt/airflow/dags/etl_prueba.py for tasks to queue
[2024-10-02T23:39:50.148+0000] {logging_mixin.py:188} INFO - [2024-10-02T23:39:50.147+0000] {dagbag.py:545} INFO - Filling up the DagBag from /opt/airflow/dags/etl_prueba.py
[2024-10-02T23:39:50.169+0000] {processor.py:840} INFO - DAG(s) 'process_employees' retrieved from /opt/airflow/dags/etl_prueba.py
[2024-10-02T23:39:50.224+0000] {logging_mixin.py:188} INFO - [2024-10-02T23:39:50.223+0000] {dag.py:3096} INFO - Sync 1 DAGs
[2024-10-02T23:39:50.277+0000] {logging_mixin.py:188} INFO - [2024-10-02T23:39:50.276+0000] {dag.py:3954} INFO - Setting next_dagrun for process_employees to 2024-10-02 00:00:00+00:00, run_after=2024-10-03 00:00:00+00:00
[2024-10-02T23:39:50.332+0000] {processor.py:183} INFO - Processing /opt/airflow/dags/etl_prueba.py took 0.216 seconds
[2024-10-02T23:40:20.439+0000] {processor.py:161} INFO - Started process (PID=725) to work on /opt/airflow/dags/etl_prueba.py
[2024-10-02T23:40:20.460+0000] {processor.py:830} INFO - Processing file /opt/airflow/dags/etl_prueba.py for tasks to queue
[2024-10-02T23:40:20.465+0000] {logging_mixin.py:188} INFO - [2024-10-02T23:40:20.464+0000] {dagbag.py:545} INFO - Filling up the DagBag from /opt/airflow/dags/etl_prueba.py
[2024-10-02T23:40:20.494+0000] {processor.py:840} INFO - DAG(s) 'process_employees' retrieved from /opt/airflow/dags/etl_prueba.py
[2024-10-02T23:40:20.552+0000] {logging_mixin.py:188} INFO - [2024-10-02T23:40:20.552+0000] {dag.py:3096} INFO - Sync 1 DAGs
[2024-10-02T23:40:20.603+0000] {logging_mixin.py:188} INFO - [2024-10-02T23:40:20.603+0000] {dag.py:3954} INFO - Setting next_dagrun for process_employees to 2024-10-02 00:00:00+00:00, run_after=2024-10-03 00:00:00+00:00
[2024-10-02T23:40:20.657+0000] {processor.py:183} INFO - Processing /opt/airflow/dags/etl_prueba.py took 0.232 seconds
[2024-10-02T23:40:50.772+0000] {processor.py:161} INFO - Started process (PID=735) to work on /opt/airflow/dags/etl_prueba.py
[2024-10-02T23:40:50.793+0000] {processor.py:830} INFO - Processing file /opt/airflow/dags/etl_prueba.py for tasks to queue
[2024-10-02T23:40:50.797+0000] {logging_mixin.py:188} INFO - [2024-10-02T23:40:50.796+0000] {dagbag.py:545} INFO - Filling up the DagBag from /opt/airflow/dags/etl_prueba.py
[2024-10-02T23:40:50.825+0000] {processor.py:840} INFO - DAG(s) 'process_employees' retrieved from /opt/airflow/dags/etl_prueba.py
[2024-10-02T23:40:50.884+0000] {logging_mixin.py:188} INFO - [2024-10-02T23:40:50.883+0000] {dag.py:3096} INFO - Sync 1 DAGs
[2024-10-02T23:40:50.935+0000] {logging_mixin.py:188} INFO - [2024-10-02T23:40:50.934+0000] {dag.py:3954} INFO - Setting next_dagrun for process_employees to 2024-10-02 00:00:00+00:00, run_after=2024-10-03 00:00:00+00:00
[2024-10-02T23:40:50.996+0000] {processor.py:183} INFO - Processing /opt/airflow/dags/etl_prueba.py took 0.238 seconds
[2024-10-02T23:41:21.094+0000] {processor.py:161} INFO - Started process (PID=745) to work on /opt/airflow/dags/etl_prueba.py
[2024-10-02T23:41:21.109+0000] {processor.py:830} INFO - Processing file /opt/airflow/dags/etl_prueba.py for tasks to queue
[2024-10-02T23:41:21.113+0000] {logging_mixin.py:188} INFO - [2024-10-02T23:41:21.112+0000] {dagbag.py:545} INFO - Filling up the DagBag from /opt/airflow/dags/etl_prueba.py
[2024-10-02T23:41:21.140+0000] {processor.py:840} INFO - DAG(s) 'process_employees' retrieved from /opt/airflow/dags/etl_prueba.py
[2024-10-02T23:41:21.210+0000] {logging_mixin.py:188} INFO - [2024-10-02T23:41:21.209+0000] {dag.py:3096} INFO - Sync 1 DAGs
[2024-10-02T23:41:21.281+0000] {logging_mixin.py:188} INFO - [2024-10-02T23:41:21.281+0000] {dag.py:3954} INFO - Setting next_dagrun for process_employees to 2024-10-02 00:00:00+00:00, run_after=2024-10-03 00:00:00+00:00
[2024-10-02T23:41:21.365+0000] {processor.py:183} INFO - Processing /opt/airflow/dags/etl_prueba.py took 0.285 seconds
[2024-10-02T23:41:51.436+0000] {processor.py:161} INFO - Started process (PID=756) to work on /opt/airflow/dags/etl_prueba.py
[2024-10-02T23:41:51.450+0000] {processor.py:830} INFO - Processing file /opt/airflow/dags/etl_prueba.py for tasks to queue
[2024-10-02T23:41:51.454+0000] {logging_mixin.py:188} INFO - [2024-10-02T23:41:51.453+0000] {dagbag.py:545} INFO - Filling up the DagBag from /opt/airflow/dags/etl_prueba.py
[2024-10-02T23:41:51.476+0000] {processor.py:840} INFO - DAG(s) 'process_employees' retrieved from /opt/airflow/dags/etl_prueba.py
[2024-10-02T23:41:51.531+0000] {logging_mixin.py:188} INFO - [2024-10-02T23:41:51.531+0000] {dag.py:3096} INFO - Sync 1 DAGs
[2024-10-02T23:41:51.583+0000] {logging_mixin.py:188} INFO - [2024-10-02T23:41:51.583+0000] {dag.py:3954} INFO - Setting next_dagrun for process_employees to 2024-10-02 00:00:00+00:00, run_after=2024-10-03 00:00:00+00:00
[2024-10-02T23:41:51.639+0000] {processor.py:183} INFO - Processing /opt/airflow/dags/etl_prueba.py took 0.214 seconds
[2024-10-02T23:42:21.804+0000] {processor.py:161} INFO - Started process (PID=767) to work on /opt/airflow/dags/etl_prueba.py
[2024-10-02T23:42:21.825+0000] {processor.py:830} INFO - Processing file /opt/airflow/dags/etl_prueba.py for tasks to queue
[2024-10-02T23:42:21.829+0000] {logging_mixin.py:188} INFO - [2024-10-02T23:42:21.828+0000] {dagbag.py:545} INFO - Filling up the DagBag from /opt/airflow/dags/etl_prueba.py
[2024-10-02T23:42:21.852+0000] {processor.py:840} INFO - DAG(s) 'process_employees' retrieved from /opt/airflow/dags/etl_prueba.py
[2024-10-02T23:42:21.906+0000] {logging_mixin.py:188} INFO - [2024-10-02T23:42:21.905+0000] {dag.py:3096} INFO - Sync 1 DAGs
[2024-10-02T23:42:21.957+0000] {logging_mixin.py:188} INFO - [2024-10-02T23:42:21.956+0000] {dag.py:3954} INFO - Setting next_dagrun for process_employees to 2024-10-02 00:00:00+00:00, run_after=2024-10-03 00:00:00+00:00
[2024-10-02T23:42:22.018+0000] {processor.py:183} INFO - Processing /opt/airflow/dags/etl_prueba.py took 0.226 seconds
[2024-10-02T23:42:52.247+0000] {processor.py:161} INFO - Started process (PID=778) to work on /opt/airflow/dags/etl_prueba.py
[2024-10-02T23:42:52.265+0000] {processor.py:830} INFO - Processing file /opt/airflow/dags/etl_prueba.py for tasks to queue
[2024-10-02T23:42:52.269+0000] {logging_mixin.py:188} INFO - [2024-10-02T23:42:52.268+0000] {dagbag.py:545} INFO - Filling up the DagBag from /opt/airflow/dags/etl_prueba.py
[2024-10-02T23:42:52.292+0000] {processor.py:840} INFO - DAG(s) 'process_employees' retrieved from /opt/airflow/dags/etl_prueba.py
[2024-10-02T23:42:52.346+0000] {logging_mixin.py:188} INFO - [2024-10-02T23:42:52.346+0000] {dag.py:3096} INFO - Sync 1 DAGs
[2024-10-02T23:42:52.400+0000] {logging_mixin.py:188} INFO - [2024-10-02T23:42:52.399+0000] {dag.py:3954} INFO - Setting next_dagrun for process_employees to 2024-10-02 00:00:00+00:00, run_after=2024-10-03 00:00:00+00:00
[2024-10-02T23:42:52.475+0000] {processor.py:183} INFO - Processing /opt/airflow/dags/etl_prueba.py took 0.242 seconds
[2024-10-02T23:43:22.719+0000] {processor.py:161} INFO - Started process (PID=789) to work on /opt/airflow/dags/etl_prueba.py
[2024-10-02T23:43:22.739+0000] {processor.py:830} INFO - Processing file /opt/airflow/dags/etl_prueba.py for tasks to queue
[2024-10-02T23:43:22.744+0000] {logging_mixin.py:188} INFO - [2024-10-02T23:43:22.743+0000] {dagbag.py:545} INFO - Filling up the DagBag from /opt/airflow/dags/etl_prueba.py
[2024-10-02T23:43:22.777+0000] {processor.py:840} INFO - DAG(s) 'process_employees' retrieved from /opt/airflow/dags/etl_prueba.py
[2024-10-02T23:43:22.850+0000] {logging_mixin.py:188} INFO - [2024-10-02T23:43:22.849+0000] {dag.py:3096} INFO - Sync 1 DAGs
[2024-10-02T23:43:22.901+0000] {logging_mixin.py:188} INFO - [2024-10-02T23:43:22.901+0000] {dag.py:3954} INFO - Setting next_dagrun for process_employees to 2024-10-02 00:00:00+00:00, run_after=2024-10-03 00:00:00+00:00
[2024-10-02T23:43:22.955+0000] {processor.py:183} INFO - Processing /opt/airflow/dags/etl_prueba.py took 0.253 seconds
[2024-10-02T23:43:53.195+0000] {processor.py:161} INFO - Started process (PID=800) to work on /opt/airflow/dags/etl_prueba.py
[2024-10-02T23:43:53.209+0000] {processor.py:830} INFO - Processing file /opt/airflow/dags/etl_prueba.py for tasks to queue
[2024-10-02T23:43:53.212+0000] {logging_mixin.py:188} INFO - [2024-10-02T23:43:53.211+0000] {dagbag.py:545} INFO - Filling up the DagBag from /opt/airflow/dags/etl_prueba.py
[2024-10-02T23:43:53.235+0000] {processor.py:840} INFO - DAG(s) 'process_employees' retrieved from /opt/airflow/dags/etl_prueba.py
[2024-10-02T23:43:53.296+0000] {logging_mixin.py:188} INFO - [2024-10-02T23:43:53.295+0000] {dag.py:3096} INFO - Sync 1 DAGs
[2024-10-02T23:43:53.347+0000] {logging_mixin.py:188} INFO - [2024-10-02T23:43:53.347+0000] {dag.py:3954} INFO - Setting next_dagrun for process_employees to 2024-10-02 00:00:00+00:00, run_after=2024-10-03 00:00:00+00:00
[2024-10-02T23:43:53.396+0000] {processor.py:183} INFO - Processing /opt/airflow/dags/etl_prueba.py took 0.213 seconds
[2024-10-02T23:44:23.628+0000] {processor.py:161} INFO - Started process (PID=811) to work on /opt/airflow/dags/etl_prueba.py
[2024-10-02T23:44:23.644+0000] {processor.py:830} INFO - Processing file /opt/airflow/dags/etl_prueba.py for tasks to queue
[2024-10-02T23:44:23.647+0000] {logging_mixin.py:188} INFO - [2024-10-02T23:44:23.646+0000] {dagbag.py:545} INFO - Filling up the DagBag from /opt/airflow/dags/etl_prueba.py
[2024-10-02T23:44:23.681+0000] {processor.py:840} INFO - DAG(s) 'process_employees' retrieved from /opt/airflow/dags/etl_prueba.py
[2024-10-02T23:44:23.779+0000] {logging_mixin.py:188} INFO - [2024-10-02T23:44:23.779+0000] {dag.py:3096} INFO - Sync 1 DAGs
[2024-10-02T23:44:23.875+0000] {logging_mixin.py:188} INFO - [2024-10-02T23:44:23.868+0000] {dag.py:3954} INFO - Setting next_dagrun for process_employees to 2024-10-02 00:00:00+00:00, run_after=2024-10-03 00:00:00+00:00
[2024-10-02T23:44:23.930+0000] {processor.py:183} INFO - Processing /opt/airflow/dags/etl_prueba.py took 0.314 seconds
[2024-10-02T23:44:54.173+0000] {processor.py:161} INFO - Started process (PID=822) to work on /opt/airflow/dags/etl_prueba.py
[2024-10-02T23:44:54.190+0000] {processor.py:830} INFO - Processing file /opt/airflow/dags/etl_prueba.py for tasks to queue
[2024-10-02T23:44:54.194+0000] {logging_mixin.py:188} INFO - [2024-10-02T23:44:54.193+0000] {dagbag.py:545} INFO - Filling up the DagBag from /opt/airflow/dags/etl_prueba.py
[2024-10-02T23:44:54.217+0000] {processor.py:840} INFO - DAG(s) 'process_employees' retrieved from /opt/airflow/dags/etl_prueba.py
[2024-10-02T23:44:54.271+0000] {logging_mixin.py:188} INFO - [2024-10-02T23:44:54.271+0000] {dag.py:3096} INFO - Sync 1 DAGs
[2024-10-02T23:44:54.322+0000] {logging_mixin.py:188} INFO - [2024-10-02T23:44:54.322+0000] {dag.py:3954} INFO - Setting next_dagrun for process_employees to 2024-10-02 00:00:00+00:00, run_after=2024-10-03 00:00:00+00:00
[2024-10-02T23:44:54.379+0000] {processor.py:183} INFO - Processing /opt/airflow/dags/etl_prueba.py took 0.220 seconds
[2024-10-02T23:45:24.685+0000] {processor.py:161} INFO - Started process (PID=832) to work on /opt/airflow/dags/etl_prueba.py
[2024-10-02T23:45:24.698+0000] {processor.py:830} INFO - Processing file /opt/airflow/dags/etl_prueba.py for tasks to queue
[2024-10-02T23:45:24.701+0000] {logging_mixin.py:188} INFO - [2024-10-02T23:45:24.701+0000] {dagbag.py:545} INFO - Filling up the DagBag from /opt/airflow/dags/etl_prueba.py
[2024-10-02T23:45:24.726+0000] {processor.py:840} INFO - DAG(s) 'process_employees' retrieved from /opt/airflow/dags/etl_prueba.py
[2024-10-02T23:45:24.781+0000] {logging_mixin.py:188} INFO - [2024-10-02T23:45:24.781+0000] {dag.py:3096} INFO - Sync 1 DAGs
[2024-10-02T23:45:24.835+0000] {logging_mixin.py:188} INFO - [2024-10-02T23:45:24.834+0000] {dag.py:3954} INFO - Setting next_dagrun for process_employees to 2024-10-02 00:00:00+00:00, run_after=2024-10-03 00:00:00+00:00
[2024-10-02T23:45:24.886+0000] {processor.py:183} INFO - Processing /opt/airflow/dags/etl_prueba.py took 0.216 seconds
[2024-10-02T23:45:55.122+0000] {processor.py:161} INFO - Started process (PID=844) to work on /opt/airflow/dags/etl_prueba.py
[2024-10-02T23:45:55.124+0000] {processor.py:830} INFO - Processing file /opt/airflow/dags/etl_prueba.py for tasks to queue
[2024-10-02T23:45:55.128+0000] {logging_mixin.py:188} INFO - [2024-10-02T23:45:55.127+0000] {dagbag.py:545} INFO - Filling up the DagBag from /opt/airflow/dags/etl_prueba.py
[2024-10-02T23:45:55.154+0000] {processor.py:840} INFO - DAG(s) 'process_employees' retrieved from /opt/airflow/dags/etl_prueba.py
[2024-10-02T23:45:55.210+0000] {logging_mixin.py:188} INFO - [2024-10-02T23:45:55.209+0000] {dag.py:3096} INFO - Sync 1 DAGs
[2024-10-02T23:45:55.268+0000] {logging_mixin.py:188} INFO - [2024-10-02T23:45:55.268+0000] {dag.py:3954} INFO - Setting next_dagrun for process_employees to 2024-10-02 00:00:00+00:00, run_after=2024-10-03 00:00:00+00:00
[2024-10-02T23:45:55.310+0000] {processor.py:183} INFO - Processing /opt/airflow/dags/etl_prueba.py took 0.203 seconds
[2024-10-02T23:46:25.544+0000] {processor.py:161} INFO - Started process (PID=855) to work on /opt/airflow/dags/etl_prueba.py
[2024-10-02T23:46:25.554+0000] {processor.py:830} INFO - Processing file /opt/airflow/dags/etl_prueba.py for tasks to queue
[2024-10-02T23:46:25.558+0000] {logging_mixin.py:188} INFO - [2024-10-02T23:46:25.557+0000] {dagbag.py:545} INFO - Filling up the DagBag from /opt/airflow/dags/etl_prueba.py
[2024-10-02T23:46:25.584+0000] {processor.py:840} INFO - DAG(s) 'process_employees' retrieved from /opt/airflow/dags/etl_prueba.py
[2024-10-02T23:46:25.640+0000] {logging_mixin.py:188} INFO - [2024-10-02T23:46:25.640+0000] {dag.py:3096} INFO - Sync 1 DAGs
[2024-10-02T23:46:25.692+0000] {logging_mixin.py:188} INFO - [2024-10-02T23:46:25.691+0000] {dag.py:3954} INFO - Setting next_dagrun for process_employees to 2024-10-02 00:00:00+00:00, run_after=2024-10-03 00:00:00+00:00
[2024-10-02T23:46:25.735+0000] {processor.py:183} INFO - Processing /opt/airflow/dags/etl_prueba.py took 0.204 seconds
[2024-10-02T23:46:55.968+0000] {processor.py:161} INFO - Started process (PID=865) to work on /opt/airflow/dags/etl_prueba.py
[2024-10-02T23:46:55.980+0000] {processor.py:830} INFO - Processing file /opt/airflow/dags/etl_prueba.py for tasks to queue
[2024-10-02T23:46:55.984+0000] {logging_mixin.py:188} INFO - [2024-10-02T23:46:55.983+0000] {dagbag.py:545} INFO - Filling up the DagBag from /opt/airflow/dags/etl_prueba.py
[2024-10-02T23:46:56.013+0000] {processor.py:840} INFO - DAG(s) 'process_employees' retrieved from /opt/airflow/dags/etl_prueba.py
[2024-10-02T23:46:56.068+0000] {logging_mixin.py:188} INFO - [2024-10-02T23:46:56.068+0000] {dag.py:3096} INFO - Sync 1 DAGs
[2024-10-02T23:46:56.120+0000] {logging_mixin.py:188} INFO - [2024-10-02T23:46:56.119+0000] {dag.py:3954} INFO - Setting next_dagrun for process_employees to 2024-10-02 00:00:00+00:00, run_after=2024-10-03 00:00:00+00:00
[2024-10-02T23:46:56.168+0000] {processor.py:183} INFO - Processing /opt/airflow/dags/etl_prueba.py took 0.214 seconds
[2024-10-02T23:47:26.399+0000] {processor.py:161} INFO - Started process (PID=875) to work on /opt/airflow/dags/etl_prueba.py
[2024-10-02T23:47:26.405+0000] {processor.py:830} INFO - Processing file /opt/airflow/dags/etl_prueba.py for tasks to queue
[2024-10-02T23:47:26.408+0000] {logging_mixin.py:188} INFO - [2024-10-02T23:47:26.407+0000] {dagbag.py:545} INFO - Filling up the DagBag from /opt/airflow/dags/etl_prueba.py
[2024-10-02T23:47:26.430+0000] {processor.py:840} INFO - DAG(s) 'process_employees' retrieved from /opt/airflow/dags/etl_prueba.py
[2024-10-02T23:47:26.485+0000] {logging_mixin.py:188} INFO - [2024-10-02T23:47:26.485+0000] {dag.py:3096} INFO - Sync 1 DAGs
[2024-10-02T23:47:26.536+0000] {logging_mixin.py:188} INFO - [2024-10-02T23:47:26.536+0000] {dag.py:3954} INFO - Setting next_dagrun for process_employees to 2024-10-02 00:00:00+00:00, run_after=2024-10-03 00:00:00+00:00
[2024-10-02T23:47:26.587+0000] {processor.py:183} INFO - Processing /opt/airflow/dags/etl_prueba.py took 0.200 seconds
[2024-10-02T23:47:56.836+0000] {processor.py:161} INFO - Started process (PID=887) to work on /opt/airflow/dags/etl_prueba.py
[2024-10-02T23:47:56.850+0000] {processor.py:830} INFO - Processing file /opt/airflow/dags/etl_prueba.py for tasks to queue
[2024-10-02T23:47:56.855+0000] {logging_mixin.py:188} INFO - [2024-10-02T23:47:56.852+0000] {dagbag.py:545} INFO - Filling up the DagBag from /opt/airflow/dags/etl_prueba.py
[2024-10-02T23:47:56.895+0000] {processor.py:840} INFO - DAG(s) 'process_employees' retrieved from /opt/airflow/dags/etl_prueba.py
[2024-10-02T23:47:56.951+0000] {logging_mixin.py:188} INFO - [2024-10-02T23:47:56.951+0000] {dag.py:3096} INFO - Sync 1 DAGs
[2024-10-02T23:47:57.003+0000] {logging_mixin.py:188} INFO - [2024-10-02T23:47:57.003+0000] {dag.py:3954} INFO - Setting next_dagrun for process_employees to 2024-10-02 00:00:00+00:00, run_after=2024-10-03 00:00:00+00:00
[2024-10-02T23:47:57.048+0000] {processor.py:183} INFO - Processing /opt/airflow/dags/etl_prueba.py took 0.235 seconds
[2024-10-02T23:48:27.295+0000] {processor.py:161} INFO - Started process (PID=899) to work on /opt/airflow/dags/etl_prueba.py
[2024-10-02T23:48:27.300+0000] {processor.py:830} INFO - Processing file /opt/airflow/dags/etl_prueba.py for tasks to queue
[2024-10-02T23:48:27.304+0000] {logging_mixin.py:188} INFO - [2024-10-02T23:48:27.303+0000] {dagbag.py:545} INFO - Filling up the DagBag from /opt/airflow/dags/etl_prueba.py
[2024-10-02T23:48:27.327+0000] {processor.py:840} INFO - DAG(s) 'process_employees' retrieved from /opt/airflow/dags/etl_prueba.py
[2024-10-02T23:48:27.382+0000] {logging_mixin.py:188} INFO - [2024-10-02T23:48:27.381+0000] {dag.py:3096} INFO - Sync 1 DAGs
[2024-10-02T23:48:27.435+0000] {logging_mixin.py:188} INFO - [2024-10-02T23:48:27.435+0000] {dag.py:3954} INFO - Setting next_dagrun for process_employees to 2024-10-02 00:00:00+00:00, run_after=2024-10-03 00:00:00+00:00
[2024-10-02T23:48:27.477+0000] {processor.py:183} INFO - Processing /opt/airflow/dags/etl_prueba.py took 0.196 seconds
[2024-10-02T23:48:57.714+0000] {processor.py:161} INFO - Started process (PID=910) to work on /opt/airflow/dags/etl_prueba.py
[2024-10-02T23:48:57.733+0000] {processor.py:830} INFO - Processing file /opt/airflow/dags/etl_prueba.py for tasks to queue
[2024-10-02T23:48:57.737+0000] {logging_mixin.py:188} INFO - [2024-10-02T23:48:57.736+0000] {dagbag.py:545} INFO - Filling up the DagBag from /opt/airflow/dags/etl_prueba.py
[2024-10-02T23:48:57.760+0000] {processor.py:840} INFO - DAG(s) 'process_employees' retrieved from /opt/airflow/dags/etl_prueba.py
[2024-10-02T23:48:57.816+0000] {logging_mixin.py:188} INFO - [2024-10-02T23:48:57.815+0000] {dag.py:3096} INFO - Sync 1 DAGs
[2024-10-02T23:48:57.869+0000] {logging_mixin.py:188} INFO - [2024-10-02T23:48:57.868+0000] {dag.py:3954} INFO - Setting next_dagrun for process_employees to 2024-10-02 00:00:00+00:00, run_after=2024-10-03 00:00:00+00:00
[2024-10-02T23:48:57.918+0000] {processor.py:183} INFO - Processing /opt/airflow/dags/etl_prueba.py took 0.216 seconds
[2024-10-02T23:49:28.154+0000] {processor.py:161} INFO - Started process (PID=920) to work on /opt/airflow/dags/etl_prueba.py
[2024-10-02T23:49:28.167+0000] {processor.py:830} INFO - Processing file /opt/airflow/dags/etl_prueba.py for tasks to queue
[2024-10-02T23:49:28.170+0000] {logging_mixin.py:188} INFO - [2024-10-02T23:49:28.169+0000] {dagbag.py:545} INFO - Filling up the DagBag from /opt/airflow/dags/etl_prueba.py
[2024-10-02T23:49:28.193+0000] {processor.py:840} INFO - DAG(s) 'process_employees' retrieved from /opt/airflow/dags/etl_prueba.py
[2024-10-02T23:49:28.259+0000] {logging_mixin.py:188} INFO - [2024-10-02T23:49:28.259+0000] {dag.py:3096} INFO - Sync 1 DAGs
[2024-10-02T23:49:28.314+0000] {logging_mixin.py:188} INFO - [2024-10-02T23:49:28.314+0000] {dag.py:3954} INFO - Setting next_dagrun for process_employees to 2024-10-02 00:00:00+00:00, run_after=2024-10-03 00:00:00+00:00
[2024-10-02T23:49:28.363+0000] {processor.py:183} INFO - Processing /opt/airflow/dags/etl_prueba.py took 0.220 seconds
[2024-10-02T23:49:58.602+0000] {processor.py:161} INFO - Started process (PID=930) to work on /opt/airflow/dags/etl_prueba.py
[2024-10-02T23:49:58.608+0000] {processor.py:830} INFO - Processing file /opt/airflow/dags/etl_prueba.py for tasks to queue
[2024-10-02T23:49:58.612+0000] {logging_mixin.py:188} INFO - [2024-10-02T23:49:58.611+0000] {dagbag.py:545} INFO - Filling up the DagBag from /opt/airflow/dags/etl_prueba.py
[2024-10-02T23:49:58.640+0000] {processor.py:840} INFO - DAG(s) 'process_employees' retrieved from /opt/airflow/dags/etl_prueba.py
[2024-10-02T23:49:58.695+0000] {logging_mixin.py:188} INFO - [2024-10-02T23:49:58.695+0000] {dag.py:3096} INFO - Sync 1 DAGs
[2024-10-02T23:49:58.747+0000] {logging_mixin.py:188} INFO - [2024-10-02T23:49:58.746+0000] {dag.py:3954} INFO - Setting next_dagrun for process_employees to 2024-10-02 00:00:00+00:00, run_after=2024-10-03 00:00:00+00:00
[2024-10-02T23:49:58.794+0000] {processor.py:183} INFO - Processing /opt/airflow/dags/etl_prueba.py took 0.206 seconds
[2024-10-02T23:50:28.886+0000] {processor.py:161} INFO - Started process (PID=941) to work on /opt/airflow/dags/etl_prueba.py
[2024-10-02T23:50:28.891+0000] {processor.py:830} INFO - Processing file /opt/airflow/dags/etl_prueba.py for tasks to queue
[2024-10-02T23:50:28.895+0000] {logging_mixin.py:188} INFO - [2024-10-02T23:50:28.894+0000] {dagbag.py:545} INFO - Filling up the DagBag from /opt/airflow/dags/etl_prueba.py
[2024-10-02T23:50:28.918+0000] {processor.py:840} INFO - DAG(s) 'process_employees' retrieved from /opt/airflow/dags/etl_prueba.py
[2024-10-02T23:50:28.972+0000] {logging_mixin.py:188} INFO - [2024-10-02T23:50:28.972+0000] {dag.py:3096} INFO - Sync 1 DAGs
[2024-10-02T23:50:29.025+0000] {logging_mixin.py:188} INFO - [2024-10-02T23:50:29.024+0000] {dag.py:3954} INFO - Setting next_dagrun for process_employees to 2024-10-02 00:00:00+00:00, run_after=2024-10-03 00:00:00+00:00
[2024-10-02T23:50:29.069+0000] {processor.py:183} INFO - Processing /opt/airflow/dags/etl_prueba.py took 0.195 seconds
[2024-10-02T23:50:59.235+0000] {processor.py:161} INFO - Started process (PID=951) to work on /opt/airflow/dags/etl_prueba.py
[2024-10-02T23:50:59.241+0000] {processor.py:830} INFO - Processing file /opt/airflow/dags/etl_prueba.py for tasks to queue
[2024-10-02T23:50:59.246+0000] {logging_mixin.py:188} INFO - [2024-10-02T23:50:59.245+0000] {dagbag.py:545} INFO - Filling up the DagBag from /opt/airflow/dags/etl_prueba.py
[2024-10-02T23:50:59.274+0000] {processor.py:840} INFO - DAG(s) 'process_employees' retrieved from /opt/airflow/dags/etl_prueba.py
[2024-10-02T23:50:59.328+0000] {logging_mixin.py:188} INFO - [2024-10-02T23:50:59.327+0000] {dag.py:3096} INFO - Sync 1 DAGs
[2024-10-02T23:50:59.379+0000] {logging_mixin.py:188} INFO - [2024-10-02T23:50:59.378+0000] {dag.py:3954} INFO - Setting next_dagrun for process_employees to 2024-10-02 00:00:00+00:00, run_after=2024-10-03 00:00:00+00:00
[2024-10-02T23:50:59.427+0000] {processor.py:183} INFO - Processing /opt/airflow/dags/etl_prueba.py took 0.207 seconds
[2024-10-02T23:51:29.517+0000] {processor.py:161} INFO - Started process (PID=962) to work on /opt/airflow/dags/etl_prueba.py
[2024-10-02T23:51:29.533+0000] {processor.py:830} INFO - Processing file /opt/airflow/dags/etl_prueba.py for tasks to queue
[2024-10-02T23:51:29.536+0000] {logging_mixin.py:188} INFO - [2024-10-02T23:51:29.535+0000] {dagbag.py:545} INFO - Filling up the DagBag from /opt/airflow/dags/etl_prueba.py
[2024-10-02T23:51:29.559+0000] {processor.py:840} INFO - DAG(s) 'process_employees' retrieved from /opt/airflow/dags/etl_prueba.py
[2024-10-02T23:51:29.617+0000] {logging_mixin.py:188} INFO - [2024-10-02T23:51:29.616+0000] {dag.py:3096} INFO - Sync 1 DAGs
[2024-10-02T23:51:29.677+0000] {logging_mixin.py:188} INFO - [2024-10-02T23:51:29.677+0000] {dag.py:3954} INFO - Setting next_dagrun for process_employees to 2024-10-02 00:00:00+00:00, run_after=2024-10-03 00:00:00+00:00
[2024-10-02T23:51:29.727+0000] {processor.py:183} INFO - Processing /opt/airflow/dags/etl_prueba.py took 0.222 seconds
[2024-10-02T23:51:59.882+0000] {processor.py:161} INFO - Started process (PID=973) to work on /opt/airflow/dags/etl_prueba.py
[2024-10-02T23:51:59.891+0000] {processor.py:830} INFO - Processing file /opt/airflow/dags/etl_prueba.py for tasks to queue
[2024-10-02T23:51:59.895+0000] {logging_mixin.py:188} INFO - [2024-10-02T23:51:59.894+0000] {dagbag.py:545} INFO - Filling up the DagBag from /opt/airflow/dags/etl_prueba.py
[2024-10-02T23:51:59.919+0000] {processor.py:840} INFO - DAG(s) 'process_employees' retrieved from /opt/airflow/dags/etl_prueba.py
[2024-10-02T23:51:59.976+0000] {logging_mixin.py:188} INFO - [2024-10-02T23:51:59.975+0000] {dag.py:3096} INFO - Sync 1 DAGs
[2024-10-02T23:52:00.028+0000] {logging_mixin.py:188} INFO - [2024-10-02T23:52:00.027+0000] {dag.py:3954} INFO - Setting next_dagrun for process_employees to 2024-10-02 00:00:00+00:00, run_after=2024-10-03 00:00:00+00:00
[2024-10-02T23:52:00.076+0000] {processor.py:183} INFO - Processing /opt/airflow/dags/etl_prueba.py took 0.206 seconds
[2024-10-02T23:52:30.200+0000] {processor.py:161} INFO - Started process (PID=984) to work on /opt/airflow/dags/etl_prueba.py
[2024-10-02T23:52:30.216+0000] {processor.py:830} INFO - Processing file /opt/airflow/dags/etl_prueba.py for tasks to queue
[2024-10-02T23:52:30.219+0000] {logging_mixin.py:188} INFO - [2024-10-02T23:52:30.218+0000] {dagbag.py:545} INFO - Filling up the DagBag from /opt/airflow/dags/etl_prueba.py
[2024-10-02T23:52:30.241+0000] {processor.py:840} INFO - DAG(s) 'process_employees' retrieved from /opt/airflow/dags/etl_prueba.py
[2024-10-02T23:52:30.298+0000] {logging_mixin.py:188} INFO - [2024-10-02T23:52:30.298+0000] {dag.py:3096} INFO - Sync 1 DAGs
[2024-10-02T23:52:30.356+0000] {logging_mixin.py:188} INFO - [2024-10-02T23:52:30.356+0000] {dag.py:3954} INFO - Setting next_dagrun for process_employees to 2024-10-02 00:00:00+00:00, run_after=2024-10-03 00:00:00+00:00
[2024-10-02T23:52:30.402+0000] {processor.py:183} INFO - Processing /opt/airflow/dags/etl_prueba.py took 0.215 seconds
[2024-10-02T23:53:00.498+0000] {processor.py:161} INFO - Started process (PID=995) to work on /opt/airflow/dags/etl_prueba.py
[2024-10-02T23:53:00.507+0000] {processor.py:830} INFO - Processing file /opt/airflow/dags/etl_prueba.py for tasks to queue
[2024-10-02T23:53:00.511+0000] {logging_mixin.py:188} INFO - [2024-10-02T23:53:00.510+0000] {dagbag.py:545} INFO - Filling up the DagBag from /opt/airflow/dags/etl_prueba.py
[2024-10-02T23:53:00.546+0000] {processor.py:840} INFO - DAG(s) 'process_employees' retrieved from /opt/airflow/dags/etl_prueba.py
[2024-10-02T23:53:00.603+0000] {logging_mixin.py:188} INFO - [2024-10-02T23:53:00.603+0000] {dag.py:3096} INFO - Sync 1 DAGs
[2024-10-02T23:53:00.654+0000] {logging_mixin.py:188} INFO - [2024-10-02T23:53:00.654+0000] {dag.py:3954} INFO - Setting next_dagrun for process_employees to 2024-10-02 00:00:00+00:00, run_after=2024-10-03 00:00:00+00:00
[2024-10-02T23:53:00.701+0000] {processor.py:183} INFO - Processing /opt/airflow/dags/etl_prueba.py took 0.214 seconds
[2024-10-02T23:53:30.838+0000] {processor.py:161} INFO - Started process (PID=1006) to work on /opt/airflow/dags/etl_prueba.py
[2024-10-02T23:53:30.849+0000] {processor.py:830} INFO - Processing file /opt/airflow/dags/etl_prueba.py for tasks to queue
[2024-10-02T23:53:30.854+0000] {logging_mixin.py:188} INFO - [2024-10-02T23:53:30.853+0000] {dagbag.py:545} INFO - Filling up the DagBag from /opt/airflow/dags/etl_prueba.py
[2024-10-02T23:53:30.892+0000] {processor.py:840} INFO - DAG(s) 'process_employees' retrieved from /opt/airflow/dags/etl_prueba.py
[2024-10-02T23:53:30.946+0000] {logging_mixin.py:188} INFO - [2024-10-02T23:53:30.945+0000] {dag.py:3096} INFO - Sync 1 DAGs
[2024-10-02T23:53:30.996+0000] {logging_mixin.py:188} INFO - [2024-10-02T23:53:30.996+0000] {dag.py:3954} INFO - Setting next_dagrun for process_employees to 2024-10-02 00:00:00+00:00, run_after=2024-10-03 00:00:00+00:00
[2024-10-02T23:53:31.045+0000] {processor.py:183} INFO - Processing /opt/airflow/dags/etl_prueba.py took 0.221 seconds
[2024-10-02T23:54:01.135+0000] {processor.py:161} INFO - Started process (PID=1017) to work on /opt/airflow/dags/etl_prueba.py
[2024-10-02T23:54:01.148+0000] {processor.py:830} INFO - Processing file /opt/airflow/dags/etl_prueba.py for tasks to queue
[2024-10-02T23:54:01.152+0000] {logging_mixin.py:188} INFO - [2024-10-02T23:54:01.151+0000] {dagbag.py:545} INFO - Filling up the DagBag from /opt/airflow/dags/etl_prueba.py
[2024-10-02T23:54:01.175+0000] {processor.py:840} INFO - DAG(s) 'process_employees' retrieved from /opt/airflow/dags/etl_prueba.py
[2024-10-02T23:54:01.244+0000] {logging_mixin.py:188} INFO - [2024-10-02T23:54:01.244+0000] {dag.py:3096} INFO - Sync 1 DAGs
[2024-10-02T23:54:01.296+0000] {logging_mixin.py:188} INFO - [2024-10-02T23:54:01.295+0000] {dag.py:3954} INFO - Setting next_dagrun for process_employees to 2024-10-02 00:00:00+00:00, run_after=2024-10-03 00:00:00+00:00
[2024-10-02T23:54:01.342+0000] {processor.py:183} INFO - Processing /opt/airflow/dags/etl_prueba.py took 0.221 seconds
[2024-10-02T23:54:31.520+0000] {processor.py:161} INFO - Started process (PID=1028) to work on /opt/airflow/dags/etl_prueba.py
[2024-10-02T23:54:31.531+0000] {processor.py:830} INFO - Processing file /opt/airflow/dags/etl_prueba.py for tasks to queue
[2024-10-02T23:54:31.542+0000] {logging_mixin.py:188} INFO - [2024-10-02T23:54:31.541+0000] {dagbag.py:545} INFO - Filling up the DagBag from /opt/airflow/dags/etl_prueba.py
[2024-10-02T23:54:31.563+0000] {processor.py:840} INFO - DAG(s) 'process_employees' retrieved from /opt/airflow/dags/etl_prueba.py
[2024-10-02T23:54:31.657+0000] {logging_mixin.py:188} INFO - [2024-10-02T23:54:31.657+0000] {dag.py:3096} INFO - Sync 1 DAGs
[2024-10-02T23:54:31.715+0000] {logging_mixin.py:188} INFO - [2024-10-02T23:54:31.715+0000] {dag.py:3954} INFO - Setting next_dagrun for process_employees to 2024-10-02 00:00:00+00:00, run_after=2024-10-03 00:00:00+00:00
[2024-10-02T23:54:31.759+0000] {processor.py:183} INFO - Processing /opt/airflow/dags/etl_prueba.py took 0.268 seconds
[2024-10-02T23:55:01.821+0000] {processor.py:161} INFO - Started process (PID=1039) to work on /opt/airflow/dags/etl_prueba.py
[2024-10-02T23:55:01.822+0000] {processor.py:830} INFO - Processing file /opt/airflow/dags/etl_prueba.py for tasks to queue
[2024-10-02T23:55:01.825+0000] {logging_mixin.py:188} INFO - [2024-10-02T23:55:01.824+0000] {dagbag.py:545} INFO - Filling up the DagBag from /opt/airflow/dags/etl_prueba.py
[2024-10-02T23:55:01.848+0000] {processor.py:840} INFO - DAG(s) 'process_employees' retrieved from /opt/airflow/dags/etl_prueba.py
[2024-10-02T23:55:01.904+0000] {logging_mixin.py:188} INFO - [2024-10-02T23:55:01.904+0000] {dag.py:3096} INFO - Sync 1 DAGs
[2024-10-02T23:55:01.961+0000] {logging_mixin.py:188} INFO - [2024-10-02T23:55:01.961+0000] {dag.py:3954} INFO - Setting next_dagrun for process_employees to 2024-10-02 00:00:00+00:00, run_after=2024-10-03 00:00:00+00:00
[2024-10-02T23:55:02.021+0000] {processor.py:183} INFO - Processing /opt/airflow/dags/etl_prueba.py took 0.211 seconds
[2024-10-02T23:55:32.212+0000] {processor.py:161} INFO - Started process (PID=1049) to work on /opt/airflow/dags/etl_prueba.py
[2024-10-02T23:55:32.222+0000] {processor.py:830} INFO - Processing file /opt/airflow/dags/etl_prueba.py for tasks to queue
[2024-10-02T23:55:32.226+0000] {logging_mixin.py:188} INFO - [2024-10-02T23:55:32.225+0000] {dagbag.py:545} INFO - Filling up the DagBag from /opt/airflow/dags/etl_prueba.py
[2024-10-02T23:55:32.250+0000] {processor.py:840} INFO - DAG(s) 'process_employees' retrieved from /opt/airflow/dags/etl_prueba.py
[2024-10-02T23:55:32.304+0000] {logging_mixin.py:188} INFO - [2024-10-02T23:55:32.303+0000] {dag.py:3096} INFO - Sync 1 DAGs
[2024-10-02T23:55:32.359+0000] {logging_mixin.py:188} INFO - [2024-10-02T23:55:32.358+0000] {dag.py:3954} INFO - Setting next_dagrun for process_employees to 2024-10-02 00:00:00+00:00, run_after=2024-10-03 00:00:00+00:00
[2024-10-02T23:55:32.411+0000] {processor.py:183} INFO - Processing /opt/airflow/dags/etl_prueba.py took 0.215 seconds
[2024-10-02T23:56:02.645+0000] {processor.py:161} INFO - Started process (PID=1060) to work on /opt/airflow/dags/etl_prueba.py
[2024-10-02T23:56:02.646+0000] {processor.py:830} INFO - Processing file /opt/airflow/dags/etl_prueba.py for tasks to queue
[2024-10-02T23:56:02.649+0000] {logging_mixin.py:188} INFO - [2024-10-02T23:56:02.649+0000] {dagbag.py:545} INFO - Filling up the DagBag from /opt/airflow/dags/etl_prueba.py
[2024-10-02T23:56:02.671+0000] {processor.py:840} INFO - DAG(s) 'process_employees' retrieved from /opt/airflow/dags/etl_prueba.py
[2024-10-02T23:56:02.745+0000] {logging_mixin.py:188} INFO - [2024-10-02T23:56:02.744+0000] {dag.py:3096} INFO - Sync 1 DAGs
[2024-10-02T23:56:02.804+0000] {logging_mixin.py:188} INFO - [2024-10-02T23:56:02.803+0000] {dag.py:3954} INFO - Setting next_dagrun for process_employees to 2024-10-02 00:00:00+00:00, run_after=2024-10-03 00:00:00+00:00
[2024-10-02T23:56:02.842+0000] {processor.py:183} INFO - Processing /opt/airflow/dags/etl_prueba.py took 0.209 seconds
[2024-10-02T23:56:32.919+0000] {processor.py:161} INFO - Started process (PID=1071) to work on /opt/airflow/dags/etl_prueba.py
[2024-10-02T23:56:32.930+0000] {processor.py:830} INFO - Processing file /opt/airflow/dags/etl_prueba.py for tasks to queue
[2024-10-02T23:56:32.933+0000] {logging_mixin.py:188} INFO - [2024-10-02T23:56:32.933+0000] {dagbag.py:545} INFO - Filling up the DagBag from /opt/airflow/dags/etl_prueba.py
[2024-10-02T23:56:32.957+0000] {processor.py:840} INFO - DAG(s) 'process_employees' retrieved from /opt/airflow/dags/etl_prueba.py
[2024-10-02T23:56:33.011+0000] {logging_mixin.py:188} INFO - [2024-10-02T23:56:33.011+0000] {dag.py:3096} INFO - Sync 1 DAGs
[2024-10-02T23:56:33.077+0000] {logging_mixin.py:188} INFO - [2024-10-02T23:56:33.077+0000] {dag.py:3954} INFO - Setting next_dagrun for process_employees to 2024-10-02 00:00:00+00:00, run_after=2024-10-03 00:00:00+00:00
[2024-10-02T23:56:33.125+0000] {processor.py:183} INFO - Processing /opt/airflow/dags/etl_prueba.py took 0.218 seconds
[2024-10-02T23:57:03.296+0000] {processor.py:161} INFO - Started process (PID=1081) to work on /opt/airflow/dags/etl_prueba.py
[2024-10-02T23:57:03.297+0000] {processor.py:830} INFO - Processing file /opt/airflow/dags/etl_prueba.py for tasks to queue
[2024-10-02T23:57:03.300+0000] {logging_mixin.py:188} INFO - [2024-10-02T23:57:03.300+0000] {dagbag.py:545} INFO - Filling up the DagBag from /opt/airflow/dags/etl_prueba.py
[2024-10-02T23:57:03.324+0000] {processor.py:840} INFO - DAG(s) 'process_employees' retrieved from /opt/airflow/dags/etl_prueba.py
[2024-10-02T23:57:03.378+0000] {logging_mixin.py:188} INFO - [2024-10-02T23:57:03.377+0000] {dag.py:3096} INFO - Sync 1 DAGs
[2024-10-02T23:57:03.429+0000] {logging_mixin.py:188} INFO - [2024-10-02T23:57:03.428+0000] {dag.py:3954} INFO - Setting next_dagrun for process_employees to 2024-10-02 00:00:00+00:00, run_after=2024-10-03 00:00:00+00:00
[2024-10-02T23:57:03.475+0000] {processor.py:183} INFO - Processing /opt/airflow/dags/etl_prueba.py took 0.192 seconds
[2024-10-02T23:57:33.559+0000] {processor.py:161} INFO - Started process (PID=1092) to work on /opt/airflow/dags/etl_prueba.py
[2024-10-02T23:57:33.571+0000] {processor.py:830} INFO - Processing file /opt/airflow/dags/etl_prueba.py for tasks to queue
[2024-10-02T23:57:33.575+0000] {logging_mixin.py:188} INFO - [2024-10-02T23:57:33.574+0000] {dagbag.py:545} INFO - Filling up the DagBag from /opt/airflow/dags/etl_prueba.py
[2024-10-02T23:57:33.604+0000] {processor.py:840} INFO - DAG(s) 'process_employees' retrieved from /opt/airflow/dags/etl_prueba.py
[2024-10-02T23:57:33.660+0000] {logging_mixin.py:188} INFO - [2024-10-02T23:57:33.659+0000] {dag.py:3096} INFO - Sync 1 DAGs
[2024-10-02T23:57:33.715+0000] {logging_mixin.py:188} INFO - [2024-10-02T23:57:33.714+0000] {dag.py:3954} INFO - Setting next_dagrun for process_employees to 2024-10-02 00:00:00+00:00, run_after=2024-10-03 00:00:00+00:00
[2024-10-02T23:57:33.757+0000] {processor.py:183} INFO - Processing /opt/airflow/dags/etl_prueba.py took 0.213 seconds
[2024-10-02T23:58:03.909+0000] {processor.py:161} INFO - Started process (PID=1102) to work on /opt/airflow/dags/etl_prueba.py
[2024-10-02T23:58:03.919+0000] {processor.py:830} INFO - Processing file /opt/airflow/dags/etl_prueba.py for tasks to queue
[2024-10-02T23:58:03.922+0000] {logging_mixin.py:188} INFO - [2024-10-02T23:58:03.922+0000] {dagbag.py:545} INFO - Filling up the DagBag from /opt/airflow/dags/etl_prueba.py
[2024-10-02T23:58:03.945+0000] {processor.py:840} INFO - DAG(s) 'process_employees' retrieved from /opt/airflow/dags/etl_prueba.py
[2024-10-02T23:58:04.025+0000] {logging_mixin.py:188} INFO - [2024-10-02T23:58:04.024+0000] {dag.py:3096} INFO - Sync 1 DAGs
[2024-10-02T23:58:04.084+0000] {logging_mixin.py:188} INFO - [2024-10-02T23:58:04.083+0000] {dag.py:3954} INFO - Setting next_dagrun for process_employees to 2024-10-02 00:00:00+00:00, run_after=2024-10-03 00:00:00+00:00
[2024-10-02T23:58:04.136+0000] {processor.py:183} INFO - Processing /opt/airflow/dags/etl_prueba.py took 0.238 seconds
[2024-10-02T23:58:34.211+0000] {processor.py:161} INFO - Started process (PID=1113) to work on /opt/airflow/dags/etl_prueba.py
[2024-10-02T23:58:34.227+0000] {processor.py:830} INFO - Processing file /opt/airflow/dags/etl_prueba.py for tasks to queue
[2024-10-02T23:58:34.231+0000] {logging_mixin.py:188} INFO - [2024-10-02T23:58:34.230+0000] {dagbag.py:545} INFO - Filling up the DagBag from /opt/airflow/dags/etl_prueba.py
[2024-10-02T23:58:34.256+0000] {processor.py:840} INFO - DAG(s) 'process_employees' retrieved from /opt/airflow/dags/etl_prueba.py
[2024-10-02T23:58:34.311+0000] {logging_mixin.py:188} INFO - [2024-10-02T23:58:34.311+0000] {dag.py:3096} INFO - Sync 1 DAGs
[2024-10-02T23:58:34.372+0000] {logging_mixin.py:188} INFO - [2024-10-02T23:58:34.372+0000] {dag.py:3954} INFO - Setting next_dagrun for process_employees to 2024-10-02 00:00:00+00:00, run_after=2024-10-03 00:00:00+00:00
[2024-10-02T23:58:34.415+0000] {processor.py:183} INFO - Processing /opt/airflow/dags/etl_prueba.py took 0.218 seconds
[2024-10-02T23:59:04.590+0000] {processor.py:161} INFO - Started process (PID=1124) to work on /opt/airflow/dags/etl_prueba.py
[2024-10-02T23:59:04.602+0000] {processor.py:830} INFO - Processing file /opt/airflow/dags/etl_prueba.py for tasks to queue
[2024-10-02T23:59:04.607+0000] {logging_mixin.py:188} INFO - [2024-10-02T23:59:04.606+0000] {dagbag.py:545} INFO - Filling up the DagBag from /opt/airflow/dags/etl_prueba.py
[2024-10-02T23:59:04.634+0000] {processor.py:840} INFO - DAG(s) 'process_employees' retrieved from /opt/airflow/dags/etl_prueba.py
[2024-10-02T23:59:04.688+0000] {logging_mixin.py:188} INFO - [2024-10-02T23:59:04.688+0000] {dag.py:3096} INFO - Sync 1 DAGs
[2024-10-02T23:59:04.740+0000] {logging_mixin.py:188} INFO - [2024-10-02T23:59:04.739+0000] {dag.py:3954} INFO - Setting next_dagrun for process_employees to 2024-10-02 00:00:00+00:00, run_after=2024-10-03 00:00:00+00:00
[2024-10-02T23:59:04.782+0000] {processor.py:183} INFO - Processing /opt/airflow/dags/etl_prueba.py took 0.205 seconds
[2024-10-02T23:59:34.851+0000] {processor.py:161} INFO - Started process (PID=1134) to work on /opt/airflow/dags/etl_prueba.py
[2024-10-02T23:59:34.860+0000] {processor.py:830} INFO - Processing file /opt/airflow/dags/etl_prueba.py for tasks to queue
[2024-10-02T23:59:34.863+0000] {logging_mixin.py:188} INFO - [2024-10-02T23:59:34.863+0000] {dagbag.py:545} INFO - Filling up the DagBag from /opt/airflow/dags/etl_prueba.py
[2024-10-02T23:59:34.885+0000] {processor.py:840} INFO - DAG(s) 'process_employees' retrieved from /opt/airflow/dags/etl_prueba.py
[2024-10-02T23:59:34.955+0000] {logging_mixin.py:188} INFO - [2024-10-02T23:59:34.954+0000] {dag.py:3096} INFO - Sync 1 DAGs
[2024-10-02T23:59:35.009+0000] {logging_mixin.py:188} INFO - [2024-10-02T23:59:35.009+0000] {dag.py:3954} INFO - Setting next_dagrun for process_employees to 2024-10-02 00:00:00+00:00, run_after=2024-10-03 00:00:00+00:00
[2024-10-02T23:59:35.138+0000] {processor.py:183} INFO - Processing /opt/airflow/dags/etl_prueba.py took 0.299 seconds
