[2024-10-11T12:34:11.184+0000] {local_task_job_runner.py:120} INFO - ::group::Pre task execution logs
[2024-10-11T12:34:11.907+0000] {taskinstance.py:2076} INFO - Dependencies all met for dep_context=non-requeueable deps ti=<TaskInstance: process_employees.create_reservas_temp_table scheduled__2024-10-10T00:00:00+00:00 [queued]>
[2024-10-11T12:34:12.120+0000] {taskinstance.py:2076} INFO - Dependencies all met for dep_context=requeueable deps ti=<TaskInstance: process_employees.create_reservas_temp_table scheduled__2024-10-10T00:00:00+00:00 [queued]>
[2024-10-11T12:34:12.121+0000] {taskinstance.py:2306} INFO - Starting attempt 1 of 1
[2024-10-11T12:34:15.097+0000] {taskinstance.py:2330} INFO - Executing <Task(PostgresOperator): create_reservas_temp_table> on 2024-10-10 00:00:00+00:00
[2024-10-11T12:34:15.305+0000] {standard_task_runner.py:90} INFO - Running: ['***', 'tasks', 'run', 'process_employees', 'create_reservas_temp_table', 'scheduled__2024-10-10T00:00:00+00:00', '--job-id', '284', '--raw', '--subdir', 'DAGS_FOLDER/etl_prueba.py', '--cfg-path', '/tmp/tmpbpxir1x_']
[2024-10-11T12:34:15.361+0000] {standard_task_runner.py:91} INFO - Job 284: Subtask create_reservas_temp_table
[2024-10-11T12:34:15.475+0000] {logging_mixin.py:188} WARNING - /home/***/.local/lib/python3.12/site-packages/***/task/task_runner/standard_task_runner.py:61 DeprecationWarning: This process (pid=185) is multi-threaded, use of fork() may lead to deadlocks in the child.
[2024-10-11T12:34:15.501+0000] {standard_task_runner.py:63} INFO - Started process 193 to run task
[2024-10-11T12:34:16.083+0000] {task_command.py:426} INFO - Running <TaskInstance: process_employees.create_reservas_temp_table scheduled__2024-10-10T00:00:00+00:00 [running]> on host 5e909a8df6c4
[2024-10-11T12:34:17.812+0000] {taskinstance.py:2648} INFO - Exporting env vars: AIRFLOW_CTX_DAG_OWNER='***' AIRFLOW_CTX_DAG_ID='process_employees' AIRFLOW_CTX_TASK_ID='create_reservas_temp_table' AIRFLOW_CTX_EXECUTION_DATE='2024-10-10T00:00:00+00:00' AIRFLOW_CTX_TRY_NUMBER='1' AIRFLOW_CTX_DAG_RUN_ID='scheduled__2024-10-10T00:00:00+00:00'
[2024-10-11T12:34:17.824+0000] {taskinstance.py:430} INFO - ::endgroup::
[2024-10-11T12:34:17.825+0000] {sql.py:276} INFO - Executing: 
            DROP TABLE IF EXISTS reservas_temp;
            CREATE TABLE reservas_temp (
                "idVariable" NUMERIC,
                "fecha" Date,
                "valor" float
            );
[2024-10-11T12:34:17.985+0000] {base.py:84} INFO - Using connection ID 'postgres' for task execution.
[2024-10-11T12:34:18.302+0000] {base.py:84} INFO - Using connection ID 'postgres' for task execution.
[2024-10-11T12:34:18.872+0000] {sql.py:470} INFO - Running statement: 
            DROP TABLE IF EXISTS reservas_temp;
            CREATE TABLE reservas_temp (
                "idVariable" NUMERIC,
                "fecha" Date,
                "valor" float
            );, parameters: None
[2024-10-11T12:34:19.739+0000] {taskinstance.py:441} INFO - ::group::Post task execution logs
[2024-10-11T12:34:19.847+0000] {taskinstance.py:1206} INFO - Marking task as SUCCESS. dag_id=process_employees, task_id=create_reservas_temp_table, run_id=scheduled__2024-10-10T00:00:00+00:00, execution_date=20241010T000000, start_date=20241011T123411, end_date=20241011T123419
[2024-10-11T12:34:20.307+0000] {local_task_job_runner.py:240} INFO - Task exited with return code 0
[2024-10-11T12:34:20.461+0000] {local_task_job_runner.py:222} INFO - ::endgroup::
