[2024-12-01T02:52:09.105+0000] {local_task_job_runner.py:120} INFO - ::group::Pre task execution logs
[2024-12-01T02:52:09.882+0000] {taskinstance.py:2076} INFO - Dependencies all met for dep_context=non-requeueable deps ti=<TaskInstance: process_variables_financieras.create_cambio_minorista_temp_table manual__2024-12-01T02:51:55.613716+00:00 [queued]>
[2024-12-01T02:52:09.951+0000] {taskinstance.py:2076} INFO - Dependencies all met for dep_context=requeueable deps ti=<TaskInstance: process_variables_financieras.create_cambio_minorista_temp_table manual__2024-12-01T02:51:55.613716+00:00 [queued]>
[2024-12-01T02:52:09.952+0000] {taskinstance.py:2306} INFO - Starting attempt 1 of 1
[2024-12-01T02:52:11.894+0000] {taskinstance.py:2330} INFO - Executing <Task(PostgresOperator): create_cambio_minorista_temp_table> on 2024-12-01 02:51:55.613716+00:00
[2024-12-01T02:52:12.035+0000] {standard_task_runner.py:90} INFO - Running: ['***', 'tasks', 'run', 'process_variables_financieras', 'create_cambio_minorista_temp_table', 'manual__2024-12-01T02:51:55.613716+00:00', '--job-id', '385', '--raw', '--subdir', 'DAGS_FOLDER/etl_prueba.py', '--cfg-path', '/tmp/tmp3vins8ny']
[2024-12-01T02:52:12.058+0000] {standard_task_runner.py:91} INFO - Job 385: Subtask create_cambio_minorista_temp_table
[2024-12-01T02:52:12.084+0000] {logging_mixin.py:188} WARNING - /home/***/.local/lib/python3.12/site-packages/***/task/task_runner/standard_task_runner.py:61 DeprecationWarning: This process (pid=8178) is multi-threaded, use of fork() may lead to deadlocks in the child.
[2024-12-01T02:52:12.099+0000] {standard_task_runner.py:63} INFO - Started process 8189 to run task
[2024-12-01T02:52:12.512+0000] {task_command.py:426} INFO - Running <TaskInstance: process_variables_financieras.create_cambio_minorista_temp_table manual__2024-12-01T02:51:55.613716+00:00 [running]> on host 5e909a8df6c4
[2024-12-01T02:52:13.771+0000] {taskinstance.py:2648} INFO - Exporting env vars: AIRFLOW_CTX_DAG_OWNER='***' AIRFLOW_CTX_DAG_ID='process_variables_financieras' AIRFLOW_CTX_TASK_ID='create_cambio_minorista_temp_table' AIRFLOW_CTX_EXECUTION_DATE='2024-12-01T02:51:55.613716+00:00' AIRFLOW_CTX_TRY_NUMBER='1' AIRFLOW_CTX_DAG_RUN_ID='manual__2024-12-01T02:51:55.613716+00:00'
[2024-12-01T02:52:13.879+0000] {taskinstance.py:430} INFO - ::endgroup::
[2024-12-01T02:52:13.880+0000] {sql.py:276} INFO - Executing: 
            DROP TABLE IF EXISTS "STG".var4_cambio_minorista_pesos;
            CREATE TABLE "STG".var4_cambio_minorista_pesos (
                "idVariable" NUMERIC,
                "fecha" Date,
                "valor" float
            );
[2024-12-01T02:52:14.067+0000] {base.py:84} INFO - Using connection ID 'postgres' for task execution.
[2024-12-01T02:52:14.166+0000] {base.py:84} INFO - Using connection ID 'postgres' for task execution.
[2024-12-01T02:52:14.283+0000] {sql.py:470} INFO - Running statement: 
            DROP TABLE IF EXISTS "STG".var4_cambio_minorista_pesos;
            CREATE TABLE "STG".var4_cambio_minorista_pesos (
                "idVariable" NUMERIC,
                "fecha" Date,
                "valor" float
            );, parameters: None
[2024-12-01T02:52:14.434+0000] {taskinstance.py:441} INFO - ::group::Post task execution logs
[2024-12-01T02:52:14.559+0000] {taskinstance.py:1206} INFO - Marking task as SUCCESS. dag_id=process_variables_financieras, task_id=create_cambio_minorista_temp_table, run_id=manual__2024-12-01T02:51:55.613716+00:00, execution_date=20241201T025155, start_date=20241201T025209, end_date=20241201T025214
[2024-12-01T02:52:14.995+0000] {local_task_job_runner.py:240} INFO - Task exited with return code 0
[2024-12-01T02:52:15.113+0000] {local_task_job_runner.py:222} INFO - ::endgroup::
