[2024-10-11T12:34:11.069+0000] {local_task_job_runner.py:120} INFO - ::group::Pre task execution logs
[2024-10-11T12:34:11.741+0000] {taskinstance.py:2076} INFO - Dependencies all met for dep_context=non-requeueable deps ti=<TaskInstance: process_employees.create_reservas_temp_table scheduled__2024-10-04T00:00:00+00:00 [queued]>
[2024-10-11T12:34:11.883+0000] {taskinstance.py:2076} INFO - Dependencies all met for dep_context=requeueable deps ti=<TaskInstance: process_employees.create_reservas_temp_table scheduled__2024-10-04T00:00:00+00:00 [queued]>
[2024-10-11T12:34:11.897+0000] {taskinstance.py:2306} INFO - Starting attempt 1 of 1
[2024-10-11T12:34:14.566+0000] {taskinstance.py:2330} INFO - Executing <Task(PostgresOperator): create_reservas_temp_table> on 2024-10-04 00:00:00+00:00
[2024-10-11T12:34:14.799+0000] {standard_task_runner.py:90} INFO - Running: ['***', 'tasks', 'run', 'process_employees', 'create_reservas_temp_table', 'scheduled__2024-10-04T00:00:00+00:00', '--job-id', '282', '--raw', '--subdir', 'DAGS_FOLDER/etl_prueba.py', '--cfg-path', '/tmp/tmpcar7chub']
[2024-10-11T12:34:14.839+0000] {standard_task_runner.py:91} INFO - Job 282: Subtask create_reservas_temp_table
[2024-10-11T12:34:14.893+0000] {logging_mixin.py:188} WARNING - /home/***/.local/lib/python3.12/site-packages/***/task/task_runner/standard_task_runner.py:61 DeprecationWarning: This process (pid=180) is multi-threaded, use of fork() may lead to deadlocks in the child.
[2024-10-11T12:34:14.912+0000] {standard_task_runner.py:63} INFO - Started process 191 to run task
[2024-10-11T12:34:15.697+0000] {task_command.py:426} INFO - Running <TaskInstance: process_employees.create_reservas_temp_table scheduled__2024-10-04T00:00:00+00:00 [running]> on host 5e909a8df6c4
[2024-10-11T12:34:17.777+0000] {taskinstance.py:2648} INFO - Exporting env vars: AIRFLOW_CTX_DAG_OWNER='***' AIRFLOW_CTX_DAG_ID='process_employees' AIRFLOW_CTX_TASK_ID='create_reservas_temp_table' AIRFLOW_CTX_EXECUTION_DATE='2024-10-04T00:00:00+00:00' AIRFLOW_CTX_TRY_NUMBER='1' AIRFLOW_CTX_DAG_RUN_ID='scheduled__2024-10-04T00:00:00+00:00'
[2024-10-11T12:34:17.781+0000] {taskinstance.py:430} INFO - ::endgroup::
[2024-10-11T12:34:17.793+0000] {sql.py:276} INFO - Executing: 
            DROP TABLE IF EXISTS reservas_temp;
            CREATE TABLE reservas_temp (
                "idVariable" NUMERIC,
                "fecha" Date,
                "valor" float
            );
[2024-10-11T12:34:17.965+0000] {base.py:84} INFO - Using connection ID 'postgres' for task execution.
[2024-10-11T12:34:18.203+0000] {base.py:84} INFO - Using connection ID 'postgres' for task execution.
[2024-10-11T12:34:18.820+0000] {sql.py:470} INFO - Running statement: 
            DROP TABLE IF EXISTS reservas_temp;
            CREATE TABLE reservas_temp (
                "idVariable" NUMERIC,
                "fecha" Date,
                "valor" float
            );, parameters: None
[2024-10-11T12:34:19.651+0000] {taskinstance.py:441} INFO - ::group::Post task execution logs
[2024-10-11T12:34:19.709+0000] {taskinstance.py:1206} INFO - Marking task as SUCCESS. dag_id=process_employees, task_id=create_reservas_temp_table, run_id=scheduled__2024-10-04T00:00:00+00:00, execution_date=20241004T000000, start_date=20241011T123411, end_date=20241011T123419
[2024-10-11T12:34:20.425+0000] {local_task_job_runner.py:240} INFO - Task exited with return code 0
[2024-10-11T12:34:20.583+0000] {local_task_job_runner.py:222} INFO - ::endgroup::
