[2024-12-02T00:00:02.294+0000] {local_task_job_runner.py:120} INFO - ::group::Pre task execution logs
[2024-12-02T00:00:02.484+0000] {taskinstance.py:2076} INFO - Dependencies all met for dep_context=non-requeueable deps ti=<TaskInstance: process_variables_financieras.create_cambio_minorista_temp_table scheduled__2024-12-01T00:00:00+00:00 [queued]>
[2024-12-02T00:00:02.513+0000] {taskinstance.py:2076} INFO - Dependencies all met for dep_context=requeueable deps ti=<TaskInstance: process_variables_financieras.create_cambio_minorista_temp_table scheduled__2024-12-01T00:00:00+00:00 [queued]>
[2024-12-02T00:00:02.515+0000] {taskinstance.py:2306} INFO - Starting attempt 1 of 1
[2024-12-02T00:00:03.246+0000] {taskinstance.py:2330} INFO - Executing <Task(PostgresOperator): create_cambio_minorista_temp_table> on 2024-12-01 00:00:00+00:00
[2024-12-02T00:00:03.289+0000] {standard_task_runner.py:90} INFO - Running: ['***', 'tasks', 'run', 'process_variables_financieras', 'create_cambio_minorista_temp_table', 'scheduled__2024-12-01T00:00:00+00:00', '--job-id', '392', '--raw', '--subdir', 'DAGS_FOLDER/etl_prueba.py', '--cfg-path', '/tmp/tmp5srqz5su']
[2024-12-02T00:00:03.293+0000] {standard_task_runner.py:91} INFO - Job 392: Subtask create_cambio_minorista_temp_table
[2024-12-02T00:00:03.297+0000] {logging_mixin.py:188} WARNING - /home/***/.local/lib/python3.12/site-packages/***/task/task_runner/standard_task_runner.py:61 DeprecationWarning: This process (pid=52005) is multi-threaded, use of fork() may lead to deadlocks in the child.
[2024-12-02T00:00:03.298+0000] {standard_task_runner.py:63} INFO - Started process 52009 to run task
[2024-12-02T00:00:03.426+0000] {task_command.py:426} INFO - Running <TaskInstance: process_variables_financieras.create_cambio_minorista_temp_table scheduled__2024-12-01T00:00:00+00:00 [running]> on host 5e909a8df6c4
[2024-12-02T00:00:03.777+0000] {taskinstance.py:2648} INFO - Exporting env vars: AIRFLOW_CTX_DAG_OWNER='***' AIRFLOW_CTX_DAG_ID='process_variables_financieras' AIRFLOW_CTX_TASK_ID='create_cambio_minorista_temp_table' AIRFLOW_CTX_EXECUTION_DATE='2024-12-01T00:00:00+00:00' AIRFLOW_CTX_TRY_NUMBER='1' AIRFLOW_CTX_DAG_RUN_ID='scheduled__2024-12-01T00:00:00+00:00'
[2024-12-02T00:00:03.792+0000] {taskinstance.py:430} INFO - ::endgroup::
[2024-12-02T00:00:03.794+0000] {sql.py:276} INFO - Executing: 
            DROP TABLE IF EXISTS "STG".var4_cambio_minorista_pesos;
            CREATE TABLE "STG".var4_cambio_minorista_pesos (
                "idVariable" NUMERIC,
                "fecha" Date,
                "valor" float
            );
[2024-12-02T00:00:03.814+0000] {base.py:84} INFO - Using connection ID 'postgres' for task execution.
[2024-12-02T00:00:03.828+0000] {base.py:84} INFO - Using connection ID 'postgres' for task execution.
[2024-12-02T00:00:03.842+0000] {sql.py:470} INFO - Running statement: 
            DROP TABLE IF EXISTS "STG".var4_cambio_minorista_pesos;
            CREATE TABLE "STG".var4_cambio_minorista_pesos (
                "idVariable" NUMERIC,
                "fecha" Date,
                "valor" float
            );, parameters: None
[2024-12-02T00:00:03.944+0000] {taskinstance.py:441} INFO - ::group::Post task execution logs
[2024-12-02T00:00:03.975+0000] {taskinstance.py:1206} INFO - Marking task as SUCCESS. dag_id=process_variables_financieras, task_id=create_cambio_minorista_temp_table, run_id=scheduled__2024-12-01T00:00:00+00:00, execution_date=20241201T000000, start_date=20241202T000002, end_date=20241202T000003
[2024-12-02T00:00:04.102+0000] {local_task_job_runner.py:240} INFO - Task exited with return code 0
[2024-12-02T00:00:04.147+0000] {logging_mixin.py:188} WARNING - /home/***/.local/lib/python3.12/site-packages/***/models/baseoperator.py:1296 AirflowProviderDeprecationWarning: Call to deprecated class PostgresOperator. (Please use `***.providers.common.sql.operators.sql.SQLExecuteQueryOperator`.Also, you can provide `hook_params={'schema': <database>}`.)
[2024-12-02T00:00:04.269+0000] {taskinstance.py:3498} INFO - 1 downstream tasks scheduled from follow-on schedule check
[2024-12-02T00:00:04.282+0000] {local_task_job_runner.py:222} INFO - ::endgroup::
