[2024-10-12T00:00:02.819+0000] {local_task_job_runner.py:120} INFO - ::group::Pre task execution logs
[2024-10-12T00:00:02.967+0000] {taskinstance.py:2076} INFO - Dependencies all met for dep_context=non-requeueable deps ti=<TaskInstance: process_employees.create_reservas_table scheduled__2024-10-11T00:00:00+00:00 [queued]>
[2024-10-12T00:00:02.999+0000] {taskinstance.py:2076} INFO - Dependencies all met for dep_context=requeueable deps ti=<TaskInstance: process_employees.create_reservas_table scheduled__2024-10-11T00:00:00+00:00 [queued]>
[2024-10-12T00:00:03.001+0000] {taskinstance.py:2306} INFO - Starting attempt 1 of 1
[2024-10-12T00:00:03.612+0000] {taskinstance.py:2330} INFO - Executing <Task(PostgresOperator): create_reservas_table> on 2024-10-11 00:00:00+00:00
[2024-10-12T00:00:03.641+0000] {standard_task_runner.py:90} INFO - Running: ['***', 'tasks', 'run', 'process_employees', 'create_reservas_table', 'scheduled__2024-10-11T00:00:00+00:00', '--job-id', '296', '--raw', '--subdir', 'DAGS_FOLDER/etl_prueba.py', '--cfg-path', '/tmp/tmpqa7j1z9w']
[2024-10-12T00:00:03.651+0000] {standard_task_runner.py:91} INFO - Job 296: Subtask create_reservas_table
[2024-10-12T00:00:03.648+0000] {logging_mixin.py:188} WARNING - /home/***/.local/lib/python3.12/site-packages/***/task/task_runner/standard_task_runner.py:61 DeprecationWarning: This process (pid=2819) is multi-threaded, use of fork() may lead to deadlocks in the child.
[2024-10-12T00:00:03.655+0000] {standard_task_runner.py:63} INFO - Started process 2828 to run task
[2024-10-12T00:00:03.867+0000] {task_command.py:426} INFO - Running <TaskInstance: process_employees.create_reservas_table scheduled__2024-10-11T00:00:00+00:00 [running]> on host 5e909a8df6c4
[2024-10-12T00:00:04.295+0000] {taskinstance.py:2648} INFO - Exporting env vars: AIRFLOW_CTX_DAG_OWNER='***' AIRFLOW_CTX_DAG_ID='process_employees' AIRFLOW_CTX_TASK_ID='create_reservas_table' AIRFLOW_CTX_EXECUTION_DATE='2024-10-11T00:00:00+00:00' AIRFLOW_CTX_TRY_NUMBER='1' AIRFLOW_CTX_DAG_RUN_ID='scheduled__2024-10-11T00:00:00+00:00'
[2024-10-12T00:00:04.298+0000] {taskinstance.py:430} INFO - ::endgroup::
[2024-10-12T00:00:04.298+0000] {sql.py:276} INFO - Executing: 
            DROP TABLE IF EXISTS reservas;
            CREATE TABLE IF NOT EXISTS reservas (
                "idVariable" NUMERIC,
                "fecha" Date,
                "valor" float
            );
[2024-10-12T00:00:04.338+0000] {base.py:84} INFO - Using connection ID 'postgres' for task execution.
[2024-10-12T00:00:04.358+0000] {base.py:84} INFO - Using connection ID 'postgres' for task execution.
[2024-10-12T00:00:04.416+0000] {sql.py:470} INFO - Running statement: 
            DROP TABLE IF EXISTS reservas;
            CREATE TABLE IF NOT EXISTS reservas (
                "idVariable" NUMERIC,
                "fecha" Date,
                "valor" float
            );, parameters: None
[2024-10-12T00:00:04.516+0000] {taskinstance.py:441} INFO - ::group::Post task execution logs
[2024-10-12T00:00:04.596+0000] {taskinstance.py:1206} INFO - Marking task as SUCCESS. dag_id=process_employees, task_id=create_reservas_table, run_id=scheduled__2024-10-11T00:00:00+00:00, execution_date=20241011T000000, start_date=20241012T000002, end_date=20241012T000004
[2024-10-12T00:00:04.804+0000] {local_task_job_runner.py:240} INFO - Task exited with return code 0
[2024-10-12T00:00:04.900+0000] {logging_mixin.py:188} WARNING - /home/***/.local/lib/python3.12/site-packages/***/models/baseoperator.py:1296 AirflowProviderDeprecationWarning: Call to deprecated class PostgresOperator. (Please use `***.providers.common.sql.operators.sql.SQLExecuteQueryOperator`.Also, you can provide `hook_params={'schema': <database>}`.)
[2024-10-12T00:00:05.037+0000] {taskinstance.py:3498} INFO - 1 downstream tasks scheduled from follow-on schedule check
[2024-10-12T00:00:05.081+0000] {local_task_job_runner.py:222} INFO - ::endgroup::
