[2024-12-03T23:22:18.831+0000] {local_task_job_runner.py:120} INFO - ::group::Pre task execution logs
[2024-12-03T23:22:19.193+0000] {taskinstance.py:2076} INFO - Dependencies all met for dep_context=non-requeueable deps ti=<TaskInstance: process_variables_financieras.create_cambio_mayorista_temp_table manual__2024-12-03T23:22:08.859829+00:00 [queued]>
[2024-12-03T23:22:21.455+0000] {taskinstance.py:2076} INFO - Dependencies all met for dep_context=requeueable deps ti=<TaskInstance: process_variables_financieras.create_cambio_mayorista_temp_table manual__2024-12-03T23:22:08.859829+00:00 [queued]>
[2024-12-03T23:22:21.456+0000] {taskinstance.py:2306} INFO - Starting attempt 1 of 1
[2024-12-03T23:22:21.736+0000] {taskinstance.py:2330} INFO - Executing <Task(PostgresOperator): create_cambio_mayorista_temp_table> on 2024-12-03 23:22:08.859829+00:00
[2024-12-03T23:22:21.946+0000] {standard_task_runner.py:90} INFO - Running: ['***', 'tasks', 'run', 'process_variables_financieras', 'create_cambio_mayorista_temp_table', 'manual__2024-12-03T23:22:08.859829+00:00', '--job-id', '412', '--raw', '--subdir', 'DAGS_FOLDER/etl_prueba.py', '--cfg-path', '/tmp/tmp3itvloai']
[2024-12-03T23:22:21.989+0000] {standard_task_runner.py:91} INFO - Job 412: Subtask create_cambio_mayorista_temp_table
[2024-12-03T23:22:22.034+0000] {logging_mixin.py:188} WARNING - /home/***/.local/lib/python3.12/site-packages/***/task/task_runner/standard_task_runner.py:61 DeprecationWarning: This process (pid=809) is multi-threaded, use of fork() may lead to deadlocks in the child.
[2024-12-03T23:22:22.085+0000] {standard_task_runner.py:63} INFO - Started process 819 to run task
[2024-12-03T23:22:22.661+0000] {task_command.py:426} INFO - Running <TaskInstance: process_variables_financieras.create_cambio_mayorista_temp_table manual__2024-12-03T23:22:08.859829+00:00 [running]> on host 5e909a8df6c4
[2024-12-03T23:22:24.350+0000] {taskinstance.py:2648} INFO - Exporting env vars: AIRFLOW_CTX_DAG_OWNER='***' AIRFLOW_CTX_DAG_ID='process_variables_financieras' AIRFLOW_CTX_TASK_ID='create_cambio_mayorista_temp_table' AIRFLOW_CTX_EXECUTION_DATE='2024-12-03T23:22:08.859829+00:00' AIRFLOW_CTX_TRY_NUMBER='1' AIRFLOW_CTX_DAG_RUN_ID='manual__2024-12-03T23:22:08.859829+00:00'
[2024-12-03T23:22:24.377+0000] {taskinstance.py:430} INFO - ::endgroup::
[2024-12-03T23:22:24.380+0000] {sql.py:276} INFO - Executing: 
            DROP TABLE IF EXISTS "STG".var5_cambio_mayorista_pesos;
            CREATE TABLE "STG".var5_cambio_mayorista_pesos (
                "idVariable" NUMERIC,
                "fecha" Date,
                "valor" float
            );
[2024-12-03T23:22:24.490+0000] {base.py:84} INFO - Using connection ID 'postgres' for task execution.
[2024-12-03T23:22:24.542+0000] {base.py:84} INFO - Using connection ID 'postgres' for task execution.
[2024-12-03T23:22:24.674+0000] {sql.py:470} INFO - Running statement: 
            DROP TABLE IF EXISTS "STG".var5_cambio_mayorista_pesos;
            CREATE TABLE "STG".var5_cambio_mayorista_pesos (
                "idVariable" NUMERIC,
                "fecha" Date,
                "valor" float
            );, parameters: None
[2024-12-03T23:22:24.789+0000] {taskinstance.py:441} INFO - ::group::Post task execution logs
[2024-12-03T23:22:24.945+0000] {taskinstance.py:1206} INFO - Marking task as SUCCESS. dag_id=process_variables_financieras, task_id=create_cambio_mayorista_temp_table, run_id=manual__2024-12-03T23:22:08.859829+00:00, execution_date=20241203T232208, start_date=20241203T232219, end_date=20241203T232224
[2024-12-03T23:22:25.330+0000] {local_task_job_runner.py:240} INFO - Task exited with return code 0
[2024-12-03T23:22:25.407+0000] {local_task_job_runner.py:222} INFO - ::endgroup::
