[2024-10-12T00:30:29.721+0000] {local_task_job_runner.py:120} INFO - ::group::Pre task execution logs
[2024-10-12T00:30:29.991+0000] {taskinstance.py:2076} INFO - Dependencies all met for dep_context=non-requeueable deps ti=<TaskInstance: process_variables_financieras.create_reservas_table manual__2024-10-12T00:30:20.608045+00:00 [queued]>
[2024-10-12T00:30:30.028+0000] {taskinstance.py:2076} INFO - Dependencies all met for dep_context=requeueable deps ti=<TaskInstance: process_variables_financieras.create_reservas_table manual__2024-10-12T00:30:20.608045+00:00 [queued]>
[2024-10-12T00:30:30.030+0000] {taskinstance.py:2306} INFO - Starting attempt 1 of 1
[2024-10-12T00:30:30.750+0000] {taskinstance.py:2330} INFO - Executing <Task(PostgresOperator): create_reservas_table> on 2024-10-12 00:30:20.608045+00:00
[2024-10-12T00:30:30.884+0000] {standard_task_runner.py:90} INFO - Running: ['***', 'tasks', 'run', 'process_variables_financieras', 'create_reservas_table', 'manual__2024-10-12T00:30:20.608045+00:00', '--job-id', '308', '--raw', '--subdir', 'DAGS_FOLDER/etl_prueba.py', '--cfg-path', '/tmp/tmpa0icis5h']
[2024-10-12T00:30:31.015+0000] {logging_mixin.py:188} WARNING - /home/***/.local/lib/python3.12/site-packages/***/task/task_runner/standard_task_runner.py:61 DeprecationWarning: This process (pid=3556) is multi-threaded, use of fork() may lead to deadlocks in the child.
[2024-10-12T00:30:31.046+0000] {standard_task_runner.py:63} INFO - Started process 3561 to run task
[2024-10-12T00:30:31.042+0000] {standard_task_runner.py:91} INFO - Job 308: Subtask create_reservas_table
[2024-10-12T00:30:32.013+0000] {task_command.py:426} INFO - Running <TaskInstance: process_variables_financieras.create_reservas_table manual__2024-10-12T00:30:20.608045+00:00 [running]> on host 5e909a8df6c4
[2024-10-12T00:30:33.011+0000] {taskinstance.py:2648} INFO - Exporting env vars: AIRFLOW_CTX_DAG_OWNER='***' AIRFLOW_CTX_DAG_ID='process_variables_financieras' AIRFLOW_CTX_TASK_ID='create_reservas_table' AIRFLOW_CTX_EXECUTION_DATE='2024-10-12T00:30:20.608045+00:00' AIRFLOW_CTX_TRY_NUMBER='1' AIRFLOW_CTX_DAG_RUN_ID='manual__2024-10-12T00:30:20.608045+00:00'
[2024-10-12T00:30:33.023+0000] {taskinstance.py:430} INFO - ::endgroup::
[2024-10-12T00:30:33.024+0000] {sql.py:276} INFO - Executing: 
            DROP TABLE IF EXISTS reservas;
            CREATE TABLE IF NOT EXISTS reservas (
                "idVariable" NUMERIC,
                "fecha" Date,
                "valor" float
            );
[2024-10-12T00:30:33.117+0000] {base.py:84} INFO - Using connection ID 'postgres' for task execution.
[2024-10-12T00:30:33.251+0000] {base.py:84} INFO - Using connection ID 'postgres' for task execution.
[2024-10-12T00:30:33.345+0000] {sql.py:470} INFO - Running statement: 
            DROP TABLE IF EXISTS reservas;
            CREATE TABLE IF NOT EXISTS reservas (
                "idVariable" NUMERIC,
                "fecha" Date,
                "valor" float
            );, parameters: None
[2024-10-12T00:30:33.437+0000] {taskinstance.py:441} INFO - ::group::Post task execution logs
[2024-10-12T00:30:33.557+0000] {taskinstance.py:1206} INFO - Marking task as SUCCESS. dag_id=process_variables_financieras, task_id=create_reservas_table, run_id=manual__2024-10-12T00:30:20.608045+00:00, execution_date=20241012T003020, start_date=20241012T003029, end_date=20241012T003033
[2024-10-12T00:30:33.749+0000] {local_task_job_runner.py:240} INFO - Task exited with return code 0
[2024-10-12T00:30:33.812+0000] {local_task_job_runner.py:222} INFO - ::endgroup::
