[2024-10-11T22:23:21.595+0000] {local_task_job_runner.py:120} INFO - ::group::Pre task execution logs
[2024-10-11T22:23:22.474+0000] {taskinstance.py:2076} INFO - Dependencies all met for dep_context=non-requeueable deps ti=<TaskInstance: process_employees.create_reservas_temp_table manual__2024-10-11T22:22:57.523768+00:00 [queued]>
[2024-10-11T22:23:22.780+0000] {taskinstance.py:2076} INFO - Dependencies all met for dep_context=requeueable deps ti=<TaskInstance: process_employees.create_reservas_temp_table manual__2024-10-11T22:22:57.523768+00:00 [queued]>
[2024-10-11T22:23:22.812+0000] {taskinstance.py:2306} INFO - Starting attempt 1 of 1
[2024-10-11T22:23:25.178+0000] {taskinstance.py:2330} INFO - Executing <Task(PostgresOperator): create_reservas_temp_table> on 2024-10-11 22:22:57.523768+00:00
[2024-10-11T22:23:25.372+0000] {standard_task_runner.py:90} INFO - Running: ['***', 'tasks', 'run', 'process_employees', 'create_reservas_temp_table', 'manual__2024-10-11T22:22:57.523768+00:00', '--job-id', '291', '--raw', '--subdir', 'DAGS_FOLDER/etl_prueba.py', '--cfg-path', '/tmp/tmpbbdxe6tw']
[2024-10-11T22:23:25.391+0000] {standard_task_runner.py:91} INFO - Job 291: Subtask create_reservas_temp_table
[2024-10-11T22:23:25.420+0000] {logging_mixin.py:188} WARNING - /home/***/.local/lib/python3.12/site-packages/***/task/task_runner/standard_task_runner.py:61 DeprecationWarning: This process (pid=618) is multi-threaded, use of fork() may lead to deadlocks in the child.
[2024-10-11T22:23:25.424+0000] {standard_task_runner.py:63} INFO - Started process 627 to run task
[2024-10-11T22:23:26.405+0000] {task_command.py:426} INFO - Running <TaskInstance: process_employees.create_reservas_temp_table manual__2024-10-11T22:22:57.523768+00:00 [running]> on host 5e909a8df6c4
[2024-10-11T22:23:30.746+0000] {taskinstance.py:2648} INFO - Exporting env vars: AIRFLOW_CTX_DAG_OWNER='***' AIRFLOW_CTX_DAG_ID='process_employees' AIRFLOW_CTX_TASK_ID='create_reservas_temp_table' AIRFLOW_CTX_EXECUTION_DATE='2024-10-11T22:22:57.523768+00:00' AIRFLOW_CTX_TRY_NUMBER='1' AIRFLOW_CTX_DAG_RUN_ID='manual__2024-10-11T22:22:57.523768+00:00'
[2024-10-11T22:23:30.769+0000] {taskinstance.py:430} INFO - ::endgroup::
[2024-10-11T22:23:30.770+0000] {sql.py:276} INFO - Executing: 
            DROP TABLE IF EXISTS "STG".var_1_reservas_usd;
            CREATE TABLE "STG".var_1_reservas_usd (
                "idVariable" NUMERIC,
                "fecha" Date,
                "valor" float
            );
[2024-10-11T22:23:31.415+0000] {base.py:84} INFO - Using connection ID 'postgres' for task execution.
[2024-10-11T22:23:31.935+0000] {base.py:84} INFO - Using connection ID 'postgres' for task execution.
[2024-10-11T22:23:32.406+0000] {sql.py:470} INFO - Running statement: 
            DROP TABLE IF EXISTS "STG".var_1_reservas_usd;
            CREATE TABLE "STG".var_1_reservas_usd (
                "idVariable" NUMERIC,
                "fecha" Date,
                "valor" float
            );, parameters: None
[2024-10-11T22:23:33.007+0000] {taskinstance.py:441} INFO - ::group::Post task execution logs
[2024-10-11T22:23:33.303+0000] {taskinstance.py:1206} INFO - Marking task as SUCCESS. dag_id=process_employees, task_id=create_reservas_temp_table, run_id=manual__2024-10-11T22:22:57.523768+00:00, execution_date=20241011T222257, start_date=20241011T222322, end_date=20241011T222333
[2024-10-11T22:23:33.813+0000] {local_task_job_runner.py:240} INFO - Task exited with return code 0
[2024-10-11T22:23:33.977+0000] {logging_mixin.py:188} WARNING - /home/***/.local/lib/python3.12/site-packages/***/models/baseoperator.py:1296 AirflowProviderDeprecationWarning: Call to deprecated class PostgresOperator. (Please use `***.providers.common.sql.operators.sql.SQLExecuteQueryOperator`.Also, you can provide `hook_params={'schema': <database>}`.)
[2024-10-11T22:23:34.485+0000] {taskinstance.py:3498} INFO - 1 downstream tasks scheduled from follow-on schedule check
[2024-10-11T22:23:34.501+0000] {local_task_job_runner.py:222} INFO - ::endgroup::
