[2024-10-03T23:56:35.253+0000] {local_task_job_runner.py:120} INFO - ::group::Pre task execution logs
[2024-10-03T23:56:35.763+0000] {taskinstance.py:2076} INFO - Dependencies all met for dep_context=non-requeueable deps ti=<TaskInstance: process_employees.create_reservas_table manual__2024-10-03T23:56:21.453135+00:00 [queued]>
[2024-10-03T23:56:35.907+0000] {taskinstance.py:2076} INFO - Dependencies all met for dep_context=requeueable deps ti=<TaskInstance: process_employees.create_reservas_table manual__2024-10-03T23:56:21.453135+00:00 [queued]>
[2024-10-03T23:56:35.908+0000] {taskinstance.py:2306} INFO - Starting attempt 1 of 1
[2024-10-03T23:56:39.464+0000] {taskinstance.py:2330} INFO - Executing <Task(PostgresOperator): create_reservas_table> on 2024-10-03 23:56:21.453135+00:00
[2024-10-03T23:56:39.608+0000] {standard_task_runner.py:90} INFO - Running: ['***', 'tasks', 'run', 'process_employees', 'create_reservas_table', 'manual__2024-10-03T23:56:21.453135+00:00', '--job-id', '226', '--raw', '--subdir', 'DAGS_FOLDER/etl_prueba.py', '--cfg-path', '/tmp/tmpxipzev_x']
[2024-10-03T23:56:39.678+0000] {standard_task_runner.py:91} INFO - Job 226: Subtask create_reservas_table
[2024-10-03T23:56:39.716+0000] {logging_mixin.py:188} WARNING - /home/***/.local/lib/python3.12/site-packages/***/task/task_runner/standard_task_runner.py:61 DeprecationWarning: This process (pid=31944) is multi-threaded, use of fork() may lead to deadlocks in the child.
[2024-10-03T23:56:39.730+0000] {standard_task_runner.py:63} INFO - Started process 31953 to run task
[2024-10-03T23:56:40.242+0000] {task_command.py:426} INFO - Running <TaskInstance: process_employees.create_reservas_table manual__2024-10-03T23:56:21.453135+00:00 [running]> on host 5e909a8df6c4
[2024-10-03T23:56:41.865+0000] {taskinstance.py:2648} INFO - Exporting env vars: AIRFLOW_CTX_DAG_OWNER='***' AIRFLOW_CTX_DAG_ID='process_employees' AIRFLOW_CTX_TASK_ID='create_reservas_table' AIRFLOW_CTX_EXECUTION_DATE='2024-10-03T23:56:21.453135+00:00' AIRFLOW_CTX_TRY_NUMBER='1' AIRFLOW_CTX_DAG_RUN_ID='manual__2024-10-03T23:56:21.453135+00:00'
[2024-10-03T23:56:41.871+0000] {taskinstance.py:430} INFO - ::endgroup::
[2024-10-03T23:56:41.873+0000] {sql.py:276} INFO - Executing: 
            CREATE TABLE IF NOT EXISTS reservas (
                "idVariable" NUMERIC PRIMARY KEY,
                "fecha" Date,
                "valor" float
            );
[2024-10-03T23:56:41.964+0000] {base.py:84} INFO - Using connection ID 'postgres' for task execution.
[2024-10-03T23:56:42.116+0000] {base.py:84} INFO - Using connection ID 'postgres' for task execution.
[2024-10-03T23:56:42.209+0000] {sql.py:470} INFO - Running statement: 
            CREATE TABLE IF NOT EXISTS reservas (
                "idVariable" NUMERIC PRIMARY KEY,
                "fecha" Date,
                "valor" float
            );, parameters: None
[2024-10-03T23:56:42.388+0000] {taskinstance.py:441} INFO - ::group::Post task execution logs
[2024-10-03T23:56:42.444+0000] {taskinstance.py:1206} INFO - Marking task as SUCCESS. dag_id=process_employees, task_id=create_reservas_table, run_id=manual__2024-10-03T23:56:21.453135+00:00, execution_date=20241003T235621, start_date=20241003T235635, end_date=20241003T235642
[2024-10-03T23:56:42.660+0000] {local_task_job_runner.py:240} INFO - Task exited with return code 0
[2024-10-03T23:56:42.848+0000] {local_task_job_runner.py:222} INFO - ::endgroup::
