[2024-12-03T23:22:18.891+0000] {local_task_job_runner.py:120} INFO - ::group::Pre task execution logs
[2024-12-03T23:22:19.271+0000] {taskinstance.py:2076} INFO - Dependencies all met for dep_context=non-requeueable deps ti=<TaskInstance: process_variables_financieras.create_cambio_minorista_temp_table manual__2024-12-03T23:22:08.859829+00:00 [queued]>
[2024-12-03T23:22:21.615+0000] {taskinstance.py:2076} INFO - Dependencies all met for dep_context=requeueable deps ti=<TaskInstance: process_variables_financieras.create_cambio_minorista_temp_table manual__2024-12-03T23:22:08.859829+00:00 [queued]>
[2024-12-03T23:22:21.627+0000] {taskinstance.py:2306} INFO - Starting attempt 1 of 1
[2024-12-03T23:22:21.909+0000] {taskinstance.py:2330} INFO - Executing <Task(PostgresOperator): create_cambio_minorista_temp_table> on 2024-12-03 23:22:08.859829+00:00
[2024-12-03T23:22:22.109+0000] {standard_task_runner.py:90} INFO - Running: ['***', 'tasks', 'run', 'process_variables_financieras', 'create_cambio_minorista_temp_table', 'manual__2024-12-03T23:22:08.859829+00:00', '--job-id', '411', '--raw', '--subdir', 'DAGS_FOLDER/etl_prueba.py', '--cfg-path', '/tmp/tmpre0anyfu']
[2024-12-03T23:22:22.126+0000] {standard_task_runner.py:91} INFO - Job 411: Subtask create_cambio_minorista_temp_table
[2024-12-03T23:22:22.187+0000] {logging_mixin.py:188} WARNING - /home/***/.local/lib/python3.12/site-packages/***/task/task_runner/standard_task_runner.py:61 DeprecationWarning: This process (pid=810) is multi-threaded, use of fork() may lead to deadlocks in the child.
[2024-12-03T23:22:22.193+0000] {standard_task_runner.py:63} INFO - Started process 820 to run task
[2024-12-03T23:22:22.867+0000] {task_command.py:426} INFO - Running <TaskInstance: process_variables_financieras.create_cambio_minorista_temp_table manual__2024-12-03T23:22:08.859829+00:00 [running]> on host 5e909a8df6c4
[2024-12-03T23:22:24.895+0000] {taskinstance.py:2648} INFO - Exporting env vars: AIRFLOW_CTX_DAG_OWNER='***' AIRFLOW_CTX_DAG_ID='process_variables_financieras' AIRFLOW_CTX_TASK_ID='create_cambio_minorista_temp_table' AIRFLOW_CTX_EXECUTION_DATE='2024-12-03T23:22:08.859829+00:00' AIRFLOW_CTX_TRY_NUMBER='1' AIRFLOW_CTX_DAG_RUN_ID='manual__2024-12-03T23:22:08.859829+00:00'
[2024-12-03T23:22:24.946+0000] {taskinstance.py:430} INFO - ::endgroup::
[2024-12-03T23:22:24.959+0000] {sql.py:276} INFO - Executing: 
            DROP TABLE IF EXISTS "STG".var4_cambio_minorista_pesos;
            CREATE TABLE "STG".var4_cambio_minorista_pesos (
                "idVariable" NUMERIC,
                "fecha" Date,
                "valor" float
            );
[2024-12-03T23:22:25.089+0000] {base.py:84} INFO - Using connection ID 'postgres' for task execution.
[2024-12-03T23:22:25.197+0000] {base.py:84} INFO - Using connection ID 'postgres' for task execution.
[2024-12-03T23:22:25.288+0000] {sql.py:470} INFO - Running statement: 
            DROP TABLE IF EXISTS "STG".var4_cambio_minorista_pesos;
            CREATE TABLE "STG".var4_cambio_minorista_pesos (
                "idVariable" NUMERIC,
                "fecha" Date,
                "valor" float
            );, parameters: None
[2024-12-03T23:22:25.481+0000] {taskinstance.py:441} INFO - ::group::Post task execution logs
[2024-12-03T23:22:25.681+0000] {taskinstance.py:1206} INFO - Marking task as SUCCESS. dag_id=process_variables_financieras, task_id=create_cambio_minorista_temp_table, run_id=manual__2024-12-03T23:22:08.859829+00:00, execution_date=20241203T232208, start_date=20241203T232219, end_date=20241203T232225
[2024-12-03T23:22:26.066+0000] {local_task_job_runner.py:240} INFO - Task exited with return code 0
[2024-12-03T23:22:26.209+0000] {logging_mixin.py:188} WARNING - /home/***/.local/lib/python3.12/site-packages/***/models/baseoperator.py:1296 AirflowProviderDeprecationWarning: Call to deprecated class PostgresOperator. (Please use `***.providers.common.sql.operators.sql.SQLExecuteQueryOperator`.Also, you can provide `hook_params={'schema': <database>}`.)
[2024-12-03T23:22:26.549+0000] {taskinstance.py:3498} INFO - 1 downstream tasks scheduled from follow-on schedule check
[2024-12-03T23:22:26.574+0000] {local_task_job_runner.py:222} INFO - ::endgroup::
