[2024-10-04T20:56:07.702+0000] {local_task_job_runner.py:120} INFO - ::group::Pre task execution logs
[2024-10-04T20:56:08.230+0000] {taskinstance.py:2076} INFO - Dependencies all met for dep_context=non-requeueable deps ti=<TaskInstance: process_employees.create_reservas_table manual__2024-10-04T20:56:01.030923+00:00 [queued]>
[2024-10-04T20:56:08.502+0000] {taskinstance.py:2076} INFO - Dependencies all met for dep_context=requeueable deps ti=<TaskInstance: process_employees.create_reservas_table manual__2024-10-04T20:56:01.030923+00:00 [queued]>
[2024-10-04T20:56:08.503+0000] {taskinstance.py:2306} INFO - Starting attempt 1 of 1
[2024-10-04T20:56:09.214+0000] {taskinstance.py:2330} INFO - Executing <Task(PostgresOperator): create_reservas_table> on 2024-10-04 20:56:01.030923+00:00
[2024-10-04T20:56:09.253+0000] {standard_task_runner.py:90} INFO - Running: ['***', 'tasks', 'run', 'process_employees', 'create_reservas_table', 'manual__2024-10-04T20:56:01.030923+00:00', '--job-id', '275', '--raw', '--subdir', 'DAGS_FOLDER/etl_prueba.py', '--cfg-path', '/tmp/tmp4g7ues7q']
[2024-10-04T20:56:09.280+0000] {standard_task_runner.py:91} INFO - Job 275: Subtask create_reservas_table
[2024-10-04T20:56:09.282+0000] {logging_mixin.py:188} WARNING - /home/***/.local/lib/python3.12/site-packages/***/task/task_runner/standard_task_runner.py:61 DeprecationWarning: This process (pid=505) is multi-threaded, use of fork() may lead to deadlocks in the child.
[2024-10-04T20:56:09.286+0000] {standard_task_runner.py:63} INFO - Started process 513 to run task
[2024-10-04T20:56:09.563+0000] {task_command.py:426} INFO - Running <TaskInstance: process_employees.create_reservas_table manual__2024-10-04T20:56:01.030923+00:00 [running]> on host 5e909a8df6c4
[2024-10-04T20:56:10.522+0000] {taskinstance.py:2648} INFO - Exporting env vars: AIRFLOW_CTX_DAG_OWNER='***' AIRFLOW_CTX_DAG_ID='process_employees' AIRFLOW_CTX_TASK_ID='create_reservas_table' AIRFLOW_CTX_EXECUTION_DATE='2024-10-04T20:56:01.030923+00:00' AIRFLOW_CTX_TRY_NUMBER='1' AIRFLOW_CTX_DAG_RUN_ID='manual__2024-10-04T20:56:01.030923+00:00'
[2024-10-04T20:56:10.525+0000] {taskinstance.py:430} INFO - ::endgroup::
[2024-10-04T20:56:10.526+0000] {sql.py:276} INFO - Executing: 
            DROP TABLE IF EXISTS reservas;
            CREATE TABLE IF NOT EXISTS reservas (
                "idVariable" NUMERIC,
                "fecha" Date,
                "valor" float
            );
[2024-10-04T20:56:10.609+0000] {base.py:84} INFO - Using connection ID 'postgres' for task execution.
[2024-10-04T20:56:10.681+0000] {base.py:84} INFO - Using connection ID 'postgres' for task execution.
[2024-10-04T20:56:10.732+0000] {sql.py:470} INFO - Running statement: 
            DROP TABLE IF EXISTS reservas;
            CREATE TABLE IF NOT EXISTS reservas (
                "idVariable" NUMERIC,
                "fecha" Date,
                "valor" float
            );, parameters: None
[2024-10-04T20:56:10.877+0000] {taskinstance.py:441} INFO - ::group::Post task execution logs
[2024-10-04T20:56:10.957+0000] {taskinstance.py:1206} INFO - Marking task as SUCCESS. dag_id=process_employees, task_id=create_reservas_table, run_id=manual__2024-10-04T20:56:01.030923+00:00, execution_date=20241004T205601, start_date=20241004T205608, end_date=20241004T205610
[2024-10-04T20:56:11.139+0000] {local_task_job_runner.py:240} INFO - Task exited with return code 0
[2024-10-04T20:56:11.244+0000] {logging_mixin.py:188} WARNING - /home/***/.local/lib/python3.12/site-packages/***/models/baseoperator.py:1296 AirflowProviderDeprecationWarning: Call to deprecated class PostgresOperator. (Please use `***.providers.common.sql.operators.sql.SQLExecuteQueryOperator`.Also, you can provide `hook_params={'schema': <database>}`.)
[2024-10-04T20:56:11.396+0000] {taskinstance.py:3498} INFO - 0 downstream tasks scheduled from follow-on schedule check
[2024-10-04T20:56:11.418+0000] {local_task_job_runner.py:222} INFO - ::endgroup::
